{
  "@timestamp": "2018-03-05T07:32:38.538Z",
  "@metadata": {
    "beat": "winlogbeat",
    "type": "doc",
    "version": "6.2.2"
  },
  "version": 3,
  "source_name": "Microsoft-Windows-Sysmon",
  "computer_name": "DESKTOP-WJANG",
  "opcode": "정보",
  "record_number": "369",
  "event_id": 7,
  "process_id": 8608,
  "task": "Image loaded (rule: ImageLoad)",
  "thread_id": 19220,
  "beat": {
    "name": "DESKTOP-WJANG",
    "hostname": "DESKTOP-WJANG",
    "version": "6.2.2"
  },
  "level": "정보",
  "type": "wineventlog",
  "user": {
    "type": "Well Known Group",
    "identifier": "S-1-5-18",
    "name": "SYSTEM",
    "domain": "NT AUTHORITY"
  },
  "event_data": {
    "ProcessGuid": "{A376A8F6-F296-5A9C-0000-0010274B8703}",
    "SignatureStatus": "Valid",
    "ProcessId": "25848",
    "ImageLoaded": "C:\\Windows\\System32\\msimg32.dll",
    "Product": "Microsoft® Windows® Operating System",
    "Company": "Microsoft Corporation",
    "Signed": "true",
    "FileVersion": "10.0.16299.15 (WinBuild.160101.0800)",
    "Hashes": "MD5=792077FFC39F2EE7A2C154105A7BC4A1,SHA256=835619594D3C86847FF9FA7B509A093C3CE276C400CF2AC28B0880CCF3FE126F",
    "Signature": "Microsoft Windows",
    "UtcTime": "2018-03-05 07:32:38.534",
    "Description": "GDIEXT Client DLL",
    "Image": "C:\\Program Files\\Mozilla Firefox\\firefox.exe"
  },
  "provider_guid": "{5770385F-C22A-43E0-BF4C-06F5698FFBD9}",
  "log_name": "Microsoft-Windows-Sysmon/Operational",
  "message": "Image loaded:\nUtcTime: 2018-03-05 07:32:38.534\nProcessGuid: {A376A8F6-F296-5A9C-0000-0010274B8703}\nProcessId: 25848\nImage: C:\\Program Files\\Mozilla Firefox\\firefox.exe\nImageLoaded: C:\\Windows\\System32\\msimg32.dll\nFileVersion: 10.0.16299.15 (WinBuild.160101.0800)\nDescription: GDIEXT Client DLL\nProduct: Microsoft® Windows® Operating System\nCompany: Microsoft Corporation\nHashes: MD5=792077FFC39F2EE7A2C154105A7BC4A1,SHA256=835619594D3C86847FF9FA7B509A093C3CE276C400CF2AC28B0880CCF3FE126F\nSigned: true\nSignature: Microsoft Windows\nSignatureStatus: Valid"
}
{
  "@timestamp": "2018-03-05T07:32:38.539Z",
  "@metadata": {
    "beat": "winlogbeat",
    "type": "doc",
    "version": "6.2.2"
  },
  "user": {
    "type": "Well Known Group",
    "identifier": "S-1-5-18",
    "name": "SYSTEM",
    "domain": "NT AUTHORITY"
  },
  "type": "wineventlog",
  "opcode": "정보",
  "beat": {
    "hostname": "DESKTOP-WJANG",
    "version": "6.2.2",
    "name": "DESKTOP-WJANG"
  },
  "message": "Image loaded:\nUtcTime: 2018-03-05 07:32:38.534\nProcessGuid: {A376A8F6-F296-5A9C-0000-0010274B8703}\nProcessId: 25848\nImage: C:\\Program Files\\Mozilla Firefox\\firefox.exe\nImageLoaded: C:\\Windows\\System32\\IPHLPAPI.DLL\nFileVersion: 10.0.16299.15 (WinBuild.160101.0800)\nDescription: IP 도우미 API\nProduct: Microsoft® Windows® Operating System\nCompany: Microsoft Corporation\nHashes: MD5=51D406E55561F839873F7F10623C2B35,SHA256=2E41BB97A5BA26BCBC3C6EE904D47B01D4AB39588D3F9706597BCDA378023870\nSigned: true\nSignature: Microsoft Windows\nSignatureStatus: Valid",
  "process_id": 8608,
  "source_name": "Microsoft-Windows-Sysmon",
  "provider_guid": "{5770385F-C22A-43E0-BF4C-06F5698FFBD9}",
  "record_number": "370",
  "event_id": 7,
  "level": "정보",
  "log_name": "Microsoft-Windows-Sysmon/Operational",
  "thread_id": 19220,
  "task": "Image loaded (rule: ImageLoad)",
  "event_data": {
    "Description": "IP 도우미 API",
    "Hashes": "MD5=51D406E55561F839873F7F10623C2B35,SHA256=2E41BB97A5BA26BCBC3C6EE904D47B01D4AB39588D3F9706597BCDA378023870",
    "ProcessGuid": "{A376A8F6-F296-5A9C-0000-0010274B8703}",
    "ProcessId": "25848",
    "Image": "C:\\Program Files\\Mozilla Firefox\\firefox.exe",
    "UtcTime": "2018-03-05 07:32:38.534",
    "Signed": "true",
    "SignatureStatus": "Valid",
    "ImageLoaded": "C:\\Windows\\System32\\IPHLPAPI.DLL",
    "FileVersion": "10.0.16299.15 (WinBuild.160101.0800)",
    "Product": "Microsoft® Windows® Operating System",
    "Signature": "Microsoft Windows",
    "Company": "Microsoft Corporation"
  },
  "computer_name": "DESKTOP-WJANG",
  "version": 3
}
{
  "@timestamp": "2018-03-05T07:32:38.539Z",
  "@metadata": {
    "beat": "winlogbeat",
    "type": "doc",
    "version": "6.2.2"
  },
  "message": "Image loaded:\nUtcTime: 2018-03-05 07:32:38.534\nProcessGuid: {A376A8F6-F296-5A9C-0000-0010274B8703}\nProcessId: 25848\nImage: C:\\Program Files\\Mozilla Firefox\\firefox.exe\nImageLoaded: C:\\Windows\\System32\\msasn1.dll\nFileVersion: 10.0.16299.15 (WinBuild.160101.0800)\nDescription: ASN.1 Runtime APIs\nProduct: Microsoft® Windows® Operating System\nCompany: Microsoft Corporation\nHashes: MD5=0DA32BEB94B9440AF1763B266A5CED69,SHA256=49AC0B3C76381E3780B71D3FF378018156B6BC453FC2AE373260B2441E5A248F\nSigned: true\nSignature: Microsoft Windows\nSignatureStatus: Valid",
  "process_id": 8608,
  "beat": {
    "hostname": "DESKTOP-WJANG",
    "version": "6.2.2",
    "name": "DESKTOP-WJANG"
  },
  "provider_guid": "{5770385F-C22A-43E0-BF4C-06F5698FFBD9}",
  "opcode": "정보",
  "task": "Image loaded (rule: ImageLoad)",
  "event_data": {
    "ProcessId": "25848",
    "Company": "Microsoft Corporation",
    "ProcessGuid": "{A376A8F6-F296-5A9C-0000-0010274B8703}",
    "Description": "ASN.1 Runtime APIs",
    "Product": "Microsoft® Windows® Operating System",
    "Image": "C:\\Program Files\\Mozilla Firefox\\firefox.exe",
    "Signed": "true",
    "UtcTime": "2018-03-05 07:32:38.534",
    "FileVersion": "10.0.16299.15 (WinBuild.160101.0800)",
    "Signature": "Microsoft Windows",
    "SignatureStatus": "Valid",
    "ImageLoaded": "C:\\Windows\\System32\\msasn1.dll",
    "Hashes": "MD5=0DA32BEB94B9440AF1763B266A5CED69,SHA256=49AC0B3C76381E3780B71D3FF378018156B6BC453FC2AE373260B2441E5A248F"
  },
  "source_name": "Microsoft-Windows-Sysmon",
  "computer_name": "DESKTOP-WJANG",
  "log_name": "Microsoft-Windows-Sysmon/Operational",
  "event_id": 7,
  "user": {
    "type": "Well Known Group",
    "identifier": "S-1-5-18",
    "name": "SYSTEM",
    "domain": "NT AUTHORITY"
  },
  "version": 3,
  "thread_id": 19220,
  "type": "wineventlog",
  "record_number": "371",
  "level": "정보"
}
{
  "@timestamp": "2018-03-05T07:32:38.540Z",
  "@metadata": {
    "beat": "winlogbeat",
    "type": "doc",
    "version": "6.2.2"
  },
  "computer_name": "DESKTOP-WJANG",
  "log_name": "Microsoft-Windows-Sysmon/Operational",
  "version": 3,
  "event_id": 7,
  "provider_guid": "{5770385F-C22A-43E0-BF4C-06F5698FFBD9}",
  "beat": {
    "version": "6.2.2",
    "name": "DESKTOP-WJANG",
    "hostname": "DESKTOP-WJANG"
  },
  "user": {
    "type": "Well Known Group",
    "identifier": "S-1-5-18",
    "name": "SYSTEM",
    "domain": "NT AUTHORITY"
  },
  "opcode": "정보",
  "process_id": 8608,
  "record_number": "372",
  "task": "Image loaded (rule: ImageLoad)",
  "thread_id": 19220,
  "level": "정보",
  "event_data": {
    "ProcessId": "25848",
    "FileVersion": "10.0.16299.15 (WinBuild.160101.0800)",
    "Company": "Microsoft Corporation",
    "Hashes": "MD5=23E661467FA2EB68B711EA20974B4CB7,SHA256=EF8353C804E643AB34B35494F029F1C0E5DE1A9C2471171E42E8F38EF9CCE953",
    "Image": "C:\\Program Files\\Mozilla Firefox\\firefox.exe",
    "Signed": "true",
    "ImageLoaded": "C:\\Windows\\System32\\setupapi.dll",
    "Description": "Windows 설치 API",
    "ProcessGuid": "{A376A8F6-F296-5A9C-0000-0010274B8703}",
    "SignatureStatus": "Valid",
    "Signature": "Microsoft Windows",
    "UtcTime": "2018-03-05 07:32:38.535",
    "Product": "Microsoft® Windows® Operating System"
  },
  "message": "Image loaded:\nUtcTime: 2018-03-05 07:32:38.535\nProcessGuid: {A376A8F6-F296-5A9C-0000-0010274B8703}\nProcessId: 25848\nImage: C:\\Program Files\\Mozilla Firefox\\firefox.exe\nImageLoaded: C:\\Windows\\System32\\setupapi.dll\nFileVersion: 10.0.16299.15 (WinBuild.160101.0800)\nDescription: Windows 설치 API\nProduct: Microsoft® Windows® Operating System\nCompany: Microsoft Corporation\nHashes: MD5=23E661467FA2EB68B711EA20974B4CB7,SHA256=EF8353C804E643AB34B35494F029F1C0E5DE1A9C2471171E42E8F38EF9CCE953\nSigned: true\nSignature: Microsoft Windows\nSignatureStatus: Valid",
  "source_name": "Microsoft-Windows-Sysmon",
  "type": "wineventlog"
}
{
  "@timestamp": "2018-03-05T07:32:38.541Z",
  "@metadata": {
    "beat": "winlogbeat",
    "type": "doc",
    "version": "6.2.2"
  },
  "thread_id": 19220,
  "opcode": "정보",
  "log_name": "Microsoft-Windows-Sysmon/Operational",
  "version": 3,
  "level": "정보",
  "source_name": "Microsoft-Windows-Sysmon",
  "user": {
    "identifier": "S-1-5-18",
    "name": "SYSTEM",
    "domain": "NT AUTHORITY",
    "type": "Well Known Group"
  },
  "event_id": 7,
  "event_data": {
    "Signed": "true",
    "Company": "Microsoft Corporation",
    "ProcessGuid": "{A376A8F6-F296-5A9C-0000-0010274B8703}",
    "FileVersion": "10.0.16299.15 (WinBuild.160101.0800)",
    "Description": "Microsoft 바탕 화면 창 관리자 API",
    "Product": "Microsoft® Windows® Operating System",
    "SignatureStatus": "Valid",
    "Image": "C:\\Program Files\\Mozilla Firefox\\firefox.exe",
    "ProcessId": "25848",
    "Signature": "Microsoft Windows",
    "UtcTime": "2018-03-05 07:32:38.535",
    "Hashes": "MD5=990CC9E1BA5B6CE7BB29A968C9DFFAD6,SHA256=BC2EDDB5ED383CEC98E6953F924440032C230ECDC574E06CB814BC491E949970",
    "ImageLoaded": "C:\\Windows\\System32\\dwmapi.dll"
  },
  "type": "wineventlog",
  "computer_name": "DESKTOP-WJANG",
  "provider_guid": "{5770385F-C22A-43E0-BF4C-06F5698FFBD9}",
  "process_id": 8608,
  "beat": {
    "version": "6.2.2",
    "name": "DESKTOP-WJANG",
    "hostname": "DESKTOP-WJANG"
  },
  "message": "Image loaded:\nUtcTime: 2018-03-05 07:32:38.535\nProcessGuid: {A376A8F6-F296-5A9C-0000-0010274B8703}\nProcessId: 25848\nImage: C:\\Program Files\\Mozilla Firefox\\firefox.exe\nImageLoaded: C:\\Windows\\System32\\dwmapi.dll\nFileVersion: 10.0.16299.15 (WinBuild.160101.0800)\nDescription: Microsoft 바탕 화면 창 관리자 API\nProduct: Microsoft® Windows® Operating System\nCompany: Microsoft Corporation\nHashes: MD5=990CC9E1BA5B6CE7BB29A968C9DFFAD6,SHA256=BC2EDDB5ED383CEC98E6953F924440032C230ECDC574E06CB814BC491E949970\nSigned: true\nSignature: Microsoft Windows\nSignatureStatus: Valid",
  "task": "Image loaded (rule: ImageLoad)",
  "record_number": "373"
}
{
  "@timestamp": "2018-03-05T07:32:38.542Z",
  "@metadata": {
    "beat": "winlogbeat",
    "type": "doc",
    "version": "6.2.2"
  },
  "level": "정보",
  "user": {
    "identifier": "S-1-5-18",
    "name": "SYSTEM",
    "domain": "NT AUTHORITY",
    "type": "Well Known Group"
  },
  "record_number": "374",
  "process_id": 8608,
  "message": "Image loaded:\nUtcTime: 2018-03-05 07:32:38.535\nProcessGuid: {A376A8F6-F296-5A9C-0000-0010274B8703}\nProcessId: 25848\nImage: C:\\Program Files\\Mozilla Firefox\\firefox.exe\nImageLoaded: C:\\Windows\\System32\\uxtheme.dll\nFileVersion: 10.0.16299.15 (WinBuild.160101.0800)\nDescription: Microsoft UxTheme 라이브러리\nProduct: Microsoft® Windows® Operating System\nCompany: Microsoft Corporation\nHashes: MD5=539E55FA5437F32BE0553F0B6C7DDA96,SHA256=04EACB57A6D6ED5D6CFDCE8095147ACE2C0B9AB115F17CBF007E55B280B2124B\nSigned: true\nSignature: Microsoft Windows\nSignatureStatus: Valid",
  "beat": {
    "hostname": "DESKTOP-WJANG",
    "version": "6.2.2",
    "name": "DESKTOP-WJANG"
  },
  "computer_name": "DESKTOP-WJANG",
  "source_name": "Microsoft-Windows-Sysmon",
  "version": 3,
  "type": "wineventlog",
  "provider_guid": "{5770385F-C22A-43E0-BF4C-06F5698FFBD9}",
  "thread_id": 19220,
  "event_id": 7,
  "task": "Image loaded (rule: ImageLoad)",
  "log_name": "Microsoft-Windows-Sysmon/Operational",
  "event_data": {
    "SignatureStatus": "Valid",
    "UtcTime": "2018-03-05 07:32:38.535",
    "Image": "C:\\Program Files\\Mozilla Firefox\\firefox.exe",
    "ImageLoaded": "C:\\Windows\\System32\\uxtheme.dll",
    "Signed": "true",
    "ProcessId": "25848",
    "ProcessGuid": "{A376A8F6-F296-5A9C-0000-0010274B8703}",
    "Company": "Microsoft Corporation",
    "Signature": "Microsoft Windows",
    "FileVersion": "10.0.16299.15 (WinBuild.160101.0800)",
    "Description": "Microsoft UxTheme 라이브러리",
    "Hashes": "MD5=539E55FA5437F32BE0553F0B6C7DDA96,SHA256=04EACB57A6D6ED5D6CFDCE8095147ACE2C0B9AB115F17CBF007E55B280B2124B",
    "Product": "Microsoft® Windows® Operating System"
  },
  "opcode": "정보"
}
{
  "@timestamp": "2018-03-05T07:32:38.542Z",
  "@metadata": {
    "beat": "winlogbeat",
    "type": "doc",
    "version": "6.2.2"
  },
  "computer_name": "DESKTOP-WJANG",
  "beat": {
    "hostname": "DESKTOP-WJANG",
    "version": "6.2.2",
    "name": "DESKTOP-WJANG"
  },
  "type": "wineventlog",
  "event_data": {
    "Company": "Microsoft Corporation",
    "ProcessId": "25848",
    "UtcTime": "2018-03-05 07:32:38.535",
    "FileVersion": "10.0.16299.248 (WinBuild.160101.0800)",
    "Product": "Microsoft® Windows® Operating System",
    "Description": "Microsoft Trust Verification APIs",
    "Hashes": "MD5=886A6B330799D6D9BC2C7DE514163A3B,SHA256=125332DCC9460392DA36B1859E8E68A3C49B25D50BBD4EFFFF2CB5D550C550B9",
    "Signed": "true",
    "SignatureStatus": "Valid",
    "Image": "C:\\Program Files\\Mozilla Firefox\\firefox.exe",
    "ImageLoaded": "C:\\Windows\\System32\\wintrust.dll",
    "Signature": "Microsoft Windows",
    "ProcessGuid": "{A376A8F6-F296-5A9C-0000-0010274B8703}"
  },
  "source_name": "Microsoft-Windows-Sysmon",
  "process_id": 8608,
  "level": "정보",
  "version": 3,
  "message": "Image loaded:\nUtcTime: 2018-03-05 07:32:38.535\nProcessGuid: {A376A8F6-F296-5A9C-0000-0010274B8703}\nProcessId: 25848\nImage: C:\\Program Files\\Mozilla Firefox\\firefox.exe\nImageLoaded: C:\\Windows\\System32\\wintrust.dll\nFileVersion: 10.0.16299.248 (WinBuild.160101.0800)\nDescription: Microsoft Trust Verification APIs\nProduct: Microsoft® Windows® Operating System\nCompany: Microsoft Corporation\nHashes: MD5=886A6B330799D6D9BC2C7DE514163A3B,SHA256=125332DCC9460392DA36B1859E8E68A3C49B25D50BBD4EFFFF2CB5D550C550B9\nSigned: true\nSignature: Microsoft Windows\nSignatureStatus: Valid",
  "user": {
    "domain": "NT AUTHORITY",
    "type": "Well Known Group",
    "identifier": "S-1-5-18",
    "name": "SYSTEM"
  },
  "opcode": "정보",
  "task": "Image loaded (rule: ImageLoad)",
  "thread_id": 19220,
  "provider_guid": "{5770385F-C22A-43E0-BF4C-06F5698FFBD9}",
  "log_name": "Microsoft-Windows-Sysmon/Operational",
  "record_number": "375",
  "event_id": 7
}
{
  "@timestamp": "2018-03-05T07:32:38.543Z",
  "@metadata": {
    "beat": "winlogbeat",
    "type": "doc",
    "version": "6.2.2"
  },
  "source_name": "Microsoft-Windows-Sysmon",
  "task": "Image loaded (rule: ImageLoad)",
  "message": "Image loaded:\nUtcTime: 2018-03-05 07:32:38.536\nProcessGuid: {A376A8F6-F296-5A9C-0000-0010274B8703}\nProcessId: 25848\nImage: C:\\Program Files\\Mozilla Firefox\\firefox.exe\nImageLoaded: C:\\Windows\\System32\\oleaut32.dll\nFileVersion: 10.0.16299.15 (WinBuild.160101.0800)\nDescription: OLEAUT32.DLL\nProduct: Microsoft® Windows® Operating System\nCompany: Microsoft Corporation\nHashes: MD5=F8C6159C5BE654CEEB383F6E5B122271,SHA256=6B85E0232D1C2DF599C519C95EC2374E3B1B3B06395293CC6AB7976573FA571F\nSigned: true\nSignature: Microsoft Windows\nSignatureStatus: Valid",
  "thread_id": 19220,
  "process_id": 8608,
  "level": "정보",
  "opcode": "정보",
  "provider_guid": "{5770385F-C22A-43E0-BF4C-06F5698FFBD9}",
  "user": {
    "identifier": "S-1-5-18",
    "name": "SYSTEM",
    "domain": "NT AUTHORITY",
    "type": "Well Known Group"
  },
  "record_number": "376",
  "beat": {
    "name": "DESKTOP-WJANG",
    "hostname": "DESKTOP-WJANG",
    "version": "6.2.2"
  },
  "event_data": {
    "UtcTime": "2018-03-05 07:32:38.536",
    "FileVersion": "10.0.16299.15 (WinBuild.160101.0800)",
    "Company": "Microsoft Corporation",
    "ProcessId": "25848",
    "SignatureStatus": "Valid",
    "Hashes": "MD5=F8C6159C5BE654CEEB383F6E5B122271,SHA256=6B85E0232D1C2DF599C519C95EC2374E3B1B3B06395293CC6AB7976573FA571F",
    "ProcessGuid": "{A376A8F6-F296-5A9C-0000-0010274B8703}",
    "Description": "OLEAUT32.DLL",
    "Signed": "true",
    "Product": "Microsoft® Windows® Operating System",
    "Image": "C:\\Program Files\\Mozilla Firefox\\firefox.exe",
    "ImageLoaded": "C:\\Windows\\System32\\oleaut32.dll",
    "Signature": "Microsoft Windows"
  },
  "event_id": 7,
  "version": 3,
  "type": "wineventlog",
  "log_name": "Microsoft-Windows-Sysmon/Operational",
  "computer_name": "DESKTOP-WJANG"
}
{
  "@timestamp": "2018-03-05T07:32:38.543Z",
  "@metadata": {
    "beat": "winlogbeat",
    "type": "doc",
    "version": "6.2.2"
  },
  "event_id": 7,
  "log_name": "Microsoft-Windows-Sysmon/Operational",
  "process_id": 8608,
  "record_number": "377",
  "provider_guid": "{5770385F-C22A-43E0-BF4C-06F5698FFBD9}",
  "level": "정보",
  "type": "wineventlog",
  "source_name": "Microsoft-Windows-Sysmon",
  "event_data": {
    "ProcessId": "25848",
    "Image": "C:\\Program Files\\Mozilla Firefox\\firefox.exe",
    "Company": "Microsoft Corporation",
    "FileVersion": "10.0.16299.15 (WinBuild.160101.0800)",
    "SignatureStatus": "Valid",
    "UtcTime": "2018-03-05 07:32:38.536",
    "Description": "Windows Remote Desktop Session Host Server SDK APIs",
    "ProcessGuid": "{A376A8F6-F296-5A9C-0000-0010274B8703}",
    "ImageLoaded": "C:\\Windows\\System32\\wtsapi32.dll",
    "Signature": "Microsoft Windows",
    "Signed": "true",
    "Product": "Microsoft® Windows® Operating System",
    "Hashes": "MD5=93DFD6B8F739971DC7DC23B4006C7B35,SHA256=5F4C8303857FADB06874C6CB5EAC7826D1AE4937A492DF89D91B0BA0DD0DF971"
  },
  "message": "Image loaded:\nUtcTime: 2018-03-05 07:32:38.536\nProcessGuid: {A376A8F6-F296-5A9C-0000-0010274B8703}\nProcessId: 25848\nImage: C:\\Program Files\\Mozilla Firefox\\firefox.exe\nImageLoaded: C:\\Windows\\System32\\wtsapi32.dll\nFileVersion: 10.0.16299.15 (WinBuild.160101.0800)\nDescription: Windows Remote Desktop Session Host Server SDK APIs\nProduct: Microsoft® Windows® Operating System\nCompany: Microsoft Corporation\nHashes: MD5=93DFD6B8F739971DC7DC23B4006C7B35,SHA256=5F4C8303857FADB06874C6CB5EAC7826D1AE4937A492DF89D91B0BA0DD0DF971\nSigned: true\nSignature: Microsoft Windows\nSignatureStatus: Valid",
  "thread_id": 19220,
  "beat": {
    "name": "DESKTOP-WJANG",
    "hostname": "DESKTOP-WJANG",
    "version": "6.2.2"
  },
  "task": "Image loaded (rule: ImageLoad)",
  "user": {
    "type": "Well Known Group",
    "identifier": "S-1-5-18",
    "name": "SYSTEM",
    "domain": "NT AUTHORITY"
  },
  "opcode": "정보",
  "computer_name": "DESKTOP-WJANG",
  "version": 3
}
{
  "@timestamp": "2018-03-05T07:32:38.553Z",
  "@metadata": {
    "beat": "winlogbeat",
    "type": "doc",
    "version": "6.2.2"
  },
  "user": {
    "identifier": "S-1-5-18",
    "name": "SYSTEM",
    "domain": "NT AUTHORITY",
    "type": "Well Known Group"
  },
  "thread_id": 19220,
  "opcode": "정보",
  "message": "Image loaded:\nUtcTime: 2018-03-05 07:32:38.551\nProcessGuid: {A376A8F6-F296-5A9C-0000-0010274B8703}\nProcessId: 25848\nImage: C:\\Program Files\\Mozilla Firefox\\firefox.exe\nImageLoaded: C:\\Windows\\System32\\ntmarta.dll\nFileVersion: 10.0.16299.15 (WinBuild.160101.0800)\nDescription: Windows NT MARTA 공급자\nProduct: Microsoft® Windows® Operating System\nCompany: Microsoft Corporation\nHashes: MD5=10D8788E2867B895FB4C2D1280172CAB,SHA256=DFE172BCD6F09F8DA8148AF41265E057E4B13809EEEE549DD1894767CA9347B8\nSigned: true\nSignature: Microsoft Windows\nSignatureStatus: Valid",
  "version": 3,
  "source_name": "Microsoft-Windows-Sysmon",
  "task": "Image loaded (rule: ImageLoad)",
  "type": "wineventlog",
  "log_name": "Microsoft-Windows-Sysmon/Operational",
  "computer_name": "DESKTOP-WJANG",
  "record_number": "378",
  "provider_guid": "{5770385F-C22A-43E0-BF4C-06F5698FFBD9}",
  "level": "정보",
  "event_data": {
    "UtcTime": "2018-03-05 07:32:38.551",
    "Image": "C:\\Program Files\\Mozilla Firefox\\firefox.exe",
    "ProcessGuid": "{A376A8F6-F296-5A9C-0000-0010274B8703}",
    "ProcessId": "25848",
    "Hashes": "MD5=10D8788E2867B895FB4C2D1280172CAB,SHA256=DFE172BCD6F09F8DA8148AF41265E057E4B13809EEEE549DD1894767CA9347B8",
    "Signature": "Microsoft Windows",
    "Signed": "true",
    "Product": "Microsoft® Windows® Operating System",
    "Company": "Microsoft Corporation",
    "ImageLoaded": "C:\\Windows\\System32\\ntmarta.dll",
    "Description": "Windows NT MARTA 공급자",
    "FileVersion": "10.0.16299.15 (WinBuild.160101.0800)",
    "SignatureStatus": "Valid"
  },
  "event_id": 7,
  "beat": {
    "name": "DESKTOP-WJANG",
    "hostname": "DESKTOP-WJANG",
    "version": "6.2.2"
  },
  "process_id": 8608
}
{
  "@timestamp": "2018-03-05T07:32:38.658Z",
  "@metadata": {
    "beat": "winlogbeat",
    "type": "doc",
    "version": "6.2.2"
  },
  "beat": {
    "name": "DESKTOP-WJANG",
    "hostname": "DESKTOP-WJANG",
    "version": "6.2.2"
  },
  "thread_id": 23584,
  "process_id": 8608,
  "task": "Image loaded (rule: ImageLoad)",
  "computer_name": "DESKTOP-WJANG",
  "provider_guid": "{5770385F-C22A-43E0-BF4C-06F5698FFBD9}",
  "source_name": "Microsoft-Windows-Sysmon",
  "opcode": "정보",
  "version": 3,
  "message": "Image loaded:\nUtcTime: 2018-03-05 07:32:38.176\nProcessGuid: {A376A8F6-F294-5A9C-0000-001052E48503}\nProcessId: 17704\nImage: C:\\Program Files\\Mozilla Firefox\\firefox.exe\nImageLoaded: C:\\Windows\\System32\\IMGSF50Filter_x64.dll\nFileVersion: 5, 0, 17, 1010\nDescription: Image SAFER 5.0 Filter for x64\nProduct: Image SAFER 5.0\nCompany: MarkAny\nHashes: MD5=9FEFD3B25F7AC88833D49AD64B46A947,SHA256=93C3B3EEADC17823AE18A8196E6D4A9F2C3DA89D295357671D36A38806AF46E5\nSigned: true\nSignature: MarkAny Inc.\nSignatureStatus: Valid",
  "log_name": "Microsoft-Windows-Sysmon/Operational",
  "level": "정보",
  "record_number": "379",
  "user": {
    "domain": "NT AUTHORITY",
    "type": "Well Known Group",
    "identifier": "S-1-5-18",
    "name": "SYSTEM"
  },
  "event_id": 7,
  "event_data": {
    "Hashes": "MD5=9FEFD3B25F7AC88833D49AD64B46A947,SHA256=93C3B3EEADC17823AE18A8196E6D4A9F2C3DA89D295357671D36A38806AF46E5",
    "ProcessId": "17704",
    "ProcessGuid": "{A376A8F6-F294-5A9C-0000-001052E48503}",
    "UtcTime": "2018-03-05 07:32:38.176",
    "Image": "C:\\Program Files\\Mozilla Firefox\\firefox.exe",
    "Signature": "MarkAny Inc.",
    "Product": "Image SAFER 5.0",
    "ImageLoaded": "C:\\Windows\\System32\\IMGSF50Filter_x64.dll",
    "Description": "Image SAFER 5.0 Filter for x64",
    "Company": "MarkAny",
    "FileVersion": "5, 0, 17, 1010",
    "Signed": "true",
    "SignatureStatus": "Valid"
  },
  "type": "wineventlog"
}
{
  "@timestamp": "2018-03-05T07:32:38.667Z",
  "@metadata": {
    "beat": "winlogbeat",
    "type": "doc",
    "version": "6.2.2"
  },
  "event_id": 7,
  "message": "Image loaded:\nUtcTime: 2018-03-05 07:32:38.648\nProcessGuid: {A376A8F6-F296-5A9C-0000-0010274B8703}\nProcessId: 25848\nImage: C:\\Program Files\\Mozilla Firefox\\firefox.exe\nImageLoaded: C:\\Windows\\System32\\psapi.dll\nFileVersion: 10.0.16299.15 (WinBuild.160101.0800)\nDescription: Process Status Helper\nProduct: Microsoft® Windows® Operating System\nCompany: Microsoft Corporation\nHashes: MD5=80050AF28EB0070A582B33470D20FC91,SHA256=65E42F8FCD039ABACCD6AA815D237F1D6F7EE2067457C8CE235333226CFF16B2\nSigned: true\nSignature: Microsoft Windows\nSignatureStatus: Valid",
  "level": "정보",
  "computer_name": "DESKTOP-WJANG",
  "user": {
    "domain": "NT AUTHORITY",
    "type": "Well Known Group",
    "identifier": "S-1-5-18",
    "name": "SYSTEM"
  },
  "source_name": "Microsoft-Windows-Sysmon",
  "task": "Image loaded (rule: ImageLoad)",
  "event_data": {
    "UtcTime": "2018-03-05 07:32:38.648",
    "Signature": "Microsoft Windows",
    "Product": "Microsoft® Windows® Operating System",
    "Hashes": "MD5=80050AF28EB0070A582B33470D20FC91,SHA256=65E42F8FCD039ABACCD6AA815D237F1D6F7EE2067457C8CE235333226CFF16B2",
    "Company": "Microsoft Corporation",
    "SignatureStatus": "Valid",
    "Image": "C:\\Program Files\\Mozilla Firefox\\firefox.exe",
    "ImageLoaded": "C:\\Windows\\System32\\psapi.dll",
    "ProcessId": "25848",
    "FileVersion": "10.0.16299.15 (WinBuild.160101.0800)",
    "Description": "Process Status Helper",
    "Signed": "true",
    "ProcessGuid": "{A376A8F6-F296-5A9C-0000-0010274B8703}"
  },
  "opcode": "정보",
  "beat": {
    "hostname": "DESKTOP-WJANG",
    "version": "6.2.2",
    "name": "DESKTOP-WJANG"
  },
  "type": "wineventlog",
  "thread_id": 23584,
  "log_name": "Microsoft-Windows-Sysmon/Operational",
  "version": 3,
  "process_id": 8608,
  "record_number": "380",
  "provider_guid": "{5770385F-C22A-43E0-BF4C-06F5698FFBD9}"
}
{
  "@timestamp": "2018-03-05T07:32:38.667Z",
  "@metadata": {
    "beat": "winlogbeat",
    "type": "doc",
    "version": "6.2.2"
  },
  "log_name": "Microsoft-Windows-Sysmon/Operational",
  "computer_name": "DESKTOP-WJANG",
  "event_data": {
    "ImageLoaded": "C:\\Windows\\System32\\psapi.dll",
    "ProcessGuid": "{A376A8F6-F294-5A9C-0000-001052E48503}",
    "Signed": "true",
    "FileVersion": "10.0.16299.15 (WinBuild.160101.0800)",
    "SignatureStatus": "Valid",
    "Company": "Microsoft Corporation",
    "UtcTime": "2018-03-05 07:32:38.178",
    "Hashes": "MD5=80050AF28EB0070A582B33470D20FC91,SHA256=65E42F8FCD039ABACCD6AA815D237F1D6F7EE2067457C8CE235333226CFF16B2",
    "ProcessId": "17704",
    "Image": "C:\\Program Files\\Mozilla Firefox\\firefox.exe",
    "Signature": "Microsoft Windows",
    "Description": "Process Status Helper",
    "Product": "Microsoft® Windows® Operating System"
  },
  "beat": {
    "name": "DESKTOP-WJANG",
    "hostname": "DESKTOP-WJANG",
    "version": "6.2.2"
  },
  "task": "Image loaded (rule: ImageLoad)",
  "record_number": "381",
  "event_id": 7,
  "level": "정보",
  "message": "Image loaded:\nUtcTime: 2018-03-05 07:32:38.178\nProcessGuid: {A376A8F6-F294-5A9C-0000-001052E48503}\nProcessId: 17704\nImage: C:\\Program Files\\Mozilla Firefox\\firefox.exe\nImageLoaded: C:\\Windows\\System32\\psapi.dll\nFileVersion: 10.0.16299.15 (WinBuild.160101.0800)\nDescription: Process Status Helper\nProduct: Microsoft® Windows® Operating System\nCompany: Microsoft Corporation\nHashes: MD5=80050AF28EB0070A582B33470D20FC91,SHA256=65E42F8FCD039ABACCD6AA815D237F1D6F7EE2067457C8CE235333226CFF16B2\nSigned: true\nSignature: Microsoft Windows\nSignatureStatus: Valid",
  "process_id": 8608,
  "source_name": "Microsoft-Windows-Sysmon",
  "user": {
    "identifier": "S-1-5-18",
    "name": "SYSTEM",
    "domain": "NT AUTHORITY",
    "type": "Well Known Group"
  },
  "opcode": "정보",
  "thread_id": 23584,
  "type": "wineventlog",
  "provider_guid": "{5770385F-C22A-43E0-BF4C-06F5698FFBD9}",
  "version": 3
}
{
  "@timestamp": "2018-03-05T07:32:38.680Z",
  "@metadata": {
    "beat": "winlogbeat",
    "type": "doc",
    "version": "6.2.2"
  },
  "task": "Image loaded (rule: ImageLoad)",
  "message": "Image loaded:\nUtcTime: 2018-03-05 07:32:38.193\nProcessGuid: {A376A8F6-F294-5A9C-0000-001052E48503}\nProcessId: 17704\nImage: C:\\Program Files\\Mozilla Firefox\\firefox.exe\nImageLoaded: C:\\Windows\\WinSxS\\amd64_microsoft.vc90.crt_1fc8b3b9a1e18e3b_9.0.30729.9317_none_08e0939fa840d57b\\msvcp90.dll\nFileVersion: 9.00.30729.9317\nDescription: Microsoft® C++ Runtime Library\nProduct: Microsoft® Visual Studio® 2008\nCompany: Microsoft Corporation\nHashes: MD5=427526E6F94143509899613960017B5F,SHA256=80D74435E7F2B03D5D8F446FA461A160ABADB0264C24C095CA23FC96FD959FE0\nSigned: true\nSignature: Microsoft Corporation\nSignatureStatus: Valid",
  "log_name": "Microsoft-Windows-Sysmon/Operational",
  "source_name": "Microsoft-Windows-Sysmon",
  "process_id": 8608,
  "record_number": "382",
  "version": 3,
  "user": {
    "name": "SYSTEM",
    "domain": "NT AUTHORITY",
    "type": "Well Known Group",
    "identifier": "S-1-5-18"
  },
  "beat": {
    "version": "6.2.2",
    "name": "DESKTOP-WJANG",
    "hostname": "DESKTOP-WJANG"
  },
  "computer_name": "DESKTOP-WJANG",
  "provider_guid": "{5770385F-C22A-43E0-BF4C-06F5698FFBD9}",
  "type": "wineventlog",
  "event_data": {
    "Description": "Microsoft® C++ Runtime Library",
    "SignatureStatus": "Valid",
    "Product": "Microsoft® Visual Studio® 2008",
    "UtcTime": "2018-03-05 07:32:38.193",
    "Signature": "Microsoft Corporation",
    "FileVersion": "9.00.30729.9317",
    "ProcessGuid": "{A376A8F6-F294-5A9C-0000-001052E48503}",
    "ProcessId": "17704",
    "Signed": "true",
    "ImageLoaded": "C:\\Windows\\WinSxS\\amd64_microsoft.vc90.crt_1fc8b3b9a1e18e3b_9.0.30729.9317_none_08e0939fa840d57b\\msvcp90.dll",
    "Image": "C:\\Program Files\\Mozilla Firefox\\firefox.exe",
    "Company": "Microsoft Corporation",
    "Hashes": "MD5=427526E6F94143509899613960017B5F,SHA256=80D74435E7F2B03D5D8F446FA461A160ABADB0264C24C095CA23FC96FD959FE0"
  },
  "event_id": 7,
  "level": "정보",
  "opcode": "정보",
  "thread_id": 23584
}
{
  "@timestamp": "2018-03-05T07:32:38.692Z",
  "@metadata": {
    "beat": "winlogbeat",
    "type": "doc",
    "version": "6.2.2"
  },
  "record_number": "383",
  "process_id": 8608,
  "source_name": "Microsoft-Windows-Sysmon",
  "user": {
    "identifier": "S-1-5-18",
    "name": "SYSTEM",
    "domain": "NT AUTHORITY",
    "type": "Well Known Group"
  },
  "provider_guid": "{5770385F-C22A-43E0-BF4C-06F5698FFBD9}",
  "thread_id": 23584,
  "beat": {
    "version": "6.2.2",
    "name": "DESKTOP-WJANG",
    "hostname": "DESKTOP-WJANG"
  },
  "event_id": 7,
  "message": "Image loaded:\nUtcTime: 2018-03-05 07:32:38.194\nProcessGuid: {A376A8F6-F294-5A9C-0000-001052E48503}\nProcessId: 17704\nImage: C:\\Program Files\\Mozilla Firefox\\firefox.exe\nImageLoaded: C:\\Windows\\WinSxS\\amd64_microsoft.vc90.crt_1fc8b3b9a1e18e3b_9.0.30729.9317_none_08e0939fa840d57b\\msvcr90.dll\nFileVersion: 9.00.30729.9317\nDescription: Microsoft® C Runtime Library\nProduct: Microsoft® Visual Studio® 2008\nCompany: Microsoft Corporation\nHashes: MD5=7DDAB8EF0F7A7D95AE61F4DD4C573D63,SHA256=145A83783838B33026648C63939F9855DAC9C285DBF2FA53ED6AB0BCD1701F3B\nSigned: true\nSignature: Microsoft Corporation\nSignatureStatus: Valid",
  "version": 3,
  "type": "wineventlog",
  "task": "Image loaded (rule: ImageLoad)",
  "event_data": {
    "ProcessGuid": "{A376A8F6-F294-5A9C-0000-001052E48503}",
    "UtcTime": "2018-03-05 07:32:38.194",
    "Company": "Microsoft Corporation",
    "SignatureStatus": "Valid",
    "Hashes": "MD5=7DDAB8EF0F7A7D95AE61F4DD4C573D63,SHA256=145A83783838B33026648C63939F9855DAC9C285DBF2FA53ED6AB0BCD1701F3B",
    "Signed": "true",
    "Image": "C:\\Program Files\\Mozilla Firefox\\firefox.exe",
    "Product": "Microsoft® Visual Studio® 2008",
    "ProcessId": "17704",
    "FileVersion": "9.00.30729.9317",
    "Signature": "Microsoft Corporation",
    "ImageLoaded": "C:\\Windows\\WinSxS\\amd64_microsoft.vc90.crt_1fc8b3b9a1e18e3b_9.0.30729.9317_none_08e0939fa840d57b\\msvcr90.dll",
    "Description": "Microsoft® C Runtime Library"
  },
  "computer_name": "DESKTOP-WJANG",
  "level": "정보",
  "opcode": "정보",
  "log_name": "Microsoft-Windows-Sysmon/Operational"
}
{
  "@timestamp": "2018-03-05T07:32:38.699Z",
  "@metadata": {
    "beat": "winlogbeat",
    "type": "doc",
    "version": "6.2.2"
  },
  "record_number": "384",
  "task": "CreateRemoteThread detected (rule: CreateRemoteThread)",
  "thread_id": 19220,
  "source_name": "Microsoft-Windows-Sysmon",
  "opcode": "정보",
  "event_data": {
    "NewThreadId": "26580",
    "StartAddress": "0x00007FFD10C613F0",
    "UtcTime": "2018-03-05 07:32:38.698",
    "SourceImage": "C:\\Program Files\\AhnLab\\Safe Transaction\\stsess.exe",
    "TargetProcessId": "17704",
    "TargetImage": "C:\\Program Files\\Mozilla Firefox\\firefox.exe",
    "StartFunction": "LoadLibraryA",
    "TargetProcessGuid": "{A376A8F6-F294-5A9C-0000-001052E48503}",
    "SourceProcessGuid": "{A376A8F6-ECCA-5A9C-0000-0010B9A62000}",
    "SourceProcessId": "19952",
    "StartModule": "C:\\WINDOWS\\System32\\KERNEL32.DLL"
  },
  "version": 2,
  "level": "정보",
  "computer_name": "DESKTOP-WJANG",
  "process_id": 8608,
  "provider_guid": "{5770385F-C22A-43E0-BF4C-06F5698FFBD9}",
  "message": "CreateRemoteThread detected:\nUtcTime: 2018-03-05 07:32:38.698\nSourceProcessGuid: {A376A8F6-ECCA-5A9C-0000-0010B9A62000}\nSourceProcessId: 19952\nSourceImage: C:\\Program Files\\AhnLab\\Safe Transaction\\stsess.exe\nTargetProcessGuid: {A376A8F6-F294-5A9C-0000-001052E48503}\nTargetProcessId: 17704\nTargetImage: C:\\Program Files\\Mozilla Firefox\\firefox.exe\nNewThreadId: 26580\nStartAddress: 0x00007FFD10C613F0\nStartModule: C:\\WINDOWS\\System32\\KERNEL32.DLL\nStartFunction: LoadLibraryA",
  "user": {
    "identifier": "S-1-5-18",
    "name": "SYSTEM",
    "domain": "NT AUTHORITY",
    "type": "Well Known Group"
  },
  "beat": {
    "name": "DESKTOP-WJANG",
    "hostname": "DESKTOP-WJANG",
    "version": "6.2.2"
  },
  "log_name": "Microsoft-Windows-Sysmon/Operational",
  "type": "wineventlog",
  "event_id": 8
}
{
  "@timestamp": "2018-03-05T07:32:38.733Z",
  "@metadata": {
    "beat": "winlogbeat",
    "type": "doc",
    "version": "6.2.2"
  },
  "version": 3,
  "task": "Image loaded (rule: ImageLoad)",
  "level": "정보",
  "message": "Image loaded:\nUtcTime: 2018-03-05 07:32:38.211\nProcessGuid: {A376A8F6-F294-5A9C-0000-001052E48503}\nProcessId: 17704\nImage: C:\\Program Files\\Mozilla Firefox\\firefox.exe\nImageLoaded: C:\\Windows\\System32\\opengl32.dll\nFileVersion: 10.0.16299.15 (WinBuild.160101.0800)\nDescription: OpenGL Client DLL\nProduct: Microsoft® Windows® Operating System\nCompany: Microsoft Corporation\nHashes: MD5=A923E23EF3756CCCB2BA4EC5999DEBE6,SHA256=C677ABB944A979463211935517F36D5637F5E14C5AF21BBF4897246CEFCF5595\nSigned: true\nSignature: Microsoft Windows\nSignatureStatus: Valid",
  "opcode": "정보",
  "event_id": 7,
  "user": {
    "type": "Well Known Group",
    "identifier": "S-1-5-18",
    "name": "SYSTEM",
    "domain": "NT AUTHORITY"
  },
  "event_data": {
    "ImageLoaded": "C:\\Windows\\System32\\opengl32.dll",
    "SignatureStatus": "Valid",
    "Hashes": "MD5=A923E23EF3756CCCB2BA4EC5999DEBE6,SHA256=C677ABB944A979463211935517F36D5637F5E14C5AF21BBF4897246CEFCF5595",
    "UtcTime": "2018-03-05 07:32:38.211",
    "FileVersion": "10.0.16299.15 (WinBuild.160101.0800)",
    "Signature": "Microsoft Windows",
    "Company": "Microsoft Corporation",
    "Image": "C:\\Program Files\\Mozilla Firefox\\firefox.exe",
    "ProcessGuid": "{A376A8F6-F294-5A9C-0000-001052E48503}",
    "Product": "Microsoft® Windows® Operating System",
    "ProcessId": "17704",
    "Description": "OpenGL Client DLL",
    "Signed": "true"
  },
  "type": "wineventlog",
  "record_number": "385",
  "beat": {
    "name": "DESKTOP-WJANG",
    "hostname": "DESKTOP-WJANG",
    "version": "6.2.2"
  },
  "source_name": "Microsoft-Windows-Sysmon",
  "provider_guid": "{5770385F-C22A-43E0-BF4C-06F5698FFBD9}",
  "process_id": 8608,
  "log_name": "Microsoft-Windows-Sysmon/Operational",
  "computer_name": "DESKTOP-WJANG",
  "thread_id": 23584
}
{
  "@timestamp": "2018-03-05T07:32:38.762Z",
  "@metadata": {
    "beat": "winlogbeat",
    "type": "doc",
    "version": "6.2.2"
  },
  "level": "정보",
  "process_id": 8608,
  "log_name": "Microsoft-Windows-Sysmon/Operational",
  "message": "Image loaded:\nUtcTime: 2018-03-05 07:32:38.224\nProcessGuid: {A376A8F6-F294-5A9C-0000-001052E48503}\nProcessId: 17704\nImage: C:\\Program Files\\Mozilla Firefox\\firefox.exe\nImageLoaded: C:\\Windows\\System32\\glu32.dll\nFileVersion: 10.0.16299.15 (WinBuild.160101.0800)\nDescription: OpenGL Utility Library DLL\nProduct: Microsoft® Windows® Operating System\nCompany: Microsoft Corporation\nHashes: MD5=F8477060F19B60238C695478EA1355C5,SHA256=A93DCD361B0F1CD7FABF4B78C94BC2D9D598302FA784F226123F3233250D6206\nSigned: true\nSignature: Microsoft Windows\nSignatureStatus: Valid",
  "source_name": "Microsoft-Windows-Sysmon",
  "provider_guid": "{5770385F-C22A-43E0-BF4C-06F5698FFBD9}",
  "event_id": 7,
  "user": {
    "domain": "NT AUTHORITY",
    "type": "Well Known Group",
    "identifier": "S-1-5-18",
    "name": "SYSTEM"
  },
  "event_data": {
    "Image": "C:\\Program Files\\Mozilla Firefox\\firefox.exe",
    "Company": "Microsoft Corporation",
    "ProcessGuid": "{A376A8F6-F294-5A9C-0000-001052E48503}",
    "SignatureStatus": "Valid",
    "Signature": "Microsoft Windows",
    "Signed": "true",
    "ImageLoaded": "C:\\Windows\\System32\\glu32.dll",
    "ProcessId": "17704",
    "Product": "Microsoft® Windows® Operating System",
    "UtcTime": "2018-03-05 07:32:38.224",
    "FileVersion": "10.0.16299.15 (WinBuild.160101.0800)",
    "Description": "OpenGL Utility Library DLL",
    "Hashes": "MD5=F8477060F19B60238C695478EA1355C5,SHA256=A93DCD361B0F1CD7FABF4B78C94BC2D9D598302FA784F226123F3233250D6206"
  },
  "thread_id": 23584,
  "type": "wineventlog",
  "opcode": "정보",
  "beat": {
    "name": "DESKTOP-WJANG",
    "hostname": "DESKTOP-WJANG",
    "version": "6.2.2"
  },
  "version": 3,
  "task": "Image loaded (rule: ImageLoad)",
  "record_number": "386",
  "computer_name": "DESKTOP-WJANG"
}
{
  "@timestamp": "2018-03-05T07:32:38.778Z",
  "@metadata": {
    "beat": "winlogbeat",
    "type": "doc",
    "version": "6.2.2"
  },
  "process_id": 8608,
  "thread_id": 23584,
  "beat": {
    "name": "DESKTOP-WJANG",
    "hostname": "DESKTOP-WJANG",
    "version": "6.2.2"
  },
  "level": "정보",
  "user": {
    "name": "SYSTEM",
    "domain": "NT AUTHORITY",
    "type": "Well Known Group",
    "identifier": "S-1-5-18"
  },
  "version": 3,
  "task": "Image loaded (rule: ImageLoad)",
  "type": "wineventlog",
  "opcode": "정보",
  "source_name": "Microsoft-Windows-Sysmon",
  "message": "Image loaded:\nUtcTime: 2018-03-05 07:32:38.242\nProcessGuid: {A376A8F6-F294-5A9C-0000-001052E48503}\nProcessId: 17704\nImage: C:\\Program Files\\Mozilla Firefox\\firefox.exe\nImageLoaded: C:\\Windows\\System32\\clbcatq.dll\nFileVersion: 2001.12.10941.16384 (WinBuild.160101.0800)\nDescription: COM+ Configuration Catalog\nProduct: Microsoft® Windows® Operating System\nCompany: Microsoft Corporation\nHashes: MD5=9DE51E0DB33FCB6D1B878E2671574C59,SHA256=6A76684A9FE5999E609339F56CF18126F86CBDEF935E1A3EE881D5BA0FAE69B4\nSigned: true\nSignature: Microsoft Windows\nSignatureStatus: Valid",
  "log_name": "Microsoft-Windows-Sysmon/Operational",
  "computer_name": "DESKTOP-WJANG",
  "event_id": 7,
  "record_number": "387",
  "provider_guid": "{5770385F-C22A-43E0-BF4C-06F5698FFBD9}",
  "event_data": {
    "Signed": "true",
    "SignatureStatus": "Valid",
    "UtcTime": "2018-03-05 07:32:38.242",
    "ImageLoaded": "C:\\Windows\\System32\\clbcatq.dll",
    "Product": "Microsoft® Windows® Operating System",
    "ProcessGuid": "{A376A8F6-F294-5A9C-0000-001052E48503}",
    "Signature": "Microsoft Windows",
    "Description": "COM+ Configuration Catalog",
    "Company": "Microsoft Corporation",
    "FileVersion": "2001.12.10941.16384 (WinBuild.160101.0800)",
    "Hashes": "MD5=9DE51E0DB33FCB6D1B878E2671574C59,SHA256=6A76684A9FE5999E609339F56CF18126F86CBDEF935E1A3EE881D5BA0FAE69B4",
    "ProcessId": "17704",
    "Image": "C:\\Program Files\\Mozilla Firefox\\firefox.exe"
  }
}
{
  "@timestamp": "2018-03-05T07:32:38.785Z",
  "@metadata": {
    "beat": "winlogbeat",
    "type": "doc",
    "version": "6.2.2"
  },
  "record_number": "388",
  "type": "wineventlog",
  "source_name": "Microsoft-Windows-Sysmon",
  "user": {
    "identifier": "S-1-5-18",
    "name": "SYSTEM",
    "domain": "NT AUTHORITY",
    "type": "Well Known Group"
  },
  "provider_guid": "{5770385F-C22A-43E0-BF4C-06F5698FFBD9}",
  "task": "Image loaded (rule: ImageLoad)",
  "opcode": "정보",
  "message": "Image loaded:\nUtcTime: 2018-03-05 07:32:38.782\nProcessGuid: {A376A8F6-F296-5A9C-0000-0010274B8703}\nProcessId: 25848\nImage: C:\\Program Files\\Mozilla Firefox\\firefox.exe\nImageLoaded: C:\\Windows\\System32\\msctf.dll\nFileVersion: 10.0.16299.15 (WinBuild.160101.0800)\nDescription: MSCTF Server DLL\nProduct: Microsoft® Windows® Operating System\nCompany: Microsoft Corporation\nHashes: MD5=AC5E46903DC862773FF3F3F309CB0D3A,SHA256=AF7F07B0EF8BF1B0FD534DC13ACDED77368034CAB1CF54C048654FC9BD776C20\nSigned: true\nSignature: Microsoft Windows\nSignatureStatus: Valid",
  "version": 3,
  "thread_id": 19220,
  "level": "정보",
  "event_id": 7,
  "computer_name": "DESKTOP-WJANG",
  "log_name": "Microsoft-Windows-Sysmon/Operational",
  "process_id": 8608,
  "event_data": {
    "Signed": "true",
    "ImageLoaded": "C:\\Windows\\System32\\msctf.dll",
    "Signature": "Microsoft Windows",
    "Product": "Microsoft® Windows® Operating System",
    "Hashes": "MD5=AC5E46903DC862773FF3F3F309CB0D3A,SHA256=AF7F07B0EF8BF1B0FD534DC13ACDED77368034CAB1CF54C048654FC9BD776C20",
    "UtcTime": "2018-03-05 07:32:38.782",
    "Company": "Microsoft Corporation",
    "ProcessGuid": "{A376A8F6-F296-5A9C-0000-0010274B8703}",
    "FileVersion": "10.0.16299.15 (WinBuild.160101.0800)",
    "Description": "MSCTF Server DLL",
    "Image": "C:\\Program Files\\Mozilla Firefox\\firefox.exe",
    "SignatureStatus": "Valid",
    "ProcessId": "25848"
  },
  "beat": {
    "name": "DESKTOP-WJANG",
    "hostname": "DESKTOP-WJANG",
    "version": "6.2.2"
  }
}
{
  "@timestamp": "2018-03-05T07:32:38.795Z",
  "@metadata": {
    "beat": "winlogbeat",
    "type": "doc",
    "version": "6.2.2"
  },
  "log_name": "Microsoft-Windows-Sysmon/Operational",
  "beat": {
    "name": "DESKTOP-WJANG",
    "hostname": "DESKTOP-WJANG",
    "version": "6.2.2"
  },
  "provider_guid": "{5770385F-C22A-43E0-BF4C-06F5698FFBD9}",
  "task": "Image loaded (rule: ImageLoad)",
  "user": {
    "domain": "NT AUTHORITY",
    "type": "Well Known Group",
    "identifier": "S-1-5-18",
    "name": "SYSTEM"
  },
  "thread_id": 23584,
  "level": "정보",
  "message": "Image loaded:\nUtcTime: 2018-03-05 07:32:38.267\nProcessGuid: {A376A8F6-F294-5A9C-0000-001052E48503}\nProcessId: 17704\nImage: C:\\Program Files\\Mozilla Firefox\\firefox.exe\nImageLoaded: C:\\Windows\\System32\\dnsapi.dll\nFileVersion: 10.0.16299.15 (WinBuild.160101.0800)\nDescription: DNS 클라이언트 API DLL\nProduct: Microsoft® Windows® Operating System\nCompany: Microsoft Corporation\nHashes: MD5=5AE3B789BC547BBBE2A876F587BE60F6,SHA256=16C91455044BEC95B325F46252A351E59F2A5606F7CBC20D5DC783143B00DB59\nSigned: true\nSignature: Microsoft Windows\nSignatureStatus: Valid",
  "event_data": {
    "ProcessId": "17704",
    "Signature": "Microsoft Windows",
    "ProcessGuid": "{A376A8F6-F294-5A9C-0000-001052E48503}",
    "FileVersion": "10.0.16299.15 (WinBuild.160101.0800)",
    "Product": "Microsoft® Windows® Operating System",
    "Company": "Microsoft Corporation",
    "SignatureStatus": "Valid",
    "ImageLoaded": "C:\\Windows\\System32\\dnsapi.dll",
    "UtcTime": "2018-03-05 07:32:38.267",
    "Description": "DNS 클라이언트 API DLL",
    "Hashes": "MD5=5AE3B789BC547BBBE2A876F587BE60F6,SHA256=16C91455044BEC95B325F46252A351E59F2A5606F7CBC20D5DC783143B00DB59",
    "Image": "C:\\Program Files\\Mozilla Firefox\\firefox.exe",
    "Signed": "true"
  },
  "record_number": "389",
  "version": 3,
  "type": "wineventlog",
  "event_id": 7,
  "source_name": "Microsoft-Windows-Sysmon",
  "opcode": "정보",
  "process_id": 8608,
  "computer_name": "DESKTOP-WJANG"
}
{
  "@timestamp": "2018-03-05T07:32:38.804Z",
  "@metadata": {
    "beat": "winlogbeat",
    "type": "doc",
    "version": "6.2.2"
  },
  "opcode": "정보",
  "event_data": {
    "ProcessGuid": "{A376A8F6-F294-5A9C-0000-001052E48503}",
    "Hashes": "MD5=98401A19C75B1E6E239A417905E1B00D,SHA256=B14AE1BD5A424305501593B3B199C4FA63EB8842FDFACEC050D77B3C5D32F260",
    "Signature": "Microsoft Windows",
    "UtcTime": "2018-03-05 07:32:38.268",
    "Product": "Microsoft® Windows® Operating System",
    "Image": "C:\\Program Files\\Mozilla Firefox\\firefox.exe",
    "ImageLoaded": "C:\\Windows\\System32\\nsi.dll",
    "Signed": "true",
    "Company": "Microsoft Corporation",
    "SignatureStatus": "Valid",
    "FileVersion": "10.0.16299.15 (WinBuild.160101.0800)",
    "ProcessId": "17704",
    "Description": "NSI User-mode interface DLL"
  },
  "type": "wineventlog",
  "record_number": "390",
  "message": "Image loaded:\nUtcTime: 2018-03-05 07:32:38.268\nProcessGuid: {A376A8F6-F294-5A9C-0000-001052E48503}\nProcessId: 17704\nImage: C:\\Program Files\\Mozilla Firefox\\firefox.exe\nImageLoaded: C:\\Windows\\System32\\nsi.dll\nFileVersion: 10.0.16299.15 (WinBuild.160101.0800)\nDescription: NSI User-mode interface DLL\nProduct: Microsoft® Windows® Operating System\nCompany: Microsoft Corporation\nHashes: MD5=98401A19C75B1E6E239A417905E1B00D,SHA256=B14AE1BD5A424305501593B3B199C4FA63EB8842FDFACEC050D77B3C5D32F260\nSigned: true\nSignature: Microsoft Windows\nSignatureStatus: Valid",
  "level": "정보",
  "source_name": "Microsoft-Windows-Sysmon",
  "event_id": 7,
  "version": 3,
  "beat": {
    "name": "DESKTOP-WJANG",
    "hostname": "DESKTOP-WJANG",
    "version": "6.2.2"
  },
  "process_id": 8608,
  "user": {
    "name": "SYSTEM",
    "domain": "NT AUTHORITY",
    "type": "Well Known Group",
    "identifier": "S-1-5-18"
  },
  "computer_name": "DESKTOP-WJANG",
  "thread_id": 23584,
  "provider_guid": "{5770385F-C22A-43E0-BF4C-06F5698FFBD9}",
  "task": "Image loaded (rule: ImageLoad)",
  "log_name": "Microsoft-Windows-Sysmon/Operational"
}
{
  "@timestamp": "2018-03-05T07:32:38.824Z",
  "@metadata": {
    "beat": "winlogbeat",
    "type": "doc",
    "version": "6.2.2"
  },
  "level": "정보",
  "source_name": "Microsoft-Windows-Sysmon",
  "log_name": "Microsoft-Windows-Sysmon/Operational",
  "provider_guid": "{5770385F-C22A-43E0-BF4C-06F5698FFBD9}",
  "version": 3,
  "record_number": "391",
  "computer_name": "DESKTOP-WJANG",
  "beat": {
    "name": "DESKTOP-WJANG",
    "hostname": "DESKTOP-WJANG",
    "version": "6.2.2"
  },
  "message": "Image loaded:\nUtcTime: 2018-03-05 07:32:38.271\nProcessGuid: {A376A8F6-F294-5A9C-0000-001052E48503}\nProcessId: 17704\nImage: C:\\Program Files\\Mozilla Firefox\\firefox.exe\nImageLoaded: C:\\Windows\\System32\\NapiNSP.dll\nFileVersion: 10.0.16299.15 (WinBuild.160101.0800)\nDescription: 전자 메일 명명 심(Shim) 공급자\nProduct: Microsoft® Windows® Operating System\nCompany: Microsoft Corporation\nHashes: MD5=1392079CB7BCFA1F1A01C0AA7FA1D782,SHA256=4890B8EC3B360D4B8C7A209DEFC4908CC79C7EFEBEE59B02601C77A67B9FEA02\nSigned: true\nSignature: Microsoft Windows\nSignatureStatus: Valid",
  "thread_id": 23584,
  "type": "wineventlog",
  "task": "Image loaded (rule: ImageLoad)",
  "event_id": 7,
  "opcode": "정보",
  "user": {
    "identifier": "S-1-5-18",
    "name": "SYSTEM",
    "domain": "NT AUTHORITY",
    "type": "Well Known Group"
  },
  "event_data": {
    "ProcessGuid": "{A376A8F6-F294-5A9C-0000-001052E48503}",
    "ProcessId": "17704",
    "ImageLoaded": "C:\\Windows\\System32\\NapiNSP.dll",
    "Hashes": "MD5=1392079CB7BCFA1F1A01C0AA7FA1D782,SHA256=4890B8EC3B360D4B8C7A209DEFC4908CC79C7EFEBEE59B02601C77A67B9FEA02",
    "Image": "C:\\Program Files\\Mozilla Firefox\\firefox.exe",
    "Signature": "Microsoft Windows",
    "Company": "Microsoft Corporation",
    "Signed": "true",
    "Product": "Microsoft® Windows® Operating System",
    "UtcTime": "2018-03-05 07:32:38.271",
    "Description": "전자 메일 명명 심(Shim) 공급자",
    "SignatureStatus": "Valid",
    "FileVersion": "10.0.16299.15 (WinBuild.160101.0800)"
  },
  "process_id": 8608
}
{
  "@timestamp": "2018-03-05T07:32:38.845Z",
  "@metadata": {
    "beat": "winlogbeat",
    "type": "doc",
    "version": "6.2.2"
  },
  "user": {
    "identifier": "S-1-5-18",
    "name": "SYSTEM",
    "domain": "NT AUTHORITY",
    "type": "Well Known Group"
  },
  "record_number": "392",
  "level": "정보",
  "source_name": "Microsoft-Windows-Sysmon",
  "beat": {
    "name": "DESKTOP-WJANG",
    "hostname": "DESKTOP-WJANG",
    "version": "6.2.2"
  },
  "log_name": "Microsoft-Windows-Sysmon/Operational",
  "message": "Image loaded:\nUtcTime: 2018-03-05 07:32:38.274\nProcessGuid: {A376A8F6-F294-5A9C-0000-001052E48503}\nProcessId: 17704\nImage: C:\\Program Files\\Mozilla Firefox\\firefox.exe\nImageLoaded: C:\\Windows\\System32\\pnrpnsp.dll\nFileVersion: 10.0.16299.15 (WinBuild.160101.0800)\nDescription: PNRP 네임스페이스 공급자\nProduct: Microsoft® Windows® Operating System\nCompany: Microsoft Corporation\nHashes: MD5=626562CCE32E6879803DA4C3893FF69A,SHA256=666C98BD56A96F805BA2CF2109B17838EC63409D3F2FA154A820DA76693B959A\nSigned: true\nSignature: Microsoft Windows\nSignatureStatus: Valid",
  "version": 3,
  "task": "Image loaded (rule: ImageLoad)",
  "event_data": {
    "ImageLoaded": "C:\\Windows\\System32\\pnrpnsp.dll",
    "Description": "PNRP 네임스페이스 공급자",
    "Signature": "Microsoft Windows",
    "Hashes": "MD5=626562CCE32E6879803DA4C3893FF69A,SHA256=666C98BD56A96F805BA2CF2109B17838EC63409D3F2FA154A820DA76693B959A",
    "SignatureStatus": "Valid",
    "Image": "C:\\Program Files\\Mozilla Firefox\\firefox.exe",
    "ProcessGuid": "{A376A8F6-F294-5A9C-0000-001052E48503}",
    "UtcTime": "2018-03-05 07:32:38.274",
    "FileVersion": "10.0.16299.15 (WinBuild.160101.0800)",
    "ProcessId": "17704",
    "Company": "Microsoft Corporation",
    "Signed": "true",
    "Product": "Microsoft® Windows® Operating System"
  },
  "type": "wineventlog",
  "computer_name": "DESKTOP-WJANG",
  "event_id": 7,
  "process_id": 8608,
  "opcode": "정보",
  "provider_guid": "{5770385F-C22A-43E0-BF4C-06F5698FFBD9}",
  "thread_id": 23584
}
