{
  "@timestamp": "2018-03-05T07:24:19.312Z",
  "@metadata": {
    "beat": "winlogbeat",
    "type": "doc",
    "version": "6.2.2"
  },
  "computer_name": "DESKTOP-WJANG",
  "process_id": 8608,
  "message": "Network connection detected:\nUtcTime: 2018-03-05 07:24:18.039\nProcessGuid: {A376A8F6-ECC2-5A9C-0000-0010E1111D00}\nProcessId: 17568\nImage: C:\\Program Files\\Mozilla Firefox\\firefox.exe\nUser: DESKTOP-WJANG\\wook8170\nProtocol: tcp\nInitiated: true\nSourceIsIpv6: false\nSourceIp: 192.168.198.67\nSourceHostname: DESKTOP-WJANG\nSourcePort: 2229\nSourcePortName: \nDestinationIsIpv6: false\nDestinationIp: 211.231.99.16\nDestinationHostname: \nDestinationPort: 443\nDestinationPortName: https",
  "event_data": {
    "DestinationPort": "443",
    "Image": "C:\\Program Files\\Mozilla Firefox\\firefox.exe",
    "SourceHostname": "DESKTOP-WJANG",
    "Protocol": "tcp",
    "SourceIp": "192.168.198.67",
    "SourcePort": "2229",
    "UtcTime": "2018-03-05 07:24:18.039",
    "DestinationIsIpv6": "false",
    "DestinationIp": "211.231.99.16",
    "ProcessId": "17568",
    "DestinationPortName": "https",
    "User": "DESKTOP-WJANG\\wook8170",
    "ProcessGuid": "{A376A8F6-ECC2-5A9C-0000-0010E1111D00}",
    "Initiated": "true",
    "SourceIsIpv6": "false"
  },
  "level": "정보",
  "beat": {
    "name": "DESKTOP-WJANG",
    "hostname": "DESKTOP-WJANG",
    "version": "6.2.2"
  },
  "version": 5,
  "provider_guid": "{5770385F-C22A-43E0-BF4C-06F5698FFBD9}",
  "thread_id": 23856,
  "type": "wineventlog",
  "record_number": "52",
  "source_name": "Microsoft-Windows-Sysmon",
  "task": "Network connection detected (rule: NetworkConnect)",
  "log_name": "Microsoft-Windows-Sysmon/Operational",
  "event_id": 3,
  "opcode": "정보",
  "user": {
    "domain": "NT AUTHORITY",
    "type": "Well Known Group",
    "identifier": "S-1-5-18",
    "name": "SYSTEM"
  }
}
{
  "@timestamp": "2018-03-05T07:24:19.312Z",
  "@metadata": {
    "beat": "winlogbeat",
    "type": "doc",
    "version": "6.2.2"
  },
  "record_number": "53",
  "computer_name": "DESKTOP-WJANG",
  "task": "Network connection detected (rule: NetworkConnect)",
  "log_name": "Microsoft-Windows-Sysmon/Operational",
  "type": "wineventlog",
  "opcode": "정보",
  "user": {
    "type": "Well Known Group",
    "identifier": "S-1-5-18",
    "name": "SYSTEM",
    "domain": "NT AUTHORITY"
  },
  "version": 5,
  "source_name": "Microsoft-Windows-Sysmon",
  "thread_id": 23856,
  "event_data": {
    "ProcessId": "17568",
    "User": "DESKTOP-WJANG\\wook8170",
    "SourcePort": "2230",
    "Initiated": "true",
    "SourceIp": "192.168.198.67",
    "UtcTime": "2018-03-05 07:24:18.063",
    "ProcessGuid": "{A376A8F6-ECC2-5A9C-0000-0010E1111D00}",
    "DestinationIsIpv6": "false",
    "Image": "C:\\Program Files\\Mozilla Firefox\\firefox.exe",
    "SourceIsIpv6": "false",
    "DestinationPort": "443",
    "DestinationPortName": "https",
    "Protocol": "tcp",
    "DestinationIp": "211.231.99.14",
    "SourceHostname": "DESKTOP-WJANG"
  },
  "event_id": 3,
  "level": "정보",
  "message": "Network connection detected:\nUtcTime: 2018-03-05 07:24:18.063\nProcessGuid: {A376A8F6-ECC2-5A9C-0000-0010E1111D00}\nProcessId: 17568\nImage: C:\\Program Files\\Mozilla Firefox\\firefox.exe\nUser: DESKTOP-WJANG\\wook8170\nProtocol: tcp\nInitiated: true\nSourceIsIpv6: false\nSourceIp: 192.168.198.67\nSourceHostname: DESKTOP-WJANG\nSourcePort: 2230\nSourcePortName: \nDestinationIsIpv6: false\nDestinationIp: 211.231.99.14\nDestinationHostname: \nDestinationPort: 443\nDestinationPortName: https",
  "beat": {
    "name": "DESKTOP-WJANG",
    "hostname": "DESKTOP-WJANG",
    "version": "6.2.2"
  },
  "process_id": 8608,
  "provider_guid": "{5770385F-C22A-43E0-BF4C-06F5698FFBD9}"
}
{
  "@timestamp": "2018-03-05T07:24:19.312Z",
  "@metadata": {
    "beat": "winlogbeat",
    "type": "doc",
    "version": "6.2.2"
  },
  "record_number": "54",
  "user": {
    "identifier": "S-1-5-18",
    "name": "SYSTEM",
    "domain": "NT AUTHORITY",
    "type": "Well Known Group"
  },
  "event_data": {
    "UtcTime": "2018-03-05 07:24:18.101",
    "Initiated": "true",
    "SourceIp": "192.168.198.67",
    "DestinationIp": "1.248.178.156",
    "SourceIsIpv6": "false",
    "SourcePort": "2231",
    "DestinationIsIpv6": "false",
    "DestinationPortName": "https",
    "ProcessGuid": "{A376A8F6-ECC2-5A9C-0000-0010E1111D00}",
    "User": "DESKTOP-WJANG\\wook8170",
    "Image": "C:\\Program Files\\Mozilla Firefox\\firefox.exe",
    "Protocol": "tcp",
    "DestinationPort": "443",
    "SourceHostname": "DESKTOP-WJANG",
    "ProcessId": "17568"
  },
  "event_id": 3,
  "provider_guid": "{5770385F-C22A-43E0-BF4C-06F5698FFBD9}",
  "level": "정보",
  "process_id": 8608,
  "source_name": "Microsoft-Windows-Sysmon",
  "computer_name": "DESKTOP-WJANG",
  "opcode": "정보",
  "message": "Network connection detected:\nUtcTime: 2018-03-05 07:24:18.101\nProcessGuid: {A376A8F6-ECC2-5A9C-0000-0010E1111D00}\nProcessId: 17568\nImage: C:\\Program Files\\Mozilla Firefox\\firefox.exe\nUser: DESKTOP-WJANG\\wook8170\nProtocol: tcp\nInitiated: true\nSourceIsIpv6: false\nSourceIp: 192.168.198.67\nSourceHostname: DESKTOP-WJANG\nSourcePort: 2231\nSourcePortName: \nDestinationIsIpv6: false\nDestinationIp: 1.248.178.156\nDestinationHostname: \nDestinationPort: 443\nDestinationPortName: https",
  "task": "Network connection detected (rule: NetworkConnect)",
  "thread_id": 23856,
  "beat": {
    "name": "DESKTOP-WJANG",
    "hostname": "DESKTOP-WJANG",
    "version": "6.2.2"
  },
  "log_name": "Microsoft-Windows-Sysmon/Operational",
  "type": "wineventlog",
  "version": 5
}
{
  "@timestamp": "2018-03-05T07:24:19.312Z",
  "@metadata": {
    "beat": "winlogbeat",
    "type": "doc",
    "version": "6.2.2"
  },
  "log_name": "Microsoft-Windows-Sysmon/Operational",
  "source_name": "Microsoft-Windows-Sysmon",
  "record_number": "55",
  "opcode": "정보",
  "event_id": 3,
  "provider_guid": "{5770385F-C22A-43E0-BF4C-06F5698FFBD9}",
  "beat": {
    "name": "DESKTOP-WJANG",
    "hostname": "DESKTOP-WJANG",
    "version": "6.2.2"
  },
  "type": "wineventlog",
  "version": 5,
  "task": "Network connection detected (rule: NetworkConnect)",
  "user": {
    "type": "Well Known Group",
    "identifier": "S-1-5-18",
    "name": "SYSTEM",
    "domain": "NT AUTHORITY"
  },
  "computer_name": "DESKTOP-WJANG",
  "message": "Network connection detected:\nUtcTime: 2018-03-05 07:24:18.175\nProcessGuid: {A376A8F6-ECC2-5A9C-0000-0010E1111D00}\nProcessId: 17568\nImage: C:\\Program Files\\Mozilla Firefox\\firefox.exe\nUser: DESKTOP-WJANG\\wook8170\nProtocol: tcp\nInitiated: true\nSourceIsIpv6: false\nSourceIp: 192.168.198.67\nSourceHostname: DESKTOP-WJANG\nSourcePort: 2232\nSourcePortName: \nDestinationIsIpv6: false\nDestinationIp: 203.133.167.76\nDestinationHostname: \nDestinationPort: 443\nDestinationPortName: https",
  "process_id": 8608,
  "event_data": {
    "DestinationIp": "203.133.167.76",
    "Initiated": "true",
    "SourcePort": "2232",
    "UtcTime": "2018-03-05 07:24:18.175",
    "SourceHostname": "DESKTOP-WJANG",
    "DestinationPort": "443",
    "DestinationPortName": "https",
    "ProcessGuid": "{A376A8F6-ECC2-5A9C-0000-0010E1111D00}",
    "Image": "C:\\Program Files\\Mozilla Firefox\\firefox.exe",
    "ProcessId": "17568",
    "Protocol": "tcp",
    "User": "DESKTOP-WJANG\\wook8170",
    "SourceIp": "192.168.198.67",
    "SourceIsIpv6": "false",
    "DestinationIsIpv6": "false"
  },
  "thread_id": 23856,
  "level": "정보"
}
{
  "@timestamp": "2018-03-05T07:24:19.312Z",
  "@metadata": {
    "beat": "winlogbeat",
    "type": "doc",
    "version": "6.2.2"
  },
  "log_name": "Microsoft-Windows-Sysmon/Operational",
  "type": "wineventlog",
  "provider_guid": "{5770385F-C22A-43E0-BF4C-06F5698FFBD9}",
  "level": "정보",
  "version": 5,
  "process_id": 8608,
  "computer_name": "DESKTOP-WJANG",
  "thread_id": 23856,
  "user": {
    "identifier": "S-1-5-18",
    "name": "SYSTEM",
    "domain": "NT AUTHORITY",
    "type": "Well Known Group"
  },
  "record_number": "56",
  "message": "Network connection detected:\nUtcTime: 2018-03-05 07:24:18.175\nProcessGuid: {A376A8F6-ECC2-5A9C-0000-0010E1111D00}\nProcessId: 17568\nImage: C:\\Program Files\\Mozilla Firefox\\firefox.exe\nUser: DESKTOP-WJANG\\wook8170\nProtocol: tcp\nInitiated: true\nSourceIsIpv6: false\nSourceIp: 192.168.198.67\nSourceHostname: DESKTOP-WJANG\nSourcePort: 2233\nSourcePortName: \nDestinationIsIpv6: false\nDestinationIp: 203.133.167.76\nDestinationHostname: \nDestinationPort: 443\nDestinationPortName: https",
  "event_data": {
    "User": "DESKTOP-WJANG\\wook8170",
    "ProcessId": "17568",
    "SourcePort": "2233",
    "ProcessGuid": "{A376A8F6-ECC2-5A9C-0000-0010E1111D00}",
    "DestinationIsIpv6": "false",
    "Initiated": "true",
    "SourceIp": "192.168.198.67",
    "SourceHostname": "DESKTOP-WJANG",
    "Protocol": "tcp",
    "DestinationIp": "203.133.167.76",
    "UtcTime": "2018-03-05 07:24:18.175",
    "DestinationPort": "443",
    "DestinationPortName": "https",
    "SourceIsIpv6": "false",
    "Image": "C:\\Program Files\\Mozilla Firefox\\firefox.exe"
  },
  "event_id": 3,
  "opcode": "정보",
  "source_name": "Microsoft-Windows-Sysmon",
  "task": "Network connection detected (rule: NetworkConnect)",
  "beat": {
    "name": "DESKTOP-WJANG",
    "hostname": "DESKTOP-WJANG",
    "version": "6.2.2"
  }
}
{
  "@timestamp": "2018-03-05T07:24:19.563Z",
  "@metadata": {
    "beat": "winlogbeat",
    "type": "doc",
    "version": "6.2.2"
  },
  "event_data": {
    "ProcessGuid": "{A376A8F6-ECC2-5A9C-0000-0010E1111D00}",
    "DestinationPort": "443",
    "DestinationPortName": "https",
    "Image": "C:\\Program Files\\Mozilla Firefox\\firefox.exe",
    "DestinationIsIpv6": "false",
    "User": "DESKTOP-WJANG\\wook8170",
    "SourceIsIpv6": "false",
    "SourceIp": "192.168.198.67",
    "SourceHostname": "DESKTOP-WJANG",
    "SourcePort": "2234",
    "SourcePortName": "directplay",
    "ProcessId": "17568",
    "UtcTime": "2018-03-05 07:24:18.331",
    "Protocol": "tcp",
    "Initiated": "true",
    "DestinationIp": "211.231.100.82"
  },
  "event_id": 3,
  "log_name": "Microsoft-Windows-Sysmon/Operational",
  "source_name": "Microsoft-Windows-Sysmon",
  "computer_name": "DESKTOP-WJANG",
  "process_id": 8608,
  "task": "Network connection detected (rule: NetworkConnect)",
  "version": 5,
  "message": "Network connection detected:\nUtcTime: 2018-03-05 07:24:18.331\nProcessGuid: {A376A8F6-ECC2-5A9C-0000-0010E1111D00}\nProcessId: 17568\nImage: C:\\Program Files\\Mozilla Firefox\\firefox.exe\nUser: DESKTOP-WJANG\\wook8170\nProtocol: tcp\nInitiated: true\nSourceIsIpv6: false\nSourceIp: 192.168.198.67\nSourceHostname: DESKTOP-WJANG\nSourcePort: 2234\nSourcePortName: directplay\nDestinationIsIpv6: false\nDestinationIp: 211.231.100.82\nDestinationHostname: \nDestinationPort: 443\nDestinationPortName: https",
  "provider_guid": "{5770385F-C22A-43E0-BF4C-06F5698FFBD9}",
  "thread_id": 23856,
  "type": "wineventlog",
  "record_number": "57",
  "level": "정보",
  "opcode": "정보",
  "user": {
    "type": "Well Known Group",
    "identifier": "S-1-5-18",
    "name": "SYSTEM",
    "domain": "NT AUTHORITY"
  },
  "beat": {
    "name": "DESKTOP-WJANG",
    "hostname": "DESKTOP-WJANG",
    "version": "6.2.2"
  }
}
{
  "@timestamp": "2018-03-05T07:24:19.563Z",
  "@metadata": {
    "beat": "winlogbeat",
    "type": "doc",
    "version": "6.2.2"
  },
  "level": "정보",
  "event_id": 3,
  "computer_name": "DESKTOP-WJANG",
  "task": "Network connection detected (rule: NetworkConnect)",
  "log_name": "Microsoft-Windows-Sysmon/Operational",
  "record_number": "58",
  "message": "Network connection detected:\nUtcTime: 2018-03-05 07:24:18.428\nProcessGuid: {A376A8F6-ECC2-5A9C-0000-0010E1111D00}\nProcessId: 17568\nImage: C:\\Program Files\\Mozilla Firefox\\firefox.exe\nUser: DESKTOP-WJANG\\wook8170\nProtocol: tcp\nInitiated: true\nSourceIsIpv6: false\nSourceIp: 192.168.198.67\nSourceHostname: DESKTOP-WJANG\nSourcePort: 2235\nSourcePortName: \nDestinationIsIpv6: false\nDestinationIp: 163.171.72.90\nDestinationHostname: \nDestinationPort: 443\nDestinationPortName: https",
  "thread_id": 23856,
  "beat": {
    "name": "DESKTOP-WJANG",
    "hostname": "DESKTOP-WJANG",
    "version": "6.2.2"
  },
  "event_data": {
    "ProcessGuid": "{A376A8F6-ECC2-5A9C-0000-0010E1111D00}",
    "DestinationPort": "443",
    "DestinationPortName": "https",
    "UtcTime": "2018-03-05 07:24:18.428",
    "SourceIsIpv6": "false",
    "DestinationIp": "163.171.72.90",
    "DestinationIsIpv6": "false",
    "User": "DESKTOP-WJANG\\wook8170",
    "Initiated": "true",
    "ProcessId": "17568",
    "Protocol": "tcp",
    "SourcePort": "2235",
    "SourceIp": "192.168.198.67",
    "Image": "C:\\Program Files\\Mozilla Firefox\\firefox.exe",
    "SourceHostname": "DESKTOP-WJANG"
  },
  "source_name": "Microsoft-Windows-Sysmon",
  "provider_guid": "{5770385F-C22A-43E0-BF4C-06F5698FFBD9}",
  "type": "wineventlog",
  "version": 5,
  "process_id": 8608,
  "opcode": "정보",
  "user": {
    "identifier": "S-1-5-18",
    "name": "SYSTEM",
    "domain": "NT AUTHORITY",
    "type": "Well Known Group"
  }
}
{
  "@timestamp": "2018-03-05T07:24:19.563Z",
  "@metadata": {
    "beat": "winlogbeat",
    "type": "doc",
    "version": "6.2.2"
  },
  "user": {
    "identifier": "S-1-5-18",
    "name": "SYSTEM",
    "domain": "NT AUTHORITY",
    "type": "Well Known Group"
  },
  "version": 5,
  "record_number": "59",
  "source_name": "Microsoft-Windows-Sysmon",
  "task": "Network connection detected (rule: NetworkConnect)",
  "thread_id": 23856,
  "event_data": {
    "DestinationIp": "211.231.99.16",
    "SourceIp": "192.168.198.67",
    "Protocol": "tcp",
    "ProcessId": "17568",
    "DestinationPortName": "https",
    "UtcTime": "2018-03-05 07:24:18.437",
    "SourcePort": "2236",
    "DestinationIsIpv6": "false",
    "User": "DESKTOP-WJANG\\wook8170",
    "Image": "C:\\Program Files\\Mozilla Firefox\\firefox.exe",
    "SourceHostname": "DESKTOP-WJANG",
    "DestinationPort": "443",
    "SourceIsIpv6": "false",
    "Initiated": "true",
    "ProcessGuid": "{A376A8F6-ECC2-5A9C-0000-0010E1111D00}"
  },
  "log_name": "Microsoft-Windows-Sysmon/Operational",
  "computer_name": "DESKTOP-WJANG",
  "event_id": 3,
  "process_id": 8608,
  "type": "wineventlog",
  "opcode": "정보",
  "provider_guid": "{5770385F-C22A-43E0-BF4C-06F5698FFBD9}",
  "message": "Network connection detected:\nUtcTime: 2018-03-05 07:24:18.437\nProcessGuid: {A376A8F6-ECC2-5A9C-0000-0010E1111D00}\nProcessId: 17568\nImage: C:\\Program Files\\Mozilla Firefox\\firefox.exe\nUser: DESKTOP-WJANG\\wook8170\nProtocol: tcp\nInitiated: true\nSourceIsIpv6: false\nSourceIp: 192.168.198.67\nSourceHostname: DESKTOP-WJANG\nSourcePort: 2236\nSourcePortName: \nDestinationIsIpv6: false\nDestinationIp: 211.231.99.16\nDestinationHostname: \nDestinationPort: 443\nDestinationPortName: https",
  "level": "정보",
  "beat": {
    "name": "DESKTOP-WJANG",
    "hostname": "DESKTOP-WJANG",
    "version": "6.2.2"
  }
}
{
  "@timestamp": "2018-03-05T07:24:19.563Z",
  "@metadata": {
    "beat": "winlogbeat",
    "type": "doc",
    "version": "6.2.2"
  },
  "level": "정보",
  "type": "wineventlog",
  "record_number": "60",
  "thread_id": 23856,
  "task": "Network connection detected (rule: NetworkConnect)",
  "version": 5,
  "opcode": "정보",
  "log_name": "Microsoft-Windows-Sysmon/Operational",
  "event_id": 3,
  "provider_guid": "{5770385F-C22A-43E0-BF4C-06F5698FFBD9}",
  "event_data": {
    "DestinationPortName": "https",
    "ProcessId": "17568",
    "SourcePort": "2239",
    "ProcessGuid": "{A376A8F6-ECC2-5A9C-0000-0010E1111D00}",
    "Image": "C:\\Program Files\\Mozilla Firefox\\firefox.exe",
    "SourceIp": "192.168.198.67",
    "DestinationIp": "211.231.99.14",
    "SourceHostname": "DESKTOP-WJANG",
    "DestinationIsIpv6": "false",
    "UtcTime": "2018-03-05 07:24:18.469",
    "User": "DESKTOP-WJANG\\wook8170",
    "Initiated": "true",
    "SourceIsIpv6": "false",
    "DestinationPort": "443",
    "Protocol": "tcp"
  },
  "process_id": 8608,
  "user": {
    "domain": "NT AUTHORITY",
    "type": "Well Known Group",
    "identifier": "S-1-5-18",
    "name": "SYSTEM"
  },
  "source_name": "Microsoft-Windows-Sysmon",
  "computer_name": "DESKTOP-WJANG",
  "beat": {
    "name": "DESKTOP-WJANG",
    "hostname": "DESKTOP-WJANG",
    "version": "6.2.2"
  },
  "message": "Network connection detected:\nUtcTime: 2018-03-05 07:24:18.469\nProcessGuid: {A376A8F6-ECC2-5A9C-0000-0010E1111D00}\nProcessId: 17568\nImage: C:\\Program Files\\Mozilla Firefox\\firefox.exe\nUser: DESKTOP-WJANG\\wook8170\nProtocol: tcp\nInitiated: true\nSourceIsIpv6: false\nSourceIp: 192.168.198.67\nSourceHostname: DESKTOP-WJANG\nSourcePort: 2239\nSourcePortName: \nDestinationIsIpv6: false\nDestinationIp: 211.231.99.14\nDestinationHostname: \nDestinationPort: 443\nDestinationPortName: https"
}
{
  "@timestamp": "2018-03-05T07:24:19.563Z",
  "@metadata": {
    "beat": "winlogbeat",
    "type": "doc",
    "version": "6.2.2"
  },
  "beat": {
    "name": "DESKTOP-WJANG",
    "hostname": "DESKTOP-WJANG",
    "version": "6.2.2"
  },
  "message": "Network connection detected:\nUtcTime: 2018-03-05 07:24:18.470\nProcessGuid: {A376A8F6-ECC2-5A9C-0000-0010E1111D00}\nProcessId: 17568\nImage: C:\\Program Files\\Mozilla Firefox\\firefox.exe\nUser: DESKTOP-WJANG\\wook8170\nProtocol: tcp\nInitiated: true\nSourceIsIpv6: false\nSourceIp: 192.168.198.67\nSourceHostname: DESKTOP-WJANG\nSourcePort: 2238\nSourcePortName: \nDestinationIsIpv6: false\nDestinationIp: 211.231.99.14\nDestinationHostname: \nDestinationPort: 443\nDestinationPortName: https",
  "event_id": 3,
  "level": "정보",
  "opcode": "정보",
  "event_data": {
    "SourceIp": "192.168.198.67",
    "UtcTime": "2018-03-05 07:24:18.470",
    "SourceIsIpv6": "false",
    "SourcePort": "2238",
    "Protocol": "tcp",
    "SourceHostname": "DESKTOP-WJANG",
    "Image": "C:\\Program Files\\Mozilla Firefox\\firefox.exe",
    "DestinationIsIpv6": "false",
    "DestinationPortName": "https",
    "User": "DESKTOP-WJANG\\wook8170",
    "ProcessId": "17568",
    "ProcessGuid": "{A376A8F6-ECC2-5A9C-0000-0010E1111D00}",
    "Initiated": "true",
    "DestinationPort": "443",
    "DestinationIp": "211.231.99.14"
  },
  "computer_name": "DESKTOP-WJANG",
  "type": "wineventlog",
  "task": "Network connection detected (rule: NetworkConnect)",
  "thread_id": 23856,
  "provider_guid": "{5770385F-C22A-43E0-BF4C-06F5698FFBD9}",
  "user": {
    "name": "SYSTEM",
    "domain": "NT AUTHORITY",
    "type": "Well Known Group",
    "identifier": "S-1-5-18"
  },
  "version": 5,
  "process_id": 8608,
  "source_name": "Microsoft-Windows-Sysmon",
  "log_name": "Microsoft-Windows-Sysmon/Operational",
  "record_number": "61"
}
{
  "@timestamp": "2018-03-05T07:24:19.563Z",
  "@metadata": {
    "beat": "winlogbeat",
    "type": "doc",
    "version": "6.2.2"
  },
  "process_id": 8608,
  "log_name": "Microsoft-Windows-Sysmon/Operational",
  "message": "Network connection detected:\nUtcTime: 2018-03-05 07:24:18.475\nProcessGuid: {A376A8F6-ECC2-5A9C-0000-0010E1111D00}\nProcessId: 17568\nImage: C:\\Program Files\\Mozilla Firefox\\firefox.exe\nUser: DESKTOP-WJANG\\wook8170\nProtocol: tcp\nInitiated: true\nSourceIsIpv6: false\nSourceIp: 192.168.198.67\nSourceHostname: DESKTOP-WJANG\nSourcePort: 2240\nSourcePortName: \nDestinationIsIpv6: false\nDestinationIp: 211.231.99.14\nDestinationHostname: \nDestinationPort: 443\nDestinationPortName: https",
  "type": "wineventlog",
  "event_id": 3,
  "version": 5,
  "beat": {
    "name": "DESKTOP-WJANG",
    "hostname": "DESKTOP-WJANG",
    "version": "6.2.2"
  },
  "provider_guid": "{5770385F-C22A-43E0-BF4C-06F5698FFBD9}",
  "event_data": {
    "DestinationPort": "443",
    "UtcTime": "2018-03-05 07:24:18.475",
    "Image": "C:\\Program Files\\Mozilla Firefox\\firefox.exe",
    "SourceIp": "192.168.198.67",
    "DestinationIsIpv6": "false",
    "SourcePort": "2240",
    "DestinationIp": "211.231.99.14",
    "User": "DESKTOP-WJANG\\wook8170",
    "Initiated": "true",
    "Protocol": "tcp",
    "SourceIsIpv6": "false",
    "ProcessId": "17568",
    "SourceHostname": "DESKTOP-WJANG",
    "DestinationPortName": "https",
    "ProcessGuid": "{A376A8F6-ECC2-5A9C-0000-0010E1111D00}"
  },
  "source_name": "Microsoft-Windows-Sysmon",
  "record_number": "62",
  "level": "정보",
  "opcode": "정보",
  "task": "Network connection detected (rule: NetworkConnect)",
  "user": {
    "domain": "NT AUTHORITY",
    "type": "Well Known Group",
    "identifier": "S-1-5-18",
    "name": "SYSTEM"
  },
  "thread_id": 23856,
  "computer_name": "DESKTOP-WJANG"
}
{
  "@timestamp": "2018-03-05T07:24:19.563Z",
  "@metadata": {
    "beat": "winlogbeat",
    "type": "doc",
    "version": "6.2.2"
  },
  "level": "정보",
  "opcode": "정보",
  "computer_name": "DESKTOP-WJANG",
  "user": {
    "type": "Well Known Group",
    "identifier": "S-1-5-18",
    "name": "SYSTEM",
    "domain": "NT AUTHORITY"
  },
  "beat": {
    "name": "DESKTOP-WJANG",
    "hostname": "DESKTOP-WJANG",
    "version": "6.2.2"
  },
  "provider_guid": "{5770385F-C22A-43E0-BF4C-06F5698FFBD9}",
  "task": "Network connection detected (rule: NetworkConnect)",
  "log_name": "Microsoft-Windows-Sysmon/Operational",
  "event_data": {
    "DestinationPortName": "https",
    "ProcessGuid": "{A376A8F6-ECC2-5A9C-0000-0010E1111D00}",
    "Image": "C:\\Program Files\\Mozilla Firefox\\firefox.exe",
    "DestinationIp": "211.231.99.14",
    "SourcePort": "2241",
    "DestinationPort": "443",
    "User": "DESKTOP-WJANG\\wook8170",
    "UtcTime": "2018-03-05 07:24:18.477",
    "SourceHostname": "DESKTOP-WJANG",
    "SourceIsIpv6": "false",
    "DestinationIsIpv6": "false",
    "ProcessId": "17568",
    "Protocol": "tcp",
    "Initiated": "true",
    "SourceIp": "192.168.198.67"
  },
  "record_number": "63",
  "thread_id": 23856,
  "type": "wineventlog",
  "source_name": "Microsoft-Windows-Sysmon",
  "message": "Network connection detected:\nUtcTime: 2018-03-05 07:24:18.477\nProcessGuid: {A376A8F6-ECC2-5A9C-0000-0010E1111D00}\nProcessId: 17568\nImage: C:\\Program Files\\Mozilla Firefox\\firefox.exe\nUser: DESKTOP-WJANG\\wook8170\nProtocol: tcp\nInitiated: true\nSourceIsIpv6: false\nSourceIp: 192.168.198.67\nSourceHostname: DESKTOP-WJANG\nSourcePort: 2241\nSourcePortName: \nDestinationIsIpv6: false\nDestinationIp: 211.231.99.14\nDestinationHostname: \nDestinationPort: 443\nDestinationPortName: https",
  "process_id": 8608,
  "event_id": 3,
  "version": 5
}
{
  "@timestamp": "2018-03-05T07:24:19.814Z",
  "@metadata": {
    "beat": "winlogbeat",
    "type": "doc",
    "version": "6.2.2"
  },
  "computer_name": "DESKTOP-WJANG",
  "thread_id": 23856,
  "task": "Network connection detected (rule: NetworkConnect)",
  "opcode": "정보",
  "user": {
    "domain": "NT AUTHORITY",
    "type": "Well Known Group",
    "identifier": "S-1-5-18",
    "name": "SYSTEM"
  },
  "source_name": "Microsoft-Windows-Sysmon",
  "provider_guid": "{5770385F-C22A-43E0-BF4C-06F5698FFBD9}",
  "beat": {
    "name": "DESKTOP-WJANG",
    "hostname": "DESKTOP-WJANG",
    "version": "6.2.2"
  },
  "process_id": 8608,
  "version": 5,
  "event_data": {
    "ProcessGuid": "{A376A8F6-ECC2-5A9C-0000-0010E1111D00}",
    "UtcTime": "2018-03-05 07:24:18.612",
    "ProcessId": "17568",
    "DestinationIsIpv6": "false",
    "User": "DESKTOP-WJANG\\wook8170",
    "DestinationPortName": "https",
    "Initiated": "true",
    "Protocol": "tcp",
    "SourceIsIpv6": "false",
    "SourceIp": "192.168.198.67",
    "SourceHostname": "DESKTOP-WJANG",
    "DestinationIp": "203.133.167.84",
    "SourcePort": "2243",
    "Image": "C:\\Program Files\\Mozilla Firefox\\firefox.exe",
    "DestinationPort": "443"
  },
  "log_name": "Microsoft-Windows-Sysmon/Operational",
  "type": "wineventlog",
  "message": "Network connection detected:\nUtcTime: 2018-03-05 07:24:18.612\nProcessGuid: {A376A8F6-ECC2-5A9C-0000-0010E1111D00}\nProcessId: 17568\nImage: C:\\Program Files\\Mozilla Firefox\\firefox.exe\nUser: DESKTOP-WJANG\\wook8170\nProtocol: tcp\nInitiated: true\nSourceIsIpv6: false\nSourceIp: 192.168.198.67\nSourceHostname: DESKTOP-WJANG\nSourcePort: 2243\nSourcePortName: \nDestinationIsIpv6: false\nDestinationIp: 203.133.167.84\nDestinationHostname: \nDestinationPort: 443\nDestinationPortName: https",
  "event_id": 3,
  "record_number": "64",
  "level": "정보"
}
{
  "@timestamp": "2018-03-05T07:24:19.814Z",
  "@metadata": {
    "beat": "winlogbeat",
    "type": "doc",
    "version": "6.2.2"
  },
  "user": {
    "identifier": "S-1-5-18",
    "name": "SYSTEM",
    "domain": "NT AUTHORITY",
    "type": "Well Known Group"
  },
  "record_number": "65",
  "log_name": "Microsoft-Windows-Sysmon/Operational",
  "task": "Network connection detected (rule: NetworkConnect)",
  "thread_id": 23856,
  "level": "정보",
  "event_data": {
    "ProcessId": "17568",
    "UtcTime": "2018-03-05 07:24:18.612",
    "Protocol": "tcp",
    "Initiated": "true",
    "ProcessGuid": "{A376A8F6-ECC2-5A9C-0000-0010E1111D00}",
    "SourceIp": "192.168.198.67",
    "DestinationIp": "211.231.99.141",
    "DestinationPortName": "https",
    "DestinationPort": "443",
    "SourcePort": "2242",
    "User": "DESKTOP-WJANG\\wook8170",
    "Image": "C:\\Program Files\\Mozilla Firefox\\firefox.exe",
    "SourceIsIpv6": "false",
    "SourceHostname": "DESKTOP-WJANG",
    "DestinationIsIpv6": "false"
  },
  "source_name": "Microsoft-Windows-Sysmon",
  "event_id": 3,
  "opcode": "정보",
  "message": "Network connection detected:\nUtcTime: 2018-03-05 07:24:18.612\nProcessGuid: {A376A8F6-ECC2-5A9C-0000-0010E1111D00}\nProcessId: 17568\nImage: C:\\Program Files\\Mozilla Firefox\\firefox.exe\nUser: DESKTOP-WJANG\\wook8170\nProtocol: tcp\nInitiated: true\nSourceIsIpv6: false\nSourceIp: 192.168.198.67\nSourceHostname: DESKTOP-WJANG\nSourcePort: 2242\nSourcePortName: \nDestinationIsIpv6: false\nDestinationIp: 211.231.99.141\nDestinationHostname: \nDestinationPort: 443\nDestinationPortName: https",
  "process_id": 8608,
  "computer_name": "DESKTOP-WJANG",
  "version": 5,
  "type": "wineventlog",
  "provider_guid": "{5770385F-C22A-43E0-BF4C-06F5698FFBD9}",
  "beat": {
    "name": "DESKTOP-WJANG",
    "hostname": "DESKTOP-WJANG",
    "version": "6.2.2"
  }
}
{
  "@timestamp": "2018-03-05T07:24:19.814Z",
  "@metadata": {
    "beat": "winlogbeat",
    "type": "doc",
    "version": "6.2.2"
  },
  "provider_guid": "{5770385F-C22A-43E0-BF4C-06F5698FFBD9}",
  "user": {
    "identifier": "S-1-5-18",
    "name": "SYSTEM",
    "domain": "NT AUTHORITY",
    "type": "Well Known Group"
  },
  "record_number": "66",
  "process_id": 8608,
  "level": "정보",
  "task": "Network connection detected (rule: NetworkConnect)",
  "opcode": "정보",
  "computer_name": "DESKTOP-WJANG",
  "thread_id": 23856,
  "log_name": "Microsoft-Windows-Sysmon/Operational",
  "message": "Network connection detected:\nUtcTime: 2018-03-05 07:24:18.659\nProcessGuid: {A376A8F6-ECC2-5A9C-0000-0010E1111D00}\nProcessId: 17568\nImage: C:\\Program Files\\Mozilla Firefox\\firefox.exe\nUser: DESKTOP-WJANG\\wook8170\nProtocol: tcp\nInitiated: true\nSourceIsIpv6: false\nSourceIp: 192.168.198.67\nSourceHostname: DESKTOP-WJANG\nSourcePort: 2245\nSourcePortName: \nDestinationIsIpv6: false\nDestinationIp: 211.231.99.14\nDestinationHostname: \nDestinationPort: 443\nDestinationPortName: https",
  "event_data": {
    "Image": "C:\\Program Files\\Mozilla Firefox\\firefox.exe",
    "DestinationIsIpv6": "false",
    "SourceIsIpv6": "false",
    "SourcePort": "2245",
    "DestinationIp": "211.231.99.14",
    "Protocol": "tcp",
    "DestinationPortName": "https",
    "SourceIp": "192.168.198.67",
    "DestinationPort": "443",
    "SourceHostname": "DESKTOP-WJANG",
    "User": "DESKTOP-WJANG\\wook8170",
    "ProcessGuid": "{A376A8F6-ECC2-5A9C-0000-0010E1111D00}",
    "ProcessId": "17568",
    "UtcTime": "2018-03-05 07:24:18.659",
    "Initiated": "true"
  },
  "event_id": 3,
  "source_name": "Microsoft-Windows-Sysmon",
  "type": "wineventlog",
  "version": 5,
  "beat": {
    "name": "DESKTOP-WJANG",
    "hostname": "DESKTOP-WJANG",
    "version": "6.2.2"
  }
}
{
  "@timestamp": "2018-03-05T07:24:19.814Z",
  "@metadata": {
    "beat": "winlogbeat",
    "type": "doc",
    "version": "6.2.2"
  },
  "type": "wineventlog",
  "event_id": 3,
  "provider_guid": "{5770385F-C22A-43E0-BF4C-06F5698FFBD9}",
  "message": "Network connection detected:\nUtcTime: 2018-03-05 07:24:18.660\nProcessGuid: {A376A8F6-ECC2-5A9C-0000-0010E1111D00}\nProcessId: 17568\nImage: C:\\Program Files\\Mozilla Firefox\\firefox.exe\nUser: DESKTOP-WJANG\\wook8170\nProtocol: tcp\nInitiated: true\nSourceIsIpv6: false\nSourceIp: 192.168.198.67\nSourceHostname: DESKTOP-WJANG\nSourcePort: 2244\nSourcePortName: \nDestinationIsIpv6: false\nDestinationIp: 203.133.172.63\nDestinationHostname: \nDestinationPort: 443\nDestinationPortName: https",
  "event_data": {
    "DestinationPortName": "https",
    "DestinationIp": "203.133.172.63",
    "SourcePort": "2244",
    "DestinationIsIpv6": "false",
    "User": "DESKTOP-WJANG\\wook8170",
    "Protocol": "tcp",
    "ProcessId": "17568",
    "SourceHostname": "DESKTOP-WJANG",
    "SourceIsIpv6": "false",
    "ProcessGuid": "{A376A8F6-ECC2-5A9C-0000-0010E1111D00}",
    "UtcTime": "2018-03-05 07:24:18.660",
    "SourceIp": "192.168.198.67",
    "Initiated": "true",
    "DestinationPort": "443",
    "Image": "C:\\Program Files\\Mozilla Firefox\\firefox.exe"
  },
  "beat": {
    "name": "DESKTOP-WJANG",
    "hostname": "DESKTOP-WJANG",
    "version": "6.2.2"
  },
  "process_id": 8608,
  "user": {
    "identifier": "S-1-5-18",
    "name": "SYSTEM",
    "domain": "NT AUTHORITY",
    "type": "Well Known Group"
  },
  "version": 5,
  "record_number": "67",
  "source_name": "Microsoft-Windows-Sysmon",
  "level": "정보",
  "thread_id": 23856,
  "log_name": "Microsoft-Windows-Sysmon/Operational",
  "opcode": "정보",
  "computer_name": "DESKTOP-WJANG",
  "task": "Network connection detected (rule: NetworkConnect)"
}
{
  "@timestamp": "2018-03-05T07:24:19.814Z",
  "@metadata": {
    "beat": "winlogbeat",
    "type": "doc",
    "version": "6.2.2"
  },
  "record_number": "68",
  "event_id": 3,
  "opcode": "정보",
  "event_data": {
    "Protocol": "tcp",
    "DestinationPort": "443",
    "Image": "C:\\Program Files\\Mozilla Firefox\\firefox.exe",
    "SourceHostname": "DESKTOP-WJANG",
    "DestinationIsIpv6": "false",
    "SourceIp": "192.168.198.67",
    "DestinationPortName": "https",
    "SourceIsIpv6": "false",
    "User": "DESKTOP-WJANG\\wook8170",
    "ProcessId": "17568",
    "Initiated": "true",
    "ProcessGuid": "{A376A8F6-ECC2-5A9C-0000-0010E1111D00}",
    "UtcTime": "2018-03-05 07:24:18.736",
    "SourcePort": "2246",
    "DestinationIp": "203.133.172.63"
  },
  "type": "wineventlog",
  "computer_name": "DESKTOP-WJANG",
  "level": "정보",
  "provider_guid": "{5770385F-C22A-43E0-BF4C-06F5698FFBD9}",
  "thread_id": 23856,
  "source_name": "Microsoft-Windows-Sysmon",
  "process_id": 8608,
  "task": "Network connection detected (rule: NetworkConnect)",
  "message": "Network connection detected:\nUtcTime: 2018-03-05 07:24:18.736\nProcessGuid: {A376A8F6-ECC2-5A9C-0000-0010E1111D00}\nProcessId: 17568\nImage: C:\\Program Files\\Mozilla Firefox\\firefox.exe\nUser: DESKTOP-WJANG\\wook8170\nProtocol: tcp\nInitiated: true\nSourceIsIpv6: false\nSourceIp: 192.168.198.67\nSourceHostname: DESKTOP-WJANG\nSourcePort: 2246\nSourcePortName: \nDestinationIsIpv6: false\nDestinationIp: 203.133.172.63\nDestinationHostname: \nDestinationPort: 443\nDestinationPortName: https",
  "user": {
    "type": "Well Known Group",
    "identifier": "S-1-5-18",
    "name": "SYSTEM",
    "domain": "NT AUTHORITY"
  },
  "log_name": "Microsoft-Windows-Sysmon/Operational",
  "version": 5,
  "beat": {
    "name": "DESKTOP-WJANG",
    "hostname": "DESKTOP-WJANG",
    "version": "6.2.2"
  }
}
{
  "@timestamp": "2018-03-05T07:24:19.814Z",
  "@metadata": {
    "beat": "winlogbeat",
    "type": "doc",
    "version": "6.2.2"
  },
  "task": "Network connection detected (rule: NetworkConnect)",
  "beat": {
    "name": "DESKTOP-WJANG",
    "hostname": "DESKTOP-WJANG",
    "version": "6.2.2"
  },
  "log_name": "Microsoft-Windows-Sysmon/Operational",
  "provider_guid": "{5770385F-C22A-43E0-BF4C-06F5698FFBD9}",
  "opcode": "정보",
  "source_name": "Microsoft-Windows-Sysmon",
  "thread_id": 23856,
  "type": "wineventlog",
  "level": "정보",
  "record_number": "69",
  "process_id": 8608,
  "event_id": 3,
  "version": 5,
  "computer_name": "DESKTOP-WJANG",
  "user": {
    "identifier": "S-1-5-18",
    "name": "SYSTEM",
    "domain": "NT AUTHORITY",
    "type": "Well Known Group"
  },
  "message": "Network connection detected:\nUtcTime: 2018-03-05 07:24:18.786\nProcessGuid: {A376A8F6-ECC2-5A9C-0000-0010E1111D00}\nProcessId: 17568\nImage: C:\\Program Files\\Mozilla Firefox\\firefox.exe\nUser: DESKTOP-WJANG\\wook8170\nProtocol: tcp\nInitiated: true\nSourceIsIpv6: false\nSourceIp: 192.168.198.67\nSourceHostname: DESKTOP-WJANG\nSourcePort: 2247\nSourcePortName: \nDestinationIsIpv6: false\nDestinationIp: 203.133.167.207\nDestinationHostname: \nDestinationPort: 443\nDestinationPortName: https",
  "event_data": {
    "DestinationIp": "203.133.167.207",
    "Initiated": "true",
    "SourceIsIpv6": "false",
    "Protocol": "tcp",
    "DestinationPortName": "https",
    "SourceIp": "192.168.198.67",
    "DestinationIsIpv6": "false",
    "SourcePort": "2247",
    "SourceHostname": "DESKTOP-WJANG",
    "UtcTime": "2018-03-05 07:24:18.786",
    "User": "DESKTOP-WJANG\\wook8170",
    "Image": "C:\\Program Files\\Mozilla Firefox\\firefox.exe",
    "ProcessGuid": "{A376A8F6-ECC2-5A9C-0000-0010E1111D00}",
    "DestinationPort": "443",
    "ProcessId": "17568"
  }
}
{
  "@timestamp": "2018-03-05T07:24:20.064Z",
  "@metadata": {
    "beat": "winlogbeat",
    "type": "doc",
    "version": "6.2.2"
  },
  "message": "Network connection detected:\nUtcTime: 2018-03-05 07:24:18.884\nProcessGuid: {A376A8F6-ECC2-5A9C-0000-0010E1111D00}\nProcessId: 17568\nImage: C:\\Program Files\\Mozilla Firefox\\firefox.exe\nUser: DESKTOP-WJANG\\wook8170\nProtocol: tcp\nInitiated: true\nSourceIsIpv6: false\nSourceIp: 192.168.198.67\nSourceHostname: DESKTOP-WJANG\nSourcePort: 2248\nSourcePortName: \nDestinationIsIpv6: false\nDestinationIp: 211.231.108.82\nDestinationHostname: \nDestinationPort: 443\nDestinationPortName: https",
  "task": "Network connection detected (rule: NetworkConnect)",
  "opcode": "정보",
  "thread_id": 23856,
  "level": "정보",
  "source_name": "Microsoft-Windows-Sysmon",
  "record_number": "70",
  "computer_name": "DESKTOP-WJANG",
  "type": "wineventlog",
  "version": 5,
  "provider_guid": "{5770385F-C22A-43E0-BF4C-06F5698FFBD9}",
  "process_id": 8608,
  "user": {
    "name": "SYSTEM",
    "domain": "NT AUTHORITY",
    "type": "Well Known Group",
    "identifier": "S-1-5-18"
  },
  "log_name": "Microsoft-Windows-Sysmon/Operational",
  "event_id": 3,
  "event_data": {
    "SourceIsIpv6": "false",
    "UtcTime": "2018-03-05 07:24:18.884",
    "User": "DESKTOP-WJANG\\wook8170",
    "DestinationIp": "211.231.108.82",
    "SourcePort": "2248",
    "ProcessId": "17568",
    "Initiated": "true",
    "Protocol": "tcp",
    "DestinationPortName": "https",
    "DestinationIsIpv6": "false",
    "DestinationPort": "443",
    "SourceIp": "192.168.198.67",
    "ProcessGuid": "{A376A8F6-ECC2-5A9C-0000-0010E1111D00}",
    "Image": "C:\\Program Files\\Mozilla Firefox\\firefox.exe",
    "SourceHostname": "DESKTOP-WJANG"
  },
  "beat": {
    "name": "DESKTOP-WJANG",
    "hostname": "DESKTOP-WJANG",
    "version": "6.2.2"
  }
}
{
  "@timestamp": "2018-03-05T07:24:20.064Z",
  "@metadata": {
    "beat": "winlogbeat",
    "type": "doc",
    "version": "6.2.2"
  },
  "computer_name": "DESKTOP-WJANG",
  "task": "Network connection detected (rule: NetworkConnect)",
  "level": "정보",
  "event_data": {
    "Image": "C:\\Program Files\\Mozilla Firefox\\firefox.exe",
    "User": "DESKTOP-WJANG\\wook8170",
    "Protocol": "tcp",
    "SourceIp": "192.168.198.67",
    "ProcessGuid": "{A376A8F6-ECC2-5A9C-0000-0010E1111D00}",
    "ProcessId": "17568",
    "SourcePort": "2249",
    "Initiated": "true",
    "DestinationPort": "443",
    "DestinationIsIpv6": "false",
    "DestinationPortName": "https",
    "SourceHostname": "DESKTOP-WJANG",
    "DestinationIp": "203.133.167.207",
    "UtcTime": "2018-03-05 07:24:18.922",
    "SourceIsIpv6": "false"
  },
  "type": "wineventlog",
  "message": "Network connection detected:\nUtcTime: 2018-03-05 07:24:18.922\nProcessGuid: {A376A8F6-ECC2-5A9C-0000-0010E1111D00}\nProcessId: 17568\nImage: C:\\Program Files\\Mozilla Firefox\\firefox.exe\nUser: DESKTOP-WJANG\\wook8170\nProtocol: tcp\nInitiated: true\nSourceIsIpv6: false\nSourceIp: 192.168.198.67\nSourceHostname: DESKTOP-WJANG\nSourcePort: 2249\nSourcePortName: \nDestinationIsIpv6: false\nDestinationIp: 203.133.167.207\nDestinationHostname: \nDestinationPort: 443\nDestinationPortName: https",
  "provider_guid": "{5770385F-C22A-43E0-BF4C-06F5698FFBD9}",
  "beat": {
    "hostname": "DESKTOP-WJANG",
    "version": "6.2.2",
    "name": "DESKTOP-WJANG"
  },
  "source_name": "Microsoft-Windows-Sysmon",
  "version": 5,
  "record_number": "71",
  "user": {
    "name": "SYSTEM",
    "domain": "NT AUTHORITY",
    "type": "Well Known Group",
    "identifier": "S-1-5-18"
  },
  "opcode": "정보",
  "thread_id": 23856,
  "log_name": "Microsoft-Windows-Sysmon/Operational",
  "event_id": 3,
  "process_id": 8608
}
{
  "@timestamp": "2018-03-05T07:24:20.064Z",
  "@metadata": {
    "beat": "winlogbeat",
    "type": "doc",
    "version": "6.2.2"
  },
  "task": "Network connection detected (rule: NetworkConnect)",
  "process_id": 8608,
  "level": "정보",
  "beat": {
    "name": "DESKTOP-WJANG",
    "hostname": "DESKTOP-WJANG",
    "version": "6.2.2"
  },
  "record_number": "72",
  "user": {
    "identifier": "S-1-5-18",
    "name": "SYSTEM",
    "domain": "NT AUTHORITY",
    "type": "Well Known Group"
  },
  "computer_name": "DESKTOP-WJANG",
  "thread_id": 23856,
  "message": "Network connection detected:\nUtcTime: 2018-03-05 07:24:18.993\nProcessGuid: {A376A8F6-ECC2-5A9C-0000-0010E1111D00}\nProcessId: 17568\nImage: C:\\Program Files\\Mozilla Firefox\\firefox.exe\nUser: DESKTOP-WJANG\\wook8170\nProtocol: tcp\nInitiated: true\nSourceIsIpv6: false\nSourceIp: 192.168.198.67\nSourceHostname: DESKTOP-WJANG\nSourcePort: 2250\nSourcePortName: \nDestinationIsIpv6: false\nDestinationIp: 211.231.108.82\nDestinationHostname: \nDestinationPort: 443\nDestinationPortName: https",
  "log_name": "Microsoft-Windows-Sysmon/Operational",
  "type": "wineventlog",
  "source_name": "Microsoft-Windows-Sysmon",
  "event_id": 3,
  "version": 5,
  "opcode": "정보",
  "provider_guid": "{5770385F-C22A-43E0-BF4C-06F5698FFBD9}",
  "event_data": {
    "ProcessGuid": "{A376A8F6-ECC2-5A9C-0000-0010E1111D00}",
    "Protocol": "tcp",
    "SourcePort": "2250",
    "ProcessId": "17568",
    "Initiated": "true",
    "DestinationPort": "443",
    "SourceHostname": "DESKTOP-WJANG",
    "SourceIsIpv6": "false",
    "DestinationPortName": "https",
    "Image": "C:\\Program Files\\Mozilla Firefox\\firefox.exe",
    "SourceIp": "192.168.198.67",
    "User": "DESKTOP-WJANG\\wook8170",
    "UtcTime": "2018-03-05 07:24:18.993",
    "DestinationIsIpv6": "false",
    "DestinationIp": "211.231.108.82"
  }
}
{
  "@timestamp": "2018-03-05T07:24:26.323Z",
  "@metadata": {
    "beat": "winlogbeat",
    "type": "doc",
    "version": "6.2.2"
  },
  "process_id": 8608,
  "opcode": "정보",
  "type": "wineventlog",
  "message": "Network connection detected:\nUtcTime: 2018-03-05 07:24:24.763\nProcessGuid: {A376A8F6-ECA2-5A9C-0000-00105A270200}\nProcessId: 3544\nImage: C:\\Windows\\System32\\svchost.exe\nUser: NT AUTHORITY\\SYSTEM\nProtocol: tcp\nInitiated: true\nSourceIsIpv6: false\nSourceIp: 192.168.198.67\nSourceHostname: DESKTOP-WJANG\nSourcePort: 2251\nSourcePortName: \nDestinationIsIpv6: false\nDestinationIp: 134.170.58.118\nDestinationHostname: \nDestinationPort: 443\nDestinationPortName: https",
  "level": "정보",
  "event_data": {
    "DestinationIsIpv6": "false",
    "Image": "C:\\Windows\\System32\\svchost.exe",
    "DestinationPortName": "https",
    "DestinationIp": "134.170.58.118",
    "UtcTime": "2018-03-05 07:24:24.763",
    "User": "NT AUTHORITY\\SYSTEM",
    "ProcessId": "3544",
    "Initiated": "true",
    "Protocol": "tcp",
    "SourceIsIpv6": "false",
    "SourcePort": "2251",
    "DestinationPort": "443",
    "SourceHostname": "DESKTOP-WJANG",
    "ProcessGuid": "{A376A8F6-ECA2-5A9C-0000-00105A270200}",
    "SourceIp": "192.168.198.67"
  },
  "user": {
    "identifier": "S-1-5-18",
    "name": "SYSTEM",
    "domain": "NT AUTHORITY",
    "type": "Well Known Group"
  },
  "provider_guid": "{5770385F-C22A-43E0-BF4C-06F5698FFBD9}",
  "beat": {
    "name": "DESKTOP-WJANG",
    "hostname": "DESKTOP-WJANG",
    "version": "6.2.2"
  },
  "source_name": "Microsoft-Windows-Sysmon",
  "task": "Network connection detected (rule: NetworkConnect)",
  "computer_name": "DESKTOP-WJANG",
  "record_number": "73",
  "thread_id": 23856,
  "event_id": 3,
  "version": 5,
  "log_name": "Microsoft-Windows-Sysmon/Operational"
}
{
  "@timestamp": "2018-03-05T07:24:26.323Z",
  "@metadata": {
    "beat": "winlogbeat",
    "type": "doc",
    "version": "6.2.2"
  },
  "source_name": "Microsoft-Windows-Sysmon",
  "record_number": "74",
  "user": {
    "identifier": "S-1-5-18",
    "name": "SYSTEM",
    "domain": "NT AUTHORITY",
    "type": "Well Known Group"
  },
  "thread_id": 23856,
  "version": 5,
  "provider_guid": "{5770385F-C22A-43E0-BF4C-06F5698FFBD9}",
  "message": "Network connection detected:\nUtcTime: 2018-03-05 07:24:25.231\nProcessGuid: {A376A8F6-ECC2-5A9C-0000-0010E1111D00}\nProcessId: 17568\nImage: C:\\Program Files\\Mozilla Firefox\\firefox.exe\nUser: DESKTOP-WJANG\\wook8170\nProtocol: tcp\nInitiated: true\nSourceIsIpv6: false\nSourceIp: 192.168.198.67\nSourceHostname: DESKTOP-WJANG\nSourcePort: 2252\nSourcePortName: \nDestinationIsIpv6: false\nDestinationIp: 211.231.99.17\nDestinationHostname: \nDestinationPort: 443\nDestinationPortName: https",
  "type": "wineventlog",
  "task": "Network connection detected (rule: NetworkConnect)",
  "log_name": "Microsoft-Windows-Sysmon/Operational",
  "level": "정보",
  "process_id": 8608,
  "computer_name": "DESKTOP-WJANG",
  "opcode": "정보",
  "event_data": {
    "DestinationIsIpv6": "false",
    "Protocol": "tcp",
    "User": "DESKTOP-WJANG\\wook8170",
    "Image": "C:\\Program Files\\Mozilla Firefox\\firefox.exe",
    "SourceHostname": "DESKTOP-WJANG",
    "SourceIsIpv6": "false",
    "ProcessId": "17568",
    "DestinationPort": "443",
    "UtcTime": "2018-03-05 07:24:25.231",
    "DestinationIp": "211.231.99.17",
    "SourcePort": "2252",
    "ProcessGuid": "{A376A8F6-ECC2-5A9C-0000-0010E1111D00}",
    "Initiated": "true",
    "DestinationPortName": "https",
    "SourceIp": "192.168.198.67"
  },
  "beat": {
    "name": "DESKTOP-WJANG",
    "hostname": "DESKTOP-WJANG",
    "version": "6.2.2"
  },
  "event_id": 3
}
{
  "@timestamp": "2018-03-05T07:24:26.323Z",
  "@metadata": {
    "beat": "winlogbeat",
    "type": "doc",
    "version": "6.2.2"
  },
  "log_name": "Microsoft-Windows-Sysmon/Operational",
  "event_data": {
    "ProcessId": "17568",
    "Protocol": "tcp",
    "ProcessGuid": "{A376A8F6-ECC2-5A9C-0000-0010E1111D00}",
    "User": "DESKTOP-WJANG\\wook8170",
    "SourceIsIpv6": "false",
    "SourceHostname": "DESKTOP-WJANG",
    "DestinationIsIpv6": "false",
    "DestinationPortName": "https",
    "Image": "C:\\Program Files\\Mozilla Firefox\\firefox.exe",
    "UtcTime": "2018-03-05 07:24:25.247",
    "SourceIp": "192.168.198.67",
    "DestinationPort": "443",
    "SourcePort": "2253",
    "Initiated": "true",
    "DestinationIp": "211.231.99.17"
  },
  "message": "Network connection detected:\nUtcTime: 2018-03-05 07:24:25.247\nProcessGuid: {A376A8F6-ECC2-5A9C-0000-0010E1111D00}\nProcessId: 17568\nImage: C:\\Program Files\\Mozilla Firefox\\firefox.exe\nUser: DESKTOP-WJANG\\wook8170\nProtocol: tcp\nInitiated: true\nSourceIsIpv6: false\nSourceIp: 192.168.198.67\nSourceHostname: DESKTOP-WJANG\nSourcePort: 2253\nSourcePortName: \nDestinationIsIpv6: false\nDestinationIp: 211.231.99.17\nDestinationHostname: \nDestinationPort: 443\nDestinationPortName: https",
  "source_name": "Microsoft-Windows-Sysmon",
  "event_id": 3,
  "type": "wineventlog",
  "provider_guid": "{5770385F-C22A-43E0-BF4C-06F5698FFBD9}",
  "opcode": "정보",
  "process_id": 8608,
  "record_number": "75",
  "task": "Network connection detected (rule: NetworkConnect)",
  "computer_name": "DESKTOP-WJANG",
  "beat": {
    "name": "DESKTOP-WJANG",
    "hostname": "DESKTOP-WJANG",
    "version": "6.2.2"
  },
  "thread_id": 23856,
  "user": {
    "identifier": "S-1-5-18",
    "name": "SYSTEM",
    "domain": "NT AUTHORITY",
    "type": "Well Known Group"
  },
  "version": 5,
  "level": "정보"
}
{
  "@timestamp": "2018-03-05T07:24:26.574Z",
  "@metadata": {
    "beat": "winlogbeat",
    "type": "doc",
    "version": "6.2.2"
  },
  "process_id": 8608,
  "record_number": "76",
  "event_data": {
    "SourceHostname": "DESKTOP-WJANG",
    "Image": "C:\\Program Files\\Mozilla Firefox\\firefox.exe",
    "SourcePort": "2254",
    "UtcTime": "2018-03-05 07:24:25.398",
    "DestinationIp": "113.29.189.10",
    "Protocol": "tcp",
    "SourceIsIpv6": "false",
    "DestinationPortName": "https",
    "ProcessId": "17568",
    "DestinationIsIpv6": "false",
    "DestinationPort": "443",
    "ProcessGuid": "{A376A8F6-ECC2-5A9C-0000-0010E1111D00}",
    "User": "DESKTOP-WJANG\\wook8170",
    "Initiated": "true",
    "SourceIp": "192.168.198.67"
  },
  "computer_name": "DESKTOP-WJANG",
  "thread_id": 23856,
  "type": "wineventlog",
  "log_name": "Microsoft-Windows-Sysmon/Operational",
  "version": 5,
  "level": "정보",
  "provider_guid": "{5770385F-C22A-43E0-BF4C-06F5698FFBD9}",
  "task": "Network connection detected (rule: NetworkConnect)",
  "beat": {
    "name": "DESKTOP-WJANG",
    "hostname": "DESKTOP-WJANG",
    "version": "6.2.2"
  },
  "message": "Network connection detected:\nUtcTime: 2018-03-05 07:24:25.398\nProcessGuid: {A376A8F6-ECC2-5A9C-0000-0010E1111D00}\nProcessId: 17568\nImage: C:\\Program Files\\Mozilla Firefox\\firefox.exe\nUser: DESKTOP-WJANG\\wook8170\nProtocol: tcp\nInitiated: true\nSourceIsIpv6: false\nSourceIp: 192.168.198.67\nSourceHostname: DESKTOP-WJANG\nSourcePort: 2254\nSourcePortName: \nDestinationIsIpv6: false\nDestinationIp: 113.29.189.10\nDestinationHostname: \nDestinationPort: 443\nDestinationPortName: https",
  "source_name": "Microsoft-Windows-Sysmon",
  "event_id": 3,
  "opcode": "정보",
  "user": {
    "domain": "NT AUTHORITY",
    "type": "Well Known Group",
    "identifier": "S-1-5-18",
    "name": "SYSTEM"
  }
}
{
  "@timestamp": "2018-03-05T07:24:26.574Z",
  "@metadata": {
    "beat": "winlogbeat",
    "type": "doc",
    "version": "6.2.2"
  },
  "process_id": 8608,
  "log_name": "Microsoft-Windows-Sysmon/Operational",
  "source_name": "Microsoft-Windows-Sysmon",
  "message": "Network connection detected:\nUtcTime: 2018-03-05 07:24:25.398\nProcessGuid: {A376A8F6-ECC2-5A9C-0000-0010E1111D00}\nProcessId: 17568\nImage: C:\\Program Files\\Mozilla Firefox\\firefox.exe\nUser: DESKTOP-WJANG\\wook8170\nProtocol: tcp\nInitiated: true\nSourceIsIpv6: false\nSourceIp: 192.168.198.67\nSourceHostname: DESKTOP-WJANG\nSourcePort: 2258\nSourcePortName: \nDestinationIsIpv6: false\nDestinationIp: 113.29.189.10\nDestinationHostname: \nDestinationPort: 443\nDestinationPortName: https",
  "record_number": "77",
  "version": 5,
  "level": "정보",
  "computer_name": "DESKTOP-WJANG",
  "opcode": "정보",
  "user": {
    "type": "Well Known Group",
    "identifier": "S-1-5-18",
    "name": "SYSTEM",
    "domain": "NT AUTHORITY"
  },
  "type": "wineventlog",
  "task": "Network connection detected (rule: NetworkConnect)",
  "event_data": {
    "DestinationPortName": "https",
    "DestinationPort": "443",
    "Image": "C:\\Program Files\\Mozilla Firefox\\firefox.exe",
    "SourceIsIpv6": "false",
    "User": "DESKTOP-WJANG\\wook8170",
    "ProcessGuid": "{A376A8F6-ECC2-5A9C-0000-0010E1111D00}",
    "DestinationIp": "113.29.189.10",
    "UtcTime": "2018-03-05 07:24:25.398",
    "ProcessId": "17568",
    "SourceIp": "192.168.198.67",
    "SourceHostname": "DESKTOP-WJANG",
    "DestinationIsIpv6": "false",
    "Initiated": "true",
    "Protocol": "tcp",
    "SourcePort": "2258"
  },
  "thread_id": 23856,
  "beat": {
    "version": "6.2.2",
    "name": "DESKTOP-WJANG",
    "hostname": "DESKTOP-WJANG"
  },
  "event_id": 3,
  "provider_guid": "{5770385F-C22A-43E0-BF4C-06F5698FFBD9}"
}
