{
  "@timestamp": "2018-03-05T07:32:18.280Z",
  "@metadata": {
    "beat": "winlogbeat",
    "type": "doc",
    "version": "6.2.2"
  },
  "source_name": "Microsoft-Windows-Sysmon",
  "event_data": {
    "SourceHostname": "DESKTOP-WJANG",
    "DestinationPort": "443",
    "Initiated": "true",
    "DestinationIsIpv6": "false",
    "User": "DESKTOP-WJANG\\wook8170",
    "SourcePort": "2377",
    "ProcessId": "20108",
    "SourceIp": "192.168.198.67",
    "SourceIsIpv6": "false",
    "Protocol": "tcp",
    "DestinationPortName": "https",
    "UtcTime": "2018-03-05 07:32:16.930",
    "Image": "C:\\Program Files (x86)\\Kakao\\KakaoTalk\\KakaoTalk.exe",
    "ProcessGuid": "{A376A8F6-ECD6-5A9C-0000-001081382500}",
    "DestinationIp": "110.76.142.74"
  },
  "beat": {
    "name": "DESKTOP-WJANG",
    "hostname": "DESKTOP-WJANG",
    "version": "6.2.2"
  },
  "version": 5,
  "process_id": 8608,
  "log_name": "Microsoft-Windows-Sysmon/Operational",
  "thread_id": 23856,
  "type": "wineventlog",
  "record_number": "204",
  "message": "Network connection detected:\nUtcTime: 2018-03-05 07:32:16.930\nProcessGuid: {A376A8F6-ECD6-5A9C-0000-001081382500}\nProcessId: 20108\nImage: C:\\Program Files (x86)\\Kakao\\KakaoTalk\\KakaoTalk.exe\nUser: DESKTOP-WJANG\\wook8170\nProtocol: tcp\nInitiated: true\nSourceIsIpv6: false\nSourceIp: 192.168.198.67\nSourceHostname: DESKTOP-WJANG\nSourcePort: 2377\nSourcePortName: \nDestinationIsIpv6: false\nDestinationIp: 110.76.142.74\nDestinationHostname: \nDestinationPort: 443\nDestinationPortName: https",
  "event_id": 3,
  "level": "정보",
  "opcode": "정보",
  "computer_name": "DESKTOP-WJANG",
  "user": {
    "identifier": "S-1-5-18",
    "name": "SYSTEM",
    "domain": "NT AUTHORITY",
    "type": "Well Known Group"
  },
  "provider_guid": "{5770385F-C22A-43E0-BF4C-06F5698FFBD9}",
  "task": "Network connection detected (rule: NetworkConnect)"
}
{
  "@timestamp": "2018-03-05T07:32:27.294Z",
  "@metadata": {
    "beat": "winlogbeat",
    "type": "doc",
    "version": "6.2.2"
  },
  "thread_id": 23856,
  "level": "정보",
  "type": "wineventlog",
  "log_name": "Microsoft-Windows-Sysmon/Operational",
  "version": 5,
  "event_data": {
    "UtcTime": "2018-03-05 07:32:25.745",
    "Protocol": "tcp",
    "User": "DESKTOP-WJANG\\wook8170",
    "SourceHostname": "DESKTOP-WJANG",
    "ProcessId": "19724",
    "DestinationIp": "14.49.41.23",
    "DestinationPortName": "https",
    "DestinationIsIpv6": "false",
    "Image": "C:\\Program Files (x86)\\Send Anywhere\\Send Anywhere.exe",
    "ProcessGuid": "{A376A8F6-ECE0-5A9C-0000-0010E2F82800}",
    "SourceIsIpv6": "false",
    "Initiated": "true",
    "SourcePort": "2378",
    "DestinationPort": "443",
    "SourceIp": "192.168.198.67"
  },
  "source_name": "Microsoft-Windows-Sysmon",
  "provider_guid": "{5770385F-C22A-43E0-BF4C-06F5698FFBD9}",
  "process_id": 8608,
  "user": {
    "identifier": "S-1-5-18",
    "name": "SYSTEM",
    "domain": "NT AUTHORITY",
    "type": "Well Known Group"
  },
  "event_id": 3,
  "beat": {
    "name": "DESKTOP-WJANG",
    "hostname": "DESKTOP-WJANG",
    "version": "6.2.2"
  },
  "message": "Network connection detected:\nUtcTime: 2018-03-05 07:32:25.745\nProcessGuid: {A376A8F6-ECE0-5A9C-0000-0010E2F82800}\nProcessId: 19724\nImage: C:\\Program Files (x86)\\Send Anywhere\\Send Anywhere.exe\nUser: DESKTOP-WJANG\\wook8170\nProtocol: tcp\nInitiated: true\nSourceIsIpv6: false\nSourceIp: 192.168.198.67\nSourceHostname: DESKTOP-WJANG\nSourcePort: 2378\nSourcePortName: \nDestinationIsIpv6: false\nDestinationIp: 14.49.41.23\nDestinationHostname: \nDestinationPort: 443\nDestinationPortName: https",
  "record_number": "205",
  "computer_name": "DESKTOP-WJANG",
  "task": "Network connection detected (rule: NetworkConnect)",
  "opcode": "정보"
}
{
  "@timestamp": "2018-03-05T07:32:27.294Z",
  "@metadata": {
    "beat": "winlogbeat",
    "type": "doc",
    "version": "6.2.2"
  },
  "process_id": 8608,
  "computer_name": "DESKTOP-WJANG",
  "level": "정보",
  "opcode": "정보",
  "thread_id": 23856,
  "task": "Network connection detected (rule: NetworkConnect)",
  "source_name": "Microsoft-Windows-Sysmon",
  "version": 5,
  "type": "wineventlog",
  "event_id": 3,
  "beat": {
    "name": "DESKTOP-WJANG",
    "hostname": "DESKTOP-WJANG",
    "version": "6.2.2"
  },
  "message": "Network connection detected:\nUtcTime: 2018-03-05 07:32:25.747\nProcessGuid: {A376A8F6-ECE0-5A9C-0000-0010E2F82800}\nProcessId: 19724\nImage: C:\\Program Files (x86)\\Send Anywhere\\Send Anywhere.exe\nUser: DESKTOP-WJANG\\wook8170\nProtocol: tcp\nInitiated: true\nSourceIsIpv6: false\nSourceIp: 192.168.198.67\nSourceHostname: DESKTOP-WJANG\nSourcePort: 2379\nSourcePortName: \nDestinationIsIpv6: false\nDestinationIp: 14.49.41.23\nDestinationHostname: \nDestinationPort: 443\nDestinationPortName: https",
  "event_data": {
    "ProcessGuid": "{A376A8F6-ECE0-5A9C-0000-0010E2F82800}",
    "DestinationPort": "443",
    "ProcessId": "19724",
    "SourceIsIpv6": "false",
    "User": "DESKTOP-WJANG\\wook8170",
    "UtcTime": "2018-03-05 07:32:25.747",
    "DestinationPortName": "https",
    "Image": "C:\\Program Files (x86)\\Send Anywhere\\Send Anywhere.exe",
    "SourceIp": "192.168.198.67",
    "Protocol": "tcp",
    "SourceHostname": "DESKTOP-WJANG",
    "DestinationIsIpv6": "false",
    "Initiated": "true",
    "SourcePort": "2379",
    "DestinationIp": "14.49.41.23"
  },
  "provider_guid": "{5770385F-C22A-43E0-BF4C-06F5698FFBD9}",
  "log_name": "Microsoft-Windows-Sysmon/Operational",
  "user": {
    "domain": "NT AUTHORITY",
    "type": "Well Known Group",
    "identifier": "S-1-5-18",
    "name": "SYSTEM"
  },
  "record_number": "206"
}
{
  "@timestamp": "2018-03-05T07:32:36.704Z",
  "@metadata": {
    "beat": "winlogbeat",
    "type": "doc",
    "version": "6.2.2"
  },
  "opcode": "정보",
  "source_name": "Microsoft-Windows-Sysmon",
  "record_number": "207",
  "task": "Process Create (rule: ProcessCreate)",
  "message": "Process Create:\nUtcTime: 2018-03-05 07:32:36.696\nProcessGuid: {A376A8F6-F294-5A9C-0000-001052E48503}\nProcessId: 17704\nImage: C:\\Program Files\\Mozilla Firefox\\firefox.exe\nFileVersion: 58.0.2\nDescription: Firefox\nProduct: Firefox\nCompany: Mozilla Corporation\nCommandLine: \"C:\\Program Files\\Mozilla Firefox\\firefox.exe\" \nCurrentDirectory: C:\\Program Files\\Mozilla Firefox\\\nUser: DESKTOP-WJANG\\wook8170\nLogonGuid: {A376A8F6-ECB5-5A9C-0000-00208AB21300}\nLogonId: 0x13B28A\nTerminalSessionId: 1\nIntegrityLevel: Medium\nHashes: MD5=22819EB3C648583352AE83003E4C9A56,SHA256=4B69AE5B7D548EFC56FDBE2E650CE2B519AE0C9C928640023077B956C51A7138\nParentProcessGuid: {A376A8F6-ECB7-5A9C-0000-00108FD51400}\nParentProcessId: 13872\nParentImage: C:\\Windows\\explorer.exe\nParentCommandLine: C:\\WINDOWS\\Explorer.EXE",
  "user": {
    "type": "Well Known Group",
    "identifier": "S-1-5-18",
    "name": "SYSTEM",
    "domain": "NT AUTHORITY"
  },
  "level": "정보",
  "version": 5,
  "log_name": "Microsoft-Windows-Sysmon/Operational",
  "type": "wineventlog",
  "process_id": 8608,
  "computer_name": "DESKTOP-WJANG",
  "thread_id": 19220,
  "event_data": {
    "CurrentDirectory": "C:\\Program Files\\Mozilla Firefox\\",
    "TerminalSessionId": "1",
    "UtcTime": "2018-03-05 07:32:36.696",
    "User": "DESKTOP-WJANG\\wook8170",
    "Company": "Mozilla Corporation",
    "IntegrityLevel": "Medium",
    "ParentProcessGuid": "{A376A8F6-ECB7-5A9C-0000-00108FD51400}",
    "ProcessGuid": "{A376A8F6-F294-5A9C-0000-001052E48503}",
    "Description": "Firefox",
    "CommandLine": "\"C:\\Program Files\\Mozilla Firefox\\firefox.exe\" ",
    "Hashes": "MD5=22819EB3C648583352AE83003E4C9A56,SHA256=4B69AE5B7D548EFC56FDBE2E650CE2B519AE0C9C928640023077B956C51A7138",
    "Product": "Firefox",
    "LogonId": "0x13b28a",
    "ParentProcessId": "13872",
    "Image": "C:\\Program Files\\Mozilla Firefox\\firefox.exe",
    "ParentImage": "C:\\Windows\\explorer.exe",
    "ParentCommandLine": "C:\\WINDOWS\\Explorer.EXE",
    "ProcessId": "17704",
    "FileVersion": "58.0.2",
    "LogonGuid": "{A376A8F6-ECB5-5A9C-0000-00208AB21300}"
  },
  "event_id": 1,
  "provider_guid": "{5770385F-C22A-43E0-BF4C-06F5698FFBD9}",
  "beat": {
    "version": "6.2.2",
    "name": "DESKTOP-WJANG",
    "hostname": "DESKTOP-WJANG"
  }
}
{
  "@timestamp": "2018-03-05T07:32:36.952Z",
  "@metadata": {
    "beat": "winlogbeat",
    "type": "doc",
    "version": "6.2.2"
  },
  "task": "Image loaded (rule: ImageLoad)",
  "process_id": 8608,
  "type": "wineventlog",
  "thread_id": 23584,
  "level": "정보",
  "beat": {
    "name": "DESKTOP-WJANG",
    "hostname": "DESKTOP-WJANG",
    "version": "6.2.2"
  },
  "record_number": "208",
  "version": 3,
  "provider_guid": "{5770385F-C22A-43E0-BF4C-06F5698FFBD9}",
  "event_id": 7,
  "user": {
    "identifier": "S-1-5-18",
    "name": "SYSTEM",
    "domain": "NT AUTHORITY",
    "type": "Well Known Group"
  },
  "source_name": "Microsoft-Windows-Sysmon",
  "message": "Image loaded:\nUtcTime: 2018-03-05 07:32:36.710\nProcessGuid: {A376A8F6-F294-5A9C-0000-001052E48503}\nProcessId: 17704\nImage: C:\\Program Files\\Mozilla Firefox\\firefox.exe\nImageLoaded: C:\\Program Files\\Mozilla Firefox\\firefox.exe\nFileVersion: 58.0.2\nDescription: Firefox\nProduct: Firefox\nCompany: Mozilla Corporation\nHashes: MD5=22819EB3C648583352AE83003E4C9A56,SHA256=4B69AE5B7D548EFC56FDBE2E650CE2B519AE0C9C928640023077B956C51A7138\nSigned: true\nSignature: Mozilla Corporation\nSignatureStatus: Valid",
  "opcode": "정보",
  "log_name": "Microsoft-Windows-Sysmon/Operational",
  "computer_name": "DESKTOP-WJANG",
  "event_data": {
    "Product": "Firefox",
    "UtcTime": "2018-03-05 07:32:36.710",
    "FileVersion": "58.0.2",
    "Hashes": "MD5=22819EB3C648583352AE83003E4C9A56,SHA256=4B69AE5B7D548EFC56FDBE2E650CE2B519AE0C9C928640023077B956C51A7138",
    "Company": "Mozilla Corporation",
    "ProcessId": "17704",
    "SignatureStatus": "Valid",
    "ProcessGuid": "{A376A8F6-F294-5A9C-0000-001052E48503}",
    "Signature": "Mozilla Corporation",
    "ImageLoaded": "C:\\Program Files\\Mozilla Firefox\\firefox.exe",
    "Signed": "true",
    "Description": "Firefox",
    "Image": "C:\\Program Files\\Mozilla Firefox\\firefox.exe"
  }
}
{
  "@timestamp": "2018-03-05T07:32:36.975Z",
  "@metadata": {
    "beat": "winlogbeat",
    "type": "doc",
    "version": "6.2.2"
  },
  "message": "Image loaded:\nUtcTime: 2018-03-05 07:32:36.725\nProcessGuid: {A376A8F6-F294-5A9C-0000-001052E48503}\nProcessId: 17704\nImage: C:\\Program Files\\Mozilla Firefox\\firefox.exe\nImageLoaded: C:\\Windows\\System32\\ntdll.dll\nFileVersion: 10.0.16299.15 (WinBuild.160101.0800)\nDescription: NT 계층 DLL\nProduct: Microsoft® Windows® Operating System\nCompany: Microsoft Corporation\nHashes: MD5=0123B11176C4EB9BF6B94C42B504D9AE,SHA256=F5FE851A614D0C4C8B271706B02FA6189363CE514D84EA2DDECEF8E0F81B1E2A\nSigned: true\nSignature: Microsoft Windows\nSignatureStatus: Valid",
  "beat": {
    "version": "6.2.2",
    "name": "DESKTOP-WJANG",
    "hostname": "DESKTOP-WJANG"
  },
  "record_number": "209",
  "computer_name": "DESKTOP-WJANG",
  "version": 3,
  "event_id": 7,
  "thread_id": 23584,
  "source_name": "Microsoft-Windows-Sysmon",
  "opcode": "정보",
  "type": "wineventlog",
  "level": "정보",
  "task": "Image loaded (rule: ImageLoad)",
  "event_data": {
    "ImageLoaded": "C:\\Windows\\System32\\ntdll.dll",
    "Hashes": "MD5=0123B11176C4EB9BF6B94C42B504D9AE,SHA256=F5FE851A614D0C4C8B271706B02FA6189363CE514D84EA2DDECEF8E0F81B1E2A",
    "UtcTime": "2018-03-05 07:32:36.725",
    "ProcessGuid": "{A376A8F6-F294-5A9C-0000-001052E48503}",
    "Company": "Microsoft Corporation",
    "Image": "C:\\Program Files\\Mozilla Firefox\\firefox.exe",
    "Signed": "true",
    "SignatureStatus": "Valid",
    "Signature": "Microsoft Windows",
    "Product": "Microsoft® Windows® Operating System",
    "ProcessId": "17704",
    "Description": "NT 계층 DLL",
    "FileVersion": "10.0.16299.15 (WinBuild.160101.0800)"
  },
  "user": {
    "domain": "NT AUTHORITY",
    "type": "Well Known Group",
    "identifier": "S-1-5-18",
    "name": "SYSTEM"
  },
  "process_id": 8608,
  "provider_guid": "{5770385F-C22A-43E0-BF4C-06F5698FFBD9}",
  "log_name": "Microsoft-Windows-Sysmon/Operational"
}
{
  "@timestamp": "2018-03-05T07:32:36.989Z",
  "@metadata": {
    "beat": "winlogbeat",
    "type": "doc",
    "version": "6.2.2"
  },
  "message": "Image loaded:\nUtcTime: 2018-03-05 07:32:36.738\nProcessGuid: {A376A8F6-F294-5A9C-0000-001052E48503}\nProcessId: 17704\nImage: C:\\Program Files\\Mozilla Firefox\\firefox.exe\nImageLoaded: C:\\Windows\\System32\\kernel32.dll\nFileVersion: 10.0.16299.15 (WinBuild.160101.0800)\nDescription: Windows NT 기반 API 클라이언트 DLL\nProduct: Microsoft® Windows® Operating System\nCompany: Microsoft Corporation\nHashes: MD5=222A8E8EA615529B5025DE5782830AF1,SHA256=7C76BB7AEC3C51164A49041E8A710C3C291BA1D30BAE07D126434A52A80D99E1\nSigned: true\nSignature: Microsoft Windows\nSignatureStatus: Valid",
  "log_name": "Microsoft-Windows-Sysmon/Operational",
  "task": "Image loaded (rule: ImageLoad)",
  "version": 3,
  "record_number": "210",
  "computer_name": "DESKTOP-WJANG",
  "provider_guid": "{5770385F-C22A-43E0-BF4C-06F5698FFBD9}",
  "thread_id": 23584,
  "source_name": "Microsoft-Windows-Sysmon",
  "event_id": 7,
  "user": {
    "type": "Well Known Group",
    "identifier": "S-1-5-18",
    "name": "SYSTEM",
    "domain": "NT AUTHORITY"
  },
  "level": "정보",
  "type": "wineventlog",
  "opcode": "정보",
  "process_id": 8608,
  "event_data": {
    "UtcTime": "2018-03-05 07:32:36.738",
    "ProcessId": "17704",
    "ImageLoaded": "C:\\Windows\\System32\\kernel32.dll",
    "ProcessGuid": "{A376A8F6-F294-5A9C-0000-001052E48503}",
    "Product": "Microsoft® Windows® Operating System",
    "SignatureStatus": "Valid",
    "Signature": "Microsoft Windows",
    "Description": "Windows NT 기반 API 클라이언트 DLL",
    "Signed": "true",
    "Company": "Microsoft Corporation",
    "Hashes": "MD5=222A8E8EA615529B5025DE5782830AF1,SHA256=7C76BB7AEC3C51164A49041E8A710C3C291BA1D30BAE07D126434A52A80D99E1",
    "Image": "C:\\Program Files\\Mozilla Firefox\\firefox.exe",
    "FileVersion": "10.0.16299.15 (WinBuild.160101.0800)"
  },
  "beat": {
    "name": "DESKTOP-WJANG",
    "hostname": "DESKTOP-WJANG",
    "version": "6.2.2"
  }
}
{
  "@timestamp": "2018-03-05T07:32:37.015Z",
  "@metadata": {
    "beat": "winlogbeat",
    "type": "doc",
    "version": "6.2.2"
  },
  "version": 3,
  "level": "정보",
  "opcode": "정보",
  "user": {
    "name": "SYSTEM",
    "domain": "NT AUTHORITY",
    "type": "Well Known Group",
    "identifier": "S-1-5-18"
  },
  "log_name": "Microsoft-Windows-Sysmon/Operational",
  "beat": {
    "name": "DESKTOP-WJANG",
    "hostname": "DESKTOP-WJANG",
    "version": "6.2.2"
  },
  "provider_guid": "{5770385F-C22A-43E0-BF4C-06F5698FFBD9}",
  "thread_id": 23584,
  "source_name": "Microsoft-Windows-Sysmon",
  "process_id": 8608,
  "event_data": {
    "Hashes": "MD5=F84667DE25BAB29D81983AE474D3BB46,SHA256=E926769D1D2B0B49FBBEEBCB73225217426573AE8CA79C2A9A234F315FE9A61E",
    "ProcessGuid": "{A376A8F6-F294-5A9C-0000-001052E48503}",
    "ProcessId": "17704",
    "Image": "C:\\Program Files\\Mozilla Firefox\\firefox.exe",
    "FileVersion": "10.0.16299.15 (WinBuild.160101.0800)",
    "Company": "Microsoft Corporation",
    "Signature": "Microsoft Windows",
    "SignatureStatus": "Valid",
    "Signed": "true",
    "UtcTime": "2018-03-05 07:32:36.771",
    "Description": "Windows NT 기반 API 클라이언트 DLL",
    "ImageLoaded": "C:\\Windows\\System32\\KernelBase.dll",
    "Product": "Microsoft® Windows® Operating System"
  },
  "type": "wineventlog",
  "computer_name": "DESKTOP-WJANG",
  "message": "Image loaded:\nUtcTime: 2018-03-05 07:32:36.771\nProcessGuid: {A376A8F6-F294-5A9C-0000-001052E48503}\nProcessId: 17704\nImage: C:\\Program Files\\Mozilla Firefox\\firefox.exe\nImageLoaded: C:\\Windows\\System32\\KernelBase.dll\nFileVersion: 10.0.16299.15 (WinBuild.160101.0800)\nDescription: Windows NT 기반 API 클라이언트 DLL\nProduct: Microsoft® Windows® Operating System\nCompany: Microsoft Corporation\nHashes: MD5=F84667DE25BAB29D81983AE474D3BB46,SHA256=E926769D1D2B0B49FBBEEBCB73225217426573AE8CA79C2A9A234F315FE9A61E\nSigned: true\nSignature: Microsoft Windows\nSignatureStatus: Valid",
  "record_number": "211",
  "task": "Image loaded (rule: ImageLoad)",
  "event_id": 7
}
{
  "@timestamp": "2018-03-05T07:32:37.023Z",
  "@metadata": {
    "beat": "winlogbeat",
    "type": "doc",
    "version": "6.2.2"
  },
  "thread_id": 23584,
  "provider_guid": "{5770385F-C22A-43E0-BF4C-06F5698FFBD9}",
  "task": "Image loaded (rule: ImageLoad)",
  "source_name": "Microsoft-Windows-Sysmon",
  "opcode": "정보",
  "version": 3,
  "computer_name": "DESKTOP-WJANG",
  "record_number": "212",
  "type": "wineventlog",
  "user": {
    "identifier": "S-1-5-18",
    "name": "SYSTEM",
    "domain": "NT AUTHORITY",
    "type": "Well Known Group"
  },
  "log_name": "Microsoft-Windows-Sysmon/Operational",
  "message": "Image loaded:\nUtcTime: 2018-03-05 07:32:36.775\nProcessGuid: {A376A8F6-F294-5A9C-0000-001052E48503}\nProcessId: 17704\nImage: C:\\Program Files\\Mozilla Firefox\\firefox.exe\nImageLoaded: C:\\Program Files\\Mozilla Firefox\\mozglue.dll\nFileVersion: 58.0.2\nDescription: \nProduct: Firefox\nCompany: Mozilla Foundation\nHashes: MD5=C79C23B8167791C7754EA395E4F91169,SHA256=98625FC6BDBF0440DD92C4545D63F35394EDBBD2BF7CAB749C8B060BDCA56434\nSigned: true\nSignature: Mozilla Corporation\nSignatureStatus: Valid",
  "process_id": 8608,
  "beat": {
    "version": "6.2.2",
    "name": "DESKTOP-WJANG",
    "hostname": "DESKTOP-WJANG"
  },
  "level": "정보",
  "event_id": 7,
  "event_data": {
    "Signed": "true",
    "Product": "Firefox",
    "SignatureStatus": "Valid",
    "UtcTime": "2018-03-05 07:32:36.775",
    "ProcessGuid": "{A376A8F6-F294-5A9C-0000-001052E48503}",
    "Signature": "Mozilla Corporation",
    "ProcessId": "17704",
    "FileVersion": "58.0.2",
    "Company": "Mozilla Foundation",
    "Hashes": "MD5=C79C23B8167791C7754EA395E4F91169,SHA256=98625FC6BDBF0440DD92C4545D63F35394EDBBD2BF7CAB749C8B060BDCA56434",
    "Image": "C:\\Program Files\\Mozilla Firefox\\firefox.exe",
    "ImageLoaded": "C:\\Program Files\\Mozilla Firefox\\mozglue.dll"
  }
}
{
  "@timestamp": "2018-03-05T07:32:37.031Z",
  "@metadata": {
    "beat": "winlogbeat",
    "type": "doc",
    "version": "6.2.2"
  },
  "level": "정보",
  "user": {
    "identifier": "S-1-5-18",
    "name": "SYSTEM",
    "domain": "NT AUTHORITY",
    "type": "Well Known Group"
  },
  "log_name": "Microsoft-Windows-Sysmon/Operational",
  "computer_name": "DESKTOP-WJANG",
  "source_name": "Microsoft-Windows-Sysmon",
  "provider_guid": "{5770385F-C22A-43E0-BF4C-06F5698FFBD9}",
  "process_id": 8608,
  "version": 3,
  "message": "Image loaded:\nUtcTime: 2018-03-05 07:32:36.776\nProcessGuid: {A376A8F6-F294-5A9C-0000-001052E48503}\nProcessId: 17704\nImage: C:\\Program Files\\Mozilla Firefox\\firefox.exe\nImageLoaded: C:\\Windows\\System32\\version.dll\nFileVersion: 10.0.16299.15 (WinBuild.160101.0800)\nDescription: Version Checking and File Installation Libraries\nProduct: Microsoft® Windows® Operating System\nCompany: Microsoft Corporation\nHashes: MD5=2897E051DC113FA4E7B58AB11CC65EA1,SHA256=DF3F4512D0121DE58127E5D73C2A48E70329AD275AA7A5E626CAC1CEDAA07F47\nSigned: true\nSignature: Microsoft Windows\nSignatureStatus: Valid",
  "thread_id": 23584,
  "event_data": {
    "UtcTime": "2018-03-05 07:32:36.776",
    "Hashes": "MD5=2897E051DC113FA4E7B58AB11CC65EA1,SHA256=DF3F4512D0121DE58127E5D73C2A48E70329AD275AA7A5E626CAC1CEDAA07F47",
    "Signed": "true",
    "ImageLoaded": "C:\\Windows\\System32\\version.dll",
    "Description": "Version Checking and File Installation Libraries",
    "ProcessId": "17704",
    "Signature": "Microsoft Windows",
    "Image": "C:\\Program Files\\Mozilla Firefox\\firefox.exe",
    "SignatureStatus": "Valid",
    "Company": "Microsoft Corporation",
    "ProcessGuid": "{A376A8F6-F294-5A9C-0000-001052E48503}",
    "Product": "Microsoft® Windows® Operating System",
    "FileVersion": "10.0.16299.15 (WinBuild.160101.0800)"
  },
  "opcode": "정보",
  "beat": {
    "name": "DESKTOP-WJANG",
    "hostname": "DESKTOP-WJANG",
    "version": "6.2.2"
  },
  "task": "Image loaded (rule: ImageLoad)",
  "event_id": 7,
  "record_number": "213",
  "type": "wineventlog"
}
{
  "@timestamp": "2018-03-05T07:32:37.047Z",
  "@metadata": {
    "beat": "winlogbeat",
    "type": "doc",
    "version": "6.2.2"
  },
  "record_number": "214",
  "log_name": "Microsoft-Windows-Sysmon/Operational",
  "level": "정보",
  "opcode": "정보",
  "process_id": 8608,
  "thread_id": 23584,
  "user": {
    "domain": "NT AUTHORITY",
    "type": "Well Known Group",
    "identifier": "S-1-5-18",
    "name": "SYSTEM"
  },
  "computer_name": "DESKTOP-WJANG",
  "provider_guid": "{5770385F-C22A-43E0-BF4C-06F5698FFBD9}",
  "type": "wineventlog",
  "source_name": "Microsoft-Windows-Sysmon",
  "event_data": {
    "Image": "C:\\Program Files\\Mozilla Firefox\\firefox.exe",
    "ProcessId": "17704",
    "UtcTime": "2018-03-05 07:32:36.784",
    "Product": "Microsoft® Windows® Operating System",
    "Company": "Microsoft Corporation",
    "ImageLoaded": "C:\\Windows\\System32\\advapi32.dll",
    "Signature": "Microsoft Windows",
    "SignatureStatus": "Valid",
    "Signed": "true",
    "ProcessGuid": "{A376A8F6-F294-5A9C-0000-001052E48503}",
    "Description": "고급 Windows 32 기반 API",
    "FileVersion": "10.0.16299.15 (WinBuild.160101.0800)",
    "Hashes": "MD5=D751E248BBCFC3BC6CC5AA93516C690A,SHA256=63AD0144F5CA5948719103744CF8C932B53CD19A72650869EA4A943B51B41DC7"
  },
  "beat": {
    "name": "DESKTOP-WJANG",
    "hostname": "DESKTOP-WJANG",
    "version": "6.2.2"
  },
  "version": 3,
  "event_id": 7,
  "task": "Image loaded (rule: ImageLoad)",
  "message": "Image loaded:\nUtcTime: 2018-03-05 07:32:36.784\nProcessGuid: {A376A8F6-F294-5A9C-0000-001052E48503}\nProcessId: 17704\nImage: C:\\Program Files\\Mozilla Firefox\\firefox.exe\nImageLoaded: C:\\Windows\\System32\\advapi32.dll\nFileVersion: 10.0.16299.15 (WinBuild.160101.0800)\nDescription: 고급 Windows 32 기반 API\nProduct: Microsoft® Windows® Operating System\nCompany: Microsoft Corporation\nHashes: MD5=D751E248BBCFC3BC6CC5AA93516C690A,SHA256=63AD0144F5CA5948719103744CF8C932B53CD19A72650869EA4A943B51B41DC7\nSigned: true\nSignature: Microsoft Windows\nSignatureStatus: Valid"
}
{
  "@timestamp": "2018-03-05T07:32:37.060Z",
  "@metadata": {
    "beat": "winlogbeat",
    "type": "doc",
    "version": "6.2.2"
  },
  "record_number": "215",
  "source_name": "Microsoft-Windows-Sysmon",
  "process_id": 8608,
  "task": "Image loaded (rule: ImageLoad)",
  "event_id": 7,
  "thread_id": 23584,
  "log_name": "Microsoft-Windows-Sysmon/Operational",
  "level": "정보",
  "event_data": {
    "Image": "C:\\Program Files\\Mozilla Firefox\\firefox.exe",
    "Company": "Microsoft Corporation",
    "ImageLoaded": "C:\\Windows\\System32\\msvcrt.dll",
    "Signature": "Microsoft Windows",
    "SignatureStatus": "Valid",
    "ProcessId": "17704",
    "FileVersion": "7.0.16299.125 (WinBuild.160101.0800)",
    "Signed": "true",
    "Description": "Windows NT CRT DLL",
    "Product": "Microsoft® Windows® Operating System",
    "ProcessGuid": "{A376A8F6-F294-5A9C-0000-001052E48503}",
    "Hashes": "MD5=68195105C7D9A2B5DF5BB82ECA521092,SHA256=556FF2B03495E2117223E5697B54253F30BD10ED3C67468947D79945168A624A",
    "UtcTime": "2018-03-05 07:32:36.796"
  },
  "version": 3,
  "type": "wineventlog",
  "user": {
    "identifier": "S-1-5-18",
    "name": "SYSTEM",
    "domain": "NT AUTHORITY",
    "type": "Well Known Group"
  },
  "opcode": "정보",
  "message": "Image loaded:\nUtcTime: 2018-03-05 07:32:36.796\nProcessGuid: {A376A8F6-F294-5A9C-0000-001052E48503}\nProcessId: 17704\nImage: C:\\Program Files\\Mozilla Firefox\\firefox.exe\nImageLoaded: C:\\Windows\\System32\\msvcrt.dll\nFileVersion: 7.0.16299.125 (WinBuild.160101.0800)\nDescription: Windows NT CRT DLL\nProduct: Microsoft® Windows® Operating System\nCompany: Microsoft Corporation\nHashes: MD5=68195105C7D9A2B5DF5BB82ECA521092,SHA256=556FF2B03495E2117223E5697B54253F30BD10ED3C67468947D79945168A624A\nSigned: true\nSignature: Microsoft Windows\nSignatureStatus: Valid",
  "computer_name": "DESKTOP-WJANG",
  "beat": {
    "name": "DESKTOP-WJANG",
    "hostname": "DESKTOP-WJANG",
    "version": "6.2.2"
  },
  "provider_guid": "{5770385F-C22A-43E0-BF4C-06F5698FFBD9}"
}
{
  "@timestamp": "2018-03-05T07:32:37.060Z",
  "@metadata": {
    "beat": "winlogbeat",
    "type": "doc",
    "version": "6.2.2"
  },
  "level": "정보",
  "computer_name": "DESKTOP-WJANG",
  "record_number": "216",
  "event_id": 7,
  "event_data": {
    "UtcTime": "2018-03-05 07:32:36.795",
    "ProcessId": "17704",
    "Signed": "true",
    "Hashes": "MD5=68195105C7D9A2B5DF5BB82ECA521092,SHA256=556FF2B03495E2117223E5697B54253F30BD10ED3C67468947D79945168A624A",
    "ProcessGuid": "{A376A8F6-F294-5A9C-0000-001052E48503}",
    "Signature": "Microsoft Windows",
    "ImageLoaded": "C:\\Windows\\System32\\msvcrt.dll",
    "Product": "Microsoft® Windows® Operating System",
    "Company": "Microsoft Corporation",
    "Description": "Windows NT CRT DLL",
    "Image": "C:\\Program Files\\Mozilla Firefox\\firefox.exe",
    "FileVersion": "7.0.16299.125 (WinBuild.160101.0800)",
    "SignatureStatus": "Valid"
  },
  "log_name": "Microsoft-Windows-Sysmon/Operational",
  "type": "wineventlog",
  "version": 3,
  "task": "Image loaded (rule: ImageLoad)",
  "process_id": 8608,
  "opcode": "정보",
  "message": "Image loaded:\nUtcTime: 2018-03-05 07:32:36.795\nProcessGuid: {A376A8F6-F294-5A9C-0000-001052E48503}\nProcessId: 17704\nImage: C:\\Program Files\\Mozilla Firefox\\firefox.exe\nImageLoaded: C:\\Windows\\System32\\msvcrt.dll\nFileVersion: 7.0.16299.125 (WinBuild.160101.0800)\nDescription: Windows NT CRT DLL\nProduct: Microsoft® Windows® Operating System\nCompany: Microsoft Corporation\nHashes: MD5=68195105C7D9A2B5DF5BB82ECA521092,SHA256=556FF2B03495E2117223E5697B54253F30BD10ED3C67468947D79945168A624A\nSigned: true\nSignature: Microsoft Windows\nSignatureStatus: Valid",
  "thread_id": 23584,
  "source_name": "Microsoft-Windows-Sysmon",
  "provider_guid": "{5770385F-C22A-43E0-BF4C-06F5698FFBD9}",
  "user": {
    "identifier": "S-1-5-18",
    "name": "SYSTEM",
    "domain": "NT AUTHORITY",
    "type": "Well Known Group"
  },
  "beat": {
    "name": "DESKTOP-WJANG",
    "hostname": "DESKTOP-WJANG",
    "version": "6.2.2"
  }
}
{
  "@timestamp": "2018-03-05T07:32:37.074Z",
  "@metadata": {
    "beat": "winlogbeat",
    "type": "doc",
    "version": "6.2.2"
  },
  "task": "Image loaded (rule: ImageLoad)",
  "event_data": {
    "Company": "Microsoft Corporation",
    "Signature": "Microsoft Windows",
    "ProcessGuid": "{A376A8F6-F294-5A9C-0000-001052E48503}",
    "UtcTime": "2018-03-05 07:32:36.798",
    "Image": "C:\\Program Files\\Mozilla Firefox\\firefox.exe",
    "FileVersion": "10.0.16299.248 (WinBuild.160101.0800)",
    "ImageLoaded": "C:\\Windows\\System32\\ucrtbase.dll",
    "Hashes": "MD5=FD2A8FB7B87833ED97F705BC1232B079,SHA256=DEC6E1AC23FC57548D36498A20E4A93E765657B9EBF2375BE1526AD07313FA56",
    "Description": "Microsoft® C Runtime Library",
    "ProcessId": "17704",
    "SignatureStatus": "Valid",
    "Product": "Microsoft® Windows® Operating System",
    "Signed": "true"
  },
  "user": {
    "identifier": "S-1-5-18",
    "name": "SYSTEM",
    "domain": "NT AUTHORITY",
    "type": "Well Known Group"
  },
  "event_id": 7,
  "provider_guid": "{5770385F-C22A-43E0-BF4C-06F5698FFBD9}",
  "level": "정보",
  "thread_id": 23584,
  "opcode": "정보",
  "type": "wineventlog",
  "version": 3,
  "source_name": "Microsoft-Windows-Sysmon",
  "log_name": "Microsoft-Windows-Sysmon/Operational",
  "message": "Image loaded:\nUtcTime: 2018-03-05 07:32:36.798\nProcessGuid: {A376A8F6-F294-5A9C-0000-001052E48503}\nProcessId: 17704\nImage: C:\\Program Files\\Mozilla Firefox\\firefox.exe\nImageLoaded: C:\\Windows\\System32\\ucrtbase.dll\nFileVersion: 10.0.16299.248 (WinBuild.160101.0800)\nDescription: Microsoft® C Runtime Library\nProduct: Microsoft® Windows® Operating System\nCompany: Microsoft Corporation\nHashes: MD5=FD2A8FB7B87833ED97F705BC1232B079,SHA256=DEC6E1AC23FC57548D36498A20E4A93E765657B9EBF2375BE1526AD07313FA56\nSigned: true\nSignature: Microsoft Windows\nSignatureStatus: Valid",
  "computer_name": "DESKTOP-WJANG",
  "process_id": 8608,
  "record_number": "217",
  "beat": {
    "name": "DESKTOP-WJANG",
    "hostname": "DESKTOP-WJANG",
    "version": "6.2.2"
  }
}
{
  "@timestamp": "2018-03-05T07:32:37.083Z",
  "@metadata": {
    "beat": "winlogbeat",
    "type": "doc",
    "version": "6.2.2"
  },
  "thread_id": 23584,
  "event_data": {
    "Signed": "true",
    "FileVersion": "14.11.25325.0 built by: VCTOOLSREL",
    "ImageLoaded": "C:\\Program Files\\Mozilla Firefox\\vcruntime140.dll",
    "Description": "Microsoft® C Runtime Library",
    "Hashes": "MD5=9A53905892D9C9F3BF9D295C8B32E446,SHA256=D58E3FF10FD96A22A8E6D2FD76146A282CC45CCFAF2301257E76E7C2771CBD41",
    "ProcessGuid": "{A376A8F6-F294-5A9C-0000-001052E48503}",
    "Image": "C:\\Program Files\\Mozilla Firefox\\firefox.exe",
    "Signature": "Microsoft Corporation",
    "ProcessId": "17704",
    "Product": "Microsoft® Visual Studio® 2017",
    "SignatureStatus": "Valid",
    "Company": "Microsoft Corporation",
    "UtcTime": "2018-03-05 07:32:36.799"
  },
  "level": "정보",
  "log_name": "Microsoft-Windows-Sysmon/Operational",
  "version": 3,
  "user": {
    "type": "Well Known Group",
    "identifier": "S-1-5-18",
    "name": "SYSTEM",
    "domain": "NT AUTHORITY"
  },
  "beat": {
    "name": "DESKTOP-WJANG",
    "hostname": "DESKTOP-WJANG",
    "version": "6.2.2"
  },
  "provider_guid": "{5770385F-C22A-43E0-BF4C-06F5698FFBD9}",
  "task": "Image loaded (rule: ImageLoad)",
  "message": "Image loaded:\nUtcTime: 2018-03-05 07:32:36.799\nProcessGuid: {A376A8F6-F294-5A9C-0000-001052E48503}\nProcessId: 17704\nImage: C:\\Program Files\\Mozilla Firefox\\firefox.exe\nImageLoaded: C:\\Program Files\\Mozilla Firefox\\vcruntime140.dll\nFileVersion: 14.11.25325.0 built by: VCTOOLSREL\nDescription: Microsoft® C Runtime Library\nProduct: Microsoft® Visual Studio® 2017\nCompany: Microsoft Corporation\nHashes: MD5=9A53905892D9C9F3BF9D295C8B32E446,SHA256=D58E3FF10FD96A22A8E6D2FD76146A282CC45CCFAF2301257E76E7C2771CBD41\nSigned: true\nSignature: Microsoft Corporation\nSignatureStatus: Valid",
  "type": "wineventlog",
  "computer_name": "DESKTOP-WJANG",
  "record_number": "218",
  "opcode": "정보",
  "event_id": 7,
  "source_name": "Microsoft-Windows-Sysmon",
  "process_id": 8608
}
{
  "@timestamp": "2018-03-05T07:32:37.094Z",
  "@metadata": {
    "beat": "winlogbeat",
    "type": "doc",
    "version": "6.2.2"
  },
  "thread_id": 23584,
  "opcode": "정보",
  "beat": {
    "name": "DESKTOP-WJANG",
    "hostname": "DESKTOP-WJANG",
    "version": "6.2.2"
  },
  "record_number": "219",
  "process_id": 8608,
  "type": "wineventlog",
  "event_id": 7,
  "level": "정보",
  "event_data": {
    "ProcessId": "17704",
    "Description": "Microsoft® C Runtime Library",
    "Signature": "Microsoft Corporation",
    "Signed": "true",
    "Company": "Microsoft Corporation",
    "Image": "C:\\Program Files\\Mozilla Firefox\\firefox.exe",
    "FileVersion": "14.11.25325.0 built by: VCTOOLSREL",
    "SignatureStatus": "Valid",
    "Hashes": "MD5=D396985225D85CAA7D743D67C7DA6316,SHA256=BE2EF4F6D540D0AC5FDDD556DCB6BFAF6CB6288679E4D64882D625FF35F173AA",
    "UtcTime": "2018-03-05 07:32:36.802",
    "ImageLoaded": "C:\\Program Files\\Mozilla Firefox\\msvcp140.dll",
    "Product": "Microsoft® Visual Studio® 2017",
    "ProcessGuid": "{A376A8F6-F294-5A9C-0000-001052E48503}"
  },
  "provider_guid": "{5770385F-C22A-43E0-BF4C-06F5698FFBD9}",
  "user": {
    "name": "SYSTEM",
    "domain": "NT AUTHORITY",
    "type": "Well Known Group",
    "identifier": "S-1-5-18"
  },
  "version": 3,
  "source_name": "Microsoft-Windows-Sysmon",
  "log_name": "Microsoft-Windows-Sysmon/Operational",
  "task": "Image loaded (rule: ImageLoad)",
  "message": "Image loaded:\nUtcTime: 2018-03-05 07:32:36.802\nProcessGuid: {A376A8F6-F294-5A9C-0000-001052E48503}\nProcessId: 17704\nImage: C:\\Program Files\\Mozilla Firefox\\firefox.exe\nImageLoaded: C:\\Program Files\\Mozilla Firefox\\msvcp140.dll\nFileVersion: 14.11.25325.0 built by: VCTOOLSREL\nDescription: Microsoft® C Runtime Library\nProduct: Microsoft® Visual Studio® 2017\nCompany: Microsoft Corporation\nHashes: MD5=D396985225D85CAA7D743D67C7DA6316,SHA256=BE2EF4F6D540D0AC5FDDD556DCB6BFAF6CB6288679E4D64882D625FF35F173AA\nSigned: true\nSignature: Microsoft Corporation\nSignatureStatus: Valid",
  "computer_name": "DESKTOP-WJANG"
}
{
  "@timestamp": "2018-03-05T07:32:37.105Z",
  "@metadata": {
    "beat": "winlogbeat",
    "type": "doc",
    "version": "6.2.2"
  },
  "message": "Image loaded:\nUtcTime: 2018-03-05 07:32:36.805\nProcessGuid: {A376A8F6-F294-5A9C-0000-001052E48503}\nProcessId: 17704\nImage: C:\\Program Files\\Mozilla Firefox\\firefox.exe\nImageLoaded: C:\\Windows\\System32\\sechost.dll\nFileVersion: 10.0.16299.15 (WinBuild.160101.0800)\nDescription: Host for SCM/SDDL/LSA Lookup APIs\nProduct: Microsoft® Windows® Operating System\nCompany: Microsoft Corporation\nHashes: MD5=D5070901E3017686755415B71332991A,SHA256=1342D275E058BA07524550BEACC7760E5CDDC0B3A32659F4C65346D3BE6515E3\nSigned: true\nSignature: Microsoft Windows\nSignatureStatus: Valid",
  "type": "wineventlog",
  "event_id": 7,
  "log_name": "Microsoft-Windows-Sysmon/Operational",
  "task": "Image loaded (rule: ImageLoad)",
  "record_number": "220",
  "user": {
    "type": "Well Known Group",
    "identifier": "S-1-5-18",
    "name": "SYSTEM",
    "domain": "NT AUTHORITY"
  },
  "opcode": "정보",
  "process_id": 8608,
  "provider_guid": "{5770385F-C22A-43E0-BF4C-06F5698FFBD9}",
  "event_data": {
    "ImageLoaded": "C:\\Windows\\System32\\sechost.dll",
    "Company": "Microsoft Corporation",
    "Hashes": "MD5=D5070901E3017686755415B71332991A,SHA256=1342D275E058BA07524550BEACC7760E5CDDC0B3A32659F4C65346D3BE6515E3",
    "Signature": "Microsoft Windows",
    "Description": "Host for SCM/SDDL/LSA Lookup APIs",
    "SignatureStatus": "Valid",
    "Product": "Microsoft® Windows® Operating System",
    "Signed": "true",
    "Image": "C:\\Program Files\\Mozilla Firefox\\firefox.exe",
    "ProcessGuid": "{A376A8F6-F294-5A9C-0000-001052E48503}",
    "FileVersion": "10.0.16299.15 (WinBuild.160101.0800)",
    "UtcTime": "2018-03-05 07:32:36.805",
    "ProcessId": "17704"
  },
  "thread_id": 23584,
  "source_name": "Microsoft-Windows-Sysmon",
  "computer_name": "DESKTOP-WJANG",
  "level": "정보",
  "version": 3,
  "beat": {
    "name": "DESKTOP-WJANG",
    "hostname": "DESKTOP-WJANG",
    "version": "6.2.2"
  }
}
{
  "@timestamp": "2018-03-05T07:32:37.146Z",
  "@metadata": {
    "beat": "winlogbeat",
    "type": "doc",
    "version": "6.2.2"
  },
  "event_id": 7,
  "source_name": "Microsoft-Windows-Sysmon",
  "type": "wineventlog",
  "provider_guid": "{5770385F-C22A-43E0-BF4C-06F5698FFBD9}",
  "record_number": "221",
  "opcode": "정보",
  "computer_name": "DESKTOP-WJANG",
  "process_id": 8608,
  "beat": {
    "name": "DESKTOP-WJANG",
    "hostname": "DESKTOP-WJANG",
    "version": "6.2.2"
  },
  "message": "Image loaded:\nUtcTime: 2018-03-05 07:32:36.813\nProcessGuid: {A376A8F6-F294-5A9C-0000-001052E48503}\nProcessId: 17704\nImage: C:\\Program Files\\Mozilla Firefox\\firefox.exe\nImageLoaded: C:\\Windows\\System32\\dbghelp.dll\nFileVersion: 10.0.16299.15 (WinBuild.160101.0800)\nDescription: Windows Image Helper\nProduct: Microsoft® Windows® Operating System\nCompany: Microsoft Corporation\nHashes: MD5=4609593AA14EB18AB4249FEAD48BBC5D,SHA256=D82CF7EB1F6E812CC44146A6FC0971E9C2A22FC78AF33B381ADB6CD7EDBDA517\nSigned: true\nSignature: Microsoft Windows\nSignatureStatus: Valid",
  "log_name": "Microsoft-Windows-Sysmon/Operational",
  "event_data": {
    "ImageLoaded": "C:\\Windows\\System32\\dbghelp.dll",
    "Product": "Microsoft® Windows® Operating System",
    "ProcessGuid": "{A376A8F6-F294-5A9C-0000-001052E48503}",
    "SignatureStatus": "Valid",
    "Image": "C:\\Program Files\\Mozilla Firefox\\firefox.exe",
    "FileVersion": "10.0.16299.15 (WinBuild.160101.0800)",
    "ProcessId": "17704",
    "Signature": "Microsoft Windows",
    "Description": "Windows Image Helper",
    "Hashes": "MD5=4609593AA14EB18AB4249FEAD48BBC5D,SHA256=D82CF7EB1F6E812CC44146A6FC0971E9C2A22FC78AF33B381ADB6CD7EDBDA517",
    "Company": "Microsoft Corporation",
    "UtcTime": "2018-03-05 07:32:36.813",
    "Signed": "true"
  },
  "task": "Image loaded (rule: ImageLoad)",
  "version": 3,
  "user": {
    "type": "Well Known Group",
    "identifier": "S-1-5-18",
    "name": "SYSTEM",
    "domain": "NT AUTHORITY"
  },
  "thread_id": 23584,
  "level": "정보"
}
{
  "@timestamp": "2018-03-05T07:32:37.162Z",
  "@metadata": {
    "beat": "winlogbeat",
    "type": "doc",
    "version": "6.2.2"
  },
  "beat": {
    "name": "DESKTOP-WJANG",
    "hostname": "DESKTOP-WJANG",
    "version": "6.2.2"
  },
  "task": "Image loaded (rule: ImageLoad)",
  "user": {
    "identifier": "S-1-5-18",
    "name": "SYSTEM",
    "domain": "NT AUTHORITY",
    "type": "Well Known Group"
  },
  "type": "wineventlog",
  "record_number": "222",
  "process_id": 8608,
  "computer_name": "DESKTOP-WJANG",
  "level": "정보",
  "log_name": "Microsoft-Windows-Sysmon/Operational",
  "opcode": "정보",
  "message": "Image loaded:\nUtcTime: 2018-03-05 07:32:36.824\nProcessGuid: {A376A8F6-F294-5A9C-0000-001052E48503}\nProcessId: 17704\nImage: C:\\Program Files\\Mozilla Firefox\\firefox.exe\nImageLoaded: C:\\Windows\\System32\\rpcrt4.dll\nFileVersion: 10.0.16299.15 (WinBuild.160101.0800)\nDescription: 원격 프로시저 호출 런타임\nProduct: Microsoft® Windows® Operating System\nCompany: Microsoft Corporation\nHashes: MD5=79554274DA5BAACA1CFE78F9F5478AF4,SHA256=32511D9B73CA53EE382AC4E727100885F562A1B0F1F4AD117ACEB506F887187C\nSigned: true\nSignature: Microsoft Windows\nSignatureStatus: Valid",
  "thread_id": 23584,
  "source_name": "Microsoft-Windows-Sysmon",
  "version": 3,
  "event_id": 7,
  "event_data": {
    "SignatureStatus": "Valid",
    "FileVersion": "10.0.16299.15 (WinBuild.160101.0800)",
    "ImageLoaded": "C:\\Windows\\System32\\rpcrt4.dll",
    "Hashes": "MD5=79554274DA5BAACA1CFE78F9F5478AF4,SHA256=32511D9B73CA53EE382AC4E727100885F562A1B0F1F4AD117ACEB506F887187C",
    "Product": "Microsoft® Windows® Operating System",
    "Description": "원격 프로시저 호출 런타임",
    "UtcTime": "2018-03-05 07:32:36.824",
    "Image": "C:\\Program Files\\Mozilla Firefox\\firefox.exe",
    "ProcessId": "17704",
    "Signed": "true",
    "Company": "Microsoft Corporation",
    "Signature": "Microsoft Windows",
    "ProcessGuid": "{A376A8F6-F294-5A9C-0000-001052E48503}"
  },
  "provider_guid": "{5770385F-C22A-43E0-BF4C-06F5698FFBD9}"
}
{
  "@timestamp": "2018-03-05T07:32:37.173Z",
  "@metadata": {
    "beat": "winlogbeat",
    "type": "doc",
    "version": "6.2.2"
  },
  "thread_id": 23584,
  "process_id": 8608,
  "event_data": {
    "Signed": "true",
    "UtcTime": "2018-03-05 07:32:36.825",
    "Company": "Microsoft Corporation",
    "ProcessGuid": "{A376A8F6-F294-5A9C-0000-001052E48503}",
    "Product": "Microsoft® Windows® Operating System",
    "ImageLoaded": "C:\\Windows\\System32\\cryptbase.dll",
    "Hashes": "MD5=2B510D6E4589B91855EF3924A47B812F,SHA256=3E257B257471D6EC7779F35673F45985D944CA94937415FCECFB85C95AF0E5C7",
    "Signature": "Microsoft Windows",
    "SignatureStatus": "Valid",
    "Description": "Base cryptographic API DLL",
    "ProcessId": "17704",
    "Image": "C:\\Program Files\\Mozilla Firefox\\firefox.exe",
    "FileVersion": "10.0.16299.15 (WinBuild.160101.0800)"
  },
  "level": "정보",
  "version": 3,
  "opcode": "정보",
  "task": "Image loaded (rule: ImageLoad)",
  "record_number": "223",
  "log_name": "Microsoft-Windows-Sysmon/Operational",
  "provider_guid": "{5770385F-C22A-43E0-BF4C-06F5698FFBD9}",
  "computer_name": "DESKTOP-WJANG",
  "source_name": "Microsoft-Windows-Sysmon",
  "message": "Image loaded:\nUtcTime: 2018-03-05 07:32:36.825\nProcessGuid: {A376A8F6-F294-5A9C-0000-001052E48503}\nProcessId: 17704\nImage: C:\\Program Files\\Mozilla Firefox\\firefox.exe\nImageLoaded: C:\\Windows\\System32\\cryptbase.dll\nFileVersion: 10.0.16299.15 (WinBuild.160101.0800)\nDescription: Base cryptographic API DLL\nProduct: Microsoft® Windows® Operating System\nCompany: Microsoft Corporation\nHashes: MD5=2B510D6E4589B91855EF3924A47B812F,SHA256=3E257B257471D6EC7779F35673F45985D944CA94937415FCECFB85C95AF0E5C7\nSigned: true\nSignature: Microsoft Windows\nSignatureStatus: Valid",
  "user": {
    "domain": "NT AUTHORITY",
    "type": "Well Known Group",
    "identifier": "S-1-5-18",
    "name": "SYSTEM"
  },
  "event_id": 7,
  "type": "wineventlog",
  "beat": {
    "name": "DESKTOP-WJANG",
    "hostname": "DESKTOP-WJANG",
    "version": "6.2.2"
  }
}
{
  "@timestamp": "2018-03-05T07:32:37.183Z",
  "@metadata": {
    "beat": "winlogbeat",
    "type": "doc",
    "version": "6.2.2"
  },
  "process_id": 8608,
  "event_id": 7,
  "provider_guid": "{5770385F-C22A-43E0-BF4C-06F5698FFBD9}",
  "beat": {
    "name": "DESKTOP-WJANG",
    "hostname": "DESKTOP-WJANG",
    "version": "6.2.2"
  },
  "opcode": "정보",
  "event_data": {
    "SignatureStatus": "Valid",
    "Description": "Windows Cryptographic Primitives Library",
    "UtcTime": "2018-03-05 07:32:36.833",
    "Product": "Microsoft® Windows® Operating System",
    "ProcessGuid": "{A376A8F6-F294-5A9C-0000-001052E48503}",
    "ProcessId": "17704",
    "Hashes": "MD5=F00DE456857C158E6DF1D65EA829F1CF,SHA256=D27CD21A38724BB4124CD52C654C5C14BEC12755774FA49FE9828A15DB2F4A1B",
    "ImageLoaded": "C:\\Windows\\System32\\bcryptprimitives.dll",
    "Image": "C:\\Program Files\\Mozilla Firefox\\firefox.exe",
    "FileVersion": "10.0.16299.98 (WinBuild.160101.0800)",
    "Company": "Microsoft Corporation",
    "Signed": "true",
    "Signature": "Microsoft Windows"
  },
  "computer_name": "DESKTOP-WJANG",
  "message": "Image loaded:\nUtcTime: 2018-03-05 07:32:36.833\nProcessGuid: {A376A8F6-F294-5A9C-0000-001052E48503}\nProcessId: 17704\nImage: C:\\Program Files\\Mozilla Firefox\\firefox.exe\nImageLoaded: C:\\Windows\\System32\\bcryptprimitives.dll\nFileVersion: 10.0.16299.98 (WinBuild.160101.0800)\nDescription: Windows Cryptographic Primitives Library\nProduct: Microsoft® Windows® Operating System\nCompany: Microsoft Corporation\nHashes: MD5=F00DE456857C158E6DF1D65EA829F1CF,SHA256=D27CD21A38724BB4124CD52C654C5C14BEC12755774FA49FE9828A15DB2F4A1B\nSigned: true\nSignature: Microsoft Windows\nSignatureStatus: Valid",
  "task": "Image loaded (rule: ImageLoad)",
  "record_number": "224",
  "version": 3,
  "type": "wineventlog",
  "log_name": "Microsoft-Windows-Sysmon/Operational",
  "thread_id": 23584,
  "user": {
    "identifier": "S-1-5-18",
    "name": "SYSTEM",
    "domain": "NT AUTHORITY",
    "type": "Well Known Group"
  },
  "source_name": "Microsoft-Windows-Sysmon",
  "level": "정보"
}
{
  "@timestamp": "2018-03-05T07:32:37.203Z",
  "@metadata": {
    "beat": "winlogbeat",
    "type": "doc",
    "version": "6.2.2"
  },
  "level": "정보",
  "version": 3,
  "source_name": "Microsoft-Windows-Sysmon",
  "record_number": "225",
  "event_id": 7,
  "beat": {
    "hostname": "DESKTOP-WJANG",
    "version": "6.2.2",
    "name": "DESKTOP-WJANG"
  },
  "provider_guid": "{5770385F-C22A-43E0-BF4C-06F5698FFBD9}",
  "task": "Image loaded (rule: ImageLoad)",
  "message": "Image loaded:\nUtcTime: 2018-03-05 07:32:36.857\nProcessGuid: {A376A8F6-F294-5A9C-0000-001052E48503}\nProcessId: 17704\nImage: C:\\Program Files\\Mozilla Firefox\\firefox.exe\nImageLoaded: C:\\Windows\\System32\\user32.dll\nFileVersion: 10.0.16299.15 (WinBuild.160101.0800)\nDescription: 다중 사용자 Windows 사용자 API 클라이언트 DLL\nProduct: Microsoft® Windows® Operating System\nCompany: Microsoft Corporation\nHashes: MD5=0370364D4D8846B6CF316ABBB2EDB083,SHA256=6F0FF65C9FB132FBC96AB55AB14D285CFA94B2EB90A24DA6CC72E0FD72C1ABFE\nSigned: true\nSignature: Microsoft Windows\nSignatureStatus: Valid",
  "log_name": "Microsoft-Windows-Sysmon/Operational",
  "thread_id": 23584,
  "event_data": {
    "ImageLoaded": "C:\\Windows\\System32\\user32.dll",
    "Product": "Microsoft® Windows® Operating System",
    "Hashes": "MD5=0370364D4D8846B6CF316ABBB2EDB083,SHA256=6F0FF65C9FB132FBC96AB55AB14D285CFA94B2EB90A24DA6CC72E0FD72C1ABFE",
    "UtcTime": "2018-03-05 07:32:36.857",
    "ProcessId": "17704",
    "Signature": "Microsoft Windows",
    "Description": "다중 사용자 Windows 사용자 API 클라이언트 DLL",
    "SignatureStatus": "Valid",
    "Image": "C:\\Program Files\\Mozilla Firefox\\firefox.exe",
    "FileVersion": "10.0.16299.15 (WinBuild.160101.0800)",
    "Signed": "true",
    "Company": "Microsoft Corporation",
    "ProcessGuid": "{A376A8F6-F294-5A9C-0000-001052E48503}"
  },
  "type": "wineventlog",
  "process_id": 8608,
  "computer_name": "DESKTOP-WJANG",
  "user": {
    "type": "Well Known Group",
    "identifier": "S-1-5-18",
    "name": "SYSTEM",
    "domain": "NT AUTHORITY"
  },
  "opcode": "정보"
}
{
  "@timestamp": "2018-03-05T07:32:37.212Z",
  "@metadata": {
    "beat": "winlogbeat",
    "type": "doc",
    "version": "6.2.2"
  },
  "event_data": {
    "Description": "Win32u",
    "FileVersion": "10.0.16299.15 (WinBuild.160101.0800)",
    "Product": "Microsoft® Windows® Operating System",
    "SignatureStatus": "Valid",
    "Company": "Microsoft Corporation",
    "ImageLoaded": "C:\\Windows\\System32\\win32u.dll",
    "UtcTime": "2018-03-05 07:32:36.859",
    "Hashes": "MD5=7FCE8457AF762D8800BF026124A9C995,SHA256=89BDA3318E23EE3DF7BA6690EC41DB5137483F1E731B39C0FA380A42460A0250",
    "Signature": "Microsoft Windows",
    "Signed": "true",
    "Image": "C:\\Program Files\\Mozilla Firefox\\firefox.exe",
    "ProcessGuid": "{A376A8F6-F294-5A9C-0000-001052E48503}",
    "ProcessId": "17704"
  },
  "task": "Image loaded (rule: ImageLoad)",
  "type": "wineventlog",
  "log_name": "Microsoft-Windows-Sysmon/Operational",
  "source_name": "Microsoft-Windows-Sysmon",
  "message": "Image loaded:\nUtcTime: 2018-03-05 07:32:36.859\nProcessGuid: {A376A8F6-F294-5A9C-0000-001052E48503}\nProcessId: 17704\nImage: C:\\Program Files\\Mozilla Firefox\\firefox.exe\nImageLoaded: C:\\Windows\\System32\\win32u.dll\nFileVersion: 10.0.16299.15 (WinBuild.160101.0800)\nDescription: Win32u\nProduct: Microsoft® Windows® Operating System\nCompany: Microsoft Corporation\nHashes: MD5=7FCE8457AF762D8800BF026124A9C995,SHA256=89BDA3318E23EE3DF7BA6690EC41DB5137483F1E731B39C0FA380A42460A0250\nSigned: true\nSignature: Microsoft Windows\nSignatureStatus: Valid",
  "beat": {
    "version": "6.2.2",
    "name": "DESKTOP-WJANG",
    "hostname": "DESKTOP-WJANG"
  },
  "event_id": 7,
  "provider_guid": "{5770385F-C22A-43E0-BF4C-06F5698FFBD9}",
  "process_id": 8608,
  "user": {
    "type": "Well Known Group",
    "identifier": "S-1-5-18",
    "name": "SYSTEM",
    "domain": "NT AUTHORITY"
  },
  "level": "정보",
  "version": 3,
  "record_number": "226",
  "thread_id": 23584,
  "opcode": "정보",
  "computer_name": "DESKTOP-WJANG"
}
{
  "@timestamp": "2018-03-05T07:32:37.221Z",
  "@metadata": {
    "beat": "winlogbeat",
    "type": "doc",
    "version": "6.2.2"
  },
  "log_name": "Microsoft-Windows-Sysmon/Operational",
  "event_id": 7,
  "computer_name": "DESKTOP-WJANG",
  "provider_guid": "{5770385F-C22A-43E0-BF4C-06F5698FFBD9}",
  "record_number": "227",
  "user": {
    "type": "Well Known Group",
    "identifier": "S-1-5-18",
    "name": "SYSTEM",
    "domain": "NT AUTHORITY"
  },
  "message": "Image loaded:\nUtcTime: 2018-03-05 07:32:36.860\nProcessGuid: {A376A8F6-F294-5A9C-0000-001052E48503}\nProcessId: 17704\nImage: C:\\Program Files\\Mozilla Firefox\\firefox.exe\nImageLoaded: C:\\Windows\\System32\\gdi32.dll\nFileVersion: 10.0.16299.15 (WinBuild.160101.0800)\nDescription: GDI Client DLL\nProduct: Microsoft® Windows® Operating System\nCompany: Microsoft Corporation\nHashes: MD5=C7D7C3A6B1F146CE08CBCB854FDB4BF6,SHA256=B76F8A431C6415890CE97E375485BB2D3DC8398704B338A19FD83C249EFBC554\nSigned: true\nSignature: Microsoft Windows\nSignatureStatus: Valid",
  "beat": {
    "name": "DESKTOP-WJANG",
    "hostname": "DESKTOP-WJANG",
    "version": "6.2.2"
  },
  "opcode": "정보",
  "type": "wineventlog",
  "level": "정보",
  "version": 3,
  "process_id": 8608,
  "event_data": {
    "Image": "C:\\Program Files\\Mozilla Firefox\\firefox.exe",
    "ImageLoaded": "C:\\Windows\\System32\\gdi32.dll",
    "ProcessId": "17704",
    "Hashes": "MD5=C7D7C3A6B1F146CE08CBCB854FDB4BF6,SHA256=B76F8A431C6415890CE97E375485BB2D3DC8398704B338A19FD83C249EFBC554",
    "Signature": "Microsoft Windows",
    "UtcTime": "2018-03-05 07:32:36.860",
    "Description": "GDI Client DLL",
    "Product": "Microsoft® Windows® Operating System",
    "Signed": "true",
    "ProcessGuid": "{A376A8F6-F294-5A9C-0000-001052E48503}",
    "FileVersion": "10.0.16299.15 (WinBuild.160101.0800)",
    "Company": "Microsoft Corporation",
    "SignatureStatus": "Valid"
  },
  "thread_id": 23584,
  "task": "Image loaded (rule: ImageLoad)",
  "source_name": "Microsoft-Windows-Sysmon"
}
