{
  "@timestamp": "2018-03-05T07:27:49.962Z",
  "@metadata": {
    "beat": "winlogbeat",
    "type": "doc",
    "version": "6.2.2"
  },
  "thread_id": 19220,
  "provider_guid": "{5770385F-C22A-43E0-BF4C-06F5698FFBD9}",
  "event_data": {
    "UtcTime": "2018-03-05 07:27:49.961",
    "ProcessGuid": "{A376A8F6-ECC2-5A9C-0000-0010E1111D00}",
    "ProcessId": "17568",
    "Image": "C:\\Program Files\\Mozilla Firefox\\firefox.exe",
    "TargetFilename": "C:\\Users\\wook8170\\AppData\\Roaming\\Microsoft\\Windows\\Recent\\CustomDestinations\\CRT68V2BCY24ONQVS0SU.temp",
    "CreationUtcTime": "2017-04-24 03:51:05.300",
    "PreviousCreationUtcTime": "2018-03-05 07:27:49.944"
  },
  "opcode": "정보",
  "computer_name": "DESKTOP-WJANG",
  "level": "정보",
  "message": "File creation time changed:\nUtcTime: 2018-03-05 07:27:49.961\nProcessGuid: {A376A8F6-ECC2-5A9C-0000-0010E1111D00}\nProcessId: 17568\nImage: C:\\Program Files\\Mozilla Firefox\\firefox.exe\nTargetFilename: C:\\Users\\wook8170\\AppData\\Roaming\\Microsoft\\Windows\\Recent\\CustomDestinations\\CRT68V2BCY24ONQVS0SU.temp\nCreationUtcTime: 2017-04-24 03:51:05.300\nPreviousCreationUtcTime: 2018-03-05 07:27:49.944",
  "type": "wineventlog",
  "log_name": "Microsoft-Windows-Sysmon/Operational",
  "source_name": "Microsoft-Windows-Sysmon",
  "process_id": 8608,
  "task": "File creation time changed (rule: FileCreateTime)",
  "user": {
    "identifier": "S-1-5-18",
    "name": "SYSTEM",
    "domain": "NT AUTHORITY",
    "type": "Well Known Group"
  },
  "record_number": "130",
  "event_id": 2,
  "version": 4,
  "beat": {
    "name": "DESKTOP-WJANG",
    "hostname": "DESKTOP-WJANG",
    "version": "6.2.2"
  }
}
{
  "@timestamp": "2018-03-05T07:27:50.292Z",
  "@metadata": {
    "beat": "winlogbeat",
    "type": "doc",
    "version": "6.2.2"
  },
  "version": 2,
  "beat": {
    "name": "DESKTOP-WJANG",
    "hostname": "DESKTOP-WJANG",
    "version": "6.2.2"
  },
  "event_data": {
    "TargetFilename": "K:\\cc - 복사본 (2).txt",
    "CreationUtcTime": "2018-03-05 07:27:50.280",
    "UtcTime": "2018-03-05 07:27:50.291",
    "ProcessGuid": "{A376A8F6-EF7D-5A9C-0000-0010537B8601}",
    "ProcessId": "24360",
    "Image": "C:\\WINDOWS\\explorer.exe"
  },
  "task": "File created (rule: FileCreate)",
  "log_name": "Microsoft-Windows-Sysmon/Operational",
  "process_id": 8608,
  "provider_guid": "{5770385F-C22A-43E0-BF4C-06F5698FFBD9}",
  "user": {
    "type": "Well Known Group",
    "identifier": "S-1-5-18",
    "name": "SYSTEM",
    "domain": "NT AUTHORITY"
  },
  "computer_name": "DESKTOP-WJANG",
  "source_name": "Microsoft-Windows-Sysmon",
  "message": "File created:\nUtcTime: 2018-03-05 07:27:50.291\nProcessGuid: {A376A8F6-EF7D-5A9C-0000-0010537B8601}\nProcessId: 24360\nImage: C:\\WINDOWS\\explorer.exe\nTargetFilename: K:\\cc - 복사본 (2).txt\nCreationUtcTime: 2018-03-05 07:27:50.280",
  "type": "wineventlog",
  "level": "정보",
  "opcode": "정보",
  "thread_id": 19220,
  "record_number": "131",
  "event_id": 11
}
{
  "@timestamp": "2018-03-05T07:27:57.113Z",
  "@metadata": {
    "beat": "winlogbeat",
    "type": "doc",
    "version": "6.2.2"
  },
  "log_name": "Microsoft-Windows-Sysmon/Operational",
  "beat": {
    "name": "DESKTOP-WJANG",
    "hostname": "DESKTOP-WJANG",
    "version": "6.2.2"
  },
  "process_id": 8608,
  "thread_id": 19220,
  "user": {
    "identifier": "S-1-5-18",
    "name": "SYSTEM",
    "domain": "NT AUTHORITY",
    "type": "Well Known Group"
  },
  "event_data": {
    "ProcessId": "24360",
    "Image": "C:\\WINDOWS\\explorer.exe",
    "TargetFilename": "K:\\paperhk64dll로드없음.PNG",
    "CreationUtcTime": "2018-03-05 07:27:56.950",
    "UtcTime": "2018-03-05 07:27:57.112",
    "ProcessGuid": "{A376A8F6-EF7D-5A9C-0000-0010537B8601}"
  },
  "event_id": 11,
  "provider_guid": "{5770385F-C22A-43E0-BF4C-06F5698FFBD9}",
  "computer_name": "DESKTOP-WJANG",
  "message": "File created:\nUtcTime: 2018-03-05 07:27:57.112\nProcessGuid: {A376A8F6-EF7D-5A9C-0000-0010537B8601}\nProcessId: 24360\nImage: C:\\WINDOWS\\explorer.exe\nTargetFilename: K:\\paperhk64dll로드없음.PNG\nCreationUtcTime: 2018-03-05 07:27:56.950",
  "source_name": "Microsoft-Windows-Sysmon",
  "type": "wineventlog",
  "record_number": "132",
  "opcode": "정보",
  "level": "정보",
  "version": 2,
  "task": "File created (rule: FileCreate)"
}
{
  "@timestamp": "2018-03-05T07:28:02.401Z",
  "@metadata": {
    "beat": "winlogbeat",
    "type": "doc",
    "version": "6.2.2"
  },
  "record_number": "133",
  "message": "Network connection detected:\nUtcTime: 2018-03-05 07:28:00.734\nProcessGuid: {A376A8F6-ECE0-5A9C-0000-0010E2F82800}\nProcessId: 19724\nImage: C:\\Program Files (x86)\\Send Anywhere\\Send Anywhere.exe\nUser: DESKTOP-WJANG\\wook8170\nProtocol: tcp\nInitiated: true\nSourceIsIpv6: false\nSourceIp: 192.168.198.67\nSourceHostname: DESKTOP-WJANG\nSourcePort: 2314\nSourcePortName: \nDestinationIsIpv6: false\nDestinationIp: 14.49.41.23\nDestinationHostname: \nDestinationPort: 443\nDestinationPortName: https",
  "task": "Network connection detected (rule: NetworkConnect)",
  "process_id": 8608,
  "thread_id": 23856,
  "log_name": "Microsoft-Windows-Sysmon/Operational",
  "version": 5,
  "level": "정보",
  "opcode": "정보",
  "event_id": 3,
  "user": {
    "name": "SYSTEM",
    "domain": "NT AUTHORITY",
    "type": "Well Known Group",
    "identifier": "S-1-5-18"
  },
  "source_name": "Microsoft-Windows-Sysmon",
  "provider_guid": "{5770385F-C22A-43E0-BF4C-06F5698FFBD9}",
  "event_data": {
    "SourceHostname": "DESKTOP-WJANG",
    "DestinationPort": "443",
    "UtcTime": "2018-03-05 07:28:00.734",
    "SourceIsIpv6": "false",
    "ProcessGuid": "{A376A8F6-ECE0-5A9C-0000-0010E2F82800}",
    "ProcessId": "19724",
    "SourcePort": "2314",
    "Image": "C:\\Program Files (x86)\\Send Anywhere\\Send Anywhere.exe",
    "DestinationPortName": "https",
    "SourceIp": "192.168.198.67",
    "DestinationIp": "14.49.41.23",
    "Protocol": "tcp",
    "User": "DESKTOP-WJANG\\wook8170",
    "Initiated": "true",
    "DestinationIsIpv6": "false"
  },
  "type": "wineventlog",
  "beat": {
    "name": "DESKTOP-WJANG",
    "hostname": "DESKTOP-WJANG",
    "version": "6.2.2"
  },
  "computer_name": "DESKTOP-WJANG"
}
{
  "@timestamp": "2018-03-05T07:28:02.401Z",
  "@metadata": {
    "beat": "winlogbeat",
    "type": "doc",
    "version": "6.2.2"
  },
  "process_id": 8608,
  "version": 5,
  "task": "Network connection detected (rule: NetworkConnect)",
  "log_name": "Microsoft-Windows-Sysmon/Operational",
  "computer_name": "DESKTOP-WJANG",
  "provider_guid": "{5770385F-C22A-43E0-BF4C-06F5698FFBD9}",
  "type": "wineventlog",
  "level": "정보",
  "user": {
    "identifier": "S-1-5-18",
    "name": "SYSTEM",
    "domain": "NT AUTHORITY",
    "type": "Well Known Group"
  },
  "source_name": "Microsoft-Windows-Sysmon",
  "event_id": 3,
  "thread_id": 23856,
  "event_data": {
    "SourceIp": "192.168.198.67",
    "ProcessId": "19724",
    "Protocol": "tcp",
    "DestinationIsIpv6": "false",
    "ProcessGuid": "{A376A8F6-ECE0-5A9C-0000-0010E2F82800}",
    "SourcePort": "2315",
    "Initiated": "true",
    "User": "DESKTOP-WJANG\\wook8170",
    "DestinationPortName": "https",
    "Image": "C:\\Program Files (x86)\\Send Anywhere\\Send Anywhere.exe",
    "SourceHostname": "DESKTOP-WJANG",
    "DestinationIp": "14.49.41.23",
    "UtcTime": "2018-03-05 07:28:00.735",
    "DestinationPort": "443",
    "SourceIsIpv6": "false"
  },
  "record_number": "134",
  "opcode": "정보",
  "message": "Network connection detected:\nUtcTime: 2018-03-05 07:28:00.735\nProcessGuid: {A376A8F6-ECE0-5A9C-0000-0010E2F82800}\nProcessId: 19724\nImage: C:\\Program Files (x86)\\Send Anywhere\\Send Anywhere.exe\nUser: DESKTOP-WJANG\\wook8170\nProtocol: tcp\nInitiated: true\nSourceIsIpv6: false\nSourceIp: 192.168.198.67\nSourceHostname: DESKTOP-WJANG\nSourcePort: 2315\nSourcePortName: \nDestinationIsIpv6: false\nDestinationIp: 14.49.41.23\nDestinationHostname: \nDestinationPort: 443\nDestinationPortName: https",
  "beat": {
    "name": "DESKTOP-WJANG",
    "hostname": "DESKTOP-WJANG",
    "version": "6.2.2"
  }
}
{
  "@timestamp": "2018-03-05T07:28:24.687Z",
  "@metadata": {
    "beat": "winlogbeat",
    "type": "doc",
    "version": "6.2.2"
  },
  "version": 5,
  "user": {
    "identifier": "S-1-5-18",
    "name": "SYSTEM",
    "domain": "NT AUTHORITY",
    "type": "Well Known Group"
  },
  "event_id": 3,
  "thread_id": 23856,
  "event_data": {
    "SourcePort": "2317",
    "DestinationPortName": "https",
    "DestinationIsIpv6": "false",
    "Initiated": "true",
    "User": "DESKTOP-WJANG\\wook8170",
    "UtcTime": "2018-03-05 07:28:22.779",
    "SourceIsIpv6": "false",
    "ProcessId": "20108",
    "SourceIp": "192.168.198.67",
    "Image": "C:\\Program Files (x86)\\Kakao\\KakaoTalk\\KakaoTalk.exe",
    "Protocol": "tcp",
    "SourceHostname": "DESKTOP-WJANG",
    "ProcessGuid": "{A376A8F6-ECD6-5A9C-0000-001081382500}",
    "DestinationIp": "110.76.141.124",
    "DestinationPort": "443"
  },
  "log_name": "Microsoft-Windows-Sysmon/Operational",
  "level": "정보",
  "message": "Network connection detected:\nUtcTime: 2018-03-05 07:28:22.779\nProcessGuid: {A376A8F6-ECD6-5A9C-0000-001081382500}\nProcessId: 20108\nImage: C:\\Program Files (x86)\\Kakao\\KakaoTalk\\KakaoTalk.exe\nUser: DESKTOP-WJANG\\wook8170\nProtocol: tcp\nInitiated: true\nSourceIsIpv6: false\nSourceIp: 192.168.198.67\nSourceHostname: DESKTOP-WJANG\nSourcePort: 2317\nSourcePortName: \nDestinationIsIpv6: false\nDestinationIp: 110.76.141.124\nDestinationHostname: \nDestinationPort: 443\nDestinationPortName: https",
  "process_id": 8608,
  "computer_name": "DESKTOP-WJANG",
  "type": "wineventlog",
  "record_number": "135",
  "task": "Network connection detected (rule: NetworkConnect)",
  "opcode": "정보",
  "source_name": "Microsoft-Windows-Sysmon",
  "provider_guid": "{5770385F-C22A-43E0-BF4C-06F5698FFBD9}",
  "beat": {
    "name": "DESKTOP-WJANG",
    "hostname": "DESKTOP-WJANG",
    "version": "6.2.2"
  }
}
{
  "@timestamp": "2018-03-05T07:28:28.714Z",
  "@metadata": {
    "beat": "winlogbeat",
    "type": "doc",
    "version": "6.2.2"
  },
  "task": "Registry value set (rule: RegistryEvent)",
  "event_id": 13,
  "process_id": 8608,
  "type": "wineventlog",
  "event_data": {
    "Details": "\"C:\\Program Files\\AhnLab\\Safe Transaction\\stsess.exe\" /tray",
    "EventType": "SetValue",
    "UtcTime": "2018-03-05 07:28:28.713",
    "ProcessGuid": "{A376A8F6-ECA3-5A9C-0000-00106FF70200}",
    "ProcessId": "4984",
    "Image": "C:\\Program Files\\AhnLab\\Safe Transaction\\ASDSvc.exe",
    "TargetObject": "HKLM\\SOFTWARE\\Microsoft\\Windows\\CurrentVersion\\Run\\AhnLab Safe Transaction Application"
  },
  "user": {
    "identifier": "S-1-5-18",
    "name": "SYSTEM",
    "domain": "NT AUTHORITY",
    "type": "Well Known Group"
  },
  "record_number": "136",
  "level": "정보",
  "source_name": "Microsoft-Windows-Sysmon",
  "log_name": "Microsoft-Windows-Sysmon/Operational",
  "provider_guid": "{5770385F-C22A-43E0-BF4C-06F5698FFBD9}",
  "computer_name": "DESKTOP-WJANG",
  "version": 2,
  "opcode": "정보",
  "message": "Registry value set:\nEventType: SetValue\nUtcTime: 2018-03-05 07:28:28.713\nProcessGuid: {A376A8F6-ECA3-5A9C-0000-00106FF70200}\nProcessId: 4984\nImage: C:\\Program Files\\AhnLab\\Safe Transaction\\ASDSvc.exe\nTargetObject: HKLM\\SOFTWARE\\Microsoft\\Windows\\CurrentVersion\\Run\\AhnLab Safe Transaction Application\nDetails: \"C:\\Program Files\\AhnLab\\Safe Transaction\\stsess.exe\" /tray",
  "thread_id": 19220,
  "beat": {
    "version": "6.2.2",
    "name": "DESKTOP-WJANG",
    "hostname": "DESKTOP-WJANG"
  }
}
{
  "@timestamp": "2018-03-05T07:28:32.699Z",
  "@metadata": {
    "beat": "winlogbeat",
    "type": "doc",
    "version": "6.2.2"
  },
  "message": "Network connection detected:\nUtcTime: 2018-03-05 07:28:31.169\nProcessGuid: {A376A8F6-ECDF-5A9C-0000-0010038E2800}\nProcessId: 22260\nImage: C:\\Users\\wook8170\\AppData\\Local\\Microsoft\\Teams\\current\\Teams.exe\nUser: DESKTOP-WJANG\\wook8170\nProtocol: tcp\nInitiated: true\nSourceIsIpv6: false\nSourceIp: 192.168.198.67\nSourceHostname: DESKTOP-WJANG\nSourcePort: 2318\nSourcePortName: \nDestinationIsIpv6: false\nDestinationIp: 13.107.3.128\nDestinationHostname: \nDestinationPort: 443\nDestinationPortName: https",
  "event_id": 3,
  "computer_name": "DESKTOP-WJANG",
  "level": "정보",
  "type": "wineventlog",
  "version": 5,
  "user": {
    "type": "Well Known Group",
    "identifier": "S-1-5-18",
    "name": "SYSTEM",
    "domain": "NT AUTHORITY"
  },
  "log_name": "Microsoft-Windows-Sysmon/Operational",
  "provider_guid": "{5770385F-C22A-43E0-BF4C-06F5698FFBD9}",
  "task": "Network connection detected (rule: NetworkConnect)",
  "record_number": "137",
  "event_data": {
    "DestinationIp": "13.107.3.128",
    "UtcTime": "2018-03-05 07:28:31.169",
    "SourceIsIpv6": "false",
    "SourceIp": "192.168.198.67",
    "DestinationPortName": "https",
    "Protocol": "tcp",
    "User": "DESKTOP-WJANG\\wook8170",
    "ProcessId": "22260",
    "DestinationIsIpv6": "false",
    "Image": "C:\\Users\\wook8170\\AppData\\Local\\Microsoft\\Teams\\current\\Teams.exe",
    "DestinationPort": "443",
    "Initiated": "true",
    "SourceHostname": "DESKTOP-WJANG",
    "SourcePort": "2318",
    "ProcessGuid": "{A376A8F6-ECDF-5A9C-0000-0010038E2800}"
  },
  "process_id": 8608,
  "opcode": "정보",
  "beat": {
    "name": "DESKTOP-WJANG",
    "hostname": "DESKTOP-WJANG",
    "version": "6.2.2"
  },
  "thread_id": 23856,
  "source_name": "Microsoft-Windows-Sysmon"
}
{
  "@timestamp": "2018-03-05T07:28:42.587Z",
  "@metadata": {
    "beat": "winlogbeat",
    "type": "doc",
    "version": "6.2.2"
  },
  "source_name": "Microsoft-Windows-Sysmon",
  "type": "wineventlog",
  "user": {
    "type": "Well Known Group",
    "identifier": "S-1-5-18",
    "name": "SYSTEM",
    "domain": "NT AUTHORITY"
  },
  "beat": {
    "name": "DESKTOP-WJANG",
    "hostname": "DESKTOP-WJANG",
    "version": "6.2.2"
  },
  "level": "정보",
  "process_id": 8608,
  "thread_id": 19220,
  "message": "Process terminated:\nUtcTime: 2018-03-05 07:28:42.587\nProcessGuid: {A376A8F6-ECC5-5A9C-0000-00108CE61D00}\nProcessId: 18368\nImage: C:\\Program Files\\Mozilla Firefox\\firefox.exe",
  "event_data": {
    "UtcTime": "2018-03-05 07:28:42.587",
    "ProcessGuid": "{A376A8F6-ECC5-5A9C-0000-00108CE61D00}",
    "ProcessId": "18368",
    "Image": "C:\\Program Files\\Mozilla Firefox\\firefox.exe"
  },
  "log_name": "Microsoft-Windows-Sysmon/Operational",
  "computer_name": "DESKTOP-WJANG",
  "event_id": 5,
  "task": "Process terminated (rule: ProcessTerminate)",
  "provider_guid": "{5770385F-C22A-43E0-BF4C-06F5698FFBD9}",
  "opcode": "정보",
  "version": 3,
  "record_number": "138"
}
{
  "@timestamp": "2018-03-05T07:28:42.614Z",
  "@metadata": {
    "beat": "winlogbeat",
    "type": "doc",
    "version": "6.2.2"
  },
  "process_id": 8608,
  "task": "Process terminated (rule: ProcessTerminate)",
  "level": "정보",
  "log_name": "Microsoft-Windows-Sysmon/Operational",
  "message": "Process terminated:\nUtcTime: 2018-03-05 07:28:42.614\nProcessGuid: {A376A8F6-ECC4-5A9C-0000-001044DF1D00}\nProcessId: 13320\nImage: C:\\Program Files\\Mozilla Firefox\\firefox.exe",
  "record_number": "139",
  "opcode": "정보",
  "event_data": {
    "ProcessGuid": "{A376A8F6-ECC4-5A9C-0000-001044DF1D00}",
    "ProcessId": "13320",
    "Image": "C:\\Program Files\\Mozilla Firefox\\firefox.exe",
    "UtcTime": "2018-03-05 07:28:42.614"
  },
  "thread_id": 19220,
  "provider_guid": "{5770385F-C22A-43E0-BF4C-06F5698FFBD9}",
  "source_name": "Microsoft-Windows-Sysmon",
  "version": 3,
  "type": "wineventlog",
  "user": {
    "identifier": "S-1-5-18",
    "name": "SYSTEM",
    "domain": "NT AUTHORITY",
    "type": "Well Known Group"
  },
  "event_id": 5,
  "computer_name": "DESKTOP-WJANG",
  "beat": {
    "hostname": "DESKTOP-WJANG",
    "version": "6.2.2",
    "name": "DESKTOP-WJANG"
  }
}
{
  "@timestamp": "2018-03-05T07:28:42.642Z",
  "@metadata": {
    "beat": "winlogbeat",
    "type": "doc",
    "version": "6.2.2"
  },
  "thread_id": 19220,
  "level": "정보",
  "opcode": "정보",
  "provider_guid": "{5770385F-C22A-43E0-BF4C-06F5698FFBD9}",
  "task": "Process terminated (rule: ProcessTerminate)",
  "event_data": {
    "UtcTime": "2018-03-05 07:28:42.642",
    "ProcessGuid": "{A376A8F6-ECC6-5A9C-0000-0010994F1E00}",
    "ProcessId": "19072",
    "Image": "C:\\Program Files\\Mozilla Firefox\\firefox.exe"
  },
  "source_name": "Microsoft-Windows-Sysmon",
  "user": {
    "type": "Well Known Group",
    "identifier": "S-1-5-18",
    "name": "SYSTEM",
    "domain": "NT AUTHORITY"
  },
  "log_name": "Microsoft-Windows-Sysmon/Operational",
  "message": "Process terminated:\nUtcTime: 2018-03-05 07:28:42.642\nProcessGuid: {A376A8F6-ECC6-5A9C-0000-0010994F1E00}\nProcessId: 19072\nImage: C:\\Program Files\\Mozilla Firefox\\firefox.exe",
  "process_id": 8608,
  "type": "wineventlog",
  "beat": {
    "hostname": "DESKTOP-WJANG",
    "version": "6.2.2",
    "name": "DESKTOP-WJANG"
  },
  "computer_name": "DESKTOP-WJANG",
  "event_id": 5,
  "version": 3,
  "record_number": "140"
}
{
  "@timestamp": "2018-03-05T07:28:42.649Z",
  "@metadata": {
    "beat": "winlogbeat",
    "type": "doc",
    "version": "6.2.2"
  },
  "event_data": {
    "UtcTime": "2018-03-05 07:28:42.649",
    "ProcessGuid": "{A376A8F6-F09A-5A9C-0000-00100F273902}",
    "ProcessId": "232",
    "Image": "C:\\Program Files\\Mozilla Firefox\\firefox.exe"
  },
  "process_id": 8608,
  "user": {
    "domain": "NT AUTHORITY",
    "type": "Well Known Group",
    "identifier": "S-1-5-18",
    "name": "SYSTEM"
  },
  "version": 3,
  "thread_id": 19220,
  "beat": {
    "name": "DESKTOP-WJANG",
    "hostname": "DESKTOP-WJANG",
    "version": "6.2.2"
  },
  "record_number": "141",
  "level": "정보",
  "opcode": "정보",
  "computer_name": "DESKTOP-WJANG",
  "provider_guid": "{5770385F-C22A-43E0-BF4C-06F5698FFBD9}",
  "message": "Process terminated:\nUtcTime: 2018-03-05 07:28:42.649\nProcessGuid: {A376A8F6-F09A-5A9C-0000-00100F273902}\nProcessId: 232\nImage: C:\\Program Files\\Mozilla Firefox\\firefox.exe",
  "task": "Process terminated (rule: ProcessTerminate)",
  "type": "wineventlog",
  "log_name": "Microsoft-Windows-Sysmon/Operational",
  "source_name": "Microsoft-Windows-Sysmon",
  "event_id": 5
}
{
  "@timestamp": "2018-03-05T07:28:42.757Z",
  "@metadata": {
    "beat": "winlogbeat",
    "type": "doc",
    "version": "6.2.2"
  },
  "thread_id": 19220,
  "log_name": "Microsoft-Windows-Sysmon/Operational",
  "computer_name": "DESKTOP-WJANG",
  "record_number": "142",
  "provider_guid": "{5770385F-C22A-43E0-BF4C-06F5698FFBD9}",
  "event_id": 5,
  "type": "wineventlog",
  "source_name": "Microsoft-Windows-Sysmon",
  "version": 3,
  "event_data": {
    "Image": "C:\\Program Files\\Mozilla Firefox\\firefox.exe",
    "UtcTime": "2018-03-05 07:28:42.756",
    "ProcessGuid": "{A376A8F6-ECC4-5A9C-0000-001079B51D00}",
    "ProcessId": "18348"
  },
  "opcode": "정보",
  "process_id": 8608,
  "message": "Process terminated:\nUtcTime: 2018-03-05 07:28:42.756\nProcessGuid: {A376A8F6-ECC4-5A9C-0000-001079B51D00}\nProcessId: 18348\nImage: C:\\Program Files\\Mozilla Firefox\\firefox.exe",
  "user": {
    "type": "Well Known Group",
    "identifier": "S-1-5-18",
    "name": "SYSTEM",
    "domain": "NT AUTHORITY"
  },
  "task": "Process terminated (rule: ProcessTerminate)",
  "level": "정보",
  "beat": {
    "name": "DESKTOP-WJANG",
    "hostname": "DESKTOP-WJANG",
    "version": "6.2.2"
  }
}
{
  "@timestamp": "2018-03-05T07:28:43.055Z",
  "@metadata": {
    "beat": "winlogbeat",
    "type": "doc",
    "version": "6.2.2"
  },
  "message": "Process terminated:\nUtcTime: 2018-03-05 07:28:43.054\nProcessGuid: {A376A8F6-ECC2-5A9C-0000-0010E1111D00}\nProcessId: 17568\nImage: C:\\Program Files\\Mozilla Firefox\\firefox.exe",
  "source_name": "Microsoft-Windows-Sysmon",
  "event_id": 5,
  "level": "정보",
  "event_data": {
    "Image": "C:\\Program Files\\Mozilla Firefox\\firefox.exe",
    "UtcTime": "2018-03-05 07:28:43.054",
    "ProcessGuid": "{A376A8F6-ECC2-5A9C-0000-0010E1111D00}",
    "ProcessId": "17568"
  },
  "user": {
    "domain": "NT AUTHORITY",
    "type": "Well Known Group",
    "identifier": "S-1-5-18",
    "name": "SYSTEM"
  },
  "version": 3,
  "beat": {
    "name": "DESKTOP-WJANG",
    "hostname": "DESKTOP-WJANG",
    "version": "6.2.2"
  },
  "opcode": "정보",
  "log_name": "Microsoft-Windows-Sysmon/Operational",
  "task": "Process terminated (rule: ProcessTerminate)",
  "thread_id": 19220,
  "record_number": "143",
  "provider_guid": "{5770385F-C22A-43E0-BF4C-06F5698FFBD9}",
  "type": "wineventlog",
  "process_id": 8608,
  "computer_name": "DESKTOP-WJANG"
}
{
  "@timestamp": "2018-03-05T07:28:44.717Z",
  "@metadata": {
    "beat": "winlogbeat",
    "type": "doc",
    "version": "6.2.2"
  },
  "message": "Network connection detected:\nUtcTime: 2018-03-05 07:28:43.084\nProcessGuid: {A376A8F6-F1AA-5A9C-0000-0010C8BAF002}\nProcessId: 26056\nImage: C:\\Program Files\\Mozilla Firefox\\pingsender.exe\nUser: DESKTOP-WJANG\\wook8170\nProtocol: tcp\nInitiated: true\nSourceIsIpv6: false\nSourceIp: 192.168.198.67\nSourceHostname: DESKTOP-WJANG\nSourcePort: 2320\nSourcePortName: \nDestinationIsIpv6: false\nDestinationIp: 52.11.162.210\nDestinationHostname: ec2-52-11-162-210.us-west-2.compute.amazonaws.com\nDestinationPort: 443\nDestinationPortName: https",
  "version": 5,
  "task": "Network connection detected (rule: NetworkConnect)",
  "process_id": 8608,
  "type": "wineventlog",
  "event_id": 3,
  "user": {
    "identifier": "S-1-5-18",
    "name": "SYSTEM",
    "domain": "NT AUTHORITY",
    "type": "Well Known Group"
  },
  "thread_id": 23856,
  "event_data": {
    "UtcTime": "2018-03-05 07:28:43.084",
    "Initiated": "true",
    "SourceHostname": "DESKTOP-WJANG",
    "DestinationIp": "52.11.162.210",
    "ProcessGuid": "{A376A8F6-F1AA-5A9C-0000-0010C8BAF002}",
    "SourceIsIpv6": "false",
    "ProcessId": "26056",
    "DestinationHostname": "ec2-52-11-162-210.us-west-2.compute.amazonaws.com",
    "Image": "C:\\Program Files\\Mozilla Firefox\\pingsender.exe",
    "DestinationPort": "443",
    "User": "DESKTOP-WJANG\\wook8170",
    "DestinationPortName": "https",
    "SourceIp": "192.168.198.67",
    "SourcePort": "2320",
    "DestinationIsIpv6": "false",
    "Protocol": "tcp"
  },
  "record_number": "144",
  "level": "정보",
  "opcode": "정보",
  "beat": {
    "name": "DESKTOP-WJANG",
    "hostname": "DESKTOP-WJANG",
    "version": "6.2.2"
  },
  "provider_guid": "{5770385F-C22A-43E0-BF4C-06F5698FFBD9}",
  "source_name": "Microsoft-Windows-Sysmon",
  "computer_name": "DESKTOP-WJANG",
  "log_name": "Microsoft-Windows-Sysmon/Operational"
}
{
  "@timestamp": "2018-03-05T07:28:51.480Z",
  "@metadata": {
    "beat": "winlogbeat",
    "type": "doc",
    "version": "6.2.2"
  },
  "computer_name": "DESKTOP-WJANG",
  "record_number": "145",
  "provider_guid": "{5770385F-C22A-43E0-BF4C-06F5698FFBD9}",
  "thread_id": 23856,
  "user": {
    "identifier": "S-1-5-18",
    "name": "SYSTEM",
    "domain": "NT AUTHORITY",
    "type": "Well Known Group"
  },
  "source_name": "Microsoft-Windows-Sysmon",
  "version": 5,
  "level": "정보",
  "task": "Network connection detected (rule: NetworkConnect)",
  "process_id": 8608,
  "event_id": 3,
  "log_name": "Microsoft-Windows-Sysmon/Operational",
  "event_data": {
    "Protocol": "tcp",
    "SourcePort": "2321",
    "ProcessGuid": "{A376A8F6-ECA3-5A9C-0000-0010B2050300}",
    "Initiated": "true",
    "SourceIp": "192.168.198.67",
    "ProcessId": "5328",
    "DestinationPortName": "https",
    "SourceIsIpv6": "false",
    "User": "NT AUTHORITY\\SYSTEM",
    "SourceHostname": "DESKTOP-WJANG",
    "DestinationIsIpv6": "false",
    "UtcTime": "2018-03-05 07:28:49.268",
    "DestinationPort": "443",
    "DestinationIp": "81.19.104.36",
    "Image": "C:\\Program Files (x86)\\Kaspersky Lab\\Kaspersky Free 18.0.0\\avp.exe"
  },
  "message": "Network connection detected:\nUtcTime: 2018-03-05 07:28:49.268\nProcessGuid: {A376A8F6-ECA3-5A9C-0000-0010B2050300}\nProcessId: 5328\nImage: C:\\Program Files (x86)\\Kaspersky Lab\\Kaspersky Free 18.0.0\\avp.exe\nUser: NT AUTHORITY\\SYSTEM\nProtocol: tcp\nInitiated: true\nSourceIsIpv6: false\nSourceIp: 192.168.198.67\nSourceHostname: DESKTOP-WJANG\nSourcePort: 2321\nSourcePortName: \nDestinationIsIpv6: false\nDestinationIp: 81.19.104.36\nDestinationHostname: \nDestinationPort: 443\nDestinationPortName: https",
  "beat": {
    "version": "6.2.2",
    "name": "DESKTOP-WJANG",
    "hostname": "DESKTOP-WJANG"
  },
  "opcode": "정보",
  "type": "wineventlog"
}
{
  "@timestamp": "2018-03-05T07:29:07.604Z",
  "@metadata": {
    "beat": "winlogbeat",
    "type": "doc",
    "version": "6.2.2"
  },
  "level": "정보",
  "opcode": "정보",
  "process_id": 8608,
  "source_name": "Microsoft-Windows-Sysmon",
  "version": 5,
  "thread_id": 19220,
  "log_name": "Microsoft-Windows-Sysmon/Operational",
  "computer_name": "DESKTOP-WJANG",
  "event_id": 1,
  "beat": {
    "name": "DESKTOP-WJANG",
    "hostname": "DESKTOP-WJANG",
    "version": "6.2.2"
  },
  "event_data": {
    "Image": "C:\\Program Files\\Mozilla Firefox\\firefox.exe",
    "IntegrityLevel": "Medium",
    "ParentProcessGuid": "{A376A8F6-ECB7-5A9C-0000-00108FD51400}",
    "ParentImage": "C:\\Windows\\explorer.exe",
    "Company": "Mozilla Corporation",
    "Description": "Firefox",
    "Product": "Firefox",
    "User": "DESKTOP-WJANG\\wook8170",
    "TerminalSessionId": "1",
    "ProcessGuid": "{A376A8F6-F1C3-5A9C-0000-0010B3D10003}",
    "CommandLine": "\"C:\\Program Files\\Mozilla Firefox\\firefox.exe\" ",
    "Hashes": "MD5=22819EB3C648583352AE83003E4C9A56,SHA256=4B69AE5B7D548EFC56FDBE2E650CE2B519AE0C9C928640023077B956C51A7138",
    "UtcTime": "2018-03-05 07:29:07.523",
    "LogonGuid": "{A376A8F6-ECB5-5A9C-0000-00208AB21300}",
    "ParentCommandLine": "C:\\WINDOWS\\Explorer.EXE",
    "CurrentDirectory": "C:\\Program Files\\Mozilla Firefox\\",
    "FileVersion": "58.0.2",
    "LogonId": "0x13b28a",
    "ProcessId": "1140",
    "ParentProcessId": "13872"
  },
  "message": "Process Create:\nUtcTime: 2018-03-05 07:29:07.523\nProcessGuid: {A376A8F6-F1C3-5A9C-0000-0010B3D10003}\nProcessId: 1140\nImage: C:\\Program Files\\Mozilla Firefox\\firefox.exe\nFileVersion: 58.0.2\nDescription: Firefox\nProduct: Firefox\nCompany: Mozilla Corporation\nCommandLine: \"C:\\Program Files\\Mozilla Firefox\\firefox.exe\" \nCurrentDirectory: C:\\Program Files\\Mozilla Firefox\\\nUser: DESKTOP-WJANG\\wook8170\nLogonGuid: {A376A8F6-ECB5-5A9C-0000-00208AB21300}\nLogonId: 0x13B28A\nTerminalSessionId: 1\nIntegrityLevel: Medium\nHashes: MD5=22819EB3C648583352AE83003E4C9A56,SHA256=4B69AE5B7D548EFC56FDBE2E650CE2B519AE0C9C928640023077B956C51A7138\nParentProcessGuid: {A376A8F6-ECB7-5A9C-0000-00108FD51400}\nParentProcessId: 13872\nParentImage: C:\\Windows\\explorer.exe\nParentCommandLine: C:\\WINDOWS\\Explorer.EXE",
  "type": "wineventlog",
  "task": "Process Create (rule: ProcessCreate)",
  "user": {
    "name": "SYSTEM",
    "domain": "NT AUTHORITY",
    "type": "Well Known Group",
    "identifier": "S-1-5-18"
  },
  "provider_guid": "{5770385F-C22A-43E0-BF4C-06F5698FFBD9}",
  "record_number": "146"
}
{
  "@timestamp": "2018-03-05T07:29:08.399Z",
  "@metadata": {
    "beat": "winlogbeat",
    "type": "doc",
    "version": "6.2.2"
  },
  "event_data": {
    "ParentImage": "C:\\Program Files\\Mozilla Firefox\\firefox.exe",
    "UtcTime": "2018-03-05 07:29:08.393",
    "Image": "C:\\Program Files\\Mozilla Firefox\\firefox.exe",
    "Description": "Firefox",
    "LogonGuid": "{A376A8F6-ECB5-5A9C-0000-00208AB21300}",
    "Hashes": "MD5=22819EB3C648583352AE83003E4C9A56,SHA256=4B69AE5B7D548EFC56FDBE2E650CE2B519AE0C9C928640023077B956C51A7138",
    "Product": "Firefox",
    "User": "DESKTOP-WJANG\\wook8170",
    "ProcessId": "23812",
    "ProcessGuid": "{A376A8F6-F1C4-5A9C-0000-00109E680103}",
    "CommandLine": "\"C:\\Program Files\\Mozilla Firefox\\firefox.exe\" -contentproc --channel=\"1140.0.2008885672\\1328396605\" -greomni \"C:\\Program Files\\Mozilla Firefox\\omni.ja\" -appomni \"C:\\Program Files\\Mozilla Firefox\\browser\\omni.ja\" -appdir \"C:\\Program Files\\Mozilla Firefox\\browser\"  \"C:\\Users\\wook8170\\AppData\\LocalLow\\Mozilla\\Temp-{0aa63d4b-0bc0-4754-bd4a-1e621ca9132f}\" 1140 \"\\\\.\\pipe\\gecko-crash-server-pipe.1140\" gpu",
    "TerminalSessionId": "1",
    "IntegrityLevel": "Medium",
    "ParentProcessGuid": "{A376A8F6-F1C3-5A9C-0000-0010B3D10003}",
    "FileVersion": "58.0.2",
    "ParentProcessId": "1140",
    "LogonId": "0x13b28a",
    "CurrentDirectory": "C:\\Program Files\\Mozilla Firefox\\",
    "ParentCommandLine": "\"C:\\Program Files\\Mozilla Firefox\\firefox.exe\" ",
    "Company": "Mozilla Corporation"
  },
  "source_name": "Microsoft-Windows-Sysmon",
  "provider_guid": "{5770385F-C22A-43E0-BF4C-06F5698FFBD9}",
  "event_id": 1,
  "task": "Process Create (rule: ProcessCreate)",
  "user": {
    "identifier": "S-1-5-18",
    "name": "SYSTEM",
    "domain": "NT AUTHORITY",
    "type": "Well Known Group"
  },
  "type": "wineventlog",
  "log_name": "Microsoft-Windows-Sysmon/Operational",
  "level": "정보",
  "process_id": 8608,
  "computer_name": "DESKTOP-WJANG",
  "beat": {
    "name": "DESKTOP-WJANG",
    "hostname": "DESKTOP-WJANG",
    "version": "6.2.2"
  },
  "version": 5,
  "thread_id": 19220,
  "opcode": "정보",
  "record_number": "147",
  "message": "Process Create:\nUtcTime: 2018-03-05 07:29:08.393\nProcessGuid: {A376A8F6-F1C4-5A9C-0000-00109E680103}\nProcessId: 23812\nImage: C:\\Program Files\\Mozilla Firefox\\firefox.exe\nFileVersion: 58.0.2\nDescription: Firefox\nProduct: Firefox\nCompany: Mozilla Corporation\nCommandLine: \"C:\\Program Files\\Mozilla Firefox\\firefox.exe\" -contentproc --channel=\"1140.0.2008885672\\1328396605\" -greomni \"C:\\Program Files\\Mozilla Firefox\\omni.ja\" -appomni \"C:\\Program Files\\Mozilla Firefox\\browser\\omni.ja\" -appdir \"C:\\Program Files\\Mozilla Firefox\\browser\"  \"C:\\Users\\wook8170\\AppData\\LocalLow\\Mozilla\\Temp-{0aa63d4b-0bc0-4754-bd4a-1e621ca9132f}\" 1140 \"\\\\.\\pipe\\gecko-crash-server-pipe.1140\" gpu\nCurrentDirectory: C:\\Program Files\\Mozilla Firefox\\\nUser: DESKTOP-WJANG\\wook8170\nLogonGuid: {A376A8F6-ECB5-5A9C-0000-00208AB21300}\nLogonId: 0x13B28A\nTerminalSessionId: 1\nIntegrityLevel: Medium\nHashes: MD5=22819EB3C648583352AE83003E4C9A56,SHA256=4B69AE5B7D548EFC56FDBE2E650CE2B519AE0C9C928640023077B956C51A7138\nParentProcessGuid: {A376A8F6-F1C3-5A9C-0000-0010B3D10003}\nParentProcessId: 1140\nParentImage: C:\\Program Files\\Mozilla Firefox\\firefox.exe\nParentCommandLine: \"C:\\Program Files\\Mozilla Firefox\\firefox.exe\" "
}
{
  "@timestamp": "2018-03-05T07:29:08.485Z",
  "@metadata": {
    "beat": "winlogbeat",
    "type": "doc",
    "version": "6.2.2"
  },
  "thread_id": 19220,
  "message": "CreateRemoteThread detected:\nUtcTime: 2018-03-05 07:29:08.484\nSourceProcessGuid: {A376A8F6-ECCA-5A9C-0000-0010B9A62000}\nSourceProcessId: 19952\nSourceImage: C:\\Program Files\\AhnLab\\Safe Transaction\\stsess.exe\nTargetProcessGuid: {A376A8F6-F1C3-5A9C-0000-0010B3D10003}\nTargetProcessId: 1140\nTargetImage: C:\\Program Files\\Mozilla Firefox\\firefox.exe\nNewThreadId: 12988\nStartAddress: 0x00007FFD10C613F0\nStartModule: C:\\WINDOWS\\System32\\KERNEL32.DLL\nStartFunction: LoadLibraryA",
  "type": "wineventlog",
  "log_name": "Microsoft-Windows-Sysmon/Operational",
  "provider_guid": "{5770385F-C22A-43E0-BF4C-06F5698FFBD9}",
  "level": "정보",
  "computer_name": "DESKTOP-WJANG",
  "record_number": "148",
  "user": {
    "domain": "NT AUTHORITY",
    "type": "Well Known Group",
    "identifier": "S-1-5-18",
    "name": "SYSTEM"
  },
  "event_data": {
    "SourceProcessId": "19952",
    "TargetProcessGuid": "{A376A8F6-F1C3-5A9C-0000-0010B3D10003}",
    "TargetImage": "C:\\Program Files\\Mozilla Firefox\\firefox.exe",
    "StartAddress": "0x00007FFD10C613F0",
    "TargetProcessId": "1140",
    "StartModule": "C:\\WINDOWS\\System32\\KERNEL32.DLL",
    "UtcTime": "2018-03-05 07:29:08.484",
    "SourceProcessGuid": "{A376A8F6-ECCA-5A9C-0000-0010B9A62000}",
    "SourceImage": "C:\\Program Files\\AhnLab\\Safe Transaction\\stsess.exe",
    "StartFunction": "LoadLibraryA",
    "NewThreadId": "12988"
  },
  "opcode": "정보",
  "task": "CreateRemoteThread detected (rule: CreateRemoteThread)",
  "process_id": 8608,
  "source_name": "Microsoft-Windows-Sysmon",
  "event_id": 8,
  "version": 2,
  "beat": {
    "hostname": "DESKTOP-WJANG",
    "version": "6.2.2",
    "name": "DESKTOP-WJANG"
  }
}
{
  "@timestamp": "2018-03-05T07:29:09.007Z",
  "@metadata": {
    "beat": "winlogbeat",
    "type": "doc",
    "version": "6.2.2"
  },
  "record_number": "149",
  "thread_id": 23856,
  "message": "Network connection detected:\nUtcTime: 2018-03-05 07:29:07.687\nProcessGuid: {A376A8F6-ECE0-5A9C-0000-0010E2F82800}\nProcessId: 19724\nImage: C:\\Program Files (x86)\\Send Anywhere\\Send Anywhere.exe\nUser: DESKTOP-WJANG\\wook8170\nProtocol: tcp\nInitiated: true\nSourceIsIpv6: false\nSourceIp: 192.168.198.67\nSourceHostname: DESKTOP-WJANG\nSourcePort: 2323\nSourcePortName: \nDestinationIsIpv6: false\nDestinationIp: 14.49.41.23\nDestinationHostname: \nDestinationPort: 443\nDestinationPortName: https",
  "opcode": "정보",
  "log_name": "Microsoft-Windows-Sysmon/Operational",
  "event_id": 3,
  "provider_guid": "{5770385F-C22A-43E0-BF4C-06F5698FFBD9}",
  "beat": {
    "name": "DESKTOP-WJANG",
    "hostname": "DESKTOP-WJANG",
    "version": "6.2.2"
  },
  "user": {
    "identifier": "S-1-5-18",
    "name": "SYSTEM",
    "domain": "NT AUTHORITY",
    "type": "Well Known Group"
  },
  "source_name": "Microsoft-Windows-Sysmon",
  "computer_name": "DESKTOP-WJANG",
  "level": "정보",
  "process_id": 8608,
  "event_data": {
    "User": "DESKTOP-WJANG\\wook8170",
    "SourcePort": "2323",
    "DestinationPortName": "https",
    "Initiated": "true",
    "ProcessId": "19724",
    "ProcessGuid": "{A376A8F6-ECE0-5A9C-0000-0010E2F82800}",
    "Protocol": "tcp",
    "DestinationIp": "14.49.41.23",
    "DestinationIsIpv6": "false",
    "DestinationPort": "443",
    "UtcTime": "2018-03-05 07:29:07.687",
    "SourceIsIpv6": "false",
    "SourceHostname": "DESKTOP-WJANG",
    "SourceIp": "192.168.198.67",
    "Image": "C:\\Program Files (x86)\\Send Anywhere\\Send Anywhere.exe"
  },
  "task": "Network connection detected (rule: NetworkConnect)",
  "type": "wineventlog",
  "version": 5
}
{
  "@timestamp": "2018-03-05T07:29:09.007Z",
  "@metadata": {
    "beat": "winlogbeat",
    "type": "doc",
    "version": "6.2.2"
  },
  "event_id": 3,
  "event_data": {
    "DestinationPort": "443",
    "ProcessGuid": "{A376A8F6-ECE0-5A9C-0000-0010E2F82800}",
    "DestinationIp": "14.49.41.23",
    "Image": "C:\\Program Files (x86)\\Send Anywhere\\Send Anywhere.exe",
    "DestinationIsIpv6": "false",
    "Initiated": "true",
    "User": "DESKTOP-WJANG\\wook8170",
    "SourceIsIpv6": "false",
    "ProcessId": "19724",
    "SourcePort": "2324",
    "SourceIp": "192.168.198.67",
    "SourceHostname": "DESKTOP-WJANG",
    "UtcTime": "2018-03-05 07:29:07.687",
    "Protocol": "tcp",
    "DestinationPortName": "https"
  },
  "message": "Network connection detected:\nUtcTime: 2018-03-05 07:29:07.687\nProcessGuid: {A376A8F6-ECE0-5A9C-0000-0010E2F82800}\nProcessId: 19724\nImage: C:\\Program Files (x86)\\Send Anywhere\\Send Anywhere.exe\nUser: DESKTOP-WJANG\\wook8170\nProtocol: tcp\nInitiated: true\nSourceIsIpv6: false\nSourceIp: 192.168.198.67\nSourceHostname: DESKTOP-WJANG\nSourcePort: 2324\nSourcePortName: \nDestinationIsIpv6: false\nDestinationIp: 14.49.41.23\nDestinationHostname: \nDestinationPort: 443\nDestinationPortName: https",
  "level": "정보",
  "task": "Network connection detected (rule: NetworkConnect)",
  "process_id": 8608,
  "source_name": "Microsoft-Windows-Sysmon",
  "user": {
    "name": "SYSTEM",
    "domain": "NT AUTHORITY",
    "type": "Well Known Group",
    "identifier": "S-1-5-18"
  },
  "version": 5,
  "type": "wineventlog",
  "beat": {
    "name": "DESKTOP-WJANG",
    "hostname": "DESKTOP-WJANG",
    "version": "6.2.2"
  },
  "log_name": "Microsoft-Windows-Sysmon/Operational",
  "record_number": "150",
  "thread_id": 23856,
  "computer_name": "DESKTOP-WJANG",
  "provider_guid": "{5770385F-C22A-43E0-BF4C-06F5698FFBD9}",
  "opcode": "정보"
}
{
  "@timestamp": "2018-03-05T07:29:09.007Z",
  "@metadata": {
    "beat": "winlogbeat",
    "type": "doc",
    "version": "6.2.2"
  },
  "log_name": "Microsoft-Windows-Sysmon/Operational",
  "computer_name": "DESKTOP-WJANG",
  "event_data": {
    "Image": "C:\\Program Files\\Mozilla Firefox\\firefox.exe",
    "DestinationIp": "127.0.0.1",
    "UtcTime": "2018-03-05 07:29:07.771",
    "Protocol": "tcp",
    "Initiated": "true",
    "SourceIp": "127.0.0.1",
    "SourceIsIpv6": "false",
    "DestinationHostname": "wook.com",
    "DestinationIsIpv6": "false",
    "SourceHostname": "wook.com",
    "SourcePort": "2326",
    "ProcessGuid": "{A376A8F6-F1C3-5A9C-0000-0010B3D10003}",
    "User": "DESKTOP-WJANG\\wook8170",
    "ProcessId": "1140",
    "DestinationPort": "2325"
  },
  "type": "wineventlog",
  "record_number": "151",
  "task": "Network connection detected (rule: NetworkConnect)",
  "message": "Network connection detected:\nUtcTime: 2018-03-05 07:29:07.771\nProcessGuid: {A376A8F6-F1C3-5A9C-0000-0010B3D10003}\nProcessId: 1140\nImage: C:\\Program Files\\Mozilla Firefox\\firefox.exe\nUser: DESKTOP-WJANG\\wook8170\nProtocol: tcp\nInitiated: true\nSourceIsIpv6: false\nSourceIp: 127.0.0.1\nSourceHostname: wook.com\nSourcePort: 2326\nSourcePortName: \nDestinationIsIpv6: false\nDestinationIp: 127.0.0.1\nDestinationHostname: wook.com\nDestinationPort: 2325\nDestinationPortName: ",
  "user": {
    "type": "Well Known Group",
    "identifier": "S-1-5-18",
    "name": "SYSTEM",
    "domain": "NT AUTHORITY"
  },
  "opcode": "정보",
  "event_id": 3,
  "provider_guid": "{5770385F-C22A-43E0-BF4C-06F5698FFBD9}",
  "beat": {
    "name": "DESKTOP-WJANG",
    "hostname": "DESKTOP-WJANG",
    "version": "6.2.2"
  },
  "version": 5,
  "process_id": 8608,
  "thread_id": 23856,
  "source_name": "Microsoft-Windows-Sysmon",
  "level": "정보"
}
{
  "@timestamp": "2018-03-05T07:29:09.007Z",
  "@metadata": {
    "beat": "winlogbeat",
    "type": "doc",
    "version": "6.2.2"
  },
  "type": "wineventlog",
  "provider_guid": "{5770385F-C22A-43E0-BF4C-06F5698FFBD9}",
  "version": 5,
  "user": {
    "domain": "NT AUTHORITY",
    "type": "Well Known Group",
    "identifier": "S-1-5-18",
    "name": "SYSTEM"
  },
  "message": "Network connection detected:\nUtcTime: 2018-03-05 07:29:07.771\nProcessGuid: {A376A8F6-F1C3-5A9C-0000-0010B3D10003}\nProcessId: 1140\nImage: C:\\Program Files\\Mozilla Firefox\\firefox.exe\nUser: DESKTOP-WJANG\\wook8170\nProtocol: tcp\nInitiated: false\nSourceIsIpv6: false\nSourceIp: 127.0.0.1\nSourceHostname: wook.com\nSourcePort: 2325\nSourcePortName: \nDestinationIsIpv6: false\nDestinationIp: 127.0.0.1\nDestinationHostname: wook.com\nDestinationPort: 2326\nDestinationPortName: ",
  "task": "Network connection detected (rule: NetworkConnect)",
  "opcode": "정보",
  "process_id": 8608,
  "source_name": "Microsoft-Windows-Sysmon",
  "computer_name": "DESKTOP-WJANG",
  "beat": {
    "version": "6.2.2",
    "name": "DESKTOP-WJANG",
    "hostname": "DESKTOP-WJANG"
  },
  "level": "정보",
  "record_number": "152",
  "thread_id": 23856,
  "event_data": {
    "DestinationHostname": "wook.com",
    "User": "DESKTOP-WJANG\\wook8170",
    "ProcessId": "1140",
    "DestinationPort": "2326",
    "Protocol": "tcp",
    "DestinationIsIpv6": "false",
    "UtcTime": "2018-03-05 07:29:07.771",
    "Image": "C:\\Program Files\\Mozilla Firefox\\firefox.exe",
    "Initiated": "false",
    "SourceIsIpv6": "false",
    "SourcePort": "2325",
    "DestinationIp": "127.0.0.1",
    "SourceHostname": "wook.com",
    "ProcessGuid": "{A376A8F6-F1C3-5A9C-0000-0010B3D10003}",
    "SourceIp": "127.0.0.1"
  },
  "log_name": "Microsoft-Windows-Sysmon/Operational",
  "event_id": 3
}
{
  "@timestamp": "2018-03-05T07:29:09.181Z",
  "@metadata": {
    "beat": "winlogbeat",
    "type": "doc",
    "version": "6.2.2"
  },
  "opcode": "정보",
  "version": 5,
  "task": "Process Create (rule: ProcessCreate)",
  "thread_id": 19220,
  "level": "정보",
  "log_name": "Microsoft-Windows-Sysmon/Operational",
  "source_name": "Microsoft-Windows-Sysmon",
  "user": {
    "name": "SYSTEM",
    "domain": "NT AUTHORITY",
    "type": "Well Known Group",
    "identifier": "S-1-5-18"
  },
  "provider_guid": "{5770385F-C22A-43E0-BF4C-06F5698FFBD9}",
  "beat": {
    "name": "DESKTOP-WJANG",
    "hostname": "DESKTOP-WJANG",
    "version": "6.2.2"
  },
  "type": "wineventlog",
  "event_data": {
    "User": "DESKTOP-WJANG\\wook8170",
    "IntegrityLevel": "Low",
    "ParentProcessId": "1140",
    "ParentCommandLine": "\"C:\\Program Files\\Mozilla Firefox\\firefox.exe\" ",
    "Company": "Mozilla Corporation",
    "CurrentDirectory": "C:\\Program Files\\Mozilla Firefox\\",
    "Description": "Firefox",
    "ProcessGuid": "{A376A8F6-F1C5-5A9C-0000-0010BAF30103}",
    "Hashes": "MD5=22819EB3C648583352AE83003E4C9A56,SHA256=4B69AE5B7D548EFC56FDBE2E650CE2B519AE0C9C928640023077B956C51A7138",
    "ParentProcessGuid": "{A376A8F6-F1C3-5A9C-0000-0010B3D10003}",
    "UtcTime": "2018-03-05 07:29:09.175",
    "ParentImage": "C:\\Program Files\\Mozilla Firefox\\firefox.exe",
    "LogonId": "0x13b28a",
    "FileVersion": "58.0.2",
    "Product": "Firefox",
    "Image": "C:\\Program Files\\Mozilla Firefox\\firefox.exe",
    "CommandLine": "\"C:\\Program Files\\Mozilla Firefox\\firefox.exe\" -contentproc --channel=\"1140.3.1397610380\\1325102245\" -childID 1 -isForBrowser -intPrefs 5:50|6:-1|28:1000|34:20|35:5|36:10|45:128|46:10000|51:0|53:400|54:1|55:0|56:0|61:0|62:120|63:120|99:2|100:1|115:5000|125:0|127:0|138:10000|150:-1|158:24|159:32768|161:0|162:0|170:2|174:1048576|175:100|176:5000|178:600|180:1|188:20|191:4|195:0|204:60000| -boolPrefs 1:0|2:0|4:0|26:1|27:1|30:0|33:1|37:1|38:0|39:0|40:0|43:1|44:1|47:0|48:0|49:0|50:0|52:0|57:1|58:1|59:0|60:1|64:1|65:1|66:0|67:1|68:1|69:0|70:1|73:0|74:0|77:1|78:1|82:1|83:1|84:0|85:0|86:0|88:0|89:0|90:1|91:1|92:1|95:1|96:0|98:0|101:1|102:0|109:0|114:0|117:1|120:1|122:1|126:0|129:1|132:1|133:1|139:1|140:0|141:1|143:0|149:0|151:1|152:0|153:1|156:0|157:0|160:1|163:0|165:1|167:1|168:0|177:1|182:0|183:0|184:0|185:1|186:0|187:0|189:1|190:1|193:0|196:0|197:0|198:1|199:1|200:0|201:1|202:1|203:1|205:0|206:0|208:0|217:1|218:1|219:0|220:0|221:0| -stringPrefs \"3:7;release|97:0;|142:3;1.0|154:332;  ¼½¾ǃː̷̸։֊׃״؉؊٪۔܁܂܃܄ᅟᅠ᜵           ​‎‏‐’․‧\u2028\u2029‪‫‬‭‮ ‹›⁁⁄⁒ ⅓⅔⅕⅖⅗⅘⅙⅚⅛⅜⅝⅞⅟∕∶⎮╱⧶⧸⫻⫽⿰⿱⿲⿳⿴⿵⿶⿷⿸⿹⿺⿻　。〔〕〳゠ㅤ㈝㈞㎮㎯㏆㏟꞉︔︕︿﹝﹞﻿．／｡ﾠ￹￺￻￼�|155:4;high|192:38;{0aa63d4b-0bc0-4754-bd4a-1e621ca9132f}|\" -schedulerPrefs 0001,2 -greomni \"C:\\Program Files\\Mozilla Firefox\\omni.ja\" -appomni \"C:\\Program Files\\Mozilla Firefox\\browser\\omni.ja\" -appdir \"C:\\Program Files\\Mozilla Firefox\\browser\"  1140 \"\\\\.\\pipe\\gecko-crash-server-pipe.1140\" tab",
    "LogonGuid": "{A376A8F6-ECB5-5A9C-0000-00208AB21300}",
    "ProcessId": "14440",
    "TerminalSessionId": "1"
  },
  "computer_name": "DESKTOP-WJANG",
  "event_id": 1,
  "process_id": 8608,
  "record_number": "153",
  "message": "Process Create:\nUtcTime: 2018-03-05 07:29:09.175\nProcessGuid: {A376A8F6-F1C5-5A9C-0000-0010BAF30103}\nProcessId: 14440\nImage: C:\\Program Files\\Mozilla Firefox\\firefox.exe\nFileVersion: 58.0.2\nDescription: Firefox\nProduct: Firefox\nCompany: Mozilla Corporation\nCommandLine: \"C:\\Program Files\\Mozilla Firefox\\firefox.exe\" -contentproc --channel=\"1140.3.1397610380\\1325102245\" -childID 1 -isForBrowser -intPrefs 5:50|6:-1|28:1000|34:20|35:5|36:10|45:128|46:10000|51:0|53:400|54:1|55:0|56:0|61:0|62:120|63:120|99:2|100:1|115:5000|125:0|127:0|138:10000|150:-1|158:24|159:32768|161:0|162:0|170:2|174:1048576|175:100|176:5000|178:600|180:1|188:20|191:4|195:0|204:60000| -boolPrefs 1:0|2:0|4:0|26:1|27:1|30:0|33:1|37:1|38:0|39:0|40:0|43:1|44:1|47:0|48:0|49:0|50:0|52:0|57:1|58:1|59:0|60:1|64:1|65:1|66:0|67:1|68:1|69:0|70:1|73:0|74:0|77:1|78:1|82:1|83:1|84:0|85:0|86:0|88:0|89:0|90:1|91:1|92:1|95:1|96:0|98:0|101:1|102:0|109:0|114:0|117:1|120:1|122:1|126:0|129:1|132:1|133:1|139:1|140:0|141:1|143:0|149:0|151:1|152:0|153:1|156:0|157:0|160:1|163:0|165:1|167:1|168:0|177:1|182:0|183:0|184:0|185:1|186:0|187:0|189:1|190:1|193:0|196:0|197:0|198:1|199:1|200:0|201:1|202:1|203:1|205:0|206:0|208:0|217:1|218:1|219:0|220:0|221:0| -stringPrefs \"3:7;release|97:0;|142:3;1.0|154:332;  ¼½¾ǃː̷̸։֊׃״؉؊٪۔܁܂܃܄ᅟᅠ᜵           ​‎‏‐’․‧\u2028\u2029‪‫‬‭‮ ‹›⁁⁄⁒ ⅓⅔⅕⅖⅗⅘⅙⅚⅛⅜⅝⅞⅟∕∶⎮╱⧶⧸⫻⫽⿰⿱⿲⿳⿴⿵⿶⿷⿸⿹⿺⿻　。〔〕〳゠ㅤ㈝㈞㎮㎯㏆㏟꞉︔︕︿﹝﹞﻿．／｡ﾠ￹￺￻￼�|155:4;high|192:38;{0aa63d4b-0bc0-4754-bd4a-1e621ca9132f}|\" -schedulerPrefs 0001,2 -greomni \"C:\\Program Files\\Mozilla Firefox\\omni.ja\" -appomni \"C:\\Program Files\\Mozilla Firefox\\browser\\omni.ja\" -appdir \"C:\\Program Files\\Mozilla Firefox\\browser\"  1140 \"\\\\.\\pipe\\gecko-crash-server-pipe.1140\" tab\nCurrentDirectory: C:\\Program Files\\Mozilla Firefox\\\nUser: DESKTOP-WJANG\\wook8170\nLogonGuid: {A376A8F6-ECB5-5A9C-0000-00208AB21300}\nLogonId: 0x13B28A\nTerminalSessionId: 1\nIntegrityLevel: Low\nHashes: MD5=22819EB3C648583352AE83003E4C9A56,SHA256=4B69AE5B7D548EFC56FDBE2E650CE2B519AE0C9C928640023077B956C51A7138\nParentProcessGuid: {A376A8F6-F1C3-5A9C-0000-0010B3D10003}\nParentProcessId: 1140\nParentImage: C:\\Program Files\\Mozilla Firefox\\firefox.exe\nParentCommandLine: \"C:\\Program Files\\Mozilla Firefox\\firefox.exe\" "
}
