{
  "@timestamp": "2018-03-05T07:23:14.876Z",
  "@metadata": {
    "beat": "winlogbeat",
    "type": "doc",
    "version": "6.2.2"
  },
  "user": {
    "identifier": "S-1-5-21-644203544-480206830-2493703163-1001",
    "name": "wook8170",
    "domain": "DESKTOP-WJANG",
    "type": "User"
  },
  "event_data": {
    "UtcTime": "2018-03-05 07:23:14.875",
    "Configuration": "C:\\Users\\wook8170\\Desktop\\Sysmon\\test-export.xml",
    "ConfigurationFileHash": "SHA1=1D6F3A70F7A17DC78833F33FAC37A31323452B68"
  },
  "event_id": 16,
  "process_id": 18780,
  "opcode": "정보",
  "task": "Sysmon config state changed",
  "beat": {
    "name": "DESKTOP-WJANG",
    "hostname": "DESKTOP-WJANG",
    "version": "6.2.2"
  },
  "type": "wineventlog",
  "thread_id": 24432,
  "record_number": "1",
  "source_name": "Microsoft-Windows-Sysmon",
  "level": "정보",
  "computer_name": "DESKTOP-WJANG",
  "provider_guid": "{5770385F-C22A-43E0-BF4C-06F5698FFBD9}",
  "message": "Sysmon config state changed:\nUtcTime: 2018-03-05 07:23:14.875\nConfiguration: C:\\Users\\wook8170\\Desktop\\Sysmon\\test-export.xml\nConfigurationFileHash: SHA1=1D6F3A70F7A17DC78833F33FAC37A31323452B68",
  "log_name": "Microsoft-Windows-Sysmon/Operational",
  "version": 3
}
{
  "@timestamp": "2018-03-05T07:23:14.958Z",
  "@metadata": {
    "beat": "winlogbeat",
    "type": "doc",
    "version": "6.2.2"
  },
  "process_id": 8608,
  "event_data": {
    "UtcTime": "2018-03-05 07:23:14.958",
    "State": "Started",
    "Version": "7.01",
    "SchemaVersion": "4.00"
  },
  "log_name": "Microsoft-Windows-Sysmon/Operational",
  "version": 3,
  "source_name": "Microsoft-Windows-Sysmon",
  "computer_name": "DESKTOP-WJANG",
  "beat": {
    "name": "DESKTOP-WJANG",
    "hostname": "DESKTOP-WJANG",
    "version": "6.2.2"
  },
  "type": "wineventlog",
  "message": "Sysmon service state changed:\nUtcTime: 2018-03-05 07:23:14.958\nState: Started\nVersion: 7.01\nSchemaVersion: 4.00",
  "provider_guid": "{5770385F-C22A-43E0-BF4C-06F5698FFBD9}",
  "event_id": 4,
  "opcode": "정보",
  "record_number": "2",
  "user": {
    "name": "SYSTEM",
    "domain": "NT AUTHORITY",
    "type": "Well Known Group",
    "identifier": "S-1-5-18"
  },
  "level": "정보",
  "task": "Sysmon service state changed",
  "thread_id": 19220
}
{
  "@timestamp": "2018-03-05T07:23:18.463Z",
  "@metadata": {
    "beat": "winlogbeat",
    "type": "doc",
    "version": "6.2.2"
  },
  "type": "wineventlog",
  "thread_id": 23856,
  "level": "정보",
  "process_id": 8608,
  "log_name": "Microsoft-Windows-Sysmon/Operational",
  "event_id": 3,
  "opcode": "정보",
  "event_data": {
    "Initiated": "true",
    "SourceIsIpv6": "true",
    "SourcePort": "60953",
    "ProcessId": "2936",
    "DestinationIsIpv6": "true",
    "Protocol": "udp",
    "DestinationPortName": "domain",
    "SourceIp": "c0a8:c643:83a4:ffff:f850:6255:83a4:ffff",
    "UtcTime": "2018-03-05 07:23:17.221",
    "DestinationIp": "808:808:0:0:0:0:0:0",
    "ProcessGuid": "{A376A8F6-ECA1-5A9C-0000-0010A8C80100}",
    "Image": "C:\\Windows\\System32\\svchost.exe",
    "User": "NT AUTHORITY\\NETWORK SERVICE",
    "DestinationPort": "53"
  },
  "computer_name": "DESKTOP-WJANG",
  "beat": {
    "name": "DESKTOP-WJANG",
    "hostname": "DESKTOP-WJANG",
    "version": "6.2.2"
  },
  "provider_guid": "{5770385F-C22A-43E0-BF4C-06F5698FFBD9}",
  "task": "Network connection detected (rule: NetworkConnect)",
  "source_name": "Microsoft-Windows-Sysmon",
  "version": 5,
  "message": "Network connection detected:\nUtcTime: 2018-03-05 07:23:17.221\nProcessGuid: {A376A8F6-ECA1-5A9C-0000-0010A8C80100}\nProcessId: 2936\nImage: C:\\Windows\\System32\\svchost.exe\nUser: NT AUTHORITY\\NETWORK SERVICE\nProtocol: udp\nInitiated: true\nSourceIsIpv6: true\nSourceIp: c0a8:c643:83a4:ffff:f850:6255:83a4:ffff\nSourceHostname: \nSourcePort: 60953\nSourcePortName: \nDestinationIsIpv6: true\nDestinationIp: 808:808:0:0:0:0:0:0\nDestinationHostname: \nDestinationPort: 53\nDestinationPortName: domain",
  "record_number": "3",
  "user": {
    "name": "SYSTEM",
    "domain": "NT AUTHORITY",
    "type": "Well Known Group",
    "identifier": "S-1-5-18"
  }
}
{
  "@timestamp": "2018-03-05T07:23:18.463Z",
  "@metadata": {
    "beat": "winlogbeat",
    "type": "doc",
    "version": "6.2.2"
  },
  "opcode": "정보",
  "event_data": {
    "ProcessGuid": "{A376A8F6-ECA1-5A9C-0000-0010A8C80100}",
    "SourceIsIpv6": "true",
    "DestinationPortName": "domain",
    "DestinationIsIpv6": "true",
    "SourceIp": "c0a8:6343:0:0:0:0:0:0",
    "ProcessId": "2936",
    "User": "NT AUTHORITY\\NETWORK SERVICE",
    "DestinationIp": "808:808:0:0:0:0:0:0",
    "Image": "C:\\Windows\\System32\\svchost.exe",
    "Initiated": "true",
    "UtcTime": "2018-03-05 07:23:17.221",
    "DestinationPort": "53",
    "Protocol": "udp",
    "SourcePort": "63430"
  },
  "provider_guid": "{5770385F-C22A-43E0-BF4C-06F5698FFBD9}",
  "computer_name": "DESKTOP-WJANG",
  "record_number": "4",
  "beat": {
    "name": "DESKTOP-WJANG",
    "hostname": "DESKTOP-WJANG",
    "version": "6.2.2"
  },
  "thread_id": 23856,
  "user": {
    "name": "SYSTEM",
    "domain": "NT AUTHORITY",
    "type": "Well Known Group",
    "identifier": "S-1-5-18"
  },
  "source_name": "Microsoft-Windows-Sysmon",
  "event_id": 3,
  "task": "Network connection detected (rule: NetworkConnect)",
  "version": 5,
  "type": "wineventlog",
  "log_name": "Microsoft-Windows-Sysmon/Operational",
  "process_id": 8608,
  "level": "정보",
  "message": "Network connection detected:\nUtcTime: 2018-03-05 07:23:17.221\nProcessGuid: {A376A8F6-ECA1-5A9C-0000-0010A8C80100}\nProcessId: 2936\nImage: C:\\Windows\\System32\\svchost.exe\nUser: NT AUTHORITY\\NETWORK SERVICE\nProtocol: udp\nInitiated: true\nSourceIsIpv6: true\nSourceIp: c0a8:6343:0:0:0:0:0:0\nSourceHostname: \nSourcePort: 63430\nSourcePortName: \nDestinationIsIpv6: true\nDestinationIp: 808:808:0:0:0:0:0:0\nDestinationHostname: \nDestinationPort: 53\nDestinationPortName: domain"
}
{
  "@timestamp": "2018-03-05T07:23:18.464Z",
  "@metadata": {
    "beat": "winlogbeat",
    "type": "doc",
    "version": "6.2.2"
  },
  "opcode": "정보",
  "message": "Network connection detected:\nUtcTime: 2018-03-05 07:23:17.273\nProcessGuid: {A376A8F6-ECA1-5A9C-0000-0010A8C80100}\nProcessId: 2936\nImage: C:\\Windows\\System32\\svchost.exe\nUser: NT AUTHORITY\\NETWORK SERVICE\nProtocol: udp\nInitiated: false\nSourceIsIpv6: false\nSourceIp: 192.168.198.67\nSourceHostname: DESKTOP-WJANG\nSourcePort: 60953\nSourcePortName: \nDestinationIsIpv6: false\nDestinationIp: 8.8.8.8\nDestinationHostname: \nDestinationPort: 53\nDestinationPortName: domain",
  "level": "정보",
  "beat": {
    "version": "6.2.2",
    "name": "DESKTOP-WJANG",
    "hostname": "DESKTOP-WJANG"
  },
  "event_data": {
    "Initiated": "false",
    "SourceIsIpv6": "false",
    "DestinationIp": "8.8.8.8",
    "SourceHostname": "DESKTOP-WJANG",
    "ProcessGuid": "{A376A8F6-ECA1-5A9C-0000-0010A8C80100}",
    "SourceIp": "192.168.198.67",
    "DestinationIsIpv6": "false",
    "UtcTime": "2018-03-05 07:23:17.273",
    "User": "NT AUTHORITY\\NETWORK SERVICE",
    "SourcePort": "60953",
    "DestinationPortName": "domain",
    "ProcessId": "2936",
    "DestinationPort": "53",
    "Image": "C:\\Windows\\System32\\svchost.exe",
    "Protocol": "udp"
  },
  "record_number": "5",
  "process_id": 8608,
  "thread_id": 23856,
  "log_name": "Microsoft-Windows-Sysmon/Operational",
  "task": "Network connection detected (rule: NetworkConnect)",
  "computer_name": "DESKTOP-WJANG",
  "provider_guid": "{5770385F-C22A-43E0-BF4C-06F5698FFBD9}",
  "event_id": 3,
  "version": 5,
  "type": "wineventlog",
  "source_name": "Microsoft-Windows-Sysmon",
  "user": {
    "domain": "NT AUTHORITY",
    "type": "Well Known Group",
    "identifier": "S-1-5-18",
    "name": "SYSTEM"
  }
}
{
  "@timestamp": "2018-03-05T07:23:22.970Z",
  "@metadata": {
    "beat": "winlogbeat",
    "type": "doc",
    "version": "6.2.2"
  },
  "message": "Network connection detected:\nUtcTime: 2018-03-05 07:23:21.890\nProcessGuid: {A376A8F6-ECE5-5A9C-0000-0010828D2A00}\nProcessId: 21964\nImage: C:\\Users\\wook8170\\AppData\\Local\\KakaoLiveAgent\\DaumSAM.exe\nUser: DESKTOP-WJANG\\wook8170\nProtocol: tcp\nInitiated: true\nSourceIsIpv6: false\nSourceIp: 192.168.198.67\nSourceHostname: DESKTOP-WJANG\nSourcePort: 2184\nSourcePortName: \nDestinationIsIpv6: false\nDestinationIp: 203.133.166.17\nDestinationHostname: \nDestinationPort: 80\nDestinationPortName: http",
  "beat": {
    "name": "DESKTOP-WJANG",
    "hostname": "DESKTOP-WJANG",
    "version": "6.2.2"
  },
  "event_data": {
    "Protocol": "tcp",
    "Initiated": "true",
    "UtcTime": "2018-03-05 07:23:21.890",
    "Image": "C:\\Users\\wook8170\\AppData\\Local\\KakaoLiveAgent\\DaumSAM.exe",
    "DestinationPort": "80",
    "DestinationPortName": "http",
    "ProcessId": "21964",
    "SourceIp": "192.168.198.67",
    "ProcessGuid": "{A376A8F6-ECE5-5A9C-0000-0010828D2A00}",
    "SourceHostname": "DESKTOP-WJANG",
    "SourcePort": "2184",
    "DestinationIsIpv6": "false",
    "SourceIsIpv6": "false",
    "DestinationIp": "203.133.166.17",
    "User": "DESKTOP-WJANG\\wook8170"
  },
  "log_name": "Microsoft-Windows-Sysmon/Operational",
  "level": "정보",
  "record_number": "6",
  "type": "wineventlog",
  "source_name": "Microsoft-Windows-Sysmon",
  "opcode": "정보",
  "computer_name": "DESKTOP-WJANG",
  "provider_guid": "{5770385F-C22A-43E0-BF4C-06F5698FFBD9}",
  "task": "Network connection detected (rule: NetworkConnect)",
  "event_id": 3,
  "thread_id": 23856,
  "user": {
    "name": "SYSTEM",
    "domain": "NT AUTHORITY",
    "type": "Well Known Group",
    "identifier": "S-1-5-18"
  },
  "process_id": 8608,
  "version": 5
}
{
  "@timestamp": "2018-03-05T07:23:32.984Z",
  "@metadata": {
    "beat": "winlogbeat",
    "type": "doc",
    "version": "6.2.2"
  },
  "provider_guid": "{5770385F-C22A-43E0-BF4C-06F5698FFBD9}",
  "opcode": "정보",
  "version": 5,
  "thread_id": 23856,
  "computer_name": "DESKTOP-WJANG",
  "record_number": "7",
  "level": "정보",
  "source_name": "Microsoft-Windows-Sysmon",
  "user": {
    "identifier": "S-1-5-18",
    "name": "SYSTEM",
    "domain": "NT AUTHORITY",
    "type": "Well Known Group"
  },
  "beat": {
    "name": "DESKTOP-WJANG",
    "hostname": "DESKTOP-WJANG",
    "version": "6.2.2"
  },
  "type": "wineventlog",
  "event_data": {
    "UtcTime": "2018-03-05 07:23:31.382",
    "User": "DESKTOP-WJANG\\wook8170",
    "SourcePort": "2185",
    "SourceIsIpv6": "false",
    "SourceHostname": "DESKTOP-WJANG",
    "DestinationPort": "443",
    "SourceIp": "192.168.198.67",
    "ProcessId": "22260",
    "Protocol": "tcp",
    "DestinationIp": "13.107.3.128",
    "DestinationIsIpv6": "false",
    "DestinationPortName": "https",
    "ProcessGuid": "{A376A8F6-ECDF-5A9C-0000-0010038E2800}",
    "Initiated": "true",
    "Image": "C:\\Users\\wook8170\\AppData\\Local\\Microsoft\\Teams\\current\\Teams.exe"
  },
  "event_id": 3,
  "process_id": 8608,
  "log_name": "Microsoft-Windows-Sysmon/Operational",
  "task": "Network connection detected (rule: NetworkConnect)",
  "message": "Network connection detected:\nUtcTime: 2018-03-05 07:23:31.382\nProcessGuid: {A376A8F6-ECDF-5A9C-0000-0010038E2800}\nProcessId: 22260\nImage: C:\\Users\\wook8170\\AppData\\Local\\Microsoft\\Teams\\current\\Teams.exe\nUser: DESKTOP-WJANG\\wook8170\nProtocol: tcp\nInitiated: true\nSourceIsIpv6: false\nSourceIp: 192.168.198.67\nSourceHostname: DESKTOP-WJANG\nSourcePort: 2185\nSourcePortName: \nDestinationIsIpv6: false\nDestinationIp: 13.107.3.128\nDestinationHostname: \nDestinationPort: 443\nDestinationPortName: https"
}
{
  "@timestamp": "2018-03-05T07:23:32.984Z",
  "@metadata": {
    "beat": "winlogbeat",
    "type": "doc",
    "version": "6.2.2"
  },
  "beat": {
    "name": "DESKTOP-WJANG",
    "hostname": "DESKTOP-WJANG",
    "version": "6.2.2"
  },
  "version": 5,
  "record_number": "8",
  "message": "Network connection detected:\nUtcTime: 2018-03-05 07:23:31.522\nProcessGuid: {A376A8F6-ECDF-5A9C-0000-0010038E2800}\nProcessId: 22260\nImage: C:\\Users\\wook8170\\AppData\\Local\\Microsoft\\Teams\\current\\Teams.exe\nUser: DESKTOP-WJANG\\wook8170\nProtocol: tcp\nInitiated: true\nSourceIsIpv6: false\nSourceIp: 192.168.198.67\nSourceHostname: DESKTOP-WJANG\nSourcePort: 2186\nSourcePortName: \nDestinationIsIpv6: false\nDestinationIp: 13.78.94.7\nDestinationHostname: \nDestinationPort: 443\nDestinationPortName: https",
  "log_name": "Microsoft-Windows-Sysmon/Operational",
  "computer_name": "DESKTOP-WJANG",
  "source_name": "Microsoft-Windows-Sysmon",
  "task": "Network connection detected (rule: NetworkConnect)",
  "level": "정보",
  "opcode": "정보",
  "process_id": 8608,
  "type": "wineventlog",
  "event_data": {
    "DestinationIsIpv6": "false",
    "DestinationPortName": "https",
    "Initiated": "true",
    "User": "DESKTOP-WJANG\\wook8170",
    "ProcessId": "22260",
    "Image": "C:\\Users\\wook8170\\AppData\\Local\\Microsoft\\Teams\\current\\Teams.exe",
    "Protocol": "tcp",
    "DestinationPort": "443",
    "ProcessGuid": "{A376A8F6-ECDF-5A9C-0000-0010038E2800}",
    "SourceHostname": "DESKTOP-WJANG",
    "UtcTime": "2018-03-05 07:23:31.522",
    "SourceIsIpv6": "false",
    "SourceIp": "192.168.198.67",
    "DestinationIp": "13.78.94.7",
    "SourcePort": "2186"
  },
  "thread_id": 23856,
  "event_id": 3,
  "provider_guid": "{5770385F-C22A-43E0-BF4C-06F5698FFBD9}",
  "user": {
    "domain": "NT AUTHORITY",
    "type": "Well Known Group",
    "identifier": "S-1-5-18",
    "name": "SYSTEM"
  }
}
{
  "@timestamp": "2018-03-05T07:23:33.986Z",
  "@metadata": {
    "beat": "winlogbeat",
    "type": "doc",
    "version": "6.2.2"
  },
  "task": "Network connection detected (rule: NetworkConnect)",
  "computer_name": "DESKTOP-WJANG",
  "thread_id": 23856,
  "source_name": "Microsoft-Windows-Sysmon",
  "type": "wineventlog",
  "provider_guid": "{5770385F-C22A-43E0-BF4C-06F5698FFBD9}",
  "user": {
    "domain": "NT AUTHORITY",
    "type": "Well Known Group",
    "identifier": "S-1-5-18",
    "name": "SYSTEM"
  },
  "event_id": 3,
  "log_name": "Microsoft-Windows-Sysmon/Operational",
  "opcode": "정보",
  "beat": {
    "name": "DESKTOP-WJANG",
    "hostname": "DESKTOP-WJANG",
    "version": "6.2.2"
  },
  "level": "정보",
  "event_data": {
    "SourceHostname": "DESKTOP-WJANG",
    "SourcePort": "2187",
    "DestinationIp": "13.78.94.7",
    "Initiated": "true",
    "UtcTime": "2018-03-05 07:23:32.382",
    "DestinationIsIpv6": "false",
    "Protocol": "tcp",
    "User": "DESKTOP-WJANG\\wook8170",
    "DestinationPort": "443",
    "SourceIp": "192.168.198.67",
    "ProcessGuid": "{A376A8F6-ECDF-5A9C-0000-0010038E2800}",
    "Image": "C:\\Users\\wook8170\\AppData\\Local\\Microsoft\\Teams\\current\\Teams.exe",
    "DestinationPortName": "https",
    "SourceIsIpv6": "false",
    "ProcessId": "22260"
  },
  "version": 5,
  "process_id": 8608,
  "message": "Network connection detected:\nUtcTime: 2018-03-05 07:23:32.382\nProcessGuid: {A376A8F6-ECDF-5A9C-0000-0010038E2800}\nProcessId: 22260\nImage: C:\\Users\\wook8170\\AppData\\Local\\Microsoft\\Teams\\current\\Teams.exe\nUser: DESKTOP-WJANG\\wook8170\nProtocol: tcp\nInitiated: true\nSourceIsIpv6: false\nSourceIp: 192.168.198.67\nSourceHostname: DESKTOP-WJANG\nSourcePort: 2187\nSourcePortName: \nDestinationIsIpv6: false\nDestinationIp: 13.78.94.7\nDestinationHostname: \nDestinationPort: 443\nDestinationPortName: https",
  "record_number": "9"
}
{
  "@timestamp": "2018-03-05T07:23:35.990Z",
  "@metadata": {
    "beat": "winlogbeat",
    "type": "doc",
    "version": "6.2.2"
  },
  "task": "Network connection detected (rule: NetworkConnect)",
  "opcode": "정보",
  "thread_id": 23856,
  "record_number": "10",
  "log_name": "Microsoft-Windows-Sysmon/Operational",
  "computer_name": "DESKTOP-WJANG",
  "level": "정보",
  "type": "wineventlog",
  "beat": {
    "name": "DESKTOP-WJANG",
    "hostname": "DESKTOP-WJANG",
    "version": "6.2.2"
  },
  "user": {
    "identifier": "S-1-5-18",
    "name": "SYSTEM",
    "domain": "NT AUTHORITY",
    "type": "Well Known Group"
  },
  "provider_guid": "{5770385F-C22A-43E0-BF4C-06F5698FFBD9}",
  "version": 5,
  "message": "Network connection detected:\nUtcTime: 2018-03-05 07:23:34.200\nProcessGuid: {A376A8F6-EE60-5A9C-0000-0010992DE200}\nProcessId: 12492\nImage: C:\\Program Files\\Microsoft Office\\Office15\\OUTLOOK.EXE\nUser: DESKTOP-WJANG\\wook8170\nProtocol: tcp\nInitiated: true\nSourceIsIpv6: false\nSourceIp: 192.168.198.67\nSourceHostname: DESKTOP-WJANG\nSourcePort: 2188\nSourcePortName: \nDestinationIsIpv6: false\nDestinationIp: 40.100.54.226\nDestinationHostname: \nDestinationPort: 443\nDestinationPortName: https",
  "process_id": 8608,
  "event_id": 3,
  "source_name": "Microsoft-Windows-Sysmon",
  "event_data": {
    "ProcessGuid": "{A376A8F6-EE60-5A9C-0000-0010992DE200}",
    "SourceIsIpv6": "false",
    "ProcessId": "12492",
    "SourceIp": "192.168.198.67",
    "DestinationIsIpv6": "false",
    "Image": "C:\\Program Files\\Microsoft Office\\Office15\\OUTLOOK.EXE",
    "Initiated": "true",
    "SourcePort": "2188",
    "UtcTime": "2018-03-05 07:23:34.200",
    "SourceHostname": "DESKTOP-WJANG",
    "DestinationPort": "443",
    "DestinationIp": "40.100.54.226",
    "User": "DESKTOP-WJANG\\wook8170",
    "Protocol": "tcp",
    "DestinationPortName": "https"
  }
}
{
  "@timestamp": "2018-03-05T07:23:42.002Z",
  "@metadata": {
    "beat": "winlogbeat",
    "type": "doc",
    "version": "6.2.2"
  },
  "log_name": "Microsoft-Windows-Sysmon/Operational",
  "record_number": "11",
  "task": "Network connection detected (rule: NetworkConnect)",
  "opcode": "정보",
  "beat": {
    "name": "DESKTOP-WJANG",
    "hostname": "DESKTOP-WJANG",
    "version": "6.2.2"
  },
  "level": "정보",
  "user": {
    "identifier": "S-1-5-18",
    "name": "SYSTEM",
    "domain": "NT AUTHORITY",
    "type": "Well Known Group"
  },
  "message": "Network connection detected:\nUtcTime: 2018-03-05 07:23:40.677\nProcessGuid: {A376A8F6-ECE0-5A9C-0000-0010E2F82800}\nProcessId: 19724\nImage: C:\\Program Files (x86)\\Send Anywhere\\Send Anywhere.exe\nUser: DESKTOP-WJANG\\wook8170\nProtocol: tcp\nInitiated: true\nSourceIsIpv6: false\nSourceIp: 192.168.198.67\nSourceHostname: DESKTOP-WJANG\nSourcePort: 2191\nSourcePortName: \nDestinationIsIpv6: false\nDestinationIp: 14.49.41.23\nDestinationHostname: \nDestinationPort: 443\nDestinationPortName: https",
  "source_name": "Microsoft-Windows-Sysmon",
  "computer_name": "DESKTOP-WJANG",
  "thread_id": 23856,
  "event_data": {
    "SourceIp": "192.168.198.67",
    "ProcessGuid": "{A376A8F6-ECE0-5A9C-0000-0010E2F82800}",
    "User": "DESKTOP-WJANG\\wook8170",
    "UtcTime": "2018-03-05 07:23:40.677",
    "DestinationIp": "14.49.41.23",
    "Initiated": "true",
    "DestinationIsIpv6": "false",
    "ProcessId": "19724",
    "SourceIsIpv6": "false",
    "SourceHostname": "DESKTOP-WJANG",
    "Image": "C:\\Program Files (x86)\\Send Anywhere\\Send Anywhere.exe",
    "DestinationPort": "443",
    "DestinationPortName": "https",
    "Protocol": "tcp",
    "SourcePort": "2191"
  },
  "type": "wineventlog",
  "process_id": 8608,
  "provider_guid": "{5770385F-C22A-43E0-BF4C-06F5698FFBD9}",
  "version": 5,
  "event_id": 3
}
{
  "@timestamp": "2018-03-05T07:23:42.002Z",
  "@metadata": {
    "beat": "winlogbeat",
    "type": "doc",
    "version": "6.2.2"
  },
  "source_name": "Microsoft-Windows-Sysmon",
  "process_id": 8608,
  "version": 5,
  "log_name": "Microsoft-Windows-Sysmon/Operational",
  "beat": {
    "name": "DESKTOP-WJANG",
    "hostname": "DESKTOP-WJANG",
    "version": "6.2.2"
  },
  "record_number": "12",
  "provider_guid": "{5770385F-C22A-43E0-BF4C-06F5698FFBD9}",
  "user": {
    "domain": "NT AUTHORITY",
    "type": "Well Known Group",
    "identifier": "S-1-5-18",
    "name": "SYSTEM"
  },
  "thread_id": 23856,
  "event_data": {
    "Protocol": "tcp",
    "Initiated": "true",
    "DestinationIsIpv6": "false",
    "User": "DESKTOP-WJANG\\wook8170",
    "DestinationPortName": "https",
    "SourcePort": "2192",
    "UtcTime": "2018-03-05 07:23:40.682",
    "SourceHostname": "DESKTOP-WJANG",
    "SourceIp": "192.168.198.67",
    "ProcessGuid": "{A376A8F6-ECE0-5A9C-0000-0010E2F82800}",
    "ProcessId": "19724",
    "SourceIsIpv6": "false",
    "DestinationPort": "443",
    "Image": "C:\\Program Files (x86)\\Send Anywhere\\Send Anywhere.exe",
    "DestinationIp": "14.49.41.23"
  },
  "level": "정보",
  "opcode": "정보",
  "message": "Network connection detected:\nUtcTime: 2018-03-05 07:23:40.682\nProcessGuid: {A376A8F6-ECE0-5A9C-0000-0010E2F82800}\nProcessId: 19724\nImage: C:\\Program Files (x86)\\Send Anywhere\\Send Anywhere.exe\nUser: DESKTOP-WJANG\\wook8170\nProtocol: tcp\nInitiated: true\nSourceIsIpv6: false\nSourceIp: 192.168.198.67\nSourceHostname: DESKTOP-WJANG\nSourcePort: 2192\nSourcePortName: \nDestinationIsIpv6: false\nDestinationIp: 14.49.41.23\nDestinationHostname: \nDestinationPort: 443\nDestinationPortName: https",
  "task": "Network connection detected (rule: NetworkConnect)",
  "event_id": 3,
  "type": "wineventlog",
  "computer_name": "DESKTOP-WJANG"
}
{
  "@timestamp": "2018-03-05T07:23:47.008Z",
  "@metadata": {
    "beat": "winlogbeat",
    "type": "doc",
    "version": "6.2.2"
  },
  "provider_guid": "{5770385F-C22A-43E0-BF4C-06F5698FFBD9}",
  "log_name": "Microsoft-Windows-Sysmon/Operational",
  "record_number": "13",
  "user": {
    "identifier": "S-1-5-18",
    "name": "SYSTEM",
    "domain": "NT AUTHORITY",
    "type": "Well Known Group"
  },
  "level": "정보",
  "task": "Network connection detected (rule: NetworkConnect)",
  "version": 5,
  "opcode": "정보",
  "event_data": {
    "DestinationIsIpv6": "false",
    "DestinationIp": "81.19.104.117",
    "DestinationPort": "443",
    "UtcTime": "2018-03-05 07:23:45.702",
    "ProcessId": "5328",
    "Image": "C:\\Program Files (x86)\\Kaspersky Lab\\Kaspersky Free 18.0.0\\avp.exe",
    "User": "NT AUTHORITY\\SYSTEM",
    "Initiated": "true",
    "ProcessGuid": "{A376A8F6-ECA3-5A9C-0000-0010B2050300}",
    "SourcePort": "2193",
    "Protocol": "tcp",
    "SourceHostname": "DESKTOP-WJANG",
    "DestinationPortName": "https",
    "SourceIsIpv6": "false",
    "SourceIp": "192.168.198.67"
  },
  "type": "wineventlog",
  "beat": {
    "hostname": "DESKTOP-WJANG",
    "version": "6.2.2",
    "name": "DESKTOP-WJANG"
  },
  "process_id": 8608,
  "source_name": "Microsoft-Windows-Sysmon",
  "message": "Network connection detected:\nUtcTime: 2018-03-05 07:23:45.702\nProcessGuid: {A376A8F6-ECA3-5A9C-0000-0010B2050300}\nProcessId: 5328\nImage: C:\\Program Files (x86)\\Kaspersky Lab\\Kaspersky Free 18.0.0\\avp.exe\nUser: NT AUTHORITY\\SYSTEM\nProtocol: tcp\nInitiated: true\nSourceIsIpv6: false\nSourceIp: 192.168.198.67\nSourceHostname: DESKTOP-WJANG\nSourcePort: 2193\nSourcePortName: \nDestinationIsIpv6: false\nDestinationIp: 81.19.104.117\nDestinationHostname: \nDestinationPort: 443\nDestinationPortName: https",
  "event_id": 3,
  "computer_name": "DESKTOP-WJANG",
  "thread_id": 23856
}
{
  "@timestamp": "2018-03-05T07:23:49.956Z",
  "@metadata": {
    "beat": "winlogbeat",
    "type": "doc",
    "version": "6.2.2"
  },
  "type": "wineventlog",
  "thread_id": 19220,
  "event_id": 2,
  "computer_name": "DESKTOP-WJANG",
  "user": {
    "domain": "NT AUTHORITY",
    "type": "Well Known Group",
    "identifier": "S-1-5-18",
    "name": "SYSTEM"
  },
  "provider_guid": "{5770385F-C22A-43E0-BF4C-06F5698FFBD9}",
  "source_name": "Microsoft-Windows-Sysmon",
  "log_name": "Microsoft-Windows-Sysmon/Operational",
  "message": "File creation time changed:\nUtcTime: 2018-03-05 07:23:49.956\nProcessGuid: {A376A8F6-ECC2-5A9C-0000-0010E1111D00}\nProcessId: 17568\nImage: C:\\Program Files\\Mozilla Firefox\\firefox.exe\nTargetFilename: C:\\Users\\wook8170\\AppData\\Roaming\\Microsoft\\Windows\\Recent\\CustomDestinations\\6QIWE8M4EHAYG5ALASUH.temp\nCreationUtcTime: 2017-04-24 03:51:05.300\nPreviousCreationUtcTime: 2018-03-05 07:23:49.943",
  "beat": {
    "name": "DESKTOP-WJANG",
    "hostname": "DESKTOP-WJANG",
    "version": "6.2.2"
  },
  "version": 4,
  "opcode": "정보",
  "event_data": {
    "ProcessGuid": "{A376A8F6-ECC2-5A9C-0000-0010E1111D00}",
    "ProcessId": "17568",
    "Image": "C:\\Program Files\\Mozilla Firefox\\firefox.exe",
    "TargetFilename": "C:\\Users\\wook8170\\AppData\\Roaming\\Microsoft\\Windows\\Recent\\CustomDestinations\\6QIWE8M4EHAYG5ALASUH.temp",
    "CreationUtcTime": "2017-04-24 03:51:05.300",
    "PreviousCreationUtcTime": "2018-03-05 07:23:49.943",
    "UtcTime": "2018-03-05 07:23:49.956"
  },
  "process_id": 8608,
  "level": "정보",
  "task": "File creation time changed (rule: FileCreateTime)",
  "record_number": "14"
}
{
  "@timestamp": "2018-03-05T07:23:50.014Z",
  "@metadata": {
    "beat": "winlogbeat",
    "type": "doc",
    "version": "6.2.2"
  },
  "provider_guid": "{5770385F-C22A-43E0-BF4C-06F5698FFBD9}",
  "log_name": "Microsoft-Windows-Sysmon/Operational",
  "event_data": {
    "DestinationIsIpv6": "false",
    "DestinationIp": "81.19.104.108",
    "UtcTime": "2018-03-05 07:23:48.941",
    "User": "NT AUTHORITY\\SYSTEM",
    "DestinationPortName": "https",
    "ProcessId": "5328",
    "SourceIp": "192.168.198.67",
    "SourcePort": "2194",
    "Initiated": "true",
    "SourceHostname": "DESKTOP-WJANG",
    "DestinationPort": "443",
    "ProcessGuid": "{A376A8F6-ECA3-5A9C-0000-0010B2050300}",
    "Image": "C:\\Program Files (x86)\\Kaspersky Lab\\Kaspersky Free 18.0.0\\avp.exe",
    "Protocol": "tcp",
    "SourceIsIpv6": "false"
  },
  "record_number": "15",
  "level": "정보",
  "opcode": "정보",
  "process_id": 8608,
  "beat": {
    "name": "DESKTOP-WJANG",
    "hostname": "DESKTOP-WJANG",
    "version": "6.2.2"
  },
  "task": "Network connection detected (rule: NetworkConnect)",
  "thread_id": 23856,
  "user": {
    "domain": "NT AUTHORITY",
    "type": "Well Known Group",
    "identifier": "S-1-5-18",
    "name": "SYSTEM"
  },
  "computer_name": "DESKTOP-WJANG",
  "event_id": 3,
  "version": 5,
  "message": "Network connection detected:\nUtcTime: 2018-03-05 07:23:48.941\nProcessGuid: {A376A8F6-ECA3-5A9C-0000-0010B2050300}\nProcessId: 5328\nImage: C:\\Program Files (x86)\\Kaspersky Lab\\Kaspersky Free 18.0.0\\avp.exe\nUser: NT AUTHORITY\\SYSTEM\nProtocol: tcp\nInitiated: true\nSourceIsIpv6: false\nSourceIp: 192.168.198.67\nSourceHostname: DESKTOP-WJANG\nSourcePort: 2194\nSourcePortName: \nDestinationIsIpv6: false\nDestinationIp: 81.19.104.108\nDestinationHostname: \nDestinationPort: 443\nDestinationPortName: https",
  "source_name": "Microsoft-Windows-Sysmon",
  "type": "wineventlog"
}
{
  "@timestamp": "2018-03-05T07:23:58.023Z",
  "@metadata": {
    "beat": "winlogbeat",
    "type": "doc",
    "version": "6.2.2"
  },
  "opcode": "정보",
  "task": "Network connection detected (rule: NetworkConnect)",
  "record_number": "16",
  "event_data": {
    "ProcessId": "11836",
    "SourcePort": "2195",
    "User": "NT AUTHORITY\\SYSTEM",
    "SourceIsIpv6": "false",
    "SourceIp": "192.168.198.67",
    "Image": "C:\\Windows\\System32\\svchost.exe",
    "DestinationIsIpv6": "false",
    "UtcTime": "2018-03-05 07:23:56.604",
    "SourceHostname": "DESKTOP-WJANG",
    "DestinationIp": "52.230.7.59",
    "DestinationPortName": "https",
    "Initiated": "true",
    "ProcessGuid": "{A376A8F6-ECAD-5A9C-0000-001097D40F00}",
    "Protocol": "tcp",
    "DestinationPort": "443"
  },
  "event_id": 3,
  "log_name": "Microsoft-Windows-Sysmon/Operational",
  "type": "wineventlog",
  "provider_guid": "{5770385F-C22A-43E0-BF4C-06F5698FFBD9}",
  "source_name": "Microsoft-Windows-Sysmon",
  "message": "Network connection detected:\nUtcTime: 2018-03-05 07:23:56.604\nProcessGuid: {A376A8F6-ECAD-5A9C-0000-001097D40F00}\nProcessId: 11836\nImage: C:\\Windows\\System32\\svchost.exe\nUser: NT AUTHORITY\\SYSTEM\nProtocol: tcp\nInitiated: true\nSourceIsIpv6: false\nSourceIp: 192.168.198.67\nSourceHostname: DESKTOP-WJANG\nSourcePort: 2195\nSourcePortName: \nDestinationIsIpv6: false\nDestinationIp: 52.230.7.59\nDestinationHostname: \nDestinationPort: 443\nDestinationPortName: https",
  "beat": {
    "name": "DESKTOP-WJANG",
    "hostname": "DESKTOP-WJANG",
    "version": "6.2.2"
  },
  "process_id": 8608,
  "thread_id": 23856,
  "version": 5,
  "level": "정보",
  "computer_name": "DESKTOP-WJANG",
  "user": {
    "type": "Well Known Group",
    "identifier": "S-1-5-18",
    "name": "SYSTEM",
    "domain": "NT AUTHORITY"
  }
}
{
  "@timestamp": "2018-03-05T07:24:10.194Z",
  "@metadata": {
    "beat": "winlogbeat",
    "type": "doc",
    "version": "6.2.2"
  },
  "provider_guid": "{5770385F-C22A-43E0-BF4C-06F5698FFBD9}",
  "source_name": "Microsoft-Windows-Sysmon",
  "beat": {
    "name": "DESKTOP-WJANG",
    "hostname": "DESKTOP-WJANG",
    "version": "6.2.2"
  },
  "thread_id": 19220,
  "level": "정보",
  "record_number": "17",
  "event_id": 1,
  "event_data": {
    "ProcessGuid": "{A376A8F6-F09A-5A9C-0000-00107EE13802}",
    "TerminalSessionId": "1",
    "ParentProcessGuid": "{A376A8F6-F098-5A9C-0000-00109D6C3702}",
    "CurrentDirectory": "C:\\WINDOWS\\system32\\",
    "Hashes": "MD5=22819EB3C648583352AE83003E4C9A56,SHA256=4B69AE5B7D548EFC56FDBE2E650CE2B519AE0C9C928640023077B956C51A7138",
    "ParentCommandLine": "C:\\Windows\\System32\\RuntimeBroker.exe -Embedding",
    "FileVersion": "58.0.2",
    "ParentImage": "C:\\Windows\\System32\\RuntimeBroker.exe",
    "ParentProcessId": "24128",
    "LogonId": "0x13b28a",
    "Company": "Mozilla Corporation",
    "CommandLine": "\"C:\\Program Files\\Mozilla Firefox\\firefox.exe\" http://google.co.kr/",
    "Image": "C:\\Program Files\\Mozilla Firefox\\firefox.exe",
    "Description": "Firefox",
    "ProcessId": "5708",
    "IntegrityLevel": "Medium",
    "UtcTime": "2018-03-05 07:24:10.147",
    "Product": "Firefox",
    "User": "DESKTOP-WJANG\\wook8170",
    "LogonGuid": "{A376A8F6-ECB5-5A9C-0000-00208AB21300}"
  },
  "message": "Process Create:\nUtcTime: 2018-03-05 07:24:10.147\nProcessGuid: {A376A8F6-F09A-5A9C-0000-00107EE13802}\nProcessId: 5708\nImage: C:\\Program Files\\Mozilla Firefox\\firefox.exe\nFileVersion: 58.0.2\nDescription: Firefox\nProduct: Firefox\nCompany: Mozilla Corporation\nCommandLine: \"C:\\Program Files\\Mozilla Firefox\\firefox.exe\" http://google.co.kr/\nCurrentDirectory: C:\\WINDOWS\\system32\\\nUser: DESKTOP-WJANG\\wook8170\nLogonGuid: {A376A8F6-ECB5-5A9C-0000-00208AB21300}\nLogonId: 0x13B28A\nTerminalSessionId: 1\nIntegrityLevel: Medium\nHashes: MD5=22819EB3C648583352AE83003E4C9A56,SHA256=4B69AE5B7D548EFC56FDBE2E650CE2B519AE0C9C928640023077B956C51A7138\nParentProcessGuid: {A376A8F6-F098-5A9C-0000-00109D6C3702}\nParentProcessId: 24128\nParentImage: C:\\Windows\\System32\\RuntimeBroker.exe\nParentCommandLine: C:\\Windows\\System32\\RuntimeBroker.exe -Embedding",
  "computer_name": "DESKTOP-WJANG",
  "opcode": "정보",
  "version": 5,
  "process_id": 8608,
  "type": "wineventlog",
  "log_name": "Microsoft-Windows-Sysmon/Operational",
  "task": "Process Create (rule: ProcessCreate)",
  "user": {
    "type": "Well Known Group",
    "identifier": "S-1-5-18",
    "name": "SYSTEM",
    "domain": "NT AUTHORITY"
  }
}
{
  "@timestamp": "2018-03-05T07:24:10.322Z",
  "@metadata": {
    "beat": "winlogbeat",
    "type": "doc",
    "version": "6.2.2"
  },
  "type": "wineventlog",
  "user": {
    "identifier": "S-1-5-18",
    "name": "SYSTEM",
    "domain": "NT AUTHORITY",
    "type": "Well Known Group"
  },
  "task": "Process terminated (rule: ProcessTerminate)",
  "process_id": 8608,
  "thread_id": 19220,
  "record_number": "18",
  "computer_name": "DESKTOP-WJANG",
  "event_id": 5,
  "opcode": "정보",
  "log_name": "Microsoft-Windows-Sysmon/Operational",
  "message": "Process terminated:\nUtcTime: 2018-03-05 07:24:10.322\nProcessGuid: {A376A8F6-F09A-5A9C-0000-00107EE13802}\nProcessId: 5708\nImage: C:\\Program Files\\Mozilla Firefox\\firefox.exe",
  "event_data": {
    "ProcessGuid": "{A376A8F6-F09A-5A9C-0000-00107EE13802}",
    "ProcessId": "5708",
    "Image": "C:\\Program Files\\Mozilla Firefox\\firefox.exe",
    "UtcTime": "2018-03-05 07:24:10.322"
  },
  "beat": {
    "name": "DESKTOP-WJANG",
    "hostname": "DESKTOP-WJANG",
    "version": "6.2.2"
  },
  "provider_guid": "{5770385F-C22A-43E0-BF4C-06F5698FFBD9}",
  "level": "정보",
  "source_name": "Microsoft-Windows-Sysmon",
  "version": 3
}
{
  "@timestamp": "2018-03-05T07:24:10.444Z",
  "@metadata": {
    "beat": "winlogbeat",
    "type": "doc",
    "version": "6.2.2"
  },
  "opcode": "정보",
  "user": {
    "identifier": "S-1-5-18",
    "name": "SYSTEM",
    "domain": "NT AUTHORITY",
    "type": "Well Known Group"
  },
  "provider_guid": "{5770385F-C22A-43E0-BF4C-06F5698FFBD9}",
  "message": "Process Create:\nUtcTime: 2018-03-05 07:24:10.435\nProcessGuid: {A376A8F6-F09A-5A9C-0000-00100F273902}\nProcessId: 232\nImage: C:\\Program Files\\Mozilla Firefox\\firefox.exe\nFileVersion: 58.0.2\nDescription: Firefox\nProduct: Firefox\nCompany: Mozilla Corporation\nCommandLine: \"C:\\Program Files\\Mozilla Firefox\\firefox.exe\" -contentproc --channel=\"17568.27.961292373\\2094721438\" -childID 4 -isForBrowser -intPrefs 5:50|6:-1|28:1000|34:20|35:5|36:10|45:128|46:10000|51:0|53:400|54:1|55:0|56:0|61:0|62:120|63:120|99:2|100:1|115:5000|125:0|127:0|138:10000|150:-1|158:24|159:32768|161:0|162:0|170:2|174:1048576|175:100|176:5000|178:600|180:1|188:20|191:4|195:0|204:60000| -boolPrefs 1:0|2:0|4:0|26:1|27:1|30:0|33:1|37:1|38:0|39:0|40:0|43:1|44:1|47:0|48:0|49:0|50:0|52:0|57:1|58:1|59:0|60:1|64:1|65:1|66:0|67:1|68:1|69:0|70:1|73:0|74:0|77:1|78:1|82:1|83:1|84:0|85:0|86:0|88:0|89:0|90:1|91:1|92:1|95:1|96:0|98:0|101:1|102:0|109:0|114:0|117:1|120:1|122:1|126:0|129:1|132:1|133:1|139:1|140:0|141:1|143:0|149:0|151:1|152:0|153:1|156:0|157:0|160:1|163:0|165:1|167:1|168:0|177:1|182:0|183:0|184:0|185:1|186:0|187:0|189:1|190:1|193:0|196:0|197:0|198:1|199:1|200:0|201:1|202:1|203:1|205:0|206:0|208:0|217:1|218:1|219:0|220:0|221:0| -stringPrefs \"3:7;release|97:0;|142:3;1.0|154:332;  ¼½¾ǃː̷̸։֊׃״؉؊٪۔܁܂܃܄ᅟᅠ᜵           ​‎‏‐’․‧\u2028\u2029‪‫‬‭‮ ‹›⁁⁄⁒ ⅓⅔⅕⅖⅗⅘⅙⅚⅛⅜⅝⅞⅟∕∶⎮╱⧶⧸⫻⫽⿰⿱⿲⿳⿴⿵⿶⿷⿸⿹⿺⿻　。〔〕〳゠ㅤ㈝㈞㎮㎯㏆㏟꞉︔︕︿﹝﹞﻿．／｡ﾠ￹￺￻￼�|155:4;high|192:38;{0aa63d4b-0bc0-4754-bd4a-1e621ca9132f}|\" -schedulerPrefs 0001,2 -greomni \"C:\\Program Files\\Mozilla Firefox\\omni.ja\" -appomni \"C:\\Program Files\\Mozilla Firefox\\browser\\omni.ja\" -appdir \"C:\\Program Files\\Mozilla Firefox\\browser\"  17568 \"\\\\.\\pipe\\gecko-crash-server-pipe.17568\" tab\nCurrentDirectory: C:\\Program Files\\Mozilla Firefox\\\nUser: DESKTOP-WJANG\\wook8170\nLogonGuid: {A376A8F6-ECB5-5A9C-0000-00208AB21300}\nLogonId: 0x13B28A\nTerminalSessionId: 1\nIntegrityLevel: Low\nHashes: MD5=22819EB3C648583352AE83003E4C9A56,SHA256=4B69AE5B7D548EFC56FDBE2E650CE2B519AE0C9C928640023077B956C51A7138\nParentProcessGuid: {A376A8F6-ECC2-5A9C-0000-0010E1111D00}\nParentProcessId: 17568\nParentImage: C:\\Program Files\\Mozilla Firefox\\firefox.exe\nParentCommandLine: \"C:\\Program Files\\Mozilla Firefox\\firefox.exe\" ",
  "thread_id": 19220,
  "event_id": 1,
  "event_data": {
    "ProcessGuid": "{A376A8F6-F09A-5A9C-0000-00100F273902}",
    "LogonId": "0x13b28a",
    "TerminalSessionId": "1",
    "FileVersion": "58.0.2",
    "Product": "Firefox",
    "Hashes": "MD5=22819EB3C648583352AE83003E4C9A56,SHA256=4B69AE5B7D548EFC56FDBE2E650CE2B519AE0C9C928640023077B956C51A7138",
    "UtcTime": "2018-03-05 07:24:10.435",
    "ParentCommandLine": "\"C:\\Program Files\\Mozilla Firefox\\firefox.exe\" ",
    "ParentProcessGuid": "{A376A8F6-ECC2-5A9C-0000-0010E1111D00}",
    "CommandLine": "\"C:\\Program Files\\Mozilla Firefox\\firefox.exe\" -contentproc --channel=\"17568.27.961292373\\2094721438\" -childID 4 -isForBrowser -intPrefs 5:50|6:-1|28:1000|34:20|35:5|36:10|45:128|46:10000|51:0|53:400|54:1|55:0|56:0|61:0|62:120|63:120|99:2|100:1|115:5000|125:0|127:0|138:10000|150:-1|158:24|159:32768|161:0|162:0|170:2|174:1048576|175:100|176:5000|178:600|180:1|188:20|191:4|195:0|204:60000| -boolPrefs 1:0|2:0|4:0|26:1|27:1|30:0|33:1|37:1|38:0|39:0|40:0|43:1|44:1|47:0|48:0|49:0|50:0|52:0|57:1|58:1|59:0|60:1|64:1|65:1|66:0|67:1|68:1|69:0|70:1|73:0|74:0|77:1|78:1|82:1|83:1|84:0|85:0|86:0|88:0|89:0|90:1|91:1|92:1|95:1|96:0|98:0|101:1|102:0|109:0|114:0|117:1|120:1|122:1|126:0|129:1|132:1|133:1|139:1|140:0|141:1|143:0|149:0|151:1|152:0|153:1|156:0|157:0|160:1|163:0|165:1|167:1|168:0|177:1|182:0|183:0|184:0|185:1|186:0|187:0|189:1|190:1|193:0|196:0|197:0|198:1|199:1|200:0|201:1|202:1|203:1|205:0|206:0|208:0|217:1|218:1|219:0|220:0|221:0| -stringPrefs \"3:7;release|97:0;|142:3;1.0|154:332;  ¼½¾ǃː̷̸։֊׃״؉؊٪۔܁܂܃܄ᅟᅠ᜵           ​‎‏‐’․‧\u2028\u2029‪‫‬‭‮ ‹›⁁⁄⁒ ⅓⅔⅕⅖⅗⅘⅙⅚⅛⅜⅝⅞⅟∕∶⎮╱⧶⧸⫻⫽⿰⿱⿲⿳⿴⿵⿶⿷⿸⿹⿺⿻　。〔〕〳゠ㅤ㈝㈞㎮㎯㏆㏟꞉︔︕︿﹝﹞﻿．／｡ﾠ￹￺￻￼�|155:4;high|192:38;{0aa63d4b-0bc0-4754-bd4a-1e621ca9132f}|\" -schedulerPrefs 0001,2 -greomni \"C:\\Program Files\\Mozilla Firefox\\omni.ja\" -appomni \"C:\\Program Files\\Mozilla Firefox\\browser\\omni.ja\" -appdir \"C:\\Program Files\\Mozilla Firefox\\browser\"  17568 \"\\\\.\\pipe\\gecko-crash-server-pipe.17568\" tab",
    "User": "DESKTOP-WJANG\\wook8170",
    "Company": "Mozilla Corporation",
    "ProcessId": "232",
    "ParentImage": "C:\\Program Files\\Mozilla Firefox\\firefox.exe",
    "Description": "Firefox",
    "CurrentDirectory": "C:\\Program Files\\Mozilla Firefox\\",
    "LogonGuid": "{A376A8F6-ECB5-5A9C-0000-00208AB21300}",
    "Image": "C:\\Program Files\\Mozilla Firefox\\firefox.exe",
    "ParentProcessId": "17568",
    "IntegrityLevel": "Low"
  },
  "level": "정보",
  "process_id": 8608,
  "record_number": "19",
  "type": "wineventlog",
  "version": 5,
  "beat": {
    "version": "6.2.2",
    "name": "DESKTOP-WJANG",
    "hostname": "DESKTOP-WJANG"
  },
  "log_name": "Microsoft-Windows-Sysmon/Operational",
  "computer_name": "DESKTOP-WJANG",
  "source_name": "Microsoft-Windows-Sysmon",
  "task": "Process Create (rule: ProcessCreate)"
}
{
  "@timestamp": "2018-03-05T07:24:11.549Z",
  "@metadata": {
    "beat": "winlogbeat",
    "type": "doc",
    "version": "6.2.2"
  },
  "computer_name": "DESKTOP-WJANG",
  "user": {
    "identifier": "S-1-5-18",
    "name": "SYSTEM",
    "domain": "NT AUTHORITY",
    "type": "Well Known Group"
  },
  "version": 5,
  "opcode": "정보",
  "level": "정보",
  "message": "Network connection detected:\nUtcTime: 2018-03-05 07:24:10.441\nProcessGuid: {A376A8F6-ECC2-5A9C-0000-0010E1111D00}\nProcessId: 17568\nImage: C:\\Program Files\\Mozilla Firefox\\firefox.exe\nUser: DESKTOP-WJANG\\wook8170\nProtocol: tcp\nInitiated: true\nSourceIsIpv6: false\nSourceIp: 192.168.198.67\nSourceHostname: DESKTOP-WJANG\nSourcePort: 2197\nSourcePortName: \nDestinationIsIpv6: false\nDestinationIp: 216.58.200.3\nDestinationHostname: hkg12s11-in-f3.1e100.net\nDestinationPort: 80\nDestinationPortName: http",
  "beat": {
    "name": "DESKTOP-WJANG",
    "hostname": "DESKTOP-WJANG",
    "version": "6.2.2"
  },
  "provider_guid": "{5770385F-C22A-43E0-BF4C-06F5698FFBD9}",
  "source_name": "Microsoft-Windows-Sysmon",
  "process_id": 8608,
  "event_id": 3,
  "type": "wineventlog",
  "log_name": "Microsoft-Windows-Sysmon/Operational",
  "task": "Network connection detected (rule: NetworkConnect)",
  "event_data": {
    "User": "DESKTOP-WJANG\\wook8170",
    "Protocol": "tcp",
    "SourceHostname": "DESKTOP-WJANG",
    "Image": "C:\\Program Files\\Mozilla Firefox\\firefox.exe",
    "DestinationIp": "216.58.200.3",
    "SourceIsIpv6": "false",
    "SourceIp": "192.168.198.67",
    "Initiated": "true",
    "DestinationIsIpv6": "false",
    "DestinationPortName": "http",
    "UtcTime": "2018-03-05 07:24:10.441",
    "ProcessId": "17568",
    "SourcePort": "2197",
    "DestinationPort": "80",
    "DestinationHostname": "hkg12s11-in-f3.1e100.net",
    "ProcessGuid": "{A376A8F6-ECC2-5A9C-0000-0010E1111D00}"
  },
  "thread_id": 23856,
  "record_number": "20"
}
{
  "@timestamp": "2018-03-05T07:24:11.549Z",
  "@metadata": {
    "beat": "winlogbeat",
    "type": "doc",
    "version": "6.2.2"
  },
  "record_number": "21",
  "process_id": 8608,
  "source_name": "Microsoft-Windows-Sysmon",
  "beat": {
    "name": "DESKTOP-WJANG",
    "hostname": "DESKTOP-WJANG",
    "version": "6.2.2"
  },
  "computer_name": "DESKTOP-WJANG",
  "provider_guid": "{5770385F-C22A-43E0-BF4C-06F5698FFBD9}",
  "event_data": {
    "SourcePort": "2198",
    "SourceIsIpv6": "false",
    "DestinationIsIpv6": "false",
    "User": "DESKTOP-WJANG\\wook8170",
    "ProcessGuid": "{A376A8F6-ECC2-5A9C-0000-0010E1111D00}",
    "DestinationIp": "216.58.200.3",
    "Initiated": "true",
    "DestinationHostname": "hkg12s11-in-f3.1e100.net",
    "Protocol": "tcp",
    "SourceIp": "192.168.198.67",
    "SourceHostname": "DESKTOP-WJANG",
    "DestinationPortName": "http",
    "UtcTime": "2018-03-05 07:24:10.441",
    "ProcessId": "17568",
    "Image": "C:\\Program Files\\Mozilla Firefox\\firefox.exe",
    "DestinationPort": "80"
  },
  "event_id": 3,
  "level": "정보",
  "user": {
    "identifier": "S-1-5-18",
    "name": "SYSTEM",
    "domain": "NT AUTHORITY",
    "type": "Well Known Group"
  },
  "thread_id": 23856,
  "log_name": "Microsoft-Windows-Sysmon/Operational",
  "message": "Network connection detected:\nUtcTime: 2018-03-05 07:24:10.441\nProcessGuid: {A376A8F6-ECC2-5A9C-0000-0010E1111D00}\nProcessId: 17568\nImage: C:\\Program Files\\Mozilla Firefox\\firefox.exe\nUser: DESKTOP-WJANG\\wook8170\nProtocol: tcp\nInitiated: true\nSourceIsIpv6: false\nSourceIp: 192.168.198.67\nSourceHostname: DESKTOP-WJANG\nSourcePort: 2198\nSourcePortName: \nDestinationIsIpv6: false\nDestinationIp: 216.58.200.3\nDestinationHostname: hkg12s11-in-f3.1e100.net\nDestinationPort: 80\nDestinationPortName: http",
  "version": 5,
  "type": "wineventlog",
  "task": "Network connection detected (rule: NetworkConnect)",
  "opcode": "정보"
}
{
  "@timestamp": "2018-03-05T07:24:11.549Z",
  "@metadata": {
    "beat": "winlogbeat",
    "type": "doc",
    "version": "6.2.2"
  },
  "beat": {
    "hostname": "DESKTOP-WJANG",
    "version": "6.2.2",
    "name": "DESKTOP-WJANG"
  },
  "task": "Network connection detected (rule: NetworkConnect)",
  "user": {
    "identifier": "S-1-5-18",
    "name": "SYSTEM",
    "domain": "NT AUTHORITY",
    "type": "Well Known Group"
  },
  "provider_guid": "{5770385F-C22A-43E0-BF4C-06F5698FFBD9}",
  "log_name": "Microsoft-Windows-Sysmon/Operational",
  "process_id": 8608,
  "record_number": "22",
  "opcode": "정보",
  "version": 5,
  "thread_id": 23856,
  "message": "Network connection detected:\nUtcTime: 2018-03-05 07:24:10.536\nProcessGuid: {A376A8F6-ECC2-5A9C-0000-0010E1111D00}\nProcessId: 17568\nImage: C:\\Program Files\\Mozilla Firefox\\firefox.exe\nUser: DESKTOP-WJANG\\wook8170\nProtocol: tcp\nInitiated: true\nSourceIsIpv6: false\nSourceIp: 192.168.198.67\nSourceHostname: DESKTOP-WJANG\nSourcePort: 2199\nSourcePortName: \nDestinationIsIpv6: false\nDestinationIp: 216.58.200.3\nDestinationHostname: hkg12s11-in-f3.1e100.net\nDestinationPort: 443\nDestinationPortName: https",
  "level": "정보",
  "type": "wineventlog",
  "source_name": "Microsoft-Windows-Sysmon",
  "event_id": 3,
  "event_data": {
    "Initiated": "true",
    "DestinationIp": "216.58.200.3",
    "UtcTime": "2018-03-05 07:24:10.536",
    "Image": "C:\\Program Files\\Mozilla Firefox\\firefox.exe",
    "DestinationPortName": "https",
    "DestinationIsIpv6": "false",
    "User": "DESKTOP-WJANG\\wook8170",
    "DestinationHostname": "hkg12s11-in-f3.1e100.net",
    "ProcessId": "17568",
    "SourceIsIpv6": "false",
    "SourceIp": "192.168.198.67",
    "SourcePort": "2199",
    "SourceHostname": "DESKTOP-WJANG",
    "DestinationPort": "443",
    "ProcessGuid": "{A376A8F6-ECC2-5A9C-0000-0010E1111D00}",
    "Protocol": "tcp"
  },
  "computer_name": "DESKTOP-WJANG"
}
{
  "@timestamp": "2018-03-05T07:24:11.799Z",
  "@metadata": {
    "beat": "winlogbeat",
    "type": "doc",
    "version": "6.2.2"
  },
  "opcode": "정보",
  "beat": {
    "hostname": "DESKTOP-WJANG",
    "version": "6.2.2",
    "name": "DESKTOP-WJANG"
  },
  "provider_guid": "{5770385F-C22A-43E0-BF4C-06F5698FFBD9}",
  "version": 5,
  "task": "Network connection detected (rule: NetworkConnect)",
  "user": {
    "identifier": "S-1-5-18",
    "name": "SYSTEM",
    "domain": "NT AUTHORITY",
    "type": "Well Known Group"
  },
  "level": "정보",
  "record_number": "23",
  "event_data": {
    "SourceIp": "127.0.0.1",
    "SourceHostname": "wook.com",
    "DestinationPort": "2200",
    "DestinationHostname": "wook.com",
    "ProcessGuid": "{A376A8F6-F09A-5A9C-0000-00100F273902}",
    "UtcTime": "2018-03-05 07:24:10.576",
    "Initiated": "true",
    "SourcePort": "2201",
    "DestinationIsIpv6": "false",
    "DestinationIp": "127.0.0.1",
    "ProcessId": "232",
    "Image": "C:\\Program Files\\Mozilla Firefox\\firefox.exe",
    "User": "DESKTOP-WJANG\\wook8170",
    "Protocol": "tcp",
    "SourceIsIpv6": "false"
  },
  "source_name": "Microsoft-Windows-Sysmon",
  "computer_name": "DESKTOP-WJANG",
  "process_id": 8608,
  "message": "Network connection detected:\nUtcTime: 2018-03-05 07:24:10.576\nProcessGuid: {A376A8F6-F09A-5A9C-0000-00100F273902}\nProcessId: 232\nImage: C:\\Program Files\\Mozilla Firefox\\firefox.exe\nUser: DESKTOP-WJANG\\wook8170\nProtocol: tcp\nInitiated: true\nSourceIsIpv6: false\nSourceIp: 127.0.0.1\nSourceHostname: wook.com\nSourcePort: 2201\nSourcePortName: \nDestinationIsIpv6: false\nDestinationIp: 127.0.0.1\nDestinationHostname: wook.com\nDestinationPort: 2200\nDestinationPortName: ",
  "log_name": "Microsoft-Windows-Sysmon/Operational",
  "thread_id": 23856,
  "type": "wineventlog",
  "event_id": 3
}
{
  "@timestamp": "2018-03-05T07:24:11.799Z",
  "@metadata": {
    "beat": "winlogbeat",
    "type": "doc",
    "version": "6.2.2"
  },
  "thread_id": 23856,
  "source_name": "Microsoft-Windows-Sysmon",
  "task": "Network connection detected (rule: NetworkConnect)",
  "level": "정보",
  "type": "wineventlog",
  "record_number": "24",
  "beat": {
    "version": "6.2.2",
    "name": "DESKTOP-WJANG",
    "hostname": "DESKTOP-WJANG"
  },
  "opcode": "정보",
  "computer_name": "DESKTOP-WJANG",
  "user": {
    "type": "Well Known Group",
    "identifier": "S-1-5-18",
    "name": "SYSTEM",
    "domain": "NT AUTHORITY"
  },
  "log_name": "Microsoft-Windows-Sysmon/Operational",
  "version": 5,
  "message": "Network connection detected:\nUtcTime: 2018-03-05 07:24:10.576\nProcessGuid: {A376A8F6-F09A-5A9C-0000-00100F273902}\nProcessId: 232\nImage: C:\\Program Files\\Mozilla Firefox\\firefox.exe\nUser: DESKTOP-WJANG\\wook8170\nProtocol: tcp\nInitiated: false\nSourceIsIpv6: false\nSourceIp: 127.0.0.1\nSourceHostname: wook.com\nSourcePort: 2200\nSourcePortName: \nDestinationIsIpv6: false\nDestinationIp: 127.0.0.1\nDestinationHostname: wook.com\nDestinationPort: 2201\nDestinationPortName: ",
  "event_id": 3,
  "provider_guid": "{5770385F-C22A-43E0-BF4C-06F5698FFBD9}",
  "event_data": {
    "UtcTime": "2018-03-05 07:24:10.576",
    "DestinationIsIpv6": "false",
    "DestinationIp": "127.0.0.1",
    "DestinationHostname": "wook.com",
    "SourceIp": "127.0.0.1",
    "Protocol": "tcp",
    "Initiated": "false",
    "ProcessGuid": "{A376A8F6-F09A-5A9C-0000-00100F273902}",
    "SourcePort": "2200",
    "SourceIsIpv6": "false",
    "Image": "C:\\Program Files\\Mozilla Firefox\\firefox.exe",
    "ProcessId": "232",
    "User": "DESKTOP-WJANG\\wook8170",
    "SourceHostname": "wook.com",
    "DestinationPort": "2201"
  },
  "process_id": 8608
}
{
  "@timestamp": "2018-03-05T07:24:12.300Z",
  "@metadata": {
    "beat": "winlogbeat",
    "type": "doc",
    "version": "6.2.2"
  },
  "event_data": {
    "SourcePort": "2202",
    "DestinationIp": "216.58.200.1",
    "Protocol": "tcp",
    "SourceIp": "192.168.198.67",
    "SourceIsIpv6": "false",
    "DestinationPort": "443",
    "Initiated": "true",
    "UtcTime": "2018-03-05 07:24:11.063",
    "DestinationIsIpv6": "false",
    "DestinationPortName": "https",
    "ProcessGuid": "{A376A8F6-ECC2-5A9C-0000-0010E1111D00}",
    "ProcessId": "17568",
    "User": "DESKTOP-WJANG\\wook8170",
    "Image": "C:\\Program Files\\Mozilla Firefox\\firefox.exe",
    "SourceHostname": "DESKTOP-WJANG",
    "DestinationHostname": "hkg12s11-in-f1.1e100.net"
  },
  "level": "정보",
  "user": {
    "domain": "NT AUTHORITY",
    "type": "Well Known Group",
    "identifier": "S-1-5-18",
    "name": "SYSTEM"
  },
  "type": "wineventlog",
  "source_name": "Microsoft-Windows-Sysmon",
  "task": "Network connection detected (rule: NetworkConnect)",
  "message": "Network connection detected:\nUtcTime: 2018-03-05 07:24:11.063\nProcessGuid: {A376A8F6-ECC2-5A9C-0000-0010E1111D00}\nProcessId: 17568\nImage: C:\\Program Files\\Mozilla Firefox\\firefox.exe\nUser: DESKTOP-WJANG\\wook8170\nProtocol: tcp\nInitiated: true\nSourceIsIpv6: false\nSourceIp: 192.168.198.67\nSourceHostname: DESKTOP-WJANG\nSourcePort: 2202\nSourcePortName: \nDestinationIsIpv6: false\nDestinationIp: 216.58.200.1\nDestinationHostname: hkg12s11-in-f1.1e100.net\nDestinationPort: 443\nDestinationPortName: https",
  "record_number": "25",
  "provider_guid": "{5770385F-C22A-43E0-BF4C-06F5698FFBD9}",
  "thread_id": 23856,
  "version": 5,
  "log_name": "Microsoft-Windows-Sysmon/Operational",
  "computer_name": "DESKTOP-WJANG",
  "beat": {
    "name": "DESKTOP-WJANG",
    "hostname": "DESKTOP-WJANG",
    "version": "6.2.2"
  },
  "process_id": 8608,
  "event_id": 3,
  "opcode": "정보"
}
