{
  "@timestamp": "2018-03-05T07:35:32.101Z",
  "@metadata": {
    "beat": "winlogbeat",
    "type": "doc",
    "version": "6.2.2"
  },
  "log_name": "Microsoft-Windows-Sysmon/Operational",
  "computer_name": "DESKTOP-WJANG",
  "level": "정보",
  "provider_guid": "{5770385F-C22A-43E0-BF4C-06F5698FFBD9}",
  "thread_id": 19220,
  "process_id": 8608,
  "event_data": {
    "Hashes": "MD5=C79C23B8167791C7754EA395E4F91169,SHA256=98625FC6BDBF0440DD92C4545D63F35394EDBBD2BF7CAB749C8B060BDCA56434",
    "Signed": "true",
    "UtcTime": "2018-03-05 07:35:32.098",
    "Image": "C:\\Program Files\\Mozilla Firefox\\firefox.exe",
    "FileVersion": "58.0.2",
    "Company": "Mozilla Foundation",
    "SignatureStatus": "Valid",
    "Product": "Firefox",
    "ImageLoaded": "C:\\Program Files\\Mozilla Firefox\\mozglue.dll",
    "ProcessGuid": "{A376A8F6-F344-5A9C-0000-0010BDB3F803}",
    "Signature": "Mozilla Corporation",
    "ProcessId": "25640"
  },
  "record_number": "916",
  "version": 3,
  "message": "Image loaded:\nUtcTime: 2018-03-05 07:35:32.098\nProcessGuid: {A376A8F6-F344-5A9C-0000-0010BDB3F803}\nProcessId: 25640\nImage: C:\\Program Files\\Mozilla Firefox\\firefox.exe\nImageLoaded: C:\\Program Files\\Mozilla Firefox\\mozglue.dll\nFileVersion: 58.0.2\nDescription: \nProduct: Firefox\nCompany: Mozilla Foundation\nHashes: MD5=C79C23B8167791C7754EA395E4F91169,SHA256=98625FC6BDBF0440DD92C4545D63F35394EDBBD2BF7CAB749C8B060BDCA56434\nSigned: true\nSignature: Mozilla Corporation\nSignatureStatus: Valid",
  "event_id": 7,
  "task": "Image loaded (rule: ImageLoad)",
  "type": "wineventlog",
  "source_name": "Microsoft-Windows-Sysmon",
  "user": {
    "identifier": "S-1-5-18",
    "name": "SYSTEM",
    "domain": "NT AUTHORITY",
    "type": "Well Known Group"
  },
  "opcode": "정보",
  "beat": {
    "name": "DESKTOP-WJANG",
    "hostname": "DESKTOP-WJANG",
    "version": "6.2.2"
  }
}
{
  "@timestamp": "2018-03-05T07:35:32.101Z",
  "@metadata": {
    "beat": "winlogbeat",
    "type": "doc",
    "version": "6.2.2"
  },
  "source_name": "Microsoft-Windows-Sysmon",
  "record_number": "917",
  "level": "정보",
  "event_data": {
    "Description": "원격 프로시저 호출 런타임",
    "ProcessGuid": "{A376A8F6-F344-5A9C-0000-0010BDB3F803}",
    "UtcTime": "2018-03-05 07:35:32.098",
    "Product": "Microsoft® Windows® Operating System",
    "Hashes": "MD5=79554274DA5BAACA1CFE78F9F5478AF4,SHA256=32511D9B73CA53EE382AC4E727100885F562A1B0F1F4AD117ACEB506F887187C",
    "Signature": "Microsoft Windows",
    "SignatureStatus": "Valid",
    "ImageLoaded": "C:\\Windows\\System32\\rpcrt4.dll",
    "FileVersion": "10.0.16299.15 (WinBuild.160101.0800)",
    "Company": "Microsoft Corporation",
    "ProcessId": "25640",
    "Signed": "true",
    "Image": "C:\\Program Files\\Mozilla Firefox\\firefox.exe"
  },
  "user": {
    "domain": "NT AUTHORITY",
    "type": "Well Known Group",
    "identifier": "S-1-5-18",
    "name": "SYSTEM"
  },
  "version": 3,
  "message": "Image loaded:\nUtcTime: 2018-03-05 07:35:32.098\nProcessGuid: {A376A8F6-F344-5A9C-0000-0010BDB3F803}\nProcessId: 25640\nImage: C:\\Program Files\\Mozilla Firefox\\firefox.exe\nImageLoaded: C:\\Windows\\System32\\rpcrt4.dll\nFileVersion: 10.0.16299.15 (WinBuild.160101.0800)\nDescription: 원격 프로시저 호출 런타임\nProduct: Microsoft® Windows® Operating System\nCompany: Microsoft Corporation\nHashes: MD5=79554274DA5BAACA1CFE78F9F5478AF4,SHA256=32511D9B73CA53EE382AC4E727100885F562A1B0F1F4AD117ACEB506F887187C\nSigned: true\nSignature: Microsoft Windows\nSignatureStatus: Valid",
  "task": "Image loaded (rule: ImageLoad)",
  "event_id": 7,
  "computer_name": "DESKTOP-WJANG",
  "provider_guid": "{5770385F-C22A-43E0-BF4C-06F5698FFBD9}",
  "process_id": 8608,
  "thread_id": 19220,
  "beat": {
    "name": "DESKTOP-WJANG",
    "hostname": "DESKTOP-WJANG",
    "version": "6.2.2"
  },
  "type": "wineventlog",
  "log_name": "Microsoft-Windows-Sysmon/Operational",
  "opcode": "정보"
}
{
  "@timestamp": "2018-03-05T07:35:32.102Z",
  "@metadata": {
    "beat": "winlogbeat",
    "type": "doc",
    "version": "6.2.2"
  },
  "user": {
    "domain": "NT AUTHORITY",
    "type": "Well Known Group",
    "identifier": "S-1-5-18",
    "name": "SYSTEM"
  },
  "record_number": "918",
  "process_id": 8608,
  "level": "정보",
  "thread_id": 19220,
  "task": "Image loaded (rule: ImageLoad)",
  "version": 3,
  "source_name": "Microsoft-Windows-Sysmon",
  "log_name": "Microsoft-Windows-Sysmon/Operational",
  "provider_guid": "{5770385F-C22A-43E0-BF4C-06F5698FFBD9}",
  "event_data": {
    "FileVersion": "10.0.16299.248 (WinBuild.160101.0800)",
    "SignatureStatus": "Valid",
    "Description": "Microsoft® C Runtime Library",
    "Signature": "Microsoft Windows",
    "Signed": "true",
    "Hashes": "MD5=FD2A8FB7B87833ED97F705BC1232B079,SHA256=DEC6E1AC23FC57548D36498A20E4A93E765657B9EBF2375BE1526AD07313FA56",
    "Image": "C:\\Program Files\\Mozilla Firefox\\firefox.exe",
    "UtcTime": "2018-03-05 07:35:32.099",
    "ImageLoaded": "C:\\Windows\\System32\\ucrtbase.dll",
    "Company": "Microsoft Corporation",
    "ProcessGuid": "{A376A8F6-F344-5A9C-0000-0010BDB3F803}",
    "Product": "Microsoft® Windows® Operating System",
    "ProcessId": "25640"
  },
  "beat": {
    "name": "DESKTOP-WJANG",
    "hostname": "DESKTOP-WJANG",
    "version": "6.2.2"
  },
  "computer_name": "DESKTOP-WJANG",
  "type": "wineventlog",
  "opcode": "정보",
  "message": "Image loaded:\nUtcTime: 2018-03-05 07:35:32.099\nProcessGuid: {A376A8F6-F344-5A9C-0000-0010BDB3F803}\nProcessId: 25640\nImage: C:\\Program Files\\Mozilla Firefox\\firefox.exe\nImageLoaded: C:\\Windows\\System32\\ucrtbase.dll\nFileVersion: 10.0.16299.248 (WinBuild.160101.0800)\nDescription: Microsoft® C Runtime Library\nProduct: Microsoft® Windows® Operating System\nCompany: Microsoft Corporation\nHashes: MD5=FD2A8FB7B87833ED97F705BC1232B079,SHA256=DEC6E1AC23FC57548D36498A20E4A93E765657B9EBF2375BE1526AD07313FA56\nSigned: true\nSignature: Microsoft Windows\nSignatureStatus: Valid",
  "event_id": 7
}
{
  "@timestamp": "2018-03-05T07:35:32.102Z",
  "@metadata": {
    "beat": "winlogbeat",
    "type": "doc",
    "version": "6.2.2"
  },
  "source_name": "Microsoft-Windows-Sysmon",
  "task": "Image loaded (rule: ImageLoad)",
  "beat": {
    "name": "DESKTOP-WJANG",
    "hostname": "DESKTOP-WJANG",
    "version": "6.2.2"
  },
  "version": 3,
  "thread_id": 19220,
  "log_name": "Microsoft-Windows-Sysmon/Operational",
  "event_data": {
    "Signature": "Microsoft Windows",
    "UtcTime": "2018-03-05 07:35:32.099",
    "ProcessGuid": "{A376A8F6-F344-5A9C-0000-0010BDB3F803}",
    "Description": "Microsoft® C Runtime Library",
    "FileVersion": "10.0.16299.248 (WinBuild.160101.0800)",
    "Image": "C:\\Program Files\\Mozilla Firefox\\firefox.exe",
    "Hashes": "MD5=FD2A8FB7B87833ED97F705BC1232B079,SHA256=DEC6E1AC23FC57548D36498A20E4A93E765657B9EBF2375BE1526AD07313FA56",
    "Product": "Microsoft® Windows® Operating System",
    "ImageLoaded": "C:\\Windows\\System32\\ucrtbase.dll",
    "Company": "Microsoft Corporation",
    "SignatureStatus": "Valid",
    "ProcessId": "25640",
    "Signed": "true"
  },
  "type": "wineventlog",
  "process_id": 8608,
  "level": "정보",
  "opcode": "정보",
  "record_number": "919",
  "provider_guid": "{5770385F-C22A-43E0-BF4C-06F5698FFBD9}",
  "user": {
    "identifier": "S-1-5-18",
    "name": "SYSTEM",
    "domain": "NT AUTHORITY",
    "type": "Well Known Group"
  },
  "message": "Image loaded:\nUtcTime: 2018-03-05 07:35:32.099\nProcessGuid: {A376A8F6-F344-5A9C-0000-0010BDB3F803}\nProcessId: 25640\nImage: C:\\Program Files\\Mozilla Firefox\\firefox.exe\nImageLoaded: C:\\Windows\\System32\\ucrtbase.dll\nFileVersion: 10.0.16299.248 (WinBuild.160101.0800)\nDescription: Microsoft® C Runtime Library\nProduct: Microsoft® Windows® Operating System\nCompany: Microsoft Corporation\nHashes: MD5=FD2A8FB7B87833ED97F705BC1232B079,SHA256=DEC6E1AC23FC57548D36498A20E4A93E765657B9EBF2375BE1526AD07313FA56\nSigned: true\nSignature: Microsoft Windows\nSignatureStatus: Valid",
  "computer_name": "DESKTOP-WJANG",
  "event_id": 7
}
{
  "@timestamp": "2018-03-05T07:35:32.102Z",
  "@metadata": {
    "beat": "winlogbeat",
    "type": "doc",
    "version": "6.2.2"
  },
  "version": 3,
  "level": "정보",
  "beat": {
    "name": "DESKTOP-WJANG",
    "hostname": "DESKTOP-WJANG",
    "version": "6.2.2"
  },
  "event_data": {
    "Description": "Version Checking and File Installation Libraries",
    "ProcessId": "25640",
    "Company": "Microsoft Corporation",
    "Signature": "Microsoft Windows",
    "ProcessGuid": "{A376A8F6-F344-5A9C-0000-0010BDB3F803}",
    "ImageLoaded": "C:\\Windows\\System32\\version.dll",
    "FileVersion": "10.0.16299.15 (WinBuild.160101.0800)",
    "SignatureStatus": "Valid",
    "Image": "C:\\Program Files\\Mozilla Firefox\\firefox.exe",
    "Signed": "true",
    "Hashes": "MD5=2897E051DC113FA4E7B58AB11CC65EA1,SHA256=DF3F4512D0121DE58127E5D73C2A48E70329AD275AA7A5E626CAC1CEDAA07F47",
    "UtcTime": "2018-03-05 07:35:32.099",
    "Product": "Microsoft® Windows® Operating System"
  },
  "user": {
    "domain": "NT AUTHORITY",
    "type": "Well Known Group",
    "identifier": "S-1-5-18",
    "name": "SYSTEM"
  },
  "opcode": "정보",
  "thread_id": 19220,
  "task": "Image loaded (rule: ImageLoad)",
  "type": "wineventlog",
  "source_name": "Microsoft-Windows-Sysmon",
  "message": "Image loaded:\nUtcTime: 2018-03-05 07:35:32.099\nProcessGuid: {A376A8F6-F344-5A9C-0000-0010BDB3F803}\nProcessId: 25640\nImage: C:\\Program Files\\Mozilla Firefox\\firefox.exe\nImageLoaded: C:\\Windows\\System32\\version.dll\nFileVersion: 10.0.16299.15 (WinBuild.160101.0800)\nDescription: Version Checking and File Installation Libraries\nProduct: Microsoft® Windows® Operating System\nCompany: Microsoft Corporation\nHashes: MD5=2897E051DC113FA4E7B58AB11CC65EA1,SHA256=DF3F4512D0121DE58127E5D73C2A48E70329AD275AA7A5E626CAC1CEDAA07F47\nSigned: true\nSignature: Microsoft Windows\nSignatureStatus: Valid",
  "log_name": "Microsoft-Windows-Sysmon/Operational",
  "event_id": 7,
  "process_id": 8608,
  "record_number": "920",
  "computer_name": "DESKTOP-WJANG",
  "provider_guid": "{5770385F-C22A-43E0-BF4C-06F5698FFBD9}"
}
{
  "@timestamp": "2018-03-05T07:35:32.103Z",
  "@metadata": {
    "beat": "winlogbeat",
    "type": "doc",
    "version": "6.2.2"
  },
  "computer_name": "DESKTOP-WJANG",
  "event_id": 7,
  "message": "Image loaded:\nUtcTime: 2018-03-05 07:35:32.099\nProcessGuid: {A376A8F6-F344-5A9C-0000-0010BDB3F803}\nProcessId: 25640\nImage: C:\\Program Files\\Mozilla Firefox\\firefox.exe\nImageLoaded: C:\\Windows\\System32\\dbghelp.dll\nFileVersion: 10.0.16299.15 (WinBuild.160101.0800)\nDescription: Windows Image Helper\nProduct: Microsoft® Windows® Operating System\nCompany: Microsoft Corporation\nHashes: MD5=4609593AA14EB18AB4249FEAD48BBC5D,SHA256=D82CF7EB1F6E812CC44146A6FC0971E9C2A22FC78AF33B381ADB6CD7EDBDA517\nSigned: true\nSignature: Microsoft Windows\nSignatureStatus: Valid",
  "provider_guid": "{5770385F-C22A-43E0-BF4C-06F5698FFBD9}",
  "process_id": 8608,
  "record_number": "921",
  "thread_id": 19220,
  "beat": {
    "version": "6.2.2",
    "name": "DESKTOP-WJANG",
    "hostname": "DESKTOP-WJANG"
  },
  "opcode": "정보",
  "level": "정보",
  "user": {
    "type": "Well Known Group",
    "identifier": "S-1-5-18",
    "name": "SYSTEM",
    "domain": "NT AUTHORITY"
  },
  "event_data": {
    "Company": "Microsoft Corporation",
    "ProcessId": "25640",
    "ImageLoaded": "C:\\Windows\\System32\\dbghelp.dll",
    "Signed": "true",
    "UtcTime": "2018-03-05 07:35:32.099",
    "ProcessGuid": "{A376A8F6-F344-5A9C-0000-0010BDB3F803}",
    "Product": "Microsoft® Windows® Operating System",
    "SignatureStatus": "Valid",
    "Description": "Windows Image Helper",
    "Image": "C:\\Program Files\\Mozilla Firefox\\firefox.exe",
    "Signature": "Microsoft Windows",
    "FileVersion": "10.0.16299.15 (WinBuild.160101.0800)",
    "Hashes": "MD5=4609593AA14EB18AB4249FEAD48BBC5D,SHA256=D82CF7EB1F6E812CC44146A6FC0971E9C2A22FC78AF33B381ADB6CD7EDBDA517"
  },
  "version": 3,
  "task": "Image loaded (rule: ImageLoad)",
  "source_name": "Microsoft-Windows-Sysmon",
  "type": "wineventlog",
  "log_name": "Microsoft-Windows-Sysmon/Operational"
}
{
  "@timestamp": "2018-03-05T07:35:32.103Z",
  "@metadata": {
    "beat": "winlogbeat",
    "type": "doc",
    "version": "6.2.2"
  },
  "event_id": 7,
  "level": "정보",
  "beat": {
    "name": "DESKTOP-WJANG",
    "hostname": "DESKTOP-WJANG",
    "version": "6.2.2"
  },
  "process_id": 8608,
  "user": {
    "identifier": "S-1-5-18",
    "name": "SYSTEM",
    "domain": "NT AUTHORITY",
    "type": "Well Known Group"
  },
  "type": "wineventlog",
  "source_name": "Microsoft-Windows-Sysmon",
  "version": 3,
  "provider_guid": "{5770385F-C22A-43E0-BF4C-06F5698FFBD9}",
  "log_name": "Microsoft-Windows-Sysmon/Operational",
  "thread_id": 19220,
  "computer_name": "DESKTOP-WJANG",
  "record_number": "922",
  "event_data": {
    "Company": "Microsoft Corporation",
    "ProcessGuid": "{A376A8F6-F344-5A9C-0000-0010BDB3F803}",
    "Image": "C:\\Program Files\\Mozilla Firefox\\firefox.exe",
    "ProcessId": "25640",
    "FileVersion": "14.11.25325.0 built by: VCTOOLSREL",
    "Product": "Microsoft® Visual Studio® 2017",
    "Signature": "Microsoft Corporation",
    "Signed": "true",
    "UtcTime": "2018-03-05 07:35:32.099",
    "ImageLoaded": "C:\\Program Files\\Mozilla Firefox\\msvcp140.dll",
    "Description": "Microsoft® C Runtime Library",
    "Hashes": "MD5=D396985225D85CAA7D743D67C7DA6316,SHA256=BE2EF4F6D540D0AC5FDDD556DCB6BFAF6CB6288679E4D64882D625FF35F173AA",
    "SignatureStatus": "Valid"
  },
  "opcode": "정보",
  "message": "Image loaded:\nUtcTime: 2018-03-05 07:35:32.099\nProcessGuid: {A376A8F6-F344-5A9C-0000-0010BDB3F803}\nProcessId: 25640\nImage: C:\\Program Files\\Mozilla Firefox\\firefox.exe\nImageLoaded: C:\\Program Files\\Mozilla Firefox\\msvcp140.dll\nFileVersion: 14.11.25325.0 built by: VCTOOLSREL\nDescription: Microsoft® C Runtime Library\nProduct: Microsoft® Visual Studio® 2017\nCompany: Microsoft Corporation\nHashes: MD5=D396985225D85CAA7D743D67C7DA6316,SHA256=BE2EF4F6D540D0AC5FDDD556DCB6BFAF6CB6288679E4D64882D625FF35F173AA\nSigned: true\nSignature: Microsoft Corporation\nSignatureStatus: Valid",
  "task": "Image loaded (rule: ImageLoad)"
}
{
  "@timestamp": "2018-03-05T07:35:32.104Z",
  "@metadata": {
    "beat": "winlogbeat",
    "type": "doc",
    "version": "6.2.2"
  },
  "message": "Image loaded:\nUtcTime: 2018-03-05 07:35:32.100\nProcessGuid: {A376A8F6-F344-5A9C-0000-0010BDB3F803}\nProcessId: 25640\nImage: C:\\Program Files\\Mozilla Firefox\\firefox.exe\nImageLoaded: C:\\Program Files\\Mozilla Firefox\\vcruntime140.dll\nFileVersion: 14.11.25325.0 built by: VCTOOLSREL\nDescription: Microsoft® C Runtime Library\nProduct: Microsoft® Visual Studio® 2017\nCompany: Microsoft Corporation\nHashes: MD5=9A53905892D9C9F3BF9D295C8B32E446,SHA256=D58E3FF10FD96A22A8E6D2FD76146A282CC45CCFAF2301257E76E7C2771CBD41\nSigned: true\nSignature: Microsoft Corporation\nSignatureStatus: Valid",
  "record_number": "923",
  "event_data": {
    "Signature": "Microsoft Corporation",
    "ProcessId": "25640",
    "ProcessGuid": "{A376A8F6-F344-5A9C-0000-0010BDB3F803}",
    "Company": "Microsoft Corporation",
    "Product": "Microsoft® Visual Studio® 2017",
    "ImageLoaded": "C:\\Program Files\\Mozilla Firefox\\vcruntime140.dll",
    "FileVersion": "14.11.25325.0 built by: VCTOOLSREL",
    "Image": "C:\\Program Files\\Mozilla Firefox\\firefox.exe",
    "Signed": "true",
    "Hashes": "MD5=9A53905892D9C9F3BF9D295C8B32E446,SHA256=D58E3FF10FD96A22A8E6D2FD76146A282CC45CCFAF2301257E76E7C2771CBD41",
    "SignatureStatus": "Valid",
    "UtcTime": "2018-03-05 07:35:32.100",
    "Description": "Microsoft® C Runtime Library"
  },
  "level": "정보",
  "provider_guid": "{5770385F-C22A-43E0-BF4C-06F5698FFBD9}",
  "source_name": "Microsoft-Windows-Sysmon",
  "log_name": "Microsoft-Windows-Sysmon/Operational",
  "thread_id": 19220,
  "process_id": 8608,
  "event_id": 7,
  "version": 3,
  "task": "Image loaded (rule: ImageLoad)",
  "beat": {
    "name": "DESKTOP-WJANG",
    "hostname": "DESKTOP-WJANG",
    "version": "6.2.2"
  },
  "opcode": "정보",
  "user": {
    "name": "SYSTEM",
    "domain": "NT AUTHORITY",
    "type": "Well Known Group",
    "identifier": "S-1-5-18"
  },
  "computer_name": "DESKTOP-WJANG",
  "type": "wineventlog"
}
{
  "@timestamp": "2018-03-05T07:35:32.104Z",
  "@metadata": {
    "beat": "winlogbeat",
    "type": "doc",
    "version": "6.2.2"
  },
  "thread_id": 19220,
  "type": "wineventlog",
  "record_number": "924",
  "opcode": "정보",
  "event_data": {
    "Signed": "true",
    "ProcessGuid": "{A376A8F6-F344-5A9C-0000-0010BDB3F803}",
    "Signature": "Microsoft Windows",
    "FileVersion": "10.0.16299.15 (WinBuild.160101.0800)",
    "Hashes": "MD5=2B510D6E4589B91855EF3924A47B812F,SHA256=3E257B257471D6EC7779F35673F45985D944CA94937415FCECFB85C95AF0E5C7",
    "SignatureStatus": "Valid",
    "ProcessId": "25640",
    "UtcTime": "2018-03-05 07:35:32.100",
    "Description": "Base cryptographic API DLL",
    "Product": "Microsoft® Windows® Operating System",
    "ImageLoaded": "C:\\Windows\\System32\\cryptbase.dll",
    "Company": "Microsoft Corporation",
    "Image": "C:\\Program Files\\Mozilla Firefox\\firefox.exe"
  },
  "source_name": "Microsoft-Windows-Sysmon",
  "task": "Image loaded (rule: ImageLoad)",
  "event_id": 7,
  "user": {
    "identifier": "S-1-5-18",
    "name": "SYSTEM",
    "domain": "NT AUTHORITY",
    "type": "Well Known Group"
  },
  "process_id": 8608,
  "provider_guid": "{5770385F-C22A-43E0-BF4C-06F5698FFBD9}",
  "computer_name": "DESKTOP-WJANG",
  "beat": {
    "version": "6.2.2",
    "name": "DESKTOP-WJANG",
    "hostname": "DESKTOP-WJANG"
  },
  "log_name": "Microsoft-Windows-Sysmon/Operational",
  "level": "정보",
  "message": "Image loaded:\nUtcTime: 2018-03-05 07:35:32.100\nProcessGuid: {A376A8F6-F344-5A9C-0000-0010BDB3F803}\nProcessId: 25640\nImage: C:\\Program Files\\Mozilla Firefox\\firefox.exe\nImageLoaded: C:\\Windows\\System32\\cryptbase.dll\nFileVersion: 10.0.16299.15 (WinBuild.160101.0800)\nDescription: Base cryptographic API DLL\nProduct: Microsoft® Windows® Operating System\nCompany: Microsoft Corporation\nHashes: MD5=2B510D6E4589B91855EF3924A47B812F,SHA256=3E257B257471D6EC7779F35673F45985D944CA94937415FCECFB85C95AF0E5C7\nSigned: true\nSignature: Microsoft Windows\nSignatureStatus: Valid",
  "version": 3
}
{
  "@timestamp": "2018-03-05T07:35:32.104Z",
  "@metadata": {
    "beat": "winlogbeat",
    "type": "doc",
    "version": "6.2.2"
  },
  "task": "Image loaded (rule: ImageLoad)",
  "user": {
    "identifier": "S-1-5-18",
    "name": "SYSTEM",
    "domain": "NT AUTHORITY",
    "type": "Well Known Group"
  },
  "log_name": "Microsoft-Windows-Sysmon/Operational",
  "process_id": 8608,
  "computer_name": "DESKTOP-WJANG",
  "source_name": "Microsoft-Windows-Sysmon",
  "provider_guid": "{5770385F-C22A-43E0-BF4C-06F5698FFBD9}",
  "beat": {
    "name": "DESKTOP-WJANG",
    "hostname": "DESKTOP-WJANG",
    "version": "6.2.2"
  },
  "thread_id": 19220,
  "version": 3,
  "message": "Image loaded:\nUtcTime: 2018-03-05 07:35:32.101\nProcessGuid: {A376A8F6-F344-5A9C-0000-0010BDB3F803}\nProcessId: 25640\nImage: C:\\Program Files\\Mozilla Firefox\\firefox.exe\nImageLoaded: C:\\Windows\\System32\\bcryptprimitives.dll\nFileVersion: 10.0.16299.98 (WinBuild.160101.0800)\nDescription: Windows Cryptographic Primitives Library\nProduct: Microsoft® Windows® Operating System\nCompany: Microsoft Corporation\nHashes: MD5=F00DE456857C158E6DF1D65EA829F1CF,SHA256=D27CD21A38724BB4124CD52C654C5C14BEC12755774FA49FE9828A15DB2F4A1B\nSigned: true\nSignature: Microsoft Windows\nSignatureStatus: Valid",
  "event_data": {
    "ProcessGuid": "{A376A8F6-F344-5A9C-0000-0010BDB3F803}",
    "UtcTime": "2018-03-05 07:35:32.101",
    "Company": "Microsoft Corporation",
    "ProcessId": "25640",
    "SignatureStatus": "Valid",
    "Description": "Windows Cryptographic Primitives Library",
    "Hashes": "MD5=F00DE456857C158E6DF1D65EA829F1CF,SHA256=D27CD21A38724BB4124CD52C654C5C14BEC12755774FA49FE9828A15DB2F4A1B",
    "ImageLoaded": "C:\\Windows\\System32\\bcryptprimitives.dll",
    "Product": "Microsoft® Windows® Operating System",
    "Signature": "Microsoft Windows",
    "FileVersion": "10.0.16299.98 (WinBuild.160101.0800)",
    "Signed": "true",
    "Image": "C:\\Program Files\\Mozilla Firefox\\firefox.exe"
  },
  "opcode": "정보",
  "type": "wineventlog",
  "record_number": "925",
  "event_id": 7,
  "level": "정보"
}
{
  "@timestamp": "2018-03-05T07:35:32.105Z",
  "@metadata": {
    "beat": "winlogbeat",
    "type": "doc",
    "version": "6.2.2"
  },
  "event_id": 7,
  "computer_name": "DESKTOP-WJANG",
  "version": 3,
  "type": "wineventlog",
  "record_number": "926",
  "provider_guid": "{5770385F-C22A-43E0-BF4C-06F5698FFBD9}",
  "beat": {
    "hostname": "DESKTOP-WJANG",
    "version": "6.2.2",
    "name": "DESKTOP-WJANG"
  },
  "source_name": "Microsoft-Windows-Sysmon",
  "event_data": {
    "Hashes": "MD5=0370364D4D8846B6CF316ABBB2EDB083,SHA256=6F0FF65C9FB132FBC96AB55AB14D285CFA94B2EB90A24DA6CC72E0FD72C1ABFE",
    "ProcessGuid": "{A376A8F6-F344-5A9C-0000-0010BDB3F803}",
    "Image": "C:\\Program Files\\Mozilla Firefox\\firefox.exe",
    "Product": "Microsoft® Windows® Operating System",
    "SignatureStatus": "Valid",
    "Company": "Microsoft Corporation",
    "Signature": "Microsoft Windows",
    "UtcTime": "2018-03-05 07:35:32.103",
    "ProcessId": "25640",
    "FileVersion": "10.0.16299.15 (WinBuild.160101.0800)",
    "Signed": "true",
    "Description": "다중 사용자 Windows 사용자 API 클라이언트 DLL",
    "ImageLoaded": "C:\\Windows\\System32\\user32.dll"
  },
  "process_id": 8608,
  "thread_id": 19220,
  "user": {
    "identifier": "S-1-5-18",
    "name": "SYSTEM",
    "domain": "NT AUTHORITY",
    "type": "Well Known Group"
  },
  "opcode": "정보",
  "task": "Image loaded (rule: ImageLoad)",
  "log_name": "Microsoft-Windows-Sysmon/Operational",
  "level": "정보",
  "message": "Image loaded:\nUtcTime: 2018-03-05 07:35:32.103\nProcessGuid: {A376A8F6-F344-5A9C-0000-0010BDB3F803}\nProcessId: 25640\nImage: C:\\Program Files\\Mozilla Firefox\\firefox.exe\nImageLoaded: C:\\Windows\\System32\\user32.dll\nFileVersion: 10.0.16299.15 (WinBuild.160101.0800)\nDescription: 다중 사용자 Windows 사용자 API 클라이언트 DLL\nProduct: Microsoft® Windows® Operating System\nCompany: Microsoft Corporation\nHashes: MD5=0370364D4D8846B6CF316ABBB2EDB083,SHA256=6F0FF65C9FB132FBC96AB55AB14D285CFA94B2EB90A24DA6CC72E0FD72C1ABFE\nSigned: true\nSignature: Microsoft Windows\nSignatureStatus: Valid"
}
{
  "@timestamp": "2018-03-05T07:35:32.105Z",
  "@metadata": {
    "beat": "winlogbeat",
    "type": "doc",
    "version": "6.2.2"
  },
  "source_name": "Microsoft-Windows-Sysmon",
  "computer_name": "DESKTOP-WJANG",
  "level": "정보",
  "message": "Image loaded:\nUtcTime: 2018-03-05 07:35:32.103\nProcessGuid: {A376A8F6-F344-5A9C-0000-0010BDB3F803}\nProcessId: 25640\nImage: C:\\Program Files\\Mozilla Firefox\\firefox.exe\nImageLoaded: C:\\Windows\\System32\\win32u.dll\nFileVersion: 10.0.16299.15 (WinBuild.160101.0800)\nDescription: Win32u\nProduct: Microsoft® Windows® Operating System\nCompany: Microsoft Corporation\nHashes: MD5=7FCE8457AF762D8800BF026124A9C995,SHA256=89BDA3318E23EE3DF7BA6690EC41DB5137483F1E731B39C0FA380A42460A0250\nSigned: true\nSignature: Microsoft Windows\nSignatureStatus: Valid",
  "beat": {
    "hostname": "DESKTOP-WJANG",
    "version": "6.2.2",
    "name": "DESKTOP-WJANG"
  },
  "type": "wineventlog",
  "log_name": "Microsoft-Windows-Sysmon/Operational",
  "opcode": "정보",
  "event_id": 7,
  "event_data": {
    "Product": "Microsoft® Windows® Operating System",
    "Image": "C:\\Program Files\\Mozilla Firefox\\firefox.exe",
    "SignatureStatus": "Valid",
    "FileVersion": "10.0.16299.15 (WinBuild.160101.0800)",
    "Company": "Microsoft Corporation",
    "ProcessGuid": "{A376A8F6-F344-5A9C-0000-0010BDB3F803}",
    "ProcessId": "25640",
    "Description": "Win32u",
    "Hashes": "MD5=7FCE8457AF762D8800BF026124A9C995,SHA256=89BDA3318E23EE3DF7BA6690EC41DB5137483F1E731B39C0FA380A42460A0250",
    "Signed": "true",
    "Signature": "Microsoft Windows",
    "UtcTime": "2018-03-05 07:35:32.103",
    "ImageLoaded": "C:\\Windows\\System32\\win32u.dll"
  },
  "task": "Image loaded (rule: ImageLoad)",
  "version": 3,
  "user": {
    "type": "Well Known Group",
    "identifier": "S-1-5-18",
    "name": "SYSTEM",
    "domain": "NT AUTHORITY"
  },
  "provider_guid": "{5770385F-C22A-43E0-BF4C-06F5698FFBD9}",
  "thread_id": 19220,
  "process_id": 8608,
  "record_number": "927"
}
{
  "@timestamp": "2018-03-05T07:35:32.105Z",
  "@metadata": {
    "beat": "winlogbeat",
    "type": "doc",
    "version": "6.2.2"
  },
  "beat": {
    "name": "DESKTOP-WJANG",
    "hostname": "DESKTOP-WJANG",
    "version": "6.2.2"
  },
  "message": "Image loaded:\nUtcTime: 2018-03-05 07:35:32.104\nProcessGuid: {A376A8F6-F344-5A9C-0000-0010BDB3F803}\nProcessId: 25640\nImage: C:\\Program Files\\Mozilla Firefox\\firefox.exe\nImageLoaded: C:\\Windows\\System32\\gdi32.dll\nFileVersion: 10.0.16299.15 (WinBuild.160101.0800)\nDescription: GDI Client DLL\nProduct: Microsoft® Windows® Operating System\nCompany: Microsoft Corporation\nHashes: MD5=C7D7C3A6B1F146CE08CBCB854FDB4BF6,SHA256=B76F8A431C6415890CE97E375485BB2D3DC8398704B338A19FD83C249EFBC554\nSigned: true\nSignature: Microsoft Windows\nSignatureStatus: Valid",
  "source_name": "Microsoft-Windows-Sysmon",
  "level": "정보",
  "process_id": 8608,
  "user": {
    "identifier": "S-1-5-18",
    "name": "SYSTEM",
    "domain": "NT AUTHORITY",
    "type": "Well Known Group"
  },
  "version": 3,
  "log_name": "Microsoft-Windows-Sysmon/Operational",
  "thread_id": 19220,
  "type": "wineventlog",
  "opcode": "정보",
  "computer_name": "DESKTOP-WJANG",
  "event_id": 7,
  "event_data": {
    "Description": "GDI Client DLL",
    "ProcessId": "25640",
    "Signed": "true",
    "Company": "Microsoft Corporation",
    "Product": "Microsoft® Windows® Operating System",
    "ImageLoaded": "C:\\Windows\\System32\\gdi32.dll",
    "ProcessGuid": "{A376A8F6-F344-5A9C-0000-0010BDB3F803}",
    "Hashes": "MD5=C7D7C3A6B1F146CE08CBCB854FDB4BF6,SHA256=B76F8A431C6415890CE97E375485BB2D3DC8398704B338A19FD83C249EFBC554",
    "UtcTime": "2018-03-05 07:35:32.104",
    "Image": "C:\\Program Files\\Mozilla Firefox\\firefox.exe",
    "Signature": "Microsoft Windows",
    "SignatureStatus": "Valid",
    "FileVersion": "10.0.16299.15 (WinBuild.160101.0800)"
  },
  "provider_guid": "{5770385F-C22A-43E0-BF4C-06F5698FFBD9}",
  "task": "Image loaded (rule: ImageLoad)",
  "record_number": "928"
}
{
  "@timestamp": "2018-03-05T07:35:32.105Z",
  "@metadata": {
    "beat": "winlogbeat",
    "type": "doc",
    "version": "6.2.2"
  },
  "level": "정보",
  "computer_name": "DESKTOP-WJANG",
  "opcode": "정보",
  "event_id": 7,
  "source_name": "Microsoft-Windows-Sysmon",
  "type": "wineventlog",
  "record_number": "929",
  "user": {
    "type": "Well Known Group",
    "identifier": "S-1-5-18",
    "name": "SYSTEM",
    "domain": "NT AUTHORITY"
  },
  "log_name": "Microsoft-Windows-Sysmon/Operational",
  "message": "Image loaded:\nUtcTime: 2018-03-05 07:35:32.104\nProcessGuid: {A376A8F6-F344-5A9C-0000-0010BDB3F803}\nProcessId: 25640\nImage: C:\\Program Files\\Mozilla Firefox\\firefox.exe\nImageLoaded: C:\\Windows\\System32\\gdi32full.dll\nFileVersion: 10.0.16299.98 (WinBuild.160101.0800)\nDescription: GDI Client DLL\nProduct: Microsoft® Windows® Operating System\nCompany: Microsoft Corporation\nHashes: MD5=E3F90579DF3BB1348A158645508F7645,SHA256=5F97027117657DAF3E268871C338F495D238A4F248E3327EAC5EA08F9E929701\nSigned: true\nSignature: Microsoft Windows\nSignatureStatus: Valid",
  "event_data": {
    "Company": "Microsoft Corporation",
    "Product": "Microsoft® Windows® Operating System",
    "ImageLoaded": "C:\\Windows\\System32\\gdi32full.dll",
    "ProcessGuid": "{A376A8F6-F344-5A9C-0000-0010BDB3F803}",
    "Signed": "true",
    "SignatureStatus": "Valid",
    "Signature": "Microsoft Windows",
    "UtcTime": "2018-03-05 07:35:32.104",
    "ProcessId": "25640",
    "Hashes": "MD5=E3F90579DF3BB1348A158645508F7645,SHA256=5F97027117657DAF3E268871C338F495D238A4F248E3327EAC5EA08F9E929701",
    "Image": "C:\\Program Files\\Mozilla Firefox\\firefox.exe",
    "FileVersion": "10.0.16299.98 (WinBuild.160101.0800)",
    "Description": "GDI Client DLL"
  },
  "provider_guid": "{5770385F-C22A-43E0-BF4C-06F5698FFBD9}",
  "version": 3,
  "task": "Image loaded (rule: ImageLoad)",
  "thread_id": 19220,
  "process_id": 8608,
  "beat": {
    "name": "DESKTOP-WJANG",
    "hostname": "DESKTOP-WJANG",
    "version": "6.2.2"
  }
}
{
  "@timestamp": "2018-03-05T07:35:32.106Z",
  "@metadata": {
    "beat": "winlogbeat",
    "type": "doc",
    "version": "6.2.2"
  },
  "source_name": "Microsoft-Windows-Sysmon",
  "beat": {
    "hostname": "DESKTOP-WJANG",
    "version": "6.2.2",
    "name": "DESKTOP-WJANG"
  },
  "process_id": 8608,
  "provider_guid": "{5770385F-C22A-43E0-BF4C-06F5698FFBD9}",
  "event_id": 7,
  "message": "Image loaded:\nUtcTime: 2018-03-05 07:35:32.104\nProcessGuid: {A376A8F6-F344-5A9C-0000-0010BDB3F803}\nProcessId: 25640\nImage: C:\\Program Files\\Mozilla Firefox\\firefox.exe\nImageLoaded: C:\\Windows\\System32\\msvcp_win.dll\nFileVersion: 10.0.16299.248 (WinBuild.160101.0800)\nDescription: Microsoft® C Runtime Library\nProduct: Microsoft® Windows® Operating System\nCompany: Microsoft Corporation\nHashes: MD5=05DE94BD02BC823FAF29850799626758,SHA256=0915426F34077201AB2BB4FFE7F2E500BDEBB8B88B9DBA1FD5CAA96D8DB7D9E1\nSigned: true\nSignature: Microsoft Windows\nSignatureStatus: Valid",
  "record_number": "930",
  "level": "정보",
  "event_data": {
    "Product": "Microsoft® Windows® Operating System",
    "Hashes": "MD5=05DE94BD02BC823FAF29850799626758,SHA256=0915426F34077201AB2BB4FFE7F2E500BDEBB8B88B9DBA1FD5CAA96D8DB7D9E1",
    "Image": "C:\\Program Files\\Mozilla Firefox\\firefox.exe",
    "UtcTime": "2018-03-05 07:35:32.104",
    "Signed": "true",
    "ProcessGuid": "{A376A8F6-F344-5A9C-0000-0010BDB3F803}",
    "Company": "Microsoft Corporation",
    "ProcessId": "25640",
    "ImageLoaded": "C:\\Windows\\System32\\msvcp_win.dll",
    "Description": "Microsoft® C Runtime Library",
    "Signature": "Microsoft Windows",
    "FileVersion": "10.0.16299.248 (WinBuild.160101.0800)",
    "SignatureStatus": "Valid"
  },
  "thread_id": 19220,
  "log_name": "Microsoft-Windows-Sysmon/Operational",
  "computer_name": "DESKTOP-WJANG",
  "user": {
    "identifier": "S-1-5-18",
    "name": "SYSTEM",
    "domain": "NT AUTHORITY",
    "type": "Well Known Group"
  },
  "version": 3,
  "opcode": "정보",
  "task": "Image loaded (rule: ImageLoad)",
  "type": "wineventlog"
}
{
  "@timestamp": "2018-03-05T07:35:32.106Z",
  "@metadata": {
    "beat": "winlogbeat",
    "type": "doc",
    "version": "6.2.2"
  },
  "version": 3,
  "event_data": {
    "ProcessGuid": "{A376A8F6-F344-5A9C-0000-0010BDB3F803}",
    "UtcTime": "2018-03-05 07:35:32.105",
    "Signed": "true",
    "Signature": "Microsoft Windows",
    "Hashes": "MD5=CD53E525FED778CD6F8FD6364379D5DD,SHA256=7A1CDF1937AFD11D1E1432361CEF924D9B2BBAC275048D3BEB119027F6991A41",
    "Product": "Microsoft® Windows® Operating System",
    "ProcessId": "25640",
    "ImageLoaded": "C:\\Windows\\System32\\imm32.dll",
    "Company": "Microsoft Corporation",
    "SignatureStatus": "Valid",
    "Description": "Multi-User Windows IMM32 API Client DLL",
    "Image": "C:\\Program Files\\Mozilla Firefox\\firefox.exe",
    "FileVersion": "10.0.16299.15 (WinBuild.160101.0800)"
  },
  "log_name": "Microsoft-Windows-Sysmon/Operational",
  "process_id": 8608,
  "record_number": "931",
  "computer_name": "DESKTOP-WJANG",
  "beat": {
    "name": "DESKTOP-WJANG",
    "hostname": "DESKTOP-WJANG",
    "version": "6.2.2"
  },
  "source_name": "Microsoft-Windows-Sysmon",
  "message": "Image loaded:\nUtcTime: 2018-03-05 07:35:32.105\nProcessGuid: {A376A8F6-F344-5A9C-0000-0010BDB3F803}\nProcessId: 25640\nImage: C:\\Program Files\\Mozilla Firefox\\firefox.exe\nImageLoaded: C:\\Windows\\System32\\imm32.dll\nFileVersion: 10.0.16299.15 (WinBuild.160101.0800)\nDescription: Multi-User Windows IMM32 API Client DLL\nProduct: Microsoft® Windows® Operating System\nCompany: Microsoft Corporation\nHashes: MD5=CD53E525FED778CD6F8FD6364379D5DD,SHA256=7A1CDF1937AFD11D1E1432361CEF924D9B2BBAC275048D3BEB119027F6991A41\nSigned: true\nSignature: Microsoft Windows\nSignatureStatus: Valid",
  "type": "wineventlog",
  "task": "Image loaded (rule: ImageLoad)",
  "level": "정보",
  "user": {
    "type": "Well Known Group",
    "identifier": "S-1-5-18",
    "name": "SYSTEM",
    "domain": "NT AUTHORITY"
  },
  "provider_guid": "{5770385F-C22A-43E0-BF4C-06F5698FFBD9}",
  "thread_id": 19220,
  "opcode": "정보",
  "event_id": 7
}
{
  "@timestamp": "2018-03-05T07:35:32.107Z",
  "@metadata": {
    "beat": "winlogbeat",
    "type": "doc",
    "version": "6.2.2"
  },
  "user": {
    "identifier": "S-1-5-18",
    "name": "SYSTEM",
    "domain": "NT AUTHORITY",
    "type": "Well Known Group"
  },
  "log_name": "Microsoft-Windows-Sysmon/Operational",
  "level": "정보",
  "task": "Image loaded (rule: ImageLoad)",
  "process_id": 8608,
  "thread_id": 19220,
  "computer_name": "DESKTOP-WJANG",
  "version": 3,
  "beat": {
    "name": "DESKTOP-WJANG",
    "hostname": "DESKTOP-WJANG",
    "version": "6.2.2"
  },
  "event_id": 7,
  "event_data": {
    "ImageLoaded": "C:\\Windows\\System32\\combase.dll",
    "Signed": "true",
    "SignatureStatus": "Valid",
    "UtcTime": "2018-03-05 07:35:32.106",
    "ProcessId": "25640",
    "Hashes": "MD5=C83A09FCB5284D6E9C465EBC2B50719F,SHA256=F198107424AA4EF7DADF0C3F7D896712CB7157BCFA858142EF0A47D6921AC658",
    "Product": "Microsoft® Windows® Operating System",
    "Description": "Windows용 Microsoft COM",
    "Company": "Microsoft Corporation",
    "Signature": "Microsoft Windows",
    "FileVersion": "10.0.16299.15 (WinBuild.160101.0800)",
    "ProcessGuid": "{A376A8F6-F344-5A9C-0000-0010BDB3F803}",
    "Image": "C:\\Program Files\\Mozilla Firefox\\firefox.exe"
  },
  "opcode": "정보",
  "type": "wineventlog",
  "message": "Image loaded:\nUtcTime: 2018-03-05 07:35:32.106\nProcessGuid: {A376A8F6-F344-5A9C-0000-0010BDB3F803}\nProcessId: 25640\nImage: C:\\Program Files\\Mozilla Firefox\\firefox.exe\nImageLoaded: C:\\Windows\\System32\\combase.dll\nFileVersion: 10.0.16299.15 (WinBuild.160101.0800)\nDescription: Windows용 Microsoft COM\nProduct: Microsoft® Windows® Operating System\nCompany: Microsoft Corporation\nHashes: MD5=C83A09FCB5284D6E9C465EBC2B50719F,SHA256=F198107424AA4EF7DADF0C3F7D896712CB7157BCFA858142EF0A47D6921AC658\nSigned: true\nSignature: Microsoft Windows\nSignatureStatus: Valid",
  "record_number": "932",
  "provider_guid": "{5770385F-C22A-43E0-BF4C-06F5698FFBD9}",
  "source_name": "Microsoft-Windows-Sysmon"
}
{
  "@timestamp": "2018-03-05T07:35:32.112Z",
  "@metadata": {
    "beat": "winlogbeat",
    "type": "doc",
    "version": "6.2.2"
  },
  "version": 3,
  "beat": {
    "name": "DESKTOP-WJANG",
    "hostname": "DESKTOP-WJANG",
    "version": "6.2.2"
  },
  "event_data": {
    "SignatureStatus": "Valid",
    "Image": "C:\\Program Files\\Mozilla Firefox\\firefox.exe",
    "FileVersion": "10.0.16299.15 (WinBuild.160101.0800)",
    "Company": "Microsoft Corporation",
    "Hashes": "MD5=F576FD38085005B4AB2FF1DACD293C48,SHA256=6E794D0FAD29CC5BDD5D0511FD923D3434ED122CFF0ED697903900C93C807582",
    "ImageLoaded": "C:\\Program Files\\Mozilla Firefox\\api-ms-win-crt-runtime-l1-1-0.dll",
    "Signature": "Microsoft Corporation",
    "Signed": "true",
    "Description": "ApiSet Stub DLL",
    "UtcTime": "2018-03-05 07:35:32.111",
    "ProcessGuid": "{A376A8F6-F344-5A9C-0000-0010BDB3F803}",
    "ProcessId": "25640",
    "Product": "Microsoft® Windows® Operating System"
  },
  "provider_guid": "{5770385F-C22A-43E0-BF4C-06F5698FFBD9}",
  "record_number": "933",
  "type": "wineventlog",
  "message": "Image loaded:\nUtcTime: 2018-03-05 07:35:32.111\nProcessGuid: {A376A8F6-F344-5A9C-0000-0010BDB3F803}\nProcessId: 25640\nImage: C:\\Program Files\\Mozilla Firefox\\firefox.exe\nImageLoaded: C:\\Program Files\\Mozilla Firefox\\api-ms-win-crt-runtime-l1-1-0.dll\nFileVersion: 10.0.16299.15 (WinBuild.160101.0800)\nDescription: ApiSet Stub DLL\nProduct: Microsoft® Windows® Operating System\nCompany: Microsoft Corporation\nHashes: MD5=F576FD38085005B4AB2FF1DACD293C48,SHA256=6E794D0FAD29CC5BDD5D0511FD923D3434ED122CFF0ED697903900C93C807582\nSigned: true\nSignature: Microsoft Corporation\nSignatureStatus: Valid",
  "computer_name": "DESKTOP-WJANG",
  "user": {
    "name": "SYSTEM",
    "domain": "NT AUTHORITY",
    "type": "Well Known Group",
    "identifier": "S-1-5-18"
  },
  "task": "Image loaded (rule: ImageLoad)",
  "process_id": 8608,
  "event_id": 7,
  "level": "정보",
  "opcode": "정보",
  "log_name": "Microsoft-Windows-Sysmon/Operational",
  "source_name": "Microsoft-Windows-Sysmon",
  "thread_id": 19220
}
{
  "@timestamp": "2018-03-05T07:35:32.113Z",
  "@metadata": {
    "beat": "winlogbeat",
    "type": "doc",
    "version": "6.2.2"
  },
  "user": {
    "type": "Well Known Group",
    "identifier": "S-1-5-18",
    "name": "SYSTEM",
    "domain": "NT AUTHORITY"
  },
  "source_name": "Microsoft-Windows-Sysmon",
  "level": "정보",
  "message": "Image loaded:\nUtcTime: 2018-03-05 07:35:32.112\nProcessGuid: {A376A8F6-F344-5A9C-0000-0010BDB3F803}\nProcessId: 25640\nImage: C:\\Program Files\\Mozilla Firefox\\firefox.exe\nImageLoaded: C:\\Program Files\\Mozilla Firefox\\api-ms-win-crt-runtime-l1-1-0.dll\nFileVersion: 10.0.16299.15 (WinBuild.160101.0800)\nDescription: ApiSet Stub DLL\nProduct: Microsoft® Windows® Operating System\nCompany: Microsoft Corporation\nHashes: MD5=F576FD38085005B4AB2FF1DACD293C48,SHA256=6E794D0FAD29CC5BDD5D0511FD923D3434ED122CFF0ED697903900C93C807582\nSigned: true\nSignature: Microsoft Corporation\nSignatureStatus: Valid",
  "computer_name": "DESKTOP-WJANG",
  "opcode": "정보",
  "thread_id": 19220,
  "type": "wineventlog",
  "event_id": 7,
  "provider_guid": "{5770385F-C22A-43E0-BF4C-06F5698FFBD9}",
  "task": "Image loaded (rule: ImageLoad)",
  "process_id": 8608,
  "version": 3,
  "beat": {
    "name": "DESKTOP-WJANG",
    "hostname": "DESKTOP-WJANG",
    "version": "6.2.2"
  },
  "log_name": "Microsoft-Windows-Sysmon/Operational",
  "event_data": {
    "ProcessId": "25640",
    "Company": "Microsoft Corporation",
    "FileVersion": "10.0.16299.15 (WinBuild.160101.0800)",
    "Signature": "Microsoft Corporation",
    "SignatureStatus": "Valid",
    "Signed": "true",
    "ImageLoaded": "C:\\Program Files\\Mozilla Firefox\\api-ms-win-crt-runtime-l1-1-0.dll",
    "Image": "C:\\Program Files\\Mozilla Firefox\\firefox.exe",
    "Description": "ApiSet Stub DLL",
    "Product": "Microsoft® Windows® Operating System",
    "Hashes": "MD5=F576FD38085005B4AB2FF1DACD293C48,SHA256=6E794D0FAD29CC5BDD5D0511FD923D3434ED122CFF0ED697903900C93C807582",
    "UtcTime": "2018-03-05 07:35:32.112",
    "ProcessGuid": "{A376A8F6-F344-5A9C-0000-0010BDB3F803}"
  },
  "record_number": "934"
}
{
  "@timestamp": "2018-03-05T07:35:32.113Z",
  "@metadata": {
    "beat": "winlogbeat",
    "type": "doc",
    "version": "6.2.2"
  },
  "computer_name": "DESKTOP-WJANG",
  "message": "Image loaded:\nUtcTime: 2018-03-05 07:35:32.112\nProcessGuid: {A376A8F6-F344-5A9C-0000-0010BDB3F803}\nProcessId: 25640\nImage: C:\\Program Files\\Mozilla Firefox\\firefox.exe\nImageLoaded: C:\\Program Files\\Mozilla Firefox\\api-ms-win-crt-string-l1-1-0.dll\nFileVersion: 10.0.16299.15 (WinBuild.160101.0800)\nDescription: ApiSet Stub DLL\nProduct: Microsoft® Windows® Operating System\nCompany: Microsoft Corporation\nHashes: MD5=E730CD977AC7F60F0824775E39C8FD2C,SHA256=63DE06332E8FF15A5BFF699E70ED2537A9D273BA62463FA16265D261F3C5BB31\nSigned: true\nSignature: Microsoft Corporation\nSignatureStatus: Valid",
  "record_number": "935",
  "event_id": 7,
  "opcode": "정보",
  "task": "Image loaded (rule: ImageLoad)",
  "thread_id": 19220,
  "provider_guid": "{5770385F-C22A-43E0-BF4C-06F5698FFBD9}",
  "process_id": 8608,
  "version": 3,
  "user": {
    "type": "Well Known Group",
    "identifier": "S-1-5-18",
    "name": "SYSTEM",
    "domain": "NT AUTHORITY"
  },
  "level": "정보",
  "log_name": "Microsoft-Windows-Sysmon/Operational",
  "event_data": {
    "ImageLoaded": "C:\\Program Files\\Mozilla Firefox\\api-ms-win-crt-string-l1-1-0.dll",
    "ProcessGuid": "{A376A8F6-F344-5A9C-0000-0010BDB3F803}",
    "Product": "Microsoft® Windows® Operating System",
    "Description": "ApiSet Stub DLL",
    "Signed": "true",
    "SignatureStatus": "Valid",
    "Company": "Microsoft Corporation",
    "ProcessId": "25640",
    "FileVersion": "10.0.16299.15 (WinBuild.160101.0800)",
    "Hashes": "MD5=E730CD977AC7F60F0824775E39C8FD2C,SHA256=63DE06332E8FF15A5BFF699E70ED2537A9D273BA62463FA16265D261F3C5BB31",
    "Image": "C:\\Program Files\\Mozilla Firefox\\firefox.exe",
    "Signature": "Microsoft Corporation",
    "UtcTime": "2018-03-05 07:35:32.112"
  },
  "type": "wineventlog",
  "source_name": "Microsoft-Windows-Sysmon",
  "beat": {
    "name": "DESKTOP-WJANG",
    "hostname": "DESKTOP-WJANG",
    "version": "6.2.2"
  }
}
{
  "@timestamp": "2018-03-05T07:35:32.114Z",
  "@metadata": {
    "beat": "winlogbeat",
    "type": "doc",
    "version": "6.2.2"
  },
  "source_name": "Microsoft-Windows-Sysmon",
  "opcode": "정보",
  "version": 3,
  "provider_guid": "{5770385F-C22A-43E0-BF4C-06F5698FFBD9}",
  "message": "Image loaded:\nUtcTime: 2018-03-05 07:35:32.113\nProcessGuid: {A376A8F6-F344-5A9C-0000-0010BDB3F803}\nProcessId: 25640\nImage: C:\\Program Files\\Mozilla Firefox\\firefox.exe\nImageLoaded: C:\\Program Files\\Mozilla Firefox\\api-ms-win-crt-string-l1-1-0.dll\nFileVersion: 10.0.16299.15 (WinBuild.160101.0800)\nDescription: ApiSet Stub DLL\nProduct: Microsoft® Windows® Operating System\nCompany: Microsoft Corporation\nHashes: MD5=E730CD977AC7F60F0824775E39C8FD2C,SHA256=63DE06332E8FF15A5BFF699E70ED2537A9D273BA62463FA16265D261F3C5BB31\nSigned: true\nSignature: Microsoft Corporation\nSignatureStatus: Valid",
  "level": "정보",
  "process_id": 8608,
  "event_id": 7,
  "beat": {
    "name": "DESKTOP-WJANG",
    "hostname": "DESKTOP-WJANG",
    "version": "6.2.2"
  },
  "record_number": "936",
  "event_data": {
    "Hashes": "MD5=E730CD977AC7F60F0824775E39C8FD2C,SHA256=63DE06332E8FF15A5BFF699E70ED2537A9D273BA62463FA16265D261F3C5BB31",
    "ImageLoaded": "C:\\Program Files\\Mozilla Firefox\\api-ms-win-crt-string-l1-1-0.dll",
    "ProcessGuid": "{A376A8F6-F344-5A9C-0000-0010BDB3F803}",
    "Description": "ApiSet Stub DLL",
    "Product": "Microsoft® Windows® Operating System",
    "Image": "C:\\Program Files\\Mozilla Firefox\\firefox.exe",
    "Signed": "true",
    "SignatureStatus": "Valid",
    "Signature": "Microsoft Corporation",
    "Company": "Microsoft Corporation",
    "FileVersion": "10.0.16299.15 (WinBuild.160101.0800)",
    "ProcessId": "25640",
    "UtcTime": "2018-03-05 07:35:32.113"
  },
  "thread_id": 19220,
  "log_name": "Microsoft-Windows-Sysmon/Operational",
  "computer_name": "DESKTOP-WJANG",
  "user": {
    "identifier": "S-1-5-18",
    "name": "SYSTEM",
    "domain": "NT AUTHORITY",
    "type": "Well Known Group"
  },
  "task": "Image loaded (rule: ImageLoad)",
  "type": "wineventlog"
}
{
  "@timestamp": "2018-03-05T07:35:32.115Z",
  "@metadata": {
    "beat": "winlogbeat",
    "type": "doc",
    "version": "6.2.2"
  },
  "thread_id": 19220,
  "record_number": "937",
  "user": {
    "name": "SYSTEM",
    "domain": "NT AUTHORITY",
    "type": "Well Known Group",
    "identifier": "S-1-5-18"
  },
  "source_name": "Microsoft-Windows-Sysmon",
  "computer_name": "DESKTOP-WJANG",
  "version": 3,
  "process_id": 8608,
  "task": "Image loaded (rule: ImageLoad)",
  "type": "wineventlog",
  "event_data": {
    "Image": "C:\\Program Files\\Mozilla Firefox\\firefox.exe",
    "ImageLoaded": "C:\\Program Files\\Mozilla Firefox\\api-ms-win-crt-heap-l1-1-0.dll",
    "SignatureStatus": "Valid",
    "Description": "ApiSet Stub DLL",
    "UtcTime": "2018-03-05 07:35:32.114",
    "Product": "Microsoft® Windows® Operating System",
    "ProcessId": "25640",
    "Hashes": "MD5=28579CA40C9E19CC6DC23DFB8B6871CD,SHA256=A57D8275C34C1094F6A4535E23C7BEE4759532E08776FF84C5FE487C0F925EB4",
    "Signed": "true",
    "FileVersion": "10.0.16299.15 (WinBuild.160101.0800)",
    "Signature": "Microsoft Corporation",
    "ProcessGuid": "{A376A8F6-F344-5A9C-0000-0010BDB3F803}",
    "Company": "Microsoft Corporation"
  },
  "log_name": "Microsoft-Windows-Sysmon/Operational",
  "beat": {
    "version": "6.2.2",
    "name": "DESKTOP-WJANG",
    "hostname": "DESKTOP-WJANG"
  },
  "message": "Image loaded:\nUtcTime: 2018-03-05 07:35:32.114\nProcessGuid: {A376A8F6-F344-5A9C-0000-0010BDB3F803}\nProcessId: 25640\nImage: C:\\Program Files\\Mozilla Firefox\\firefox.exe\nImageLoaded: C:\\Program Files\\Mozilla Firefox\\api-ms-win-crt-heap-l1-1-0.dll\nFileVersion: 10.0.16299.15 (WinBuild.160101.0800)\nDescription: ApiSet Stub DLL\nProduct: Microsoft® Windows® Operating System\nCompany: Microsoft Corporation\nHashes: MD5=28579CA40C9E19CC6DC23DFB8B6871CD,SHA256=A57D8275C34C1094F6A4535E23C7BEE4759532E08776FF84C5FE487C0F925EB4\nSigned: true\nSignature: Microsoft Corporation\nSignatureStatus: Valid",
  "opcode": "정보",
  "provider_guid": "{5770385F-C22A-43E0-BF4C-06F5698FFBD9}",
  "level": "정보",
  "event_id": 7
}
{
  "@timestamp": "2018-03-05T07:35:32.115Z",
  "@metadata": {
    "beat": "winlogbeat",
    "type": "doc",
    "version": "6.2.2"
  },
  "thread_id": 19220,
  "level": "정보",
  "computer_name": "DESKTOP-WJANG",
  "task": "Image loaded (rule: ImageLoad)",
  "log_name": "Microsoft-Windows-Sysmon/Operational",
  "provider_guid": "{5770385F-C22A-43E0-BF4C-06F5698FFBD9}",
  "source_name": "Microsoft-Windows-Sysmon",
  "event_data": {
    "Product": "Microsoft® Windows® Operating System",
    "Company": "Microsoft Corporation",
    "Signed": "true",
    "FileVersion": "10.0.16299.15 (WinBuild.160101.0800)",
    "ProcessGuid": "{A376A8F6-F344-5A9C-0000-0010BDB3F803}",
    "Description": "ApiSet Stub DLL",
    "Hashes": "MD5=28579CA40C9E19CC6DC23DFB8B6871CD,SHA256=A57D8275C34C1094F6A4535E23C7BEE4759532E08776FF84C5FE487C0F925EB4",
    "UtcTime": "2018-03-05 07:35:32.114",
    "Image": "C:\\Program Files\\Mozilla Firefox\\firefox.exe",
    "ProcessId": "25640",
    "ImageLoaded": "C:\\Program Files\\Mozilla Firefox\\api-ms-win-crt-heap-l1-1-0.dll",
    "SignatureStatus": "Valid",
    "Signature": "Microsoft Corporation"
  },
  "message": "Image loaded:\nUtcTime: 2018-03-05 07:35:32.114\nProcessGuid: {A376A8F6-F344-5A9C-0000-0010BDB3F803}\nProcessId: 25640\nImage: C:\\Program Files\\Mozilla Firefox\\firefox.exe\nImageLoaded: C:\\Program Files\\Mozilla Firefox\\api-ms-win-crt-heap-l1-1-0.dll\nFileVersion: 10.0.16299.15 (WinBuild.160101.0800)\nDescription: ApiSet Stub DLL\nProduct: Microsoft® Windows® Operating System\nCompany: Microsoft Corporation\nHashes: MD5=28579CA40C9E19CC6DC23DFB8B6871CD,SHA256=A57D8275C34C1094F6A4535E23C7BEE4759532E08776FF84C5FE487C0F925EB4\nSigned: true\nSignature: Microsoft Corporation\nSignatureStatus: Valid",
  "process_id": 8608,
  "version": 3,
  "beat": {
    "name": "DESKTOP-WJANG",
    "hostname": "DESKTOP-WJANG",
    "version": "6.2.2"
  },
  "record_number": "938",
  "user": {
    "type": "Well Known Group",
    "identifier": "S-1-5-18",
    "name": "SYSTEM",
    "domain": "NT AUTHORITY"
  },
  "type": "wineventlog",
  "event_id": 7,
  "opcode": "정보"
}
{
  "@timestamp": "2018-03-05T07:35:32.116Z",
  "@metadata": {
    "beat": "winlogbeat",
    "type": "doc",
    "version": "6.2.2"
  },
  "version": 3,
  "opcode": "정보",
  "log_name": "Microsoft-Windows-Sysmon/Operational",
  "record_number": "939",
  "event_data": {
    "UtcTime": "2018-03-05 07:35:32.115",
    "Description": "ApiSet Stub DLL",
    "ProcessGuid": "{A376A8F6-F344-5A9C-0000-0010BDB3F803}",
    "Signed": "true",
    "ImageLoaded": "C:\\Program Files\\Mozilla Firefox\\api-ms-win-crt-stdio-l1-1-0.dll",
    "Company": "Microsoft Corporation",
    "Product": "Microsoft® Windows® Operating System",
    "FileVersion": "10.0.16299.15 (WinBuild.160101.0800)",
    "ProcessId": "25640",
    "Hashes": "MD5=1CEC55E31418A818093C73E96BD41973,SHA256=513BB1DD16BE7491CED8FA2494B604257285F76062525685C2991391D0C048C3",
    "Signature": "Microsoft Corporation",
    "SignatureStatus": "Valid",
    "Image": "C:\\Program Files\\Mozilla Firefox\\firefox.exe"
  },
  "type": "wineventlog",
  "level": "정보",
  "thread_id": 19220,
  "task": "Image loaded (rule: ImageLoad)",
  "event_id": 7,
  "provider_guid": "{5770385F-C22A-43E0-BF4C-06F5698FFBD9}",
  "process_id": 8608,
  "computer_name": "DESKTOP-WJANG",
  "message": "Image loaded:\nUtcTime: 2018-03-05 07:35:32.115\nProcessGuid: {A376A8F6-F344-5A9C-0000-0010BDB3F803}\nProcessId: 25640\nImage: C:\\Program Files\\Mozilla Firefox\\firefox.exe\nImageLoaded: C:\\Program Files\\Mozilla Firefox\\api-ms-win-crt-stdio-l1-1-0.dll\nFileVersion: 10.0.16299.15 (WinBuild.160101.0800)\nDescription: ApiSet Stub DLL\nProduct: Microsoft® Windows® Operating System\nCompany: Microsoft Corporation\nHashes: MD5=1CEC55E31418A818093C73E96BD41973,SHA256=513BB1DD16BE7491CED8FA2494B604257285F76062525685C2991391D0C048C3\nSigned: true\nSignature: Microsoft Corporation\nSignatureStatus: Valid",
  "source_name": "Microsoft-Windows-Sysmon",
  "user": {
    "type": "Well Known Group",
    "identifier": "S-1-5-18",
    "name": "SYSTEM",
    "domain": "NT AUTHORITY"
  },
  "beat": {
    "hostname": "DESKTOP-WJANG",
    "version": "6.2.2",
    "name": "DESKTOP-WJANG"
  }
}
