{
  "@timestamp": "2018-03-05T07:32:38.096Z",
  "@metadata": {
    "beat": "winlogbeat",
    "type": "doc",
    "version": "6.2.2"
  },
  "user": {
    "domain": "NT AUTHORITY",
    "type": "Well Known Group",
    "identifier": "S-1-5-18",
    "name": "SYSTEM"
  },
  "beat": {
    "name": "DESKTOP-WJANG",
    "hostname": "DESKTOP-WJANG",
    "version": "6.2.2"
  },
  "event_id": 7,
  "task": "Image loaded (rule: ImageLoad)",
  "record_number": "275",
  "message": "Image loaded:\nUtcTime: 2018-03-05 07:32:37.942\nProcessGuid: {A376A8F6-F294-5A9C-0000-001052E48503}\nProcessId: 17704\nImage: C:\\Program Files\\Mozilla Firefox\\firefox.exe\nImageLoaded: C:\\Windows\\System32\\hid.dll\nFileVersion: 10.0.16299.15 (WinBuild.160101.0800)\nDescription: HID 사용자 라이브러리\nProduct: Microsoft® Windows® Operating System\nCompany: Microsoft Corporation\nHashes: MD5=030D331A80802B7E95E5C52B8B1AC3E0,SHA256=E2FA22DC530DE8725B7378EE766E2D2A74888D1C58ACAA022937E633D0379A3B\nSigned: true\nSignature: Microsoft Windows\nSignatureStatus: Valid",
  "computer_name": "DESKTOP-WJANG",
  "type": "wineventlog",
  "thread_id": 23584,
  "opcode": "정보",
  "process_id": 8608,
  "provider_guid": "{5770385F-C22A-43E0-BF4C-06F5698FFBD9}",
  "version": 3,
  "event_data": {
    "Signature": "Microsoft Windows",
    "ImageLoaded": "C:\\Windows\\System32\\hid.dll",
    "Company": "Microsoft Corporation",
    "Signed": "true",
    "FileVersion": "10.0.16299.15 (WinBuild.160101.0800)",
    "ProcessGuid": "{A376A8F6-F294-5A9C-0000-001052E48503}",
    "Description": "HID 사용자 라이브러리",
    "UtcTime": "2018-03-05 07:32:37.942",
    "Product": "Microsoft® Windows® Operating System",
    "SignatureStatus": "Valid",
    "Hashes": "MD5=030D331A80802B7E95E5C52B8B1AC3E0,SHA256=E2FA22DC530DE8725B7378EE766E2D2A74888D1C58ACAA022937E633D0379A3B",
    "Image": "C:\\Program Files\\Mozilla Firefox\\firefox.exe",
    "ProcessId": "17704"
  },
  "level": "정보",
  "source_name": "Microsoft-Windows-Sysmon",
  "log_name": "Microsoft-Windows-Sysmon/Operational"
}
{
  "@timestamp": "2018-03-05T07:32:38.119Z",
  "@metadata": {
    "beat": "winlogbeat",
    "type": "doc",
    "version": "6.2.2"
  },
  "event_id": 7,
  "record_number": "276",
  "user": {
    "type": "Well Known Group",
    "identifier": "S-1-5-18",
    "name": "SYSTEM",
    "domain": "NT AUTHORITY"
  },
  "provider_guid": "{5770385F-C22A-43E0-BF4C-06F5698FFBD9}",
  "task": "Image loaded (rule: ImageLoad)",
  "version": 3,
  "type": "wineventlog",
  "log_name": "Microsoft-Windows-Sysmon/Operational",
  "computer_name": "DESKTOP-WJANG",
  "message": "Image loaded:\nUtcTime: 2018-03-05 07:32:37.946\nProcessGuid: {A376A8F6-F294-5A9C-0000-001052E48503}\nProcessId: 17704\nImage: C:\\Program Files\\Mozilla Firefox\\firefox.exe\nImageLoaded: C:\\Windows\\System32\\usp10.dll\nFileVersion: 10.0.16299.15 (WinBuild.160101.0800)\nDescription: Uniscribe Unicode script processor\nProduct: Microsoft® Windows® Operating System\nCompany: Microsoft Corporation\nHashes: MD5=FAC20A3377BBA21FB8D092541D93C247,SHA256=DC75CC1A107435AA2436F5C2AC63BAE51CF16E4CEB65C08522A350ADA532688D\nSigned: true\nSignature: Microsoft Windows\nSignatureStatus: Valid",
  "opcode": "정보",
  "process_id": 8608,
  "source_name": "Microsoft-Windows-Sysmon",
  "thread_id": 23584,
  "level": "정보",
  "event_data": {
    "Hashes": "MD5=FAC20A3377BBA21FB8D092541D93C247,SHA256=DC75CC1A107435AA2436F5C2AC63BAE51CF16E4CEB65C08522A350ADA532688D",
    "ProcessGuid": "{A376A8F6-F294-5A9C-0000-001052E48503}",
    "Image": "C:\\Program Files\\Mozilla Firefox\\firefox.exe",
    "Product": "Microsoft® Windows® Operating System",
    "Description": "Uniscribe Unicode script processor",
    "UtcTime": "2018-03-05 07:32:37.946",
    "ProcessId": "17704",
    "ImageLoaded": "C:\\Windows\\System32\\usp10.dll",
    "FileVersion": "10.0.16299.15 (WinBuild.160101.0800)",
    "Signature": "Microsoft Windows",
    "SignatureStatus": "Valid",
    "Company": "Microsoft Corporation",
    "Signed": "true"
  },
  "beat": {
    "name": "DESKTOP-WJANG",
    "hostname": "DESKTOP-WJANG",
    "version": "6.2.2"
  }
}
{
  "@timestamp": "2018-03-05T07:32:38.134Z",
  "@metadata": {
    "beat": "winlogbeat",
    "type": "doc",
    "version": "6.2.2"
  },
  "thread_id": 23584,
  "process_id": 8608,
  "event_data": {
    "ProcessGuid": "{A376A8F6-F294-5A9C-0000-001052E48503}",
    "Hashes": "MD5=7EE6E3B8C58646C05E0C8E62840D7D38,SHA256=E9C9A60E111763291F642AB838BA5739FB1DCF1856F8C0A6F22BE0DAA1DB6C8F",
    "Product": "Microsoft® Windows® Operating System",
    "Signed": "true",
    "Image": "C:\\Program Files\\Mozilla Firefox\\firefox.exe",
    "FileVersion": "10.0.16299.15 (WinBuild.160101.0800)",
    "Company": "Microsoft Corporation",
    "ImageLoaded": "C:\\Windows\\System32\\ole32.dll",
    "SignatureStatus": "Valid",
    "Description": "Windows용 Microsoft OLE",
    "UtcTime": "2018-03-05 07:32:37.960",
    "ProcessId": "17704",
    "Signature": "Microsoft Windows"
  },
  "source_name": "Microsoft-Windows-Sysmon",
  "version": 3,
  "message": "Image loaded:\nUtcTime: 2018-03-05 07:32:37.960\nProcessGuid: {A376A8F6-F294-5A9C-0000-001052E48503}\nProcessId: 17704\nImage: C:\\Program Files\\Mozilla Firefox\\firefox.exe\nImageLoaded: C:\\Windows\\System32\\ole32.dll\nFileVersion: 10.0.16299.15 (WinBuild.160101.0800)\nDescription: Windows용 Microsoft OLE\nProduct: Microsoft® Windows® Operating System\nCompany: Microsoft Corporation\nHashes: MD5=7EE6E3B8C58646C05E0C8E62840D7D38,SHA256=E9C9A60E111763291F642AB838BA5739FB1DCF1856F8C0A6F22BE0DAA1DB6C8F\nSigned: true\nSignature: Microsoft Windows\nSignatureStatus: Valid",
  "type": "wineventlog",
  "task": "Image loaded (rule: ImageLoad)",
  "event_id": 7,
  "beat": {
    "name": "DESKTOP-WJANG",
    "hostname": "DESKTOP-WJANG",
    "version": "6.2.2"
  },
  "record_number": "277",
  "user": {
    "type": "Well Known Group",
    "identifier": "S-1-5-18",
    "name": "SYSTEM",
    "domain": "NT AUTHORITY"
  },
  "computer_name": "DESKTOP-WJANG",
  "provider_guid": "{5770385F-C22A-43E0-BF4C-06F5698FFBD9}",
  "level": "정보",
  "opcode": "정보",
  "log_name": "Microsoft-Windows-Sysmon/Operational"
}
{
  "@timestamp": "2018-03-05T07:32:38.149Z",
  "@metadata": {
    "beat": "winlogbeat",
    "type": "doc",
    "version": "6.2.2"
  },
  "level": "정보",
  "type": "wineventlog",
  "event_data": {
    "Product": "Microsoft® Windows® Operating System",
    "Signature": "Microsoft Windows",
    "ProcessGuid": "{A376A8F6-F294-5A9C-0000-001052E48503}",
    "Company": "Microsoft Corporation",
    "Hashes": "MD5=792077FFC39F2EE7A2C154105A7BC4A1,SHA256=835619594D3C86847FF9FA7B509A093C3CE276C400CF2AC28B0880CCF3FE126F",
    "UtcTime": "2018-03-05 07:32:37.962",
    "Description": "GDIEXT Client DLL",
    "Signed": "true",
    "ImageLoaded": "C:\\Windows\\System32\\msimg32.dll",
    "FileVersion": "10.0.16299.15 (WinBuild.160101.0800)",
    "ProcessId": "17704",
    "SignatureStatus": "Valid",
    "Image": "C:\\Program Files\\Mozilla Firefox\\firefox.exe"
  },
  "log_name": "Microsoft-Windows-Sysmon/Operational",
  "message": "Image loaded:\nUtcTime: 2018-03-05 07:32:37.962\nProcessGuid: {A376A8F6-F294-5A9C-0000-001052E48503}\nProcessId: 17704\nImage: C:\\Program Files\\Mozilla Firefox\\firefox.exe\nImageLoaded: C:\\Windows\\System32\\msimg32.dll\nFileVersion: 10.0.16299.15 (WinBuild.160101.0800)\nDescription: GDIEXT Client DLL\nProduct: Microsoft® Windows® Operating System\nCompany: Microsoft Corporation\nHashes: MD5=792077FFC39F2EE7A2C154105A7BC4A1,SHA256=835619594D3C86847FF9FA7B509A093C3CE276C400CF2AC28B0880CCF3FE126F\nSigned: true\nSignature: Microsoft Windows\nSignatureStatus: Valid",
  "thread_id": 23584,
  "source_name": "Microsoft-Windows-Sysmon",
  "beat": {
    "hostname": "DESKTOP-WJANG",
    "version": "6.2.2",
    "name": "DESKTOP-WJANG"
  },
  "opcode": "정보",
  "user": {
    "domain": "NT AUTHORITY",
    "type": "Well Known Group",
    "identifier": "S-1-5-18",
    "name": "SYSTEM"
  },
  "provider_guid": "{5770385F-C22A-43E0-BF4C-06F5698FFBD9}",
  "record_number": "278",
  "computer_name": "DESKTOP-WJANG",
  "process_id": 8608,
  "version": 3,
  "event_id": 7,
  "task": "Image loaded (rule: ImageLoad)"
}
{
  "@timestamp": "2018-03-05T07:32:38.159Z",
  "@metadata": {
    "beat": "winlogbeat",
    "type": "doc",
    "version": "6.2.2"
  },
  "version": 3,
  "record_number": "279",
  "message": "Image loaded:\nUtcTime: 2018-03-05 07:32:37.968\nProcessGuid: {A376A8F6-F294-5A9C-0000-001052E48503}\nProcessId: 17704\nImage: C:\\Program Files\\Mozilla Firefox\\firefox.exe\nImageLoaded: C:\\Windows\\System32\\IPHLPAPI.DLL\nFileVersion: 10.0.16299.15 (WinBuild.160101.0800)\nDescription: IP 도우미 API\nProduct: Microsoft® Windows® Operating System\nCompany: Microsoft Corporation\nHashes: MD5=51D406E55561F839873F7F10623C2B35,SHA256=2E41BB97A5BA26BCBC3C6EE904D47B01D4AB39588D3F9706597BCDA378023870\nSigned: true\nSignature: Microsoft Windows\nSignatureStatus: Valid",
  "user": {
    "identifier": "S-1-5-18",
    "name": "SYSTEM",
    "domain": "NT AUTHORITY",
    "type": "Well Known Group"
  },
  "type": "wineventlog",
  "source_name": "Microsoft-Windows-Sysmon",
  "event_id": 7,
  "beat": {
    "name": "DESKTOP-WJANG",
    "hostname": "DESKTOP-WJANG",
    "version": "6.2.2"
  },
  "thread_id": 23584,
  "computer_name": "DESKTOP-WJANG",
  "provider_guid": "{5770385F-C22A-43E0-BF4C-06F5698FFBD9}",
  "process_id": 8608,
  "task": "Image loaded (rule: ImageLoad)",
  "log_name": "Microsoft-Windows-Sysmon/Operational",
  "event_data": {
    "ProcessId": "17704",
    "Image": "C:\\Program Files\\Mozilla Firefox\\firefox.exe",
    "ImageLoaded": "C:\\Windows\\System32\\IPHLPAPI.DLL",
    "SignatureStatus": "Valid",
    "UtcTime": "2018-03-05 07:32:37.968",
    "Product": "Microsoft® Windows® Operating System",
    "ProcessGuid": "{A376A8F6-F294-5A9C-0000-001052E48503}",
    "Description": "IP 도우미 API",
    "Signature": "Microsoft Windows",
    "FileVersion": "10.0.16299.15 (WinBuild.160101.0800)",
    "Company": "Microsoft Corporation",
    "Hashes": "MD5=51D406E55561F839873F7F10623C2B35,SHA256=2E41BB97A5BA26BCBC3C6EE904D47B01D4AB39588D3F9706597BCDA378023870",
    "Signed": "true"
  },
  "opcode": "정보",
  "level": "정보"
}
{
  "@timestamp": "2018-03-05T07:32:38.177Z",
  "@metadata": {
    "beat": "winlogbeat",
    "type": "doc",
    "version": "6.2.2"
  },
  "task": "Image loaded (rule: ImageLoad)",
  "log_name": "Microsoft-Windows-Sysmon/Operational",
  "level": "정보",
  "source_name": "Microsoft-Windows-Sysmon",
  "provider_guid": "{5770385F-C22A-43E0-BF4C-06F5698FFBD9}",
  "process_id": 8608,
  "record_number": "280",
  "event_id": 7,
  "beat": {
    "name": "DESKTOP-WJANG",
    "hostname": "DESKTOP-WJANG",
    "version": "6.2.2"
  },
  "user": {
    "domain": "NT AUTHORITY",
    "type": "Well Known Group",
    "identifier": "S-1-5-18",
    "name": "SYSTEM"
  },
  "type": "wineventlog",
  "event_data": {
    "Hashes": "MD5=B677C12F260A1DFB39447DE716629CAF,SHA256=73DEB47902AFD8B68E56301DA1F934718AF5344670E96FA1D9C1467C89442AE4",
    "UtcTime": "2018-03-05 07:32:37.990",
    "SignatureStatus": "Valid",
    "Description": "Crypto API32",
    "Product": "Microsoft® Windows® Operating System",
    "Signed": "true",
    "ProcessId": "17704",
    "Signature": "Microsoft Windows",
    "ProcessGuid": "{A376A8F6-F294-5A9C-0000-001052E48503}",
    "FileVersion": "10.0.16299.15 (WinBuild.160101.0800)",
    "ImageLoaded": "C:\\Windows\\System32\\crypt32.dll",
    "Image": "C:\\Program Files\\Mozilla Firefox\\firefox.exe",
    "Company": "Microsoft Corporation"
  },
  "opcode": "정보",
  "version": 3,
  "message": "Image loaded:\nUtcTime: 2018-03-05 07:32:37.990\nProcessGuid: {A376A8F6-F294-5A9C-0000-001052E48503}\nProcessId: 17704\nImage: C:\\Program Files\\Mozilla Firefox\\firefox.exe\nImageLoaded: C:\\Windows\\System32\\crypt32.dll\nFileVersion: 10.0.16299.15 (WinBuild.160101.0800)\nDescription: Crypto API32\nProduct: Microsoft® Windows® Operating System\nCompany: Microsoft Corporation\nHashes: MD5=B677C12F260A1DFB39447DE716629CAF,SHA256=73DEB47902AFD8B68E56301DA1F934718AF5344670E96FA1D9C1467C89442AE4\nSigned: true\nSignature: Microsoft Windows\nSignatureStatus: Valid",
  "thread_id": 23584,
  "computer_name": "DESKTOP-WJANG"
}
{
  "@timestamp": "2018-03-05T07:32:38.185Z",
  "@metadata": {
    "beat": "winlogbeat",
    "type": "doc",
    "version": "6.2.2"
  },
  "beat": {
    "name": "DESKTOP-WJANG",
    "hostname": "DESKTOP-WJANG",
    "version": "6.2.2"
  },
  "computer_name": "DESKTOP-WJANG",
  "log_name": "Microsoft-Windows-Sysmon/Operational",
  "event_id": 7,
  "thread_id": 23584,
  "level": "정보",
  "message": "Image loaded:\nUtcTime: 2018-03-05 07:32:37.991\nProcessGuid: {A376A8F6-F294-5A9C-0000-001052E48503}\nProcessId: 17704\nImage: C:\\Program Files\\Mozilla Firefox\\firefox.exe\nImageLoaded: C:\\Windows\\System32\\msasn1.dll\nFileVersion: 10.0.16299.15 (WinBuild.160101.0800)\nDescription: ASN.1 Runtime APIs\nProduct: Microsoft® Windows® Operating System\nCompany: Microsoft Corporation\nHashes: MD5=0DA32BEB94B9440AF1763B266A5CED69,SHA256=49AC0B3C76381E3780B71D3FF378018156B6BC453FC2AE373260B2441E5A248F\nSigned: true\nSignature: Microsoft Windows\nSignatureStatus: Valid",
  "record_number": "281",
  "task": "Image loaded (rule: ImageLoad)",
  "source_name": "Microsoft-Windows-Sysmon",
  "provider_guid": "{5770385F-C22A-43E0-BF4C-06F5698FFBD9}",
  "event_data": {
    "Image": "C:\\Program Files\\Mozilla Firefox\\firefox.exe",
    "FileVersion": "10.0.16299.15 (WinBuild.160101.0800)",
    "Product": "Microsoft® Windows® Operating System",
    "Signature": "Microsoft Windows",
    "ProcessId": "17704",
    "ImageLoaded": "C:\\Windows\\System32\\msasn1.dll",
    "Hashes": "MD5=0DA32BEB94B9440AF1763B266A5CED69,SHA256=49AC0B3C76381E3780B71D3FF378018156B6BC453FC2AE373260B2441E5A248F",
    "UtcTime": "2018-03-05 07:32:37.991",
    "ProcessGuid": "{A376A8F6-F294-5A9C-0000-001052E48503}",
    "Signed": "true",
    "Description": "ASN.1 Runtime APIs",
    "Company": "Microsoft Corporation",
    "SignatureStatus": "Valid"
  },
  "type": "wineventlog",
  "version": 3,
  "process_id": 8608,
  "user": {
    "type": "Well Known Group",
    "identifier": "S-1-5-18",
    "name": "SYSTEM",
    "domain": "NT AUTHORITY"
  },
  "opcode": "정보"
}
{
  "@timestamp": "2018-03-05T07:32:38.195Z",
  "@metadata": {
    "beat": "winlogbeat",
    "type": "doc",
    "version": "6.2.2"
  },
  "level": "정보",
  "provider_guid": "{5770385F-C22A-43E0-BF4C-06F5698FFBD9}",
  "log_name": "Microsoft-Windows-Sysmon/Operational",
  "process_id": 8608,
  "opcode": "정보",
  "event_id": 7,
  "task": "Image loaded (rule: ImageLoad)",
  "user": {
    "identifier": "S-1-5-18",
    "name": "SYSTEM",
    "domain": "NT AUTHORITY",
    "type": "Well Known Group"
  },
  "source_name": "Microsoft-Windows-Sysmon",
  "record_number": "282",
  "message": "Image loaded:\nUtcTime: 2018-03-05 07:32:37.998\nProcessGuid: {A376A8F6-F294-5A9C-0000-001052E48503}\nProcessId: 17704\nImage: C:\\Program Files\\Mozilla Firefox\\firefox.exe\nImageLoaded: C:\\Windows\\System32\\dwmapi.dll\nFileVersion: 10.0.16299.15 (WinBuild.160101.0800)\nDescription: Microsoft 바탕 화면 창 관리자 API\nProduct: Microsoft® Windows® Operating System\nCompany: Microsoft Corporation\nHashes: MD5=990CC9E1BA5B6CE7BB29A968C9DFFAD6,SHA256=BC2EDDB5ED383CEC98E6953F924440032C230ECDC574E06CB814BC491E949970\nSigned: true\nSignature: Microsoft Windows\nSignatureStatus: Valid",
  "event_data": {
    "Company": "Microsoft Corporation",
    "SignatureStatus": "Valid",
    "ProcessId": "17704",
    "ImageLoaded": "C:\\Windows\\System32\\dwmapi.dll",
    "Product": "Microsoft® Windows® Operating System",
    "ProcessGuid": "{A376A8F6-F294-5A9C-0000-001052E48503}",
    "UtcTime": "2018-03-05 07:32:37.998",
    "Signed": "true",
    "Image": "C:\\Program Files\\Mozilla Firefox\\firefox.exe",
    "Signature": "Microsoft Windows",
    "FileVersion": "10.0.16299.15 (WinBuild.160101.0800)",
    "Description": "Microsoft 바탕 화면 창 관리자 API",
    "Hashes": "MD5=990CC9E1BA5B6CE7BB29A968C9DFFAD6,SHA256=BC2EDDB5ED383CEC98E6953F924440032C230ECDC574E06CB814BC491E949970"
  },
  "type": "wineventlog",
  "computer_name": "DESKTOP-WJANG",
  "beat": {
    "version": "6.2.2",
    "name": "DESKTOP-WJANG",
    "hostname": "DESKTOP-WJANG"
  },
  "version": 3,
  "thread_id": 23584
}
{
  "@timestamp": "2018-03-05T07:32:38.236Z",
  "@metadata": {
    "beat": "winlogbeat",
    "type": "doc",
    "version": "6.2.2"
  },
  "task": "Image loaded (rule: ImageLoad)",
  "source_name": "Microsoft-Windows-Sysmon",
  "version": 3,
  "event_data": {
    "FileVersion": "10.0.16299.15 (WinBuild.160101.0800)",
    "UtcTime": "2018-03-05 07:32:38.011",
    "Image": "C:\\Program Files\\Mozilla Firefox\\firefox.exe",
    "Company": "Microsoft Corporation",
    "ProcessId": "17704",
    "Product": "Microsoft® Windows® Operating System",
    "SignatureStatus": "Valid",
    "Signature": "Microsoft Windows",
    "Description": "Microsoft UxTheme 라이브러리",
    "Signed": "true",
    "Hashes": "MD5=539E55FA5437F32BE0553F0B6C7DDA96,SHA256=04EACB57A6D6ED5D6CFDCE8095147ACE2C0B9AB115F17CBF007E55B280B2124B",
    "ImageLoaded": "C:\\Windows\\System32\\uxtheme.dll",
    "ProcessGuid": "{A376A8F6-F294-5A9C-0000-001052E48503}"
  },
  "record_number": "283",
  "user": {
    "type": "Well Known Group",
    "identifier": "S-1-5-18",
    "name": "SYSTEM",
    "domain": "NT AUTHORITY"
  },
  "log_name": "Microsoft-Windows-Sysmon/Operational",
  "beat": {
    "name": "DESKTOP-WJANG",
    "hostname": "DESKTOP-WJANG",
    "version": "6.2.2"
  },
  "type": "wineventlog",
  "opcode": "정보",
  "process_id": 8608,
  "event_id": 7,
  "provider_guid": "{5770385F-C22A-43E0-BF4C-06F5698FFBD9}",
  "thread_id": 23584,
  "message": "Image loaded:\nUtcTime: 2018-03-05 07:32:38.011\nProcessGuid: {A376A8F6-F294-5A9C-0000-001052E48503}\nProcessId: 17704\nImage: C:\\Program Files\\Mozilla Firefox\\firefox.exe\nImageLoaded: C:\\Windows\\System32\\uxtheme.dll\nFileVersion: 10.0.16299.15 (WinBuild.160101.0800)\nDescription: Microsoft UxTheme 라이브러리\nProduct: Microsoft® Windows® Operating System\nCompany: Microsoft Corporation\nHashes: MD5=539E55FA5437F32BE0553F0B6C7DDA96,SHA256=04EACB57A6D6ED5D6CFDCE8095147ACE2C0B9AB115F17CBF007E55B280B2124B\nSigned: true\nSignature: Microsoft Windows\nSignatureStatus: Valid",
  "computer_name": "DESKTOP-WJANG",
  "level": "정보"
}
{
  "@timestamp": "2018-03-05T07:32:38.270Z",
  "@metadata": {
    "beat": "winlogbeat",
    "type": "doc",
    "version": "6.2.2"
  },
  "source_name": "Microsoft-Windows-Sysmon",
  "message": "Image loaded:\nUtcTime: 2018-03-05 07:32:38.055\nProcessGuid: {A376A8F6-F294-5A9C-0000-001052E48503}\nProcessId: 17704\nImage: C:\\Program Files\\Mozilla Firefox\\firefox.exe\nImageLoaded: C:\\Windows\\System32\\setupapi.dll\nFileVersion: 10.0.16299.15 (WinBuild.160101.0800)\nDescription: Windows 설치 API\nProduct: Microsoft® Windows® Operating System\nCompany: Microsoft Corporation\nHashes: MD5=23E661467FA2EB68B711EA20974B4CB7,SHA256=EF8353C804E643AB34B35494F029F1C0E5DE1A9C2471171E42E8F38EF9CCE953\nSigned: true\nSignature: Microsoft Windows\nSignatureStatus: Valid",
  "user": {
    "identifier": "S-1-5-18",
    "name": "SYSTEM",
    "domain": "NT AUTHORITY",
    "type": "Well Known Group"
  },
  "process_id": 8608,
  "beat": {
    "name": "DESKTOP-WJANG",
    "hostname": "DESKTOP-WJANG",
    "version": "6.2.2"
  },
  "event_data": {
    "Image": "C:\\Program Files\\Mozilla Firefox\\firefox.exe",
    "ProcessId": "17704",
    "ImageLoaded": "C:\\Windows\\System32\\setupapi.dll",
    "Hashes": "MD5=23E661467FA2EB68B711EA20974B4CB7,SHA256=EF8353C804E643AB34B35494F029F1C0E5DE1A9C2471171E42E8F38EF9CCE953",
    "SignatureStatus": "Valid",
    "Signature": "Microsoft Windows",
    "FileVersion": "10.0.16299.15 (WinBuild.160101.0800)",
    "Product": "Microsoft® Windows® Operating System",
    "Description": "Windows 설치 API",
    "Signed": "true",
    "UtcTime": "2018-03-05 07:32:38.055",
    "Company": "Microsoft Corporation",
    "ProcessGuid": "{A376A8F6-F294-5A9C-0000-001052E48503}"
  },
  "type": "wineventlog",
  "record_number": "284",
  "version": 3,
  "task": "Image loaded (rule: ImageLoad)",
  "provider_guid": "{5770385F-C22A-43E0-BF4C-06F5698FFBD9}",
  "level": "정보",
  "log_name": "Microsoft-Windows-Sysmon/Operational",
  "thread_id": 23584,
  "opcode": "정보",
  "computer_name": "DESKTOP-WJANG",
  "event_id": 7
}
{
  "@timestamp": "2018-03-05T07:32:38.280Z",
  "@metadata": {
    "beat": "winlogbeat",
    "type": "doc",
    "version": "6.2.2"
  },
  "type": "wineventlog",
  "user": {
    "identifier": "S-1-5-18",
    "name": "SYSTEM",
    "domain": "NT AUTHORITY",
    "type": "Well Known Group"
  },
  "level": "정보",
  "message": "Image loaded:\nUtcTime: 2018-03-05 07:32:38.062\nProcessGuid: {A376A8F6-F294-5A9C-0000-001052E48503}\nProcessId: 17704\nImage: C:\\Program Files\\Mozilla Firefox\\firefox.exe\nImageLoaded: C:\\Windows\\System32\\wintrust.dll\nFileVersion: 10.0.16299.248 (WinBuild.160101.0800)\nDescription: Microsoft Trust Verification APIs\nProduct: Microsoft® Windows® Operating System\nCompany: Microsoft Corporation\nHashes: MD5=886A6B330799D6D9BC2C7DE514163A3B,SHA256=125332DCC9460392DA36B1859E8E68A3C49B25D50BBD4EFFFF2CB5D550C550B9\nSigned: true\nSignature: Microsoft Windows\nSignatureStatus: Valid",
  "source_name": "Microsoft-Windows-Sysmon",
  "opcode": "정보",
  "version": 3,
  "thread_id": 23584,
  "log_name": "Microsoft-Windows-Sysmon/Operational",
  "record_number": "285",
  "provider_guid": "{5770385F-C22A-43E0-BF4C-06F5698FFBD9}",
  "process_id": 8608,
  "event_id": 7,
  "task": "Image loaded (rule: ImageLoad)",
  "event_data": {
    "FileVersion": "10.0.16299.248 (WinBuild.160101.0800)",
    "Product": "Microsoft® Windows® Operating System",
    "UtcTime": "2018-03-05 07:32:38.062",
    "ProcessGuid": "{A376A8F6-F294-5A9C-0000-001052E48503}",
    "SignatureStatus": "Valid",
    "Hashes": "MD5=886A6B330799D6D9BC2C7DE514163A3B,SHA256=125332DCC9460392DA36B1859E8E68A3C49B25D50BBD4EFFFF2CB5D550C550B9",
    "Image": "C:\\Program Files\\Mozilla Firefox\\firefox.exe",
    "ProcessId": "17704",
    "ImageLoaded": "C:\\Windows\\System32\\wintrust.dll",
    "Description": "Microsoft Trust Verification APIs",
    "Company": "Microsoft Corporation",
    "Signature": "Microsoft Windows",
    "Signed": "true"
  },
  "computer_name": "DESKTOP-WJANG",
  "beat": {
    "hostname": "DESKTOP-WJANG",
    "version": "6.2.2",
    "name": "DESKTOP-WJANG"
  }
}
{
  "@timestamp": "2018-03-05T07:32:38.289Z",
  "@metadata": {
    "beat": "winlogbeat",
    "type": "doc",
    "version": "6.2.2"
  },
  "opcode": "정보",
  "source_name": "Microsoft-Windows-Sysmon",
  "version": 3,
  "user": {
    "identifier": "S-1-5-18",
    "name": "SYSTEM",
    "domain": "NT AUTHORITY",
    "type": "Well Known Group"
  },
  "message": "Image loaded:\nUtcTime: 2018-03-05 07:32:38.063\nProcessGuid: {A376A8F6-F294-5A9C-0000-001052E48503}\nProcessId: 17704\nImage: C:\\Program Files\\Mozilla Firefox\\firefox.exe\nImageLoaded: C:\\Windows\\System32\\wtsapi32.dll\nFileVersion: 10.0.16299.15 (WinBuild.160101.0800)\nDescription: Windows Remote Desktop Session Host Server SDK APIs\nProduct: Microsoft® Windows® Operating System\nCompany: Microsoft Corporation\nHashes: MD5=93DFD6B8F739971DC7DC23B4006C7B35,SHA256=5F4C8303857FADB06874C6CB5EAC7826D1AE4937A492DF89D91B0BA0DD0DF971\nSigned: true\nSignature: Microsoft Windows\nSignatureStatus: Valid",
  "event_id": 7,
  "thread_id": 23584,
  "event_data": {
    "Signature": "Microsoft Windows",
    "FileVersion": "10.0.16299.15 (WinBuild.160101.0800)",
    "Hashes": "MD5=93DFD6B8F739971DC7DC23B4006C7B35,SHA256=5F4C8303857FADB06874C6CB5EAC7826D1AE4937A492DF89D91B0BA0DD0DF971",
    "Description": "Windows Remote Desktop Session Host Server SDK APIs",
    "ImageLoaded": "C:\\Windows\\System32\\wtsapi32.dll",
    "ProcessId": "17704",
    "Signed": "true",
    "SignatureStatus": "Valid",
    "ProcessGuid": "{A376A8F6-F294-5A9C-0000-001052E48503}",
    "Company": "Microsoft Corporation",
    "UtcTime": "2018-03-05 07:32:38.063",
    "Product": "Microsoft® Windows® Operating System",
    "Image": "C:\\Program Files\\Mozilla Firefox\\firefox.exe"
  },
  "provider_guid": "{5770385F-C22A-43E0-BF4C-06F5698FFBD9}",
  "process_id": 8608,
  "beat": {
    "version": "6.2.2",
    "name": "DESKTOP-WJANG",
    "hostname": "DESKTOP-WJANG"
  },
  "computer_name": "DESKTOP-WJANG",
  "level": "정보",
  "task": "Image loaded (rule: ImageLoad)",
  "log_name": "Microsoft-Windows-Sysmon/Operational",
  "record_number": "286",
  "type": "wineventlog"
}
{
  "@timestamp": "2018-03-05T07:32:38.304Z",
  "@metadata": {
    "beat": "winlogbeat",
    "type": "doc",
    "version": "6.2.2"
  },
  "type": "wineventlog",
  "opcode": "정보",
  "thread_id": 23584,
  "log_name": "Microsoft-Windows-Sysmon/Operational",
  "beat": {
    "name": "DESKTOP-WJANG",
    "hostname": "DESKTOP-WJANG",
    "version": "6.2.2"
  },
  "provider_guid": "{5770385F-C22A-43E0-BF4C-06F5698FFBD9}",
  "task": "Image loaded (rule: ImageLoad)",
  "message": "Image loaded:\nUtcTime: 2018-03-05 07:32:38.074\nProcessGuid: {A376A8F6-F294-5A9C-0000-001052E48503}\nProcessId: 17704\nImage: C:\\Program Files\\Mozilla Firefox\\firefox.exe\nImageLoaded: C:\\Windows\\System32\\oleaut32.dll\nFileVersion: 10.0.16299.15 (WinBuild.160101.0800)\nDescription: OLEAUT32.DLL\nProduct: Microsoft® Windows® Operating System\nCompany: Microsoft Corporation\nHashes: MD5=F8C6159C5BE654CEEB383F6E5B122271,SHA256=6B85E0232D1C2DF599C519C95EC2374E3B1B3B06395293CC6AB7976573FA571F\nSigned: true\nSignature: Microsoft Windows\nSignatureStatus: Valid",
  "process_id": 8608,
  "user": {
    "type": "Well Known Group",
    "identifier": "S-1-5-18",
    "name": "SYSTEM",
    "domain": "NT AUTHORITY"
  },
  "source_name": "Microsoft-Windows-Sysmon",
  "record_number": "287",
  "event_id": 7,
  "version": 3,
  "computer_name": "DESKTOP-WJANG",
  "event_data": {
    "Signed": "true",
    "Signature": "Microsoft Windows",
    "Hashes": "MD5=F8C6159C5BE654CEEB383F6E5B122271,SHA256=6B85E0232D1C2DF599C519C95EC2374E3B1B3B06395293CC6AB7976573FA571F",
    "Description": "OLEAUT32.DLL",
    "ProcessId": "17704",
    "ImageLoaded": "C:\\Windows\\System32\\oleaut32.dll",
    "FileVersion": "10.0.16299.15 (WinBuild.160101.0800)",
    "UtcTime": "2018-03-05 07:32:38.074",
    "SignatureStatus": "Valid",
    "ProcessGuid": "{A376A8F6-F294-5A9C-0000-001052E48503}",
    "Product": "Microsoft® Windows® Operating System",
    "Company": "Microsoft Corporation",
    "Image": "C:\\Program Files\\Mozilla Firefox\\firefox.exe"
  },
  "level": "정보"
}
{
  "@timestamp": "2018-03-05T07:32:38.310Z",
  "@metadata": {
    "beat": "winlogbeat",
    "type": "doc",
    "version": "6.2.2"
  },
  "thread_id": 23856,
  "version": 5,
  "type": "wineventlog",
  "opcode": "정보",
  "computer_name": "DESKTOP-WJANG",
  "level": "정보",
  "beat": {
    "name": "DESKTOP-WJANG",
    "hostname": "DESKTOP-WJANG",
    "version": "6.2.2"
  },
  "event_id": 3,
  "provider_guid": "{5770385F-C22A-43E0-BF4C-06F5698FFBD9}",
  "event_data": {
    "Initiated": "true",
    "SourceIp": "192.168.198.67",
    "UtcTime": "2018-03-05 07:32:36.885",
    "Image": "C:\\Windows\\Sysmon.exe",
    "SourcePort": "2381",
    "User": "NT AUTHORITY\\SYSTEM",
    "DestinationPortName": "http",
    "ProcessId": "8608",
    "ProcessGuid": "{A376A8F6-F062-5A9C-0000-0010D7D51302}",
    "DestinationIsIpv6": "false",
    "DestinationIp": "117.18.237.29",
    "Protocol": "tcp",
    "SourceHostname": "DESKTOP-WJANG",
    "SourceIsIpv6": "false",
    "DestinationPort": "80"
  },
  "message": "Network connection detected:\nUtcTime: 2018-03-05 07:32:36.885\nProcessGuid: {A376A8F6-F062-5A9C-0000-0010D7D51302}\nProcessId: 8608\nImage: C:\\Windows\\Sysmon.exe\nUser: NT AUTHORITY\\SYSTEM\nProtocol: tcp\nInitiated: true\nSourceIsIpv6: false\nSourceIp: 192.168.198.67\nSourceHostname: DESKTOP-WJANG\nSourcePort: 2381\nSourcePortName: \nDestinationIsIpv6: false\nDestinationIp: 117.18.237.29\nDestinationHostname: \nDestinationPort: 80\nDestinationPortName: http",
  "process_id": 8608,
  "record_number": "288",
  "task": "Network connection detected (rule: NetworkConnect)",
  "source_name": "Microsoft-Windows-Sysmon",
  "log_name": "Microsoft-Windows-Sysmon/Operational",
  "user": {
    "identifier": "S-1-5-18",
    "name": "SYSTEM",
    "domain": "NT AUTHORITY",
    "type": "Well Known Group"
  }
}
{
  "@timestamp": "2018-03-05T07:32:38.316Z",
  "@metadata": {
    "beat": "winlogbeat",
    "type": "doc",
    "version": "6.2.2"
  },
  "opcode": "정보",
  "event_data": {
    "ImageLoaded": "C:\\Windows\\System32\\ntmarta.dll",
    "Product": "Microsoft® Windows® Operating System",
    "Hashes": "MD5=10D8788E2867B895FB4C2D1280172CAB,SHA256=DFE172BCD6F09F8DA8148AF41265E057E4B13809EEEE549DD1894767CA9347B8",
    "SignatureStatus": "Valid",
    "Company": "Microsoft Corporation",
    "ProcessGuid": "{A376A8F6-F294-5A9C-0000-001052E48503}",
    "Signature": "Microsoft Windows",
    "UtcTime": "2018-03-05 07:32:38.087",
    "ProcessId": "17704",
    "Description": "Windows NT MARTA 공급자",
    "Signed": "true",
    "Image": "C:\\Program Files\\Mozilla Firefox\\firefox.exe",
    "FileVersion": "10.0.16299.15 (WinBuild.160101.0800)"
  },
  "source_name": "Microsoft-Windows-Sysmon",
  "task": "Image loaded (rule: ImageLoad)",
  "message": "Image loaded:\nUtcTime: 2018-03-05 07:32:38.087\nProcessGuid: {A376A8F6-F294-5A9C-0000-001052E48503}\nProcessId: 17704\nImage: C:\\Program Files\\Mozilla Firefox\\firefox.exe\nImageLoaded: C:\\Windows\\System32\\ntmarta.dll\nFileVersion: 10.0.16299.15 (WinBuild.160101.0800)\nDescription: Windows NT MARTA 공급자\nProduct: Microsoft® Windows® Operating System\nCompany: Microsoft Corporation\nHashes: MD5=10D8788E2867B895FB4C2D1280172CAB,SHA256=DFE172BCD6F09F8DA8148AF41265E057E4B13809EEEE549DD1894767CA9347B8\nSigned: true\nSignature: Microsoft Windows\nSignatureStatus: Valid",
  "user": {
    "identifier": "S-1-5-18",
    "name": "SYSTEM",
    "domain": "NT AUTHORITY",
    "type": "Well Known Group"
  },
  "level": "정보",
  "version": 3,
  "log_name": "Microsoft-Windows-Sysmon/Operational",
  "process_id": 8608,
  "record_number": "289",
  "provider_guid": "{5770385F-C22A-43E0-BF4C-06F5698FFBD9}",
  "type": "wineventlog",
  "computer_name": "DESKTOP-WJANG",
  "beat": {
    "version": "6.2.2",
    "name": "DESKTOP-WJANG",
    "hostname": "DESKTOP-WJANG"
  },
  "event_id": 7,
  "thread_id": 23584
}
{
  "@timestamp": "2018-03-05T07:32:38.334Z",
  "@metadata": {
    "beat": "winlogbeat",
    "type": "doc",
    "version": "6.2.2"
  },
  "user": {
    "identifier": "S-1-5-18",
    "name": "SYSTEM",
    "domain": "NT AUTHORITY",
    "type": "Well Known Group"
  },
  "event_data": {
    "ProcessGuid": "{A376A8F6-F294-5A9C-0000-001052E48503}",
    "Description": "KO Hangeul Keyboard Layout Stub driver",
    "Signature": "Microsoft Windows",
    "Company": "Microsoft Corporation",
    "FileVersion": "10.0.16299.15 (WinBuild.160101.0800)",
    "UtcTime": "2018-03-05 07:32:38.089",
    "Signed": "true",
    "SignatureStatus": "Valid",
    "ProcessId": "17704",
    "Hashes": "MD5=75F03DD15FC080B214DCCFBD93D7EF38,SHA256=1148B593EFD68F4219732A52CDCCAB00DD8A13F56C52AAB5991A8013340638F6",
    "Image": "C:\\Program Files\\Mozilla Firefox\\firefox.exe",
    "ImageLoaded": "C:\\Windows\\System32\\KBDKOR.DLL",
    "Product": "Microsoft® Windows® Operating System"
  },
  "computer_name": "DESKTOP-WJANG",
  "source_name": "Microsoft-Windows-Sysmon",
  "level": "정보",
  "message": "Image loaded:\nUtcTime: 2018-03-05 07:32:38.089\nProcessGuid: {A376A8F6-F294-5A9C-0000-001052E48503}\nProcessId: 17704\nImage: C:\\Program Files\\Mozilla Firefox\\firefox.exe\nImageLoaded: C:\\Windows\\System32\\KBDKOR.DLL\nFileVersion: 10.0.16299.15 (WinBuild.160101.0800)\nDescription: KO Hangeul Keyboard Layout Stub driver\nProduct: Microsoft® Windows® Operating System\nCompany: Microsoft Corporation\nHashes: MD5=75F03DD15FC080B214DCCFBD93D7EF38,SHA256=1148B593EFD68F4219732A52CDCCAB00DD8A13F56C52AAB5991A8013340638F6\nSigned: true\nSignature: Microsoft Windows\nSignatureStatus: Valid",
  "log_name": "Microsoft-Windows-Sysmon/Operational",
  "task": "Image loaded (rule: ImageLoad)",
  "type": "wineventlog",
  "beat": {
    "name": "DESKTOP-WJANG",
    "hostname": "DESKTOP-WJANG",
    "version": "6.2.2"
  },
  "version": 3,
  "opcode": "정보",
  "provider_guid": "{5770385F-C22A-43E0-BF4C-06F5698FFBD9}",
  "thread_id": 23584,
  "event_id": 7,
  "process_id": 8608,
  "record_number": "290"
}
{
  "@timestamp": "2018-03-05T07:32:38.353Z",
  "@metadata": {
    "beat": "winlogbeat",
    "type": "doc",
    "version": "6.2.2"
  },
  "provider_guid": "{5770385F-C22A-43E0-BF4C-06F5698FFBD9}",
  "thread_id": 23584,
  "beat": {
    "name": "DESKTOP-WJANG",
    "hostname": "DESKTOP-WJANG",
    "version": "6.2.2"
  },
  "event_id": 7,
  "level": "정보",
  "type": "wineventlog",
  "message": "Image loaded:\nUtcTime: 2018-03-05 07:32:38.091\nProcessGuid: {A376A8F6-F294-5A9C-0000-001052E48503}\nProcessId: 17704\nImage: C:\\Program Files\\Mozilla Firefox\\firefox.exe\nImageLoaded: C:\\Windows\\System32\\kbd101a.dll\nFileVersion: 10.0.16299.15 (WinBuild.160101.0800)\nDescription: KO Hangeul Keyboard Layout for 101 (Type A)\nProduct: Microsoft® Windows® Operating System\nCompany: Microsoft Corporation\nHashes: MD5=6D37999E65260B54D7B7206B7AF01C76,SHA256=82FB3B2E43AED7B8EE41622D5C5C1A09EC232BC44B7EE04F1E9F8B9172CA3CE2\nSigned: true\nSignature: Microsoft Windows\nSignatureStatus: Valid",
  "log_name": "Microsoft-Windows-Sysmon/Operational",
  "source_name": "Microsoft-Windows-Sysmon",
  "record_number": "291",
  "task": "Image loaded (rule: ImageLoad)",
  "opcode": "정보",
  "user": {
    "identifier": "S-1-5-18",
    "name": "SYSTEM",
    "domain": "NT AUTHORITY",
    "type": "Well Known Group"
  },
  "event_data": {
    "ImageLoaded": "C:\\Windows\\System32\\kbd101a.dll",
    "FileVersion": "10.0.16299.15 (WinBuild.160101.0800)",
    "Hashes": "MD5=6D37999E65260B54D7B7206B7AF01C76,SHA256=82FB3B2E43AED7B8EE41622D5C5C1A09EC232BC44B7EE04F1E9F8B9172CA3CE2",
    "ProcessGuid": "{A376A8F6-F294-5A9C-0000-001052E48503}",
    "Description": "KO Hangeul Keyboard Layout for 101 (Type A)",
    "Product": "Microsoft® Windows® Operating System",
    "Image": "C:\\Program Files\\Mozilla Firefox\\firefox.exe",
    "UtcTime": "2018-03-05 07:32:38.091",
    "Company": "Microsoft Corporation",
    "Signed": "true",
    "ProcessId": "17704",
    "SignatureStatus": "Valid",
    "Signature": "Microsoft Windows"
  },
  "computer_name": "DESKTOP-WJANG",
  "process_id": 8608,
  "version": 3
}
{
  "@timestamp": "2018-03-05T07:32:38.354Z",
  "@metadata": {
    "beat": "winlogbeat",
    "type": "doc",
    "version": "6.2.2"
  },
  "beat": {
    "version": "6.2.2",
    "name": "DESKTOP-WJANG",
    "hostname": "DESKTOP-WJANG"
  },
  "log_name": "Microsoft-Windows-Sysmon/Operational",
  "event_id": 7,
  "type": "wineventlog",
  "event_data": {
    "UtcTime": "2018-03-05 07:32:38.089",
    "Image": "C:\\Program Files\\Mozilla Firefox\\firefox.exe",
    "FileVersion": "10.0.16299.15 (WinBuild.160101.0800)",
    "ProcessGuid": "{A376A8F6-F294-5A9C-0000-001052E48503}",
    "ImageLoaded": "C:\\Windows\\System32\\kbd101a.dll",
    "Description": "KO Hangeul Keyboard Layout for 101 (Type A)",
    "ProcessId": "17704",
    "Signed": "true",
    "Hashes": "MD5=6D37999E65260B54D7B7206B7AF01C76,SHA256=82FB3B2E43AED7B8EE41622D5C5C1A09EC232BC44B7EE04F1E9F8B9172CA3CE2",
    "SignatureStatus": "Valid",
    "Product": "Microsoft® Windows® Operating System",
    "Company": "Microsoft Corporation",
    "Signature": "Microsoft Windows"
  },
  "message": "Image loaded:\nUtcTime: 2018-03-05 07:32:38.089\nProcessGuid: {A376A8F6-F294-5A9C-0000-001052E48503}\nProcessId: 17704\nImage: C:\\Program Files\\Mozilla Firefox\\firefox.exe\nImageLoaded: C:\\Windows\\System32\\kbd101a.dll\nFileVersion: 10.0.16299.15 (WinBuild.160101.0800)\nDescription: KO Hangeul Keyboard Layout for 101 (Type A)\nProduct: Microsoft® Windows® Operating System\nCompany: Microsoft Corporation\nHashes: MD5=6D37999E65260B54D7B7206B7AF01C76,SHA256=82FB3B2E43AED7B8EE41622D5C5C1A09EC232BC44B7EE04F1E9F8B9172CA3CE2\nSigned: true\nSignature: Microsoft Windows\nSignatureStatus: Valid",
  "computer_name": "DESKTOP-WJANG",
  "record_number": "292",
  "level": "정보",
  "version": 3,
  "source_name": "Microsoft-Windows-Sysmon",
  "provider_guid": "{5770385F-C22A-43E0-BF4C-06F5698FFBD9}",
  "task": "Image loaded (rule: ImageLoad)",
  "thread_id": 23584,
  "user": {
    "identifier": "S-1-5-18",
    "name": "SYSTEM",
    "domain": "NT AUTHORITY",
    "type": "Well Known Group"
  },
  "process_id": 8608,
  "opcode": "정보"
}
{
  "@timestamp": "2018-03-05T07:32:38.370Z",
  "@metadata": {
    "beat": "winlogbeat",
    "type": "doc",
    "version": "6.2.2"
  },
  "thread_id": 23584,
  "user": {
    "type": "Well Known Group",
    "identifier": "S-1-5-18",
    "name": "SYSTEM",
    "domain": "NT AUTHORITY"
  },
  "type": "wineventlog",
  "beat": {
    "name": "DESKTOP-WJANG",
    "hostname": "DESKTOP-WJANG",
    "version": "6.2.2"
  },
  "provider_guid": "{5770385F-C22A-43E0-BF4C-06F5698FFBD9}",
  "source_name": "Microsoft-Windows-Sysmon",
  "process_id": 8608,
  "record_number": "293",
  "log_name": "Microsoft-Windows-Sysmon/Operational",
  "level": "정보",
  "task": "Image loaded (rule: ImageLoad)",
  "opcode": "정보",
  "version": 3,
  "computer_name": "DESKTOP-WJANG",
  "message": "Image loaded:\nUtcTime: 2018-03-05 07:32:38.090\nProcessGuid: {A376A8F6-F294-5A9C-0000-001052E48503}\nProcessId: 17704\nImage: C:\\Program Files\\Mozilla Firefox\\firefox.exe\nImageLoaded: C:\\Windows\\System32\\kbd103.dll\nFileVersion: 10.0.16299.15 (WinBuild.160101.0800)\nDescription: KO Hangeul Keyboard Layout for 103\nProduct: Microsoft® Windows® Operating System\nCompany: Microsoft Corporation\nHashes: MD5=2B9938BD74862A2FD6969539D8DBA3C6,SHA256=33109C2B9123C9C086C5AA4D610DD35DD7143CB1870F724CEA12513ED0CBB62D\nSigned: true\nSignature: Microsoft Windows\nSignatureStatus: Valid",
  "event_data": {
    "ProcessId": "17704",
    "Hashes": "MD5=2B9938BD74862A2FD6969539D8DBA3C6,SHA256=33109C2B9123C9C086C5AA4D610DD35DD7143CB1870F724CEA12513ED0CBB62D",
    "Product": "Microsoft® Windows® Operating System",
    "Description": "KO Hangeul Keyboard Layout for 103",
    "ImageLoaded": "C:\\Windows\\System32\\kbd103.dll",
    "Image": "C:\\Program Files\\Mozilla Firefox\\firefox.exe",
    "Company": "Microsoft Corporation",
    "SignatureStatus": "Valid",
    "Signature": "Microsoft Windows",
    "UtcTime": "2018-03-05 07:32:38.090",
    "FileVersion": "10.0.16299.15 (WinBuild.160101.0800)",
    "ProcessGuid": "{A376A8F6-F294-5A9C-0000-001052E48503}",
    "Signed": "true"
  },
  "event_id": 7
}
{
  "@timestamp": "2018-03-05T07:32:38.420Z",
  "@metadata": {
    "beat": "winlogbeat",
    "type": "doc",
    "version": "6.2.2"
  },
  "process_id": 8608,
  "type": "wineventlog",
  "record_number": "294",
  "version": 3,
  "thread_id": 23584,
  "message": "Image loaded:\nUtcTime: 2018-03-05 07:32:38.139\nProcessGuid: {A376A8F6-F294-5A9C-0000-001052E48503}\nProcessId: 17704\nImage: C:\\Program Files\\Mozilla Firefox\\firefox.exe\nImageLoaded: C:\\Windows\\System32\\DWrite.dll\nFileVersion: 10.0.16299.15 (WinBuild.160101.0800)\nDescription: Microsoft DirectX 입력 체계 서비스\nProduct: Microsoft® Windows® Operating System\nCompany: Microsoft Corporation\nHashes: MD5=04ADF62991CE74701D6CB5F581362161,SHA256=5F948F8B4F9E63DE990ECC9A8E36153C3B60CCE74D330778495AC288074A47BF\nSigned: true\nSignature: Microsoft Windows\nSignatureStatus: Valid",
  "level": "정보",
  "log_name": "Microsoft-Windows-Sysmon/Operational",
  "event_data": {
    "Description": "Microsoft DirectX 입력 체계 서비스",
    "ImageLoaded": "C:\\Windows\\System32\\DWrite.dll",
    "FileVersion": "10.0.16299.15 (WinBuild.160101.0800)",
    "ProcessId": "17704",
    "ProcessGuid": "{A376A8F6-F294-5A9C-0000-001052E48503}",
    "Signature": "Microsoft Windows",
    "Product": "Microsoft® Windows® Operating System",
    "UtcTime": "2018-03-05 07:32:38.139",
    "Image": "C:\\Program Files\\Mozilla Firefox\\firefox.exe",
    "Company": "Microsoft Corporation",
    "SignatureStatus": "Valid",
    "Hashes": "MD5=04ADF62991CE74701D6CB5F581362161,SHA256=5F948F8B4F9E63DE990ECC9A8E36153C3B60CCE74D330778495AC288074A47BF",
    "Signed": "true"
  },
  "computer_name": "DESKTOP-WJANG",
  "task": "Image loaded (rule: ImageLoad)",
  "source_name": "Microsoft-Windows-Sysmon",
  "provider_guid": "{5770385F-C22A-43E0-BF4C-06F5698FFBD9}",
  "user": {
    "name": "SYSTEM",
    "domain": "NT AUTHORITY",
    "type": "Well Known Group",
    "identifier": "S-1-5-18"
  },
  "opcode": "정보",
  "event_id": 7,
  "beat": {
    "name": "DESKTOP-WJANG",
    "hostname": "DESKTOP-WJANG",
    "version": "6.2.2"
  }
}
{
  "@timestamp": "2018-03-05T07:32:38.438Z",
  "@metadata": {
    "beat": "winlogbeat",
    "type": "doc",
    "version": "6.2.2"
  },
  "record_number": "295",
  "message": "Image loaded:\nUtcTime: 2018-03-05 07:32:38.143\nProcessGuid: {A376A8F6-F294-5A9C-0000-001052E48503}\nProcessId: 17704\nImage: C:\\Program Files\\Mozilla Firefox\\firefox.exe\nImageLoaded: C:\\Windows\\System32\\dbgcore.dll\nFileVersion: 10.0.16299.15 (WinBuild.160101.0800)\nDescription: Windows Core Debugging Helpers\nProduct: Microsoft® Windows® Operating System\nCompany: Microsoft Corporation\nHashes: MD5=B0CE6D9553E366682720F27898951A55,SHA256=2740A2D36BBBBC0ABE2360B148C6154CDEF45526A16774D27EB93E1781AEBF37\nSigned: true\nSignature: Microsoft Windows\nSignatureStatus: Valid",
  "user": {
    "identifier": "S-1-5-18",
    "name": "SYSTEM",
    "domain": "NT AUTHORITY",
    "type": "Well Known Group"
  },
  "level": "정보",
  "task": "Image loaded (rule: ImageLoad)",
  "log_name": "Microsoft-Windows-Sysmon/Operational",
  "computer_name": "DESKTOP-WJANG",
  "beat": {
    "hostname": "DESKTOP-WJANG",
    "version": "6.2.2",
    "name": "DESKTOP-WJANG"
  },
  "opcode": "정보",
  "event_data": {
    "ImageLoaded": "C:\\Windows\\System32\\dbgcore.dll",
    "ProcessId": "17704",
    "Signature": "Microsoft Windows",
    "FileVersion": "10.0.16299.15 (WinBuild.160101.0800)",
    "Hashes": "MD5=B0CE6D9553E366682720F27898951A55,SHA256=2740A2D36BBBBC0ABE2360B148C6154CDEF45526A16774D27EB93E1781AEBF37",
    "SignatureStatus": "Valid",
    "Company": "Microsoft Corporation",
    "ProcessGuid": "{A376A8F6-F294-5A9C-0000-001052E48503}",
    "Product": "Microsoft® Windows® Operating System",
    "Description": "Windows Core Debugging Helpers",
    "Image": "C:\\Program Files\\Mozilla Firefox\\firefox.exe",
    "Signed": "true",
    "UtcTime": "2018-03-05 07:32:38.143"
  },
  "thread_id": 23584,
  "source_name": "Microsoft-Windows-Sysmon",
  "provider_guid": "{5770385F-C22A-43E0-BF4C-06F5698FFBD9}",
  "event_id": 7,
  "version": 3,
  "process_id": 8608,
  "type": "wineventlog"
}
{
  "@timestamp": "2018-03-05T07:32:38.457Z",
  "@metadata": {
    "beat": "winlogbeat",
    "type": "doc",
    "version": "6.2.2"
  },
  "level": "정보",
  "process_id": 8608,
  "thread_id": 23584,
  "beat": {
    "name": "DESKTOP-WJANG",
    "hostname": "DESKTOP-WJANG",
    "version": "6.2.2"
  },
  "computer_name": "DESKTOP-WJANG",
  "version": 3,
  "source_name": "Microsoft-Windows-Sysmon",
  "record_number": "296",
  "provider_guid": "{5770385F-C22A-43E0-BF4C-06F5698FFBD9}",
  "opcode": "정보",
  "event_id": 7,
  "log_name": "Microsoft-Windows-Sysmon/Operational",
  "user": {
    "identifier": "S-1-5-18",
    "name": "SYSTEM",
    "domain": "NT AUTHORITY",
    "type": "Well Known Group"
  },
  "event_data": {
    "Signature": "Microsoft Windows",
    "ProcessId": "17704",
    "ProcessGuid": "{A376A8F6-F294-5A9C-0000-001052E48503}",
    "Hashes": "MD5=AC5E46903DC862773FF3F3F309CB0D3A,SHA256=AF7F07B0EF8BF1B0FD534DC13ACDED77368034CAB1CF54C048654FC9BD776C20",
    "FileVersion": "10.0.16299.15 (WinBuild.160101.0800)",
    "Product": "Microsoft® Windows® Operating System",
    "Company": "Microsoft Corporation",
    "ImageLoaded": "C:\\Windows\\System32\\msctf.dll",
    "Description": "MSCTF Server DLL",
    "Signed": "true",
    "UtcTime": "2018-03-05 07:32:38.169",
    "Image": "C:\\Program Files\\Mozilla Firefox\\firefox.exe",
    "SignatureStatus": "Valid"
  },
  "type": "wineventlog",
  "task": "Image loaded (rule: ImageLoad)",
  "message": "Image loaded:\nUtcTime: 2018-03-05 07:32:38.169\nProcessGuid: {A376A8F6-F294-5A9C-0000-001052E48503}\nProcessId: 17704\nImage: C:\\Program Files\\Mozilla Firefox\\firefox.exe\nImageLoaded: C:\\Windows\\System32\\msctf.dll\nFileVersion: 10.0.16299.15 (WinBuild.160101.0800)\nDescription: MSCTF Server DLL\nProduct: Microsoft® Windows® Operating System\nCompany: Microsoft Corporation\nHashes: MD5=AC5E46903DC862773FF3F3F309CB0D3A,SHA256=AF7F07B0EF8BF1B0FD534DC13ACDED77368034CAB1CF54C048654FC9BD776C20\nSigned: true\nSignature: Microsoft Windows\nSignatureStatus: Valid"
}
{
  "@timestamp": "2018-03-05T07:32:38.470Z",
  "@metadata": {
    "beat": "winlogbeat",
    "type": "doc",
    "version": "6.2.2"
  },
  "record_number": "297",
  "provider_guid": "{5770385F-C22A-43E0-BF4C-06F5698FFBD9}",
  "event_data": {
    "ParentCommandLine": "\"C:\\Program Files\\Mozilla Firefox\\firefox.exe\" ",
    "Company": "Mozilla Corporation",
    "Image": "C:\\Program Files\\Mozilla Firefox\\firefox.exe",
    "ParentImage": "C:\\Program Files\\Mozilla Firefox\\firefox.exe",
    "Product": "Firefox",
    "ProcessGuid": "{A376A8F6-F296-5A9C-0000-0010274B8703}",
    "UtcTime": "2018-03-05 07:32:38.463",
    "User": "DESKTOP-WJANG\\wook8170",
    "LogonId": "0x13b28a",
    "TerminalSessionId": "1",
    "IntegrityLevel": "Medium",
    "LogonGuid": "{A376A8F6-ECB5-5A9C-0000-00208AB21300}",
    "Hashes": "MD5=22819EB3C648583352AE83003E4C9A56,SHA256=4B69AE5B7D548EFC56FDBE2E650CE2B519AE0C9C928640023077B956C51A7138",
    "CurrentDirectory": "C:\\Program Files\\Mozilla Firefox\\",
    "Description": "Firefox",
    "ParentProcessGuid": "{A376A8F6-F294-5A9C-0000-001052E48503}",
    "ProcessId": "25848",
    "FileVersion": "58.0.2",
    "CommandLine": "\"C:\\Program Files\\Mozilla Firefox\\firefox.exe\" -contentproc --channel=\"17704.0.790735053\\1481216186\" -greomni \"C:\\Program Files\\Mozilla Firefox\\omni.ja\" -appomni \"C:\\Program Files\\Mozilla Firefox\\browser\\omni.ja\" -appdir \"C:\\Program Files\\Mozilla Firefox\\browser\"  \"C:\\Users\\wook8170\\AppData\\LocalLow\\Mozilla\\Temp-{0aa63d4b-0bc0-4754-bd4a-1e621ca9132f}\" 17704 \"\\\\.\\pipe\\gecko-crash-server-pipe.17704\" gpu",
    "ParentProcessId": "17704"
  },
  "event_id": 1,
  "log_name": "Microsoft-Windows-Sysmon/Operational",
  "computer_name": "DESKTOP-WJANG",
  "process_id": 8608,
  "task": "Process Create (rule: ProcessCreate)",
  "opcode": "정보",
  "user": {
    "type": "Well Known Group",
    "identifier": "S-1-5-18",
    "name": "SYSTEM",
    "domain": "NT AUTHORITY"
  },
  "beat": {
    "name": "DESKTOP-WJANG",
    "hostname": "DESKTOP-WJANG",
    "version": "6.2.2"
  },
  "message": "Process Create:\nUtcTime: 2018-03-05 07:32:38.463\nProcessGuid: {A376A8F6-F296-5A9C-0000-0010274B8703}\nProcessId: 25848\nImage: C:\\Program Files\\Mozilla Firefox\\firefox.exe\nFileVersion: 58.0.2\nDescription: Firefox\nProduct: Firefox\nCompany: Mozilla Corporation\nCommandLine: \"C:\\Program Files\\Mozilla Firefox\\firefox.exe\" -contentproc --channel=\"17704.0.790735053\\1481216186\" -greomni \"C:\\Program Files\\Mozilla Firefox\\omni.ja\" -appomni \"C:\\Program Files\\Mozilla Firefox\\browser\\omni.ja\" -appdir \"C:\\Program Files\\Mozilla Firefox\\browser\"  \"C:\\Users\\wook8170\\AppData\\LocalLow\\Mozilla\\Temp-{0aa63d4b-0bc0-4754-bd4a-1e621ca9132f}\" 17704 \"\\\\.\\pipe\\gecko-crash-server-pipe.17704\" gpu\nCurrentDirectory: C:\\Program Files\\Mozilla Firefox\\\nUser: DESKTOP-WJANG\\wook8170\nLogonGuid: {A376A8F6-ECB5-5A9C-0000-00208AB21300}\nLogonId: 0x13B28A\nTerminalSessionId: 1\nIntegrityLevel: Medium\nHashes: MD5=22819EB3C648583352AE83003E4C9A56,SHA256=4B69AE5B7D548EFC56FDBE2E650CE2B519AE0C9C928640023077B956C51A7138\nParentProcessGuid: {A376A8F6-F294-5A9C-0000-001052E48503}\nParentProcessId: 17704\nParentImage: C:\\Program Files\\Mozilla Firefox\\firefox.exe\nParentCommandLine: \"C:\\Program Files\\Mozilla Firefox\\firefox.exe\" ",
  "thread_id": 19220,
  "level": "정보",
  "type": "wineventlog",
  "source_name": "Microsoft-Windows-Sysmon",
  "version": 5
}
