{
  "@timestamp": "2018-03-05T07:24:12.300Z",
  "@metadata": {
    "beat": "winlogbeat",
    "type": "doc",
    "version": "6.2.2"
  },
  "opcode": "정보",
  "computer_name": "DESKTOP-WJANG",
  "version": 5,
  "task": "Network connection detected (rule: NetworkConnect)",
  "process_id": 8608,
  "thread_id": 23856,
  "event_data": {
    "DestinationPortName": "https",
    "DestinationIsIpv6": "false",
    "SourceHostname": "DESKTOP-WJANG",
    "Image": "C:\\Program Files\\Mozilla Firefox\\firefox.exe",
    "DestinationPort": "443",
    "ProcessId": "17568",
    "SourcePort": "2203",
    "DestinationHostname": "del01s08-in-f195.1e100.net",
    "UtcTime": "2018-03-05 07:24:11.067",
    "SourceIsIpv6": "false",
    "SourceIp": "192.168.198.67",
    "ProcessGuid": "{A376A8F6-ECC2-5A9C-0000-0010E1111D00}",
    "Protocol": "tcp",
    "Initiated": "true",
    "User": "DESKTOP-WJANG\\wook8170",
    "DestinationIp": "216.58.220.195"
  },
  "type": "wineventlog",
  "record_number": "26",
  "provider_guid": "{5770385F-C22A-43E0-BF4C-06F5698FFBD9}",
  "log_name": "Microsoft-Windows-Sysmon/Operational",
  "source_name": "Microsoft-Windows-Sysmon",
  "message": "Network connection detected:\nUtcTime: 2018-03-05 07:24:11.067\nProcessGuid: {A376A8F6-ECC2-5A9C-0000-0010E1111D00}\nProcessId: 17568\nImage: C:\\Program Files\\Mozilla Firefox\\firefox.exe\nUser: DESKTOP-WJANG\\wook8170\nProtocol: tcp\nInitiated: true\nSourceIsIpv6: false\nSourceIp: 192.168.198.67\nSourceHostname: DESKTOP-WJANG\nSourcePort: 2203\nSourcePortName: \nDestinationIsIpv6: false\nDestinationIp: 216.58.220.195\nDestinationHostname: del01s08-in-f195.1e100.net\nDestinationPort: 443\nDestinationPortName: https",
  "level": "정보",
  "beat": {
    "hostname": "DESKTOP-WJANG",
    "version": "6.2.2",
    "name": "DESKTOP-WJANG"
  },
  "user": {
    "domain": "NT AUTHORITY",
    "type": "Well Known Group",
    "identifier": "S-1-5-18",
    "name": "SYSTEM"
  },
  "event_id": 3
}
{
  "@timestamp": "2018-03-05T07:24:12.300Z",
  "@metadata": {
    "beat": "winlogbeat",
    "type": "doc",
    "version": "6.2.2"
  },
  "event_data": {
    "DestinationPortName": "https",
    "Image": "C:\\Program Files\\Mozilla Firefox\\firefox.exe",
    "Protocol": "tcp",
    "UtcTime": "2018-03-05 07:24:11.237",
    "SourceIp": "192.168.198.67",
    "SourceHostname": "DESKTOP-WJANG",
    "DestinationIsIpv6": "false",
    "ProcessId": "17568",
    "User": "DESKTOP-WJANG\\wook8170",
    "ProcessGuid": "{A376A8F6-ECC2-5A9C-0000-0010E1111D00}",
    "DestinationHostname": "hkg12s11-in-f3.1e100.net",
    "SourceIsIpv6": "false",
    "DestinationPort": "443",
    "Initiated": "true",
    "SourcePort": "2204",
    "DestinationIp": "216.58.200.3"
  },
  "message": "Network connection detected:\nUtcTime: 2018-03-05 07:24:11.237\nProcessGuid: {A376A8F6-ECC2-5A9C-0000-0010E1111D00}\nProcessId: 17568\nImage: C:\\Program Files\\Mozilla Firefox\\firefox.exe\nUser: DESKTOP-WJANG\\wook8170\nProtocol: tcp\nInitiated: true\nSourceIsIpv6: false\nSourceIp: 192.168.198.67\nSourceHostname: DESKTOP-WJANG\nSourcePort: 2204\nSourcePortName: \nDestinationIsIpv6: false\nDestinationIp: 216.58.200.3\nDestinationHostname: hkg12s11-in-f3.1e100.net\nDestinationPort: 443\nDestinationPortName: https",
  "task": "Network connection detected (rule: NetworkConnect)",
  "log_name": "Microsoft-Windows-Sysmon/Operational",
  "source_name": "Microsoft-Windows-Sysmon",
  "type": "wineventlog",
  "opcode": "정보",
  "beat": {
    "name": "DESKTOP-WJANG",
    "hostname": "DESKTOP-WJANG",
    "version": "6.2.2"
  },
  "record_number": "27",
  "level": "정보",
  "process_id": 8608,
  "thread_id": 23856,
  "computer_name": "DESKTOP-WJANG",
  "event_id": 3,
  "provider_guid": "{5770385F-C22A-43E0-BF4C-06F5698FFBD9}",
  "version": 5,
  "user": {
    "name": "SYSTEM",
    "domain": "NT AUTHORITY",
    "type": "Well Known Group",
    "identifier": "S-1-5-18"
  }
}
{
  "@timestamp": "2018-03-05T07:24:12.300Z",
  "@metadata": {
    "beat": "winlogbeat",
    "type": "doc",
    "version": "6.2.2"
  },
  "level": "정보",
  "task": "Network connection detected (rule: NetworkConnect)",
  "beat": {
    "name": "DESKTOP-WJANG",
    "hostname": "DESKTOP-WJANG",
    "version": "6.2.2"
  },
  "user": {
    "identifier": "S-1-5-18",
    "name": "SYSTEM",
    "domain": "NT AUTHORITY",
    "type": "Well Known Group"
  },
  "thread_id": 23856,
  "computer_name": "DESKTOP-WJANG",
  "provider_guid": "{5770385F-C22A-43E0-BF4C-06F5698FFBD9}",
  "source_name": "Microsoft-Windows-Sysmon",
  "process_id": 8608,
  "event_id": 3,
  "event_data": {
    "ProcessId": "17568",
    "Image": "C:\\Program Files\\Mozilla Firefox\\firefox.exe",
    "SourceHostname": "DESKTOP-WJANG",
    "DestinationPortName": "https",
    "SourceIsIpv6": "false",
    "DestinationIp": "172.217.31.226",
    "DestinationPort": "443",
    "SourceIp": "192.168.198.67",
    "ProcessGuid": "{A376A8F6-ECC2-5A9C-0000-0010E1111D00}",
    "User": "DESKTOP-WJANG\\wook8170",
    "Protocol": "tcp",
    "DestinationHostname": "hkg07s28-in-f2.1e100.net",
    "SourcePort": "2205",
    "DestinationIsIpv6": "false",
    "Initiated": "true",
    "UtcTime": "2018-03-05 07:24:11.294"
  },
  "type": "wineventlog",
  "opcode": "정보",
  "record_number": "28",
  "message": "Network connection detected:\nUtcTime: 2018-03-05 07:24:11.294\nProcessGuid: {A376A8F6-ECC2-5A9C-0000-0010E1111D00}\nProcessId: 17568\nImage: C:\\Program Files\\Mozilla Firefox\\firefox.exe\nUser: DESKTOP-WJANG\\wook8170\nProtocol: tcp\nInitiated: true\nSourceIsIpv6: false\nSourceIp: 192.168.198.67\nSourceHostname: DESKTOP-WJANG\nSourcePort: 2205\nSourcePortName: \nDestinationIsIpv6: false\nDestinationIp: 172.217.31.226\nDestinationHostname: hkg07s28-in-f2.1e100.net\nDestinationPort: 443\nDestinationPortName: https",
  "log_name": "Microsoft-Windows-Sysmon/Operational",
  "version": 5
}
{
  "@timestamp": "2018-03-05T07:24:12.550Z",
  "@metadata": {
    "beat": "winlogbeat",
    "type": "doc",
    "version": "6.2.2"
  },
  "version": 5,
  "message": "Network connection detected:\nUtcTime: 2018-03-05 07:24:11.429\nProcessGuid: {A376A8F6-ECC2-5A9C-0000-0010E1111D00}\nProcessId: 17568\nImage: C:\\Program Files\\Mozilla Firefox\\firefox.exe\nUser: DESKTOP-WJANG\\wook8170\nProtocol: tcp\nInitiated: true\nSourceIsIpv6: false\nSourceIp: 192.168.198.67\nSourceHostname: DESKTOP-WJANG\nSourcePort: 2206\nSourcePortName: \nDestinationIsIpv6: false\nDestinationIp: 216.58.221.238\nDestinationHostname: hkg07s21-in-f14.1e100.net\nDestinationPort: 443\nDestinationPortName: https",
  "task": "Network connection detected (rule: NetworkConnect)",
  "process_id": 8608,
  "opcode": "정보",
  "user": {
    "domain": "NT AUTHORITY",
    "type": "Well Known Group",
    "identifier": "S-1-5-18",
    "name": "SYSTEM"
  },
  "beat": {
    "name": "DESKTOP-WJANG",
    "hostname": "DESKTOP-WJANG",
    "version": "6.2.2"
  },
  "computer_name": "DESKTOP-WJANG",
  "source_name": "Microsoft-Windows-Sysmon",
  "record_number": "29",
  "log_name": "Microsoft-Windows-Sysmon/Operational",
  "thread_id": 23856,
  "event_id": 3,
  "provider_guid": "{5770385F-C22A-43E0-BF4C-06F5698FFBD9}",
  "level": "정보",
  "event_data": {
    "DestinationPort": "443",
    "Protocol": "tcp",
    "DestinationIp": "216.58.221.238",
    "DestinationHostname": "hkg07s21-in-f14.1e100.net",
    "Image": "C:\\Program Files\\Mozilla Firefox\\firefox.exe",
    "SourceIp": "192.168.198.67",
    "SourcePort": "2206",
    "Initiated": "true",
    "DestinationIsIpv6": "false",
    "SourceIsIpv6": "false",
    "User": "DESKTOP-WJANG\\wook8170",
    "SourceHostname": "DESKTOP-WJANG",
    "DestinationPortName": "https",
    "ProcessGuid": "{A376A8F6-ECC2-5A9C-0000-0010E1111D00}",
    "ProcessId": "17568",
    "UtcTime": "2018-03-05 07:24:11.429"
  },
  "type": "wineventlog"
}
{
  "@timestamp": "2018-03-05T07:24:12.550Z",
  "@metadata": {
    "beat": "winlogbeat",
    "type": "doc",
    "version": "6.2.2"
  },
  "user": {
    "identifier": "S-1-5-18",
    "name": "SYSTEM",
    "domain": "NT AUTHORITY",
    "type": "Well Known Group"
  },
  "event_data": {
    "SourceIp": "192.168.198.67",
    "ProcessGuid": "{A376A8F6-ECC2-5A9C-0000-0010E1111D00}",
    "Protocol": "tcp",
    "SourcePort": "2207",
    "SourceIsIpv6": "false",
    "ProcessId": "17568",
    "Initiated": "true",
    "DestinationHostname": "hkg12s11-in-f14.1e100.net",
    "User": "DESKTOP-WJANG\\wook8170",
    "Image": "C:\\Program Files\\Mozilla Firefox\\firefox.exe",
    "DestinationIp": "216.58.200.14",
    "DestinationIsIpv6": "false",
    "DestinationPortName": "https",
    "UtcTime": "2018-03-05 07:24:11.452",
    "SourceHostname": "DESKTOP-WJANG",
    "DestinationPort": "443"
  },
  "level": "정보",
  "process_id": 8608,
  "record_number": "30",
  "event_id": 3,
  "provider_guid": "{5770385F-C22A-43E0-BF4C-06F5698FFBD9}",
  "message": "Network connection detected:\nUtcTime: 2018-03-05 07:24:11.452\nProcessGuid: {A376A8F6-ECC2-5A9C-0000-0010E1111D00}\nProcessId: 17568\nImage: C:\\Program Files\\Mozilla Firefox\\firefox.exe\nUser: DESKTOP-WJANG\\wook8170\nProtocol: tcp\nInitiated: true\nSourceIsIpv6: false\nSourceIp: 192.168.198.67\nSourceHostname: DESKTOP-WJANG\nSourcePort: 2207\nSourcePortName: \nDestinationIsIpv6: false\nDestinationIp: 216.58.200.14\nDestinationHostname: hkg12s11-in-f14.1e100.net\nDestinationPort: 443\nDestinationPortName: https",
  "thread_id": 23856,
  "log_name": "Microsoft-Windows-Sysmon/Operational",
  "version": 5,
  "beat": {
    "name": "DESKTOP-WJANG",
    "hostname": "DESKTOP-WJANG",
    "version": "6.2.2"
  },
  "computer_name": "DESKTOP-WJANG",
  "type": "wineventlog",
  "source_name": "Microsoft-Windows-Sysmon",
  "task": "Network connection detected (rule: NetworkConnect)",
  "opcode": "정보"
}
{
  "@timestamp": "2018-03-05T07:24:12.550Z",
  "@metadata": {
    "beat": "winlogbeat",
    "type": "doc",
    "version": "6.2.2"
  },
  "user": {
    "name": "SYSTEM",
    "domain": "NT AUTHORITY",
    "type": "Well Known Group",
    "identifier": "S-1-5-18"
  },
  "event_data": {
    "DestinationPortName": "https",
    "SourcePort": "2208",
    "DestinationIp": "216.58.221.110",
    "DestinationPort": "443",
    "UtcTime": "2018-03-05 07:24:11.493",
    "User": "DESKTOP-WJANG\\wook8170",
    "SourceIsIpv6": "false",
    "DestinationIsIpv6": "false",
    "ProcessGuid": "{A376A8F6-ECC2-5A9C-0000-0010E1111D00}",
    "SourceHostname": "DESKTOP-WJANG",
    "Protocol": "tcp",
    "SourceIp": "192.168.198.67",
    "DestinationHostname": "hkg07s01-in-f110.1e100.net",
    "ProcessId": "17568",
    "Image": "C:\\Program Files\\Mozilla Firefox\\firefox.exe",
    "Initiated": "true"
  },
  "type": "wineventlog",
  "source_name": "Microsoft-Windows-Sysmon",
  "level": "정보",
  "event_id": 3,
  "provider_guid": "{5770385F-C22A-43E0-BF4C-06F5698FFBD9}",
  "opcode": "정보",
  "task": "Network connection detected (rule: NetworkConnect)",
  "version": 5,
  "thread_id": 23856,
  "beat": {
    "name": "DESKTOP-WJANG",
    "hostname": "DESKTOP-WJANG",
    "version": "6.2.2"
  },
  "process_id": 8608,
  "computer_name": "DESKTOP-WJANG",
  "record_number": "31",
  "log_name": "Microsoft-Windows-Sysmon/Operational",
  "message": "Network connection detected:\nUtcTime: 2018-03-05 07:24:11.493\nProcessGuid: {A376A8F6-ECC2-5A9C-0000-0010E1111D00}\nProcessId: 17568\nImage: C:\\Program Files\\Mozilla Firefox\\firefox.exe\nUser: DESKTOP-WJANG\\wook8170\nProtocol: tcp\nInitiated: true\nSourceIsIpv6: false\nSourceIp: 192.168.198.67\nSourceHostname: DESKTOP-WJANG\nSourcePort: 2208\nSourcePortName: \nDestinationIsIpv6: false\nDestinationIp: 216.58.221.110\nDestinationHostname: hkg07s01-in-f110.1e100.net\nDestinationPort: 443\nDestinationPortName: https"
}
{
  "@timestamp": "2018-03-05T07:24:17.309Z",
  "@metadata": {
    "beat": "winlogbeat",
    "type": "doc",
    "version": "6.2.2"
  },
  "thread_id": 23856,
  "message": "Network connection detected:\nUtcTime: 2018-03-05 07:24:16.294\nProcessGuid: {A376A8F6-ECA3-5A9C-0000-00105CF10200}\nProcessId: 4800\nImage: C:\\Windows\\System32\\svchost.exe\nUser: NT AUTHORITY\\SYSTEM\nProtocol: tcp\nInitiated: true\nSourceIsIpv6: false\nSourceIp: 192.168.198.67\nSourceHostname: DESKTOP-WJANG\nSourcePort: 2209\nSourcePortName: \nDestinationIsIpv6: false\nDestinationIp: 111.221.29.254\nDestinationHostname: \nDestinationPort: 443\nDestinationPortName: https",
  "provider_guid": "{5770385F-C22A-43E0-BF4C-06F5698FFBD9}",
  "source_name": "Microsoft-Windows-Sysmon",
  "level": "정보",
  "task": "Network connection detected (rule: NetworkConnect)",
  "computer_name": "DESKTOP-WJANG",
  "user": {
    "type": "Well Known Group",
    "identifier": "S-1-5-18",
    "name": "SYSTEM",
    "domain": "NT AUTHORITY"
  },
  "log_name": "Microsoft-Windows-Sysmon/Operational",
  "record_number": "32",
  "opcode": "정보",
  "beat": {
    "hostname": "DESKTOP-WJANG",
    "version": "6.2.2",
    "name": "DESKTOP-WJANG"
  },
  "event_id": 3,
  "process_id": 8608,
  "type": "wineventlog",
  "event_data": {
    "DestinationIsIpv6": "false",
    "UtcTime": "2018-03-05 07:24:16.294",
    "ProcessGuid": "{A376A8F6-ECA3-5A9C-0000-00105CF10200}",
    "SourceHostname": "DESKTOP-WJANG",
    "SourcePort": "2209",
    "DestinationIp": "111.221.29.254",
    "DestinationPort": "443",
    "User": "NT AUTHORITY\\SYSTEM",
    "Image": "C:\\Windows\\System32\\svchost.exe",
    "SourceIp": "192.168.198.67",
    "Protocol": "tcp",
    "SourceIsIpv6": "false",
    "ProcessId": "4800",
    "Initiated": "true",
    "DestinationPortName": "https"
  },
  "version": 5
}
{
  "@timestamp": "2018-03-05T07:24:17.560Z",
  "@metadata": {
    "beat": "winlogbeat",
    "type": "doc",
    "version": "6.2.2"
  },
  "user": {
    "type": "Well Known Group",
    "identifier": "S-1-5-18",
    "name": "SYSTEM",
    "domain": "NT AUTHORITY"
  },
  "record_number": "33",
  "event_id": 3,
  "message": "Network connection detected:\nUtcTime: 2018-03-05 07:24:16.418\nProcessGuid: {A376A8F6-ECC2-5A9C-0000-0010E1111D00}\nProcessId: 17568\nImage: C:\\Program Files\\Mozilla Firefox\\firefox.exe\nUser: DESKTOP-WJANG\\wook8170\nProtocol: tcp\nInitiated: true\nSourceIsIpv6: false\nSourceIp: 192.168.198.67\nSourceHostname: DESKTOP-WJANG\nSourcePort: 2210\nSourcePortName: \nDestinationIsIpv6: false\nDestinationIp: 211.231.99.17\nDestinationHostname: \nDestinationPort: 80\nDestinationPortName: http",
  "beat": {
    "name": "DESKTOP-WJANG",
    "hostname": "DESKTOP-WJANG",
    "version": "6.2.2"
  },
  "process_id": 8608,
  "log_name": "Microsoft-Windows-Sysmon/Operational",
  "source_name": "Microsoft-Windows-Sysmon",
  "computer_name": "DESKTOP-WJANG",
  "provider_guid": "{5770385F-C22A-43E0-BF4C-06F5698FFBD9}",
  "version": 5,
  "level": "정보",
  "event_data": {
    "ProcessId": "17568",
    "Image": "C:\\Program Files\\Mozilla Firefox\\firefox.exe",
    "DestinationPortName": "http",
    "User": "DESKTOP-WJANG\\wook8170",
    "Initiated": "true",
    "SourceHostname": "DESKTOP-WJANG",
    "DestinationIp": "211.231.99.17",
    "Protocol": "tcp",
    "SourceIsIpv6": "false",
    "SourcePort": "2210",
    "SourceIp": "192.168.198.67",
    "UtcTime": "2018-03-05 07:24:16.418",
    "DestinationIsIpv6": "false",
    "ProcessGuid": "{A376A8F6-ECC2-5A9C-0000-0010E1111D00}",
    "DestinationPort": "80"
  },
  "type": "wineventlog",
  "opcode": "정보",
  "task": "Network connection detected (rule: NetworkConnect)",
  "thread_id": 23856
}
{
  "@timestamp": "2018-03-05T07:24:17.560Z",
  "@metadata": {
    "beat": "winlogbeat",
    "type": "doc",
    "version": "6.2.2"
  },
  "task": "Network connection detected (rule: NetworkConnect)",
  "type": "wineventlog",
  "source_name": "Microsoft-Windows-Sysmon",
  "thread_id": 23856,
  "log_name": "Microsoft-Windows-Sysmon/Operational",
  "event_id": 3,
  "beat": {
    "name": "DESKTOP-WJANG",
    "hostname": "DESKTOP-WJANG",
    "version": "6.2.2"
  },
  "computer_name": "DESKTOP-WJANG",
  "process_id": 8608,
  "user": {
    "identifier": "S-1-5-18",
    "name": "SYSTEM",
    "domain": "NT AUTHORITY",
    "type": "Well Known Group"
  },
  "version": 5,
  "opcode": "정보",
  "event_data": {
    "DestinationPort": "443",
    "UtcTime": "2018-03-05 07:24:16.484",
    "ProcessGuid": "{A376A8F6-ECC2-5A9C-0000-0010E1111D00}",
    "SourceIp": "192.168.198.67",
    "DestinationIp": "216.58.200.14",
    "Protocol": "tcp",
    "DestinationIsIpv6": "false",
    "SourcePort": "2211",
    "DestinationPortName": "https",
    "ProcessId": "17568",
    "SourceHostname": "DESKTOP-WJANG",
    "Image": "C:\\Program Files\\Mozilla Firefox\\firefox.exe",
    "User": "DESKTOP-WJANG\\wook8170",
    "Initiated": "true",
    "SourceIsIpv6": "false",
    "DestinationHostname": "hkg12s11-in-f14.1e100.net"
  },
  "record_number": "34",
  "provider_guid": "{5770385F-C22A-43E0-BF4C-06F5698FFBD9}",
  "level": "정보",
  "message": "Network connection detected:\nUtcTime: 2018-03-05 07:24:16.484\nProcessGuid: {A376A8F6-ECC2-5A9C-0000-0010E1111D00}\nProcessId: 17568\nImage: C:\\Program Files\\Mozilla Firefox\\firefox.exe\nUser: DESKTOP-WJANG\\wook8170\nProtocol: tcp\nInitiated: true\nSourceIsIpv6: false\nSourceIp: 192.168.198.67\nSourceHostname: DESKTOP-WJANG\nSourcePort: 2211\nSourcePortName: \nDestinationIsIpv6: false\nDestinationIp: 216.58.200.14\nDestinationHostname: hkg12s11-in-f14.1e100.net\nDestinationPort: 443\nDestinationPortName: https"
}
{
  "@timestamp": "2018-03-05T07:24:17.810Z",
  "@metadata": {
    "beat": "winlogbeat",
    "type": "doc",
    "version": "6.2.2"
  },
  "computer_name": "DESKTOP-WJANG",
  "level": "정보",
  "user": {
    "identifier": "S-1-5-18",
    "name": "SYSTEM",
    "domain": "NT AUTHORITY",
    "type": "Well Known Group"
  },
  "provider_guid": "{5770385F-C22A-43E0-BF4C-06F5698FFBD9}",
  "message": "Network connection detected:\nUtcTime: 2018-03-05 07:24:16.795\nProcessGuid: {A376A8F6-ECC2-5A9C-0000-0010E1111D00}\nProcessId: 17568\nImage: C:\\Program Files\\Mozilla Firefox\\firefox.exe\nUser: DESKTOP-WJANG\\wook8170\nProtocol: tcp\nInitiated: true\nSourceIsIpv6: false\nSourceIp: 192.168.198.67\nSourceHostname: DESKTOP-WJANG\nSourcePort: 2212\nSourcePortName: \nDestinationIsIpv6: false\nDestinationIp: 172.217.24.196\nDestinationHostname: hkg12s13-in-f4.1e100.net\nDestinationPort: 443\nDestinationPortName: https",
  "thread_id": 23856,
  "opcode": "정보",
  "event_id": 3,
  "log_name": "Microsoft-Windows-Sysmon/Operational",
  "version": 5,
  "type": "wineventlog",
  "beat": {
    "name": "DESKTOP-WJANG",
    "hostname": "DESKTOP-WJANG",
    "version": "6.2.2"
  },
  "event_data": {
    "DestinationPort": "443",
    "ProcessGuid": "{A376A8F6-ECC2-5A9C-0000-0010E1111D00}",
    "UtcTime": "2018-03-05 07:24:16.795",
    "Image": "C:\\Program Files\\Mozilla Firefox\\firefox.exe",
    "DestinationPortName": "https",
    "DestinationHostname": "hkg12s13-in-f4.1e100.net",
    "DestinationIsIpv6": "false",
    "DestinationIp": "172.217.24.196",
    "ProcessId": "17568",
    "Initiated": "true",
    "SourceIsIpv6": "false",
    "SourceHostname": "DESKTOP-WJANG",
    "User": "DESKTOP-WJANG\\wook8170",
    "SourceIp": "192.168.198.67",
    "SourcePort": "2212",
    "Protocol": "tcp"
  },
  "task": "Network connection detected (rule: NetworkConnect)",
  "source_name": "Microsoft-Windows-Sysmon",
  "process_id": 8608,
  "record_number": "35"
}
{
  "@timestamp": "2018-03-05T07:24:18.061Z",
  "@metadata": {
    "beat": "winlogbeat",
    "type": "doc",
    "version": "6.2.2"
  },
  "level": "정보",
  "opcode": "정보",
  "source_name": "Microsoft-Windows-Sysmon",
  "task": "Network connection detected (rule: NetworkConnect)",
  "process_id": 8608,
  "user": {
    "name": "SYSTEM",
    "domain": "NT AUTHORITY",
    "type": "Well Known Group",
    "identifier": "S-1-5-18"
  },
  "log_name": "Microsoft-Windows-Sysmon/Operational",
  "record_number": "36",
  "type": "wineventlog",
  "computer_name": "DESKTOP-WJANG",
  "message": "Network connection detected:\nUtcTime: 2018-03-05 07:24:16.857\nProcessGuid: {A376A8F6-ECC2-5A9C-0000-0010E1111D00}\nProcessId: 17568\nImage: C:\\Program Files\\Mozilla Firefox\\firefox.exe\nUser: DESKTOP-WJANG\\wook8170\nProtocol: tcp\nInitiated: true\nSourceIsIpv6: false\nSourceIp: 192.168.198.67\nSourceHostname: DESKTOP-WJANG\nSourcePort: 2213\nSourcePortName: \nDestinationIsIpv6: false\nDestinationIp: 216.58.220.206\nDestinationHostname: del01s08-in-f206.1e100.net\nDestinationPort: 443\nDestinationPortName: https",
  "provider_guid": "{5770385F-C22A-43E0-BF4C-06F5698FFBD9}",
  "event_id": 3,
  "event_data": {
    "DestinationIsIpv6": "false",
    "ProcessGuid": "{A376A8F6-ECC2-5A9C-0000-0010E1111D00}",
    "SourceIp": "192.168.198.67",
    "User": "DESKTOP-WJANG\\wook8170",
    "Initiated": "true",
    "SourceIsIpv6": "false",
    "DestinationPort": "443",
    "ProcessId": "17568",
    "Image": "C:\\Program Files\\Mozilla Firefox\\firefox.exe",
    "SourceHostname": "DESKTOP-WJANG",
    "SourcePort": "2213",
    "DestinationHostname": "del01s08-in-f206.1e100.net",
    "DestinationPortName": "https",
    "Protocol": "tcp",
    "UtcTime": "2018-03-05 07:24:16.857",
    "DestinationIp": "216.58.220.206"
  },
  "version": 5,
  "thread_id": 23856,
  "beat": {
    "name": "DESKTOP-WJANG",
    "hostname": "DESKTOP-WJANG",
    "version": "6.2.2"
  }
}
{
  "@timestamp": "2018-03-05T07:24:18.061Z",
  "@metadata": {
    "beat": "winlogbeat",
    "type": "doc",
    "version": "6.2.2"
  },
  "log_name": "Microsoft-Windows-Sysmon/Operational",
  "task": "Network connection detected (rule: NetworkConnect)",
  "record_number": "37",
  "level": "정보",
  "beat": {
    "name": "DESKTOP-WJANG",
    "hostname": "DESKTOP-WJANG",
    "version": "6.2.2"
  },
  "version": 5,
  "user": {
    "identifier": "S-1-5-18",
    "name": "SYSTEM",
    "domain": "NT AUTHORITY",
    "type": "Well Known Group"
  },
  "event_id": 3,
  "type": "wineventlog",
  "source_name": "Microsoft-Windows-Sysmon",
  "event_data": {
    "Initiated": "true",
    "SourceIsIpv6": "false",
    "DestinationHostname": "hkg12s13-in-f4.1e100.net",
    "DestinationPortName": "https",
    "Image": "C:\\Program Files\\Mozilla Firefox\\firefox.exe",
    "SourcePort": "2214",
    "ProcessId": "17568",
    "DestinationIp": "172.217.24.196",
    "ProcessGuid": "{A376A8F6-ECC2-5A9C-0000-0010E1111D00}",
    "Protocol": "tcp",
    "UtcTime": "2018-03-05 07:24:16.964",
    "SourceIp": "192.168.198.67",
    "DestinationIsIpv6": "false",
    "SourceHostname": "DESKTOP-WJANG",
    "DestinationPort": "443",
    "User": "DESKTOP-WJANG\\wook8170"
  },
  "opcode": "정보",
  "message": "Network connection detected:\nUtcTime: 2018-03-05 07:24:16.964\nProcessGuid: {A376A8F6-ECC2-5A9C-0000-0010E1111D00}\nProcessId: 17568\nImage: C:\\Program Files\\Mozilla Firefox\\firefox.exe\nUser: DESKTOP-WJANG\\wook8170\nProtocol: tcp\nInitiated: true\nSourceIsIpv6: false\nSourceIp: 192.168.198.67\nSourceHostname: DESKTOP-WJANG\nSourcePort: 2214\nSourcePortName: \nDestinationIsIpv6: false\nDestinationIp: 172.217.24.196\nDestinationHostname: hkg12s13-in-f4.1e100.net\nDestinationPort: 443\nDestinationPortName: https",
  "computer_name": "DESKTOP-WJANG",
  "provider_guid": "{5770385F-C22A-43E0-BF4C-06F5698FFBD9}",
  "process_id": 8608,
  "thread_id": 23856
}
{
  "@timestamp": "2018-03-05T07:24:18.561Z",
  "@metadata": {
    "beat": "winlogbeat",
    "type": "doc",
    "version": "6.2.2"
  },
  "beat": {
    "version": "6.2.2",
    "name": "DESKTOP-WJANG",
    "hostname": "DESKTOP-WJANG"
  },
  "record_number": "38",
  "version": 5,
  "computer_name": "DESKTOP-WJANG",
  "message": "Network connection detected:\nUtcTime: 2018-03-05 07:24:17.507\nProcessGuid: {A376A8F6-ECC2-5A9C-0000-0010E1111D00}\nProcessId: 17568\nImage: C:\\Program Files\\Mozilla Firefox\\firefox.exe\nUser: DESKTOP-WJANG\\wook8170\nProtocol: tcp\nInitiated: true\nSourceIsIpv6: false\nSourceIp: 192.168.198.67\nSourceHostname: DESKTOP-WJANG\nSourcePort: 2215\nSourcePortName: \nDestinationIsIpv6: false\nDestinationIp: 211.231.99.17\nDestinationHostname: \nDestinationPort: 443\nDestinationPortName: https",
  "provider_guid": "{5770385F-C22A-43E0-BF4C-06F5698FFBD9}",
  "level": "정보",
  "type": "wineventlog",
  "thread_id": 23856,
  "source_name": "Microsoft-Windows-Sysmon",
  "opcode": "정보",
  "event_id": 3,
  "user": {
    "identifier": "S-1-5-18",
    "name": "SYSTEM",
    "domain": "NT AUTHORITY",
    "type": "Well Known Group"
  },
  "process_id": 8608,
  "task": "Network connection detected (rule: NetworkConnect)",
  "log_name": "Microsoft-Windows-Sysmon/Operational",
  "event_data": {
    "DestinationIp": "211.231.99.17",
    "Protocol": "tcp",
    "UtcTime": "2018-03-05 07:24:17.507",
    "SourcePort": "2215",
    "Image": "C:\\Program Files\\Mozilla Firefox\\firefox.exe",
    "Initiated": "true",
    "DestinationIsIpv6": "false",
    "SourceHostname": "DESKTOP-WJANG",
    "SourceIp": "192.168.198.67",
    "DestinationPortName": "https",
    "User": "DESKTOP-WJANG\\wook8170",
    "ProcessGuid": "{A376A8F6-ECC2-5A9C-0000-0010E1111D00}",
    "ProcessId": "17568",
    "SourceIsIpv6": "false",
    "DestinationPort": "443"
  }
}
{
  "@timestamp": "2018-03-05T07:24:18.811Z",
  "@metadata": {
    "beat": "winlogbeat",
    "type": "doc",
    "version": "6.2.2"
  },
  "source_name": "Microsoft-Windows-Sysmon",
  "computer_name": "DESKTOP-WJANG",
  "opcode": "정보",
  "version": 5,
  "event_data": {
    "Protocol": "tcp",
    "User": "DESKTOP-WJANG\\wook8170",
    "SourceIsIpv6": "false",
    "DestinationIp": "183.110.194.95",
    "DestinationPortName": "https",
    "UtcTime": "2018-03-05 07:24:17.717",
    "Image": "C:\\Program Files\\Mozilla Firefox\\firefox.exe",
    "SourcePort": "2216",
    "ProcessGuid": "{A376A8F6-ECC2-5A9C-0000-0010E1111D00}",
    "Initiated": "true",
    "DestinationIsIpv6": "false",
    "DestinationPort": "443",
    "ProcessId": "17568",
    "SourceIp": "192.168.198.67",
    "SourceHostname": "DESKTOP-WJANG"
  },
  "provider_guid": "{5770385F-C22A-43E0-BF4C-06F5698FFBD9}",
  "record_number": "39",
  "level": "정보",
  "beat": {
    "name": "DESKTOP-WJANG",
    "hostname": "DESKTOP-WJANG",
    "version": "6.2.2"
  },
  "thread_id": 23856,
  "type": "wineventlog",
  "log_name": "Microsoft-Windows-Sysmon/Operational",
  "task": "Network connection detected (rule: NetworkConnect)",
  "process_id": 8608,
  "event_id": 3,
  "user": {
    "identifier": "S-1-5-18",
    "name": "SYSTEM",
    "domain": "NT AUTHORITY",
    "type": "Well Known Group"
  },
  "message": "Network connection detected:\nUtcTime: 2018-03-05 07:24:17.717\nProcessGuid: {A376A8F6-ECC2-5A9C-0000-0010E1111D00}\nProcessId: 17568\nImage: C:\\Program Files\\Mozilla Firefox\\firefox.exe\nUser: DESKTOP-WJANG\\wook8170\nProtocol: tcp\nInitiated: true\nSourceIsIpv6: false\nSourceIp: 192.168.198.67\nSourceHostname: DESKTOP-WJANG\nSourcePort: 2216\nSourcePortName: \nDestinationIsIpv6: false\nDestinationIp: 183.110.194.95\nDestinationHostname: \nDestinationPort: 443\nDestinationPortName: https"
}
{
  "@timestamp": "2018-03-05T07:24:18.811Z",
  "@metadata": {
    "beat": "winlogbeat",
    "type": "doc",
    "version": "6.2.2"
  },
  "event_id": 3,
  "beat": {
    "name": "DESKTOP-WJANG",
    "hostname": "DESKTOP-WJANG",
    "version": "6.2.2"
  },
  "opcode": "정보",
  "user": {
    "identifier": "S-1-5-18",
    "name": "SYSTEM",
    "domain": "NT AUTHORITY",
    "type": "Well Known Group"
  },
  "provider_guid": "{5770385F-C22A-43E0-BF4C-06F5698FFBD9}",
  "level": "정보",
  "thread_id": 23856,
  "event_data": {
    "SourcePort": "2220",
    "Protocol": "tcp",
    "SourceIsIpv6": "false",
    "User": "DESKTOP-WJANG\\wook8170",
    "ProcessId": "17568",
    "ProcessGuid": "{A376A8F6-ECC2-5A9C-0000-0010E1111D00}",
    "UtcTime": "2018-03-05 07:24:17.718",
    "SourceHostname": "DESKTOP-WJANG",
    "DestinationIp": "183.110.194.95",
    "SourceIp": "192.168.198.67",
    "DestinationPort": "443",
    "Image": "C:\\Program Files\\Mozilla Firefox\\firefox.exe",
    "DestinationIsIpv6": "false",
    "DestinationPortName": "https",
    "Initiated": "true"
  },
  "type": "wineventlog",
  "task": "Network connection detected (rule: NetworkConnect)",
  "log_name": "Microsoft-Windows-Sysmon/Operational",
  "version": 5,
  "computer_name": "DESKTOP-WJANG",
  "message": "Network connection detected:\nUtcTime: 2018-03-05 07:24:17.718\nProcessGuid: {A376A8F6-ECC2-5A9C-0000-0010E1111D00}\nProcessId: 17568\nImage: C:\\Program Files\\Mozilla Firefox\\firefox.exe\nUser: DESKTOP-WJANG\\wook8170\nProtocol: tcp\nInitiated: true\nSourceIsIpv6: false\nSourceIp: 192.168.198.67\nSourceHostname: DESKTOP-WJANG\nSourcePort: 2220\nSourcePortName: \nDestinationIsIpv6: false\nDestinationIp: 183.110.194.95\nDestinationHostname: \nDestinationPort: 443\nDestinationPortName: https",
  "process_id": 8608,
  "source_name": "Microsoft-Windows-Sysmon",
  "record_number": "40"
}
{
  "@timestamp": "2018-03-05T07:24:18.811Z",
  "@metadata": {
    "beat": "winlogbeat",
    "type": "doc",
    "version": "6.2.2"
  },
  "thread_id": 23856,
  "event_data": {
    "SourceIp": "192.168.198.67",
    "UtcTime": "2018-03-05 07:24:17.718",
    "DestinationIsIpv6": "false",
    "SourceHostname": "DESKTOP-WJANG",
    "DestinationIp": "183.110.194.95",
    "ProcessGuid": "{A376A8F6-ECC2-5A9C-0000-0010E1111D00}",
    "SourceIsIpv6": "false",
    "SourcePort": "2217",
    "DestinationPort": "443",
    "Protocol": "tcp",
    "User": "DESKTOP-WJANG\\wook8170",
    "DestinationPortName": "https",
    "ProcessId": "17568",
    "Image": "C:\\Program Files\\Mozilla Firefox\\firefox.exe",
    "Initiated": "true"
  },
  "provider_guid": "{5770385F-C22A-43E0-BF4C-06F5698FFBD9}",
  "version": 5,
  "beat": {
    "name": "DESKTOP-WJANG",
    "hostname": "DESKTOP-WJANG",
    "version": "6.2.2"
  },
  "computer_name": "DESKTOP-WJANG",
  "type": "wineventlog",
  "level": "정보",
  "message": "Network connection detected:\nUtcTime: 2018-03-05 07:24:17.718\nProcessGuid: {A376A8F6-ECC2-5A9C-0000-0010E1111D00}\nProcessId: 17568\nImage: C:\\Program Files\\Mozilla Firefox\\firefox.exe\nUser: DESKTOP-WJANG\\wook8170\nProtocol: tcp\nInitiated: true\nSourceIsIpv6: false\nSourceIp: 192.168.198.67\nSourceHostname: DESKTOP-WJANG\nSourcePort: 2217\nSourcePortName: \nDestinationIsIpv6: false\nDestinationIp: 183.110.194.95\nDestinationHostname: \nDestinationPort: 443\nDestinationPortName: https",
  "source_name": "Microsoft-Windows-Sysmon",
  "user": {
    "name": "SYSTEM",
    "domain": "NT AUTHORITY",
    "type": "Well Known Group",
    "identifier": "S-1-5-18"
  },
  "record_number": "41",
  "process_id": 8608,
  "event_id": 3,
  "opcode": "정보",
  "log_name": "Microsoft-Windows-Sysmon/Operational",
  "task": "Network connection detected (rule: NetworkConnect)"
}
{
  "@timestamp": "2018-03-05T07:24:18.811Z",
  "@metadata": {
    "beat": "winlogbeat",
    "type": "doc",
    "version": "6.2.2"
  },
  "log_name": "Microsoft-Windows-Sysmon/Operational",
  "level": "정보",
  "event_data": {
    "ProcessGuid": "{A376A8F6-ECC2-5A9C-0000-0010E1111D00}",
    "User": "DESKTOP-WJANG\\wook8170",
    "DestinationPortName": "https",
    "Initiated": "true",
    "SourceIsIpv6": "false",
    "UtcTime": "2018-03-05 07:24:17.718",
    "SourceHostname": "DESKTOP-WJANG",
    "DestinationIp": "183.110.194.95",
    "SourcePort": "2219",
    "Protocol": "tcp",
    "DestinationIsIpv6": "false",
    "DestinationPort": "443",
    "ProcessId": "17568",
    "SourceIp": "192.168.198.67",
    "Image": "C:\\Program Files\\Mozilla Firefox\\firefox.exe"
  },
  "provider_guid": "{5770385F-C22A-43E0-BF4C-06F5698FFBD9}",
  "source_name": "Microsoft-Windows-Sysmon",
  "event_id": 3,
  "version": 5,
  "task": "Network connection detected (rule: NetworkConnect)",
  "message": "Network connection detected:\nUtcTime: 2018-03-05 07:24:17.718\nProcessGuid: {A376A8F6-ECC2-5A9C-0000-0010E1111D00}\nProcessId: 17568\nImage: C:\\Program Files\\Mozilla Firefox\\firefox.exe\nUser: DESKTOP-WJANG\\wook8170\nProtocol: tcp\nInitiated: true\nSourceIsIpv6: false\nSourceIp: 192.168.198.67\nSourceHostname: DESKTOP-WJANG\nSourcePort: 2219\nSourcePortName: \nDestinationIsIpv6: false\nDestinationIp: 183.110.194.95\nDestinationHostname: \nDestinationPort: 443\nDestinationPortName: https",
  "user": {
    "type": "Well Known Group",
    "identifier": "S-1-5-18",
    "name": "SYSTEM",
    "domain": "NT AUTHORITY"
  },
  "thread_id": 23856,
  "opcode": "정보",
  "record_number": "42",
  "beat": {
    "hostname": "DESKTOP-WJANG",
    "version": "6.2.2",
    "name": "DESKTOP-WJANG"
  },
  "process_id": 8608,
  "type": "wineventlog",
  "computer_name": "DESKTOP-WJANG"
}
{
  "@timestamp": "2018-03-05T07:24:18.811Z",
  "@metadata": {
    "beat": "winlogbeat",
    "type": "doc",
    "version": "6.2.2"
  },
  "record_number": "43",
  "version": 5,
  "message": "Network connection detected:\nUtcTime: 2018-03-05 07:24:17.718\nProcessGuid: {A376A8F6-ECC2-5A9C-0000-0010E1111D00}\nProcessId: 17568\nImage: C:\\Program Files\\Mozilla Firefox\\firefox.exe\nUser: DESKTOP-WJANG\\wook8170\nProtocol: tcp\nInitiated: true\nSourceIsIpv6: false\nSourceIp: 192.168.198.67\nSourceHostname: DESKTOP-WJANG\nSourcePort: 2218\nSourcePortName: \nDestinationIsIpv6: false\nDestinationIp: 183.110.194.95\nDestinationHostname: \nDestinationPort: 443\nDestinationPortName: https",
  "task": "Network connection detected (rule: NetworkConnect)",
  "type": "wineventlog",
  "level": "정보",
  "event_id": 3,
  "opcode": "정보",
  "computer_name": "DESKTOP-WJANG",
  "user": {
    "type": "Well Known Group",
    "identifier": "S-1-5-18",
    "name": "SYSTEM",
    "domain": "NT AUTHORITY"
  },
  "process_id": 8608,
  "thread_id": 23856,
  "beat": {
    "hostname": "DESKTOP-WJANG",
    "version": "6.2.2",
    "name": "DESKTOP-WJANG"
  },
  "provider_guid": "{5770385F-C22A-43E0-BF4C-06F5698FFBD9}",
  "log_name": "Microsoft-Windows-Sysmon/Operational",
  "event_data": {
    "DestinationIsIpv6": "false",
    "Protocol": "tcp",
    "SourcePort": "2218",
    "SourceIsIpv6": "false",
    "ProcessId": "17568",
    "Image": "C:\\Program Files\\Mozilla Firefox\\firefox.exe",
    "DestinationPort": "443",
    "SourceIp": "192.168.198.67",
    "UtcTime": "2018-03-05 07:24:17.718",
    "Initiated": "true",
    "ProcessGuid": "{A376A8F6-ECC2-5A9C-0000-0010E1111D00}",
    "DestinationPortName": "https",
    "User": "DESKTOP-WJANG\\wook8170",
    "SourceHostname": "DESKTOP-WJANG",
    "DestinationIp": "183.110.194.95"
  },
  "source_name": "Microsoft-Windows-Sysmon"
}
{
  "@timestamp": "2018-03-05T07:24:18.811Z",
  "@metadata": {
    "beat": "winlogbeat",
    "type": "doc",
    "version": "6.2.2"
  },
  "thread_id": 23856,
  "event_id": 3,
  "computer_name": "DESKTOP-WJANG",
  "type": "wineventlog",
  "opcode": "정보",
  "version": 5,
  "level": "정보",
  "beat": {
    "hostname": "DESKTOP-WJANG",
    "version": "6.2.2",
    "name": "DESKTOP-WJANG"
  },
  "provider_guid": "{5770385F-C22A-43E0-BF4C-06F5698FFBD9}",
  "message": "Network connection detected:\nUtcTime: 2018-03-05 07:24:17.734\nProcessGuid: {A376A8F6-ECC2-5A9C-0000-0010E1111D00}\nProcessId: 17568\nImage: C:\\Program Files\\Mozilla Firefox\\firefox.exe\nUser: DESKTOP-WJANG\\wook8170\nProtocol: tcp\nInitiated: true\nSourceIsIpv6: false\nSourceIp: 192.168.198.67\nSourceHostname: DESKTOP-WJANG\nSourcePort: 2221\nSourcePortName: \nDestinationIsIpv6: false\nDestinationIp: 203.133.167.18\nDestinationHostname: \nDestinationPort: 443\nDestinationPortName: https",
  "task": "Network connection detected (rule: NetworkConnect)",
  "event_data": {
    "DestinationIsIpv6": "false",
    "SourceHostname": "DESKTOP-WJANG",
    "DestinationPortName": "https",
    "ProcessGuid": "{A376A8F6-ECC2-5A9C-0000-0010E1111D00}",
    "SourcePort": "2221",
    "UtcTime": "2018-03-05 07:24:17.734",
    "Image": "C:\\Program Files\\Mozilla Firefox\\firefox.exe",
    "DestinationPort": "443",
    "Initiated": "true",
    "SourceIp": "192.168.198.67",
    "DestinationIp": "203.133.167.18",
    "ProcessId": "17568",
    "Protocol": "tcp",
    "SourceIsIpv6": "false",
    "User": "DESKTOP-WJANG\\wook8170"
  },
  "process_id": 8608,
  "record_number": "44",
  "log_name": "Microsoft-Windows-Sysmon/Operational",
  "source_name": "Microsoft-Windows-Sysmon",
  "user": {
    "domain": "NT AUTHORITY",
    "type": "Well Known Group",
    "identifier": "S-1-5-18",
    "name": "SYSTEM"
  }
}
{
  "@timestamp": "2018-03-05T07:24:18.811Z",
  "@metadata": {
    "beat": "winlogbeat",
    "type": "doc",
    "version": "6.2.2"
  },
  "record_number": "45",
  "message": "Network connection detected:\nUtcTime: 2018-03-05 07:24:17.746\nProcessGuid: {A376A8F6-ECC2-5A9C-0000-0010E1111D00}\nProcessId: 17568\nImage: C:\\Program Files\\Mozilla Firefox\\firefox.exe\nUser: DESKTOP-WJANG\\wook8170\nProtocol: tcp\nInitiated: true\nSourceIsIpv6: false\nSourceIp: 192.168.198.67\nSourceHostname: DESKTOP-WJANG\nSourcePort: 2222\nSourcePortName: \nDestinationIsIpv6: false\nDestinationIp: 183.110.194.216\nDestinationHostname: \nDestinationPort: 443\nDestinationPortName: https",
  "event_id": 3,
  "user": {
    "domain": "NT AUTHORITY",
    "type": "Well Known Group",
    "identifier": "S-1-5-18",
    "name": "SYSTEM"
  },
  "thread_id": 23856,
  "version": 5,
  "opcode": "정보",
  "beat": {
    "name": "DESKTOP-WJANG",
    "hostname": "DESKTOP-WJANG",
    "version": "6.2.2"
  },
  "type": "wineventlog",
  "source_name": "Microsoft-Windows-Sysmon",
  "task": "Network connection detected (rule: NetworkConnect)",
  "process_id": 8608,
  "computer_name": "DESKTOP-WJANG",
  "level": "정보",
  "provider_guid": "{5770385F-C22A-43E0-BF4C-06F5698FFBD9}",
  "event_data": {
    "DestinationPortName": "https",
    "SourceIp": "192.168.198.67",
    "DestinationIsIpv6": "false",
    "ProcessId": "17568",
    "DestinationPort": "443",
    "User": "DESKTOP-WJANG\\wook8170",
    "Image": "C:\\Program Files\\Mozilla Firefox\\firefox.exe",
    "Protocol": "tcp",
    "SourcePort": "2222",
    "DestinationIp": "183.110.194.216",
    "Initiated": "true",
    "SourceHostname": "DESKTOP-WJANG",
    "UtcTime": "2018-03-05 07:24:17.746",
    "ProcessGuid": "{A376A8F6-ECC2-5A9C-0000-0010E1111D00}",
    "SourceIsIpv6": "false"
  },
  "log_name": "Microsoft-Windows-Sysmon/Operational"
}
{
  "@timestamp": "2018-03-05T07:24:18.811Z",
  "@metadata": {
    "beat": "winlogbeat",
    "type": "doc",
    "version": "6.2.2"
  },
  "task": "Network connection detected (rule: NetworkConnect)",
  "opcode": "정보",
  "computer_name": "DESKTOP-WJANG",
  "event_data": {
    "DestinationIsIpv6": "false",
    "UtcTime": "2018-03-05 07:24:17.746",
    "DestinationPortName": "https",
    "SourceHostname": "DESKTOP-WJANG",
    "DestinationPort": "443",
    "ProcessId": "17568",
    "SourcePort": "2223",
    "SourceIp": "192.168.198.67",
    "Image": "C:\\Program Files\\Mozilla Firefox\\firefox.exe",
    "Initiated": "true",
    "DestinationIp": "183.110.194.216",
    "Protocol": "tcp",
    "ProcessGuid": "{A376A8F6-ECC2-5A9C-0000-0010E1111D00}",
    "User": "DESKTOP-WJANG\\wook8170",
    "SourceIsIpv6": "false"
  },
  "beat": {
    "hostname": "DESKTOP-WJANG",
    "version": "6.2.2",
    "name": "DESKTOP-WJANG"
  },
  "source_name": "Microsoft-Windows-Sysmon",
  "process_id": 8608,
  "record_number": "46",
  "provider_guid": "{5770385F-C22A-43E0-BF4C-06F5698FFBD9}",
  "type": "wineventlog",
  "log_name": "Microsoft-Windows-Sysmon/Operational",
  "event_id": 3,
  "version": 5,
  "level": "정보",
  "message": "Network connection detected:\nUtcTime: 2018-03-05 07:24:17.746\nProcessGuid: {A376A8F6-ECC2-5A9C-0000-0010E1111D00}\nProcessId: 17568\nImage: C:\\Program Files\\Mozilla Firefox\\firefox.exe\nUser: DESKTOP-WJANG\\wook8170\nProtocol: tcp\nInitiated: true\nSourceIsIpv6: false\nSourceIp: 192.168.198.67\nSourceHostname: DESKTOP-WJANG\nSourcePort: 2223\nSourcePortName: \nDestinationIsIpv6: false\nDestinationIp: 183.110.194.216\nDestinationHostname: \nDestinationPort: 443\nDestinationPortName: https",
  "user": {
    "identifier": "S-1-5-18",
    "name": "SYSTEM",
    "domain": "NT AUTHORITY",
    "type": "Well Known Group"
  },
  "thread_id": 23856
}
{
  "@timestamp": "2018-03-05T07:24:18.811Z",
  "@metadata": {
    "beat": "winlogbeat",
    "type": "doc",
    "version": "6.2.2"
  },
  "source_name": "Microsoft-Windows-Sysmon",
  "user": {
    "domain": "NT AUTHORITY",
    "type": "Well Known Group",
    "identifier": "S-1-5-18",
    "name": "SYSTEM"
  },
  "type": "wineventlog",
  "version": 5,
  "message": "Network connection detected:\nUtcTime: 2018-03-05 07:24:17.765\nProcessGuid: {A376A8F6-ECC2-5A9C-0000-0010E1111D00}\nProcessId: 17568\nImage: C:\\Program Files\\Mozilla Firefox\\firefox.exe\nUser: DESKTOP-WJANG\\wook8170\nProtocol: tcp\nInitiated: true\nSourceIsIpv6: false\nSourceIp: 192.168.198.67\nSourceHostname: DESKTOP-WJANG\nSourcePort: 2225\nSourcePortName: \nDestinationIsIpv6: false\nDestinationIp: 203.133.172.63\nDestinationHostname: \nDestinationPort: 443\nDestinationPortName: https",
  "process_id": 8608,
  "beat": {
    "name": "DESKTOP-WJANG",
    "hostname": "DESKTOP-WJANG",
    "version": "6.2.2"
  },
  "event_data": {
    "ProcessId": "17568",
    "ProcessGuid": "{A376A8F6-ECC2-5A9C-0000-0010E1111D00}",
    "SourceHostname": "DESKTOP-WJANG",
    "SourceIsIpv6": "false",
    "User": "DESKTOP-WJANG\\wook8170",
    "DestinationPort": "443",
    "DestinationIp": "203.133.172.63",
    "DestinationIsIpv6": "false",
    "SourceIp": "192.168.198.67",
    "SourcePort": "2225",
    "UtcTime": "2018-03-05 07:24:17.765",
    "Image": "C:\\Program Files\\Mozilla Firefox\\firefox.exe",
    "Initiated": "true",
    "Protocol": "tcp",
    "DestinationPortName": "https"
  },
  "log_name": "Microsoft-Windows-Sysmon/Operational",
  "computer_name": "DESKTOP-WJANG",
  "record_number": "47",
  "opcode": "정보",
  "event_id": 3,
  "thread_id": 23856,
  "provider_guid": "{5770385F-C22A-43E0-BF4C-06F5698FFBD9}",
  "level": "정보",
  "task": "Network connection detected (rule: NetworkConnect)"
}
{
  "@timestamp": "2018-03-05T07:24:18.811Z",
  "@metadata": {
    "beat": "winlogbeat",
    "type": "doc",
    "version": "6.2.2"
  },
  "process_id": 8608,
  "provider_guid": "{5770385F-C22A-43E0-BF4C-06F5698FFBD9}",
  "task": "Network connection detected (rule: NetworkConnect)",
  "event_data": {
    "DestinationPort": "443",
    "UtcTime": "2018-03-05 07:24:17.766",
    "Initiated": "true",
    "DestinationIsIpv6": "false",
    "SourceIp": "192.168.198.67",
    "User": "DESKTOP-WJANG\\wook8170",
    "DestinationIp": "183.110.194.216",
    "Image": "C:\\Program Files\\Mozilla Firefox\\firefox.exe",
    "ProcessId": "17568",
    "ProcessGuid": "{A376A8F6-ECC2-5A9C-0000-0010E1111D00}",
    "SourceIsIpv6": "false",
    "SourceHostname": "DESKTOP-WJANG",
    "SourcePort": "2226",
    "Protocol": "tcp",
    "DestinationPortName": "https"
  },
  "beat": {
    "name": "DESKTOP-WJANG",
    "hostname": "DESKTOP-WJANG",
    "version": "6.2.2"
  },
  "level": "정보",
  "opcode": "정보",
  "user": {
    "identifier": "S-1-5-18",
    "name": "SYSTEM",
    "domain": "NT AUTHORITY",
    "type": "Well Known Group"
  },
  "event_id": 3,
  "message": "Network connection detected:\nUtcTime: 2018-03-05 07:24:17.766\nProcessGuid: {A376A8F6-ECC2-5A9C-0000-0010E1111D00}\nProcessId: 17568\nImage: C:\\Program Files\\Mozilla Firefox\\firefox.exe\nUser: DESKTOP-WJANG\\wook8170\nProtocol: tcp\nInitiated: true\nSourceIsIpv6: false\nSourceIp: 192.168.198.67\nSourceHostname: DESKTOP-WJANG\nSourcePort: 2226\nSourcePortName: \nDestinationIsIpv6: false\nDestinationIp: 183.110.194.216\nDestinationHostname: \nDestinationPort: 443\nDestinationPortName: https",
  "computer_name": "DESKTOP-WJANG",
  "type": "wineventlog",
  "log_name": "Microsoft-Windows-Sysmon/Operational",
  "record_number": "48",
  "version": 5,
  "thread_id": 23856,
  "source_name": "Microsoft-Windows-Sysmon"
}
{
  "@timestamp": "2018-03-05T07:24:18.811Z",
  "@metadata": {
    "beat": "winlogbeat",
    "type": "doc",
    "version": "6.2.2"
  },
  "event_data": {
    "UtcTime": "2018-03-05 07:24:17.766",
    "SourcePort": "2224",
    "DestinationPort": "443",
    "User": "DESKTOP-WJANG\\wook8170",
    "Protocol": "tcp",
    "Initiated": "true",
    "ProcessId": "17568",
    "SourceHostname": "DESKTOP-WJANG",
    "DestinationPortName": "https",
    "DestinationIp": "183.110.194.216",
    "Image": "C:\\Program Files\\Mozilla Firefox\\firefox.exe",
    "SourceIsIpv6": "false",
    "SourceIp": "192.168.198.67",
    "ProcessGuid": "{A376A8F6-ECC2-5A9C-0000-0010E1111D00}",
    "DestinationIsIpv6": "false"
  },
  "log_name": "Microsoft-Windows-Sysmon/Operational",
  "level": "정보",
  "type": "wineventlog",
  "version": 5,
  "task": "Network connection detected (rule: NetworkConnect)",
  "opcode": "정보",
  "process_id": 8608,
  "record_number": "49",
  "event_id": 3,
  "computer_name": "DESKTOP-WJANG",
  "beat": {
    "name": "DESKTOP-WJANG",
    "hostname": "DESKTOP-WJANG",
    "version": "6.2.2"
  },
  "thread_id": 23856,
  "message": "Network connection detected:\nUtcTime: 2018-03-05 07:24:17.766\nProcessGuid: {A376A8F6-ECC2-5A9C-0000-0010E1111D00}\nProcessId: 17568\nImage: C:\\Program Files\\Mozilla Firefox\\firefox.exe\nUser: DESKTOP-WJANG\\wook8170\nProtocol: tcp\nInitiated: true\nSourceIsIpv6: false\nSourceIp: 192.168.198.67\nSourceHostname: DESKTOP-WJANG\nSourcePort: 2224\nSourcePortName: \nDestinationIsIpv6: false\nDestinationIp: 183.110.194.216\nDestinationHostname: \nDestinationPort: 443\nDestinationPortName: https",
  "provider_guid": "{5770385F-C22A-43E0-BF4C-06F5698FFBD9}",
  "user": {
    "type": "Well Known Group",
    "identifier": "S-1-5-18",
    "name": "SYSTEM",
    "domain": "NT AUTHORITY"
  },
  "source_name": "Microsoft-Windows-Sysmon"
}
{
  "@timestamp": "2018-03-05T07:24:18.811Z",
  "@metadata": {
    "beat": "winlogbeat",
    "type": "doc",
    "version": "6.2.2"
  },
  "opcode": "정보",
  "event_data": {
    "Image": "C:\\Program Files\\Mozilla Firefox\\firefox.exe",
    "UtcTime": "2018-03-05 07:24:17.766",
    "SourceHostname": "DESKTOP-WJANG",
    "SourcePort": "2227",
    "SourceIp": "192.168.198.67",
    "DestinationIsIpv6": "false",
    "DestinationPortName": "https",
    "DestinationPort": "443",
    "Protocol": "tcp",
    "ProcessId": "17568",
    "SourceIsIpv6": "false",
    "User": "DESKTOP-WJANG\\wook8170",
    "DestinationIp": "183.110.194.216",
    "ProcessGuid": "{A376A8F6-ECC2-5A9C-0000-0010E1111D00}",
    "Initiated": "true"
  },
  "message": "Network connection detected:\nUtcTime: 2018-03-05 07:24:17.766\nProcessGuid: {A376A8F6-ECC2-5A9C-0000-0010E1111D00}\nProcessId: 17568\nImage: C:\\Program Files\\Mozilla Firefox\\firefox.exe\nUser: DESKTOP-WJANG\\wook8170\nProtocol: tcp\nInitiated: true\nSourceIsIpv6: false\nSourceIp: 192.168.198.67\nSourceHostname: DESKTOP-WJANG\nSourcePort: 2227\nSourcePortName: \nDestinationIsIpv6: false\nDestinationIp: 183.110.194.216\nDestinationHostname: \nDestinationPort: 443\nDestinationPortName: https",
  "version": 5,
  "user": {
    "domain": "NT AUTHORITY",
    "type": "Well Known Group",
    "identifier": "S-1-5-18",
    "name": "SYSTEM"
  },
  "thread_id": 23856,
  "process_id": 8608,
  "type": "wineventlog",
  "beat": {
    "name": "DESKTOP-WJANG",
    "hostname": "DESKTOP-WJANG",
    "version": "6.2.2"
  },
  "log_name": "Microsoft-Windows-Sysmon/Operational",
  "record_number": "50",
  "task": "Network connection detected (rule: NetworkConnect)",
  "provider_guid": "{5770385F-C22A-43E0-BF4C-06F5698FFBD9}",
  "source_name": "Microsoft-Windows-Sysmon",
  "computer_name": "DESKTOP-WJANG",
  "event_id": 3,
  "level": "정보"
}
{
  "@timestamp": "2018-03-05T07:24:18.811Z",
  "@metadata": {
    "beat": "winlogbeat",
    "type": "doc",
    "version": "6.2.2"
  },
  "computer_name": "DESKTOP-WJANG",
  "level": "정보",
  "opcode": "정보",
  "event_id": 3,
  "message": "Network connection detected:\nUtcTime: 2018-03-05 07:24:17.767\nProcessGuid: {A376A8F6-ECC2-5A9C-0000-0010E1111D00}\nProcessId: 17568\nImage: C:\\Program Files\\Mozilla Firefox\\firefox.exe\nUser: DESKTOP-WJANG\\wook8170\nProtocol: tcp\nInitiated: true\nSourceIsIpv6: false\nSourceIp: 192.168.198.67\nSourceHostname: DESKTOP-WJANG\nSourcePort: 2228\nSourcePortName: \nDestinationIsIpv6: false\nDestinationIp: 183.110.194.216\nDestinationHostname: \nDestinationPort: 443\nDestinationPortName: https",
  "source_name": "Microsoft-Windows-Sysmon",
  "task": "Network connection detected (rule: NetworkConnect)",
  "version": 5,
  "user": {
    "domain": "NT AUTHORITY",
    "type": "Well Known Group",
    "identifier": "S-1-5-18",
    "name": "SYSTEM"
  },
  "event_data": {
    "SourceHostname": "DESKTOP-WJANG",
    "SourceIsIpv6": "false",
    "DestinationIsIpv6": "false",
    "Initiated": "true",
    "Image": "C:\\Program Files\\Mozilla Firefox\\firefox.exe",
    "User": "DESKTOP-WJANG\\wook8170",
    "SourceIp": "192.168.198.67",
    "DestinationIp": "183.110.194.216",
    "SourcePort": "2228",
    "DestinationPort": "443",
    "DestinationPortName": "https",
    "Protocol": "tcp",
    "ProcessId": "17568",
    "ProcessGuid": "{A376A8F6-ECC2-5A9C-0000-0010E1111D00}",
    "UtcTime": "2018-03-05 07:24:17.767"
  },
  "provider_guid": "{5770385F-C22A-43E0-BF4C-06F5698FFBD9}",
  "record_number": "51",
  "type": "wineventlog",
  "process_id": 8608,
  "log_name": "Microsoft-Windows-Sysmon/Operational",
  "thread_id": 23856,
  "beat": {
    "name": "DESKTOP-WJANG",
    "hostname": "DESKTOP-WJANG",
    "version": "6.2.2"
  }
}
