{
  "@timestamp": "2018-03-05T07:32:38.485Z",
  "@metadata": {
    "beat": "winlogbeat",
    "type": "doc",
    "version": "6.2.2"
  },
  "level": "정보",
  "task": "Image loaded (rule: ImageLoad)",
  "opcode": "정보",
  "record_number": "322",
  "provider_guid": "{5770385F-C22A-43E0-BF4C-06F5698FFBD9}",
  "computer_name": "DESKTOP-WJANG",
  "event_data": {
    "Signature": "Microsoft Windows",
    "Signed": "true",
    "Image": "C:\\Program Files\\Mozilla Firefox\\firefox.exe",
    "Description": "Windows용 Microsoft COM",
    "ProcessGuid": "{A376A8F6-F296-5A9C-0000-0010274B8703}",
    "Hashes": "MD5=C83A09FCB5284D6E9C465EBC2B50719F,SHA256=F198107424AA4EF7DADF0C3F7D896712CB7157BCFA858142EF0A47D6921AC658",
    "SignatureStatus": "Valid",
    "UtcTime": "2018-03-05 07:32:38.484",
    "ImageLoaded": "C:\\Windows\\System32\\combase.dll",
    "FileVersion": "10.0.16299.15 (WinBuild.160101.0800)",
    "Product": "Microsoft® Windows® Operating System",
    "Company": "Microsoft Corporation",
    "ProcessId": "25848"
  },
  "message": "Image loaded:\nUtcTime: 2018-03-05 07:32:38.484\nProcessGuid: {A376A8F6-F296-5A9C-0000-0010274B8703}\nProcessId: 25848\nImage: C:\\Program Files\\Mozilla Firefox\\firefox.exe\nImageLoaded: C:\\Windows\\System32\\combase.dll\nFileVersion: 10.0.16299.15 (WinBuild.160101.0800)\nDescription: Windows용 Microsoft COM\nProduct: Microsoft® Windows® Operating System\nCompany: Microsoft Corporation\nHashes: MD5=C83A09FCB5284D6E9C465EBC2B50719F,SHA256=F198107424AA4EF7DADF0C3F7D896712CB7157BCFA858142EF0A47D6921AC658\nSigned: true\nSignature: Microsoft Windows\nSignatureStatus: Valid",
  "process_id": 8608,
  "event_id": 7,
  "beat": {
    "name": "DESKTOP-WJANG",
    "hostname": "DESKTOP-WJANG",
    "version": "6.2.2"
  },
  "version": 3,
  "type": "wineventlog",
  "thread_id": 19220,
  "user": {
    "identifier": "S-1-5-18",
    "name": "SYSTEM",
    "domain": "NT AUTHORITY",
    "type": "Well Known Group"
  },
  "log_name": "Microsoft-Windows-Sysmon/Operational",
  "source_name": "Microsoft-Windows-Sysmon"
}
{
  "@timestamp": "2018-03-05T07:32:38.489Z",
  "@metadata": {
    "beat": "winlogbeat",
    "type": "doc",
    "version": "6.2.2"
  },
  "type": "wineventlog",
  "message": "Image loaded:\nUtcTime: 2018-03-05 07:32:38.488\nProcessGuid: {A376A8F6-F296-5A9C-0000-0010274B8703}\nProcessId: 25848\nImage: C:\\Program Files\\Mozilla Firefox\\firefox.exe\nImageLoaded: C:\\Program Files\\Mozilla Firefox\\api-ms-win-crt-runtime-l1-1-0.dll\nFileVersion: 10.0.16299.15 (WinBuild.160101.0800)\nDescription: ApiSet Stub DLL\nProduct: Microsoft® Windows® Operating System\nCompany: Microsoft Corporation\nHashes: MD5=F576FD38085005B4AB2FF1DACD293C48,SHA256=6E794D0FAD29CC5BDD5D0511FD923D3434ED122CFF0ED697903900C93C807582\nSigned: true\nSignature: Microsoft Corporation\nSignatureStatus: Valid",
  "log_name": "Microsoft-Windows-Sysmon/Operational",
  "task": "Image loaded (rule: ImageLoad)",
  "event_data": {
    "Signed": "true",
    "Hashes": "MD5=F576FD38085005B4AB2FF1DACD293C48,SHA256=6E794D0FAD29CC5BDD5D0511FD923D3434ED122CFF0ED697903900C93C807582",
    "UtcTime": "2018-03-05 07:32:38.488",
    "Signature": "Microsoft Corporation",
    "Product": "Microsoft® Windows® Operating System",
    "Description": "ApiSet Stub DLL",
    "Company": "Microsoft Corporation",
    "ProcessGuid": "{A376A8F6-F296-5A9C-0000-0010274B8703}",
    "FileVersion": "10.0.16299.15 (WinBuild.160101.0800)",
    "Image": "C:\\Program Files\\Mozilla Firefox\\firefox.exe",
    "SignatureStatus": "Valid",
    "ProcessId": "25848",
    "ImageLoaded": "C:\\Program Files\\Mozilla Firefox\\api-ms-win-crt-runtime-l1-1-0.dll"
  },
  "level": "정보",
  "computer_name": "DESKTOP-WJANG",
  "provider_guid": "{5770385F-C22A-43E0-BF4C-06F5698FFBD9}",
  "thread_id": 19220,
  "event_id": 7,
  "opcode": "정보",
  "process_id": 8608,
  "version": 3,
  "beat": {
    "name": "DESKTOP-WJANG",
    "hostname": "DESKTOP-WJANG",
    "version": "6.2.2"
  },
  "source_name": "Microsoft-Windows-Sysmon",
  "record_number": "323",
  "user": {
    "identifier": "S-1-5-18",
    "name": "SYSTEM",
    "domain": "NT AUTHORITY",
    "type": "Well Known Group"
  }
}
{
  "@timestamp": "2018-03-05T07:32:38.490Z",
  "@metadata": {
    "beat": "winlogbeat",
    "type": "doc",
    "version": "6.2.2"
  },
  "level": "정보",
  "version": 3,
  "task": "Image loaded (rule: ImageLoad)",
  "message": "Image loaded:\nUtcTime: 2018-03-05 07:32:38.488\nProcessGuid: {A376A8F6-F296-5A9C-0000-0010274B8703}\nProcessId: 25848\nImage: C:\\Program Files\\Mozilla Firefox\\firefox.exe\nImageLoaded: C:\\Program Files\\Mozilla Firefox\\api-ms-win-crt-runtime-l1-1-0.dll\nFileVersion: 10.0.16299.15 (WinBuild.160101.0800)\nDescription: ApiSet Stub DLL\nProduct: Microsoft® Windows® Operating System\nCompany: Microsoft Corporation\nHashes: MD5=F576FD38085005B4AB2FF1DACD293C48,SHA256=6E794D0FAD29CC5BDD5D0511FD923D3434ED122CFF0ED697903900C93C807582\nSigned: true\nSignature: Microsoft Corporation\nSignatureStatus: Valid",
  "event_data": {
    "SignatureStatus": "Valid",
    "Image": "C:\\Program Files\\Mozilla Firefox\\firefox.exe",
    "Hashes": "MD5=F576FD38085005B4AB2FF1DACD293C48,SHA256=6E794D0FAD29CC5BDD5D0511FD923D3434ED122CFF0ED697903900C93C807582",
    "FileVersion": "10.0.16299.15 (WinBuild.160101.0800)",
    "Description": "ApiSet Stub DLL",
    "Signed": "true",
    "UtcTime": "2018-03-05 07:32:38.488",
    "ProcessGuid": "{A376A8F6-F296-5A9C-0000-0010274B8703}",
    "Product": "Microsoft® Windows® Operating System",
    "Company": "Microsoft Corporation",
    "Signature": "Microsoft Corporation",
    "ImageLoaded": "C:\\Program Files\\Mozilla Firefox\\api-ms-win-crt-runtime-l1-1-0.dll",
    "ProcessId": "25848"
  },
  "beat": {
    "name": "DESKTOP-WJANG",
    "hostname": "DESKTOP-WJANG",
    "version": "6.2.2"
  },
  "computer_name": "DESKTOP-WJANG",
  "process_id": 8608,
  "record_number": "324",
  "opcode": "정보",
  "source_name": "Microsoft-Windows-Sysmon",
  "thread_id": 19220,
  "type": "wineventlog",
  "user": {
    "domain": "NT AUTHORITY",
    "type": "Well Known Group",
    "identifier": "S-1-5-18",
    "name": "SYSTEM"
  },
  "event_id": 7,
  "log_name": "Microsoft-Windows-Sysmon/Operational",
  "provider_guid": "{5770385F-C22A-43E0-BF4C-06F5698FFBD9}"
}
{
  "@timestamp": "2018-03-05T07:32:38.491Z",
  "@metadata": {
    "beat": "winlogbeat",
    "type": "doc",
    "version": "6.2.2"
  },
  "event_id": 7,
  "type": "wineventlog",
  "log_name": "Microsoft-Windows-Sysmon/Operational",
  "process_id": 8608,
  "thread_id": 19220,
  "record_number": "325",
  "computer_name": "DESKTOP-WJANG",
  "message": "Image loaded:\nUtcTime: 2018-03-05 07:32:38.489\nProcessGuid: {A376A8F6-F296-5A9C-0000-0010274B8703}\nProcessId: 25848\nImage: C:\\Program Files\\Mozilla Firefox\\firefox.exe\nImageLoaded: C:\\Program Files\\Mozilla Firefox\\api-ms-win-crt-string-l1-1-0.dll\nFileVersion: 10.0.16299.15 (WinBuild.160101.0800)\nDescription: ApiSet Stub DLL\nProduct: Microsoft® Windows® Operating System\nCompany: Microsoft Corporation\nHashes: MD5=E730CD977AC7F60F0824775E39C8FD2C,SHA256=63DE06332E8FF15A5BFF699E70ED2537A9D273BA62463FA16265D261F3C5BB31\nSigned: true\nSignature: Microsoft Corporation\nSignatureStatus: Valid",
  "beat": {
    "name": "DESKTOP-WJANG",
    "hostname": "DESKTOP-WJANG",
    "version": "6.2.2"
  },
  "provider_guid": "{5770385F-C22A-43E0-BF4C-06F5698FFBD9}",
  "version": 3,
  "opcode": "정보",
  "task": "Image loaded (rule: ImageLoad)",
  "source_name": "Microsoft-Windows-Sysmon",
  "user": {
    "identifier": "S-1-5-18",
    "name": "SYSTEM",
    "domain": "NT AUTHORITY",
    "type": "Well Known Group"
  },
  "event_data": {
    "ImageLoaded": "C:\\Program Files\\Mozilla Firefox\\api-ms-win-crt-string-l1-1-0.dll",
    "Product": "Microsoft® Windows® Operating System",
    "Signature": "Microsoft Corporation",
    "ProcessGuid": "{A376A8F6-F296-5A9C-0000-0010274B8703}",
    "ProcessId": "25848",
    "Hashes": "MD5=E730CD977AC7F60F0824775E39C8FD2C,SHA256=63DE06332E8FF15A5BFF699E70ED2537A9D273BA62463FA16265D261F3C5BB31",
    "Image": "C:\\Program Files\\Mozilla Firefox\\firefox.exe",
    "Signed": "true",
    "SignatureStatus": "Valid",
    "Description": "ApiSet Stub DLL",
    "UtcTime": "2018-03-05 07:32:38.489",
    "FileVersion": "10.0.16299.15 (WinBuild.160101.0800)",
    "Company": "Microsoft Corporation"
  },
  "level": "정보"
}
{
  "@timestamp": "2018-03-05T07:32:38.491Z",
  "@metadata": {
    "beat": "winlogbeat",
    "type": "doc",
    "version": "6.2.2"
  },
  "source_name": "Microsoft-Windows-Sysmon",
  "event_id": 7,
  "level": "정보",
  "process_id": 8608,
  "event_data": {
    "ProcessGuid": "{A376A8F6-F296-5A9C-0000-0010274B8703}",
    "Company": "Microsoft Corporation",
    "ProcessId": "25848",
    "FileVersion": "10.0.16299.15 (WinBuild.160101.0800)",
    "UtcTime": "2018-03-05 07:32:38.490",
    "SignatureStatus": "Valid",
    "Description": "ApiSet Stub DLL",
    "Image": "C:\\Program Files\\Mozilla Firefox\\firefox.exe",
    "Product": "Microsoft® Windows® Operating System",
    "Signed": "true",
    "Hashes": "MD5=E730CD977AC7F60F0824775E39C8FD2C,SHA256=63DE06332E8FF15A5BFF699E70ED2537A9D273BA62463FA16265D261F3C5BB31",
    "Signature": "Microsoft Corporation",
    "ImageLoaded": "C:\\Program Files\\Mozilla Firefox\\api-ms-win-crt-string-l1-1-0.dll"
  },
  "log_name": "Microsoft-Windows-Sysmon/Operational",
  "user": {
    "identifier": "S-1-5-18",
    "name": "SYSTEM",
    "domain": "NT AUTHORITY",
    "type": "Well Known Group"
  },
  "type": "wineventlog",
  "version": 3,
  "task": "Image loaded (rule: ImageLoad)",
  "computer_name": "DESKTOP-WJANG",
  "beat": {
    "name": "DESKTOP-WJANG",
    "hostname": "DESKTOP-WJANG",
    "version": "6.2.2"
  },
  "opcode": "정보",
  "thread_id": 19220,
  "message": "Image loaded:\nUtcTime: 2018-03-05 07:32:38.490\nProcessGuid: {A376A8F6-F296-5A9C-0000-0010274B8703}\nProcessId: 25848\nImage: C:\\Program Files\\Mozilla Firefox\\firefox.exe\nImageLoaded: C:\\Program Files\\Mozilla Firefox\\api-ms-win-crt-string-l1-1-0.dll\nFileVersion: 10.0.16299.15 (WinBuild.160101.0800)\nDescription: ApiSet Stub DLL\nProduct: Microsoft® Windows® Operating System\nCompany: Microsoft Corporation\nHashes: MD5=E730CD977AC7F60F0824775E39C8FD2C,SHA256=63DE06332E8FF15A5BFF699E70ED2537A9D273BA62463FA16265D261F3C5BB31\nSigned: true\nSignature: Microsoft Corporation\nSignatureStatus: Valid",
  "provider_guid": "{5770385F-C22A-43E0-BF4C-06F5698FFBD9}",
  "record_number": "326"
}
{
  "@timestamp": "2018-03-05T07:32:38.492Z",
  "@metadata": {
    "beat": "winlogbeat",
    "type": "doc",
    "version": "6.2.2"
  },
  "event_id": 7,
  "opcode": "정보",
  "message": "Image loaded:\nUtcTime: 2018-03-05 07:32:38.491\nProcessGuid: {A376A8F6-F296-5A9C-0000-0010274B8703}\nProcessId: 25848\nImage: C:\\Program Files\\Mozilla Firefox\\firefox.exe\nImageLoaded: C:\\Program Files\\Mozilla Firefox\\api-ms-win-crt-heap-l1-1-0.dll\nFileVersion: 10.0.16299.15 (WinBuild.160101.0800)\nDescription: ApiSet Stub DLL\nProduct: Microsoft® Windows® Operating System\nCompany: Microsoft Corporation\nHashes: MD5=28579CA40C9E19CC6DC23DFB8B6871CD,SHA256=A57D8275C34C1094F6A4535E23C7BEE4759532E08776FF84C5FE487C0F925EB4\nSigned: true\nSignature: Microsoft Corporation\nSignatureStatus: Valid",
  "source_name": "Microsoft-Windows-Sysmon",
  "process_id": 8608,
  "user": {
    "domain": "NT AUTHORITY",
    "type": "Well Known Group",
    "identifier": "S-1-5-18",
    "name": "SYSTEM"
  },
  "log_name": "Microsoft-Windows-Sysmon/Operational",
  "type": "wineventlog",
  "record_number": "327",
  "version": 3,
  "thread_id": 19220,
  "provider_guid": "{5770385F-C22A-43E0-BF4C-06F5698FFBD9}",
  "event_data": {
    "SignatureStatus": "Valid",
    "Description": "ApiSet Stub DLL",
    "FileVersion": "10.0.16299.15 (WinBuild.160101.0800)",
    "UtcTime": "2018-03-05 07:32:38.491",
    "ProcessGuid": "{A376A8F6-F296-5A9C-0000-0010274B8703}",
    "ProcessId": "25848",
    "ImageLoaded": "C:\\Program Files\\Mozilla Firefox\\api-ms-win-crt-heap-l1-1-0.dll",
    "Image": "C:\\Program Files\\Mozilla Firefox\\firefox.exe",
    "Signed": "true",
    "Hashes": "MD5=28579CA40C9E19CC6DC23DFB8B6871CD,SHA256=A57D8275C34C1094F6A4535E23C7BEE4759532E08776FF84C5FE487C0F925EB4",
    "Signature": "Microsoft Corporation",
    "Product": "Microsoft® Windows® Operating System",
    "Company": "Microsoft Corporation"
  },
  "level": "정보",
  "beat": {
    "name": "DESKTOP-WJANG",
    "hostname": "DESKTOP-WJANG",
    "version": "6.2.2"
  },
  "task": "Image loaded (rule: ImageLoad)",
  "computer_name": "DESKTOP-WJANG"
}
{
  "@timestamp": "2018-03-05T07:32:38.493Z",
  "@metadata": {
    "beat": "winlogbeat",
    "type": "doc",
    "version": "6.2.2"
  },
  "source_name": "Microsoft-Windows-Sysmon",
  "level": "정보",
  "message": "Image loaded:\nUtcTime: 2018-03-05 07:32:38.491\nProcessGuid: {A376A8F6-F296-5A9C-0000-0010274B8703}\nProcessId: 25848\nImage: C:\\Program Files\\Mozilla Firefox\\firefox.exe\nImageLoaded: C:\\Program Files\\Mozilla Firefox\\api-ms-win-crt-heap-l1-1-0.dll\nFileVersion: 10.0.16299.15 (WinBuild.160101.0800)\nDescription: ApiSet Stub DLL\nProduct: Microsoft® Windows® Operating System\nCompany: Microsoft Corporation\nHashes: MD5=28579CA40C9E19CC6DC23DFB8B6871CD,SHA256=A57D8275C34C1094F6A4535E23C7BEE4759532E08776FF84C5FE487C0F925EB4\nSigned: true\nSignature: Microsoft Corporation\nSignatureStatus: Valid",
  "log_name": "Microsoft-Windows-Sysmon/Operational",
  "event_id": 7,
  "user": {
    "identifier": "S-1-5-18",
    "name": "SYSTEM",
    "domain": "NT AUTHORITY",
    "type": "Well Known Group"
  },
  "computer_name": "DESKTOP-WJANG",
  "process_id": 8608,
  "event_data": {
    "ImageLoaded": "C:\\Program Files\\Mozilla Firefox\\api-ms-win-crt-heap-l1-1-0.dll",
    "Product": "Microsoft® Windows® Operating System",
    "Description": "ApiSet Stub DLL",
    "Hashes": "MD5=28579CA40C9E19CC6DC23DFB8B6871CD,SHA256=A57D8275C34C1094F6A4535E23C7BEE4759532E08776FF84C5FE487C0F925EB4",
    "ProcessGuid": "{A376A8F6-F296-5A9C-0000-0010274B8703}",
    "ProcessId": "25848",
    "Image": "C:\\Program Files\\Mozilla Firefox\\firefox.exe",
    "Signed": "true",
    "Company": "Microsoft Corporation",
    "Signature": "Microsoft Corporation",
    "UtcTime": "2018-03-05 07:32:38.491",
    "SignatureStatus": "Valid",
    "FileVersion": "10.0.16299.15 (WinBuild.160101.0800)"
  },
  "record_number": "328",
  "type": "wineventlog",
  "task": "Image loaded (rule: ImageLoad)",
  "thread_id": 19220,
  "version": 3,
  "beat": {
    "version": "6.2.2",
    "name": "DESKTOP-WJANG",
    "hostname": "DESKTOP-WJANG"
  },
  "opcode": "정보",
  "provider_guid": "{5770385F-C22A-43E0-BF4C-06F5698FFBD9}"
}
{
  "@timestamp": "2018-03-05T07:32:38.493Z",
  "@metadata": {
    "beat": "winlogbeat",
    "type": "doc",
    "version": "6.2.2"
  },
  "computer_name": "DESKTOP-WJANG",
  "record_number": "329",
  "type": "wineventlog",
  "version": 3,
  "message": "Image loaded:\nUtcTime: 2018-03-05 07:32:38.492\nProcessGuid: {A376A8F6-F296-5A9C-0000-0010274B8703}\nProcessId: 25848\nImage: C:\\Program Files\\Mozilla Firefox\\firefox.exe\nImageLoaded: C:\\Program Files\\Mozilla Firefox\\api-ms-win-crt-stdio-l1-1-0.dll\nFileVersion: 10.0.16299.15 (WinBuild.160101.0800)\nDescription: ApiSet Stub DLL\nProduct: Microsoft® Windows® Operating System\nCompany: Microsoft Corporation\nHashes: MD5=1CEC55E31418A818093C73E96BD41973,SHA256=513BB1DD16BE7491CED8FA2494B604257285F76062525685C2991391D0C048C3\nSigned: true\nSignature: Microsoft Corporation\nSignatureStatus: Valid",
  "user": {
    "name": "SYSTEM",
    "domain": "NT AUTHORITY",
    "type": "Well Known Group",
    "identifier": "S-1-5-18"
  },
  "event_data": {
    "Image": "C:\\Program Files\\Mozilla Firefox\\firefox.exe",
    "ProcessId": "25848",
    "UtcTime": "2018-03-05 07:32:38.492",
    "FileVersion": "10.0.16299.15 (WinBuild.160101.0800)",
    "ProcessGuid": "{A376A8F6-F296-5A9C-0000-0010274B8703}",
    "ImageLoaded": "C:\\Program Files\\Mozilla Firefox\\api-ms-win-crt-stdio-l1-1-0.dll",
    "Signature": "Microsoft Corporation",
    "SignatureStatus": "Valid",
    "Description": "ApiSet Stub DLL",
    "Company": "Microsoft Corporation",
    "Hashes": "MD5=1CEC55E31418A818093C73E96BD41973,SHA256=513BB1DD16BE7491CED8FA2494B604257285F76062525685C2991391D0C048C3",
    "Signed": "true",
    "Product": "Microsoft® Windows® Operating System"
  },
  "source_name": "Microsoft-Windows-Sysmon",
  "opcode": "정보",
  "provider_guid": "{5770385F-C22A-43E0-BF4C-06F5698FFBD9}",
  "event_id": 7,
  "beat": {
    "name": "DESKTOP-WJANG",
    "hostname": "DESKTOP-WJANG",
    "version": "6.2.2"
  },
  "level": "정보",
  "log_name": "Microsoft-Windows-Sysmon/Operational",
  "thread_id": 19220,
  "process_id": 8608,
  "task": "Image loaded (rule: ImageLoad)"
}
{
  "@timestamp": "2018-03-05T07:32:38.494Z",
  "@metadata": {
    "beat": "winlogbeat",
    "type": "doc",
    "version": "6.2.2"
  },
  "version": 3,
  "event_id": 7,
  "task": "Image loaded (rule: ImageLoad)",
  "beat": {
    "name": "DESKTOP-WJANG",
    "hostname": "DESKTOP-WJANG",
    "version": "6.2.2"
  },
  "message": "Image loaded:\nUtcTime: 2018-03-05 07:32:38.493\nProcessGuid: {A376A8F6-F296-5A9C-0000-0010274B8703}\nProcessId: 25848\nImage: C:\\Program Files\\Mozilla Firefox\\firefox.exe\nImageLoaded: C:\\Program Files\\Mozilla Firefox\\api-ms-win-crt-stdio-l1-1-0.dll\nFileVersion: 10.0.16299.15 (WinBuild.160101.0800)\nDescription: ApiSet Stub DLL\nProduct: Microsoft® Windows® Operating System\nCompany: Microsoft Corporation\nHashes: MD5=1CEC55E31418A818093C73E96BD41973,SHA256=513BB1DD16BE7491CED8FA2494B604257285F76062525685C2991391D0C048C3\nSigned: true\nSignature: Microsoft Corporation\nSignatureStatus: Valid",
  "thread_id": 19220,
  "computer_name": "DESKTOP-WJANG",
  "level": "정보",
  "source_name": "Microsoft-Windows-Sysmon",
  "process_id": 8608,
  "log_name": "Microsoft-Windows-Sysmon/Operational",
  "opcode": "정보",
  "record_number": "330",
  "event_data": {
    "ProcessGuid": "{A376A8F6-F296-5A9C-0000-0010274B8703}",
    "Product": "Microsoft® Windows® Operating System",
    "Description": "ApiSet Stub DLL",
    "FileVersion": "10.0.16299.15 (WinBuild.160101.0800)",
    "Hashes": "MD5=1CEC55E31418A818093C73E96BD41973,SHA256=513BB1DD16BE7491CED8FA2494B604257285F76062525685C2991391D0C048C3",
    "ImageLoaded": "C:\\Program Files\\Mozilla Firefox\\api-ms-win-crt-stdio-l1-1-0.dll",
    "SignatureStatus": "Valid",
    "ProcessId": "25848",
    "Company": "Microsoft Corporation",
    "Signed": "true",
    "UtcTime": "2018-03-05 07:32:38.493",
    "Signature": "Microsoft Corporation",
    "Image": "C:\\Program Files\\Mozilla Firefox\\firefox.exe"
  },
  "type": "wineventlog",
  "provider_guid": "{5770385F-C22A-43E0-BF4C-06F5698FFBD9}",
  "user": {
    "name": "SYSTEM",
    "domain": "NT AUTHORITY",
    "type": "Well Known Group",
    "identifier": "S-1-5-18"
  }
}
{
  "@timestamp": "2018-03-05T07:32:38.495Z",
  "@metadata": {
    "beat": "winlogbeat",
    "type": "doc",
    "version": "6.2.2"
  },
  "record_number": "331",
  "provider_guid": "{5770385F-C22A-43E0-BF4C-06F5698FFBD9}",
  "type": "wineventlog",
  "version": 3,
  "thread_id": 19220,
  "source_name": "Microsoft-Windows-Sysmon",
  "event_id": 7,
  "opcode": "정보",
  "event_data": {
    "ProcessGuid": "{A376A8F6-F296-5A9C-0000-0010274B8703}",
    "Hashes": "MD5=E3495C380C381670908355181787D7EA,SHA256=B353BD22B97FD3704557A99359C9EA0B4E0AD8B7E43B5E21700DABD1A1D84923",
    "ImageLoaded": "C:\\Program Files\\Mozilla Firefox\\api-ms-win-crt-convert-l1-1-0.dll",
    "Company": "Microsoft Corporation",
    "UtcTime": "2018-03-05 07:32:38.494",
    "SignatureStatus": "Valid",
    "FileVersion": "10.0.16299.15 (WinBuild.160101.0800)",
    "Signature": "Microsoft Corporation",
    "Description": "ApiSet Stub DLL",
    "Product": "Microsoft® Windows® Operating System",
    "Image": "C:\\Program Files\\Mozilla Firefox\\firefox.exe",
    "ProcessId": "25848",
    "Signed": "true"
  },
  "message": "Image loaded:\nUtcTime: 2018-03-05 07:32:38.494\nProcessGuid: {A376A8F6-F296-5A9C-0000-0010274B8703}\nProcessId: 25848\nImage: C:\\Program Files\\Mozilla Firefox\\firefox.exe\nImageLoaded: C:\\Program Files\\Mozilla Firefox\\api-ms-win-crt-convert-l1-1-0.dll\nFileVersion: 10.0.16299.15 (WinBuild.160101.0800)\nDescription: ApiSet Stub DLL\nProduct: Microsoft® Windows® Operating System\nCompany: Microsoft Corporation\nHashes: MD5=E3495C380C381670908355181787D7EA,SHA256=B353BD22B97FD3704557A99359C9EA0B4E0AD8B7E43B5E21700DABD1A1D84923\nSigned: true\nSignature: Microsoft Corporation\nSignatureStatus: Valid",
  "process_id": 8608,
  "user": {
    "identifier": "S-1-5-18",
    "name": "SYSTEM",
    "domain": "NT AUTHORITY",
    "type": "Well Known Group"
  },
  "task": "Image loaded (rule: ImageLoad)",
  "beat": {
    "name": "DESKTOP-WJANG",
    "hostname": "DESKTOP-WJANG",
    "version": "6.2.2"
  },
  "log_name": "Microsoft-Windows-Sysmon/Operational",
  "computer_name": "DESKTOP-WJANG",
  "level": "정보"
}
{
  "@timestamp": "2018-03-05T07:32:38.495Z",
  "@metadata": {
    "beat": "winlogbeat",
    "type": "doc",
    "version": "6.2.2"
  },
  "message": "Image loaded:\nUtcTime: 2018-03-05 07:32:38.494\nProcessGuid: {A376A8F6-F296-5A9C-0000-0010274B8703}\nProcessId: 25848\nImage: C:\\Program Files\\Mozilla Firefox\\firefox.exe\nImageLoaded: C:\\Program Files\\Mozilla Firefox\\api-ms-win-crt-convert-l1-1-0.dll\nFileVersion: 10.0.16299.15 (WinBuild.160101.0800)\nDescription: ApiSet Stub DLL\nProduct: Microsoft® Windows® Operating System\nCompany: Microsoft Corporation\nHashes: MD5=E3495C380C381670908355181787D7EA,SHA256=B353BD22B97FD3704557A99359C9EA0B4E0AD8B7E43B5E21700DABD1A1D84923\nSigned: true\nSignature: Microsoft Corporation\nSignatureStatus: Valid",
  "source_name": "Microsoft-Windows-Sysmon",
  "process_id": 8608,
  "version": 3,
  "task": "Image loaded (rule: ImageLoad)",
  "computer_name": "DESKTOP-WJANG",
  "record_number": "332",
  "event_id": 7,
  "event_data": {
    "Product": "Microsoft® Windows® Operating System",
    "Company": "Microsoft Corporation",
    "UtcTime": "2018-03-05 07:32:38.494",
    "Description": "ApiSet Stub DLL",
    "Image": "C:\\Program Files\\Mozilla Firefox\\firefox.exe",
    "Hashes": "MD5=E3495C380C381670908355181787D7EA,SHA256=B353BD22B97FD3704557A99359C9EA0B4E0AD8B7E43B5E21700DABD1A1D84923",
    "Signature": "Microsoft Corporation",
    "ImageLoaded": "C:\\Program Files\\Mozilla Firefox\\api-ms-win-crt-convert-l1-1-0.dll",
    "FileVersion": "10.0.16299.15 (WinBuild.160101.0800)",
    "ProcessId": "25848",
    "ProcessGuid": "{A376A8F6-F296-5A9C-0000-0010274B8703}",
    "Signed": "true",
    "SignatureStatus": "Valid"
  },
  "thread_id": 19220,
  "log_name": "Microsoft-Windows-Sysmon/Operational",
  "level": "정보",
  "opcode": "정보",
  "user": {
    "domain": "NT AUTHORITY",
    "type": "Well Known Group",
    "identifier": "S-1-5-18",
    "name": "SYSTEM"
  },
  "provider_guid": "{5770385F-C22A-43E0-BF4C-06F5698FFBD9}",
  "beat": {
    "name": "DESKTOP-WJANG",
    "hostname": "DESKTOP-WJANG",
    "version": "6.2.2"
  },
  "type": "wineventlog"
}
{
  "@timestamp": "2018-03-05T07:32:38.496Z",
  "@metadata": {
    "beat": "winlogbeat",
    "type": "doc",
    "version": "6.2.2"
  },
  "level": "정보",
  "type": "wineventlog",
  "version": 3,
  "opcode": "정보",
  "user": {
    "type": "Well Known Group",
    "identifier": "S-1-5-18",
    "name": "SYSTEM",
    "domain": "NT AUTHORITY"
  },
  "message": "Image loaded:\nUtcTime: 2018-03-05 07:32:38.495\nProcessGuid: {A376A8F6-F296-5A9C-0000-0010274B8703}\nProcessId: 25848\nImage: C:\\Program Files\\Mozilla Firefox\\firefox.exe\nImageLoaded: C:\\Program Files\\Mozilla Firefox\\api-ms-win-crt-locale-l1-1-0.dll\nFileVersion: 10.0.16299.15 (WinBuild.160101.0800)\nDescription: ApiSet Stub DLL\nProduct: Microsoft® Windows® Operating System\nCompany: Microsoft Corporation\nHashes: MD5=4140EE5C6EA9F933C483615141FD54FE,SHA256=29ABDC8C5396132B004E6751464641B8F0562249333B2257A1D2EB4AECC8D9DC\nSigned: true\nSignature: Microsoft Corporation\nSignatureStatus: Valid",
  "record_number": "333",
  "thread_id": 19220,
  "beat": {
    "name": "DESKTOP-WJANG",
    "hostname": "DESKTOP-WJANG",
    "version": "6.2.2"
  },
  "computer_name": "DESKTOP-WJANG",
  "event_id": 7,
  "log_name": "Microsoft-Windows-Sysmon/Operational",
  "task": "Image loaded (rule: ImageLoad)",
  "event_data": {
    "ProcessId": "25848",
    "Product": "Microsoft® Windows® Operating System",
    "FileVersion": "10.0.16299.15 (WinBuild.160101.0800)",
    "Company": "Microsoft Corporation",
    "ProcessGuid": "{A376A8F6-F296-5A9C-0000-0010274B8703}",
    "Hashes": "MD5=4140EE5C6EA9F933C483615141FD54FE,SHA256=29ABDC8C5396132B004E6751464641B8F0562249333B2257A1D2EB4AECC8D9DC",
    "Signature": "Microsoft Corporation",
    "Description": "ApiSet Stub DLL",
    "SignatureStatus": "Valid",
    "Image": "C:\\Program Files\\Mozilla Firefox\\firefox.exe",
    "UtcTime": "2018-03-05 07:32:38.495",
    "Signed": "true",
    "ImageLoaded": "C:\\Program Files\\Mozilla Firefox\\api-ms-win-crt-locale-l1-1-0.dll"
  },
  "provider_guid": "{5770385F-C22A-43E0-BF4C-06F5698FFBD9}",
  "process_id": 8608,
  "source_name": "Microsoft-Windows-Sysmon"
}
{
  "@timestamp": "2018-03-05T07:32:38.497Z",
  "@metadata": {
    "beat": "winlogbeat",
    "type": "doc",
    "version": "6.2.2"
  },
  "version": 3,
  "thread_id": 19220,
  "beat": {
    "name": "DESKTOP-WJANG",
    "hostname": "DESKTOP-WJANG",
    "version": "6.2.2"
  },
  "type": "wineventlog",
  "source_name": "Microsoft-Windows-Sysmon",
  "provider_guid": "{5770385F-C22A-43E0-BF4C-06F5698FFBD9}",
  "message": "Image loaded:\nUtcTime: 2018-03-05 07:32:38.496\nProcessGuid: {A376A8F6-F296-5A9C-0000-0010274B8703}\nProcessId: 25848\nImage: C:\\Program Files\\Mozilla Firefox\\firefox.exe\nImageLoaded: C:\\Program Files\\Mozilla Firefox\\api-ms-win-crt-locale-l1-1-0.dll\nFileVersion: 10.0.16299.15 (WinBuild.160101.0800)\nDescription: ApiSet Stub DLL\nProduct: Microsoft® Windows® Operating System\nCompany: Microsoft Corporation\nHashes: MD5=4140EE5C6EA9F933C483615141FD54FE,SHA256=29ABDC8C5396132B004E6751464641B8F0562249333B2257A1D2EB4AECC8D9DC\nSigned: true\nSignature: Microsoft Corporation\nSignatureStatus: Valid",
  "event_id": 7,
  "user": {
    "identifier": "S-1-5-18",
    "name": "SYSTEM",
    "domain": "NT AUTHORITY",
    "type": "Well Known Group"
  },
  "event_data": {
    "UtcTime": "2018-03-05 07:32:38.496",
    "Description": "ApiSet Stub DLL",
    "Hashes": "MD5=4140EE5C6EA9F933C483615141FD54FE,SHA256=29ABDC8C5396132B004E6751464641B8F0562249333B2257A1D2EB4AECC8D9DC",
    "ImageLoaded": "C:\\Program Files\\Mozilla Firefox\\api-ms-win-crt-locale-l1-1-0.dll",
    "ProcessId": "25848",
    "Image": "C:\\Program Files\\Mozilla Firefox\\firefox.exe",
    "Company": "Microsoft Corporation",
    "Signed": "true",
    "ProcessGuid": "{A376A8F6-F296-5A9C-0000-0010274B8703}",
    "SignatureStatus": "Valid",
    "FileVersion": "10.0.16299.15 (WinBuild.160101.0800)",
    "Product": "Microsoft® Windows® Operating System",
    "Signature": "Microsoft Corporation"
  },
  "computer_name": "DESKTOP-WJANG",
  "record_number": "334",
  "opcode": "정보",
  "level": "정보",
  "process_id": 8608,
  "log_name": "Microsoft-Windows-Sysmon/Operational",
  "task": "Image loaded (rule: ImageLoad)"
}
{
  "@timestamp": "2018-03-05T07:32:38.497Z",
  "@metadata": {
    "beat": "winlogbeat",
    "type": "doc",
    "version": "6.2.2"
  },
  "beat": {
    "name": "DESKTOP-WJANG",
    "hostname": "DESKTOP-WJANG",
    "version": "6.2.2"
  },
  "provider_guid": "{5770385F-C22A-43E0-BF4C-06F5698FFBD9}",
  "event_id": 7,
  "level": "정보",
  "process_id": 8608,
  "record_number": "335",
  "opcode": "정보",
  "message": "Image loaded:\nUtcTime: 2018-03-05 07:32:38.496\nProcessGuid: {A376A8F6-F296-5A9C-0000-0010274B8703}\nProcessId: 25848\nImage: C:\\Program Files\\Mozilla Firefox\\firefox.exe\nImageLoaded: C:\\Program Files\\Mozilla Firefox\\api-ms-win-crt-math-l1-1-0.dll\nFileVersion: 10.0.16299.15 (WinBuild.160101.0800)\nDescription: ApiSet Stub DLL\nProduct: Microsoft® Windows® Operating System\nCompany: Microsoft Corporation\nHashes: MD5=6C7D9C87AF17330357FDB7F39751080B,SHA256=6A9DD5A4E52C1AA0E341E35E9DC1A6FBF476EBACD64ADD3A53C146F019A9A4C6\nSigned: true\nSignature: Microsoft Corporation\nSignatureStatus: Valid",
  "thread_id": 19220,
  "task": "Image loaded (rule: ImageLoad)",
  "user": {
    "name": "SYSTEM",
    "domain": "NT AUTHORITY",
    "type": "Well Known Group",
    "identifier": "S-1-5-18"
  },
  "event_data": {
    "ImageLoaded": "C:\\Program Files\\Mozilla Firefox\\api-ms-win-crt-math-l1-1-0.dll",
    "Description": "ApiSet Stub DLL",
    "Hashes": "MD5=6C7D9C87AF17330357FDB7F39751080B,SHA256=6A9DD5A4E52C1AA0E341E35E9DC1A6FBF476EBACD64ADD3A53C146F019A9A4C6",
    "FileVersion": "10.0.16299.15 (WinBuild.160101.0800)",
    "ProcessId": "25848",
    "ProcessGuid": "{A376A8F6-F296-5A9C-0000-0010274B8703}",
    "Signature": "Microsoft Corporation",
    "Image": "C:\\Program Files\\Mozilla Firefox\\firefox.exe",
    "SignatureStatus": "Valid",
    "Signed": "true",
    "Product": "Microsoft® Windows® Operating System",
    "Company": "Microsoft Corporation",
    "UtcTime": "2018-03-05 07:32:38.496"
  },
  "log_name": "Microsoft-Windows-Sysmon/Operational",
  "computer_name": "DESKTOP-WJANG",
  "source_name": "Microsoft-Windows-Sysmon",
  "type": "wineventlog",
  "version": 3
}
{
  "@timestamp": "2018-03-05T07:32:38.498Z",
  "@metadata": {
    "beat": "winlogbeat",
    "type": "doc",
    "version": "6.2.2"
  },
  "computer_name": "DESKTOP-WJANG",
  "message": "Image loaded:\nUtcTime: 2018-03-05 07:32:38.497\nProcessGuid: {A376A8F6-F296-5A9C-0000-0010274B8703}\nProcessId: 25848\nImage: C:\\Program Files\\Mozilla Firefox\\firefox.exe\nImageLoaded: C:\\Program Files\\Mozilla Firefox\\api-ms-win-crt-math-l1-1-0.dll\nFileVersion: 10.0.16299.15 (WinBuild.160101.0800)\nDescription: ApiSet Stub DLL\nProduct: Microsoft® Windows® Operating System\nCompany: Microsoft Corporation\nHashes: MD5=6C7D9C87AF17330357FDB7F39751080B,SHA256=6A9DD5A4E52C1AA0E341E35E9DC1A6FBF476EBACD64ADD3A53C146F019A9A4C6\nSigned: true\nSignature: Microsoft Corporation\nSignatureStatus: Valid",
  "source_name": "Microsoft-Windows-Sysmon",
  "version": 3,
  "level": "정보",
  "log_name": "Microsoft-Windows-Sysmon/Operational",
  "type": "wineventlog",
  "event_data": {
    "SignatureStatus": "Valid",
    "UtcTime": "2018-03-05 07:32:38.497",
    "ImageLoaded": "C:\\Program Files\\Mozilla Firefox\\api-ms-win-crt-math-l1-1-0.dll",
    "ProcessId": "25848",
    "FileVersion": "10.0.16299.15 (WinBuild.160101.0800)",
    "Signature": "Microsoft Corporation",
    "Description": "ApiSet Stub DLL",
    "Product": "Microsoft® Windows® Operating System",
    "ProcessGuid": "{A376A8F6-F296-5A9C-0000-0010274B8703}",
    "Signed": "true",
    "Hashes": "MD5=6C7D9C87AF17330357FDB7F39751080B,SHA256=6A9DD5A4E52C1AA0E341E35E9DC1A6FBF476EBACD64ADD3A53C146F019A9A4C6",
    "Image": "C:\\Program Files\\Mozilla Firefox\\firefox.exe",
    "Company": "Microsoft Corporation"
  },
  "task": "Image loaded (rule: ImageLoad)",
  "thread_id": 19220,
  "user": {
    "identifier": "S-1-5-18",
    "name": "SYSTEM",
    "domain": "NT AUTHORITY",
    "type": "Well Known Group"
  },
  "record_number": "336",
  "opcode": "정보",
  "beat": {
    "name": "DESKTOP-WJANG",
    "hostname": "DESKTOP-WJANG",
    "version": "6.2.2"
  },
  "event_id": 7,
  "provider_guid": "{5770385F-C22A-43E0-BF4C-06F5698FFBD9}",
  "process_id": 8608
}
{
  "@timestamp": "2018-03-05T07:32:38.499Z",
  "@metadata": {
    "beat": "winlogbeat",
    "type": "doc",
    "version": "6.2.2"
  },
  "process_id": 8608,
  "thread_id": 19220,
  "record_number": "337",
  "source_name": "Microsoft-Windows-Sysmon",
  "level": "정보",
  "message": "Image loaded:\nUtcTime: 2018-03-05 07:32:38.497\nProcessGuid: {A376A8F6-F296-5A9C-0000-0010274B8703}\nProcessId: 25848\nImage: C:\\Program Files\\Mozilla Firefox\\firefox.exe\nImageLoaded: C:\\Program Files\\Mozilla Firefox\\api-ms-win-crt-multibyte-l1-1-0.dll\nFileVersion: 10.0.16299.15 (WinBuild.160101.0800)\nDescription: ApiSet Stub DLL\nProduct: Microsoft® Windows® Operating System\nCompany: Microsoft Corporation\nHashes: MD5=0CAD941678316DA4F162C2D65600F578,SHA256=ACB97F64896CB96CEA09C2A2E691A8E2302885150A0699AA0AC0593BCDC89E9F\nSigned: true\nSignature: Microsoft Corporation\nSignatureStatus: Valid",
  "opcode": "정보",
  "event_id": 7,
  "version": 3,
  "task": "Image loaded (rule: ImageLoad)",
  "computer_name": "DESKTOP-WJANG",
  "type": "wineventlog",
  "event_data": {
    "Signed": "true",
    "ImageLoaded": "C:\\Program Files\\Mozilla Firefox\\api-ms-win-crt-multibyte-l1-1-0.dll",
    "Company": "Microsoft Corporation",
    "SignatureStatus": "Valid",
    "Signature": "Microsoft Corporation",
    "ProcessId": "25848",
    "UtcTime": "2018-03-05 07:32:38.497",
    "ProcessGuid": "{A376A8F6-F296-5A9C-0000-0010274B8703}",
    "Description": "ApiSet Stub DLL",
    "Hashes": "MD5=0CAD941678316DA4F162C2D65600F578,SHA256=ACB97F64896CB96CEA09C2A2E691A8E2302885150A0699AA0AC0593BCDC89E9F",
    "Image": "C:\\Program Files\\Mozilla Firefox\\firefox.exe",
    "Product": "Microsoft® Windows® Operating System",
    "FileVersion": "10.0.16299.15 (WinBuild.160101.0800)"
  },
  "log_name": "Microsoft-Windows-Sysmon/Operational",
  "provider_guid": "{5770385F-C22A-43E0-BF4C-06F5698FFBD9}",
  "user": {
    "name": "SYSTEM",
    "domain": "NT AUTHORITY",
    "type": "Well Known Group",
    "identifier": "S-1-5-18"
  },
  "beat": {
    "name": "DESKTOP-WJANG",
    "hostname": "DESKTOP-WJANG",
    "version": "6.2.2"
  }
}
{
  "@timestamp": "2018-03-05T07:32:38.499Z",
  "@metadata": {
    "beat": "winlogbeat",
    "type": "doc",
    "version": "6.2.2"
  },
  "version": 3,
  "level": "정보",
  "record_number": "338",
  "log_name": "Microsoft-Windows-Sysmon/Operational",
  "type": "wineventlog",
  "thread_id": 19220,
  "event_data": {
    "UtcTime": "2018-03-05 07:32:38.498",
    "Company": "Microsoft Corporation",
    "SignatureStatus": "Valid",
    "ImageLoaded": "C:\\Program Files\\Mozilla Firefox\\api-ms-win-crt-multibyte-l1-1-0.dll",
    "Product": "Microsoft® Windows® Operating System",
    "Signature": "Microsoft Corporation",
    "ProcessGuid": "{A376A8F6-F296-5A9C-0000-0010274B8703}",
    "Description": "ApiSet Stub DLL",
    "Signed": "true",
    "ProcessId": "25848",
    "Image": "C:\\Program Files\\Mozilla Firefox\\firefox.exe",
    "Hashes": "MD5=0CAD941678316DA4F162C2D65600F578,SHA256=ACB97F64896CB96CEA09C2A2E691A8E2302885150A0699AA0AC0593BCDC89E9F",
    "FileVersion": "10.0.16299.15 (WinBuild.160101.0800)"
  },
  "opcode": "정보",
  "user": {
    "identifier": "S-1-5-18",
    "name": "SYSTEM",
    "domain": "NT AUTHORITY",
    "type": "Well Known Group"
  },
  "computer_name": "DESKTOP-WJANG",
  "task": "Image loaded (rule: ImageLoad)",
  "message": "Image loaded:\nUtcTime: 2018-03-05 07:32:38.498\nProcessGuid: {A376A8F6-F296-5A9C-0000-0010274B8703}\nProcessId: 25848\nImage: C:\\Program Files\\Mozilla Firefox\\firefox.exe\nImageLoaded: C:\\Program Files\\Mozilla Firefox\\api-ms-win-crt-multibyte-l1-1-0.dll\nFileVersion: 10.0.16299.15 (WinBuild.160101.0800)\nDescription: ApiSet Stub DLL\nProduct: Microsoft® Windows® Operating System\nCompany: Microsoft Corporation\nHashes: MD5=0CAD941678316DA4F162C2D65600F578,SHA256=ACB97F64896CB96CEA09C2A2E691A8E2302885150A0699AA0AC0593BCDC89E9F\nSigned: true\nSignature: Microsoft Corporation\nSignatureStatus: Valid",
  "process_id": 8608,
  "event_id": 7,
  "source_name": "Microsoft-Windows-Sysmon",
  "provider_guid": "{5770385F-C22A-43E0-BF4C-06F5698FFBD9}",
  "beat": {
    "name": "DESKTOP-WJANG",
    "hostname": "DESKTOP-WJANG",
    "version": "6.2.2"
  }
}
{
  "@timestamp": "2018-03-05T07:32:38.500Z",
  "@metadata": {
    "beat": "winlogbeat",
    "type": "doc",
    "version": "6.2.2"
  },
  "task": "Image loaded (rule: ImageLoad)",
  "thread_id": 19220,
  "source_name": "Microsoft-Windows-Sysmon",
  "level": "정보",
  "opcode": "정보",
  "version": 3,
  "type": "wineventlog",
  "record_number": "339",
  "provider_guid": "{5770385F-C22A-43E0-BF4C-06F5698FFBD9}",
  "event_id": 7,
  "user": {
    "type": "Well Known Group",
    "identifier": "S-1-5-18",
    "name": "SYSTEM",
    "domain": "NT AUTHORITY"
  },
  "process_id": 8608,
  "event_data": {
    "UtcTime": "2018-03-05 07:32:38.499",
    "SignatureStatus": "Valid",
    "Hashes": "MD5=090027E2A3EF8D8EBF9CED36FDC7B492,SHA256=803B6F86F178E71F462DFDD6521C9F4791059C1FAB5DC86DE17C34C25E55F8BD",
    "ImageLoaded": "C:\\Program Files\\Mozilla Firefox\\api-ms-win-crt-time-l1-1-0.dll",
    "Description": "ApiSet Stub DLL",
    "Image": "C:\\Program Files\\Mozilla Firefox\\firefox.exe",
    "Company": "Microsoft Corporation",
    "ProcessId": "25848",
    "Product": "Microsoft® Windows® Operating System",
    "FileVersion": "10.0.16299.15 (WinBuild.160101.0800)",
    "ProcessGuid": "{A376A8F6-F296-5A9C-0000-0010274B8703}",
    "Signed": "true",
    "Signature": "Microsoft Corporation"
  },
  "computer_name": "DESKTOP-WJANG",
  "message": "Image loaded:\nUtcTime: 2018-03-05 07:32:38.499\nProcessGuid: {A376A8F6-F296-5A9C-0000-0010274B8703}\nProcessId: 25848\nImage: C:\\Program Files\\Mozilla Firefox\\firefox.exe\nImageLoaded: C:\\Program Files\\Mozilla Firefox\\api-ms-win-crt-time-l1-1-0.dll\nFileVersion: 10.0.16299.15 (WinBuild.160101.0800)\nDescription: ApiSet Stub DLL\nProduct: Microsoft® Windows® Operating System\nCompany: Microsoft Corporation\nHashes: MD5=090027E2A3EF8D8EBF9CED36FDC7B492,SHA256=803B6F86F178E71F462DFDD6521C9F4791059C1FAB5DC86DE17C34C25E55F8BD\nSigned: true\nSignature: Microsoft Corporation\nSignatureStatus: Valid",
  "log_name": "Microsoft-Windows-Sysmon/Operational",
  "beat": {
    "name": "DESKTOP-WJANG",
    "hostname": "DESKTOP-WJANG",
    "version": "6.2.2"
  }
}
{
  "@timestamp": "2018-03-05T07:32:38.500Z",
  "@metadata": {
    "beat": "winlogbeat",
    "type": "doc",
    "version": "6.2.2"
  },
  "event_id": 7,
  "type": "wineventlog",
  "source_name": "Microsoft-Windows-Sysmon",
  "computer_name": "DESKTOP-WJANG",
  "event_data": {
    "Signature": "Microsoft Corporation",
    "ProcessId": "25848",
    "Product": "Microsoft® Windows® Operating System",
    "SignatureStatus": "Valid",
    "ImageLoaded": "C:\\Program Files\\Mozilla Firefox\\api-ms-win-crt-time-l1-1-0.dll",
    "Signed": "true",
    "Description": "ApiSet Stub DLL",
    "Image": "C:\\Program Files\\Mozilla Firefox\\firefox.exe",
    "Hashes": "MD5=090027E2A3EF8D8EBF9CED36FDC7B492,SHA256=803B6F86F178E71F462DFDD6521C9F4791059C1FAB5DC86DE17C34C25E55F8BD",
    "FileVersion": "10.0.16299.15 (WinBuild.160101.0800)",
    "ProcessGuid": "{A376A8F6-F296-5A9C-0000-0010274B8703}",
    "Company": "Microsoft Corporation",
    "UtcTime": "2018-03-05 07:32:38.499"
  },
  "record_number": "340",
  "thread_id": 19220,
  "beat": {
    "name": "DESKTOP-WJANG",
    "hostname": "DESKTOP-WJANG",
    "version": "6.2.2"
  },
  "version": 3,
  "opcode": "정보",
  "process_id": 8608,
  "message": "Image loaded:\nUtcTime: 2018-03-05 07:32:38.499\nProcessGuid: {A376A8F6-F296-5A9C-0000-0010274B8703}\nProcessId: 25848\nImage: C:\\Program Files\\Mozilla Firefox\\firefox.exe\nImageLoaded: C:\\Program Files\\Mozilla Firefox\\api-ms-win-crt-time-l1-1-0.dll\nFileVersion: 10.0.16299.15 (WinBuild.160101.0800)\nDescription: ApiSet Stub DLL\nProduct: Microsoft® Windows® Operating System\nCompany: Microsoft Corporation\nHashes: MD5=090027E2A3EF8D8EBF9CED36FDC7B492,SHA256=803B6F86F178E71F462DFDD6521C9F4791059C1FAB5DC86DE17C34C25E55F8BD\nSigned: true\nSignature: Microsoft Corporation\nSignatureStatus: Valid",
  "user": {
    "domain": "NT AUTHORITY",
    "type": "Well Known Group",
    "identifier": "S-1-5-18",
    "name": "SYSTEM"
  },
  "provider_guid": "{5770385F-C22A-43E0-BF4C-06F5698FFBD9}",
  "task": "Image loaded (rule: ImageLoad)",
  "log_name": "Microsoft-Windows-Sysmon/Operational",
  "level": "정보"
}
{
  "@timestamp": "2018-03-05T07:32:38.501Z",
  "@metadata": {
    "beat": "winlogbeat",
    "type": "doc",
    "version": "6.2.2"
  },
  "event_id": 7,
  "process_id": 8608,
  "level": "정보",
  "user": {
    "name": "SYSTEM",
    "domain": "NT AUTHORITY",
    "type": "Well Known Group",
    "identifier": "S-1-5-18"
  },
  "computer_name": "DESKTOP-WJANG",
  "opcode": "정보",
  "source_name": "Microsoft-Windows-Sysmon",
  "log_name": "Microsoft-Windows-Sysmon/Operational",
  "task": "Image loaded (rule: ImageLoad)",
  "message": "Image loaded:\nUtcTime: 2018-03-05 07:32:38.500\nProcessGuid: {A376A8F6-F296-5A9C-0000-0010274B8703}\nProcessId: 25848\nImage: C:\\Program Files\\Mozilla Firefox\\firefox.exe\nImageLoaded: C:\\Program Files\\Mozilla Firefox\\api-ms-win-crt-filesystem-l1-1-0.dll\nFileVersion: 10.0.16299.15 (WinBuild.160101.0800)\nDescription: ApiSet Stub DLL\nProduct: Microsoft® Windows® Operating System\nCompany: Microsoft Corporation\nHashes: MD5=C8211D9A8F2595C9EE6F75C9B6D5CB29,SHA256=B78607F566599E92BFA8FF5DE0F28C439207ABF17F274A045500A0D107287D41\nSigned: true\nSignature: Microsoft Corporation\nSignatureStatus: Valid",
  "event_data": {
    "SignatureStatus": "Valid",
    "FileVersion": "10.0.16299.15 (WinBuild.160101.0800)",
    "Signed": "true",
    "ImageLoaded": "C:\\Program Files\\Mozilla Firefox\\api-ms-win-crt-filesystem-l1-1-0.dll",
    "ProcessGuid": "{A376A8F6-F296-5A9C-0000-0010274B8703}",
    "Description": "ApiSet Stub DLL",
    "ProcessId": "25848",
    "Product": "Microsoft® Windows® Operating System",
    "Signature": "Microsoft Corporation",
    "UtcTime": "2018-03-05 07:32:38.500",
    "Image": "C:\\Program Files\\Mozilla Firefox\\firefox.exe",
    "Hashes": "MD5=C8211D9A8F2595C9EE6F75C9B6D5CB29,SHA256=B78607F566599E92BFA8FF5DE0F28C439207ABF17F274A045500A0D107287D41",
    "Company": "Microsoft Corporation"
  },
  "version": 3,
  "thread_id": 19220,
  "type": "wineventlog",
  "provider_guid": "{5770385F-C22A-43E0-BF4C-06F5698FFBD9}",
  "record_number": "341",
  "beat": {
    "hostname": "DESKTOP-WJANG",
    "version": "6.2.2",
    "name": "DESKTOP-WJANG"
  }
}
{
  "@timestamp": "2018-03-05T07:32:38.502Z",
  "@metadata": {
    "beat": "winlogbeat",
    "type": "doc",
    "version": "6.2.2"
  },
  "type": "wineventlog",
  "source_name": "Microsoft-Windows-Sysmon",
  "computer_name": "DESKTOP-WJANG",
  "level": "정보",
  "thread_id": 19220,
  "message": "Image loaded:\nUtcTime: 2018-03-05 07:32:38.501\nProcessGuid: {A376A8F6-F296-5A9C-0000-0010274B8703}\nProcessId: 25848\nImage: C:\\Program Files\\Mozilla Firefox\\firefox.exe\nImageLoaded: C:\\Program Files\\Mozilla Firefox\\api-ms-win-crt-filesystem-l1-1-0.dll\nFileVersion: 10.0.16299.15 (WinBuild.160101.0800)\nDescription: ApiSet Stub DLL\nProduct: Microsoft® Windows® Operating System\nCompany: Microsoft Corporation\nHashes: MD5=C8211D9A8F2595C9EE6F75C9B6D5CB29,SHA256=B78607F566599E92BFA8FF5DE0F28C439207ABF17F274A045500A0D107287D41\nSigned: true\nSignature: Microsoft Corporation\nSignatureStatus: Valid",
  "event_data": {
    "Hashes": "MD5=C8211D9A8F2595C9EE6F75C9B6D5CB29,SHA256=B78607F566599E92BFA8FF5DE0F28C439207ABF17F274A045500A0D107287D41",
    "Signature": "Microsoft Corporation",
    "Company": "Microsoft Corporation",
    "ProcessGuid": "{A376A8F6-F296-5A9C-0000-0010274B8703}",
    "Product": "Microsoft® Windows® Operating System",
    "SignatureStatus": "Valid",
    "ImageLoaded": "C:\\Program Files\\Mozilla Firefox\\api-ms-win-crt-filesystem-l1-1-0.dll",
    "FileVersion": "10.0.16299.15 (WinBuild.160101.0800)",
    "ProcessId": "25848",
    "UtcTime": "2018-03-05 07:32:38.501",
    "Signed": "true",
    "Image": "C:\\Program Files\\Mozilla Firefox\\firefox.exe",
    "Description": "ApiSet Stub DLL"
  },
  "provider_guid": "{5770385F-C22A-43E0-BF4C-06F5698FFBD9}",
  "task": "Image loaded (rule: ImageLoad)",
  "beat": {
    "name": "DESKTOP-WJANG",
    "hostname": "DESKTOP-WJANG",
    "version": "6.2.2"
  },
  "user": {
    "name": "SYSTEM",
    "domain": "NT AUTHORITY",
    "type": "Well Known Group",
    "identifier": "S-1-5-18"
  },
  "log_name": "Microsoft-Windows-Sysmon/Operational",
  "record_number": "342",
  "event_id": 7,
  "opcode": "정보",
  "version": 3,
  "process_id": 8608
}
{
  "@timestamp": "2018-03-05T07:32:38.503Z",
  "@metadata": {
    "beat": "winlogbeat",
    "type": "doc",
    "version": "6.2.2"
  },
  "beat": {
    "name": "DESKTOP-WJANG",
    "hostname": "DESKTOP-WJANG",
    "version": "6.2.2"
  },
  "record_number": "343",
  "event_id": 7,
  "level": "정보",
  "opcode": "정보",
  "user": {
    "identifier": "S-1-5-18",
    "name": "SYSTEM",
    "domain": "NT AUTHORITY",
    "type": "Well Known Group"
  },
  "event_data": {
    "UtcTime": "2018-03-05 07:32:38.502",
    "ProcessId": "25848",
    "Image": "C:\\Program Files\\Mozilla Firefox\\firefox.exe",
    "Product": "Microsoft® Windows® Operating System",
    "ImageLoaded": "C:\\Program Files\\Mozilla Firefox\\api-ms-win-crt-environment-l1-1-0.dll",
    "Description": "ApiSet Stub DLL",
    "Signature": "Microsoft Corporation",
    "Signed": "true",
    "Hashes": "MD5=5746D1DC01F0A069F009ECD7F8738C41,SHA256=325E7BB5C8A3C7F9DB8698A570B7D9D9424A028D51F937A2DFF3DC5FF0B6E457",
    "Company": "Microsoft Corporation",
    "SignatureStatus": "Valid",
    "FileVersion": "10.0.16299.15 (WinBuild.160101.0800)",
    "ProcessGuid": "{A376A8F6-F296-5A9C-0000-0010274B8703}"
  },
  "provider_guid": "{5770385F-C22A-43E0-BF4C-06F5698FFBD9}",
  "log_name": "Microsoft-Windows-Sysmon/Operational",
  "computer_name": "DESKTOP-WJANG",
  "process_id": 8608,
  "message": "Image loaded:\nUtcTime: 2018-03-05 07:32:38.502\nProcessGuid: {A376A8F6-F296-5A9C-0000-0010274B8703}\nProcessId: 25848\nImage: C:\\Program Files\\Mozilla Firefox\\firefox.exe\nImageLoaded: C:\\Program Files\\Mozilla Firefox\\api-ms-win-crt-environment-l1-1-0.dll\nFileVersion: 10.0.16299.15 (WinBuild.160101.0800)\nDescription: ApiSet Stub DLL\nProduct: Microsoft® Windows® Operating System\nCompany: Microsoft Corporation\nHashes: MD5=5746D1DC01F0A069F009ECD7F8738C41,SHA256=325E7BB5C8A3C7F9DB8698A570B7D9D9424A028D51F937A2DFF3DC5FF0B6E457\nSigned: true\nSignature: Microsoft Corporation\nSignatureStatus: Valid",
  "source_name": "Microsoft-Windows-Sysmon",
  "task": "Image loaded (rule: ImageLoad)",
  "type": "wineventlog",
  "version": 3,
  "thread_id": 19220
}
{
  "@timestamp": "2018-03-05T07:32:38.503Z",
  "@metadata": {
    "beat": "winlogbeat",
    "type": "doc",
    "version": "6.2.2"
  },
  "provider_guid": "{5770385F-C22A-43E0-BF4C-06F5698FFBD9}",
  "computer_name": "DESKTOP-WJANG",
  "user": {
    "identifier": "S-1-5-18",
    "name": "SYSTEM",
    "domain": "NT AUTHORITY",
    "type": "Well Known Group"
  },
  "beat": {
    "name": "DESKTOP-WJANG",
    "hostname": "DESKTOP-WJANG",
    "version": "6.2.2"
  },
  "process_id": 8608,
  "source_name": "Microsoft-Windows-Sysmon",
  "task": "Image loaded (rule: ImageLoad)",
  "version": 3,
  "opcode": "정보",
  "thread_id": 19220,
  "type": "wineventlog",
  "log_name": "Microsoft-Windows-Sysmon/Operational",
  "record_number": "344",
  "level": "정보",
  "message": "Image loaded:\nUtcTime: 2018-03-05 07:32:38.502\nProcessGuid: {A376A8F6-F296-5A9C-0000-0010274B8703}\nProcessId: 25848\nImage: C:\\Program Files\\Mozilla Firefox\\firefox.exe\nImageLoaded: C:\\Program Files\\Mozilla Firefox\\api-ms-win-crt-environment-l1-1-0.dll\nFileVersion: 10.0.16299.15 (WinBuild.160101.0800)\nDescription: ApiSet Stub DLL\nProduct: Microsoft® Windows® Operating System\nCompany: Microsoft Corporation\nHashes: MD5=5746D1DC01F0A069F009ECD7F8738C41,SHA256=325E7BB5C8A3C7F9DB8698A570B7D9D9424A028D51F937A2DFF3DC5FF0B6E457\nSigned: true\nSignature: Microsoft Corporation\nSignatureStatus: Valid",
  "event_data": {
    "ProcessId": "25848",
    "Description": "ApiSet Stub DLL",
    "Image": "C:\\Program Files\\Mozilla Firefox\\firefox.exe",
    "Product": "Microsoft® Windows® Operating System",
    "Hashes": "MD5=5746D1DC01F0A069F009ECD7F8738C41,SHA256=325E7BB5C8A3C7F9DB8698A570B7D9D9424A028D51F937A2DFF3DC5FF0B6E457",
    "Signed": "true",
    "SignatureStatus": "Valid",
    "FileVersion": "10.0.16299.15 (WinBuild.160101.0800)",
    "ProcessGuid": "{A376A8F6-F296-5A9C-0000-0010274B8703}",
    "Signature": "Microsoft Corporation",
    "ImageLoaded": "C:\\Program Files\\Mozilla Firefox\\api-ms-win-crt-environment-l1-1-0.dll",
    "Company": "Microsoft Corporation",
    "UtcTime": "2018-03-05 07:32:38.502"
  },
  "event_id": 7
}
