{
  "@timestamp": "2018-03-05T07:32:40.261Z",
  "@metadata": {
    "beat": "winlogbeat",
    "type": "doc",
    "version": "6.2.2"
  },
  "thread_id": 23584,
  "log_name": "Microsoft-Windows-Sysmon/Operational",
  "opcode": "정보",
  "message": "Image loaded:\nUtcTime: 2018-03-05 07:32:40.021\nProcessGuid: {A376A8F6-F297-5A9C-0000-00104D2C8803}\nProcessId: 4624\nImage: C:\\Program Files\\Mozilla Firefox\\firefox.exe\nImageLoaded: C:\\Windows\\System32\\rsaenh.dll\nFileVersion: 10.0.16299.15 (WinBuild.160101.0800)\nDescription: Microsoft Enhanced Cryptographic Provider\nProduct: Microsoft® Windows® Operating System\nCompany: Microsoft Corporation\nHashes: MD5=DCE02851301BA0112B46995552C0920F,SHA256=3BB339FEF89ABCB9C82D303D5FB8BAD1924CA5E7C29C189874C0F5D2DA19513E\nSigned: true\nSignature: Microsoft Windows\nSignatureStatus: Valid",
  "record_number": "651",
  "level": "정보",
  "process_id": 8608,
  "beat": {
    "version": "6.2.2",
    "name": "DESKTOP-WJANG",
    "hostname": "DESKTOP-WJANG"
  },
  "version": 3,
  "source_name": "Microsoft-Windows-Sysmon",
  "user": {
    "type": "Well Known Group",
    "identifier": "S-1-5-18",
    "name": "SYSTEM",
    "domain": "NT AUTHORITY"
  },
  "event_id": 7,
  "provider_guid": "{5770385F-C22A-43E0-BF4C-06F5698FFBD9}",
  "task": "Image loaded (rule: ImageLoad)",
  "type": "wineventlog",
  "computer_name": "DESKTOP-WJANG",
  "event_data": {
    "Description": "Microsoft Enhanced Cryptographic Provider",
    "ProcessId": "4624",
    "Image": "C:\\Program Files\\Mozilla Firefox\\firefox.exe",
    "Company": "Microsoft Corporation",
    "FileVersion": "10.0.16299.15 (WinBuild.160101.0800)",
    "SignatureStatus": "Valid",
    "Hashes": "MD5=DCE02851301BA0112B46995552C0920F,SHA256=3BB339FEF89ABCB9C82D303D5FB8BAD1924CA5E7C29C189874C0F5D2DA19513E",
    "Signature": "Microsoft Windows",
    "Product": "Microsoft® Windows® Operating System",
    "Signed": "true",
    "ImageLoaded": "C:\\Windows\\System32\\rsaenh.dll",
    "UtcTime": "2018-03-05 07:32:40.021",
    "ProcessGuid": "{A376A8F6-F297-5A9C-0000-00104D2C8803}"
  }
}
{
  "@timestamp": "2018-03-05T07:32:40.262Z",
  "@metadata": {
    "beat": "winlogbeat",
    "type": "doc",
    "version": "6.2.2"
  },
  "computer_name": "DESKTOP-WJANG",
  "record_number": "652",
  "event_id": 7,
  "message": "Image loaded:\nUtcTime: 2018-03-05 07:32:39.506\nProcessGuid: {A376A8F6-F296-5A9C-0000-0010274B8703}\nProcessId: 25848\nImage: C:\\Program Files\\Mozilla Firefox\\firefox.exe\nImageLoaded: C:\\Windows\\System32\\rsaenh.dll\nFileVersion: 10.0.16299.15 (WinBuild.160101.0800)\nDescription: Microsoft Enhanced Cryptographic Provider\nProduct: Microsoft® Windows® Operating System\nCompany: Microsoft Corporation\nHashes: MD5=DCE02851301BA0112B46995552C0920F,SHA256=3BB339FEF89ABCB9C82D303D5FB8BAD1924CA5E7C29C189874C0F5D2DA19513E\nSigned: true\nSignature: Microsoft Windows\nSignatureStatus: Valid",
  "beat": {
    "name": "DESKTOP-WJANG",
    "hostname": "DESKTOP-WJANG",
    "version": "6.2.2"
  },
  "event_data": {
    "ProcessId": "25848",
    "FileVersion": "10.0.16299.15 (WinBuild.160101.0800)",
    "ProcessGuid": "{A376A8F6-F296-5A9C-0000-0010274B8703}",
    "SignatureStatus": "Valid",
    "Hashes": "MD5=DCE02851301BA0112B46995552C0920F,SHA256=3BB339FEF89ABCB9C82D303D5FB8BAD1924CA5E7C29C189874C0F5D2DA19513E",
    "Description": "Microsoft Enhanced Cryptographic Provider",
    "Signature": "Microsoft Windows",
    "Image": "C:\\Program Files\\Mozilla Firefox\\firefox.exe",
    "UtcTime": "2018-03-05 07:32:39.506",
    "Signed": "true",
    "ImageLoaded": "C:\\Windows\\System32\\rsaenh.dll",
    "Product": "Microsoft® Windows® Operating System",
    "Company": "Microsoft Corporation"
  },
  "thread_id": 23584,
  "task": "Image loaded (rule: ImageLoad)",
  "provider_guid": "{5770385F-C22A-43E0-BF4C-06F5698FFBD9}",
  "version": 3,
  "user": {
    "identifier": "S-1-5-18",
    "name": "SYSTEM",
    "domain": "NT AUTHORITY",
    "type": "Well Known Group"
  },
  "log_name": "Microsoft-Windows-Sysmon/Operational",
  "level": "정보",
  "type": "wineventlog",
  "opcode": "정보",
  "process_id": 8608,
  "source_name": "Microsoft-Windows-Sysmon"
}
{
  "@timestamp": "2018-03-05T07:32:40.266Z",
  "@metadata": {
    "beat": "winlogbeat",
    "type": "doc",
    "version": "6.2.2"
  },
  "event_data": {
    "Signature": "Microsoft Windows",
    "ProcessGuid": "{A376A8F6-F297-5A9C-0000-00104D2C8803}",
    "FileVersion": "10.0.16299.15 (WinBuild.160101.0800)",
    "UtcTime": "2018-03-05 07:32:40.254",
    "Signed": "true",
    "Hashes": "MD5=C9C3048A7119ABB0C5292F30CC0957B8,SHA256=228EECFB92BB4170364F8F4C6A17B698D92D141799C0946A6BABDFC3BB49D3F9",
    "Description": "오디오 세션",
    "Company": "Microsoft Corporation",
    "Product": "Microsoft® Windows® Operating System",
    "SignatureStatus": "Valid",
    "ImageLoaded": "C:\\Windows\\System32\\AudioSes.dll",
    "ProcessId": "4624",
    "Image": "C:\\Program Files\\Mozilla Firefox\\firefox.exe"
  },
  "event_id": 7,
  "provider_guid": "{5770385F-C22A-43E0-BF4C-06F5698FFBD9}",
  "level": "정보",
  "beat": {
    "name": "DESKTOP-WJANG",
    "hostname": "DESKTOP-WJANG",
    "version": "6.2.2"
  },
  "type": "wineventlog",
  "source_name": "Microsoft-Windows-Sysmon",
  "task": "Image loaded (rule: ImageLoad)",
  "record_number": "653",
  "user": {
    "type": "Well Known Group",
    "identifier": "S-1-5-18",
    "name": "SYSTEM",
    "domain": "NT AUTHORITY"
  },
  "computer_name": "DESKTOP-WJANG",
  "opcode": "정보",
  "thread_id": 19220,
  "log_name": "Microsoft-Windows-Sysmon/Operational",
  "process_id": 8608,
  "version": 3,
  "message": "Image loaded:\nUtcTime: 2018-03-05 07:32:40.254\nProcessGuid: {A376A8F6-F297-5A9C-0000-00104D2C8803}\nProcessId: 4624\nImage: C:\\Program Files\\Mozilla Firefox\\firefox.exe\nImageLoaded: C:\\Windows\\System32\\AudioSes.dll\nFileVersion: 10.0.16299.15 (WinBuild.160101.0800)\nDescription: 오디오 세션\nProduct: Microsoft® Windows® Operating System\nCompany: Microsoft Corporation\nHashes: MD5=C9C3048A7119ABB0C5292F30CC0957B8,SHA256=228EECFB92BB4170364F8F4C6A17B698D92D141799C0946A6BABDFC3BB49D3F9\nSigned: true\nSignature: Microsoft Windows\nSignatureStatus: Valid"
}
{
  "@timestamp": "2018-03-05T07:32:40.269Z",
  "@metadata": {
    "beat": "winlogbeat",
    "type": "doc",
    "version": "6.2.2"
  },
  "version": 3,
  "task": "Image loaded (rule: ImageLoad)",
  "type": "wineventlog",
  "process_id": 8608,
  "user": {
    "domain": "NT AUTHORITY",
    "type": "Well Known Group",
    "identifier": "S-1-5-18",
    "name": "SYSTEM"
  },
  "computer_name": "DESKTOP-WJANG",
  "event_id": 7,
  "message": "Image loaded:\nUtcTime: 2018-03-05 07:32:40.256\nProcessGuid: {A376A8F6-F297-5A9C-0000-00104D2C8803}\nProcessId: 4624\nImage: C:\\Program Files\\Mozilla Firefox\\firefox.exe\nImageLoaded: C:\\Windows\\System32\\WinTypes.dll\nFileVersion: 10.0.16299.15 (WinBuild.160101.0800)\nDescription: Windows 기본 형식 DLL\nProduct: Microsoft® Windows® Operating System\nCompany: Microsoft Corporation\nHashes: MD5=D3A508D064BDC7BA3DB7EFEF5AD0767E,SHA256=1D586BD2501FA7F29772C04D145219AF937BB84AE7076E35B3BB748B10994549\nSigned: true\nSignature: Microsoft Windows\nSignatureStatus: Valid",
  "provider_guid": "{5770385F-C22A-43E0-BF4C-06F5698FFBD9}",
  "opcode": "정보",
  "log_name": "Microsoft-Windows-Sysmon/Operational",
  "record_number": "654",
  "event_data": {
    "SignatureStatus": "Valid",
    "Hashes": "MD5=D3A508D064BDC7BA3DB7EFEF5AD0767E,SHA256=1D586BD2501FA7F29772C04D145219AF937BB84AE7076E35B3BB748B10994549",
    "Product": "Microsoft® Windows® Operating System",
    "ProcessId": "4624",
    "Image": "C:\\Program Files\\Mozilla Firefox\\firefox.exe",
    "Description": "Windows 기본 형식 DLL",
    "Signature": "Microsoft Windows",
    "UtcTime": "2018-03-05 07:32:40.256",
    "ProcessGuid": "{A376A8F6-F297-5A9C-0000-00104D2C8803}",
    "ImageLoaded": "C:\\Windows\\System32\\WinTypes.dll",
    "Signed": "true",
    "Company": "Microsoft Corporation",
    "FileVersion": "10.0.16299.15 (WinBuild.160101.0800)"
  },
  "beat": {
    "hostname": "DESKTOP-WJANG",
    "version": "6.2.2",
    "name": "DESKTOP-WJANG"
  },
  "thread_id": 19220,
  "level": "정보",
  "source_name": "Microsoft-Windows-Sysmon"
}
{
  "@timestamp": "2018-03-05T07:32:40.274Z",
  "@metadata": {
    "beat": "winlogbeat",
    "type": "doc",
    "version": "6.2.2"
  },
  "opcode": "정보",
  "message": "Image loaded:\nUtcTime: 2018-03-05 07:32:40.270\nProcessGuid: {A376A8F6-F297-5A9C-0000-00104D2C8803}\nProcessId: 4624\nImage: C:\\Program Files\\Mozilla Firefox\\firefox.exe\nImageLoaded: C:\\Windows\\System32\\Windows.UI.dll\nFileVersion: 10.0.16299.15 (WinBuild.160101.0800)\nDescription: Windows Runtime UI Foundation DLL\nProduct: Microsoft® Windows® Operating System\nCompany: Microsoft Corporation\nHashes: MD5=95254CAAF5A853A1F0F0283467CCC7A6,SHA256=1998A144D0574AEDE542DC1FB934FF54E7C648D3267FEAF45263C0DB8729CA04\nSigned: true\nSignature: Microsoft Windows\nSignatureStatus: Valid",
  "computer_name": "DESKTOP-WJANG",
  "thread_id": 19220,
  "source_name": "Microsoft-Windows-Sysmon",
  "event_id": 7,
  "task": "Image loaded (rule: ImageLoad)",
  "version": 3,
  "beat": {
    "name": "DESKTOP-WJANG",
    "hostname": "DESKTOP-WJANG",
    "version": "6.2.2"
  },
  "process_id": 8608,
  "user": {
    "domain": "NT AUTHORITY",
    "type": "Well Known Group",
    "identifier": "S-1-5-18",
    "name": "SYSTEM"
  },
  "provider_guid": "{5770385F-C22A-43E0-BF4C-06F5698FFBD9}",
  "log_name": "Microsoft-Windows-Sysmon/Operational",
  "type": "wineventlog",
  "level": "정보",
  "event_data": {
    "Image": "C:\\Program Files\\Mozilla Firefox\\firefox.exe",
    "ProcessGuid": "{A376A8F6-F297-5A9C-0000-00104D2C8803}",
    "Product": "Microsoft® Windows® Operating System",
    "Company": "Microsoft Corporation",
    "ProcessId": "4624",
    "ImageLoaded": "C:\\Windows\\System32\\Windows.UI.dll",
    "Signed": "true",
    "SignatureStatus": "Valid",
    "Description": "Windows Runtime UI Foundation DLL",
    "FileVersion": "10.0.16299.15 (WinBuild.160101.0800)",
    "Hashes": "MD5=95254CAAF5A853A1F0F0283467CCC7A6,SHA256=1998A144D0574AEDE542DC1FB934FF54E7C648D3267FEAF45263C0DB8729CA04",
    "Signature": "Microsoft Windows",
    "UtcTime": "2018-03-05 07:32:40.270"
  },
  "record_number": "655"
}
{
  "@timestamp": "2018-03-05T07:32:40.275Z",
  "@metadata": {
    "beat": "winlogbeat",
    "type": "doc",
    "version": "6.2.2"
  },
  "type": "wineventlog",
  "user": {
    "identifier": "S-1-5-18",
    "name": "SYSTEM",
    "domain": "NT AUTHORITY",
    "type": "Well Known Group"
  },
  "computer_name": "DESKTOP-WJANG",
  "task": "Image loaded (rule: ImageLoad)",
  "beat": {
    "name": "DESKTOP-WJANG",
    "hostname": "DESKTOP-WJANG",
    "version": "6.2.2"
  },
  "message": "Image loaded:\nUtcTime: 2018-03-05 07:32:40.270\nProcessGuid: {A376A8F6-F298-5A9C-0000-001071788803}\nProcessId: 25364\nImage: C:\\Program Files\\Mozilla Firefox\\firefox.exe\nImageLoaded: C:\\Windows\\System32\\devobj.dll\nFileVersion: 10.0.16299.15 (WinBuild.160101.0800)\nDescription: Device Information Set DLL\nProduct: Microsoft® Windows® Operating System\nCompany: Microsoft Corporation\nHashes: MD5=8A7B9D8D78F974305578DC9304CE7AC3,SHA256=562A699714B42B79CB9305BC8D9E5CD91954AF71E635721D90CABB27B0089913\nSigned: true\nSignature: Microsoft Windows\nSignatureStatus: Valid",
  "log_name": "Microsoft-Windows-Sysmon/Operational",
  "process_id": 8608,
  "record_number": "656",
  "version": 3,
  "source_name": "Microsoft-Windows-Sysmon",
  "level": "정보",
  "thread_id": 19220,
  "provider_guid": "{5770385F-C22A-43E0-BF4C-06F5698FFBD9}",
  "event_data": {
    "ImageLoaded": "C:\\Windows\\System32\\devobj.dll",
    "ProcessId": "25364",
    "SignatureStatus": "Valid",
    "Company": "Microsoft Corporation",
    "Image": "C:\\Program Files\\Mozilla Firefox\\firefox.exe",
    "Hashes": "MD5=8A7B9D8D78F974305578DC9304CE7AC3,SHA256=562A699714B42B79CB9305BC8D9E5CD91954AF71E635721D90CABB27B0089913",
    "Signature": "Microsoft Windows",
    "ProcessGuid": "{A376A8F6-F298-5A9C-0000-001071788803}",
    "Product": "Microsoft® Windows® Operating System",
    "Description": "Device Information Set DLL",
    "Signed": "true",
    "UtcTime": "2018-03-05 07:32:40.270",
    "FileVersion": "10.0.16299.15 (WinBuild.160101.0800)"
  },
  "opcode": "정보",
  "event_id": 7
}
{
  "@timestamp": "2018-03-05T07:32:40.275Z",
  "@metadata": {
    "beat": "winlogbeat",
    "type": "doc",
    "version": "6.2.2"
  },
  "thread_id": 23584,
  "provider_guid": "{5770385F-C22A-43E0-BF4C-06F5698FFBD9}",
  "beat": {
    "name": "DESKTOP-WJANG",
    "hostname": "DESKTOP-WJANG",
    "version": "6.2.2"
  },
  "type": "wineventlog",
  "message": "Image loaded:\nUtcTime: 2018-03-05 07:32:40.251\nProcessGuid: {A376A8F6-F298-5A9C-0000-001071788803}\nProcessId: 25364\nImage: C:\\Program Files\\Mozilla Firefox\\firefox.exe\nImageLoaded: C:\\Windows\\System32\\sspicli.dll\nFileVersion: 10.0.16299.192 (WinBuild.160101.0800)\nDescription: Security Support Provider Interface\nProduct: Microsoft® Windows® Operating System\nCompany: Microsoft Corporation\nHashes: MD5=DA79FF89E5CEAC6C86818D70CE8670D8,SHA256=9A5BFE13D96AF58131514F8227022F41B7BA6B60689FCBED50393B5EBCAD634E\nSigned: true\nSignature: Microsoft Windows\nSignatureStatus: Valid",
  "version": 3,
  "level": "정보",
  "process_id": 8608,
  "source_name": "Microsoft-Windows-Sysmon",
  "record_number": "657",
  "event_id": 7,
  "task": "Image loaded (rule: ImageLoad)",
  "user": {
    "domain": "NT AUTHORITY",
    "type": "Well Known Group",
    "identifier": "S-1-5-18",
    "name": "SYSTEM"
  },
  "computer_name": "DESKTOP-WJANG",
  "event_data": {
    "FileVersion": "10.0.16299.192 (WinBuild.160101.0800)",
    "Product": "Microsoft® Windows® Operating System",
    "ImageLoaded": "C:\\Windows\\System32\\sspicli.dll",
    "Description": "Security Support Provider Interface",
    "SignatureStatus": "Valid",
    "UtcTime": "2018-03-05 07:32:40.251",
    "Signature": "Microsoft Windows",
    "ProcessId": "25364",
    "Company": "Microsoft Corporation",
    "Hashes": "MD5=DA79FF89E5CEAC6C86818D70CE8670D8,SHA256=9A5BFE13D96AF58131514F8227022F41B7BA6B60689FCBED50393B5EBCAD634E",
    "Signed": "true",
    "ProcessGuid": "{A376A8F6-F298-5A9C-0000-001071788803}",
    "Image": "C:\\Program Files\\Mozilla Firefox\\firefox.exe"
  },
  "opcode": "정보",
  "log_name": "Microsoft-Windows-Sysmon/Operational"
}
{
  "@timestamp": "2018-03-05T07:32:40.276Z",
  "@metadata": {
    "beat": "winlogbeat",
    "type": "doc",
    "version": "6.2.2"
  },
  "process_id": 8608,
  "record_number": "658",
  "task": "Image loaded (rule: ImageLoad)",
  "thread_id": 23584,
  "provider_guid": "{5770385F-C22A-43E0-BF4C-06F5698FFBD9}",
  "level": "정보",
  "message": "Image loaded:\nUtcTime: 2018-03-05 07:32:39.825\nProcessGuid: {A376A8F6-F297-5A9C-0000-00104D2C8803}\nProcessId: 4624\nImage: C:\\Program Files\\Mozilla Firefox\\firefox.exe\nImageLoaded: C:\\Windows\\System32\\sspicli.dll\nFileVersion: 10.0.16299.192 (WinBuild.160101.0800)\nDescription: Security Support Provider Interface\nProduct: Microsoft® Windows® Operating System\nCompany: Microsoft Corporation\nHashes: MD5=DA79FF89E5CEAC6C86818D70CE8670D8,SHA256=9A5BFE13D96AF58131514F8227022F41B7BA6B60689FCBED50393B5EBCAD634E\nSigned: true\nSignature: Microsoft Windows\nSignatureStatus: Valid",
  "version": 3,
  "source_name": "Microsoft-Windows-Sysmon",
  "beat": {
    "name": "DESKTOP-WJANG",
    "hostname": "DESKTOP-WJANG",
    "version": "6.2.2"
  },
  "type": "wineventlog",
  "log_name": "Microsoft-Windows-Sysmon/Operational",
  "event_id": 7,
  "computer_name": "DESKTOP-WJANG",
  "user": {
    "identifier": "S-1-5-18",
    "name": "SYSTEM",
    "domain": "NT AUTHORITY",
    "type": "Well Known Group"
  },
  "opcode": "정보",
  "event_data": {
    "ProcessId": "4624",
    "ImageLoaded": "C:\\Windows\\System32\\sspicli.dll",
    "FileVersion": "10.0.16299.192 (WinBuild.160101.0800)",
    "Signature": "Microsoft Windows",
    "Image": "C:\\Program Files\\Mozilla Firefox\\firefox.exe",
    "Product": "Microsoft® Windows® Operating System",
    "Signed": "true",
    "Description": "Security Support Provider Interface",
    "Company": "Microsoft Corporation",
    "SignatureStatus": "Valid",
    "ProcessGuid": "{A376A8F6-F297-5A9C-0000-00104D2C8803}",
    "Hashes": "MD5=DA79FF89E5CEAC6C86818D70CE8670D8,SHA256=9A5BFE13D96AF58131514F8227022F41B7BA6B60689FCBED50393B5EBCAD634E",
    "UtcTime": "2018-03-05 07:32:39.825"
  }
}
{
  "@timestamp": "2018-03-05T07:32:40.276Z",
  "@metadata": {
    "beat": "winlogbeat",
    "type": "doc",
    "version": "6.2.2"
  },
  "level": "정보",
  "type": "wineventlog",
  "version": 3,
  "task": "Image loaded (rule: ImageLoad)",
  "source_name": "Microsoft-Windows-Sysmon",
  "event_id": 7,
  "opcode": "정보",
  "record_number": "659",
  "user": {
    "name": "SYSTEM",
    "domain": "NT AUTHORITY",
    "type": "Well Known Group",
    "identifier": "S-1-5-18"
  },
  "thread_id": 19220,
  "event_data": {
    "Company": "Microsoft Corporation",
    "ProcessId": "4624",
    "Hashes": "MD5=2200DDCAFFD79ADAFC33A0D9B52545C1,SHA256=91F6A6F8DB28712A87B3C1CD1DB414235871488EAE21C8914ACA3CD3380FF870",
    "Image": "C:\\Program Files\\Mozilla Firefox\\firefox.exe",
    "SignatureStatus": "Valid",
    "ProcessGuid": "{A376A8F6-F297-5A9C-0000-00104D2C8803}",
    "Signature": "Microsoft Windows",
    "Description": "\"TextInputFramework.DYNLINK\"",
    "ImageLoaded": "C:\\Windows\\System32\\TextInputFramework.dll",
    "Product": "Microsoft® Windows® Operating System",
    "Signed": "true",
    "FileVersion": "10.0.16299.248 (WinBuild.160101.0800)",
    "UtcTime": "2018-03-05 07:32:40.271"
  },
  "message": "Image loaded:\nUtcTime: 2018-03-05 07:32:40.271\nProcessGuid: {A376A8F6-F297-5A9C-0000-00104D2C8803}\nProcessId: 4624\nImage: C:\\Program Files\\Mozilla Firefox\\firefox.exe\nImageLoaded: C:\\Windows\\System32\\TextInputFramework.dll\nFileVersion: 10.0.16299.248 (WinBuild.160101.0800)\nDescription: \"TextInputFramework.DYNLINK\"\nProduct: Microsoft® Windows® Operating System\nCompany: Microsoft Corporation\nHashes: MD5=2200DDCAFFD79ADAFC33A0D9B52545C1,SHA256=91F6A6F8DB28712A87B3C1CD1DB414235871488EAE21C8914ACA3CD3380FF870\nSigned: true\nSignature: Microsoft Windows\nSignatureStatus: Valid",
  "process_id": 8608,
  "computer_name": "DESKTOP-WJANG",
  "beat": {
    "name": "DESKTOP-WJANG",
    "hostname": "DESKTOP-WJANG",
    "version": "6.2.2"
  },
  "provider_guid": "{5770385F-C22A-43E0-BF4C-06F5698FFBD9}",
  "log_name": "Microsoft-Windows-Sysmon/Operational"
}
{
  "@timestamp": "2018-03-05T07:32:40.278Z",
  "@metadata": {
    "beat": "winlogbeat",
    "type": "doc",
    "version": "6.2.2"
  },
  "version": 3,
  "source_name": "Microsoft-Windows-Sysmon",
  "user": {
    "type": "Well Known Group",
    "identifier": "S-1-5-18",
    "name": "SYSTEM",
    "domain": "NT AUTHORITY"
  },
  "computer_name": "DESKTOP-WJANG",
  "event_data": {
    "Signature": "Microsoft Windows",
    "Product": "Microsoft® Windows® Operating System",
    "SignatureStatus": "Valid",
    "ProcessGuid": "{A376A8F6-F297-5A9C-0000-00104D2C8803}",
    "Signed": "true",
    "Company": "Microsoft Corporation",
    "Hashes": "MD5=CADCC3E0C3128F87D9212994F4D21FD4,SHA256=ACCA5DE81FD7229E141709804CAC9B75D40DF97F4A2DC5DA6041CDC945304F4F",
    "ProcessId": "4624",
    "Image": "C:\\Program Files\\Mozilla Firefox\\firefox.exe",
    "ImageLoaded": "C:\\Windows\\System32\\CoreUIComponents.dll",
    "UtcTime": "2018-03-05 07:32:40.272",
    "FileVersion": "10.0.16299.15",
    "Description": "Microsoft Core UI Components Dll"
  },
  "record_number": "660",
  "provider_guid": "{5770385F-C22A-43E0-BF4C-06F5698FFBD9}",
  "thread_id": 19220,
  "log_name": "Microsoft-Windows-Sysmon/Operational",
  "type": "wineventlog",
  "event_id": 7,
  "level": "정보",
  "task": "Image loaded (rule: ImageLoad)",
  "message": "Image loaded:\nUtcTime: 2018-03-05 07:32:40.272\nProcessGuid: {A376A8F6-F297-5A9C-0000-00104D2C8803}\nProcessId: 4624\nImage: C:\\Program Files\\Mozilla Firefox\\firefox.exe\nImageLoaded: C:\\Windows\\System32\\CoreUIComponents.dll\nFileVersion: 10.0.16299.15\nDescription: Microsoft Core UI Components Dll\nProduct: Microsoft® Windows® Operating System\nCompany: Microsoft Corporation\nHashes: MD5=CADCC3E0C3128F87D9212994F4D21FD4,SHA256=ACCA5DE81FD7229E141709804CAC9B75D40DF97F4A2DC5DA6041CDC945304F4F\nSigned: true\nSignature: Microsoft Windows\nSignatureStatus: Valid",
  "beat": {
    "name": "DESKTOP-WJANG",
    "hostname": "DESKTOP-WJANG",
    "version": "6.2.2"
  },
  "opcode": "정보",
  "process_id": 8608
}
{
  "@timestamp": "2018-03-05T07:32:40.280Z",
  "@metadata": {
    "beat": "winlogbeat",
    "type": "doc",
    "version": "6.2.2"
  },
  "message": "Image loaded:\nUtcTime: 2018-03-05 07:32:40.273\nProcessGuid: {A376A8F6-F297-5A9C-0000-00104D2C8803}\nProcessId: 4624\nImage: C:\\Program Files\\Mozilla Firefox\\firefox.exe\nImageLoaded: C:\\Windows\\System32\\CoreMessaging.dll\nFileVersion: 10.0.16299.15\nDescription: Microsoft CoreMessaging Dll\nProduct: Microsoft® Windows® Operating System\nCompany: Microsoft Corporation\nHashes: MD5=CBA59790FE62C6896A7020DE0ADE2006,SHA256=DDBACEFB25D55E4AFB24E7BC58349C5D11E0EC66CD7D7C2FD5BA17BD8994DC7C\nSigned: true\nSignature: Microsoft Windows\nSignatureStatus: Valid",
  "event_id": 7,
  "level": "정보",
  "log_name": "Microsoft-Windows-Sysmon/Operational",
  "record_number": "661",
  "version": 3,
  "beat": {
    "hostname": "DESKTOP-WJANG",
    "version": "6.2.2",
    "name": "DESKTOP-WJANG"
  },
  "user": {
    "domain": "NT AUTHORITY",
    "type": "Well Known Group",
    "identifier": "S-1-5-18",
    "name": "SYSTEM"
  },
  "task": "Image loaded (rule: ImageLoad)",
  "thread_id": 19220,
  "event_data": {
    "Signature": "Microsoft Windows",
    "ImageLoaded": "C:\\Windows\\System32\\CoreMessaging.dll",
    "Company": "Microsoft Corporation",
    "Hashes": "MD5=CBA59790FE62C6896A7020DE0ADE2006,SHA256=DDBACEFB25D55E4AFB24E7BC58349C5D11E0EC66CD7D7C2FD5BA17BD8994DC7C",
    "Signed": "true",
    "ProcessId": "4624",
    "ProcessGuid": "{A376A8F6-F297-5A9C-0000-00104D2C8803}",
    "UtcTime": "2018-03-05 07:32:40.273",
    "FileVersion": "10.0.16299.15",
    "SignatureStatus": "Valid",
    "Description": "Microsoft CoreMessaging Dll",
    "Image": "C:\\Program Files\\Mozilla Firefox\\firefox.exe",
    "Product": "Microsoft® Windows® Operating System"
  },
  "type": "wineventlog",
  "opcode": "정보",
  "source_name": "Microsoft-Windows-Sysmon",
  "process_id": 8608,
  "provider_guid": "{5770385F-C22A-43E0-BF4C-06F5698FFBD9}",
  "computer_name": "DESKTOP-WJANG"
}
{
  "@timestamp": "2018-03-05T07:32:40.282Z",
  "@metadata": {
    "beat": "winlogbeat",
    "type": "doc",
    "version": "6.2.2"
  },
  "type": "wineventlog",
  "process_id": 8608,
  "user": {
    "type": "Well Known Group",
    "identifier": "S-1-5-18",
    "name": "SYSTEM",
    "domain": "NT AUTHORITY"
  },
  "record_number": "662",
  "version": 3,
  "message": "Image loaded:\nUtcTime: 2018-03-05 07:32:40.274\nProcessGuid: {A376A8F6-F298-5A9C-0000-001071788803}\nProcessId: 25364\nImage: C:\\Program Files\\Mozilla Firefox\\firefox.exe\nImageLoaded: C:\\Windows\\System32\\dxgi.dll\nFileVersion: 10.0.16299.98 (WinBuild.160101.0800)\nDescription: DirectX Graphics Infrastructure\nProduct: Microsoft® Windows® Operating System\nCompany: Microsoft Corporation\nHashes: MD5=46D2F0E302BD88193D3FEDF1FE9EF250,SHA256=52C01852A4D8AC703D3F87A8484EB2E0C3737544B1D7F96B62BE44B438DBAE26\nSigned: true\nSignature: Microsoft Windows\nSignatureStatus: Valid",
  "source_name": "Microsoft-Windows-Sysmon",
  "computer_name": "DESKTOP-WJANG",
  "opcode": "정보",
  "event_id": 7,
  "level": "정보",
  "thread_id": 19220,
  "log_name": "Microsoft-Windows-Sysmon/Operational",
  "task": "Image loaded (rule: ImageLoad)",
  "beat": {
    "name": "DESKTOP-WJANG",
    "hostname": "DESKTOP-WJANG",
    "version": "6.2.2"
  },
  "event_data": {
    "ProcessId": "25364",
    "FileVersion": "10.0.16299.98 (WinBuild.160101.0800)",
    "Signature": "Microsoft Windows",
    "ProcessGuid": "{A376A8F6-F298-5A9C-0000-001071788803}",
    "Company": "Microsoft Corporation",
    "Description": "DirectX Graphics Infrastructure",
    "Image": "C:\\Program Files\\Mozilla Firefox\\firefox.exe",
    "SignatureStatus": "Valid",
    "UtcTime": "2018-03-05 07:32:40.274",
    "Signed": "true",
    "ImageLoaded": "C:\\Windows\\System32\\dxgi.dll",
    "Hashes": "MD5=46D2F0E302BD88193D3FEDF1FE9EF250,SHA256=52C01852A4D8AC703D3F87A8484EB2E0C3737544B1D7F96B62BE44B438DBAE26",
    "Product": "Microsoft® Windows® Operating System"
  },
  "provider_guid": "{5770385F-C22A-43E0-BF4C-06F5698FFBD9}"
}
{
  "@timestamp": "2018-03-05T07:32:40.283Z",
  "@metadata": {
    "beat": "winlogbeat",
    "type": "doc",
    "version": "6.2.2"
  },
  "task": "Image loaded (rule: ImageLoad)",
  "opcode": "정보",
  "version": 3,
  "beat": {
    "name": "DESKTOP-WJANG",
    "hostname": "DESKTOP-WJANG",
    "version": "6.2.2"
  },
  "event_data": {
    "ProcessGuid": "{A376A8F6-F298-5A9C-0000-001071788803}",
    "Product": "Microsoft® Windows® Operating System",
    "ImageLoaded": "C:\\Windows\\System32\\ResourcePolicyClient.dll",
    "SignatureStatus": "Valid",
    "FileVersion": "10.0.16299.15 (WinBuild.160101.0800)",
    "Description": "Resource Policy Client",
    "Signature": "Microsoft Windows",
    "Hashes": "MD5=6B84117A0D2A59F18C8F64F72609C198,SHA256=28374581ADC5F56015A3B35C7748C245D1D2F946F2053C50F1B509AE23A5CC06",
    "Company": "Microsoft Corporation",
    "Signed": "true",
    "UtcTime": "2018-03-05 07:32:40.275",
    "Image": "C:\\Program Files\\Mozilla Firefox\\firefox.exe",
    "ProcessId": "25364"
  },
  "level": "정보",
  "provider_guid": "{5770385F-C22A-43E0-BF4C-06F5698FFBD9}",
  "process_id": 8608,
  "log_name": "Microsoft-Windows-Sysmon/Operational",
  "user": {
    "name": "SYSTEM",
    "domain": "NT AUTHORITY",
    "type": "Well Known Group",
    "identifier": "S-1-5-18"
  },
  "record_number": "663",
  "type": "wineventlog",
  "computer_name": "DESKTOP-WJANG",
  "event_id": 7,
  "source_name": "Microsoft-Windows-Sysmon",
  "message": "Image loaded:\nUtcTime: 2018-03-05 07:32:40.275\nProcessGuid: {A376A8F6-F298-5A9C-0000-001071788803}\nProcessId: 25364\nImage: C:\\Program Files\\Mozilla Firefox\\firefox.exe\nImageLoaded: C:\\Windows\\System32\\ResourcePolicyClient.dll\nFileVersion: 10.0.16299.15 (WinBuild.160101.0800)\nDescription: Resource Policy Client\nProduct: Microsoft® Windows® Operating System\nCompany: Microsoft Corporation\nHashes: MD5=6B84117A0D2A59F18C8F64F72609C198,SHA256=28374581ADC5F56015A3B35C7748C245D1D2F946F2053C50F1B509AE23A5CC06\nSigned: true\nSignature: Microsoft Windows\nSignatureStatus: Valid",
  "thread_id": 19220
}
{
  "@timestamp": "2018-03-05T07:32:40.286Z",
  "@metadata": {
    "beat": "winlogbeat",
    "type": "doc",
    "version": "6.2.2"
  },
  "event_data": {
    "FileVersion": "10.0.16299.248 (WinBuild.160101.0800)",
    "Image": "C:\\Program Files\\Mozilla Firefox\\firefox.exe",
    "ProcessId": "25364",
    "Signature": "Microsoft Windows",
    "UtcTime": "2018-03-05 07:32:40.285",
    "ProcessGuid": "{A376A8F6-F298-5A9C-0000-001071788803}",
    "Product": "Microsoft® Windows® Operating System",
    "SignatureStatus": "Valid",
    "Hashes": "MD5=1C4992BF1792845260FFD1ED8A477AEF,SHA256=206E7DCA5F2DF9990DFF7F8156CE15E78802CEE2CB6043C4EE4B4B00D05B3A7B",
    "Company": "Microsoft Corporation",
    "Signed": "true",
    "ImageLoaded": "C:\\Windows\\System32\\d3d11.dll",
    "Description": "Direct3D 11 Runtime"
  },
  "log_name": "Microsoft-Windows-Sysmon/Operational",
  "provider_guid": "{5770385F-C22A-43E0-BF4C-06F5698FFBD9}",
  "type": "wineventlog",
  "computer_name": "DESKTOP-WJANG",
  "task": "Image loaded (rule: ImageLoad)",
  "event_id": 7,
  "process_id": 8608,
  "record_number": "664",
  "source_name": "Microsoft-Windows-Sysmon",
  "version": 3,
  "level": "정보",
  "beat": {
    "version": "6.2.2",
    "name": "DESKTOP-WJANG",
    "hostname": "DESKTOP-WJANG"
  },
  "thread_id": 19220,
  "user": {
    "identifier": "S-1-5-18",
    "name": "SYSTEM",
    "domain": "NT AUTHORITY",
    "type": "Well Known Group"
  },
  "opcode": "정보",
  "message": "Image loaded:\nUtcTime: 2018-03-05 07:32:40.285\nProcessGuid: {A376A8F6-F298-5A9C-0000-001071788803}\nProcessId: 25364\nImage: C:\\Program Files\\Mozilla Firefox\\firefox.exe\nImageLoaded: C:\\Windows\\System32\\d3d11.dll\nFileVersion: 10.0.16299.248 (WinBuild.160101.0800)\nDescription: Direct3D 11 Runtime\nProduct: Microsoft® Windows® Operating System\nCompany: Microsoft Corporation\nHashes: MD5=1C4992BF1792845260FFD1ED8A477AEF,SHA256=206E7DCA5F2DF9990DFF7F8156CE15E78802CEE2CB6043C4EE4B4B00D05B3A7B\nSigned: true\nSignature: Microsoft Windows\nSignatureStatus: Valid"
}
{
  "@timestamp": "2018-03-05T07:32:40.287Z",
  "@metadata": {
    "beat": "winlogbeat",
    "type": "doc",
    "version": "6.2.2"
  },
  "thread_id": 19220,
  "message": "Image loaded:\nUtcTime: 2018-03-05 07:32:40.286\nProcessGuid: {A376A8F6-F298-5A9C-0000-001071788803}\nProcessId: 25364\nImage: C:\\Program Files\\Mozilla Firefox\\firefox.exe\nImageLoaded: C:\\Windows\\System32\\dxgi.dll\nFileVersion: 10.0.16299.98 (WinBuild.160101.0800)\nDescription: DirectX Graphics Infrastructure\nProduct: Microsoft® Windows® Operating System\nCompany: Microsoft Corporation\nHashes: MD5=46D2F0E302BD88193D3FEDF1FE9EF250,SHA256=52C01852A4D8AC703D3F87A8484EB2E0C3737544B1D7F96B62BE44B438DBAE26\nSigned: true\nSignature: Microsoft Windows\nSignatureStatus: Valid",
  "record_number": "665",
  "computer_name": "DESKTOP-WJANG",
  "version": 3,
  "level": "정보",
  "opcode": "정보",
  "process_id": 8608,
  "log_name": "Microsoft-Windows-Sysmon/Operational",
  "type": "wineventlog",
  "source_name": "Microsoft-Windows-Sysmon",
  "provider_guid": "{5770385F-C22A-43E0-BF4C-06F5698FFBD9}",
  "beat": {
    "name": "DESKTOP-WJANG",
    "hostname": "DESKTOP-WJANG",
    "version": "6.2.2"
  },
  "task": "Image loaded (rule: ImageLoad)",
  "event_id": 7,
  "user": {
    "type": "Well Known Group",
    "identifier": "S-1-5-18",
    "name": "SYSTEM",
    "domain": "NT AUTHORITY"
  },
  "event_data": {
    "Image": "C:\\Program Files\\Mozilla Firefox\\firefox.exe",
    "ImageLoaded": "C:\\Windows\\System32\\dxgi.dll",
    "Company": "Microsoft Corporation",
    "Signature": "Microsoft Windows",
    "Hashes": "MD5=46D2F0E302BD88193D3FEDF1FE9EF250,SHA256=52C01852A4D8AC703D3F87A8484EB2E0C3737544B1D7F96B62BE44B438DBAE26",
    "SignatureStatus": "Valid",
    "ProcessGuid": "{A376A8F6-F298-5A9C-0000-001071788803}",
    "FileVersion": "10.0.16299.98 (WinBuild.160101.0800)",
    "Description": "DirectX Graphics Infrastructure",
    "UtcTime": "2018-03-05 07:32:40.286",
    "ProcessId": "25364",
    "Product": "Microsoft® Windows® Operating System",
    "Signed": "true"
  }
}
{
  "@timestamp": "2018-03-05T07:32:40.289Z",
  "@metadata": {
    "beat": "winlogbeat",
    "type": "doc",
    "version": "6.2.2"
  },
  "message": "Image loaded:\nUtcTime: 2018-03-05 07:32:40.288\nProcessGuid: {A376A8F6-F298-5A9C-0000-001071788803}\nProcessId: 25364\nImage: C:\\Program Files\\Mozilla Firefox\\firefox.exe\nImageLoaded: C:\\Windows\\System32\\ResourcePolicyClient.dll\nFileVersion: 10.0.16299.15 (WinBuild.160101.0800)\nDescription: Resource Policy Client\nProduct: Microsoft® Windows® Operating System\nCompany: Microsoft Corporation\nHashes: MD5=6B84117A0D2A59F18C8F64F72609C198,SHA256=28374581ADC5F56015A3B35C7748C245D1D2F946F2053C50F1B509AE23A5CC06\nSigned: true\nSignature: Microsoft Windows\nSignatureStatus: Valid",
  "computer_name": "DESKTOP-WJANG",
  "record_number": "666",
  "beat": {
    "name": "DESKTOP-WJANG",
    "hostname": "DESKTOP-WJANG",
    "version": "6.2.2"
  },
  "event_data": {
    "Product": "Microsoft® Windows® Operating System",
    "Signed": "true",
    "UtcTime": "2018-03-05 07:32:40.288",
    "Image": "C:\\Program Files\\Mozilla Firefox\\firefox.exe",
    "Signature": "Microsoft Windows",
    "ProcessGuid": "{A376A8F6-F298-5A9C-0000-001071788803}",
    "Hashes": "MD5=6B84117A0D2A59F18C8F64F72609C198,SHA256=28374581ADC5F56015A3B35C7748C245D1D2F946F2053C50F1B509AE23A5CC06",
    "SignatureStatus": "Valid",
    "Description": "Resource Policy Client",
    "ProcessId": "25364",
    "ImageLoaded": "C:\\Windows\\System32\\ResourcePolicyClient.dll",
    "FileVersion": "10.0.16299.15 (WinBuild.160101.0800)",
    "Company": "Microsoft Corporation"
  },
  "log_name": "Microsoft-Windows-Sysmon/Operational",
  "provider_guid": "{5770385F-C22A-43E0-BF4C-06F5698FFBD9}",
  "process_id": 8608,
  "version": 3,
  "level": "정보",
  "type": "wineventlog",
  "source_name": "Microsoft-Windows-Sysmon",
  "event_id": 7,
  "thread_id": 19220,
  "user": {
    "identifier": "S-1-5-18",
    "name": "SYSTEM",
    "domain": "NT AUTHORITY",
    "type": "Well Known Group"
  },
  "task": "Image loaded (rule: ImageLoad)",
  "opcode": "정보"
}
{
  "@timestamp": "2018-03-05T07:32:40.292Z",
  "@metadata": {
    "beat": "winlogbeat",
    "type": "doc",
    "version": "6.2.2"
  },
  "provider_guid": "{5770385F-C22A-43E0-BF4C-06F5698FFBD9}",
  "computer_name": "DESKTOP-WJANG",
  "opcode": "정보",
  "type": "wineventlog",
  "event_id": 7,
  "log_name": "Microsoft-Windows-Sysmon/Operational",
  "source_name": "Microsoft-Windows-Sysmon",
  "record_number": "667",
  "user": {
    "domain": "NT AUTHORITY",
    "type": "Well Known Group",
    "identifier": "S-1-5-18",
    "name": "SYSTEM"
  },
  "event_data": {
    "Product": "NVIDIA driver loader",
    "ProcessGuid": "{A376A8F6-F298-5A9C-0000-001071788803}",
    "ImageLoaded": "C:\\Windows\\System32\\DriverStore\\FileRepository\\nv_ref_pubwu.inf_amd64_2e7fa54192fe16d0\\nvldumdx.dll",
    "FileVersion": "23.21.13.8813",
    "SignatureStatus": "Valid",
    "UtcTime": "2018-03-05 07:32:40.291",
    "Hashes": "MD5=FE8CB2FC220D01F433F3AFA7579BA97B,SHA256=72B62AD8D7EAAB8C15A4B314108FC568FFBF9560D40B6C238805F2C0F680928A",
    "Company": "NVIDIA Corporation",
    "ProcessId": "25364",
    "Signature": "Microsoft Windows Hardware Compatibility Publisher",
    "Description": "NVIDIA Driver Loader, Version 388.13 ",
    "Image": "C:\\Program Files\\Mozilla Firefox\\firefox.exe",
    "Signed": "true"
  },
  "version": 3,
  "level": "정보",
  "task": "Image loaded (rule: ImageLoad)",
  "process_id": 8608,
  "message": "Image loaded:\nUtcTime: 2018-03-05 07:32:40.291\nProcessGuid: {A376A8F6-F298-5A9C-0000-001071788803}\nProcessId: 25364\nImage: C:\\Program Files\\Mozilla Firefox\\firefox.exe\nImageLoaded: C:\\Windows\\System32\\DriverStore\\FileRepository\\nv_ref_pubwu.inf_amd64_2e7fa54192fe16d0\\nvldumdx.dll\nFileVersion: 23.21.13.8813\nDescription: NVIDIA Driver Loader, Version 388.13 \nProduct: NVIDIA driver loader\nCompany: NVIDIA Corporation\nHashes: MD5=FE8CB2FC220D01F433F3AFA7579BA97B,SHA256=72B62AD8D7EAAB8C15A4B314108FC568FFBF9560D40B6C238805F2C0F680928A\nSigned: true\nSignature: Microsoft Windows Hardware Compatibility Publisher\nSignatureStatus: Valid",
  "thread_id": 19220,
  "beat": {
    "name": "DESKTOP-WJANG",
    "hostname": "DESKTOP-WJANG",
    "version": "6.2.2"
  }
}
{
  "@timestamp": "2018-03-05T07:32:40.301Z",
  "@metadata": {
    "beat": "winlogbeat",
    "type": "doc",
    "version": "6.2.2"
  },
  "source_name": "Microsoft-Windows-Sysmon",
  "message": "Image loaded:\nUtcTime: 2018-03-05 07:32:40.300\nProcessGuid: {A376A8F6-F298-5A9C-0000-001071788803}\nProcessId: 25364\nImage: C:\\Program Files\\Mozilla Firefox\\firefox.exe\nImageLoaded: C:\\Windows\\System32\\imagehlp.dll\nFileVersion: 10.0.16299.15 (WinBuild.160101.0800)\nDescription: Windows NT Image Helper\nProduct: Microsoft® Windows® Operating System\nCompany: Microsoft Corporation\nHashes: MD5=D008ACFA8889659F7E62793B6BE31DE5,SHA256=2C599268599BDD4ABE788E77DE4185CD2845A72CE4F0CD64917B6D3672E5BA87\nSigned: true\nSignature: Microsoft Windows\nSignatureStatus: Valid",
  "user": {
    "name": "SYSTEM",
    "domain": "NT AUTHORITY",
    "type": "Well Known Group",
    "identifier": "S-1-5-18"
  },
  "opcode": "정보",
  "level": "정보",
  "thread_id": 19220,
  "log_name": "Microsoft-Windows-Sysmon/Operational",
  "beat": {
    "name": "DESKTOP-WJANG",
    "hostname": "DESKTOP-WJANG",
    "version": "6.2.2"
  },
  "provider_guid": "{5770385F-C22A-43E0-BF4C-06F5698FFBD9}",
  "event_id": 7,
  "version": 3,
  "type": "wineventlog",
  "process_id": 8608,
  "record_number": "668",
  "event_data": {
    "UtcTime": "2018-03-05 07:32:40.300",
    "Image": "C:\\Program Files\\Mozilla Firefox\\firefox.exe",
    "ImageLoaded": "C:\\Windows\\System32\\imagehlp.dll",
    "Company": "Microsoft Corporation",
    "SignatureStatus": "Valid",
    "Hashes": "MD5=D008ACFA8889659F7E62793B6BE31DE5,SHA256=2C599268599BDD4ABE788E77DE4185CD2845A72CE4F0CD64917B6D3672E5BA87",
    "Signature": "Microsoft Windows",
    "Signed": "true",
    "ProcessId": "25364",
    "Product": "Microsoft® Windows® Operating System",
    "FileVersion": "10.0.16299.15 (WinBuild.160101.0800)",
    "Description": "Windows NT Image Helper",
    "ProcessGuid": "{A376A8F6-F298-5A9C-0000-001071788803}"
  },
  "computer_name": "DESKTOP-WJANG",
  "task": "Image loaded (rule: ImageLoad)"
}
{
  "@timestamp": "2018-03-05T07:32:40.313Z",
  "@metadata": {
    "beat": "winlogbeat",
    "type": "doc",
    "version": "6.2.2"
  },
  "version": 5,
  "source_name": "Microsoft-Windows-Sysmon",
  "process_id": 8608,
  "record_number": "669",
  "log_name": "Microsoft-Windows-Sysmon/Operational",
  "provider_guid": "{5770385F-C22A-43E0-BF4C-06F5698FFBD9}",
  "thread_id": 23856,
  "event_id": 3,
  "beat": {
    "name": "DESKTOP-WJANG",
    "hostname": "DESKTOP-WJANG",
    "version": "6.2.2"
  },
  "level": "정보",
  "event_data": {
    "SourceHostname": "wook.com",
    "DestinationIsIpv6": "false",
    "Protocol": "tcp",
    "Initiated": "true",
    "DestinationPort": "2382",
    "UtcTime": "2018-03-05 07:32:38.307",
    "ProcessId": "17704",
    "DestinationIp": "127.0.0.1",
    "Image": "C:\\Program Files\\Mozilla Firefox\\firefox.exe",
    "User": "DESKTOP-WJANG\\wook8170",
    "SourceIp": "127.0.0.1",
    "ProcessGuid": "{A376A8F6-F294-5A9C-0000-001052E48503}",
    "SourceIsIpv6": "false",
    "SourcePortName": "ms-olap4",
    "SourcePort": "2383",
    "DestinationHostname": "wook.com",
    "DestinationPortName": "ms-olap3"
  },
  "computer_name": "DESKTOP-WJANG",
  "task": "Network connection detected (rule: NetworkConnect)",
  "opcode": "정보",
  "type": "wineventlog",
  "message": "Network connection detected:\nUtcTime: 2018-03-05 07:32:38.307\nProcessGuid: {A376A8F6-F294-5A9C-0000-001052E48503}\nProcessId: 17704\nImage: C:\\Program Files\\Mozilla Firefox\\firefox.exe\nUser: DESKTOP-WJANG\\wook8170\nProtocol: tcp\nInitiated: true\nSourceIsIpv6: false\nSourceIp: 127.0.0.1\nSourceHostname: wook.com\nSourcePort: 2383\nSourcePortName: ms-olap4\nDestinationIsIpv6: false\nDestinationIp: 127.0.0.1\nDestinationHostname: wook.com\nDestinationPort: 2382\nDestinationPortName: ms-olap3",
  "user": {
    "identifier": "S-1-5-18",
    "name": "SYSTEM",
    "domain": "NT AUTHORITY",
    "type": "Well Known Group"
  }
}
{
  "@timestamp": "2018-03-05T07:32:40.313Z",
  "@metadata": {
    "beat": "winlogbeat",
    "type": "doc",
    "version": "6.2.2"
  },
  "record_number": "670",
  "beat": {
    "name": "DESKTOP-WJANG",
    "hostname": "DESKTOP-WJANG",
    "version": "6.2.2"
  },
  "type": "wineventlog",
  "user": {
    "type": "Well Known Group",
    "identifier": "S-1-5-18",
    "name": "SYSTEM",
    "domain": "NT AUTHORITY"
  },
  "version": 5,
  "process_id": 8608,
  "level": "정보",
  "message": "Network connection detected:\nUtcTime: 2018-03-05 07:32:38.307\nProcessGuid: {A376A8F6-F294-5A9C-0000-001052E48503}\nProcessId: 17704\nImage: C:\\Program Files\\Mozilla Firefox\\firefox.exe\nUser: DESKTOP-WJANG\\wook8170\nProtocol: tcp\nInitiated: false\nSourceIsIpv6: false\nSourceIp: 127.0.0.1\nSourceHostname: wook.com\nSourcePort: 2382\nSourcePortName: ms-olap3\nDestinationIsIpv6: false\nDestinationIp: 127.0.0.1\nDestinationHostname: wook.com\nDestinationPort: 2383\nDestinationPortName: ms-olap4",
  "event_data": {
    "ProcessGuid": "{A376A8F6-F294-5A9C-0000-001052E48503}",
    "UtcTime": "2018-03-05 07:32:38.307",
    "Initiated": "false",
    "Protocol": "tcp",
    "SourceIsIpv6": "false",
    "Image": "C:\\Program Files\\Mozilla Firefox\\firefox.exe",
    "SourceIp": "127.0.0.1",
    "ProcessId": "17704",
    "DestinationPort": "2383",
    "DestinationPortName": "ms-olap4",
    "DestinationHostname": "wook.com",
    "User": "DESKTOP-WJANG\\wook8170",
    "SourceHostname": "wook.com",
    "DestinationIsIpv6": "false",
    "DestinationIp": "127.0.0.1",
    "SourcePort": "2382",
    "SourcePortName": "ms-olap3"
  },
  "provider_guid": "{5770385F-C22A-43E0-BF4C-06F5698FFBD9}",
  "computer_name": "DESKTOP-WJANG",
  "event_id": 3,
  "opcode": "정보",
  "task": "Network connection detected (rule: NetworkConnect)",
  "thread_id": 23856,
  "source_name": "Microsoft-Windows-Sysmon",
  "log_name": "Microsoft-Windows-Sysmon/Operational"
}
{
  "@timestamp": "2018-03-05T07:32:40.313Z",
  "@metadata": {
    "beat": "winlogbeat",
    "type": "doc",
    "version": "6.2.2"
  },
  "message": "Network connection detected:\nUtcTime: 2018-03-05 07:32:38.537\nProcessGuid: {A376A8F6-F062-5A9C-0000-0010D7D51302}\nProcessId: 8608\nImage: C:\\Windows\\Sysmon.exe\nUser: NT AUTHORITY\\SYSTEM\nProtocol: tcp\nInitiated: true\nSourceIsIpv6: false\nSourceIp: 192.168.198.67\nSourceHostname: DESKTOP-WJANG\nSourcePort: 2384\nSourcePortName: \nDestinationIsIpv6: false\nDestinationIp: 23.44.155.27\nDestinationHostname: a23-44-155-27.deploy.static.akamaitechnologies.com\nDestinationPort: 80\nDestinationPortName: http",
  "log_name": "Microsoft-Windows-Sysmon/Operational",
  "type": "wineventlog",
  "computer_name": "DESKTOP-WJANG",
  "event_data": {
    "SourceHostname": "DESKTOP-WJANG",
    "DestinationPort": "80",
    "ProcessGuid": "{A376A8F6-F062-5A9C-0000-0010D7D51302}",
    "DestinationHostname": "a23-44-155-27.deploy.static.akamaitechnologies.com",
    "DestinationIp": "23.44.155.27",
    "Image": "C:\\Windows\\Sysmon.exe",
    "ProcessId": "8608",
    "SourcePort": "2384",
    "SourceIsIpv6": "false",
    "DestinationIsIpv6": "false",
    "DestinationPortName": "http",
    "Initiated": "true",
    "User": "NT AUTHORITY\\SYSTEM",
    "Protocol": "tcp",
    "SourceIp": "192.168.198.67",
    "UtcTime": "2018-03-05 07:32:38.537"
  },
  "beat": {
    "version": "6.2.2",
    "name": "DESKTOP-WJANG",
    "hostname": "DESKTOP-WJANG"
  },
  "provider_guid": "{5770385F-C22A-43E0-BF4C-06F5698FFBD9}",
  "opcode": "정보",
  "event_id": 3,
  "source_name": "Microsoft-Windows-Sysmon",
  "version": 5,
  "level": "정보",
  "thread_id": 23856,
  "record_number": "671",
  "process_id": 8608,
  "user": {
    "name": "SYSTEM",
    "domain": "NT AUTHORITY",
    "type": "Well Known Group",
    "identifier": "S-1-5-18"
  },
  "task": "Network connection detected (rule: NetworkConnect)"
}
{
  "@timestamp": "2018-03-05T07:32:40.324Z",
  "@metadata": {
    "beat": "winlogbeat",
    "type": "doc",
    "version": "6.2.2"
  },
  "log_name": "Microsoft-Windows-Sysmon/Operational",
  "event_id": 7,
  "level": "정보",
  "process_id": 8608,
  "task": "Image loaded (rule: ImageLoad)",
  "message": "Image loaded:\nUtcTime: 2018-03-05 07:32:40.323\nProcessGuid: {A376A8F6-F298-5A9C-0000-001071788803}\nProcessId: 25364\nImage: C:\\Program Files\\Mozilla Firefox\\firefox.exe\nImageLoaded: C:\\Windows\\System32\\cryptsp.dll\nFileVersion: 10.0.16299.15 (WinBuild.160101.0800)\nDescription: Cryptographic Service Provider API\nProduct: Microsoft® Windows® Operating System\nCompany: Microsoft Corporation\nHashes: MD5=E8E7EBA7164C2DC2021EE52090A941A0,SHA256=FC99C980C2E8619CC64D534497C652A1B1DFC55A3EABFD7E81C62EF0A28C03B4\nSigned: true\nSignature: Microsoft Windows\nSignatureStatus: Valid",
  "source_name": "Microsoft-Windows-Sysmon",
  "version": 3,
  "opcode": "정보",
  "type": "wineventlog",
  "event_data": {
    "Image": "C:\\Program Files\\Mozilla Firefox\\firefox.exe",
    "ProcessId": "25364",
    "Hashes": "MD5=E8E7EBA7164C2DC2021EE52090A941A0,SHA256=FC99C980C2E8619CC64D534497C652A1B1DFC55A3EABFD7E81C62EF0A28C03B4",
    "Signed": "true",
    "Description": "Cryptographic Service Provider API",
    "Company": "Microsoft Corporation",
    "ImageLoaded": "C:\\Windows\\System32\\cryptsp.dll",
    "Product": "Microsoft® Windows® Operating System",
    "UtcTime": "2018-03-05 07:32:40.323",
    "FileVersion": "10.0.16299.15 (WinBuild.160101.0800)",
    "ProcessGuid": "{A376A8F6-F298-5A9C-0000-001071788803}",
    "Signature": "Microsoft Windows",
    "SignatureStatus": "Valid"
  },
  "thread_id": 19220,
  "record_number": "672",
  "provider_guid": "{5770385F-C22A-43E0-BF4C-06F5698FFBD9}",
  "beat": {
    "name": "DESKTOP-WJANG",
    "hostname": "DESKTOP-WJANG",
    "version": "6.2.2"
  },
  "user": {
    "identifier": "S-1-5-18",
    "name": "SYSTEM",
    "domain": "NT AUTHORITY",
    "type": "Well Known Group"
  },
  "computer_name": "DESKTOP-WJANG"
}
{
  "@timestamp": "2018-03-05T07:32:40.325Z",
  "@metadata": {
    "beat": "winlogbeat",
    "type": "doc",
    "version": "6.2.2"
  },
  "log_name": "Microsoft-Windows-Sysmon/Operational",
  "event_id": 7,
  "version": 3,
  "task": "Image loaded (rule: ImageLoad)",
  "source_name": "Microsoft-Windows-Sysmon",
  "provider_guid": "{5770385F-C22A-43E0-BF4C-06F5698FFBD9}",
  "process_id": 8608,
  "level": "정보",
  "opcode": "정보",
  "event_data": {
    "Hashes": "MD5=DCE02851301BA0112B46995552C0920F,SHA256=3BB339FEF89ABCB9C82D303D5FB8BAD1924CA5E7C29C189874C0F5D2DA19513E",
    "SignatureStatus": "Valid",
    "ImageLoaded": "C:\\Windows\\System32\\rsaenh.dll",
    "Image": "C:\\Program Files\\Mozilla Firefox\\firefox.exe",
    "ProcessGuid": "{A376A8F6-F298-5A9C-0000-001071788803}",
    "Company": "Microsoft Corporation",
    "Signed": "true",
    "UtcTime": "2018-03-05 07:32:40.324",
    "ProcessId": "25364",
    "Product": "Microsoft® Windows® Operating System",
    "FileVersion": "10.0.16299.15 (WinBuild.160101.0800)",
    "Signature": "Microsoft Windows",
    "Description": "Microsoft Enhanced Cryptographic Provider"
  },
  "user": {
    "name": "SYSTEM",
    "domain": "NT AUTHORITY",
    "type": "Well Known Group",
    "identifier": "S-1-5-18"
  },
  "computer_name": "DESKTOP-WJANG",
  "type": "wineventlog",
  "record_number": "673",
  "beat": {
    "name": "DESKTOP-WJANG",
    "hostname": "DESKTOP-WJANG",
    "version": "6.2.2"
  },
  "message": "Image loaded:\nUtcTime: 2018-03-05 07:32:40.324\nProcessGuid: {A376A8F6-F298-5A9C-0000-001071788803}\nProcessId: 25364\nImage: C:\\Program Files\\Mozilla Firefox\\firefox.exe\nImageLoaded: C:\\Windows\\System32\\rsaenh.dll\nFileVersion: 10.0.16299.15 (WinBuild.160101.0800)\nDescription: Microsoft Enhanced Cryptographic Provider\nProduct: Microsoft® Windows® Operating System\nCompany: Microsoft Corporation\nHashes: MD5=DCE02851301BA0112B46995552C0920F,SHA256=3BB339FEF89ABCB9C82D303D5FB8BAD1924CA5E7C29C189874C0F5D2DA19513E\nSigned: true\nSignature: Microsoft Windows\nSignatureStatus: Valid",
  "thread_id": 19220
}
{
  "@timestamp": "2018-03-05T07:32:40.326Z",
  "@metadata": {
    "beat": "winlogbeat",
    "type": "doc",
    "version": "6.2.2"
  },
  "event_id": 7,
  "level": "정보",
  "type": "wineventlog",
  "record_number": "674",
  "message": "Image loaded:\nUtcTime: 2018-03-05 07:32:40.325\nProcessGuid: {A376A8F6-F298-5A9C-0000-001071788803}\nProcessId: 25364\nImage: C:\\Program Files\\Mozilla Firefox\\firefox.exe\nImageLoaded: C:\\Windows\\System32\\bcrypt.dll\nFileVersion: 10.0.16299.15 (WinBuild.160101.0800)\nDescription: Windows 암호화 기본 라이브러리\nProduct: Microsoft® Windows® Operating System\nCompany: Microsoft Corporation\nHashes: MD5=7C8B55E36581C017F3C33DF92CB73723,SHA256=E77E5EEA628A919E8F236ABD9EAF28282E17058D68562C0AEED037E9894DAC67\nSigned: true\nSignature: Microsoft Windows\nSignatureStatus: Valid",
  "event_data": {
    "Company": "Microsoft Corporation",
    "ProcessGuid": "{A376A8F6-F298-5A9C-0000-001071788803}",
    "Signed": "true",
    "Signature": "Microsoft Windows",
    "UtcTime": "2018-03-05 07:32:40.325",
    "ProcessId": "25364",
    "Hashes": "MD5=7C8B55E36581C017F3C33DF92CB73723,SHA256=E77E5EEA628A919E8F236ABD9EAF28282E17058D68562C0AEED037E9894DAC67",
    "ImageLoaded": "C:\\Windows\\System32\\bcrypt.dll",
    "Description": "Windows 암호화 기본 라이브러리",
    "Product": "Microsoft® Windows® Operating System",
    "Image": "C:\\Program Files\\Mozilla Firefox\\firefox.exe",
    "FileVersion": "10.0.16299.15 (WinBuild.160101.0800)",
    "SignatureStatus": "Valid"
  },
  "source_name": "Microsoft-Windows-Sysmon",
  "computer_name": "DESKTOP-WJANG",
  "thread_id": 19220,
  "user": {
    "domain": "NT AUTHORITY",
    "type": "Well Known Group",
    "identifier": "S-1-5-18",
    "name": "SYSTEM"
  },
  "beat": {
    "name": "DESKTOP-WJANG",
    "hostname": "DESKTOP-WJANG",
    "version": "6.2.2"
  },
  "provider_guid": "{5770385F-C22A-43E0-BF4C-06F5698FFBD9}",
  "log_name": "Microsoft-Windows-Sysmon/Operational",
  "process_id": 8608,
  "version": 3,
  "task": "Image loaded (rule: ImageLoad)",
  "opcode": "정보"
}
