{
  "@timestamp": "2018-03-05T07:34:41.479Z",
  "@metadata": {
    "beat": "winlogbeat",
    "type": "doc",
    "version": "6.2.2"
  },
  "source_name": "Microsoft-Windows-Sysmon",
  "record_number": "891",
  "version": 4,
  "computer_name": "DESKTOP-WJANG",
  "event_data": {
    "CreationUtcTime": "2017-04-24 03:51:05.300",
    "PreviousCreationUtcTime": "2018-03-05 07:34:41.462",
    "UtcTime": "2018-03-05 07:34:41.479",
    "ProcessGuid": "{A376A8F6-F294-5A9C-0000-001052E48503}",
    "ProcessId": "17704",
    "Image": "C:\\Program Files\\Mozilla Firefox\\firefox.exe",
    "TargetFilename": "C:\\Users\\wook8170\\AppData\\Roaming\\Microsoft\\Windows\\Recent\\CustomDestinations\\V3F3HXBCXH2PRP17THDV.temp"
  },
  "event_id": 2,
  "beat": {
    "hostname": "DESKTOP-WJANG",
    "version": "6.2.2",
    "name": "DESKTOP-WJANG"
  },
  "level": "정보",
  "message": "File creation time changed:\nUtcTime: 2018-03-05 07:34:41.479\nProcessGuid: {A376A8F6-F294-5A9C-0000-001052E48503}\nProcessId: 17704\nImage: C:\\Program Files\\Mozilla Firefox\\firefox.exe\nTargetFilename: C:\\Users\\wook8170\\AppData\\Roaming\\Microsoft\\Windows\\Recent\\CustomDestinations\\V3F3HXBCXH2PRP17THDV.temp\nCreationUtcTime: 2017-04-24 03:51:05.300\nPreviousCreationUtcTime: 2018-03-05 07:34:41.462",
  "type": "wineventlog",
  "process_id": 8608,
  "task": "File creation time changed (rule: FileCreateTime)",
  "thread_id": 19220,
  "user": {
    "type": "Well Known Group",
    "identifier": "S-1-5-18",
    "name": "SYSTEM",
    "domain": "NT AUTHORITY"
  },
  "provider_guid": "{5770385F-C22A-43E0-BF4C-06F5698FFBD9}",
  "log_name": "Microsoft-Windows-Sysmon/Operational",
  "opcode": "정보"
}
{
  "@timestamp": "2018-03-05T07:34:41.500Z",
  "@metadata": {
    "beat": "winlogbeat",
    "type": "doc",
    "version": "6.2.2"
  },
  "source_name": "Microsoft-Windows-Sysmon",
  "event_id": 7,
  "task": "Image loaded (rule: ImageLoad)",
  "log_name": "Microsoft-Windows-Sysmon/Operational",
  "provider_guid": "{5770385F-C22A-43E0-BF4C-06F5698FFBD9}",
  "event_data": {
    "Image": "C:\\Program Files\\Mozilla Firefox\\firefox.exe",
    "Product": "Microsoft® Windows® Operating System",
    "UtcTime": "2018-03-05 07:34:41.380",
    "Signed": "true",
    "SignatureStatus": "Valid",
    "ProcessId": "17704",
    "FileVersion": "10.0.16299.15 (WinBuild.160101.0800)",
    "Hashes": "MD5=0D4D6168335B38C56104780BFDBC032E,SHA256=186FFE06D97FB2559829601D16C06BF8A53E90731BC4A32210930188DA01E266",
    "ProcessGuid": "{A376A8F6-F294-5A9C-0000-001052E48503}",
    "Description": "필터 라이브러리",
    "Company": "Microsoft Corporation",
    "Signature": "Microsoft Windows",
    "ImageLoaded": "C:\\Windows\\System32\\fltLib.dll"
  },
  "message": "Image loaded:\nUtcTime: 2018-03-05 07:34:41.380\nProcessGuid: {A376A8F6-F294-5A9C-0000-001052E48503}\nProcessId: 17704\nImage: C:\\Program Files\\Mozilla Firefox\\firefox.exe\nImageLoaded: C:\\Windows\\System32\\fltLib.dll\nFileVersion: 10.0.16299.15 (WinBuild.160101.0800)\nDescription: 필터 라이브러리\nProduct: Microsoft® Windows® Operating System\nCompany: Microsoft Corporation\nHashes: MD5=0D4D6168335B38C56104780BFDBC032E,SHA256=186FFE06D97FB2559829601D16C06BF8A53E90731BC4A32210930188DA01E266\nSigned: true\nSignature: Microsoft Windows\nSignatureStatus: Valid",
  "process_id": 8608,
  "opcode": "정보",
  "computer_name": "DESKTOP-WJANG",
  "level": "정보",
  "user": {
    "identifier": "S-1-5-18",
    "name": "SYSTEM",
    "domain": "NT AUTHORITY",
    "type": "Well Known Group"
  },
  "thread_id": 23584,
  "version": 3,
  "type": "wineventlog",
  "record_number": "892",
  "beat": {
    "hostname": "DESKTOP-WJANG",
    "version": "6.2.2",
    "name": "DESKTOP-WJANG"
  }
}
{
  "@timestamp": "2018-03-05T07:34:41.514Z",
  "@metadata": {
    "beat": "winlogbeat",
    "type": "doc",
    "version": "6.2.2"
  },
  "user": {
    "type": "Well Known Group",
    "identifier": "S-1-5-18",
    "name": "SYSTEM",
    "domain": "NT AUTHORITY"
  },
  "provider_guid": "{5770385F-C22A-43E0-BF4C-06F5698FFBD9}",
  "computer_name": "DESKTOP-WJANG",
  "type": "wineventlog",
  "source_name": "Microsoft-Windows-Sysmon",
  "message": "Image loaded:\nUtcTime: 2018-03-05 07:34:41.385\nProcessGuid: {A376A8F6-F294-5A9C-0000-001052E48503}\nProcessId: 17704\nImage: C:\\Program Files\\Mozilla Firefox\\firefox.exe\nImageLoaded: C:\\Windows\\System32\\aepic.dll\nFileVersion: 10.0.17060.1019 (WinBuild.160101.0800)\nDescription: Application Experience Program Cache\nProduct: Microsoft® Windows® Operating System\nCompany: Microsoft Corporation\nHashes: MD5=0B14354F641BDA443E738D93DDB7ED2C,SHA256=AD2E7AA68F97FCD7EAA795138D632BC2CFD1C32F2C520FF6C6654C5B38E47E8C\nSigned: true\nSignature: Microsoft Windows\nSignatureStatus: Valid",
  "record_number": "893",
  "beat": {
    "name": "DESKTOP-WJANG",
    "hostname": "DESKTOP-WJANG",
    "version": "6.2.2"
  },
  "thread_id": 23584,
  "version": 3,
  "process_id": 8608,
  "task": "Image loaded (rule: ImageLoad)",
  "log_name": "Microsoft-Windows-Sysmon/Operational",
  "event_id": 7,
  "opcode": "정보",
  "level": "정보",
  "event_data": {
    "ProcessGuid": "{A376A8F6-F294-5A9C-0000-001052E48503}",
    "SignatureStatus": "Valid",
    "Description": "Application Experience Program Cache",
    "Hashes": "MD5=0B14354F641BDA443E738D93DDB7ED2C,SHA256=AD2E7AA68F97FCD7EAA795138D632BC2CFD1C32F2C520FF6C6654C5B38E47E8C",
    "ImageLoaded": "C:\\Windows\\System32\\aepic.dll",
    "ProcessId": "17704",
    "FileVersion": "10.0.17060.1019 (WinBuild.160101.0800)",
    "Product": "Microsoft® Windows® Operating System",
    "Company": "Microsoft Corporation",
    "Signature": "Microsoft Windows",
    "Image": "C:\\Program Files\\Mozilla Firefox\\firefox.exe",
    "Signed": "true",
    "UtcTime": "2018-03-05 07:34:41.385"
  }
}
{
  "@timestamp": "2018-03-05T07:34:41.550Z",
  "@metadata": {
    "beat": "winlogbeat",
    "type": "doc",
    "version": "6.2.2"
  },
  "record_number": "894",
  "version": 3,
  "user": {
    "domain": "NT AUTHORITY",
    "type": "Well Known Group",
    "identifier": "S-1-5-18",
    "name": "SYSTEM"
  },
  "log_name": "Microsoft-Windows-Sysmon/Operational",
  "computer_name": "DESKTOP-WJANG",
  "opcode": "정보",
  "provider_guid": "{5770385F-C22A-43E0-BF4C-06F5698FFBD9}",
  "level": "정보",
  "message": "Image loaded:\nUtcTime: 2018-03-05 07:34:41.418\nProcessGuid: {A376A8F6-F294-5A9C-0000-001052E48503}\nProcessId: 17704\nImage: C:\\Program Files\\Mozilla Firefox\\firefox.exe\nImageLoaded: C:\\Windows\\System32\\ntshrui.dll\nFileVersion: 10.0.16299.15 (WinBuild.160101.0800)\nDescription: 공유용 셸 확장\nProduct: Microsoft® Windows® Operating System\nCompany: Microsoft Corporation\nHashes: MD5=DE5F56A31F206576F01EBC6FCA79C411,SHA256=E33CC2B1BDD778ADE66FCE89133950199846FCFE1A6AB77D7C70D4168BF98055\nSigned: true\nSignature: Microsoft Windows\nSignatureStatus: Valid",
  "beat": {
    "name": "DESKTOP-WJANG",
    "hostname": "DESKTOP-WJANG",
    "version": "6.2.2"
  },
  "event_data": {
    "Product": "Microsoft® Windows® Operating System",
    "ProcessId": "17704",
    "Signature": "Microsoft Windows",
    "ProcessGuid": "{A376A8F6-F294-5A9C-0000-001052E48503}",
    "ImageLoaded": "C:\\Windows\\System32\\ntshrui.dll",
    "Image": "C:\\Program Files\\Mozilla Firefox\\firefox.exe",
    "Hashes": "MD5=DE5F56A31F206576F01EBC6FCA79C411,SHA256=E33CC2B1BDD778ADE66FCE89133950199846FCFE1A6AB77D7C70D4168BF98055",
    "SignatureStatus": "Valid",
    "FileVersion": "10.0.16299.15 (WinBuild.160101.0800)",
    "UtcTime": "2018-03-05 07:34:41.418",
    "Company": "Microsoft Corporation",
    "Signed": "true",
    "Description": "공유용 셸 확장"
  },
  "event_id": 7,
  "type": "wineventlog",
  "source_name": "Microsoft-Windows-Sysmon",
  "thread_id": 23584,
  "task": "Image loaded (rule: ImageLoad)",
  "process_id": 8608
}
{
  "@timestamp": "2018-03-05T07:34:41.568Z",
  "@metadata": {
    "beat": "winlogbeat",
    "type": "doc",
    "version": "6.2.2"
  },
  "process_id": 8608,
  "beat": {
    "name": "DESKTOP-WJANG",
    "hostname": "DESKTOP-WJANG",
    "version": "6.2.2"
  },
  "type": "wineventlog",
  "log_name": "Microsoft-Windows-Sysmon/Operational",
  "task": "Image loaded (rule: ImageLoad)",
  "record_number": "895",
  "event_id": 7,
  "provider_guid": "{5770385F-C22A-43E0-BF4C-06F5698FFBD9}",
  "message": "Image loaded:\nUtcTime: 2018-03-05 07:34:41.422\nProcessGuid: {A376A8F6-F294-5A9C-0000-001052E48503}\nProcessId: 17704\nImage: C:\\Program Files\\Mozilla Firefox\\firefox.exe\nImageLoaded: C:\\Windows\\System32\\cscapi.dll\nFileVersion: 10.0.16299.15 (WinBuild.160101.0800)\nDescription: Offline Files Win32 API\nProduct: Microsoft® Windows® Operating System\nCompany: Microsoft Corporation\nHashes: MD5=088B0751988C69A6BA1A42873629FFC3,SHA256=EFDB3AD4A609F8A295E6FD739C759A22BA845B9F86679997E3E1995E683606F0\nSigned: true\nSignature: Microsoft Windows\nSignatureStatus: Valid",
  "user": {
    "identifier": "S-1-5-18",
    "name": "SYSTEM",
    "domain": "NT AUTHORITY",
    "type": "Well Known Group"
  },
  "thread_id": 23584,
  "event_data": {
    "Description": "Offline Files Win32 API",
    "Company": "Microsoft Corporation",
    "Signed": "true",
    "Product": "Microsoft® Windows® Operating System",
    "FileVersion": "10.0.16299.15 (WinBuild.160101.0800)",
    "ProcessId": "17704",
    "Signature": "Microsoft Windows",
    "ProcessGuid": "{A376A8F6-F294-5A9C-0000-001052E48503}",
    "SignatureStatus": "Valid",
    "UtcTime": "2018-03-05 07:34:41.422",
    "Image": "C:\\Program Files\\Mozilla Firefox\\firefox.exe",
    "Hashes": "MD5=088B0751988C69A6BA1A42873629FFC3,SHA256=EFDB3AD4A609F8A295E6FD739C759A22BA845B9F86679997E3E1995E683606F0",
    "ImageLoaded": "C:\\Windows\\System32\\cscapi.dll"
  },
  "version": 3,
  "source_name": "Microsoft-Windows-Sysmon",
  "level": "정보",
  "computer_name": "DESKTOP-WJANG",
  "opcode": "정보"
}
{
  "@timestamp": "2018-03-05T07:34:41.581Z",
  "@metadata": {
    "beat": "winlogbeat",
    "type": "doc",
    "version": "6.2.2"
  },
  "record_number": "896",
  "level": "정보",
  "provider_guid": "{5770385F-C22A-43E0-BF4C-06F5698FFBD9}",
  "message": "Image loaded:\nUtcTime: 2018-03-05 07:34:41.435\nProcessGuid: {A376A8F6-F294-5A9C-0000-001052E48503}\nProcessId: 17704\nImage: C:\\Program Files\\Mozilla Firefox\\firefox.exe\nImageLoaded: C:\\Windows\\System32\\policymanager.dll\nFileVersion: 10.0.16299.248 (WinBuild.160101.0800)\nDescription: Policy Manager DLL\nProduct: Microsoft® Windows® Operating System\nCompany: Microsoft Corporation\nHashes: MD5=818D3D7A3A212D28FD2F0DA355C6DCC6,SHA256=5BB67CFE7499BDC540E954FC87C59E60E0303B3B9427E0F7C66F467C1144FC3D\nSigned: true\nSignature: Microsoft Windows\nSignatureStatus: Valid",
  "process_id": 8608,
  "computer_name": "DESKTOP-WJANG",
  "source_name": "Microsoft-Windows-Sysmon",
  "beat": {
    "name": "DESKTOP-WJANG",
    "hostname": "DESKTOP-WJANG",
    "version": "6.2.2"
  },
  "task": "Image loaded (rule: ImageLoad)",
  "version": 3,
  "user": {
    "type": "Well Known Group",
    "identifier": "S-1-5-18",
    "name": "SYSTEM",
    "domain": "NT AUTHORITY"
  },
  "opcode": "정보",
  "thread_id": 23584,
  "log_name": "Microsoft-Windows-Sysmon/Operational",
  "event_data": {
    "ProcessId": "17704",
    "FileVersion": "10.0.16299.248 (WinBuild.160101.0800)",
    "Description": "Policy Manager DLL",
    "Company": "Microsoft Corporation",
    "SignatureStatus": "Valid",
    "UtcTime": "2018-03-05 07:34:41.435",
    "ProcessGuid": "{A376A8F6-F294-5A9C-0000-001052E48503}",
    "Signature": "Microsoft Windows",
    "Hashes": "MD5=818D3D7A3A212D28FD2F0DA355C6DCC6,SHA256=5BB67CFE7499BDC540E954FC87C59E60E0303B3B9427E0F7C66F467C1144FC3D",
    "Product": "Microsoft® Windows® Operating System",
    "Image": "C:\\Program Files\\Mozilla Firefox\\firefox.exe",
    "Signed": "true",
    "ImageLoaded": "C:\\Windows\\System32\\policymanager.dll"
  },
  "type": "wineventlog",
  "event_id": 7
}
{
  "@timestamp": "2018-03-05T07:34:41.593Z",
  "@metadata": {
    "beat": "winlogbeat",
    "type": "doc",
    "version": "6.2.2"
  },
  "log_name": "Microsoft-Windows-Sysmon/Operational",
  "level": "정보",
  "computer_name": "DESKTOP-WJANG",
  "thread_id": 23584,
  "opcode": "정보",
  "provider_guid": "{5770385F-C22A-43E0-BF4C-06F5698FFBD9}",
  "event_id": 7,
  "source_name": "Microsoft-Windows-Sysmon",
  "message": "Image loaded:\nUtcTime: 2018-03-05 07:34:41.445\nProcessGuid: {A376A8F6-F294-5A9C-0000-001052E48503}\nProcessId: 17704\nImage: C:\\Program Files\\Mozilla Firefox\\firefox.exe\nImageLoaded: C:\\Windows\\System32\\msvcp110_win.dll\nFileVersion: 10.0.16299.15 (WinBuild.160101.0800)\nDescription: Microsoft® STL110 C++ Runtime Library\nProduct: Microsoft® Windows® Operating System\nCompany: Microsoft Corporation\nHashes: MD5=00B8E2911834B93651FE948BF362EB5F,SHA256=3A18AC6EC8DA2386CAB5DD361C9DEC43955383A9AF3CA4D8C59741A4BC7ECAD1\nSigned: true\nSignature: Microsoft Windows\nSignatureStatus: Valid",
  "task": "Image loaded (rule: ImageLoad)",
  "event_data": {
    "SignatureStatus": "Valid",
    "FileVersion": "10.0.16299.15 (WinBuild.160101.0800)",
    "Hashes": "MD5=00B8E2911834B93651FE948BF362EB5F,SHA256=3A18AC6EC8DA2386CAB5DD361C9DEC43955383A9AF3CA4D8C59741A4BC7ECAD1",
    "Signed": "true",
    "UtcTime": "2018-03-05 07:34:41.445",
    "Description": "Microsoft® STL110 C++ Runtime Library",
    "Signature": "Microsoft Windows",
    "ProcessId": "17704",
    "ProcessGuid": "{A376A8F6-F294-5A9C-0000-001052E48503}",
    "ImageLoaded": "C:\\Windows\\System32\\msvcp110_win.dll",
    "Product": "Microsoft® Windows® Operating System",
    "Company": "Microsoft Corporation",
    "Image": "C:\\Program Files\\Mozilla Firefox\\firefox.exe"
  },
  "version": 3,
  "beat": {
    "hostname": "DESKTOP-WJANG",
    "version": "6.2.2",
    "name": "DESKTOP-WJANG"
  },
  "type": "wineventlog",
  "process_id": 8608,
  "user": {
    "identifier": "S-1-5-18",
    "name": "SYSTEM",
    "domain": "NT AUTHORITY",
    "type": "Well Known Group"
  },
  "record_number": "897"
}
{
  "@timestamp": "2018-03-05T07:34:53.273Z",
  "@metadata": {
    "beat": "winlogbeat",
    "type": "doc",
    "version": "6.2.2"
  },
  "log_name": "Microsoft-Windows-Sysmon/Operational",
  "task": "Network connection detected (rule: NetworkConnect)",
  "source_name": "Microsoft-Windows-Sysmon",
  "opcode": "정보",
  "beat": {
    "name": "DESKTOP-WJANG",
    "hostname": "DESKTOP-WJANG",
    "version": "6.2.2"
  },
  "version": 5,
  "user": {
    "type": "Well Known Group",
    "identifier": "S-1-5-18",
    "name": "SYSTEM",
    "domain": "NT AUTHORITY"
  },
  "computer_name": "DESKTOP-WJANG",
  "process_id": 8608,
  "provider_guid": "{5770385F-C22A-43E0-BF4C-06F5698FFBD9}",
  "type": "wineventlog",
  "message": "Network connection detected:\nUtcTime: 2018-03-05 07:34:51.681\nProcessGuid: {A376A8F6-ECE0-5A9C-0000-0010E2F82800}\nProcessId: 19724\nImage: C:\\Program Files (x86)\\Send Anywhere\\Send Anywhere.exe\nUser: DESKTOP-WJANG\\wook8170\nProtocol: tcp\nInitiated: true\nSourceIsIpv6: false\nSourceIp: 192.168.198.67\nSourceHostname: DESKTOP-WJANG\nSourcePort: 2427\nSourcePortName: \nDestinationIsIpv6: false\nDestinationIp: 14.49.41.23\nDestinationHostname: \nDestinationPort: 443\nDestinationPortName: https",
  "thread_id": 23856,
  "event_data": {
    "ProcessGuid": "{A376A8F6-ECE0-5A9C-0000-0010E2F82800}",
    "DestinationPortName": "https",
    "Initiated": "true",
    "Protocol": "tcp",
    "SourceHostname": "DESKTOP-WJANG",
    "SourcePort": "2427",
    "DestinationIp": "14.49.41.23",
    "DestinationPort": "443",
    "User": "DESKTOP-WJANG\\wook8170",
    "UtcTime": "2018-03-05 07:34:51.681",
    "Image": "C:\\Program Files (x86)\\Send Anywhere\\Send Anywhere.exe",
    "ProcessId": "19724",
    "SourceIp": "192.168.198.67",
    "SourceIsIpv6": "false",
    "DestinationIsIpv6": "false"
  },
  "level": "정보",
  "record_number": "898",
  "event_id": 3
}
{
  "@timestamp": "2018-03-05T07:34:53.273Z",
  "@metadata": {
    "beat": "winlogbeat",
    "type": "doc",
    "version": "6.2.2"
  },
  "source_name": "Microsoft-Windows-Sysmon",
  "type": "wineventlog",
  "level": "정보",
  "user": {
    "domain": "NT AUTHORITY",
    "type": "Well Known Group",
    "identifier": "S-1-5-18",
    "name": "SYSTEM"
  },
  "event_data": {
    "SourceIsIpv6": "false",
    "SourceIp": "192.168.198.67",
    "SourcePort": "2428",
    "User": "DESKTOP-WJANG\\wook8170",
    "Image": "C:\\Program Files (x86)\\Send Anywhere\\Send Anywhere.exe",
    "Protocol": "tcp",
    "DestinationIsIpv6": "false",
    "ProcessId": "19724",
    "DestinationPort": "443",
    "UtcTime": "2018-03-05 07:34:51.696",
    "DestinationPortName": "https",
    "SourceHostname": "DESKTOP-WJANG",
    "DestinationIp": "14.49.41.23",
    "ProcessGuid": "{A376A8F6-ECE0-5A9C-0000-0010E2F82800}",
    "Initiated": "true"
  },
  "log_name": "Microsoft-Windows-Sysmon/Operational",
  "version": 5,
  "task": "Network connection detected (rule: NetworkConnect)",
  "thread_id": 23856,
  "computer_name": "DESKTOP-WJANG",
  "beat": {
    "name": "DESKTOP-WJANG",
    "hostname": "DESKTOP-WJANG",
    "version": "6.2.2"
  },
  "event_id": 3,
  "opcode": "정보",
  "message": "Network connection detected:\nUtcTime: 2018-03-05 07:34:51.696\nProcessGuid: {A376A8F6-ECE0-5A9C-0000-0010E2F82800}\nProcessId: 19724\nImage: C:\\Program Files (x86)\\Send Anywhere\\Send Anywhere.exe\nUser: DESKTOP-WJANG\\wook8170\nProtocol: tcp\nInitiated: true\nSourceIsIpv6: false\nSourceIp: 192.168.198.67\nSourceHostname: DESKTOP-WJANG\nSourcePort: 2428\nSourcePortName: \nDestinationIsIpv6: false\nDestinationIp: 14.49.41.23\nDestinationHostname: \nDestinationPort: 443\nDestinationPortName: https",
  "process_id": 8608,
  "record_number": "899",
  "provider_guid": "{5770385F-C22A-43E0-BF4C-06F5698FFBD9}"
}
{
  "@timestamp": "2018-03-05T07:34:56.278Z",
  "@metadata": {
    "beat": "winlogbeat",
    "type": "doc",
    "version": "6.2.2"
  },
  "process_id": 8608,
  "event_data": {
    "DestinationPort": "443",
    "SourceHostname": "DESKTOP-WJANG",
    "User": "NT AUTHORITY\\SYSTEM",
    "SourceIp": "192.168.198.67",
    "UtcTime": "2018-03-05 07:34:54.048",
    "Protocol": "tcp",
    "Image": "C:\\Program Files (x86)\\Kaspersky Lab\\Kaspersky Free 18.0.0\\avp.exe",
    "SourcePort": "2429",
    "SourceIsIpv6": "false",
    "DestinationIp": "180.87.4.161",
    "ProcessGuid": "{A376A8F6-ECA3-5A9C-0000-0010B2050300}",
    "ProcessId": "5328",
    "DestinationPortName": "https",
    "Initiated": "true",
    "DestinationIsIpv6": "false"
  },
  "provider_guid": "{5770385F-C22A-43E0-BF4C-06F5698FFBD9}",
  "version": 5,
  "record_number": "900",
  "event_id": 3,
  "source_name": "Microsoft-Windows-Sysmon",
  "level": "정보",
  "computer_name": "DESKTOP-WJANG",
  "type": "wineventlog",
  "log_name": "Microsoft-Windows-Sysmon/Operational",
  "beat": {
    "hostname": "DESKTOP-WJANG",
    "version": "6.2.2",
    "name": "DESKTOP-WJANG"
  },
  "user": {
    "domain": "NT AUTHORITY",
    "type": "Well Known Group",
    "identifier": "S-1-5-18",
    "name": "SYSTEM"
  },
  "task": "Network connection detected (rule: NetworkConnect)",
  "message": "Network connection detected:\nUtcTime: 2018-03-05 07:34:54.048\nProcessGuid: {A376A8F6-ECA3-5A9C-0000-0010B2050300}\nProcessId: 5328\nImage: C:\\Program Files (x86)\\Kaspersky Lab\\Kaspersky Free 18.0.0\\avp.exe\nUser: NT AUTHORITY\\SYSTEM\nProtocol: tcp\nInitiated: true\nSourceIsIpv6: false\nSourceIp: 192.168.198.67\nSourceHostname: DESKTOP-WJANG\nSourcePort: 2429\nSourcePortName: \nDestinationIsIpv6: false\nDestinationIp: 180.87.4.161\nDestinationHostname: \nDestinationPort: 443\nDestinationPortName: https",
  "opcode": "정보",
  "thread_id": 23856
}
{
  "@timestamp": "2018-03-05T07:35:02.536Z",
  "@metadata": {
    "beat": "winlogbeat",
    "type": "doc",
    "version": "6.2.2"
  },
  "task": "Network connection detected (rule: NetworkConnect)",
  "opcode": "정보",
  "type": "wineventlog",
  "event_data": {
    "DestinationPort": "443",
    "SourceIsIpv6": "false",
    "ProcessId": "22260",
    "SourceIp": "192.168.198.67",
    "SourcePort": "2431",
    "SourceHostname": "DESKTOP-WJANG",
    "Protocol": "tcp",
    "UtcTime": "2018-03-05 07:35:01.515",
    "Initiated": "true",
    "ProcessGuid": "{A376A8F6-ECDF-5A9C-0000-0010038E2800}",
    "DestinationIsIpv6": "false",
    "DestinationIp": "13.107.18.11",
    "User": "DESKTOP-WJANG\\wook8170",
    "DestinationPortName": "https",
    "Image": "C:\\Users\\wook8170\\AppData\\Local\\Microsoft\\Teams\\current\\Teams.exe"
  },
  "level": "정보",
  "computer_name": "DESKTOP-WJANG",
  "thread_id": 23856,
  "user": {
    "identifier": "S-1-5-18",
    "name": "SYSTEM",
    "domain": "NT AUTHORITY",
    "type": "Well Known Group"
  },
  "message": "Network connection detected:\nUtcTime: 2018-03-05 07:35:01.515\nProcessGuid: {A376A8F6-ECDF-5A9C-0000-0010038E2800}\nProcessId: 22260\nImage: C:\\Users\\wook8170\\AppData\\Local\\Microsoft\\Teams\\current\\Teams.exe\nUser: DESKTOP-WJANG\\wook8170\nProtocol: tcp\nInitiated: true\nSourceIsIpv6: false\nSourceIp: 192.168.198.67\nSourceHostname: DESKTOP-WJANG\nSourcePort: 2431\nSourcePortName: \nDestinationIsIpv6: false\nDestinationIp: 13.107.18.11\nDestinationHostname: \nDestinationPort: 443\nDestinationPortName: https",
  "log_name": "Microsoft-Windows-Sysmon/Operational",
  "source_name": "Microsoft-Windows-Sysmon",
  "beat": {
    "name": "DESKTOP-WJANG",
    "hostname": "DESKTOP-WJANG",
    "version": "6.2.2"
  },
  "version": 5,
  "event_id": 3,
  "record_number": "901",
  "provider_guid": "{5770385F-C22A-43E0-BF4C-06F5698FFBD9}",
  "process_id": 8608
}
{
  "@timestamp": "2018-03-05T07:35:02.787Z",
  "@metadata": {
    "beat": "winlogbeat",
    "type": "doc",
    "version": "6.2.2"
  },
  "level": "정보",
  "event_data": {
    "DestinationPort": "443",
    "DestinationIsIpv6": "false",
    "DestinationIp": "13.107.3.128",
    "SourcePort": "2432",
    "DestinationPortName": "https",
    "ProcessId": "22260",
    "Initiated": "true",
    "SourceHostname": "DESKTOP-WJANG",
    "Image": "C:\\Users\\wook8170\\AppData\\Local\\Microsoft\\Teams\\current\\Teams.exe",
    "SourceIp": "192.168.198.67",
    "UtcTime": "2018-03-05 07:35:01.536",
    "Protocol": "tcp",
    "SourceIsIpv6": "false",
    "ProcessGuid": "{A376A8F6-ECDF-5A9C-0000-0010038E2800}",
    "User": "DESKTOP-WJANG\\wook8170"
  },
  "log_name": "Microsoft-Windows-Sysmon/Operational",
  "task": "Network connection detected (rule: NetworkConnect)",
  "record_number": "902",
  "provider_guid": "{5770385F-C22A-43E0-BF4C-06F5698FFBD9}",
  "type": "wineventlog",
  "opcode": "정보",
  "thread_id": 23856,
  "user": {
    "identifier": "S-1-5-18",
    "name": "SYSTEM",
    "domain": "NT AUTHORITY",
    "type": "Well Known Group"
  },
  "beat": {
    "name": "DESKTOP-WJANG",
    "hostname": "DESKTOP-WJANG",
    "version": "6.2.2"
  },
  "version": 5,
  "source_name": "Microsoft-Windows-Sysmon",
  "process_id": 8608,
  "message": "Network connection detected:\nUtcTime: 2018-03-05 07:35:01.536\nProcessGuid: {A376A8F6-ECDF-5A9C-0000-0010038E2800}\nProcessId: 22260\nImage: C:\\Users\\wook8170\\AppData\\Local\\Microsoft\\Teams\\current\\Teams.exe\nUser: DESKTOP-WJANG\\wook8170\nProtocol: tcp\nInitiated: true\nSourceIsIpv6: false\nSourceIp: 192.168.198.67\nSourceHostname: DESKTOP-WJANG\nSourcePort: 2432\nSourcePortName: \nDestinationIsIpv6: false\nDestinationIp: 13.107.3.128\nDestinationHostname: \nDestinationPort: 443\nDestinationPortName: https",
  "computer_name": "DESKTOP-WJANG",
  "event_id": 3
}
{
  "@timestamp": "2018-03-05T07:35:02.787Z",
  "@metadata": {
    "beat": "winlogbeat",
    "type": "doc",
    "version": "6.2.2"
  },
  "thread_id": 23856,
  "event_id": 3,
  "opcode": "정보",
  "version": 5,
  "provider_guid": "{5770385F-C22A-43E0-BF4C-06F5698FFBD9}",
  "log_name": "Microsoft-Windows-Sysmon/Operational",
  "computer_name": "DESKTOP-WJANG",
  "process_id": 8608,
  "type": "wineventlog",
  "source_name": "Microsoft-Windows-Sysmon",
  "event_data": {
    "SourceIp": "192.168.198.67",
    "SourcePort": "2433",
    "Initiated": "true",
    "SourceIsIpv6": "false",
    "ProcessId": "22260",
    "DestinationPort": "443",
    "SourceHostname": "DESKTOP-WJANG",
    "ProcessGuid": "{A376A8F6-ECDF-5A9C-0000-0010038E2800}",
    "DestinationPortName": "https",
    "User": "DESKTOP-WJANG\\wook8170",
    "DestinationIsIpv6": "false",
    "DestinationIp": "13.107.3.128",
    "UtcTime": "2018-03-05 07:35:01.537",
    "Protocol": "tcp",
    "Image": "C:\\Users\\wook8170\\AppData\\Local\\Microsoft\\Teams\\current\\Teams.exe"
  },
  "user": {
    "identifier": "S-1-5-18",
    "name": "SYSTEM",
    "domain": "NT AUTHORITY",
    "type": "Well Known Group"
  },
  "level": "정보",
  "record_number": "903",
  "task": "Network connection detected (rule: NetworkConnect)",
  "message": "Network connection detected:\nUtcTime: 2018-03-05 07:35:01.537\nProcessGuid: {A376A8F6-ECDF-5A9C-0000-0010038E2800}\nProcessId: 22260\nImage: C:\\Users\\wook8170\\AppData\\Local\\Microsoft\\Teams\\current\\Teams.exe\nUser: DESKTOP-WJANG\\wook8170\nProtocol: tcp\nInitiated: true\nSourceIsIpv6: false\nSourceIp: 192.168.198.67\nSourceHostname: DESKTOP-WJANG\nSourcePort: 2433\nSourcePortName: \nDestinationIsIpv6: false\nDestinationIp: 13.107.3.128\nDestinationHostname: \nDestinationPort: 443\nDestinationPortName: https",
  "beat": {
    "name": "DESKTOP-WJANG",
    "hostname": "DESKTOP-WJANG",
    "version": "6.2.2"
  }
}
{
  "@timestamp": "2018-03-05T07:35:04.289Z",
  "@metadata": {
    "beat": "winlogbeat",
    "type": "doc",
    "version": "6.2.2"
  },
  "version": 5,
  "level": "정보",
  "opcode": "정보",
  "computer_name": "DESKTOP-WJANG",
  "event_data": {
    "ProcessId": "22260",
    "SourceIsIpv6": "false",
    "UtcTime": "2018-03-05 07:35:02.827",
    "DestinationPort": "443",
    "Image": "C:\\Users\\wook8170\\AppData\\Local\\Microsoft\\Teams\\current\\Teams.exe",
    "DestinationIsIpv6": "false",
    "SourcePort": "2434",
    "Initiated": "true",
    "ProcessGuid": "{A376A8F6-ECDF-5A9C-0000-0010038E2800}",
    "DestinationPortName": "https",
    "Protocol": "tcp",
    "SourceHostname": "DESKTOP-WJANG",
    "DestinationIp": "13.78.94.7",
    "SourceIp": "192.168.198.67",
    "User": "DESKTOP-WJANG\\wook8170"
  },
  "event_id": 3,
  "process_id": 8608,
  "thread_id": 23856,
  "beat": {
    "name": "DESKTOP-WJANG",
    "hostname": "DESKTOP-WJANG",
    "version": "6.2.2"
  },
  "type": "wineventlog",
  "task": "Network connection detected (rule: NetworkConnect)",
  "record_number": "904",
  "user": {
    "identifier": "S-1-5-18",
    "name": "SYSTEM",
    "domain": "NT AUTHORITY",
    "type": "Well Known Group"
  },
  "source_name": "Microsoft-Windows-Sysmon",
  "message": "Network connection detected:\nUtcTime: 2018-03-05 07:35:02.827\nProcessGuid: {A376A8F6-ECDF-5A9C-0000-0010038E2800}\nProcessId: 22260\nImage: C:\\Users\\wook8170\\AppData\\Local\\Microsoft\\Teams\\current\\Teams.exe\nUser: DESKTOP-WJANG\\wook8170\nProtocol: tcp\nInitiated: true\nSourceIsIpv6: false\nSourceIp: 192.168.198.67\nSourceHostname: DESKTOP-WJANG\nSourcePort: 2434\nSourcePortName: \nDestinationIsIpv6: false\nDestinationIp: 13.78.94.7\nDestinationHostname: \nDestinationPort: 443\nDestinationPortName: https",
  "provider_guid": "{5770385F-C22A-43E0-BF4C-06F5698FFBD9}",
  "log_name": "Microsoft-Windows-Sysmon/Operational"
}
{
  "@timestamp": "2018-03-05T07:35:07.294Z",
  "@metadata": {
    "beat": "winlogbeat",
    "type": "doc",
    "version": "6.2.2"
  },
  "event_id": 3,
  "process_id": 8608,
  "task": "Network connection detected (rule: NetworkConnect)",
  "thread_id": 23856,
  "record_number": "905",
  "level": "정보",
  "computer_name": "DESKTOP-WJANG",
  "version": 5,
  "beat": {
    "name": "DESKTOP-WJANG",
    "hostname": "DESKTOP-WJANG",
    "version": "6.2.2"
  },
  "source_name": "Microsoft-Windows-Sysmon",
  "event_data": {
    "UtcTime": "2018-03-05 07:35:05.474",
    "DestinationPortName": "https",
    "Image": "C:\\Users\\wook8170\\AppData\\Local\\Microsoft\\Teams\\current\\Teams.exe",
    "Protocol": "tcp",
    "Initiated": "true",
    "DestinationPort": "443",
    "SourcePort": "2436",
    "DestinationIsIpv6": "false",
    "ProcessGuid": "{A376A8F6-ECDF-5A9C-0000-0010038E2800}",
    "SourceIp": "192.168.198.67",
    "User": "DESKTOP-WJANG\\wook8170",
    "SourceHostname": "DESKTOP-WJANG",
    "SourceIsIpv6": "false",
    "DestinationIp": "52.113.65.83",
    "ProcessId": "22260"
  },
  "user": {
    "type": "Well Known Group",
    "identifier": "S-1-5-18",
    "name": "SYSTEM",
    "domain": "NT AUTHORITY"
  },
  "provider_guid": "{5770385F-C22A-43E0-BF4C-06F5698FFBD9}",
  "message": "Network connection detected:\nUtcTime: 2018-03-05 07:35:05.474\nProcessGuid: {A376A8F6-ECDF-5A9C-0000-0010038E2800}\nProcessId: 22260\nImage: C:\\Users\\wook8170\\AppData\\Local\\Microsoft\\Teams\\current\\Teams.exe\nUser: DESKTOP-WJANG\\wook8170\nProtocol: tcp\nInitiated: true\nSourceIsIpv6: false\nSourceIp: 192.168.198.67\nSourceHostname: DESKTOP-WJANG\nSourcePort: 2436\nSourcePortName: \nDestinationIsIpv6: false\nDestinationIp: 52.113.65.83\nDestinationHostname: \nDestinationPort: 443\nDestinationPortName: https",
  "type": "wineventlog",
  "opcode": "정보",
  "log_name": "Microsoft-Windows-Sysmon/Operational"
}
{
  "@timestamp": "2018-03-05T07:35:19.314Z",
  "@metadata": {
    "beat": "winlogbeat",
    "type": "doc",
    "version": "6.2.2"
  },
  "provider_guid": "{5770385F-C22A-43E0-BF4C-06F5698FFBD9}",
  "event_data": {
    "SourceIp": "192.168.198.67",
    "DestinationIp": "13.78.94.7",
    "Initiated": "true",
    "SourceHostname": "DESKTOP-WJANG",
    "SourcePort": "2438",
    "UtcTime": "2018-03-05 07:35:18.131",
    "Image": "C:\\Users\\wook8170\\AppData\\Local\\Microsoft\\Teams\\current\\Teams.exe",
    "SourceIsIpv6": "false",
    "DestinationIsIpv6": "false",
    "DestinationPort": "443",
    "Protocol": "tcp",
    "ProcessId": "22260",
    "User": "DESKTOP-WJANG\\wook8170",
    "ProcessGuid": "{A376A8F6-ECDF-5A9C-0000-0010038E2800}",
    "DestinationPortName": "https"
  },
  "opcode": "정보",
  "beat": {
    "version": "6.2.2",
    "name": "DESKTOP-WJANG",
    "hostname": "DESKTOP-WJANG"
  },
  "record_number": "906",
  "user": {
    "name": "SYSTEM",
    "domain": "NT AUTHORITY",
    "type": "Well Known Group",
    "identifier": "S-1-5-18"
  },
  "process_id": 8608,
  "log_name": "Microsoft-Windows-Sysmon/Operational",
  "level": "정보",
  "computer_name": "DESKTOP-WJANG",
  "task": "Network connection detected (rule: NetworkConnect)",
  "event_id": 3,
  "thread_id": 23856,
  "type": "wineventlog",
  "source_name": "Microsoft-Windows-Sysmon",
  "version": 5,
  "message": "Network connection detected:\nUtcTime: 2018-03-05 07:35:18.131\nProcessGuid: {A376A8F6-ECDF-5A9C-0000-0010038E2800}\nProcessId: 22260\nImage: C:\\Users\\wook8170\\AppData\\Local\\Microsoft\\Teams\\current\\Teams.exe\nUser: DESKTOP-WJANG\\wook8170\nProtocol: tcp\nInitiated: true\nSourceIsIpv6: false\nSourceIp: 192.168.198.67\nSourceHostname: DESKTOP-WJANG\nSourcePort: 2438\nSourcePortName: \nDestinationIsIpv6: false\nDestinationIp: 13.78.94.7\nDestinationHostname: \nDestinationPort: 443\nDestinationPortName: https"
}
{
  "@timestamp": "2018-03-05T07:35:23.323Z",
  "@metadata": {
    "beat": "winlogbeat",
    "type": "doc",
    "version": "6.2.2"
  },
  "user": {
    "type": "Well Known Group",
    "identifier": "S-1-5-18",
    "name": "SYSTEM",
    "domain": "NT AUTHORITY"
  },
  "message": "Network connection detected:\nUtcTime: 2018-03-05 07:35:21.186\nProcessGuid: {A376A8F6-F294-5A9C-0000-001052E48503}\nProcessId: 17704\nImage: C:\\Program Files\\Mozilla Firefox\\firefox.exe\nUser: DESKTOP-WJANG\\wook8170\nProtocol: tcp\nInitiated: true\nSourceIsIpv6: false\nSourceIp: 127.0.0.1\nSourceHostname: wook.com\nSourcePort: 2439\nSourcePortName: \nDestinationIsIpv6: false\nDestinationIp: 127.0.0.1\nDestinationHostname: wook.com\nDestinationPort: 1553\nDestinationPortName: ",
  "event_id": 3,
  "thread_id": 23856,
  "level": "정보",
  "beat": {
    "name": "DESKTOP-WJANG",
    "hostname": "DESKTOP-WJANG",
    "version": "6.2.2"
  },
  "task": "Network connection detected (rule: NetworkConnect)",
  "computer_name": "DESKTOP-WJANG",
  "record_number": "907",
  "source_name": "Microsoft-Windows-Sysmon",
  "version": 5,
  "opcode": "정보",
  "provider_guid": "{5770385F-C22A-43E0-BF4C-06F5698FFBD9}",
  "process_id": 8608,
  "event_data": {
    "Initiated": "true",
    "SourceIsIpv6": "false",
    "DestinationIp": "127.0.0.1",
    "UtcTime": "2018-03-05 07:35:21.186",
    "ProcessId": "17704",
    "ProcessGuid": "{A376A8F6-F294-5A9C-0000-001052E48503}",
    "Image": "C:\\Program Files\\Mozilla Firefox\\firefox.exe",
    "DestinationPort": "1553",
    "User": "DESKTOP-WJANG\\wook8170",
    "SourceHostname": "wook.com",
    "SourcePort": "2439",
    "DestinationIsIpv6": "false",
    "DestinationHostname": "wook.com",
    "SourceIp": "127.0.0.1",
    "Protocol": "tcp"
  },
  "log_name": "Microsoft-Windows-Sysmon/Operational",
  "type": "wineventlog"
}
{
  "@timestamp": "2018-03-05T07:35:32.085Z",
  "@metadata": {
    "beat": "winlogbeat",
    "type": "doc",
    "version": "6.2.2"
  },
  "type": "wineventlog",
  "source_name": "Microsoft-Windows-Sysmon",
  "thread_id": 19220,
  "computer_name": "DESKTOP-WJANG",
  "message": "Process Create:\nUtcTime: 2018-03-05 07:35:32.078\nProcessGuid: {A376A8F6-F344-5A9C-0000-0010BDB3F803}\nProcessId: 25640\nImage: C:\\Program Files\\Mozilla Firefox\\firefox.exe\nFileVersion: 58.0.2\nDescription: Firefox\nProduct: Firefox\nCompany: Mozilla Corporation\nCommandLine: \"C:\\Program Files\\Mozilla Firefox\\firefox.exe\" \nCurrentDirectory: C:\\Program Files\\Mozilla Firefox\\\nUser: DESKTOP-WJANG\\wook8170\nLogonGuid: {A376A8F6-ECB5-5A9C-0000-00208AB21300}\nLogonId: 0x13B28A\nTerminalSessionId: 1\nIntegrityLevel: Medium\nHashes: MD5=22819EB3C648583352AE83003E4C9A56,SHA256=4B69AE5B7D548EFC56FDBE2E650CE2B519AE0C9C928640023077B956C51A7138\nParentProcessGuid: {A376A8F6-ECB7-5A9C-0000-00108FD51400}\nParentProcessId: 13872\nParentImage: C:\\Windows\\explorer.exe\nParentCommandLine: C:\\WINDOWS\\Explorer.EXE",
  "event_data": {
    "CurrentDirectory": "C:\\Program Files\\Mozilla Firefox\\",
    "FileVersion": "58.0.2",
    "LogonId": "0x13b28a",
    "ProcessGuid": "{A376A8F6-F344-5A9C-0000-0010BDB3F803}",
    "User": "DESKTOP-WJANG\\wook8170",
    "TerminalSessionId": "1",
    "ParentImage": "C:\\Windows\\explorer.exe",
    "Hashes": "MD5=22819EB3C648583352AE83003E4C9A56,SHA256=4B69AE5B7D548EFC56FDBE2E650CE2B519AE0C9C928640023077B956C51A7138",
    "Product": "Firefox",
    "ParentCommandLine": "C:\\WINDOWS\\Explorer.EXE",
    "Image": "C:\\Program Files\\Mozilla Firefox\\firefox.exe",
    "Company": "Mozilla Corporation",
    "ParentProcessGuid": "{A376A8F6-ECB7-5A9C-0000-00108FD51400}",
    "ParentProcessId": "13872",
    "ProcessId": "25640",
    "Description": "Firefox",
    "CommandLine": "\"C:\\Program Files\\Mozilla Firefox\\firefox.exe\" ",
    "UtcTime": "2018-03-05 07:35:32.078",
    "IntegrityLevel": "Medium",
    "LogonGuid": "{A376A8F6-ECB5-5A9C-0000-00208AB21300}"
  },
  "opcode": "정보",
  "event_id": 1,
  "log_name": "Microsoft-Windows-Sysmon/Operational",
  "version": 5,
  "user": {
    "domain": "NT AUTHORITY",
    "type": "Well Known Group",
    "identifier": "S-1-5-18",
    "name": "SYSTEM"
  },
  "process_id": 8608,
  "beat": {
    "name": "DESKTOP-WJANG",
    "hostname": "DESKTOP-WJANG",
    "version": "6.2.2"
  },
  "provider_guid": "{5770385F-C22A-43E0-BF4C-06F5698FFBD9}",
  "level": "정보",
  "task": "Process Create (rule: ProcessCreate)",
  "record_number": "908"
}
{
  "@timestamp": "2018-03-05T07:35:32.093Z",
  "@metadata": {
    "beat": "winlogbeat",
    "type": "doc",
    "version": "6.2.2"
  },
  "thread_id": 19220,
  "log_name": "Microsoft-Windows-Sysmon/Operational",
  "computer_name": "DESKTOP-WJANG",
  "event_data": {
    "Signature": "Mozilla Corporation",
    "ImageLoaded": "C:\\Program Files\\Mozilla Firefox\\firefox.exe",
    "Product": "Firefox",
    "ProcessGuid": "{A376A8F6-F344-5A9C-0000-0010BDB3F803}",
    "Hashes": "MD5=22819EB3C648583352AE83003E4C9A56,SHA256=4B69AE5B7D548EFC56FDBE2E650CE2B519AE0C9C928640023077B956C51A7138",
    "SignatureStatus": "Valid",
    "ProcessId": "25640",
    "FileVersion": "58.0.2",
    "Image": "C:\\Program Files\\Mozilla Firefox\\firefox.exe",
    "Signed": "true",
    "Company": "Mozilla Corporation",
    "Description": "Firefox",
    "UtcTime": "2018-03-05 07:35:32.092"
  },
  "version": 3,
  "record_number": "909",
  "task": "Image loaded (rule: ImageLoad)",
  "type": "wineventlog",
  "message": "Image loaded:\nUtcTime: 2018-03-05 07:35:32.092\nProcessGuid: {A376A8F6-F344-5A9C-0000-0010BDB3F803}\nProcessId: 25640\nImage: C:\\Program Files\\Mozilla Firefox\\firefox.exe\nImageLoaded: C:\\Program Files\\Mozilla Firefox\\firefox.exe\nFileVersion: 58.0.2\nDescription: Firefox\nProduct: Firefox\nCompany: Mozilla Corporation\nHashes: MD5=22819EB3C648583352AE83003E4C9A56,SHA256=4B69AE5B7D548EFC56FDBE2E650CE2B519AE0C9C928640023077B956C51A7138\nSigned: true\nSignature: Mozilla Corporation\nSignatureStatus: Valid",
  "level": "정보",
  "process_id": 8608,
  "user": {
    "identifier": "S-1-5-18",
    "name": "SYSTEM",
    "domain": "NT AUTHORITY",
    "type": "Well Known Group"
  },
  "event_id": 7,
  "opcode": "정보",
  "provider_guid": "{5770385F-C22A-43E0-BF4C-06F5698FFBD9}",
  "source_name": "Microsoft-Windows-Sysmon",
  "beat": {
    "name": "DESKTOP-WJANG",
    "hostname": "DESKTOP-WJANG",
    "version": "6.2.2"
  }
}
{
  "@timestamp": "2018-03-05T07:35:32.094Z",
  "@metadata": {
    "beat": "winlogbeat",
    "type": "doc",
    "version": "6.2.2"
  },
  "task": "Image loaded (rule: ImageLoad)",
  "provider_guid": "{5770385F-C22A-43E0-BF4C-06F5698FFBD9}",
  "level": "정보",
  "log_name": "Microsoft-Windows-Sysmon/Operational",
  "record_number": "910",
  "opcode": "정보",
  "thread_id": 19220,
  "event_id": 7,
  "version": 3,
  "computer_name": "DESKTOP-WJANG",
  "type": "wineventlog",
  "user": {
    "identifier": "S-1-5-18",
    "name": "SYSTEM",
    "domain": "NT AUTHORITY",
    "type": "Well Known Group"
  },
  "beat": {
    "version": "6.2.2",
    "name": "DESKTOP-WJANG",
    "hostname": "DESKTOP-WJANG"
  },
  "source_name": "Microsoft-Windows-Sysmon",
  "message": "Image loaded:\nUtcTime: 2018-03-05 07:35:32.092\nProcessGuid: {A376A8F6-F344-5A9C-0000-0010BDB3F803}\nProcessId: 25640\nImage: C:\\Program Files\\Mozilla Firefox\\firefox.exe\nImageLoaded: C:\\Windows\\System32\\ntdll.dll\nFileVersion: 10.0.16299.15 (WinBuild.160101.0800)\nDescription: NT 계층 DLL\nProduct: Microsoft® Windows® Operating System\nCompany: Microsoft Corporation\nHashes: MD5=0123B11176C4EB9BF6B94C42B504D9AE,SHA256=F5FE851A614D0C4C8B271706B02FA6189363CE514D84EA2DDECEF8E0F81B1E2A\nSigned: true\nSignature: Microsoft Windows\nSignatureStatus: Valid",
  "process_id": 8608,
  "event_data": {
    "Company": "Microsoft Corporation",
    "Hashes": "MD5=0123B11176C4EB9BF6B94C42B504D9AE,SHA256=F5FE851A614D0C4C8B271706B02FA6189363CE514D84EA2DDECEF8E0F81B1E2A",
    "Signed": "true",
    "UtcTime": "2018-03-05 07:35:32.092",
    "Image": "C:\\Program Files\\Mozilla Firefox\\firefox.exe",
    "ImageLoaded": "C:\\Windows\\System32\\ntdll.dll",
    "FileVersion": "10.0.16299.15 (WinBuild.160101.0800)",
    "Description": "NT 계층 DLL",
    "ProcessId": "25640",
    "ProcessGuid": "{A376A8F6-F344-5A9C-0000-0010BDB3F803}",
    "Signature": "Microsoft Windows",
    "SignatureStatus": "Valid",
    "Product": "Microsoft® Windows® Operating System"
  }
}
{
  "@timestamp": "2018-03-05T07:35:32.097Z",
  "@metadata": {
    "beat": "winlogbeat",
    "type": "doc",
    "version": "6.2.2"
  },
  "beat": {
    "name": "DESKTOP-WJANG",
    "hostname": "DESKTOP-WJANG",
    "version": "6.2.2"
  },
  "source_name": "Microsoft-Windows-Sysmon",
  "message": "Image loaded:\nUtcTime: 2018-03-05 07:35:32.093\nProcessGuid: {A376A8F6-F344-5A9C-0000-0010BDB3F803}\nProcessId: 25640\nImage: C:\\Program Files\\Mozilla Firefox\\firefox.exe\nImageLoaded: C:\\Windows\\System32\\kernel32.dll\nFileVersion: 10.0.16299.15 (WinBuild.160101.0800)\nDescription: Windows NT 기반 API 클라이언트 DLL\nProduct: Microsoft® Windows® Operating System\nCompany: Microsoft Corporation\nHashes: MD5=222A8E8EA615529B5025DE5782830AF1,SHA256=7C76BB7AEC3C51164A49041E8A710C3C291BA1D30BAE07D126434A52A80D99E1\nSigned: true\nSignature: Microsoft Windows\nSignatureStatus: Valid",
  "opcode": "정보",
  "level": "정보",
  "task": "Image loaded (rule: ImageLoad)",
  "provider_guid": "{5770385F-C22A-43E0-BF4C-06F5698FFBD9}",
  "log_name": "Microsoft-Windows-Sysmon/Operational",
  "event_id": 7,
  "thread_id": 19220,
  "event_data": {
    "Company": "Microsoft Corporation",
    "Hashes": "MD5=222A8E8EA615529B5025DE5782830AF1,SHA256=7C76BB7AEC3C51164A49041E8A710C3C291BA1D30BAE07D126434A52A80D99E1",
    "ProcessGuid": "{A376A8F6-F344-5A9C-0000-0010BDB3F803}",
    "Signature": "Microsoft Windows",
    "Image": "C:\\Program Files\\Mozilla Firefox\\firefox.exe",
    "ProcessId": "25640",
    "FileVersion": "10.0.16299.15 (WinBuild.160101.0800)",
    "Description": "Windows NT 기반 API 클라이언트 DLL",
    "Signed": "true",
    "SignatureStatus": "Valid",
    "Product": "Microsoft® Windows® Operating System",
    "UtcTime": "2018-03-05 07:35:32.093",
    "ImageLoaded": "C:\\Windows\\System32\\kernel32.dll"
  },
  "user": {
    "identifier": "S-1-5-18",
    "name": "SYSTEM",
    "domain": "NT AUTHORITY",
    "type": "Well Known Group"
  },
  "computer_name": "DESKTOP-WJANG",
  "type": "wineventlog",
  "record_number": "911",
  "process_id": 8608,
  "version": 3
}
{
  "@timestamp": "2018-03-05T07:35:32.098Z",
  "@metadata": {
    "beat": "winlogbeat",
    "type": "doc",
    "version": "6.2.2"
  },
  "event_id": 7,
  "thread_id": 19220,
  "provider_guid": "{5770385F-C22A-43E0-BF4C-06F5698FFBD9}",
  "opcode": "정보",
  "process_id": 8608,
  "beat": {
    "name": "DESKTOP-WJANG",
    "hostname": "DESKTOP-WJANG",
    "version": "6.2.2"
  },
  "version": 3,
  "computer_name": "DESKTOP-WJANG",
  "user": {
    "identifier": "S-1-5-18",
    "name": "SYSTEM",
    "domain": "NT AUTHORITY",
    "type": "Well Known Group"
  },
  "type": "wineventlog",
  "record_number": "912",
  "level": "정보",
  "log_name": "Microsoft-Windows-Sysmon/Operational",
  "task": "Image loaded (rule: ImageLoad)",
  "source_name": "Microsoft-Windows-Sysmon",
  "message": "Image loaded:\nUtcTime: 2018-03-05 07:35:32.094\nProcessGuid: {A376A8F6-F344-5A9C-0000-0010BDB3F803}\nProcessId: 25640\nImage: C:\\Program Files\\Mozilla Firefox\\firefox.exe\nImageLoaded: C:\\Windows\\System32\\KernelBase.dll\nFileVersion: 10.0.16299.15 (WinBuild.160101.0800)\nDescription: Windows NT 기반 API 클라이언트 DLL\nProduct: Microsoft® Windows® Operating System\nCompany: Microsoft Corporation\nHashes: MD5=F84667DE25BAB29D81983AE474D3BB46,SHA256=E926769D1D2B0B49FBBEEBCB73225217426573AE8CA79C2A9A234F315FE9A61E\nSigned: true\nSignature: Microsoft Windows\nSignatureStatus: Valid",
  "event_data": {
    "SignatureStatus": "Valid",
    "Signature": "Microsoft Windows",
    "ProcessGuid": "{A376A8F6-F344-5A9C-0000-0010BDB3F803}",
    "Image": "C:\\Program Files\\Mozilla Firefox\\firefox.exe",
    "ProcessId": "25640",
    "Product": "Microsoft® Windows® Operating System",
    "UtcTime": "2018-03-05 07:35:32.094",
    "Hashes": "MD5=F84667DE25BAB29D81983AE474D3BB46,SHA256=E926769D1D2B0B49FBBEEBCB73225217426573AE8CA79C2A9A234F315FE9A61E",
    "ImageLoaded": "C:\\Windows\\System32\\KernelBase.dll",
    "Signed": "true",
    "Description": "Windows NT 기반 API 클라이언트 DLL",
    "FileVersion": "10.0.16299.15 (WinBuild.160101.0800)",
    "Company": "Microsoft Corporation"
  }
}
{
  "@timestamp": "2018-03-05T07:35:32.100Z",
  "@metadata": {
    "beat": "winlogbeat",
    "type": "doc",
    "version": "6.2.2"
  },
  "log_name": "Microsoft-Windows-Sysmon/Operational",
  "event_id": 7,
  "beat": {
    "name": "DESKTOP-WJANG",
    "hostname": "DESKTOP-WJANG",
    "version": "6.2.2"
  },
  "version": 3,
  "computer_name": "DESKTOP-WJANG",
  "provider_guid": "{5770385F-C22A-43E0-BF4C-06F5698FFBD9}",
  "user": {
    "identifier": "S-1-5-18",
    "name": "SYSTEM",
    "domain": "NT AUTHORITY",
    "type": "Well Known Group"
  },
  "event_data": {
    "FileVersion": "10.0.16299.15 (WinBuild.160101.0800)",
    "Hashes": "MD5=D751E248BBCFC3BC6CC5AA93516C690A,SHA256=63AD0144F5CA5948719103744CF8C932B53CD19A72650869EA4A943B51B41DC7",
    "ImageLoaded": "C:\\Windows\\System32\\advapi32.dll",
    "Description": "고급 Windows 32 기반 API",
    "Product": "Microsoft® Windows® Operating System",
    "SignatureStatus": "Valid",
    "Company": "Microsoft Corporation",
    "Signature": "Microsoft Windows",
    "ProcessId": "25640",
    "ProcessGuid": "{A376A8F6-F344-5A9C-0000-0010BDB3F803}",
    "Signed": "true",
    "Image": "C:\\Program Files\\Mozilla Firefox\\firefox.exe",
    "UtcTime": "2018-03-05 07:35:32.097"
  },
  "message": "Image loaded:\nUtcTime: 2018-03-05 07:35:32.097\nProcessGuid: {A376A8F6-F344-5A9C-0000-0010BDB3F803}\nProcessId: 25640\nImage: C:\\Program Files\\Mozilla Firefox\\firefox.exe\nImageLoaded: C:\\Windows\\System32\\advapi32.dll\nFileVersion: 10.0.16299.15 (WinBuild.160101.0800)\nDescription: 고급 Windows 32 기반 API\nProduct: Microsoft® Windows® Operating System\nCompany: Microsoft Corporation\nHashes: MD5=D751E248BBCFC3BC6CC5AA93516C690A,SHA256=63AD0144F5CA5948719103744CF8C932B53CD19A72650869EA4A943B51B41DC7\nSigned: true\nSignature: Microsoft Windows\nSignatureStatus: Valid",
  "type": "wineventlog",
  "level": "정보",
  "task": "Image loaded (rule: ImageLoad)",
  "record_number": "913",
  "opcode": "정보",
  "process_id": 8608,
  "source_name": "Microsoft-Windows-Sysmon",
  "thread_id": 19220
}
{
  "@timestamp": "2018-03-05T07:35:32.100Z",
  "@metadata": {
    "beat": "winlogbeat",
    "type": "doc",
    "version": "6.2.2"
  },
  "provider_guid": "{5770385F-C22A-43E0-BF4C-06F5698FFBD9}",
  "event_data": {
    "ProcessGuid": "{A376A8F6-F344-5A9C-0000-0010BDB3F803}",
    "Image": "C:\\Program Files\\Mozilla Firefox\\firefox.exe",
    "Signature": "Microsoft Windows",
    "UtcTime": "2018-03-05 07:35:32.097",
    "Company": "Microsoft Corporation",
    "Signed": "true",
    "ImageLoaded": "C:\\Windows\\System32\\msvcrt.dll",
    "Hashes": "MD5=68195105C7D9A2B5DF5BB82ECA521092,SHA256=556FF2B03495E2117223E5697B54253F30BD10ED3C67468947D79945168A624A",
    "SignatureStatus": "Valid",
    "ProcessId": "25640",
    "Description": "Windows NT CRT DLL",
    "Product": "Microsoft® Windows® Operating System",
    "FileVersion": "7.0.16299.125 (WinBuild.160101.0800)"
  },
  "version": 3,
  "type": "wineventlog",
  "computer_name": "DESKTOP-WJANG",
  "thread_id": 19220,
  "level": "정보",
  "opcode": "정보",
  "process_id": 8608,
  "log_name": "Microsoft-Windows-Sysmon/Operational",
  "source_name": "Microsoft-Windows-Sysmon",
  "record_number": "914",
  "event_id": 7,
  "message": "Image loaded:\nUtcTime: 2018-03-05 07:35:32.097\nProcessGuid: {A376A8F6-F344-5A9C-0000-0010BDB3F803}\nProcessId: 25640\nImage: C:\\Program Files\\Mozilla Firefox\\firefox.exe\nImageLoaded: C:\\Windows\\System32\\msvcrt.dll\nFileVersion: 7.0.16299.125 (WinBuild.160101.0800)\nDescription: Windows NT CRT DLL\nProduct: Microsoft® Windows® Operating System\nCompany: Microsoft Corporation\nHashes: MD5=68195105C7D9A2B5DF5BB82ECA521092,SHA256=556FF2B03495E2117223E5697B54253F30BD10ED3C67468947D79945168A624A\nSigned: true\nSignature: Microsoft Windows\nSignatureStatus: Valid",
  "task": "Image loaded (rule: ImageLoad)",
  "beat": {
    "name": "DESKTOP-WJANG",
    "hostname": "DESKTOP-WJANG",
    "version": "6.2.2"
  },
  "user": {
    "type": "Well Known Group",
    "identifier": "S-1-5-18",
    "name": "SYSTEM",
    "domain": "NT AUTHORITY"
  }
}
{
  "@timestamp": "2018-03-05T07:35:32.101Z",
  "@metadata": {
    "beat": "winlogbeat",
    "type": "doc",
    "version": "6.2.2"
  },
  "log_name": "Microsoft-Windows-Sysmon/Operational",
  "thread_id": 19220,
  "source_name": "Microsoft-Windows-Sysmon",
  "task": "Image loaded (rule: ImageLoad)",
  "process_id": 8608,
  "event_id": 7,
  "computer_name": "DESKTOP-WJANG",
  "message": "Image loaded:\nUtcTime: 2018-03-05 07:35:32.098\nProcessGuid: {A376A8F6-F344-5A9C-0000-0010BDB3F803}\nProcessId: 25640\nImage: C:\\Program Files\\Mozilla Firefox\\firefox.exe\nImageLoaded: C:\\Windows\\System32\\sechost.dll\nFileVersion: 10.0.16299.15 (WinBuild.160101.0800)\nDescription: Host for SCM/SDDL/LSA Lookup APIs\nProduct: Microsoft® Windows® Operating System\nCompany: Microsoft Corporation\nHashes: MD5=D5070901E3017686755415B71332991A,SHA256=1342D275E058BA07524550BEACC7760E5CDDC0B3A32659F4C65346D3BE6515E3\nSigned: true\nSignature: Microsoft Windows\nSignatureStatus: Valid",
  "opcode": "정보",
  "level": "정보",
  "beat": {
    "name": "DESKTOP-WJANG",
    "hostname": "DESKTOP-WJANG",
    "version": "6.2.2"
  },
  "provider_guid": "{5770385F-C22A-43E0-BF4C-06F5698FFBD9}",
  "version": 3,
  "event_data": {
    "ProcessId": "25640",
    "ProcessGuid": "{A376A8F6-F344-5A9C-0000-0010BDB3F803}",
    "UtcTime": "2018-03-05 07:35:32.098",
    "Description": "Host for SCM/SDDL/LSA Lookup APIs",
    "Hashes": "MD5=D5070901E3017686755415B71332991A,SHA256=1342D275E058BA07524550BEACC7760E5CDDC0B3A32659F4C65346D3BE6515E3",
    "Signed": "true",
    "Image": "C:\\Program Files\\Mozilla Firefox\\firefox.exe",
    "ImageLoaded": "C:\\Windows\\System32\\sechost.dll",
    "Company": "Microsoft Corporation",
    "SignatureStatus": "Valid",
    "FileVersion": "10.0.16299.15 (WinBuild.160101.0800)",
    "Signature": "Microsoft Windows",
    "Product": "Microsoft® Windows® Operating System"
  },
  "record_number": "915",
  "type": "wineventlog",
  "user": {
    "type": "Well Known Group",
    "identifier": "S-1-5-18",
    "name": "SYSTEM",
    "domain": "NT AUTHORITY"
  }
}
