{
  "@timestamp": "2018-03-05T07:29:09.246Z",
  "@metadata": {
    "beat": "winlogbeat",
    "type": "doc",
    "version": "6.2.2"
  },
  "event_id": 1,
  "message": "Process Create:\nUtcTime: 2018-03-05 07:29:09.240\nProcessGuid: {A376A8F6-F1C5-5A9C-0000-001066010203}\nProcessId: 2332\nImage: C:\\Program Files\\Mozilla Firefox\\firefox.exe\nFileVersion: 58.0.2\nDescription: Firefox\nProduct: Firefox\nCompany: Mozilla Corporation\nCommandLine: \"C:\\Program Files\\Mozilla Firefox\\firefox.exe\" -contentproc --channel=\"1140.13.1314140960\\1173026939\" -childID 2 -isForBrowser -intPrefs 5:50|6:-1|28:1000|34:20|35:5|36:10|45:128|46:10000|51:0|53:400|54:1|55:0|56:0|61:0|62:120|63:120|99:2|100:1|115:5000|125:0|127:0|138:10000|150:-1|158:24|159:32768|161:0|162:0|170:2|174:1048576|175:100|176:5000|178:600|180:1|188:20|191:4|195:0|204:60000| -boolPrefs 1:0|2:0|4:0|26:1|27:1|30:0|33:1|37:1|38:0|39:0|40:0|43:1|44:1|47:0|48:0|49:0|50:0|52:0|57:1|58:1|59:0|60:1|64:1|65:1|66:0|67:1|68:1|69:0|70:1|73:0|74:0|77:1|78:1|82:1|83:1|84:0|85:0|86:0|88:0|89:0|90:1|91:1|92:1|95:1|96:0|98:0|101:1|102:0|109:0|114:0|117:1|120:1|122:1|126:0|129:1|132:1|133:1|139:1|140:0|141:1|143:0|149:0|151:1|152:0|153:1|156:0|157:0|160:1|163:0|165:1|167:1|168:0|177:1|182:0|183:0|184:0|185:1|186:0|187:0|189:1|190:1|193:0|196:0|197:0|198:1|199:1|200:0|201:1|202:1|203:1|205:0|206:0|208:0|217:1|218:1|219:0|220:0|221:0| -stringPrefs \"3:7;release|97:0;|142:3;1.0|154:332;  ¼½¾ǃː̷̸։֊׃״؉؊٪۔܁܂܃܄ᅟᅠ᜵           ​‎‏‐’․‧\u2028\u2029‪‫‬‭‮ ‹›⁁⁄⁒ ⅓⅔⅕⅖⅗⅘⅙⅚⅛⅜⅝⅞⅟∕∶⎮╱⧶⧸⫻⫽⿰⿱⿲⿳⿴⿵⿶⿷⿸⿹⿺⿻　。〔〕〳゠ㅤ㈝㈞㎮㎯㏆㏟꞉︔︕︿﹝﹞﻿．／｡ﾠ￹￺￻￼�|155:4;high|192:38;{0aa63d4b-0bc0-4754-bd4a-1e621ca9132f}|\" -schedulerPrefs 0001,2 -greomni \"C:\\Program Files\\Mozilla Firefox\\omni.ja\" -appomni \"C:\\Program Files\\Mozilla Firefox\\browser\\omni.ja\" -appdir \"C:\\Program Files\\Mozilla Firefox\\browser\"  1140 \"\\\\.\\pipe\\gecko-crash-server-pipe.1140\" tab\nCurrentDirectory: C:\\Program Files\\Mozilla Firefox\\\nUser: DESKTOP-WJANG\\wook8170\nLogonGuid: {A376A8F6-ECB5-5A9C-0000-00208AB21300}\nLogonId: 0x13B28A\nTerminalSessionId: 1\nIntegrityLevel: Low\nHashes: MD5=22819EB3C648583352AE83003E4C9A56,SHA256=4B69AE5B7D548EFC56FDBE2E650CE2B519AE0C9C928640023077B956C51A7138\nParentProcessGuid: {A376A8F6-F1C3-5A9C-0000-0010B3D10003}\nParentProcessId: 1140\nParentImage: C:\\Program Files\\Mozilla Firefox\\firefox.exe\nParentCommandLine: \"C:\\Program Files\\Mozilla Firefox\\firefox.exe\" ",
  "version": 5,
  "event_data": {
    "ProcessId": "2332",
    "Description": "Firefox",
    "CommandLine": "\"C:\\Program Files\\Mozilla Firefox\\firefox.exe\" -contentproc --channel=\"1140.13.1314140960\\1173026939\" -childID 2 -isForBrowser -intPrefs 5:50|6:-1|28:1000|34:20|35:5|36:10|45:128|46:10000|51:0|53:400|54:1|55:0|56:0|61:0|62:120|63:120|99:2|100:1|115:5000|125:0|127:0|138:10000|150:-1|158:24|159:32768|161:0|162:0|170:2|174:1048576|175:100|176:5000|178:600|180:1|188:20|191:4|195:0|204:60000| -boolPrefs 1:0|2:0|4:0|26:1|27:1|30:0|33:1|37:1|38:0|39:0|40:0|43:1|44:1|47:0|48:0|49:0|50:0|52:0|57:1|58:1|59:0|60:1|64:1|65:1|66:0|67:1|68:1|69:0|70:1|73:0|74:0|77:1|78:1|82:1|83:1|84:0|85:0|86:0|88:0|89:0|90:1|91:1|92:1|95:1|96:0|98:0|101:1|102:0|109:0|114:0|117:1|120:1|122:1|126:0|129:1|132:1|133:1|139:1|140:0|141:1|143:0|149:0|151:1|152:0|153:1|156:0|157:0|160:1|163:0|165:1|167:1|168:0|177:1|182:0|183:0|184:0|185:1|186:0|187:0|189:1|190:1|193:0|196:0|197:0|198:1|199:1|200:0|201:1|202:1|203:1|205:0|206:0|208:0|217:1|218:1|219:0|220:0|221:0| -stringPrefs \"3:7;release|97:0;|142:3;1.0|154:332;  ¼½¾ǃː̷̸։֊׃״؉؊٪۔܁܂܃܄ᅟᅠ᜵           ​‎‏‐’․‧\u2028\u2029‪‫‬‭‮ ‹›⁁⁄⁒ ⅓⅔⅕⅖⅗⅘⅙⅚⅛⅜⅝⅞⅟∕∶⎮╱⧶⧸⫻⫽⿰⿱⿲⿳⿴⿵⿶⿷⿸⿹⿺⿻　。〔〕〳゠ㅤ㈝㈞㎮㎯㏆㏟꞉︔︕︿﹝﹞﻿．／｡ﾠ￹￺￻￼�|155:4;high|192:38;{0aa63d4b-0bc0-4754-bd4a-1e621ca9132f}|\" -schedulerPrefs 0001,2 -greomni \"C:\\Program Files\\Mozilla Firefox\\omni.ja\" -appomni \"C:\\Program Files\\Mozilla Firefox\\browser\\omni.ja\" -appdir \"C:\\Program Files\\Mozilla Firefox\\browser\"  1140 \"\\\\.\\pipe\\gecko-crash-server-pipe.1140\" tab",
    "CurrentDirectory": "C:\\Program Files\\Mozilla Firefox\\",
    "IntegrityLevel": "Low",
    "ParentCommandLine": "\"C:\\Program Files\\Mozilla Firefox\\firefox.exe\" ",
    "User": "DESKTOP-WJANG\\wook8170",
    "ParentProcessGuid": "{A376A8F6-F1C3-5A9C-0000-0010B3D10003}",
    "UtcTime": "2018-03-05 07:29:09.240",
    "ParentImage": "C:\\Program Files\\Mozilla Firefox\\firefox.exe",
    "ProcessGuid": "{A376A8F6-F1C5-5A9C-0000-001066010203}",
    "LogonId": "0x13b28a",
    "ParentProcessId": "1140",
    "TerminalSessionId": "1",
    "Product": "Firefox",
    "Hashes": "MD5=22819EB3C648583352AE83003E4C9A56,SHA256=4B69AE5B7D548EFC56FDBE2E650CE2B519AE0C9C928640023077B956C51A7138",
    "Image": "C:\\Program Files\\Mozilla Firefox\\firefox.exe",
    "LogonGuid": "{A376A8F6-ECB5-5A9C-0000-00208AB21300}",
    "Company": "Mozilla Corporation",
    "FileVersion": "58.0.2"
  },
  "computer_name": "DESKTOP-WJANG",
  "level": "정보",
  "user": {
    "domain": "NT AUTHORITY",
    "type": "Well Known Group",
    "identifier": "S-1-5-18",
    "name": "SYSTEM"
  },
  "provider_guid": "{5770385F-C22A-43E0-BF4C-06F5698FFBD9}",
  "type": "wineventlog",
  "log_name": "Microsoft-Windows-Sysmon/Operational",
  "task": "Process Create (rule: ProcessCreate)",
  "beat": {
    "name": "DESKTOP-WJANG",
    "hostname": "DESKTOP-WJANG",
    "version": "6.2.2"
  },
  "source_name": "Microsoft-Windows-Sysmon",
  "thread_id": 19220,
  "record_number": "154",
  "opcode": "정보",
  "process_id": 8608
}
{
  "@timestamp": "2018-03-05T07:29:10.239Z",
  "@metadata": {
    "beat": "winlogbeat",
    "type": "doc",
    "version": "6.2.2"
  },
  "task": "Process Create (rule: ProcessCreate)",
  "type": "wineventlog",
  "event_data": {
    "Hashes": "MD5=22819EB3C648583352AE83003E4C9A56,SHA256=4B69AE5B7D548EFC56FDBE2E650CE2B519AE0C9C928640023077B956C51A7138",
    "UtcTime": "2018-03-05 07:29:10.233",
    "CommandLine": "\"C:\\Program Files\\Mozilla Firefox\\firefox.exe\" -contentproc --channel=\"1140.20.2111052322\\1986046402\" -childID 3 -isForBrowser -intPrefs 5:50|6:-1|28:1000|34:20|35:5|36:10|45:128|46:10000|51:0|53:400|54:1|55:0|56:0|61:0|62:120|63:120|99:2|100:1|115:5000|125:0|127:0|138:10000|150:-1|158:24|159:32768|161:0|162:0|170:2|174:1048576|175:100|176:5000|178:600|180:1|188:20|191:4|195:0|204:60000| -boolPrefs 1:0|2:0|4:0|26:1|27:1|30:0|33:1|37:1|38:0|39:0|40:0|43:1|44:1|47:0|48:0|49:0|50:0|52:0|57:1|58:1|59:0|60:1|64:1|65:1|66:0|67:1|68:1|69:0|70:1|73:0|74:0|77:1|78:1|82:1|83:1|84:0|85:0|86:0|88:0|89:0|90:1|91:1|92:1|95:1|96:0|98:0|101:1|102:0|109:0|114:0|117:1|120:1|122:1|126:0|129:1|132:1|133:1|139:1|140:0|141:1|143:0|149:0|151:1|152:0|153:1|156:0|157:0|160:1|163:0|165:1|167:1|168:0|177:1|182:0|183:0|184:0|185:1|186:0|187:0|189:1|190:1|193:0|196:0|197:0|198:1|199:1|200:0|201:1|202:1|203:1|205:0|206:0|208:0|217:1|218:1|219:0|220:0|221:0| -stringPrefs \"3:7;release|97:0;|142:3;1.0|154:332;  ¼½¾ǃː̷̸։֊׃״؉؊٪۔܁܂܃܄ᅟᅠ᜵           ​‎‏‐’․‧\u2028\u2029‪‫‬‭‮ ‹›⁁⁄⁒ ⅓⅔⅕⅖⅗⅘⅙⅚⅛⅜⅝⅞⅟∕∶⎮╱⧶⧸⫻⫽⿰⿱⿲⿳⿴⿵⿶⿷⿸⿹⿺⿻　。〔〕〳゠ㅤ㈝㈞㎮㎯㏆㏟꞉︔︕︿﹝﹞﻿．／｡ﾠ￹￺￻￼�|155:4;high|192:38;{0aa63d4b-0bc0-4754-bd4a-1e621ca9132f}|\" -schedulerPrefs 0001,2 -greomni \"C:\\Program Files\\Mozilla Firefox\\omni.ja\" -appomni \"C:\\Program Files\\Mozilla Firefox\\browser\\omni.ja\" -appdir \"C:\\Program Files\\Mozilla Firefox\\browser\"  1140 \"\\\\.\\pipe\\gecko-crash-server-pipe.1140\" tab",
    "Product": "Firefox",
    "ParentProcessGuid": "{A376A8F6-F1C3-5A9C-0000-0010B3D10003}",
    "Company": "Mozilla Corporation",
    "ParentImage": "C:\\Program Files\\Mozilla Firefox\\firefox.exe",
    "TerminalSessionId": "1",
    "User": "DESKTOP-WJANG\\wook8170",
    "ParentCommandLine": "\"C:\\Program Files\\Mozilla Firefox\\firefox.exe\" ",
    "CurrentDirectory": "C:\\Program Files\\Mozilla Firefox\\",
    "ProcessGuid": "{A376A8F6-F1C6-5A9C-0000-0010A4B30203}",
    "ParentProcessId": "1140",
    "LogonGuid": "{A376A8F6-ECB5-5A9C-0000-00208AB21300}",
    "FileVersion": "58.0.2",
    "Description": "Firefox",
    "IntegrityLevel": "Low",
    "ProcessId": "1752",
    "LogonId": "0x13b28a",
    "Image": "C:\\Program Files\\Mozilla Firefox\\firefox.exe"
  },
  "level": "정보",
  "event_id": 1,
  "user": {
    "identifier": "S-1-5-18",
    "name": "SYSTEM",
    "domain": "NT AUTHORITY",
    "type": "Well Known Group"
  },
  "provider_guid": "{5770385F-C22A-43E0-BF4C-06F5698FFBD9}",
  "beat": {
    "name": "DESKTOP-WJANG",
    "hostname": "DESKTOP-WJANG",
    "version": "6.2.2"
  },
  "source_name": "Microsoft-Windows-Sysmon",
  "record_number": "155",
  "process_id": 8608,
  "log_name": "Microsoft-Windows-Sysmon/Operational",
  "computer_name": "DESKTOP-WJANG",
  "version": 5,
  "message": "Process Create:\nUtcTime: 2018-03-05 07:29:10.233\nProcessGuid: {A376A8F6-F1C6-5A9C-0000-0010A4B30203}\nProcessId: 1752\nImage: C:\\Program Files\\Mozilla Firefox\\firefox.exe\nFileVersion: 58.0.2\nDescription: Firefox\nProduct: Firefox\nCompany: Mozilla Corporation\nCommandLine: \"C:\\Program Files\\Mozilla Firefox\\firefox.exe\" -contentproc --channel=\"1140.20.2111052322\\1986046402\" -childID 3 -isForBrowser -intPrefs 5:50|6:-1|28:1000|34:20|35:5|36:10|45:128|46:10000|51:0|53:400|54:1|55:0|56:0|61:0|62:120|63:120|99:2|100:1|115:5000|125:0|127:0|138:10000|150:-1|158:24|159:32768|161:0|162:0|170:2|174:1048576|175:100|176:5000|178:600|180:1|188:20|191:4|195:0|204:60000| -boolPrefs 1:0|2:0|4:0|26:1|27:1|30:0|33:1|37:1|38:0|39:0|40:0|43:1|44:1|47:0|48:0|49:0|50:0|52:0|57:1|58:1|59:0|60:1|64:1|65:1|66:0|67:1|68:1|69:0|70:1|73:0|74:0|77:1|78:1|82:1|83:1|84:0|85:0|86:0|88:0|89:0|90:1|91:1|92:1|95:1|96:0|98:0|101:1|102:0|109:0|114:0|117:1|120:1|122:1|126:0|129:1|132:1|133:1|139:1|140:0|141:1|143:0|149:0|151:1|152:0|153:1|156:0|157:0|160:1|163:0|165:1|167:1|168:0|177:1|182:0|183:0|184:0|185:1|186:0|187:0|189:1|190:1|193:0|196:0|197:0|198:1|199:1|200:0|201:1|202:1|203:1|205:0|206:0|208:0|217:1|218:1|219:0|220:0|221:0| -stringPrefs \"3:7;release|97:0;|142:3;1.0|154:332;  ¼½¾ǃː̷̸։֊׃״؉؊٪۔܁܂܃܄ᅟᅠ᜵           ​‎‏‐’․‧\u2028\u2029‪‫‬‭‮ ‹›⁁⁄⁒ ⅓⅔⅕⅖⅗⅘⅙⅚⅛⅜⅝⅞⅟∕∶⎮╱⧶⧸⫻⫽⿰⿱⿲⿳⿴⿵⿶⿷⿸⿹⿺⿻　。〔〕〳゠ㅤ㈝㈞㎮㎯㏆㏟꞉︔︕︿﹝﹞﻿．／｡ﾠ￹￺￻￼�|155:4;high|192:38;{0aa63d4b-0bc0-4754-bd4a-1e621ca9132f}|\" -schedulerPrefs 0001,2 -greomni \"C:\\Program Files\\Mozilla Firefox\\omni.ja\" -appomni \"C:\\Program Files\\Mozilla Firefox\\browser\\omni.ja\" -appdir \"C:\\Program Files\\Mozilla Firefox\\browser\"  1140 \"\\\\.\\pipe\\gecko-crash-server-pipe.1140\" tab\nCurrentDirectory: C:\\Program Files\\Mozilla Firefox\\\nUser: DESKTOP-WJANG\\wook8170\nLogonGuid: {A376A8F6-ECB5-5A9C-0000-00208AB21300}\nLogonId: 0x13B28A\nTerminalSessionId: 1\nIntegrityLevel: Low\nHashes: MD5=22819EB3C648583352AE83003E4C9A56,SHA256=4B69AE5B7D548EFC56FDBE2E650CE2B519AE0C9C928640023077B956C51A7138\nParentProcessGuid: {A376A8F6-F1C3-5A9C-0000-0010B3D10003}\nParentProcessId: 1140\nParentImage: C:\\Program Files\\Mozilla Firefox\\firefox.exe\nParentCommandLine: \"C:\\Program Files\\Mozilla Firefox\\firefox.exe\" ",
  "opcode": "정보",
  "thread_id": 19220
}
{
  "@timestamp": "2018-03-05T07:29:11.008Z",
  "@metadata": {
    "beat": "winlogbeat",
    "type": "doc",
    "version": "6.2.2"
  },
  "provider_guid": "{5770385F-C22A-43E0-BF4C-06F5698FFBD9}",
  "version": 5,
  "process_id": 8608,
  "beat": {
    "name": "DESKTOP-WJANG",
    "hostname": "DESKTOP-WJANG",
    "version": "6.2.2"
  },
  "record_number": "156",
  "type": "wineventlog",
  "task": "Network connection detected (rule: NetworkConnect)",
  "level": "정보",
  "event_id": 3,
  "source_name": "Microsoft-Windows-Sysmon",
  "opcode": "정보",
  "thread_id": 23856,
  "message": "Network connection detected:\nUtcTime: 2018-03-05 07:29:09.307\nProcessGuid: {A376A8F6-F1C5-5A9C-0000-0010BAF30103}\nProcessId: 14440\nImage: C:\\Program Files\\Mozilla Firefox\\firefox.exe\nUser: DESKTOP-WJANG\\wook8170\nProtocol: tcp\nInitiated: true\nSourceIsIpv6: false\nSourceIp: 127.0.0.1\nSourceHostname: wook.com\nSourcePort: 2328\nSourcePortName: \nDestinationIsIpv6: false\nDestinationIp: 127.0.0.1\nDestinationHostname: wook.com\nDestinationPort: 2327\nDestinationPortName: ",
  "user": {
    "name": "SYSTEM",
    "domain": "NT AUTHORITY",
    "type": "Well Known Group",
    "identifier": "S-1-5-18"
  },
  "event_data": {
    "UtcTime": "2018-03-05 07:29:09.307",
    "SourceIsIpv6": "false",
    "DestinationIp": "127.0.0.1",
    "DestinationPort": "2327",
    "Initiated": "true",
    "SourcePort": "2328",
    "ProcessGuid": "{A376A8F6-F1C5-5A9C-0000-0010BAF30103}",
    "DestinationHostname": "wook.com",
    "SourceHostname": "wook.com",
    "ProcessId": "14440",
    "User": "DESKTOP-WJANG\\wook8170",
    "DestinationIsIpv6": "false",
    "Image": "C:\\Program Files\\Mozilla Firefox\\firefox.exe",
    "SourceIp": "127.0.0.1",
    "Protocol": "tcp"
  },
  "log_name": "Microsoft-Windows-Sysmon/Operational",
  "computer_name": "DESKTOP-WJANG"
}
{
  "@timestamp": "2018-03-05T07:29:11.008Z",
  "@metadata": {
    "beat": "winlogbeat",
    "type": "doc",
    "version": "6.2.2"
  },
  "message": "Network connection detected:\nUtcTime: 2018-03-05 07:29:09.307\nProcessGuid: {A376A8F6-F1C5-5A9C-0000-0010BAF30103}\nProcessId: 14440\nImage: C:\\Program Files\\Mozilla Firefox\\firefox.exe\nUser: DESKTOP-WJANG\\wook8170\nProtocol: tcp\nInitiated: false\nSourceIsIpv6: false\nSourceIp: 127.0.0.1\nSourceHostname: wook.com\nSourcePort: 2327\nSourcePortName: \nDestinationIsIpv6: false\nDestinationIp: 127.0.0.1\nDestinationHostname: wook.com\nDestinationPort: 2328\nDestinationPortName: ",
  "opcode": "정보",
  "type": "wineventlog",
  "record_number": "157",
  "provider_guid": "{5770385F-C22A-43E0-BF4C-06F5698FFBD9}",
  "beat": {
    "hostname": "DESKTOP-WJANG",
    "version": "6.2.2",
    "name": "DESKTOP-WJANG"
  },
  "version": 5,
  "event_data": {
    "UtcTime": "2018-03-05 07:29:09.307",
    "SourcePort": "2327",
    "ProcessId": "14440",
    "DestinationPort": "2328",
    "DestinationHostname": "wook.com",
    "SourceIp": "127.0.0.1",
    "DestinationIp": "127.0.0.1",
    "User": "DESKTOP-WJANG\\wook8170",
    "Protocol": "tcp",
    "Initiated": "false",
    "DestinationIsIpv6": "false",
    "SourceIsIpv6": "false",
    "Image": "C:\\Program Files\\Mozilla Firefox\\firefox.exe",
    "ProcessGuid": "{A376A8F6-F1C5-5A9C-0000-0010BAF30103}",
    "SourceHostname": "wook.com"
  },
  "source_name": "Microsoft-Windows-Sysmon",
  "log_name": "Microsoft-Windows-Sysmon/Operational",
  "computer_name": "DESKTOP-WJANG",
  "event_id": 3,
  "task": "Network connection detected (rule: NetworkConnect)",
  "process_id": 8608,
  "user": {
    "identifier": "S-1-5-18",
    "name": "SYSTEM",
    "domain": "NT AUTHORITY",
    "type": "Well Known Group"
  },
  "level": "정보",
  "thread_id": 23856
}
{
  "@timestamp": "2018-03-05T07:29:11.008Z",
  "@metadata": {
    "beat": "winlogbeat",
    "type": "doc",
    "version": "6.2.2"
  },
  "version": 5,
  "event_data": {
    "SourcePort": "2330",
    "SourceHostname": "wook.com",
    "UtcTime": "2018-03-05 07:29:09.389",
    "Initiated": "true",
    "SourceIsIpv6": "false",
    "DestinationIsIpv6": "false",
    "DestinationHostname": "wook.com",
    "Image": "C:\\Program Files\\Mozilla Firefox\\firefox.exe",
    "User": "DESKTOP-WJANG\\wook8170",
    "SourceIp": "127.0.0.1",
    "DestinationIp": "127.0.0.1",
    "ProcessId": "2332",
    "Protocol": "tcp",
    "ProcessGuid": "{A376A8F6-F1C5-5A9C-0000-001066010203}",
    "DestinationPort": "2329"
  },
  "type": "wineventlog",
  "computer_name": "DESKTOP-WJANG",
  "log_name": "Microsoft-Windows-Sysmon/Operational",
  "beat": {
    "name": "DESKTOP-WJANG",
    "hostname": "DESKTOP-WJANG",
    "version": "6.2.2"
  },
  "provider_guid": "{5770385F-C22A-43E0-BF4C-06F5698FFBD9}",
  "message": "Network connection detected:\nUtcTime: 2018-03-05 07:29:09.389\nProcessGuid: {A376A8F6-F1C5-5A9C-0000-001066010203}\nProcessId: 2332\nImage: C:\\Program Files\\Mozilla Firefox\\firefox.exe\nUser: DESKTOP-WJANG\\wook8170\nProtocol: tcp\nInitiated: true\nSourceIsIpv6: false\nSourceIp: 127.0.0.1\nSourceHostname: wook.com\nSourcePort: 2330\nSourcePortName: \nDestinationIsIpv6: false\nDestinationIp: 127.0.0.1\nDestinationHostname: wook.com\nDestinationPort: 2329\nDestinationPortName: ",
  "opcode": "정보",
  "record_number": "158",
  "event_id": 3,
  "thread_id": 23856,
  "level": "정보",
  "user": {
    "name": "SYSTEM",
    "domain": "NT AUTHORITY",
    "type": "Well Known Group",
    "identifier": "S-1-5-18"
  },
  "source_name": "Microsoft-Windows-Sysmon",
  "task": "Network connection detected (rule: NetworkConnect)",
  "process_id": 8608
}
{
  "@timestamp": "2018-03-05T07:29:11.008Z",
  "@metadata": {
    "beat": "winlogbeat",
    "type": "doc",
    "version": "6.2.2"
  },
  "event_data": {
    "User": "DESKTOP-WJANG\\wook8170",
    "Initiated": "false",
    "SourceIsIpv6": "false",
    "ProcessGuid": "{A376A8F6-F1C5-5A9C-0000-001066010203}",
    "DestinationIsIpv6": "false",
    "DestinationPort": "2330",
    "DestinationIp": "127.0.0.1",
    "SourceIp": "127.0.0.1",
    "SourcePort": "2329",
    "UtcTime": "2018-03-05 07:29:09.389",
    "Protocol": "tcp",
    "SourceHostname": "wook.com",
    "DestinationHostname": "wook.com",
    "ProcessId": "2332",
    "Image": "C:\\Program Files\\Mozilla Firefox\\firefox.exe"
  },
  "record_number": "159",
  "source_name": "Microsoft-Windows-Sysmon",
  "beat": {
    "name": "DESKTOP-WJANG",
    "hostname": "DESKTOP-WJANG",
    "version": "6.2.2"
  },
  "thread_id": 23856,
  "provider_guid": "{5770385F-C22A-43E0-BF4C-06F5698FFBD9}",
  "log_name": "Microsoft-Windows-Sysmon/Operational",
  "task": "Network connection detected (rule: NetworkConnect)",
  "level": "정보",
  "process_id": 8608,
  "version": 5,
  "message": "Network connection detected:\nUtcTime: 2018-03-05 07:29:09.389\nProcessGuid: {A376A8F6-F1C5-5A9C-0000-001066010203}\nProcessId: 2332\nImage: C:\\Program Files\\Mozilla Firefox\\firefox.exe\nUser: DESKTOP-WJANG\\wook8170\nProtocol: tcp\nInitiated: false\nSourceIsIpv6: false\nSourceIp: 127.0.0.1\nSourceHostname: wook.com\nSourcePort: 2329\nSourcePortName: \nDestinationIsIpv6: false\nDestinationIp: 127.0.0.1\nDestinationHostname: wook.com\nDestinationPort: 2330\nDestinationPortName: ",
  "opcode": "정보",
  "user": {
    "type": "Well Known Group",
    "identifier": "S-1-5-18",
    "name": "SYSTEM",
    "domain": "NT AUTHORITY"
  },
  "event_id": 3,
  "computer_name": "DESKTOP-WJANG",
  "type": "wineventlog"
}
{
  "@timestamp": "2018-03-05T07:29:11.008Z",
  "@metadata": {
    "beat": "winlogbeat",
    "type": "doc",
    "version": "6.2.2"
  },
  "level": "정보",
  "task": "Network connection detected (rule: NetworkConnect)",
  "computer_name": "DESKTOP-WJANG",
  "provider_guid": "{5770385F-C22A-43E0-BF4C-06F5698FFBD9}",
  "user": {
    "identifier": "S-1-5-18",
    "name": "SYSTEM",
    "domain": "NT AUTHORITY",
    "type": "Well Known Group"
  },
  "event_id": 3,
  "type": "wineventlog",
  "source_name": "Microsoft-Windows-Sysmon",
  "log_name": "Microsoft-Windows-Sysmon/Operational",
  "process_id": 8608,
  "message": "Network connection detected:\nUtcTime: 2018-03-05 07:29:09.716\nProcessGuid: {A376A8F6-F1C3-5A9C-0000-0010B3D10003}\nProcessId: 1140\nImage: C:\\Program Files\\Mozilla Firefox\\firefox.exe\nUser: DESKTOP-WJANG\\wook8170\nProtocol: tcp\nInitiated: true\nSourceIsIpv6: false\nSourceIp: 192.168.198.67\nSourceHostname: DESKTOP-WJANG\nSourcePort: 2331\nSourcePortName: \nDestinationIsIpv6: false\nDestinationIp: 182.162.106.43\nDestinationHostname: \nDestinationPort: 80\nDestinationPortName: http",
  "thread_id": 23856,
  "event_data": {
    "DestinationPort": "80",
    "ProcessGuid": "{A376A8F6-F1C3-5A9C-0000-0010B3D10003}",
    "Protocol": "tcp",
    "User": "DESKTOP-WJANG\\wook8170",
    "DestinationPortName": "http",
    "DestinationIsIpv6": "false",
    "DestinationIp": "182.162.106.43",
    "SourceIp": "192.168.198.67",
    "UtcTime": "2018-03-05 07:29:09.716",
    "Initiated": "true",
    "SourceIsIpv6": "false",
    "SourceHostname": "DESKTOP-WJANG",
    "SourcePort": "2331",
    "ProcessId": "1140",
    "Image": "C:\\Program Files\\Mozilla Firefox\\firefox.exe"
  },
  "opcode": "정보",
  "record_number": "160",
  "beat": {
    "name": "DESKTOP-WJANG",
    "hostname": "DESKTOP-WJANG",
    "version": "6.2.2"
  },
  "version": 5
}
{
  "@timestamp": "2018-03-05T07:29:11.008Z",
  "@metadata": {
    "beat": "winlogbeat",
    "type": "doc",
    "version": "6.2.2"
  },
  "computer_name": "DESKTOP-WJANG",
  "level": "정보",
  "event_data": {
    "Image": "C:\\Program Files\\Mozilla Firefox\\firefox.exe",
    "DestinationPortName": "http",
    "SourcePort": "2332",
    "SourceIsIpv6": "false",
    "DestinationHostname": "hkg12s11-in-f3.1e100.net",
    "DestinationIp": "216.58.200.3",
    "ProcessId": "1140",
    "UtcTime": "2018-03-05 07:29:09.964",
    "ProcessGuid": "{A376A8F6-F1C3-5A9C-0000-0010B3D10003}",
    "User": "DESKTOP-WJANG\\wook8170",
    "Protocol": "tcp",
    "SourceIp": "192.168.198.67",
    "SourceHostname": "DESKTOP-WJANG",
    "DestinationIsIpv6": "false",
    "Initiated": "true",
    "DestinationPort": "80"
  },
  "log_name": "Microsoft-Windows-Sysmon/Operational",
  "version": 5,
  "source_name": "Microsoft-Windows-Sysmon",
  "record_number": "161",
  "event_id": 3,
  "task": "Network connection detected (rule: NetworkConnect)",
  "process_id": 8608,
  "user": {
    "type": "Well Known Group",
    "identifier": "S-1-5-18",
    "name": "SYSTEM",
    "domain": "NT AUTHORITY"
  },
  "beat": {
    "name": "DESKTOP-WJANG",
    "hostname": "DESKTOP-WJANG",
    "version": "6.2.2"
  },
  "opcode": "정보",
  "message": "Network connection detected:\nUtcTime: 2018-03-05 07:29:09.964\nProcessGuid: {A376A8F6-F1C3-5A9C-0000-0010B3D10003}\nProcessId: 1140\nImage: C:\\Program Files\\Mozilla Firefox\\firefox.exe\nUser: DESKTOP-WJANG\\wook8170\nProtocol: tcp\nInitiated: true\nSourceIsIpv6: false\nSourceIp: 192.168.198.67\nSourceHostname: DESKTOP-WJANG\nSourcePort: 2332\nSourcePortName: \nDestinationIsIpv6: false\nDestinationIp: 216.58.200.3\nDestinationHostname: hkg12s11-in-f3.1e100.net\nDestinationPort: 80\nDestinationPortName: http",
  "type": "wineventlog",
  "thread_id": 23856,
  "provider_guid": "{5770385F-C22A-43E0-BF4C-06F5698FFBD9}"
}
{
  "@timestamp": "2018-03-05T07:29:11.027Z",
  "@metadata": {
    "beat": "winlogbeat",
    "type": "doc",
    "version": "6.2.2"
  },
  "level": "정보",
  "process_id": 8608,
  "message": "Process terminated:\nUtcTime: 2018-03-05 07:29:11.026\nProcessGuid: {A376A8F6-F1C5-5A9C-0000-001066010203}\nProcessId: 2332\nImage: C:\\Program Files\\Mozilla Firefox\\firefox.exe",
  "record_number": "162",
  "task": "Process terminated (rule: ProcessTerminate)",
  "log_name": "Microsoft-Windows-Sysmon/Operational",
  "version": 3,
  "event_data": {
    "UtcTime": "2018-03-05 07:29:11.026",
    "ProcessGuid": "{A376A8F6-F1C5-5A9C-0000-001066010203}",
    "ProcessId": "2332",
    "Image": "C:\\Program Files\\Mozilla Firefox\\firefox.exe"
  },
  "beat": {
    "name": "DESKTOP-WJANG",
    "hostname": "DESKTOP-WJANG",
    "version": "6.2.2"
  },
  "computer_name": "DESKTOP-WJANG",
  "event_id": 5,
  "type": "wineventlog",
  "opcode": "정보",
  "source_name": "Microsoft-Windows-Sysmon",
  "provider_guid": "{5770385F-C22A-43E0-BF4C-06F5698FFBD9}",
  "thread_id": 19220,
  "user": {
    "identifier": "S-1-5-18",
    "name": "SYSTEM",
    "domain": "NT AUTHORITY",
    "type": "Well Known Group"
  }
}
{
  "@timestamp": "2018-03-05T07:29:11.035Z",
  "@metadata": {
    "beat": "winlogbeat",
    "type": "doc",
    "version": "6.2.2"
  },
  "version": 3,
  "level": "정보",
  "user": {
    "type": "Well Known Group",
    "identifier": "S-1-5-18",
    "name": "SYSTEM",
    "domain": "NT AUTHORITY"
  },
  "event_data": {
    "Image": "C:\\Program Files\\Mozilla Firefox\\firefox.exe",
    "UtcTime": "2018-03-05 07:29:11.034",
    "ProcessGuid": "{A376A8F6-F1C5-5A9C-0000-0010BAF30103}",
    "ProcessId": "14440"
  },
  "opcode": "정보",
  "beat": {
    "name": "DESKTOP-WJANG",
    "hostname": "DESKTOP-WJANG",
    "version": "6.2.2"
  },
  "process_id": 8608,
  "record_number": "163",
  "provider_guid": "{5770385F-C22A-43E0-BF4C-06F5698FFBD9}",
  "computer_name": "DESKTOP-WJANG",
  "source_name": "Microsoft-Windows-Sysmon",
  "task": "Process terminated (rule: ProcessTerminate)",
  "event_id": 5,
  "message": "Process terminated:\nUtcTime: 2018-03-05 07:29:11.034\nProcessGuid: {A376A8F6-F1C5-5A9C-0000-0010BAF30103}\nProcessId: 14440\nImage: C:\\Program Files\\Mozilla Firefox\\firefox.exe",
  "type": "wineventlog",
  "log_name": "Microsoft-Windows-Sysmon/Operational",
  "thread_id": 19220
}
{
  "@timestamp": "2018-03-05T07:29:11.047Z",
  "@metadata": {
    "beat": "winlogbeat",
    "type": "doc",
    "version": "6.2.2"
  },
  "event_id": 5,
  "level": "정보",
  "user": {
    "identifier": "S-1-5-18",
    "name": "SYSTEM",
    "domain": "NT AUTHORITY",
    "type": "Well Known Group"
  },
  "type": "wineventlog",
  "computer_name": "DESKTOP-WJANG",
  "version": 3,
  "log_name": "Microsoft-Windows-Sysmon/Operational",
  "opcode": "정보",
  "provider_guid": "{5770385F-C22A-43E0-BF4C-06F5698FFBD9}",
  "event_data": {
    "UtcTime": "2018-03-05 07:29:11.046",
    "ProcessGuid": "{A376A8F6-F1C6-5A9C-0000-0010A4B30203}",
    "ProcessId": "1752",
    "Image": "C:\\Program Files\\Mozilla Firefox\\firefox.exe"
  },
  "source_name": "Microsoft-Windows-Sysmon",
  "beat": {
    "hostname": "DESKTOP-WJANG",
    "version": "6.2.2",
    "name": "DESKTOP-WJANG"
  },
  "thread_id": 19220,
  "task": "Process terminated (rule: ProcessTerminate)",
  "process_id": 8608,
  "message": "Process terminated:\nUtcTime: 2018-03-05 07:29:11.046\nProcessGuid: {A376A8F6-F1C6-5A9C-0000-0010A4B30203}\nProcessId: 1752\nImage: C:\\Program Files\\Mozilla Firefox\\firefox.exe",
  "record_number": "164"
}
{
  "@timestamp": "2018-03-05T07:29:11.254Z",
  "@metadata": {
    "beat": "winlogbeat",
    "type": "doc",
    "version": "6.2.2"
  },
  "log_name": "Microsoft-Windows-Sysmon/Operational",
  "source_name": "Microsoft-Windows-Sysmon",
  "provider_guid": "{5770385F-C22A-43E0-BF4C-06F5698FFBD9}",
  "version": 3,
  "message": "Process terminated:\nUtcTime: 2018-03-05 07:29:11.253\nProcessGuid: {A376A8F6-F1C4-5A9C-0000-00109E680103}\nProcessId: 23812\nImage: C:\\Program Files\\Mozilla Firefox\\firefox.exe",
  "event_id": 5,
  "level": "정보",
  "opcode": "정보",
  "record_number": "165",
  "beat": {
    "name": "DESKTOP-WJANG",
    "hostname": "DESKTOP-WJANG",
    "version": "6.2.2"
  },
  "user": {
    "identifier": "S-1-5-18",
    "name": "SYSTEM",
    "domain": "NT AUTHORITY",
    "type": "Well Known Group"
  },
  "event_data": {
    "ProcessId": "23812",
    "Image": "C:\\Program Files\\Mozilla Firefox\\firefox.exe",
    "UtcTime": "2018-03-05 07:29:11.253",
    "ProcessGuid": "{A376A8F6-F1C4-5A9C-0000-00109E680103}"
  },
  "process_id": 8608,
  "type": "wineventlog",
  "task": "Process terminated (rule: ProcessTerminate)",
  "thread_id": 19220,
  "computer_name": "DESKTOP-WJANG"
}
{
  "@timestamp": "2018-03-05T07:29:11.459Z",
  "@metadata": {
    "beat": "winlogbeat",
    "type": "doc",
    "version": "6.2.2"
  },
  "record_number": "166",
  "version": 3,
  "log_name": "Microsoft-Windows-Sysmon/Operational",
  "level": "정보",
  "thread_id": 19220,
  "computer_name": "DESKTOP-WJANG",
  "event_data": {
    "UtcTime": "2018-03-05 07:29:11.459",
    "ProcessGuid": "{A376A8F6-F1C3-5A9C-0000-0010B3D10003}",
    "ProcessId": "1140",
    "Image": "C:\\Program Files\\Mozilla Firefox\\firefox.exe"
  },
  "task": "Process terminated (rule: ProcessTerminate)",
  "process_id": 8608,
  "provider_guid": "{5770385F-C22A-43E0-BF4C-06F5698FFBD9}",
  "user": {
    "type": "Well Known Group",
    "identifier": "S-1-5-18",
    "name": "SYSTEM",
    "domain": "NT AUTHORITY"
  },
  "type": "wineventlog",
  "beat": {
    "version": "6.2.2",
    "name": "DESKTOP-WJANG",
    "hostname": "DESKTOP-WJANG"
  },
  "message": "Process terminated:\nUtcTime: 2018-03-05 07:29:11.459\nProcessGuid: {A376A8F6-F1C3-5A9C-0000-0010B3D10003}\nProcessId: 1140\nImage: C:\\Program Files\\Mozilla Firefox\\firefox.exe",
  "source_name": "Microsoft-Windows-Sysmon",
  "event_id": 5,
  "opcode": "정보"
}
{
  "@timestamp": "2018-03-05T07:29:11.509Z",
  "@metadata": {
    "beat": "winlogbeat",
    "type": "doc",
    "version": "6.2.2"
  },
  "opcode": "정보",
  "computer_name": "DESKTOP-WJANG",
  "record_number": "167",
  "type": "wineventlog",
  "provider_guid": "{5770385F-C22A-43E0-BF4C-06F5698FFBD9}",
  "event_data": {
    "Initiated": "true",
    "SourceIp": "127.0.0.1",
    "DestinationIp": "127.0.0.1",
    "UtcTime": "2018-03-05 07:29:10.265",
    "User": "DESKTOP-WJANG\\wook8170",
    "SourcePort": "2335",
    "DestinationHostname": "wook.com",
    "ProcessId": "1140",
    "SourceHostname": "wook.com",
    "Protocol": "tcp",
    "SourceIsIpv6": "false",
    "ProcessGuid": "{A376A8F6-F1C3-5A9C-0000-0010B3D10003}",
    "Image": "C:\\Program Files\\Mozilla Firefox\\firefox.exe",
    "DestinationPort": "1553",
    "DestinationIsIpv6": "false"
  },
  "thread_id": 23856,
  "user": {
    "name": "SYSTEM",
    "domain": "NT AUTHORITY",
    "type": "Well Known Group",
    "identifier": "S-1-5-18"
  },
  "log_name": "Microsoft-Windows-Sysmon/Operational",
  "version": 5,
  "level": "정보",
  "message": "Network connection detected:\nUtcTime: 2018-03-05 07:29:10.265\nProcessGuid: {A376A8F6-F1C3-5A9C-0000-0010B3D10003}\nProcessId: 1140\nImage: C:\\Program Files\\Mozilla Firefox\\firefox.exe\nUser: DESKTOP-WJANG\\wook8170\nProtocol: tcp\nInitiated: true\nSourceIsIpv6: false\nSourceIp: 127.0.0.1\nSourceHostname: wook.com\nSourcePort: 2335\nSourcePortName: \nDestinationIsIpv6: false\nDestinationIp: 127.0.0.1\nDestinationHostname: wook.com\nDestinationPort: 1553\nDestinationPortName: ",
  "process_id": 8608,
  "event_id": 3,
  "task": "Network connection detected (rule: NetworkConnect)",
  "beat": {
    "name": "DESKTOP-WJANG",
    "hostname": "DESKTOP-WJANG",
    "version": "6.2.2"
  },
  "source_name": "Microsoft-Windows-Sysmon"
}
{
  "@timestamp": "2018-03-05T07:29:11.509Z",
  "@metadata": {
    "beat": "winlogbeat",
    "type": "doc",
    "version": "6.2.2"
  },
  "event_data": {
    "SourceIsIpv6": "false",
    "DestinationHostname": "wook.com",
    "DestinationPort": "2336",
    "UtcTime": "2018-03-05 07:29:10.382",
    "SourceHostname": "wook.com",
    "User": "DESKTOP-WJANG\\wook8170",
    "SourceIp": "127.0.0.1",
    "Protocol": "tcp",
    "ProcessGuid": "{A376A8F6-F1C6-5A9C-0000-0010A4B30203}",
    "DestinationIp": "127.0.0.1",
    "Image": "C:\\Program Files\\Mozilla Firefox\\firefox.exe",
    "Initiated": "true",
    "SourcePort": "2337",
    "DestinationIsIpv6": "false",
    "ProcessId": "1752"
  },
  "log_name": "Microsoft-Windows-Sysmon/Operational",
  "process_id": 8608,
  "thread_id": 23856,
  "beat": {
    "name": "DESKTOP-WJANG",
    "hostname": "DESKTOP-WJANG",
    "version": "6.2.2"
  },
  "computer_name": "DESKTOP-WJANG",
  "task": "Network connection detected (rule: NetworkConnect)",
  "level": "정보",
  "source_name": "Microsoft-Windows-Sysmon",
  "provider_guid": "{5770385F-C22A-43E0-BF4C-06F5698FFBD9}",
  "event_id": 3,
  "message": "Network connection detected:\nUtcTime: 2018-03-05 07:29:10.382\nProcessGuid: {A376A8F6-F1C6-5A9C-0000-0010A4B30203}\nProcessId: 1752\nImage: C:\\Program Files\\Mozilla Firefox\\firefox.exe\nUser: DESKTOP-WJANG\\wook8170\nProtocol: tcp\nInitiated: true\nSourceIsIpv6: false\nSourceIp: 127.0.0.1\nSourceHostname: wook.com\nSourcePort: 2337\nSourcePortName: \nDestinationIsIpv6: false\nDestinationIp: 127.0.0.1\nDestinationHostname: wook.com\nDestinationPort: 2336\nDestinationPortName: ",
  "type": "wineventlog",
  "record_number": "168",
  "opcode": "정보",
  "user": {
    "identifier": "S-1-5-18",
    "name": "SYSTEM",
    "domain": "NT AUTHORITY",
    "type": "Well Known Group"
  },
  "version": 5
}
{
  "@timestamp": "2018-03-05T07:29:11.509Z",
  "@metadata": {
    "beat": "winlogbeat",
    "type": "doc",
    "version": "6.2.2"
  },
  "event_id": 3,
  "level": "정보",
  "message": "Network connection detected:\nUtcTime: 2018-03-05 07:29:10.382\nProcessGuid: {A376A8F6-F1C6-5A9C-0000-0010A4B30203}\nProcessId: 1752\nImage: C:\\Program Files\\Mozilla Firefox\\firefox.exe\nUser: DESKTOP-WJANG\\wook8170\nProtocol: tcp\nInitiated: false\nSourceIsIpv6: false\nSourceIp: 127.0.0.1\nSourceHostname: wook.com\nSourcePort: 2336\nSourcePortName: \nDestinationIsIpv6: false\nDestinationIp: 127.0.0.1\nDestinationHostname: wook.com\nDestinationPort: 2337\nDestinationPortName: ",
  "log_name": "Microsoft-Windows-Sysmon/Operational",
  "task": "Network connection detected (rule: NetworkConnect)",
  "computer_name": "DESKTOP-WJANG",
  "source_name": "Microsoft-Windows-Sysmon",
  "beat": {
    "name": "DESKTOP-WJANG",
    "hostname": "DESKTOP-WJANG",
    "version": "6.2.2"
  },
  "opcode": "정보",
  "event_data": {
    "Initiated": "false",
    "SourceHostname": "wook.com",
    "SourcePort": "2336",
    "DestinationPort": "2337",
    "DestinationHostname": "wook.com",
    "ProcessId": "1752",
    "User": "DESKTOP-WJANG\\wook8170",
    "SourceIp": "127.0.0.1",
    "Protocol": "tcp",
    "UtcTime": "2018-03-05 07:29:10.382",
    "DestinationIp": "127.0.0.1",
    "Image": "C:\\Program Files\\Mozilla Firefox\\firefox.exe",
    "DestinationIsIpv6": "false",
    "ProcessGuid": "{A376A8F6-F1C6-5A9C-0000-0010A4B30203}",
    "SourceIsIpv6": "false"
  },
  "process_id": 8608,
  "user": {
    "type": "Well Known Group",
    "identifier": "S-1-5-18",
    "name": "SYSTEM",
    "domain": "NT AUTHORITY"
  },
  "provider_guid": "{5770385F-C22A-43E0-BF4C-06F5698FFBD9}",
  "version": 5,
  "thread_id": 23856,
  "type": "wineventlog",
  "record_number": "169"
}
{
  "@timestamp": "2018-03-05T07:29:11.509Z",
  "@metadata": {
    "beat": "winlogbeat",
    "type": "doc",
    "version": "6.2.2"
  },
  "event_id": 3,
  "message": "Network connection detected:\nUtcTime: 2018-03-05 07:29:10.395\nProcessGuid: {A376A8F6-F1C3-5A9C-0000-0010B3D10003}\nProcessId: 1140\nImage: C:\\Program Files\\Mozilla Firefox\\firefox.exe\nUser: DESKTOP-WJANG\\wook8170\nProtocol: tcp\nInitiated: true\nSourceIsIpv6: false\nSourceIp: 192.168.198.67\nSourceHostname: DESKTOP-WJANG\nSourcePort: 2333\nSourcePortName: \nDestinationIsIpv6: false\nDestinationIp: 52.39.131.77\nDestinationHostname: ec2-52-39-131-77.us-west-2.compute.amazonaws.com\nDestinationPort: 443\nDestinationPortName: https",
  "source_name": "Microsoft-Windows-Sysmon",
  "event_data": {
    "DestinationIp": "52.39.131.77",
    "Initiated": "true",
    "DestinationIsIpv6": "false",
    "ProcessGuid": "{A376A8F6-F1C3-5A9C-0000-0010B3D10003}",
    "DestinationPort": "443",
    "User": "DESKTOP-WJANG\\wook8170",
    "Protocol": "tcp",
    "SourcePort": "2333",
    "SourceIsIpv6": "false",
    "SourceIp": "192.168.198.67",
    "Image": "C:\\Program Files\\Mozilla Firefox\\firefox.exe",
    "DestinationPortName": "https",
    "UtcTime": "2018-03-05 07:29:10.395",
    "SourceHostname": "DESKTOP-WJANG",
    "DestinationHostname": "ec2-52-39-131-77.us-west-2.compute.amazonaws.com",
    "ProcessId": "1140"
  },
  "thread_id": 23856,
  "opcode": "정보",
  "log_name": "Microsoft-Windows-Sysmon/Operational",
  "user": {
    "identifier": "S-1-5-18",
    "name": "SYSTEM",
    "domain": "NT AUTHORITY",
    "type": "Well Known Group"
  },
  "version": 5,
  "beat": {
    "hostname": "DESKTOP-WJANG",
    "version": "6.2.2",
    "name": "DESKTOP-WJANG"
  },
  "computer_name": "DESKTOP-WJANG",
  "record_number": "170",
  "provider_guid": "{5770385F-C22A-43E0-BF4C-06F5698FFBD9}",
  "level": "정보",
  "task": "Network connection detected (rule: NetworkConnect)",
  "type": "wineventlog",
  "process_id": 8608
}
{
  "@timestamp": "2018-03-05T07:29:11.509Z",
  "@metadata": {
    "beat": "winlogbeat",
    "type": "doc",
    "version": "6.2.2"
  },
  "source_name": "Microsoft-Windows-Sysmon",
  "task": "Network connection detected (rule: NetworkConnect)",
  "thread_id": 23856,
  "event_data": {
    "DestinationHostname": "ec2-34-208-68-96.us-west-2.compute.amazonaws.com",
    "ProcessId": "1140",
    "Image": "C:\\Program Files\\Mozilla Firefox\\firefox.exe",
    "DestinationIp": "34.208.68.96",
    "User": "DESKTOP-WJANG\\wook8170",
    "Protocol": "tcp",
    "Initiated": "true",
    "DestinationIsIpv6": "false",
    "DestinationPortName": "https",
    "UtcTime": "2018-03-05 07:29:10.407",
    "SourcePort": "2334",
    "ProcessGuid": "{A376A8F6-F1C3-5A9C-0000-0010B3D10003}",
    "SourceHostname": "DESKTOP-WJANG",
    "DestinationPort": "443",
    "SourceIsIpv6": "false",
    "SourceIp": "192.168.198.67"
  },
  "message": "Network connection detected:\nUtcTime: 2018-03-05 07:29:10.407\nProcessGuid: {A376A8F6-F1C3-5A9C-0000-0010B3D10003}\nProcessId: 1140\nImage: C:\\Program Files\\Mozilla Firefox\\firefox.exe\nUser: DESKTOP-WJANG\\wook8170\nProtocol: tcp\nInitiated: true\nSourceIsIpv6: false\nSourceIp: 192.168.198.67\nSourceHostname: DESKTOP-WJANG\nSourcePort: 2334\nSourcePortName: \nDestinationIsIpv6: false\nDestinationIp: 34.208.68.96\nDestinationHostname: ec2-34-208-68-96.us-west-2.compute.amazonaws.com\nDestinationPort: 443\nDestinationPortName: https",
  "user": {
    "domain": "NT AUTHORITY",
    "type": "Well Known Group",
    "identifier": "S-1-5-18",
    "name": "SYSTEM"
  },
  "computer_name": "DESKTOP-WJANG",
  "level": "정보",
  "opcode": "정보",
  "record_number": "171",
  "log_name": "Microsoft-Windows-Sysmon/Operational",
  "event_id": 3,
  "type": "wineventlog",
  "provider_guid": "{5770385F-C22A-43E0-BF4C-06F5698FFBD9}",
  "version": 5,
  "process_id": 8608,
  "beat": {
    "version": "6.2.2",
    "name": "DESKTOP-WJANG",
    "hostname": "DESKTOP-WJANG"
  }
}
{
  "@timestamp": "2018-03-05T07:29:11.509Z",
  "@metadata": {
    "beat": "winlogbeat",
    "type": "doc",
    "version": "6.2.2"
  },
  "opcode": "정보",
  "process_id": 8608,
  "source_name": "Microsoft-Windows-Sysmon",
  "provider_guid": "{5770385F-C22A-43E0-BF4C-06F5698FFBD9}",
  "user": {
    "identifier": "S-1-5-18",
    "name": "SYSTEM",
    "domain": "NT AUTHORITY",
    "type": "Well Known Group"
  },
  "type": "wineventlog",
  "log_name": "Microsoft-Windows-Sysmon/Operational",
  "version": 5,
  "task": "Network connection detected (rule: NetworkConnect)",
  "event_id": 3,
  "level": "정보",
  "beat": {
    "name": "DESKTOP-WJANG",
    "hostname": "DESKTOP-WJANG",
    "version": "6.2.2"
  },
  "record_number": "172",
  "message": "Network connection detected:\nUtcTime: 2018-03-05 07:29:10.481\nProcessGuid: {A376A8F6-F1C3-5A9C-0000-0010B3D10003}\nProcessId: 1140\nImage: C:\\Program Files\\Mozilla Firefox\\firefox.exe\nUser: DESKTOP-WJANG\\wook8170\nProtocol: tcp\nInitiated: true\nSourceIsIpv6: false\nSourceIp: 192.168.198.67\nSourceHostname: DESKTOP-WJANG\nSourcePort: 2338\nSourcePortName: \nDestinationIsIpv6: false\nDestinationIp: 35.186.213.138\nDestinationHostname: 138.213.186.35.bc.googleusercontent.com\nDestinationPort: 443\nDestinationPortName: https",
  "thread_id": 23856,
  "event_data": {
    "SourceIp": "192.168.198.67",
    "SourceHostname": "DESKTOP-WJANG",
    "UtcTime": "2018-03-05 07:29:10.481",
    "SourceIsIpv6": "false",
    "DestinationIsIpv6": "false",
    "ProcessId": "1140",
    "SourcePort": "2338",
    "DestinationIp": "35.186.213.138",
    "DestinationPortName": "https",
    "User": "DESKTOP-WJANG\\wook8170",
    "DestinationPort": "443",
    "ProcessGuid": "{A376A8F6-F1C3-5A9C-0000-0010B3D10003}",
    "Initiated": "true",
    "DestinationHostname": "138.213.186.35.bc.googleusercontent.com",
    "Protocol": "tcp",
    "Image": "C:\\Program Files\\Mozilla Firefox\\firefox.exe"
  },
  "computer_name": "DESKTOP-WJANG"
}
{
  "@timestamp": "2018-03-05T07:29:11.760Z",
  "@metadata": {
    "beat": "winlogbeat",
    "type": "doc",
    "version": "6.2.2"
  },
  "record_number": "173",
  "event_id": 3,
  "provider_guid": "{5770385F-C22A-43E0-BF4C-06F5698FFBD9}",
  "event_data": {
    "Initiated": "true",
    "DestinationHostname": "hkg12s11-in-f3.1e100.net",
    "ProcessId": "1140",
    "SourceIsIpv6": "false",
    "SourcePort": "2339",
    "DestinationPortName": "https",
    "ProcessGuid": "{A376A8F6-F1C3-5A9C-0000-0010B3D10003}",
    "User": "DESKTOP-WJANG\\wook8170",
    "SourceHostname": "DESKTOP-WJANG",
    "DestinationIp": "216.58.200.3",
    "DestinationIsIpv6": "false",
    "SourceIp": "192.168.198.67",
    "Protocol": "tcp",
    "DestinationPort": "443",
    "UtcTime": "2018-03-05 07:29:10.517",
    "Image": "C:\\Program Files\\Mozilla Firefox\\firefox.exe"
  },
  "source_name": "Microsoft-Windows-Sysmon",
  "task": "Network connection detected (rule: NetworkConnect)",
  "beat": {
    "hostname": "DESKTOP-WJANG",
    "version": "6.2.2",
    "name": "DESKTOP-WJANG"
  },
  "user": {
    "identifier": "S-1-5-18",
    "name": "SYSTEM",
    "domain": "NT AUTHORITY",
    "type": "Well Known Group"
  },
  "message": "Network connection detected:\nUtcTime: 2018-03-05 07:29:10.517\nProcessGuid: {A376A8F6-F1C3-5A9C-0000-0010B3D10003}\nProcessId: 1140\nImage: C:\\Program Files\\Mozilla Firefox\\firefox.exe\nUser: DESKTOP-WJANG\\wook8170\nProtocol: tcp\nInitiated: true\nSourceIsIpv6: false\nSourceIp: 192.168.198.67\nSourceHostname: DESKTOP-WJANG\nSourcePort: 2339\nSourcePortName: \nDestinationIsIpv6: false\nDestinationIp: 216.58.200.3\nDestinationHostname: hkg12s11-in-f3.1e100.net\nDestinationPort: 443\nDestinationPortName: https",
  "log_name": "Microsoft-Windows-Sysmon/Operational",
  "process_id": 8608,
  "type": "wineventlog",
  "thread_id": 23856,
  "computer_name": "DESKTOP-WJANG",
  "level": "정보",
  "version": 5,
  "opcode": "정보"
}
{
  "@timestamp": "2018-03-05T07:29:11.760Z",
  "@metadata": {
    "beat": "winlogbeat",
    "type": "doc",
    "version": "6.2.2"
  },
  "source_name": "Microsoft-Windows-Sysmon",
  "provider_guid": "{5770385F-C22A-43E0-BF4C-06F5698FFBD9}",
  "thread_id": 23856,
  "level": "정보",
  "message": "Network connection detected:\nUtcTime: 2018-03-05 07:29:10.523\nProcessGuid: {A376A8F6-F1C3-5A9C-0000-0010B3D10003}\nProcessId: 1140\nImage: C:\\Program Files\\Mozilla Firefox\\firefox.exe\nUser: DESKTOP-WJANG\\wook8170\nProtocol: tcp\nInitiated: true\nSourceIsIpv6: false\nSourceIp: 192.168.198.67\nSourceHostname: DESKTOP-WJANG\nSourcePort: 2340\nSourcePortName: \nDestinationIsIpv6: false\nDestinationIp: 117.18.237.29\nDestinationHostname: \nDestinationPort: 80\nDestinationPortName: http",
  "user": {
    "identifier": "S-1-5-18",
    "name": "SYSTEM",
    "domain": "NT AUTHORITY",
    "type": "Well Known Group"
  },
  "record_number": "174",
  "event_id": 3,
  "opcode": "정보",
  "log_name": "Microsoft-Windows-Sysmon/Operational",
  "beat": {
    "name": "DESKTOP-WJANG",
    "hostname": "DESKTOP-WJANG",
    "version": "6.2.2"
  },
  "event_data": {
    "User": "DESKTOP-WJANG\\wook8170",
    "DestinationIsIpv6": "false",
    "Initiated": "true",
    "ProcessGuid": "{A376A8F6-F1C3-5A9C-0000-0010B3D10003}",
    "SourceIp": "192.168.198.67",
    "SourceIsIpv6": "false",
    "DestinationPortName": "http",
    "SourcePort": "2340",
    "Protocol": "tcp",
    "UtcTime": "2018-03-05 07:29:10.523",
    "SourceHostname": "DESKTOP-WJANG",
    "DestinationPort": "80",
    "DestinationIp": "117.18.237.29",
    "ProcessId": "1140",
    "Image": "C:\\Program Files\\Mozilla Firefox\\firefox.exe"
  },
  "computer_name": "DESKTOP-WJANG",
  "task": "Network connection detected (rule: NetworkConnect)",
  "process_id": 8608,
  "type": "wineventlog",
  "version": 5
}
{
  "@timestamp": "2018-03-05T07:29:11.760Z",
  "@metadata": {
    "beat": "winlogbeat",
    "type": "doc",
    "version": "6.2.2"
  },
  "event_data": {
    "User": "DESKTOP-WJANG\\wook8170",
    "Initiated": "true",
    "SourcePort": "2341",
    "Protocol": "tcp",
    "DestinationPort": "80",
    "SourceIp": "192.168.198.67",
    "ProcessId": "1140",
    "Image": "C:\\Program Files\\Mozilla Firefox\\firefox.exe",
    "DestinationIsIpv6": "false",
    "ProcessGuid": "{A376A8F6-F1C3-5A9C-0000-0010B3D10003}",
    "SourceHostname": "DESKTOP-WJANG",
    "DestinationPortName": "http",
    "UtcTime": "2018-03-05 07:29:10.580",
    "SourceIsIpv6": "false",
    "DestinationIp": "117.18.237.29"
  },
  "opcode": "정보",
  "message": "Network connection detected:\nUtcTime: 2018-03-05 07:29:10.580\nProcessGuid: {A376A8F6-F1C3-5A9C-0000-0010B3D10003}\nProcessId: 1140\nImage: C:\\Program Files\\Mozilla Firefox\\firefox.exe\nUser: DESKTOP-WJANG\\wook8170\nProtocol: tcp\nInitiated: true\nSourceIsIpv6: false\nSourceIp: 192.168.198.67\nSourceHostname: DESKTOP-WJANG\nSourcePort: 2341\nSourcePortName: \nDestinationIsIpv6: false\nDestinationIp: 117.18.237.29\nDestinationHostname: \nDestinationPort: 80\nDestinationPortName: http",
  "thread_id": 23856,
  "log_name": "Microsoft-Windows-Sysmon/Operational",
  "task": "Network connection detected (rule: NetworkConnect)",
  "version": 5,
  "level": "정보",
  "record_number": "175",
  "source_name": "Microsoft-Windows-Sysmon",
  "process_id": 8608,
  "computer_name": "DESKTOP-WJANG",
  "event_id": 3,
  "provider_guid": "{5770385F-C22A-43E0-BF4C-06F5698FFBD9}",
  "user": {
    "name": "SYSTEM",
    "domain": "NT AUTHORITY",
    "type": "Well Known Group",
    "identifier": "S-1-5-18"
  },
  "beat": {
    "version": "6.2.2",
    "name": "DESKTOP-WJANG",
    "hostname": "DESKTOP-WJANG"
  },
  "type": "wineventlog"
}
{
  "@timestamp": "2018-03-05T07:29:14.013Z",
  "@metadata": {
    "beat": "winlogbeat",
    "type": "doc",
    "version": "6.2.2"
  },
  "log_name": "Microsoft-Windows-Sysmon/Operational",
  "source_name": "Microsoft-Windows-Sysmon",
  "user": {
    "name": "SYSTEM",
    "domain": "NT AUTHORITY",
    "type": "Well Known Group",
    "identifier": "S-1-5-18"
  },
  "event_id": 3,
  "type": "wineventlog",
  "record_number": "176",
  "computer_name": "DESKTOP-WJANG",
  "provider_guid": "{5770385F-C22A-43E0-BF4C-06F5698FFBD9}",
  "thread_id": 23856,
  "event_data": {
    "UtcTime": "2018-03-05 07:29:11.492",
    "DestinationHostname": "ec2-52-11-162-210.us-west-2.compute.amazonaws.com",
    "SourceIsIpv6": "false",
    "Image": "C:\\Program Files\\Mozilla Firefox\\pingsender.exe",
    "User": "DESKTOP-WJANG\\wook8170",
    "SourceIp": "192.168.198.67",
    "DestinationPortName": "https",
    "ProcessId": "14560",
    "Initiated": "true",
    "DestinationIsIpv6": "false",
    "DestinationPort": "443",
    "SourcePort": "2342",
    "DestinationIp": "52.11.162.210",
    "ProcessGuid": "{A376A8F6-F1C7-5A9C-0000-0010655F0303}",
    "Protocol": "tcp",
    "SourceHostname": "DESKTOP-WJANG"
  },
  "beat": {
    "version": "6.2.2",
    "name": "DESKTOP-WJANG",
    "hostname": "DESKTOP-WJANG"
  },
  "task": "Network connection detected (rule: NetworkConnect)",
  "level": "정보",
  "opcode": "정보",
  "message": "Network connection detected:\nUtcTime: 2018-03-05 07:29:11.492\nProcessGuid: {A376A8F6-F1C7-5A9C-0000-0010655F0303}\nProcessId: 14560\nImage: C:\\Program Files\\Mozilla Firefox\\pingsender.exe\nUser: DESKTOP-WJANG\\wook8170\nProtocol: tcp\nInitiated: true\nSourceIsIpv6: false\nSourceIp: 192.168.198.67\nSourceHostname: DESKTOP-WJANG\nSourcePort: 2342\nSourcePortName: \nDestinationIsIpv6: false\nDestinationIp: 52.11.162.210\nDestinationHostname: ec2-52-11-162-210.us-west-2.compute.amazonaws.com\nDestinationPort: 443\nDestinationPortName: https",
  "process_id": 8608,
  "version": 5
}
{
  "@timestamp": "2018-03-05T07:29:51.069Z",
  "@metadata": {
    "beat": "winlogbeat",
    "type": "doc",
    "version": "6.2.2"
  },
  "task": "Network connection detected (rule: NetworkConnect)",
  "type": "wineventlog",
  "computer_name": "DESKTOP-WJANG",
  "message": "Network connection detected:\nUtcTime: 2018-03-05 07:29:49.522\nProcessGuid: {A376A8F6-ECA3-5A9C-0000-0010B2050300}\nProcessId: 5328\nImage: C:\\Program Files (x86)\\Kaspersky Lab\\Kaspersky Free 18.0.0\\avp.exe\nUser: NT AUTHORITY\\SYSTEM\nProtocol: tcp\nInitiated: true\nSourceIsIpv6: false\nSourceIp: 192.168.198.67\nSourceHostname: DESKTOP-WJANG\nSourcePort: 2345\nSourcePortName: \nDestinationIsIpv6: false\nDestinationIp: 38.113.165.77\nDestinationHostname: \nDestinationPort: 443\nDestinationPortName: https",
  "thread_id": 23856,
  "user": {
    "identifier": "S-1-5-18",
    "name": "SYSTEM",
    "domain": "NT AUTHORITY",
    "type": "Well Known Group"
  },
  "level": "정보",
  "opcode": "정보",
  "process_id": 8608,
  "log_name": "Microsoft-Windows-Sysmon/Operational",
  "event_id": 3,
  "version": 5,
  "provider_guid": "{5770385F-C22A-43E0-BF4C-06F5698FFBD9}",
  "beat": {
    "name": "DESKTOP-WJANG",
    "hostname": "DESKTOP-WJANG",
    "version": "6.2.2"
  },
  "record_number": "177",
  "event_data": {
    "Image": "C:\\Program Files (x86)\\Kaspersky Lab\\Kaspersky Free 18.0.0\\avp.exe",
    "SourceIp": "192.168.198.67",
    "Initiated": "true",
    "User": "NT AUTHORITY\\SYSTEM",
    "SourceHostname": "DESKTOP-WJANG",
    "SourceIsIpv6": "false",
    "DestinationIp": "38.113.165.77",
    "DestinationPort": "443",
    "Protocol": "tcp",
    "DestinationPortName": "https",
    "ProcessGuid": "{A376A8F6-ECA3-5A9C-0000-0010B2050300}",
    "DestinationIsIpv6": "false",
    "ProcessId": "5328",
    "UtcTime": "2018-03-05 07:29:49.522",
    "SourcePort": "2345"
  },
  "source_name": "Microsoft-Windows-Sysmon"
}
