{
  "@timestamp": "2018-03-05T07:32:44.841Z",
  "@metadata": {
    "beat": "winlogbeat",
    "type": "doc",
    "version": "6.2.2"
  },
  "source_name": "Microsoft-Windows-Sysmon",
  "type": "wineventlog",
  "computer_name": "DESKTOP-WJANG",
  "message": "Image loaded:\nUtcTime: 2018-03-05 07:32:44.832\nProcessGuid: {A376A8F6-F297-5A9C-0000-00104D2C8803}\nProcessId: 4624\nImage: C:\\Program Files\\Mozilla Firefox\\firefox.exe\nImageLoaded: C:\\Program Files\\Mozilla Firefox\\AccessibleMarshal.dll\nFileVersion: 58.0.2\nDescription: \nProduct: Firefox\nCompany: Mozilla Foundation\nHashes: MD5=3F5293E1009267D1293BB9C63E19C670,SHA256=95970AD6BA655738F867CCA3BB8553BF9D2ECC486B8D3BCFC26A1C22B5ACB30B\nSigned: true\nSignature: Mozilla Corporation\nSignatureStatus: Valid",
  "record_number": "866",
  "task": "Image loaded (rule: ImageLoad)",
  "opcode": "정보",
  "log_name": "Microsoft-Windows-Sysmon/Operational",
  "process_id": 8608,
  "thread_id": 23584,
  "event_id": 7,
  "provider_guid": "{5770385F-C22A-43E0-BF4C-06F5698FFBD9}",
  "event_data": {
    "Company": "Mozilla Foundation",
    "Signed": "true",
    "Image": "C:\\Program Files\\Mozilla Firefox\\firefox.exe",
    "ProcessGuid": "{A376A8F6-F297-5A9C-0000-00104D2C8803}",
    "Signature": "Mozilla Corporation",
    "FileVersion": "58.0.2",
    "Hashes": "MD5=3F5293E1009267D1293BB9C63E19C670,SHA256=95970AD6BA655738F867CCA3BB8553BF9D2ECC486B8D3BCFC26A1C22B5ACB30B",
    "ProcessId": "4624",
    "ImageLoaded": "C:\\Program Files\\Mozilla Firefox\\AccessibleMarshal.dll",
    "UtcTime": "2018-03-05 07:32:44.832",
    "Product": "Firefox",
    "SignatureStatus": "Valid"
  },
  "version": 3,
  "level": "정보",
  "user": {
    "domain": "NT AUTHORITY",
    "type": "Well Known Group",
    "identifier": "S-1-5-18",
    "name": "SYSTEM"
  },
  "beat": {
    "name": "DESKTOP-WJANG",
    "hostname": "DESKTOP-WJANG",
    "version": "6.2.2"
  }
}
{
  "@timestamp": "2018-03-05T07:32:45.340Z",
  "@metadata": {
    "beat": "winlogbeat",
    "type": "doc",
    "version": "6.2.2"
  },
  "event_id": 8,
  "event_data": {
    "SourceImage": "C:\\Program Files\\AhnLab\\Safe Transaction\\stsess.exe",
    "StartFunction": "LoadLibraryA",
    "SourceProcessId": "19952",
    "StartAddress": "0x00007FFD10C613F0",
    "StartModule": "C:\\WINDOWS\\System32\\KERNEL32.DLL",
    "SourceProcessGuid": "{A376A8F6-ECCA-5A9C-0000-0010B9A62000}",
    "UtcTime": "2018-03-05 07:32:45.339",
    "TargetProcessGuid": "{A376A8F6-F294-5A9C-0000-001052E48503}",
    "TargetImage": "C:\\Program Files\\Mozilla Firefox\\firefox.exe",
    "TargetProcessId": "17704",
    "NewThreadId": "4348"
  },
  "beat": {
    "name": "DESKTOP-WJANG",
    "hostname": "DESKTOP-WJANG",
    "version": "6.2.2"
  },
  "source_name": "Microsoft-Windows-Sysmon",
  "computer_name": "DESKTOP-WJANG",
  "thread_id": 19220,
  "log_name": "Microsoft-Windows-Sysmon/Operational",
  "user": {
    "type": "Well Known Group",
    "identifier": "S-1-5-18",
    "name": "SYSTEM",
    "domain": "NT AUTHORITY"
  },
  "record_number": "867",
  "version": 2,
  "type": "wineventlog",
  "level": "정보",
  "message": "CreateRemoteThread detected:\nUtcTime: 2018-03-05 07:32:45.339\nSourceProcessGuid: {A376A8F6-ECCA-5A9C-0000-0010B9A62000}\nSourceProcessId: 19952\nSourceImage: C:\\Program Files\\AhnLab\\Safe Transaction\\stsess.exe\nTargetProcessGuid: {A376A8F6-F294-5A9C-0000-001052E48503}\nTargetProcessId: 17704\nTargetImage: C:\\Program Files\\Mozilla Firefox\\firefox.exe\nNewThreadId: 4348\nStartAddress: 0x00007FFD10C613F0\nStartModule: C:\\WINDOWS\\System32\\KERNEL32.DLL\nStartFunction: LoadLibraryA",
  "opcode": "정보",
  "provider_guid": "{5770385F-C22A-43E0-BF4C-06F5698FFBD9}",
  "task": "CreateRemoteThread detected (rule: CreateRemoteThread)",
  "process_id": 8608
}
{
  "@timestamp": "2018-03-05T07:32:48.573Z",
  "@metadata": {
    "beat": "winlogbeat",
    "type": "doc",
    "version": "6.2.2"
  },
  "version": 5,
  "source_name": "Microsoft-Windows-Sysmon",
  "opcode": "정보",
  "message": "Network connection detected:\nUtcTime: 2018-03-05 07:32:47.331\nProcessGuid: {A376A8F6-F294-5A9C-0000-001052E48503}\nProcessId: 17704\nImage: C:\\Program Files\\Mozilla Firefox\\firefox.exe\nUser: DESKTOP-WJANG\\wook8170\nProtocol: tcp\nInitiated: true\nSourceIsIpv6: false\nSourceIp: 192.168.198.67\nSourceHostname: DESKTOP-WJANG\nSourcePort: 2411\nSourcePortName: \nDestinationIsIpv6: false\nDestinationIp: 216.58.200.14\nDestinationHostname: hkg12s11-in-f14.1e100.net\nDestinationPort: 443\nDestinationPortName: https",
  "thread_id": 23856,
  "user": {
    "type": "Well Known Group",
    "identifier": "S-1-5-18",
    "name": "SYSTEM",
    "domain": "NT AUTHORITY"
  },
  "event_id": 3,
  "record_number": "868",
  "beat": {
    "name": "DESKTOP-WJANG",
    "hostname": "DESKTOP-WJANG",
    "version": "6.2.2"
  },
  "log_name": "Microsoft-Windows-Sysmon/Operational",
  "provider_guid": "{5770385F-C22A-43E0-BF4C-06F5698FFBD9}",
  "task": "Network connection detected (rule: NetworkConnect)",
  "type": "wineventlog",
  "event_data": {
    "ProcessId": "17704",
    "SourceIsIpv6": "false",
    "Initiated": "true",
    "DestinationIsIpv6": "false",
    "DestinationIp": "216.58.200.14",
    "DestinationPort": "443",
    "User": "DESKTOP-WJANG\\wook8170",
    "DestinationHostname": "hkg12s11-in-f14.1e100.net",
    "Image": "C:\\Program Files\\Mozilla Firefox\\firefox.exe",
    "UtcTime": "2018-03-05 07:32:47.331",
    "DestinationPortName": "https",
    "Protocol": "tcp",
    "SourceHostname": "DESKTOP-WJANG",
    "SourcePort": "2411",
    "ProcessGuid": "{A376A8F6-F294-5A9C-0000-001052E48503}",
    "SourceIp": "192.168.198.67"
  },
  "computer_name": "DESKTOP-WJANG",
  "level": "정보",
  "process_id": 8608
}
{
  "@timestamp": "2018-03-05T07:32:48.573Z",
  "@metadata": {
    "beat": "winlogbeat",
    "type": "doc",
    "version": "6.2.2"
  },
  "level": "정보",
  "event_id": 3,
  "type": "wineventlog",
  "task": "Network connection detected (rule: NetworkConnect)",
  "process_id": 8608,
  "log_name": "Microsoft-Windows-Sysmon/Operational",
  "record_number": "869",
  "opcode": "정보",
  "computer_name": "DESKTOP-WJANG",
  "message": "Network connection detected:\nUtcTime: 2018-03-05 07:32:47.543\nProcessGuid: {A376A8F6-F294-5A9C-0000-001052E48503}\nProcessId: 17704\nImage: C:\\Program Files\\Mozilla Firefox\\firefox.exe\nUser: DESKTOP-WJANG\\wook8170\nProtocol: tcp\nInitiated: true\nSourceIsIpv6: false\nSourceIp: 192.168.198.67\nSourceHostname: DESKTOP-WJANG\nSourcePort: 2412\nSourcePortName: \nDestinationIsIpv6: false\nDestinationIp: 216.58.200.14\nDestinationHostname: hkg12s11-in-f14.1e100.net\nDestinationPort: 443\nDestinationPortName: https",
  "beat": {
    "name": "DESKTOP-WJANG",
    "hostname": "DESKTOP-WJANG",
    "version": "6.2.2"
  },
  "source_name": "Microsoft-Windows-Sysmon",
  "provider_guid": "{5770385F-C22A-43E0-BF4C-06F5698FFBD9}",
  "event_data": {
    "DestinationPortName": "https",
    "SourceIsIpv6": "false",
    "SourceIp": "192.168.198.67",
    "DestinationHostname": "hkg12s11-in-f14.1e100.net",
    "SourcePort": "2412",
    "UtcTime": "2018-03-05 07:32:47.543",
    "SourceHostname": "DESKTOP-WJANG",
    "User": "DESKTOP-WJANG\\wook8170",
    "ProcessGuid": "{A376A8F6-F294-5A9C-0000-001052E48503}",
    "DestinationIp": "216.58.200.14",
    "Image": "C:\\Program Files\\Mozilla Firefox\\firefox.exe",
    "DestinationIsIpv6": "false",
    "ProcessId": "17704",
    "DestinationPort": "443",
    "Protocol": "tcp",
    "Initiated": "true"
  },
  "thread_id": 23856,
  "version": 5,
  "user": {
    "domain": "NT AUTHORITY",
    "type": "Well Known Group",
    "identifier": "S-1-5-18",
    "name": "SYSTEM"
  }
}
{
  "@timestamp": "2018-03-05T07:32:55.081Z",
  "@metadata": {
    "beat": "winlogbeat",
    "type": "doc",
    "version": "6.2.2"
  },
  "message": "Network connection detected:\nUtcTime: 2018-03-05 07:32:52.965\nProcessGuid: {A376A8F6-ECA3-5A9C-0000-0010B2050300}\nProcessId: 5328\nImage: C:\\Program Files (x86)\\Kaspersky Lab\\Kaspersky Free 18.0.0\\avp.exe\nUser: NT AUTHORITY\\SYSTEM\nProtocol: tcp\nInitiated: true\nSourceIsIpv6: false\nSourceIp: 192.168.198.67\nSourceHostname: DESKTOP-WJANG\nSourcePort: 2414\nSourcePortName: \nDestinationIsIpv6: false\nDestinationIp: 66.110.49.74\nDestinationHostname: \nDestinationPort: 443\nDestinationPortName: https",
  "source_name": "Microsoft-Windows-Sysmon",
  "event_data": {
    "SourceIsIpv6": "false",
    "SourceIp": "192.168.198.67",
    "DestinationPort": "443",
    "UtcTime": "2018-03-05 07:32:52.965",
    "User": "NT AUTHORITY\\SYSTEM",
    "Protocol": "tcp",
    "SourcePort": "2414",
    "DestinationIsIpv6": "false",
    "Image": "C:\\Program Files (x86)\\Kaspersky Lab\\Kaspersky Free 18.0.0\\avp.exe",
    "DestinationIp": "66.110.49.74",
    "SourceHostname": "DESKTOP-WJANG",
    "DestinationPortName": "https",
    "ProcessId": "5328",
    "ProcessGuid": "{A376A8F6-ECA3-5A9C-0000-0010B2050300}",
    "Initiated": "true"
  },
  "version": 5,
  "opcode": "정보",
  "log_name": "Microsoft-Windows-Sysmon/Operational",
  "event_id": 3,
  "type": "wineventlog",
  "record_number": "870",
  "task": "Network connection detected (rule: NetworkConnect)",
  "level": "정보",
  "beat": {
    "name": "DESKTOP-WJANG",
    "hostname": "DESKTOP-WJANG",
    "version": "6.2.2"
  },
  "user": {
    "identifier": "S-1-5-18",
    "name": "SYSTEM",
    "domain": "NT AUTHORITY",
    "type": "Well Known Group"
  },
  "computer_name": "DESKTOP-WJANG",
  "provider_guid": "{5770385F-C22A-43E0-BF4C-06F5698FFBD9}",
  "thread_id": 23856,
  "process_id": 8608
}
{
  "@timestamp": "2018-03-05T07:33:36.394Z",
  "@metadata": {
    "beat": "winlogbeat",
    "type": "doc",
    "version": "6.2.2"
  },
  "level": "정보",
  "task": "Network connection detected (rule: NetworkConnect)",
  "record_number": "871",
  "version": 5,
  "beat": {
    "hostname": "DESKTOP-WJANG",
    "version": "6.2.2",
    "name": "DESKTOP-WJANG"
  },
  "process_id": 8608,
  "thread_id": 23856,
  "event_data": {
    "SourceIp": "192.168.198.67",
    "UtcTime": "2018-03-05 07:33:34.686",
    "DestinationPortName": "https",
    "SourcePort": "2416",
    "Image": "C:\\Program Files (x86)\\Send Anywhere\\Send Anywhere.exe",
    "SourceIsIpv6": "false",
    "ProcessGuid": "{A376A8F6-ECE0-5A9C-0000-0010E2F82800}",
    "SourceHostname": "DESKTOP-WJANG",
    "Initiated": "true",
    "DestinationIp": "14.49.41.23",
    "DestinationPort": "443",
    "DestinationIsIpv6": "false",
    "ProcessId": "19724",
    "User": "DESKTOP-WJANG\\wook8170",
    "Protocol": "tcp"
  },
  "source_name": "Microsoft-Windows-Sysmon",
  "opcode": "정보",
  "type": "wineventlog",
  "computer_name": "DESKTOP-WJANG",
  "event_id": 3,
  "message": "Network connection detected:\nUtcTime: 2018-03-05 07:33:34.686\nProcessGuid: {A376A8F6-ECE0-5A9C-0000-0010E2F82800}\nProcessId: 19724\nImage: C:\\Program Files (x86)\\Send Anywhere\\Send Anywhere.exe\nUser: DESKTOP-WJANG\\wook8170\nProtocol: tcp\nInitiated: true\nSourceIsIpv6: false\nSourceIp: 192.168.198.67\nSourceHostname: DESKTOP-WJANG\nSourcePort: 2416\nSourcePortName: \nDestinationIsIpv6: false\nDestinationIp: 14.49.41.23\nDestinationHostname: \nDestinationPort: 443\nDestinationPortName: https",
  "provider_guid": "{5770385F-C22A-43E0-BF4C-06F5698FFBD9}",
  "log_name": "Microsoft-Windows-Sysmon/Operational",
  "user": {
    "domain": "NT AUTHORITY",
    "type": "Well Known Group",
    "identifier": "S-1-5-18",
    "name": "SYSTEM"
  }
}
{
  "@timestamp": "2018-03-05T07:33:36.394Z",
  "@metadata": {
    "beat": "winlogbeat",
    "type": "doc",
    "version": "6.2.2"
  },
  "log_name": "Microsoft-Windows-Sysmon/Operational",
  "thread_id": 23856,
  "user": {
    "type": "Well Known Group",
    "identifier": "S-1-5-18",
    "name": "SYSTEM",
    "domain": "NT AUTHORITY"
  },
  "opcode": "정보",
  "provider_guid": "{5770385F-C22A-43E0-BF4C-06F5698FFBD9}",
  "task": "Network connection detected (rule: NetworkConnect)",
  "process_id": 8608,
  "event_data": {
    "SourceHostname": "DESKTOP-WJANG",
    "DestinationIsIpv6": "false",
    "UtcTime": "2018-03-05 07:33:34.700",
    "Protocol": "tcp",
    "SourceIp": "192.168.198.67",
    "DestinationIp": "14.49.41.23",
    "User": "DESKTOP-WJANG\\wook8170",
    "SourcePort": "2417",
    "DestinationPortName": "https",
    "DestinationPort": "443",
    "ProcessId": "19724",
    "Initiated": "true",
    "ProcessGuid": "{A376A8F6-ECE0-5A9C-0000-0010E2F82800}",
    "Image": "C:\\Program Files (x86)\\Send Anywhere\\Send Anywhere.exe",
    "SourceIsIpv6": "false"
  },
  "record_number": "872",
  "source_name": "Microsoft-Windows-Sysmon",
  "event_id": 3,
  "type": "wineventlog",
  "level": "정보",
  "message": "Network connection detected:\nUtcTime: 2018-03-05 07:33:34.700\nProcessGuid: {A376A8F6-ECE0-5A9C-0000-0010E2F82800}\nProcessId: 19724\nImage: C:\\Program Files (x86)\\Send Anywhere\\Send Anywhere.exe\nUser: DESKTOP-WJANG\\wook8170\nProtocol: tcp\nInitiated: true\nSourceIsIpv6: false\nSourceIp: 192.168.198.67\nSourceHostname: DESKTOP-WJANG\nSourcePort: 2417\nSourcePortName: \nDestinationIsIpv6: false\nDestinationIp: 14.49.41.23\nDestinationHostname: \nDestinationPort: 443\nDestinationPortName: https",
  "computer_name": "DESKTOP-WJANG",
  "beat": {
    "hostname": "DESKTOP-WJANG",
    "version": "6.2.2",
    "name": "DESKTOP-WJANG"
  },
  "version": 5
}
{
  "@timestamp": "2018-03-05T07:33:42.403Z",
  "@metadata": {
    "beat": "winlogbeat",
    "type": "doc",
    "version": "6.2.2"
  },
  "computer_name": "DESKTOP-WJANG",
  "source_name": "Microsoft-Windows-Sysmon",
  "record_number": "873",
  "user": {
    "identifier": "S-1-5-18",
    "name": "SYSTEM",
    "domain": "NT AUTHORITY",
    "type": "Well Known Group"
  },
  "event_id": 3,
  "event_data": {
    "ProcessId": "17704",
    "SourceIsIpv6": "false",
    "ProcessGuid": "{A376A8F6-F294-5A9C-0000-001052E48503}",
    "Protocol": "tcp",
    "UtcTime": "2018-03-05 07:33:40.466",
    "DestinationIp": "182.162.106.8",
    "SourceHostname": "DESKTOP-WJANG",
    "User": "DESKTOP-WJANG\\wook8170",
    "Initiated": "true",
    "Image": "C:\\Program Files\\Mozilla Firefox\\firefox.exe",
    "SourcePort": "2419",
    "DestinationPort": "80",
    "DestinationIsIpv6": "false",
    "SourceIp": "192.168.198.67",
    "DestinationPortName": "http"
  },
  "type": "wineventlog",
  "level": "정보",
  "task": "Network connection detected (rule: NetworkConnect)",
  "provider_guid": "{5770385F-C22A-43E0-BF4C-06F5698FFBD9}",
  "process_id": 8608,
  "thread_id": 23856,
  "beat": {
    "name": "DESKTOP-WJANG",
    "hostname": "DESKTOP-WJANG",
    "version": "6.2.2"
  },
  "message": "Network connection detected:\nUtcTime: 2018-03-05 07:33:40.466\nProcessGuid: {A376A8F6-F294-5A9C-0000-001052E48503}\nProcessId: 17704\nImage: C:\\Program Files\\Mozilla Firefox\\firefox.exe\nUser: DESKTOP-WJANG\\wook8170\nProtocol: tcp\nInitiated: true\nSourceIsIpv6: false\nSourceIp: 192.168.198.67\nSourceHostname: DESKTOP-WJANG\nSourcePort: 2419\nSourcePortName: \nDestinationIsIpv6: false\nDestinationIp: 182.162.106.8\nDestinationHostname: \nDestinationPort: 80\nDestinationPortName: http",
  "log_name": "Microsoft-Windows-Sysmon/Operational",
  "version": 5,
  "opcode": "정보"
}
{
  "@timestamp": "2018-03-05T07:33:55.420Z",
  "@metadata": {
    "beat": "winlogbeat",
    "type": "doc",
    "version": "6.2.2"
  },
  "user": {
    "domain": "NT AUTHORITY",
    "type": "Well Known Group",
    "identifier": "S-1-5-18",
    "name": "SYSTEM"
  },
  "thread_id": 23856,
  "process_id": 8608,
  "version": 5,
  "level": "정보",
  "task": "Network connection detected (rule: NetworkConnect)",
  "message": "Network connection detected:\nUtcTime: 2018-03-05 07:33:53.307\nProcessGuid: {A376A8F6-ECA3-5A9C-0000-0010B2050300}\nProcessId: 5328\nImage: C:\\Program Files (x86)\\Kaspersky Lab\\Kaspersky Free 18.0.0\\avp.exe\nUser: NT AUTHORITY\\SYSTEM\nProtocol: tcp\nInitiated: true\nSourceIsIpv6: false\nSourceIp: 192.168.198.67\nSourceHostname: DESKTOP-WJANG\nSourcePort: 2420\nSourcePortName: \nDestinationIsIpv6: false\nDestinationIp: 62.128.100.57\nDestinationHostname: \nDestinationPort: 443\nDestinationPortName: https",
  "beat": {
    "name": "DESKTOP-WJANG",
    "hostname": "DESKTOP-WJANG",
    "version": "6.2.2"
  },
  "event_data": {
    "Image": "C:\\Program Files (x86)\\Kaspersky Lab\\Kaspersky Free 18.0.0\\avp.exe",
    "UtcTime": "2018-03-05 07:33:53.307",
    "ProcessGuid": "{A376A8F6-ECA3-5A9C-0000-0010B2050300}",
    "DestinationIp": "62.128.100.57",
    "SourcePort": "2420",
    "User": "NT AUTHORITY\\SYSTEM",
    "SourceHostname": "DESKTOP-WJANG",
    "Protocol": "tcp",
    "SourceIsIpv6": "false",
    "ProcessId": "5328",
    "DestinationPort": "443",
    "SourceIp": "192.168.198.67",
    "DestinationIsIpv6": "false",
    "DestinationPortName": "https",
    "Initiated": "true"
  },
  "computer_name": "DESKTOP-WJANG",
  "opcode": "정보",
  "event_id": 3,
  "source_name": "Microsoft-Windows-Sysmon",
  "provider_guid": "{5770385F-C22A-43E0-BF4C-06F5698FFBD9}",
  "type": "wineventlog",
  "log_name": "Microsoft-Windows-Sysmon/Operational",
  "record_number": "874"
}
{
  "@timestamp": "2018-03-05T07:34:02.429Z",
  "@metadata": {
    "beat": "winlogbeat",
    "type": "doc",
    "version": "6.2.2"
  },
  "task": "Network connection detected (rule: NetworkConnect)",
  "thread_id": 23856,
  "level": "정보",
  "user": {
    "name": "SYSTEM",
    "domain": "NT AUTHORITY",
    "type": "Well Known Group",
    "identifier": "S-1-5-18"
  },
  "record_number": "875",
  "event_data": {
    "DestinationPort": "1553",
    "UtcTime": "2018-03-05 07:34:01.184",
    "ProcessGuid": "{A376A8F6-F294-5A9C-0000-001052E48503}",
    "Protocol": "tcp",
    "SourceIsIpv6": "false",
    "ProcessId": "17704",
    "SourceHostname": "wook.com",
    "DestinationIsIpv6": "false",
    "SourceIp": "127.0.0.1",
    "SourcePort": "2422",
    "DestinationHostname": "wook.com",
    "DestinationIp": "127.0.0.1",
    "Image": "C:\\Program Files\\Mozilla Firefox\\firefox.exe",
    "User": "DESKTOP-WJANG\\wook8170",
    "Initiated": "true"
  },
  "provider_guid": "{5770385F-C22A-43E0-BF4C-06F5698FFBD9}",
  "opcode": "정보",
  "beat": {
    "hostname": "DESKTOP-WJANG",
    "version": "6.2.2",
    "name": "DESKTOP-WJANG"
  },
  "source_name": "Microsoft-Windows-Sysmon",
  "process_id": 8608,
  "log_name": "Microsoft-Windows-Sysmon/Operational",
  "type": "wineventlog",
  "version": 5,
  "event_id": 3,
  "message": "Network connection detected:\nUtcTime: 2018-03-05 07:34:01.184\nProcessGuid: {A376A8F6-F294-5A9C-0000-001052E48503}\nProcessId: 17704\nImage: C:\\Program Files\\Mozilla Firefox\\firefox.exe\nUser: DESKTOP-WJANG\\wook8170\nProtocol: tcp\nInitiated: true\nSourceIsIpv6: false\nSourceIp: 127.0.0.1\nSourceHostname: wook.com\nSourcePort: 2422\nSourcePortName: \nDestinationIsIpv6: false\nDestinationIp: 127.0.0.1\nDestinationHostname: wook.com\nDestinationPort: 1553\nDestinationPortName: ",
  "computer_name": "DESKTOP-WJANG"
}
{
  "@timestamp": "2018-03-05T07:34:04.439Z",
  "@metadata": {
    "beat": "winlogbeat",
    "type": "doc",
    "version": "6.2.2"
  },
  "process_id": 8608,
  "computer_name": "DESKTOP-WJANG",
  "version": 5,
  "opcode": "정보",
  "beat": {
    "name": "DESKTOP-WJANG",
    "hostname": "DESKTOP-WJANG",
    "version": "6.2.2"
  },
  "event_id": 3,
  "event_data": {
    "Protocol": "tcp",
    "SourceHostname": "DESKTOP-WJANG",
    "SourceIsIpv6": "false",
    "DestinationIsIpv6": "false",
    "DestinationIp": "104.75.42.31",
    "ProcessGuid": "{A376A8F6-ECB7-5A9C-0000-00108FD51400}",
    "Image": "C:\\Windows\\explorer.exe",
    "Initiated": "true",
    "UtcTime": "2018-03-05 07:34:03.032",
    "ProcessId": "13872",
    "DestinationPortName": "https",
    "DestinationPort": "443",
    "SourcePort": "2423",
    "User": "DESKTOP-WJANG\\wook8170",
    "SourceIp": "192.168.198.67",
    "DestinationHostname": "a104-75-42-31.deploy.static.akamaitechnologies.com"
  },
  "provider_guid": "{5770385F-C22A-43E0-BF4C-06F5698FFBD9}",
  "message": "Network connection detected:\nUtcTime: 2018-03-05 07:34:03.032\nProcessGuid: {A376A8F6-ECB7-5A9C-0000-00108FD51400}\nProcessId: 13872\nImage: C:\\Windows\\explorer.exe\nUser: DESKTOP-WJANG\\wook8170\nProtocol: tcp\nInitiated: true\nSourceIsIpv6: false\nSourceIp: 192.168.198.67\nSourceHostname: DESKTOP-WJANG\nSourcePort: 2423\nSourcePortName: \nDestinationIsIpv6: false\nDestinationIp: 104.75.42.31\nDestinationHostname: a104-75-42-31.deploy.static.akamaitechnologies.com\nDestinationPort: 443\nDestinationPortName: https",
  "record_number": "876",
  "type": "wineventlog",
  "source_name": "Microsoft-Windows-Sysmon",
  "task": "Network connection detected (rule: NetworkConnect)",
  "thread_id": 23856,
  "user": {
    "identifier": "S-1-5-18",
    "name": "SYSTEM",
    "domain": "NT AUTHORITY",
    "type": "Well Known Group"
  },
  "log_name": "Microsoft-Windows-Sysmon/Operational",
  "level": "정보"
}
{
  "@timestamp": "2018-03-05T07:34:05.441Z",
  "@metadata": {
    "beat": "winlogbeat",
    "type": "doc",
    "version": "6.2.2"
  },
  "level": "정보",
  "opcode": "정보",
  "event_id": 3,
  "source_name": "Microsoft-Windows-Sysmon",
  "message": "Network connection detected:\nUtcTime: 2018-03-05 07:34:03.540\nProcessGuid: {A376A8F6-ECB7-5A9C-0000-00108FD51400}\nProcessId: 13872\nImage: C:\\Windows\\explorer.exe\nUser: DESKTOP-WJANG\\wook8170\nProtocol: tcp\nInitiated: true\nSourceIsIpv6: false\nSourceIp: 192.168.198.67\nSourceHostname: DESKTOP-WJANG\nSourcePort: 2424\nSourcePortName: \nDestinationIsIpv6: false\nDestinationIp: 40.90.136.20\nDestinationHostname: i-bl6p-cor001.api.p001.1drv.com\nDestinationPort: 443\nDestinationPortName: https",
  "process_id": 8608,
  "computer_name": "DESKTOP-WJANG",
  "version": 5,
  "record_number": "877",
  "event_data": {
    "Protocol": "tcp",
    "Initiated": "true",
    "SourceIp": "192.168.198.67",
    "DestinationPort": "443",
    "UtcTime": "2018-03-05 07:34:03.540",
    "SourceIsIpv6": "false",
    "SourcePort": "2424",
    "DestinationIsIpv6": "false",
    "DestinationHostname": "i-bl6p-cor001.api.p001.1drv.com",
    "ProcessId": "13872",
    "SourceHostname": "DESKTOP-WJANG",
    "DestinationIp": "40.90.136.20",
    "ProcessGuid": "{A376A8F6-ECB7-5A9C-0000-00108FD51400}",
    "User": "DESKTOP-WJANG\\wook8170",
    "DestinationPortName": "https",
    "Image": "C:\\Windows\\explorer.exe"
  },
  "provider_guid": "{5770385F-C22A-43E0-BF4C-06F5698FFBD9}",
  "task": "Network connection detected (rule: NetworkConnect)",
  "beat": {
    "name": "DESKTOP-WJANG",
    "hostname": "DESKTOP-WJANG",
    "version": "6.2.2"
  },
  "type": "wineventlog",
  "log_name": "Microsoft-Windows-Sysmon/Operational",
  "thread_id": 23856,
  "user": {
    "identifier": "S-1-5-18",
    "name": "SYSTEM",
    "domain": "NT AUTHORITY",
    "type": "Well Known Group"
  }
}
{
  "@timestamp": "2018-03-05T07:34:28.756Z",
  "@metadata": {
    "beat": "winlogbeat",
    "type": "doc",
    "version": "6.2.2"
  },
  "message": "Registry value set:\nEventType: SetValue\nUtcTime: 2018-03-05 07:34:28.756\nProcessGuid: {A376A8F6-ECA3-5A9C-0000-00106FF70200}\nProcessId: 4984\nImage: C:\\Program Files\\AhnLab\\Safe Transaction\\ASDSvc.exe\nTargetObject: HKLM\\SOFTWARE\\Microsoft\\Windows\\CurrentVersion\\Run\\AhnLab Safe Transaction Application\nDetails: \"C:\\Program Files\\AhnLab\\Safe Transaction\\stsess.exe\" /tray",
  "type": "wineventlog",
  "process_id": 8608,
  "provider_guid": "{5770385F-C22A-43E0-BF4C-06F5698FFBD9}",
  "thread_id": 19220,
  "event_id": 13,
  "computer_name": "DESKTOP-WJANG",
  "version": 2,
  "user": {
    "identifier": "S-1-5-18",
    "name": "SYSTEM",
    "domain": "NT AUTHORITY",
    "type": "Well Known Group"
  },
  "event_data": {
    "ProcessId": "4984",
    "Image": "C:\\Program Files\\AhnLab\\Safe Transaction\\ASDSvc.exe",
    "TargetObject": "HKLM\\SOFTWARE\\Microsoft\\Windows\\CurrentVersion\\Run\\AhnLab Safe Transaction Application",
    "Details": "\"C:\\Program Files\\AhnLab\\Safe Transaction\\stsess.exe\" /tray",
    "EventType": "SetValue",
    "UtcTime": "2018-03-05 07:34:28.756",
    "ProcessGuid": "{A376A8F6-ECA3-5A9C-0000-00106FF70200}"
  },
  "source_name": "Microsoft-Windows-Sysmon",
  "level": "정보",
  "record_number": "878",
  "task": "Registry value set (rule: RegistryEvent)",
  "opcode": "정보",
  "log_name": "Microsoft-Windows-Sysmon/Operational",
  "beat": {
    "version": "6.2.2",
    "name": "DESKTOP-WJANG",
    "hostname": "DESKTOP-WJANG"
  }
}
{
  "@timestamp": "2018-03-05T07:34:41.283Z",
  "@metadata": {
    "beat": "winlogbeat",
    "type": "doc",
    "version": "6.2.2"
  },
  "version": 3,
  "computer_name": "DESKTOP-WJANG",
  "event_id": 7,
  "thread_id": 19220,
  "source_name": "Microsoft-Windows-Sysmon",
  "beat": {
    "name": "DESKTOP-WJANG",
    "hostname": "DESKTOP-WJANG",
    "version": "6.2.2"
  },
  "message": "Image loaded:\nUtcTime: 2018-03-05 07:34:41.282\nProcessGuid: {A376A8F6-F294-5A9C-0000-001052E48503}\nProcessId: 17704\nImage: C:\\Program Files\\Mozilla Firefox\\firefox.exe\nImageLoaded: C:\\Windows\\System32\\cryptsp.dll\nFileVersion: 10.0.16299.15 (WinBuild.160101.0800)\nDescription: Cryptographic Service Provider API\nProduct: Microsoft® Windows® Operating System\nCompany: Microsoft Corporation\nHashes: MD5=E8E7EBA7164C2DC2021EE52090A941A0,SHA256=FC99C980C2E8619CC64D534497C652A1B1DFC55A3EABFD7E81C62EF0A28C03B4\nSigned: true\nSignature: Microsoft Windows\nSignatureStatus: Valid",
  "record_number": "879",
  "level": "정보",
  "type": "wineventlog",
  "provider_guid": "{5770385F-C22A-43E0-BF4C-06F5698FFBD9}",
  "process_id": 8608,
  "opcode": "정보",
  "event_data": {
    "UtcTime": "2018-03-05 07:34:41.282",
    "SignatureStatus": "Valid",
    "ImageLoaded": "C:\\Windows\\System32\\cryptsp.dll",
    "Signed": "true",
    "Company": "Microsoft Corporation",
    "Product": "Microsoft® Windows® Operating System",
    "Image": "C:\\Program Files\\Mozilla Firefox\\firefox.exe",
    "ProcessGuid": "{A376A8F6-F294-5A9C-0000-001052E48503}",
    "Description": "Cryptographic Service Provider API",
    "Hashes": "MD5=E8E7EBA7164C2DC2021EE52090A941A0,SHA256=FC99C980C2E8619CC64D534497C652A1B1DFC55A3EABFD7E81C62EF0A28C03B4",
    "FileVersion": "10.0.16299.15 (WinBuild.160101.0800)",
    "Signature": "Microsoft Windows",
    "ProcessId": "17704"
  },
  "task": "Image loaded (rule: ImageLoad)",
  "user": {
    "identifier": "S-1-5-18",
    "name": "SYSTEM",
    "domain": "NT AUTHORITY",
    "type": "Well Known Group"
  },
  "log_name": "Microsoft-Windows-Sysmon/Operational"
}
{
  "@timestamp": "2018-03-05T07:34:41.298Z",
  "@metadata": {
    "beat": "winlogbeat",
    "type": "doc",
    "version": "6.2.2"
  },
  "log_name": "Microsoft-Windows-Sysmon/Operational",
  "message": "Image loaded:\nUtcTime: 2018-03-05 07:34:41.280\nProcessGuid: {A376A8F6-F294-5A9C-0000-001052E48503}\nProcessId: 17704\nImage: C:\\Program Files\\Mozilla Firefox\\firefox.exe\nImageLoaded: C:\\Windows\\System32\\AppResolver.dll\nFileVersion: 10.0.16299.15 (WinBuild.160101.0800)\nDescription: 앱 확인 프로그램\nProduct: Microsoft® Windows® Operating System\nCompany: Microsoft Corporation\nHashes: MD5=959671C577E1137D61D46E4E904899B0,SHA256=C8204C52F648FF7C7F870E23ED43341DB99364F30E52FF11BF03D0134171639C\nSigned: true\nSignature: Microsoft Windows\nSignatureStatus: Valid",
  "level": "정보",
  "beat": {
    "hostname": "DESKTOP-WJANG",
    "version": "6.2.2",
    "name": "DESKTOP-WJANG"
  },
  "type": "wineventlog",
  "source_name": "Microsoft-Windows-Sysmon",
  "provider_guid": "{5770385F-C22A-43E0-BF4C-06F5698FFBD9}",
  "user": {
    "type": "Well Known Group",
    "identifier": "S-1-5-18",
    "name": "SYSTEM",
    "domain": "NT AUTHORITY"
  },
  "process_id": 8608,
  "event_data": {
    "Description": "앱 확인 프로그램",
    "Product": "Microsoft® Windows® Operating System",
    "FileVersion": "10.0.16299.15 (WinBuild.160101.0800)",
    "SignatureStatus": "Valid",
    "Company": "Microsoft Corporation",
    "Signature": "Microsoft Windows",
    "UtcTime": "2018-03-05 07:34:41.280",
    "Signed": "true",
    "ImageLoaded": "C:\\Windows\\System32\\AppResolver.dll",
    "ProcessGuid": "{A376A8F6-F294-5A9C-0000-001052E48503}",
    "Image": "C:\\Program Files\\Mozilla Firefox\\firefox.exe",
    "ProcessId": "17704",
    "Hashes": "MD5=959671C577E1137D61D46E4E904899B0,SHA256=C8204C52F648FF7C7F870E23ED43341DB99364F30E52FF11BF03D0134171639C"
  },
  "version": 3,
  "computer_name": "DESKTOP-WJANG",
  "event_id": 7,
  "task": "Image loaded (rule: ImageLoad)",
  "thread_id": 23584,
  "record_number": "880",
  "opcode": "정보"
}
{
  "@timestamp": "2018-03-05T07:34:41.315Z",
  "@metadata": {
    "beat": "winlogbeat",
    "type": "doc",
    "version": "6.2.2"
  },
  "type": "wineventlog",
  "computer_name": "DESKTOP-WJANG",
  "record_number": "881",
  "level": "정보",
  "provider_guid": "{5770385F-C22A-43E0-BF4C-06F5698FFBD9}",
  "version": 3,
  "opcode": "정보",
  "process_id": 8608,
  "user": {
    "type": "Well Known Group",
    "identifier": "S-1-5-18",
    "name": "SYSTEM",
    "domain": "NT AUTHORITY"
  },
  "event_data": {
    "Company": "Microsoft Corporation",
    "Hashes": "MD5=0D8E9009FB840B112D294A3D4278AF91,SHA256=5694E1B377BB00BC20DD9520211DC2DBB71ED9FFB995045C81C198A9D36B367F",
    "ProcessId": "17704",
    "FileVersion": "10.0.16299.15 (WinBuild.160101.0800)",
    "ImageLoaded": "C:\\Windows\\System32\\ELSCore.dll",
    "SignatureStatus": "Valid",
    "UtcTime": "2018-03-05 07:34:41.286",
    "Image": "C:\\Program Files\\Mozilla Firefox\\firefox.exe",
    "ProcessGuid": "{A376A8F6-F294-5A9C-0000-001052E48503}",
    "Description": "Els 핵심 플랫폼 DLL",
    "Signature": "Microsoft Windows",
    "Signed": "true",
    "Product": "Microsoft® Windows® Operating System"
  },
  "log_name": "Microsoft-Windows-Sysmon/Operational",
  "message": "Image loaded:\nUtcTime: 2018-03-05 07:34:41.286\nProcessGuid: {A376A8F6-F294-5A9C-0000-001052E48503}\nProcessId: 17704\nImage: C:\\Program Files\\Mozilla Firefox\\firefox.exe\nImageLoaded: C:\\Windows\\System32\\ELSCore.dll\nFileVersion: 10.0.16299.15 (WinBuild.160101.0800)\nDescription: Els 핵심 플랫폼 DLL\nProduct: Microsoft® Windows® Operating System\nCompany: Microsoft Corporation\nHashes: MD5=0D8E9009FB840B112D294A3D4278AF91,SHA256=5694E1B377BB00BC20DD9520211DC2DBB71ED9FFB995045C81C198A9D36B367F\nSigned: true\nSignature: Microsoft Windows\nSignatureStatus: Valid",
  "thread_id": 23584,
  "source_name": "Microsoft-Windows-Sysmon",
  "task": "Image loaded (rule: ImageLoad)",
  "beat": {
    "name": "DESKTOP-WJANG",
    "hostname": "DESKTOP-WJANG",
    "version": "6.2.2"
  },
  "event_id": 7
}
{
  "@timestamp": "2018-03-05T07:34:41.333Z",
  "@metadata": {
    "beat": "winlogbeat",
    "type": "doc",
    "version": "6.2.2"
  },
  "message": "Image loaded:\nUtcTime: 2018-03-05 07:34:41.287\nProcessGuid: {A376A8F6-F294-5A9C-0000-001052E48503}\nProcessId: 17704\nImage: C:\\Program Files\\Mozilla Firefox\\firefox.exe\nImageLoaded: C:\\Windows\\System32\\slc.dll\nFileVersion: 10.0.16299.15 (WinBuild.160101.0800)\nDescription: 소프트웨어 라이선스 클라이언트 Dll\nProduct: Microsoft® Windows® Operating System\nCompany: Microsoft Corporation\nHashes: MD5=86E20490E4EC27FD87ED510FED684F92,SHA256=E74543B7721A82C9A8C77FE31F8A5BE8128C106734014C15A493F0E8061A883E\nSigned: true\nSignature: Microsoft Windows\nSignatureStatus: Valid",
  "version": 3,
  "log_name": "Microsoft-Windows-Sysmon/Operational",
  "user": {
    "type": "Well Known Group",
    "identifier": "S-1-5-18",
    "name": "SYSTEM",
    "domain": "NT AUTHORITY"
  },
  "process_id": 8608,
  "opcode": "정보",
  "computer_name": "DESKTOP-WJANG",
  "beat": {
    "name": "DESKTOP-WJANG",
    "hostname": "DESKTOP-WJANG",
    "version": "6.2.2"
  },
  "event_data": {
    "Description": "소프트웨어 라이선스 클라이언트 Dll",
    "Signature": "Microsoft Windows",
    "SignatureStatus": "Valid",
    "Company": "Microsoft Corporation",
    "Hashes": "MD5=86E20490E4EC27FD87ED510FED684F92,SHA256=E74543B7721A82C9A8C77FE31F8A5BE8128C106734014C15A493F0E8061A883E",
    "FileVersion": "10.0.16299.15 (WinBuild.160101.0800)",
    "UtcTime": "2018-03-05 07:34:41.287",
    "ProcessId": "17704",
    "ImageLoaded": "C:\\Windows\\System32\\slc.dll",
    "ProcessGuid": "{A376A8F6-F294-5A9C-0000-001052E48503}",
    "Signed": "true",
    "Product": "Microsoft® Windows® Operating System",
    "Image": "C:\\Program Files\\Mozilla Firefox\\firefox.exe"
  },
  "event_id": 7,
  "provider_guid": "{5770385F-C22A-43E0-BF4C-06F5698FFBD9}",
  "source_name": "Microsoft-Windows-Sysmon",
  "level": "정보",
  "task": "Image loaded (rule: ImageLoad)",
  "type": "wineventlog",
  "thread_id": 23584,
  "record_number": "882"
}
{
  "@timestamp": "2018-03-05T07:34:41.345Z",
  "@metadata": {
    "beat": "winlogbeat",
    "type": "doc",
    "version": "6.2.2"
  },
  "source_name": "Microsoft-Windows-Sysmon",
  "event_id": 7,
  "log_name": "Microsoft-Windows-Sysmon/Operational",
  "message": "Image loaded:\nUtcTime: 2018-03-05 07:34:41.291\nProcessGuid: {A376A8F6-F294-5A9C-0000-001052E48503}\nProcessId: 17704\nImage: C:\\Program Files\\Mozilla Firefox\\firefox.exe\nImageLoaded: C:\\Windows\\System32\\BCP47Langs.dll\nFileVersion: 10.0.16299.15 (WinBuild.160101.0800)\nDescription: BCP47 Language Classes\nProduct: Microsoft® Windows® Operating System\nCompany: Microsoft Corporation\nHashes: MD5=A54C38284FD23E87D901EB470E316CEB,SHA256=23BB3A8BCFC6A043FA8410D29199A33E1E0FEF5AB57FA257C0ECF90C831F5629\nSigned: true\nSignature: Microsoft Windows\nSignatureStatus: Valid",
  "user": {
    "domain": "NT AUTHORITY",
    "type": "Well Known Group",
    "identifier": "S-1-5-18",
    "name": "SYSTEM"
  },
  "version": 3,
  "beat": {
    "name": "DESKTOP-WJANG",
    "hostname": "DESKTOP-WJANG",
    "version": "6.2.2"
  },
  "level": "정보",
  "task": "Image loaded (rule: ImageLoad)",
  "opcode": "정보",
  "process_id": 8608,
  "thread_id": 23584,
  "type": "wineventlog",
  "record_number": "883",
  "computer_name": "DESKTOP-WJANG",
  "event_data": {
    "SignatureStatus": "Valid",
    "UtcTime": "2018-03-05 07:34:41.291",
    "Hashes": "MD5=A54C38284FD23E87D901EB470E316CEB,SHA256=23BB3A8BCFC6A043FA8410D29199A33E1E0FEF5AB57FA257C0ECF90C831F5629",
    "FileVersion": "10.0.16299.15 (WinBuild.160101.0800)",
    "Product": "Microsoft® Windows® Operating System",
    "Company": "Microsoft Corporation",
    "Image": "C:\\Program Files\\Mozilla Firefox\\firefox.exe",
    "Description": "BCP47 Language Classes",
    "ImageLoaded": "C:\\Windows\\System32\\BCP47Langs.dll",
    "Signature": "Microsoft Windows",
    "ProcessGuid": "{A376A8F6-F294-5A9C-0000-001052E48503}",
    "ProcessId": "17704",
    "Signed": "true"
  },
  "provider_guid": "{5770385F-C22A-43E0-BF4C-06F5698FFBD9}"
}
{
  "@timestamp": "2018-03-05T07:34:41.365Z",
  "@metadata": {
    "beat": "winlogbeat",
    "type": "doc",
    "version": "6.2.2"
  },
  "level": "정보",
  "thread_id": 23584,
  "beat": {
    "name": "DESKTOP-WJANG",
    "hostname": "DESKTOP-WJANG",
    "version": "6.2.2"
  },
  "opcode": "정보",
  "process_id": 8608,
  "user": {
    "identifier": "S-1-5-18",
    "name": "SYSTEM",
    "domain": "NT AUTHORITY",
    "type": "Well Known Group"
  },
  "task": "Image loaded (rule: ImageLoad)",
  "message": "Image loaded:\nUtcTime: 2018-03-05 07:34:41.291\nProcessGuid: {A376A8F6-F294-5A9C-0000-001052E48503}\nProcessId: 17704\nImage: C:\\Program Files\\Mozilla Firefox\\firefox.exe\nImageLoaded: C:\\Windows\\System32\\sppc.dll\nFileVersion: 10.0.16299.15 (WinBuild.160101.0800)\nDescription: 소프트웨어 라이선스 클라이언트 Dll\nProduct: Microsoft® Windows® Operating System\nCompany: Microsoft Corporation\nHashes: MD5=BA32B5B063153E517D3388229B4A3994,SHA256=76D7C59B2F3AD315CF8894960BD975B8C84BF8FDADD24C4B6086E8253084D785\nSigned: true\nSignature: Microsoft Windows\nSignatureStatus: Valid",
  "type": "wineventlog",
  "log_name": "Microsoft-Windows-Sysmon/Operational",
  "provider_guid": "{5770385F-C22A-43E0-BF4C-06F5698FFBD9}",
  "source_name": "Microsoft-Windows-Sysmon",
  "version": 3,
  "event_id": 7,
  "event_data": {
    "ProcessId": "17704",
    "Company": "Microsoft Corporation",
    "Description": "소프트웨어 라이선스 클라이언트 Dll",
    "Signature": "Microsoft Windows",
    "Hashes": "MD5=BA32B5B063153E517D3388229B4A3994,SHA256=76D7C59B2F3AD315CF8894960BD975B8C84BF8FDADD24C4B6086E8253084D785",
    "Image": "C:\\Program Files\\Mozilla Firefox\\firefox.exe",
    "FileVersion": "10.0.16299.15 (WinBuild.160101.0800)",
    "Product": "Microsoft® Windows® Operating System",
    "UtcTime": "2018-03-05 07:34:41.291",
    "ProcessGuid": "{A376A8F6-F294-5A9C-0000-001052E48503}",
    "SignatureStatus": "Valid",
    "Signed": "true",
    "ImageLoaded": "C:\\Windows\\System32\\sppc.dll"
  },
  "computer_name": "DESKTOP-WJANG",
  "record_number": "884"
}
{
  "@timestamp": "2018-03-05T07:34:41.405Z",
  "@metadata": {
    "beat": "winlogbeat",
    "type": "doc",
    "version": "6.2.2"
  },
  "task": "Image loaded (rule: ImageLoad)",
  "provider_guid": "{5770385F-C22A-43E0-BF4C-06F5698FFBD9}",
  "process_id": 8608,
  "version": 3,
  "type": "wineventlog",
  "source_name": "Microsoft-Windows-Sysmon",
  "event_id": 7,
  "opcode": "정보",
  "log_name": "Microsoft-Windows-Sysmon/Operational",
  "user": {
    "identifier": "S-1-5-18",
    "name": "SYSTEM",
    "domain": "NT AUTHORITY",
    "type": "Well Known Group"
  },
  "computer_name": "DESKTOP-WJANG",
  "event_data": {
    "ImageLoaded": "C:\\Windows\\System32\\urlmon.dll",
    "Hashes": "MD5=9DD2C725D7E07B461AFA27F4A526BB1C,SHA256=5C1F602989EED297B05BF8B6D666F90B7FAB237E8A853534B7F60A1862B4B299",
    "ProcessId": "17704",
    "SignatureStatus": "Valid",
    "FileVersion": "11.00.16299.15 (WinBuild.160101.0800)",
    "Description": "OLE32 Extensions for Win32",
    "Product": "Internet Explorer",
    "Company": "Microsoft Corporation",
    "Signed": "true",
    "Image": "C:\\Program Files\\Mozilla Firefox\\firefox.exe",
    "Signature": "Microsoft Windows",
    "UtcTime": "2018-03-05 07:34:41.314",
    "ProcessGuid": "{A376A8F6-F294-5A9C-0000-001052E48503}"
  },
  "level": "정보",
  "thread_id": 23584,
  "record_number": "885",
  "message": "Image loaded:\nUtcTime: 2018-03-05 07:34:41.314\nProcessGuid: {A376A8F6-F294-5A9C-0000-001052E48503}\nProcessId: 17704\nImage: C:\\Program Files\\Mozilla Firefox\\firefox.exe\nImageLoaded: C:\\Windows\\System32\\urlmon.dll\nFileVersion: 11.00.16299.15 (WinBuild.160101.0800)\nDescription: OLE32 Extensions for Win32\nProduct: Internet Explorer\nCompany: Microsoft Corporation\nHashes: MD5=9DD2C725D7E07B461AFA27F4A526BB1C,SHA256=5C1F602989EED297B05BF8B6D666F90B7FAB237E8A853534B7F60A1862B4B299\nSigned: true\nSignature: Microsoft Windows\nSignatureStatus: Valid",
  "beat": {
    "name": "DESKTOP-WJANG",
    "hostname": "DESKTOP-WJANG",
    "version": "6.2.2"
  }
}
{
  "@timestamp": "2018-03-05T07:34:41.419Z",
  "@metadata": {
    "beat": "winlogbeat",
    "type": "doc",
    "version": "6.2.2"
  },
  "record_number": "886",
  "log_name": "Microsoft-Windows-Sysmon/Operational",
  "source_name": "Microsoft-Windows-Sysmon",
  "message": "Image loaded:\nUtcTime: 2018-03-05 07:34:41.419\nProcessGuid: {A376A8F6-F294-5A9C-0000-001052E48503}\nProcessId: 17704\nImage: C:\\Program Files\\Mozilla Firefox\\firefox.exe\nImageLoaded: C:\\Windows\\System32\\sspicli.dll\nFileVersion: 10.0.16299.192 (WinBuild.160101.0800)\nDescription: Security Support Provider Interface\nProduct: Microsoft® Windows® Operating System\nCompany: Microsoft Corporation\nHashes: MD5=DA79FF89E5CEAC6C86818D70CE8670D8,SHA256=9A5BFE13D96AF58131514F8227022F41B7BA6B60689FCBED50393B5EBCAD634E\nSigned: true\nSignature: Microsoft Windows\nSignatureStatus: Valid",
  "event_id": 7,
  "beat": {
    "name": "DESKTOP-WJANG",
    "hostname": "DESKTOP-WJANG",
    "version": "6.2.2"
  },
  "task": "Image loaded (rule: ImageLoad)",
  "version": 3,
  "thread_id": 19220,
  "provider_guid": "{5770385F-C22A-43E0-BF4C-06F5698FFBD9}",
  "user": {
    "identifier": "S-1-5-18",
    "name": "SYSTEM",
    "domain": "NT AUTHORITY",
    "type": "Well Known Group"
  },
  "type": "wineventlog",
  "opcode": "정보",
  "event_data": {
    "ImageLoaded": "C:\\Windows\\System32\\sspicli.dll",
    "ProcessGuid": "{A376A8F6-F294-5A9C-0000-001052E48503}",
    "Product": "Microsoft® Windows® Operating System",
    "FileVersion": "10.0.16299.192 (WinBuild.160101.0800)",
    "Description": "Security Support Provider Interface",
    "SignatureStatus": "Valid",
    "UtcTime": "2018-03-05 07:34:41.419",
    "ProcessId": "17704",
    "Company": "Microsoft Corporation",
    "Hashes": "MD5=DA79FF89E5CEAC6C86818D70CE8670D8,SHA256=9A5BFE13D96AF58131514F8227022F41B7BA6B60689FCBED50393B5EBCAD634E",
    "Signed": "true",
    "Signature": "Microsoft Windows",
    "Image": "C:\\Program Files\\Mozilla Firefox\\firefox.exe"
  },
  "level": "정보",
  "computer_name": "DESKTOP-WJANG",
  "process_id": 8608
}
{
  "@timestamp": "2018-03-05T07:34:41.420Z",
  "@metadata": {
    "beat": "winlogbeat",
    "type": "doc",
    "version": "6.2.2"
  },
  "computer_name": "DESKTOP-WJANG",
  "log_name": "Microsoft-Windows-Sysmon/Operational",
  "version": 3,
  "message": "Image loaded:\nUtcTime: 2018-03-05 07:34:41.420\nProcessGuid: {A376A8F6-F294-5A9C-0000-001052E48503}\nProcessId: 17704\nImage: C:\\Program Files\\Mozilla Firefox\\firefox.exe\nImageLoaded: C:\\Windows\\System32\\srvcli.dll\nFileVersion: 10.0.16299.15 (WinBuild.160101.0800)\nDescription: Server Service Client DLL\nProduct: Microsoft® Windows® Operating System\nCompany: Microsoft Corporation\nHashes: MD5=D85703A0852B09E1B3CF5CAAEE9FC85D,SHA256=CC983CC4A0273AC6B19879D8177D717A3066C5A2B0DD5E0915309F38CF146920\nSigned: true\nSignature: Microsoft Windows\nSignatureStatus: Valid",
  "event_data": {
    "SignatureStatus": "Valid",
    "Product": "Microsoft® Windows® Operating System",
    "FileVersion": "10.0.16299.15 (WinBuild.160101.0800)",
    "Hashes": "MD5=D85703A0852B09E1B3CF5CAAEE9FC85D,SHA256=CC983CC4A0273AC6B19879D8177D717A3066C5A2B0DD5E0915309F38CF146920",
    "ProcessGuid": "{A376A8F6-F294-5A9C-0000-001052E48503}",
    "Company": "Microsoft Corporation",
    "Signed": "true",
    "ProcessId": "17704",
    "ImageLoaded": "C:\\Windows\\System32\\srvcli.dll",
    "Description": "Server Service Client DLL",
    "Signature": "Microsoft Windows",
    "UtcTime": "2018-03-05 07:34:41.420",
    "Image": "C:\\Program Files\\Mozilla Firefox\\firefox.exe"
  },
  "beat": {
    "hostname": "DESKTOP-WJANG",
    "version": "6.2.2",
    "name": "DESKTOP-WJANG"
  },
  "source_name": "Microsoft-Windows-Sysmon",
  "event_id": 7,
  "opcode": "정보",
  "user": {
    "domain": "NT AUTHORITY",
    "type": "Well Known Group",
    "identifier": "S-1-5-18",
    "name": "SYSTEM"
  },
  "type": "wineventlog",
  "thread_id": 19220,
  "task": "Image loaded (rule: ImageLoad)",
  "record_number": "887",
  "level": "정보",
  "provider_guid": "{5770385F-C22A-43E0-BF4C-06F5698FFBD9}",
  "process_id": 8608
}
{
  "@timestamp": "2018-03-05T07:34:41.433Z",
  "@metadata": {
    "beat": "winlogbeat",
    "type": "doc",
    "version": "6.2.2"
  },
  "version": 3,
  "source_name": "Microsoft-Windows-Sysmon",
  "event_id": 7,
  "level": "정보",
  "user": {
    "name": "SYSTEM",
    "domain": "NT AUTHORITY",
    "type": "Well Known Group",
    "identifier": "S-1-5-18"
  },
  "thread_id": 23584,
  "type": "wineventlog",
  "log_name": "Microsoft-Windows-Sysmon/Operational",
  "computer_name": "DESKTOP-WJANG",
  "event_data": {
    "ImageLoaded": "C:\\Windows\\System32\\iertutil.dll",
    "SignatureStatus": "Valid",
    "Image": "C:\\Program Files\\Mozilla Firefox\\firefox.exe",
    "Company": "Microsoft Corporation",
    "Product": "Internet Explorer",
    "Signature": "Microsoft Windows",
    "UtcTime": "2018-03-05 07:34:41.354",
    "Signed": "true",
    "ProcessId": "17704",
    "Description": "Internet Explorer용 런타임 유틸리티",
    "ProcessGuid": "{A376A8F6-F294-5A9C-0000-001052E48503}",
    "FileVersion": "11.00.16299.15 (WinBuild.160101.0800)",
    "Hashes": "MD5=90D9EE0199A36764A8C88D0C73C5382F,SHA256=E574E7CDA4DD8CEA17CBA9CF9065A3E48C864C76A594582F6806209070CE4D51"
  },
  "beat": {
    "name": "DESKTOP-WJANG",
    "hostname": "DESKTOP-WJANG",
    "version": "6.2.2"
  },
  "process_id": 8608,
  "message": "Image loaded:\nUtcTime: 2018-03-05 07:34:41.354\nProcessGuid: {A376A8F6-F294-5A9C-0000-001052E48503}\nProcessId: 17704\nImage: C:\\Program Files\\Mozilla Firefox\\firefox.exe\nImageLoaded: C:\\Windows\\System32\\iertutil.dll\nFileVersion: 11.00.16299.15 (WinBuild.160101.0800)\nDescription: Internet Explorer용 런타임 유틸리티\nProduct: Internet Explorer\nCompany: Microsoft Corporation\nHashes: MD5=90D9EE0199A36764A8C88D0C73C5382F,SHA256=E574E7CDA4DD8CEA17CBA9CF9065A3E48C864C76A594582F6806209070CE4D51\nSigned: true\nSignature: Microsoft Windows\nSignatureStatus: Valid",
  "record_number": "888",
  "provider_guid": "{5770385F-C22A-43E0-BF4C-06F5698FFBD9}",
  "task": "Image loaded (rule: ImageLoad)",
  "opcode": "정보"
}
{
  "@timestamp": "2018-03-05T07:34:41.453Z",
  "@metadata": {
    "beat": "winlogbeat",
    "type": "doc",
    "version": "6.2.2"
  },
  "computer_name": "DESKTOP-WJANG",
  "event_id": 7,
  "task": "Image loaded (rule: ImageLoad)",
  "provider_guid": "{5770385F-C22A-43E0-BF4C-06F5698FFBD9}",
  "level": "정보",
  "opcode": "정보",
  "user": {
    "identifier": "S-1-5-18",
    "name": "SYSTEM",
    "domain": "NT AUTHORITY",
    "type": "Well Known Group"
  },
  "record_number": "889",
  "beat": {
    "hostname": "DESKTOP-WJANG",
    "version": "6.2.2",
    "name": "DESKTOP-WJANG"
  },
  "version": 3,
  "log_name": "Microsoft-Windows-Sysmon/Operational",
  "source_name": "Microsoft-Windows-Sysmon",
  "thread_id": 23584,
  "message": "Image loaded:\nUtcTime: 2018-03-05 07:34:41.363\nProcessGuid: {A376A8F6-F294-5A9C-0000-001052E48503}\nProcessId: 17704\nImage: C:\\Program Files\\Mozilla Firefox\\firefox.exe\nImageLoaded: C:\\Windows\\System32\\linkinfo.dll\nFileVersion: 10.0.16299.15 (WinBuild.160101.0800)\nDescription: Windows Volume Tracking\nProduct: Microsoft® Windows® Operating System\nCompany: Microsoft Corporation\nHashes: MD5=01FD4C27BDE3CBD99365F52D9B498B9B,SHA256=95F16476D65BB3C1938EF85C28DF24911E41EDCB47EF1E5E1FC1D0483159188E\nSigned: true\nSignature: Microsoft Windows\nSignatureStatus: Valid",
  "event_data": {
    "SignatureStatus": "Valid",
    "Product": "Microsoft® Windows® Operating System",
    "Image": "C:\\Program Files\\Mozilla Firefox\\firefox.exe",
    "ImageLoaded": "C:\\Windows\\System32\\linkinfo.dll",
    "Signature": "Microsoft Windows",
    "Description": "Windows Volume Tracking",
    "Signed": "true",
    "Hashes": "MD5=01FD4C27BDE3CBD99365F52D9B498B9B,SHA256=95F16476D65BB3C1938EF85C28DF24911E41EDCB47EF1E5E1FC1D0483159188E",
    "ProcessGuid": "{A376A8F6-F294-5A9C-0000-001052E48503}",
    "FileVersion": "10.0.16299.15 (WinBuild.160101.0800)",
    "Company": "Microsoft Corporation",
    "UtcTime": "2018-03-05 07:34:41.363",
    "ProcessId": "17704"
  },
  "process_id": 8608,
  "type": "wineventlog"
}
{
  "@timestamp": "2018-03-05T07:34:41.473Z",
  "@metadata": {
    "beat": "winlogbeat",
    "type": "doc",
    "version": "6.2.2"
  },
  "log_name": "Microsoft-Windows-Sysmon/Operational",
  "beat": {
    "hostname": "DESKTOP-WJANG",
    "version": "6.2.2",
    "name": "DESKTOP-WJANG"
  },
  "version": 3,
  "task": "Image loaded (rule: ImageLoad)",
  "opcode": "정보",
  "computer_name": "DESKTOP-WJANG",
  "record_number": "890",
  "provider_guid": "{5770385F-C22A-43E0-BF4C-06F5698FFBD9}",
  "level": "정보",
  "thread_id": 23584,
  "event_id": 7,
  "event_data": {
    "FileVersion": "10.0.16299.248 (WinBuild.160101.0800)",
    "Product": "Microsoft® Windows® Operating System",
    "Image": "C:\\Program Files\\Mozilla Firefox\\firefox.exe",
    "Hashes": "MD5=35FFCEB5D07FF65E67A9DCEC5A6C6808,SHA256=AD9F05845BE81A16C837B827DFC57AB70CF06CB67E89D7DBD8B4F5F9F99F7B15",
    "Description": "Cloud API user mode API",
    "Signature": "Microsoft Windows",
    "SignatureStatus": "Valid",
    "Company": "Microsoft Corporation",
    "UtcTime": "2018-03-05 07:34:41.378",
    "ProcessId": "17704",
    "ProcessGuid": "{A376A8F6-F294-5A9C-0000-001052E48503}",
    "ImageLoaded": "C:\\Windows\\System32\\cldapi.dll",
    "Signed": "true"
  },
  "user": {
    "name": "SYSTEM",
    "domain": "NT AUTHORITY",
    "type": "Well Known Group",
    "identifier": "S-1-5-18"
  },
  "type": "wineventlog",
  "message": "Image loaded:\nUtcTime: 2018-03-05 07:34:41.378\nProcessGuid: {A376A8F6-F294-5A9C-0000-001052E48503}\nProcessId: 17704\nImage: C:\\Program Files\\Mozilla Firefox\\firefox.exe\nImageLoaded: C:\\Windows\\System32\\cldapi.dll\nFileVersion: 10.0.16299.248 (WinBuild.160101.0800)\nDescription: Cloud API user mode API\nProduct: Microsoft® Windows® Operating System\nCompany: Microsoft Corporation\nHashes: MD5=35FFCEB5D07FF65E67A9DCEC5A6C6808,SHA256=AD9F05845BE81A16C837B827DFC57AB70CF06CB67E89D7DBD8B4F5F9F99F7B15\nSigned: true\nSignature: Microsoft Windows\nSignatureStatus: Valid",
  "source_name": "Microsoft-Windows-Sysmon",
  "process_id": 8608
}
