{
  "@timestamp": "2018-03-05T07:32:41.596Z",
  "@metadata": {
    "beat": "winlogbeat",
    "type": "doc",
    "version": "6.2.2"
  },
  "thread_id": 19220,
  "event_data": {
    "Signed": "true",
    "ProcessGuid": "{A376A8F6-F298-5A9C-0000-001071788803}",
    "ProcessId": "25364",
    "Company": "Mozilla Foundation",
    "Signature": "Mozilla Corporation",
    "ImageLoaded": "C:\\Program Files\\Mozilla Firefox\\freebl3.dll",
    "UtcTime": "2018-03-05 07:32:41.596",
    "Hashes": "MD5=DD64A00BD2F5654F6BF7F4224D586A36,SHA256=17373F9B75D8C2277356BF38B24D0CB3EA36F021320A0EB5AFF6B0CE049B2FB7",
    "FileVersion": "58.0.2",
    "Image": "C:\\Program Files\\Mozilla Firefox\\firefox.exe",
    "SignatureStatus": "Valid",
    "Product": "Firefox"
  },
  "type": "wineventlog",
  "process_id": 8608,
  "user": {
    "identifier": "S-1-5-18",
    "name": "SYSTEM",
    "domain": "NT AUTHORITY",
    "type": "Well Known Group"
  },
  "source_name": "Microsoft-Windows-Sysmon",
  "log_name": "Microsoft-Windows-Sysmon/Operational",
  "version": 3,
  "computer_name": "DESKTOP-WJANG",
  "opcode": "정보",
  "beat": {
    "name": "DESKTOP-WJANG",
    "hostname": "DESKTOP-WJANG",
    "version": "6.2.2"
  },
  "task": "Image loaded (rule: ImageLoad)",
  "event_id": 7,
  "record_number": "841",
  "provider_guid": "{5770385F-C22A-43E0-BF4C-06F5698FFBD9}",
  "level": "정보",
  "message": "Image loaded:\nUtcTime: 2018-03-05 07:32:41.596\nProcessGuid: {A376A8F6-F298-5A9C-0000-001071788803}\nProcessId: 25364\nImage: C:\\Program Files\\Mozilla Firefox\\firefox.exe\nImageLoaded: C:\\Program Files\\Mozilla Firefox\\freebl3.dll\nFileVersion: 58.0.2\nDescription: \nProduct: Firefox\nCompany: Mozilla Foundation\nHashes: MD5=DD64A00BD2F5654F6BF7F4224D586A36,SHA256=17373F9B75D8C2277356BF38B24D0CB3EA36F021320A0EB5AFF6B0CE049B2FB7\nSigned: true\nSignature: Mozilla Corporation\nSignatureStatus: Valid"
}
{
  "@timestamp": "2018-03-05T07:32:41.814Z",
  "@metadata": {
    "beat": "winlogbeat",
    "type": "doc",
    "version": "6.2.2"
  },
  "process_id": 8608,
  "event_data": {
    "ProcessGuid": "{A376A8F6-F294-5A9C-0000-001052E48503}",
    "DestinationPortName": "http",
    "SourcePort": "2390",
    "DestinationIsIpv6": "false",
    "Image": "C:\\Program Files\\Mozilla Firefox\\firefox.exe",
    "SourceIp": "192.168.198.67",
    "ProcessId": "17704",
    "SourceIsIpv6": "false",
    "DestinationIp": "182.162.106.43",
    "UtcTime": "2018-03-05 07:32:40.574",
    "Protocol": "tcp",
    "Initiated": "true",
    "SourceHostname": "DESKTOP-WJANG",
    "DestinationPort": "80",
    "User": "DESKTOP-WJANG\\wook8170"
  },
  "opcode": "정보",
  "computer_name": "DESKTOP-WJANG",
  "task": "Network connection detected (rule: NetworkConnect)",
  "message": "Network connection detected:\nUtcTime: 2018-03-05 07:32:40.574\nProcessGuid: {A376A8F6-F294-5A9C-0000-001052E48503}\nProcessId: 17704\nImage: C:\\Program Files\\Mozilla Firefox\\firefox.exe\nUser: DESKTOP-WJANG\\wook8170\nProtocol: tcp\nInitiated: true\nSourceIsIpv6: false\nSourceIp: 192.168.198.67\nSourceHostname: DESKTOP-WJANG\nSourcePort: 2390\nSourcePortName: \nDestinationIsIpv6: false\nDestinationIp: 182.162.106.43\nDestinationHostname: \nDestinationPort: 80\nDestinationPortName: http",
  "beat": {
    "name": "DESKTOP-WJANG",
    "hostname": "DESKTOP-WJANG",
    "version": "6.2.2"
  },
  "source_name": "Microsoft-Windows-Sysmon",
  "thread_id": 23856,
  "version": 5,
  "user": {
    "type": "Well Known Group",
    "identifier": "S-1-5-18",
    "name": "SYSTEM",
    "domain": "NT AUTHORITY"
  },
  "log_name": "Microsoft-Windows-Sysmon/Operational",
  "record_number": "842",
  "event_id": 3,
  "provider_guid": "{5770385F-C22A-43E0-BF4C-06F5698FFBD9}",
  "type": "wineventlog",
  "level": "정보"
}
{
  "@timestamp": "2018-03-05T07:32:41.830Z",
  "@metadata": {
    "beat": "winlogbeat",
    "type": "doc",
    "version": "6.2.2"
  },
  "type": "wineventlog",
  "record_number": "843",
  "beat": {
    "version": "6.2.2",
    "name": "DESKTOP-WJANG",
    "hostname": "DESKTOP-WJANG"
  },
  "opcode": "정보",
  "computer_name": "DESKTOP-WJANG",
  "version": 3,
  "source_name": "Microsoft-Windows-Sysmon",
  "thread_id": 23584,
  "level": "정보",
  "event_data": {
    "Hashes": "MD5=3CE3F298B054FF293BAA03BA7BB34B9C,SHA256=61D68DA5B3504CE1C8C916ED6E0315C691D6EB4660876268B2DBAD85607F9A50",
    "ImageLoaded": "C:\\Windows\\System32\\OneCoreCommonProxyStub.dll",
    "ProcessId": "17704",
    "FileVersion": "10.0.16299.248 (WinBuild.160101.0800)",
    "Signature": "Microsoft Windows",
    "ProcessGuid": "{A376A8F6-F294-5A9C-0000-001052E48503}",
    "Signed": "true",
    "Description": "OneCore Common Proxy Stub",
    "SignatureStatus": "Valid",
    "Image": "C:\\Program Files\\Mozilla Firefox\\firefox.exe",
    "Company": "Microsoft Corporation",
    "UtcTime": "2018-03-05 07:32:41.800",
    "Product": "Microsoft® Windows® Operating System"
  },
  "event_id": 7,
  "provider_guid": "{5770385F-C22A-43E0-BF4C-06F5698FFBD9}",
  "log_name": "Microsoft-Windows-Sysmon/Operational",
  "process_id": 8608,
  "user": {
    "name": "SYSTEM",
    "domain": "NT AUTHORITY",
    "type": "Well Known Group",
    "identifier": "S-1-5-18"
  },
  "task": "Image loaded (rule: ImageLoad)",
  "message": "Image loaded:\nUtcTime: 2018-03-05 07:32:41.800\nProcessGuid: {A376A8F6-F294-5A9C-0000-001052E48503}\nProcessId: 17704\nImage: C:\\Program Files\\Mozilla Firefox\\firefox.exe\nImageLoaded: C:\\Windows\\System32\\OneCoreCommonProxyStub.dll\nFileVersion: 10.0.16299.248 (WinBuild.160101.0800)\nDescription: OneCore Common Proxy Stub\nProduct: Microsoft® Windows® Operating System\nCompany: Microsoft Corporation\nHashes: MD5=3CE3F298B054FF293BAA03BA7BB34B9C,SHA256=61D68DA5B3504CE1C8C916ED6E0315C691D6EB4660876268B2DBAD85607F9A50\nSigned: true\nSignature: Microsoft Windows\nSignatureStatus: Valid"
}
{
  "@timestamp": "2018-03-05T07:32:41.925Z",
  "@metadata": {
    "beat": "winlogbeat",
    "type": "doc",
    "version": "6.2.2"
  },
  "opcode": "정보",
  "type": "wineventlog",
  "beat": {
    "version": "6.2.2",
    "name": "DESKTOP-WJANG",
    "hostname": "DESKTOP-WJANG"
  },
  "thread_id": 23584,
  "event_data": {
    "Description": "Microsoft® Cabinet File API",
    "ProcessGuid": "{A376A8F6-F297-5A9C-0000-00104D2C8803}",
    "FileVersion": "5.00 (WinBuild.160101.0800)",
    "Signed": "true",
    "ImageLoaded": "C:\\Windows\\System32\\cabinet.dll",
    "UtcTime": "2018-03-05 07:32:41.912",
    "Signature": "Microsoft Windows",
    "Product": "Microsoft® Windows® Operating System",
    "Company": "Microsoft Corporation",
    "ProcessId": "4624",
    "SignatureStatus": "Valid",
    "Image": "C:\\Program Files\\Mozilla Firefox\\firefox.exe",
    "Hashes": "MD5=3E26C0FB53B7B9F4778D4AD364EC7D22,SHA256=5186A50673992F19BDEC3F45F453DF5FEF3DC798AB9E33328BC3A5E15F1BF86C"
  },
  "level": "정보",
  "message": "Image loaded:\nUtcTime: 2018-03-05 07:32:41.912\nProcessGuid: {A376A8F6-F297-5A9C-0000-00104D2C8803}\nProcessId: 4624\nImage: C:\\Program Files\\Mozilla Firefox\\firefox.exe\nImageLoaded: C:\\Windows\\System32\\cabinet.dll\nFileVersion: 5.00 (WinBuild.160101.0800)\nDescription: Microsoft® Cabinet File API\nProduct: Microsoft® Windows® Operating System\nCompany: Microsoft Corporation\nHashes: MD5=3E26C0FB53B7B9F4778D4AD364EC7D22,SHA256=5186A50673992F19BDEC3F45F453DF5FEF3DC798AB9E33328BC3A5E15F1BF86C\nSigned: true\nSignature: Microsoft Windows\nSignatureStatus: Valid",
  "provider_guid": "{5770385F-C22A-43E0-BF4C-06F5698FFBD9}",
  "computer_name": "DESKTOP-WJANG",
  "record_number": "844",
  "task": "Image loaded (rule: ImageLoad)",
  "source_name": "Microsoft-Windows-Sysmon",
  "user": {
    "identifier": "S-1-5-18",
    "name": "SYSTEM",
    "domain": "NT AUTHORITY",
    "type": "Well Known Group"
  },
  "log_name": "Microsoft-Windows-Sysmon/Operational",
  "process_id": 8608,
  "event_id": 7,
  "version": 3
}
{
  "@timestamp": "2018-03-05T07:32:42.315Z",
  "@metadata": {
    "beat": "winlogbeat",
    "type": "doc",
    "version": "6.2.2"
  },
  "log_name": "Microsoft-Windows-Sysmon/Operational",
  "provider_guid": "{5770385F-C22A-43E0-BF4C-06F5698FFBD9}",
  "computer_name": "DESKTOP-WJANG",
  "type": "wineventlog",
  "event_data": {
    "User": "DESKTOP-WJANG\\wook8170",
    "ProcessGuid": "{A376A8F6-F294-5A9C-0000-001052E48503}",
    "Protocol": "tcp",
    "DestinationIsIpv6": "false",
    "DestinationPort": "80",
    "Image": "C:\\Program Files\\Mozilla Firefox\\firefox.exe",
    "Initiated": "true",
    "DestinationIp": "216.58.200.3",
    "ProcessId": "17704",
    "DestinationPortName": "http",
    "SourceIp": "192.168.198.67",
    "SourceIsIpv6": "false",
    "SourceHostname": "DESKTOP-WJANG",
    "UtcTime": "2018-03-05 07:32:40.615",
    "SourcePort": "2391",
    "DestinationHostname": "hkg12s11-in-f3.1e100.net"
  },
  "opcode": "정보",
  "process_id": 8608,
  "beat": {
    "name": "DESKTOP-WJANG",
    "hostname": "DESKTOP-WJANG",
    "version": "6.2.2"
  },
  "message": "Network connection detected:\nUtcTime: 2018-03-05 07:32:40.615\nProcessGuid: {A376A8F6-F294-5A9C-0000-001052E48503}\nProcessId: 17704\nImage: C:\\Program Files\\Mozilla Firefox\\firefox.exe\nUser: DESKTOP-WJANG\\wook8170\nProtocol: tcp\nInitiated: true\nSourceIsIpv6: false\nSourceIp: 192.168.198.67\nSourceHostname: DESKTOP-WJANG\nSourcePort: 2391\nSourcePortName: \nDestinationIsIpv6: false\nDestinationIp: 216.58.200.3\nDestinationHostname: hkg12s11-in-f3.1e100.net\nDestinationPort: 80\nDestinationPortName: http",
  "task": "Network connection detected (rule: NetworkConnect)",
  "user": {
    "name": "SYSTEM",
    "domain": "NT AUTHORITY",
    "type": "Well Known Group",
    "identifier": "S-1-5-18"
  },
  "source_name": "Microsoft-Windows-Sysmon",
  "record_number": "845",
  "version": 5,
  "level": "정보",
  "thread_id": 23856,
  "event_id": 3
}
{
  "@timestamp": "2018-03-05T07:32:42.315Z",
  "@metadata": {
    "beat": "winlogbeat",
    "type": "doc",
    "version": "6.2.2"
  },
  "source_name": "Microsoft-Windows-Sysmon",
  "level": "정보",
  "opcode": "정보",
  "event_id": 3,
  "provider_guid": "{5770385F-C22A-43E0-BF4C-06F5698FFBD9}",
  "user": {
    "identifier": "S-1-5-18",
    "name": "SYSTEM",
    "domain": "NT AUTHORITY",
    "type": "Well Known Group"
  },
  "computer_name": "DESKTOP-WJANG",
  "task": "Network connection detected (rule: NetworkConnect)",
  "event_data": {
    "Image": "C:\\Program Files\\Mozilla Firefox\\firefox.exe",
    "SourcePort": "2393",
    "SourceIp": "127.0.0.1",
    "ProcessGuid": "{A376A8F6-F298-5A9C-0000-00104DED8803}",
    "ProcessId": "4084",
    "SourceIsIpv6": "false",
    "SourcePortName": "ms-olap1",
    "DestinationIp": "127.0.0.1",
    "User": "DESKTOP-WJANG\\wook8170",
    "UtcTime": "2018-03-05 07:32:40.870",
    "Initiated": "true",
    "Protocol": "tcp",
    "DestinationIsIpv6": "false",
    "SourceHostname": "wook.com",
    "DestinationHostname": "wook.com",
    "DestinationPort": "2392"
  },
  "log_name": "Microsoft-Windows-Sysmon/Operational",
  "message": "Network connection detected:\nUtcTime: 2018-03-05 07:32:40.870\nProcessGuid: {A376A8F6-F298-5A9C-0000-00104DED8803}\nProcessId: 4084\nImage: C:\\Program Files\\Mozilla Firefox\\firefox.exe\nUser: DESKTOP-WJANG\\wook8170\nProtocol: tcp\nInitiated: true\nSourceIsIpv6: false\nSourceIp: 127.0.0.1\nSourceHostname: wook.com\nSourcePort: 2393\nSourcePortName: ms-olap1\nDestinationIsIpv6: false\nDestinationIp: 127.0.0.1\nDestinationHostname: wook.com\nDestinationPort: 2392\nDestinationPortName: ",
  "process_id": 8608,
  "beat": {
    "name": "DESKTOP-WJANG",
    "hostname": "DESKTOP-WJANG",
    "version": "6.2.2"
  },
  "type": "wineventlog",
  "record_number": "846",
  "thread_id": 23856,
  "version": 5
}
{
  "@timestamp": "2018-03-05T07:32:42.315Z",
  "@metadata": {
    "beat": "winlogbeat",
    "type": "doc",
    "version": "6.2.2"
  },
  "user": {
    "domain": "NT AUTHORITY",
    "type": "Well Known Group",
    "identifier": "S-1-5-18",
    "name": "SYSTEM"
  },
  "provider_guid": "{5770385F-C22A-43E0-BF4C-06F5698FFBD9}",
  "event_data": {
    "Image": "C:\\Program Files\\Mozilla Firefox\\firefox.exe",
    "ProcessGuid": "{A376A8F6-F298-5A9C-0000-00104DED8803}",
    "DestinationIsIpv6": "false",
    "SourceIsIpv6": "false",
    "SourcePort": "2392",
    "UtcTime": "2018-03-05 07:32:40.870",
    "Protocol": "tcp",
    "Initiated": "false",
    "DestinationPortName": "ms-olap1",
    "DestinationPort": "2393",
    "SourceIp": "127.0.0.1",
    "SourceHostname": "wook.com",
    "DestinationHostname": "wook.com",
    "ProcessId": "4084",
    "User": "DESKTOP-WJANG\\wook8170",
    "DestinationIp": "127.0.0.1"
  },
  "level": "정보",
  "type": "wineventlog",
  "opcode": "정보",
  "message": "Network connection detected:\nUtcTime: 2018-03-05 07:32:40.870\nProcessGuid: {A376A8F6-F298-5A9C-0000-00104DED8803}\nProcessId: 4084\nImage: C:\\Program Files\\Mozilla Firefox\\firefox.exe\nUser: DESKTOP-WJANG\\wook8170\nProtocol: tcp\nInitiated: false\nSourceIsIpv6: false\nSourceIp: 127.0.0.1\nSourceHostname: wook.com\nSourcePort: 2392\nSourcePortName: \nDestinationIsIpv6: false\nDestinationIp: 127.0.0.1\nDestinationHostname: wook.com\nDestinationPort: 2393\nDestinationPortName: ms-olap1",
  "log_name": "Microsoft-Windows-Sysmon/Operational",
  "source_name": "Microsoft-Windows-Sysmon",
  "record_number": "847",
  "beat": {
    "version": "6.2.2",
    "name": "DESKTOP-WJANG",
    "hostname": "DESKTOP-WJANG"
  },
  "process_id": 8608,
  "computer_name": "DESKTOP-WJANG",
  "event_id": 3,
  "version": 5,
  "task": "Network connection detected (rule: NetworkConnect)",
  "thread_id": 23856
}
{
  "@timestamp": "2018-03-05T07:32:42.315Z",
  "@metadata": {
    "beat": "winlogbeat",
    "type": "doc",
    "version": "6.2.2"
  },
  "log_name": "Microsoft-Windows-Sysmon/Operational",
  "record_number": "848",
  "source_name": "Microsoft-Windows-Sysmon",
  "thread_id": 23856,
  "message": "Network connection detected:\nUtcTime: 2018-03-05 07:32:41.212\nProcessGuid: {A376A8F6-F294-5A9C-0000-001052E48503}\nProcessId: 17704\nImage: C:\\Program Files\\Mozilla Firefox\\firefox.exe\nUser: DESKTOP-WJANG\\wook8170\nProtocol: tcp\nInitiated: true\nSourceIsIpv6: false\nSourceIp: 127.0.0.1\nSourceHostname: wook.com\nSourcePort: 2394\nSourcePortName: ms-olap2\nDestinationIsIpv6: false\nDestinationIp: 127.0.0.1\nDestinationHostname: wook.com\nDestinationPort: 1553\nDestinationPortName: ",
  "version": 5,
  "opcode": "정보",
  "level": "정보",
  "task": "Network connection detected (rule: NetworkConnect)",
  "provider_guid": "{5770385F-C22A-43E0-BF4C-06F5698FFBD9}",
  "event_data": {
    "ProcessGuid": "{A376A8F6-F294-5A9C-0000-001052E48503}",
    "SourcePortName": "ms-olap2",
    "DestinationPort": "1553",
    "Image": "C:\\Program Files\\Mozilla Firefox\\firefox.exe",
    "ProcessId": "17704",
    "SourcePort": "2394",
    "UtcTime": "2018-03-05 07:32:41.212",
    "SourceIp": "127.0.0.1",
    "SourceHostname": "wook.com",
    "DestinationIp": "127.0.0.1",
    "SourceIsIpv6": "false",
    "DestinationIsIpv6": "false",
    "Protocol": "tcp",
    "Initiated": "true",
    "User": "DESKTOP-WJANG\\wook8170",
    "DestinationHostname": "wook.com"
  },
  "computer_name": "DESKTOP-WJANG",
  "process_id": 8608,
  "user": {
    "domain": "NT AUTHORITY",
    "type": "Well Known Group",
    "identifier": "S-1-5-18",
    "name": "SYSTEM"
  },
  "beat": {
    "name": "DESKTOP-WJANG",
    "hostname": "DESKTOP-WJANG",
    "version": "6.2.2"
  },
  "type": "wineventlog",
  "event_id": 3
}
{
  "@timestamp": "2018-03-05T07:32:42.566Z",
  "@metadata": {
    "beat": "winlogbeat",
    "type": "doc",
    "version": "6.2.2"
  },
  "opcode": "정보",
  "process_id": 8608,
  "event_data": {
    "DestinationHostname": "138.213.186.35.bc.googleusercontent.com",
    "Image": "C:\\Program Files\\Mozilla Firefox\\firefox.exe",
    "Initiated": "true",
    "SourcePort": "2397",
    "DestinationPortName": "https",
    "DestinationPort": "443",
    "User": "DESKTOP-WJANG\\wook8170",
    "ProcessGuid": "{A376A8F6-F294-5A9C-0000-001052E48503}",
    "SourceIp": "192.168.198.67",
    "DestinationIsIpv6": "false",
    "Protocol": "tcp",
    "SourceHostname": "DESKTOP-WJANG",
    "ProcessId": "17704",
    "UtcTime": "2018-03-05 07:32:41.406",
    "DestinationIp": "35.186.213.138",
    "SourceIsIpv6": "false"
  },
  "task": "Network connection detected (rule: NetworkConnect)",
  "beat": {
    "name": "DESKTOP-WJANG",
    "hostname": "DESKTOP-WJANG",
    "version": "6.2.2"
  },
  "type": "wineventlog",
  "computer_name": "DESKTOP-WJANG",
  "log_name": "Microsoft-Windows-Sysmon/Operational",
  "record_number": "849",
  "event_id": 3,
  "user": {
    "identifier": "S-1-5-18",
    "name": "SYSTEM",
    "domain": "NT AUTHORITY",
    "type": "Well Known Group"
  },
  "provider_guid": "{5770385F-C22A-43E0-BF4C-06F5698FFBD9}",
  "thread_id": 23856,
  "message": "Network connection detected:\nUtcTime: 2018-03-05 07:32:41.406\nProcessGuid: {A376A8F6-F294-5A9C-0000-001052E48503}\nProcessId: 17704\nImage: C:\\Program Files\\Mozilla Firefox\\firefox.exe\nUser: DESKTOP-WJANG\\wook8170\nProtocol: tcp\nInitiated: true\nSourceIsIpv6: false\nSourceIp: 192.168.198.67\nSourceHostname: DESKTOP-WJANG\nSourcePort: 2397\nSourcePortName: \nDestinationIsIpv6: false\nDestinationIp: 35.186.213.138\nDestinationHostname: 138.213.186.35.bc.googleusercontent.com\nDestinationPort: 443\nDestinationPortName: https",
  "source_name": "Microsoft-Windows-Sysmon",
  "level": "정보",
  "version": 5
}
{
  "@timestamp": "2018-03-05T07:32:42.566Z",
  "@metadata": {
    "beat": "winlogbeat",
    "type": "doc",
    "version": "6.2.2"
  },
  "level": "정보",
  "opcode": "정보",
  "type": "wineventlog",
  "version": 5,
  "thread_id": 23856,
  "record_number": "850",
  "process_id": 8608,
  "event_data": {
    "User": "DESKTOP-WJANG\\wook8170",
    "ProcessGuid": "{A376A8F6-F294-5A9C-0000-001052E48503}",
    "SourcePort": "2399",
    "DestinationPortName": "http",
    "Image": "C:\\Program Files\\Mozilla Firefox\\firefox.exe",
    "ProcessId": "17704",
    "Protocol": "tcp",
    "Initiated": "true",
    "DestinationPort": "80",
    "SourceHostname": "DESKTOP-WJANG",
    "UtcTime": "2018-03-05 07:32:41.450",
    "DestinationIp": "117.18.237.29",
    "SourceIsIpv6": "false",
    "DestinationIsIpv6": "false",
    "SourceIp": "192.168.198.67"
  },
  "event_id": 3,
  "beat": {
    "name": "DESKTOP-WJANG",
    "hostname": "DESKTOP-WJANG",
    "version": "6.2.2"
  },
  "message": "Network connection detected:\nUtcTime: 2018-03-05 07:32:41.450\nProcessGuid: {A376A8F6-F294-5A9C-0000-001052E48503}\nProcessId: 17704\nImage: C:\\Program Files\\Mozilla Firefox\\firefox.exe\nUser: DESKTOP-WJANG\\wook8170\nProtocol: tcp\nInitiated: true\nSourceIsIpv6: false\nSourceIp: 192.168.198.67\nSourceHostname: DESKTOP-WJANG\nSourcePort: 2399\nSourcePortName: \nDestinationIsIpv6: false\nDestinationIp: 117.18.237.29\nDestinationHostname: \nDestinationPort: 80\nDestinationPortName: http",
  "user": {
    "domain": "NT AUTHORITY",
    "type": "Well Known Group",
    "identifier": "S-1-5-18",
    "name": "SYSTEM"
  },
  "log_name": "Microsoft-Windows-Sysmon/Operational",
  "source_name": "Microsoft-Windows-Sysmon",
  "task": "Network connection detected (rule: NetworkConnect)",
  "computer_name": "DESKTOP-WJANG",
  "provider_guid": "{5770385F-C22A-43E0-BF4C-06F5698FFBD9}"
}
{
  "@timestamp": "2018-03-05T07:32:42.566Z",
  "@metadata": {
    "beat": "winlogbeat",
    "type": "doc",
    "version": "6.2.2"
  },
  "task": "Network connection detected (rule: NetworkConnect)",
  "process_id": 8608,
  "record_number": "851",
  "type": "wineventlog",
  "thread_id": 23856,
  "computer_name": "DESKTOP-WJANG",
  "message": "Network connection detected:\nUtcTime: 2018-03-05 07:32:41.472\nProcessGuid: {A376A8F6-F294-5A9C-0000-001052E48503}\nProcessId: 17704\nImage: C:\\Program Files\\Mozilla Firefox\\firefox.exe\nUser: DESKTOP-WJANG\\wook8170\nProtocol: tcp\nInitiated: true\nSourceIsIpv6: false\nSourceIp: 192.168.198.67\nSourceHostname: DESKTOP-WJANG\nSourcePort: 2395\nSourcePortName: \nDestinationIsIpv6: false\nDestinationIp: 54.70.252.70\nDestinationHostname: ec2-54-70-252-70.us-west-2.compute.amazonaws.com\nDestinationPort: 443\nDestinationPortName: https",
  "user": {
    "identifier": "S-1-5-18",
    "name": "SYSTEM",
    "domain": "NT AUTHORITY",
    "type": "Well Known Group"
  },
  "level": "정보",
  "event_data": {
    "DestinationIsIpv6": "false",
    "DestinationPortName": "https",
    "DestinationPort": "443",
    "DestinationHostname": "ec2-54-70-252-70.us-west-2.compute.amazonaws.com",
    "ProcessGuid": "{A376A8F6-F294-5A9C-0000-001052E48503}",
    "Protocol": "tcp",
    "SourceIsIpv6": "false",
    "SourcePort": "2395",
    "ProcessId": "17704",
    "Image": "C:\\Program Files\\Mozilla Firefox\\firefox.exe",
    "User": "DESKTOP-WJANG\\wook8170",
    "Initiated": "true",
    "SourceHostname": "DESKTOP-WJANG",
    "DestinationIp": "54.70.252.70",
    "SourceIp": "192.168.198.67",
    "UtcTime": "2018-03-05 07:32:41.472"
  },
  "version": 5,
  "provider_guid": "{5770385F-C22A-43E0-BF4C-06F5698FFBD9}",
  "log_name": "Microsoft-Windows-Sysmon/Operational",
  "source_name": "Microsoft-Windows-Sysmon",
  "event_id": 3,
  "opcode": "정보",
  "beat": {
    "hostname": "DESKTOP-WJANG",
    "version": "6.2.2",
    "name": "DESKTOP-WJANG"
  }
}
{
  "@timestamp": "2018-03-05T07:32:42.566Z",
  "@metadata": {
    "beat": "winlogbeat",
    "type": "doc",
    "version": "6.2.2"
  },
  "type": "wineventlog",
  "message": "Network connection detected:\nUtcTime: 2018-03-05 07:32:41.488\nProcessGuid: {A376A8F6-F294-5A9C-0000-001052E48503}\nProcessId: 17704\nImage: C:\\Program Files\\Mozilla Firefox\\firefox.exe\nUser: DESKTOP-WJANG\\wook8170\nProtocol: tcp\nInitiated: true\nSourceIsIpv6: false\nSourceIp: 192.168.198.67\nSourceHostname: DESKTOP-WJANG\nSourcePort: 2398\nSourcePortName: \nDestinationIsIpv6: false\nDestinationIp: 216.58.200.3\nDestinationHostname: hkg12s11-in-f3.1e100.net\nDestinationPort: 443\nDestinationPortName: https",
  "level": "정보",
  "event_id": 3,
  "task": "Network connection detected (rule: NetworkConnect)",
  "provider_guid": "{5770385F-C22A-43E0-BF4C-06F5698FFBD9}",
  "thread_id": 23856,
  "record_number": "852",
  "source_name": "Microsoft-Windows-Sysmon",
  "log_name": "Microsoft-Windows-Sysmon/Operational",
  "user": {
    "domain": "NT AUTHORITY",
    "type": "Well Known Group",
    "identifier": "S-1-5-18",
    "name": "SYSTEM"
  },
  "event_data": {
    "DestinationIsIpv6": "false",
    "UtcTime": "2018-03-05 07:32:41.488",
    "DestinationPort": "443",
    "ProcessId": "17704",
    "SourceIsIpv6": "false",
    "SourceIp": "192.168.198.67",
    "DestinationPortName": "https",
    "DestinationHostname": "hkg12s11-in-f3.1e100.net",
    "Image": "C:\\Program Files\\Mozilla Firefox\\firefox.exe",
    "User": "DESKTOP-WJANG\\wook8170",
    "SourceHostname": "DESKTOP-WJANG",
    "SourcePort": "2398",
    "Initiated": "true",
    "ProcessGuid": "{A376A8F6-F294-5A9C-0000-001052E48503}",
    "Protocol": "tcp",
    "DestinationIp": "216.58.200.3"
  },
  "computer_name": "DESKTOP-WJANG",
  "version": 5,
  "process_id": 8608,
  "opcode": "정보",
  "beat": {
    "name": "DESKTOP-WJANG",
    "hostname": "DESKTOP-WJANG",
    "version": "6.2.2"
  }
}
{
  "@timestamp": "2018-03-05T07:32:42.566Z",
  "@metadata": {
    "beat": "winlogbeat",
    "type": "doc",
    "version": "6.2.2"
  },
  "provider_guid": "{5770385F-C22A-43E0-BF4C-06F5698FFBD9}",
  "thread_id": 23856,
  "type": "wineventlog",
  "event_id": 3,
  "message": "Network connection detected:\nUtcTime: 2018-03-05 07:32:41.521\nProcessGuid: {A376A8F6-F294-5A9C-0000-001052E48503}\nProcessId: 17704\nImage: C:\\Program Files\\Mozilla Firefox\\firefox.exe\nUser: DESKTOP-WJANG\\wook8170\nProtocol: tcp\nInitiated: true\nSourceIsIpv6: false\nSourceIp: 192.168.198.67\nSourceHostname: DESKTOP-WJANG\nSourcePort: 2396\nSourcePortName: \nDestinationIsIpv6: false\nDestinationIp: 35.164.100.242\nDestinationHostname: ec2-35-164-100-242.us-west-2.compute.amazonaws.com\nDestinationPort: 443\nDestinationPortName: https",
  "user": {
    "identifier": "S-1-5-18",
    "name": "SYSTEM",
    "domain": "NT AUTHORITY",
    "type": "Well Known Group"
  },
  "event_data": {
    "ProcessId": "17704",
    "SourceHostname": "DESKTOP-WJANG",
    "SourceIp": "192.168.198.67",
    "DestinationIp": "35.164.100.242",
    "SourceIsIpv6": "false",
    "DestinationPortName": "https",
    "DestinationIsIpv6": "false",
    "DestinationHostname": "ec2-35-164-100-242.us-west-2.compute.amazonaws.com",
    "ProcessGuid": "{A376A8F6-F294-5A9C-0000-001052E48503}",
    "Protocol": "tcp",
    "UtcTime": "2018-03-05 07:32:41.521",
    "DestinationPort": "443",
    "SourcePort": "2396",
    "Image": "C:\\Program Files\\Mozilla Firefox\\firefox.exe",
    "User": "DESKTOP-WJANG\\wook8170",
    "Initiated": "true"
  },
  "opcode": "정보",
  "beat": {
    "name": "DESKTOP-WJANG",
    "hostname": "DESKTOP-WJANG",
    "version": "6.2.2"
  },
  "log_name": "Microsoft-Windows-Sysmon/Operational",
  "source_name": "Microsoft-Windows-Sysmon",
  "level": "정보",
  "computer_name": "DESKTOP-WJANG",
  "process_id": 8608,
  "record_number": "853",
  "task": "Network connection detected (rule: NetworkConnect)",
  "version": 5
}
{
  "@timestamp": "2018-03-05T07:32:43.066Z",
  "@metadata": {
    "beat": "winlogbeat",
    "type": "doc",
    "version": "6.2.2"
  },
  "event_data": {
    "ProcessGuid": "{A376A8F6-F294-5A9C-0000-001052E48503}",
    "DestinationIsIpv6": "false",
    "SourcePort": "2400",
    "Initiated": "true",
    "DestinationIp": "216.58.221.225",
    "Protocol": "tcp",
    "User": "DESKTOP-WJANG\\wook8170",
    "DestinationHostname": "hkg07s21-in-f225.1e100.net",
    "SourceIsIpv6": "false",
    "SourceIp": "192.168.198.67",
    "DestinationPortName": "https",
    "SourceHostname": "DESKTOP-WJANG",
    "DestinationPort": "443",
    "UtcTime": "2018-03-05 07:32:41.910",
    "ProcessId": "17704",
    "Image": "C:\\Program Files\\Mozilla Firefox\\firefox.exe"
  },
  "version": 5,
  "beat": {
    "name": "DESKTOP-WJANG",
    "hostname": "DESKTOP-WJANG",
    "version": "6.2.2"
  },
  "log_name": "Microsoft-Windows-Sysmon/Operational",
  "message": "Network connection detected:\nUtcTime: 2018-03-05 07:32:41.910\nProcessGuid: {A376A8F6-F294-5A9C-0000-001052E48503}\nProcessId: 17704\nImage: C:\\Program Files\\Mozilla Firefox\\firefox.exe\nUser: DESKTOP-WJANG\\wook8170\nProtocol: tcp\nInitiated: true\nSourceIsIpv6: false\nSourceIp: 192.168.198.67\nSourceHostname: DESKTOP-WJANG\nSourcePort: 2400\nSourcePortName: \nDestinationIsIpv6: false\nDestinationIp: 216.58.221.225\nDestinationHostname: hkg07s21-in-f225.1e100.net\nDestinationPort: 443\nDestinationPortName: https",
  "process_id": 8608,
  "type": "wineventlog",
  "source_name": "Microsoft-Windows-Sysmon",
  "task": "Network connection detected (rule: NetworkConnect)",
  "level": "정보",
  "thread_id": 23856,
  "user": {
    "identifier": "S-1-5-18",
    "name": "SYSTEM",
    "domain": "NT AUTHORITY",
    "type": "Well Known Group"
  },
  "event_id": 3,
  "record_number": "854",
  "provider_guid": "{5770385F-C22A-43E0-BF4C-06F5698FFBD9}",
  "computer_name": "DESKTOP-WJANG",
  "opcode": "정보"
}
{
  "@timestamp": "2018-03-05T07:32:43.066Z",
  "@metadata": {
    "beat": "winlogbeat",
    "type": "doc",
    "version": "6.2.2"
  },
  "computer_name": "DESKTOP-WJANG",
  "version": 5,
  "level": "정보",
  "message": "Network connection detected:\nUtcTime: 2018-03-05 07:32:41.946\nProcessGuid: {A376A8F6-F294-5A9C-0000-001052E48503}\nProcessId: 17704\nImage: C:\\Program Files\\Mozilla Firefox\\firefox.exe\nUser: DESKTOP-WJANG\\wook8170\nProtocol: tcp\nInitiated: true\nSourceIsIpv6: false\nSourceIp: 192.168.198.67\nSourceHostname: DESKTOP-WJANG\nSourcePort: 2401\nSourcePortName: \nDestinationIsIpv6: false\nDestinationIp: 216.58.200.3\nDestinationHostname: hkg12s11-in-f3.1e100.net\nDestinationPort: 443\nDestinationPortName: https",
  "beat": {
    "name": "DESKTOP-WJANG",
    "hostname": "DESKTOP-WJANG",
    "version": "6.2.2"
  },
  "event_id": 3,
  "opcode": "정보",
  "event_data": {
    "ProcessId": "17704",
    "Initiated": "true",
    "Image": "C:\\Program Files\\Mozilla Firefox\\firefox.exe",
    "DestinationPortName": "https",
    "SourceIsIpv6": "false",
    "SourceIp": "192.168.198.67",
    "DestinationIsIpv6": "false",
    "UtcTime": "2018-03-05 07:32:41.946",
    "SourcePort": "2401",
    "DestinationPort": "443",
    "DestinationIp": "216.58.200.3",
    "ProcessGuid": "{A376A8F6-F294-5A9C-0000-001052E48503}",
    "DestinationHostname": "hkg12s11-in-f3.1e100.net",
    "Protocol": "tcp",
    "User": "DESKTOP-WJANG\\wook8170",
    "SourceHostname": "DESKTOP-WJANG"
  },
  "task": "Network connection detected (rule: NetworkConnect)",
  "type": "wineventlog",
  "user": {
    "identifier": "S-1-5-18",
    "name": "SYSTEM",
    "domain": "NT AUTHORITY",
    "type": "Well Known Group"
  },
  "source_name": "Microsoft-Windows-Sysmon",
  "process_id": 8608,
  "log_name": "Microsoft-Windows-Sysmon/Operational",
  "record_number": "855",
  "thread_id": 23856,
  "provider_guid": "{5770385F-C22A-43E0-BF4C-06F5698FFBD9}"
}
{
  "@timestamp": "2018-03-05T07:32:43.317Z",
  "@metadata": {
    "beat": "winlogbeat",
    "type": "doc",
    "version": "6.2.2"
  },
  "level": "정보",
  "source_name": "Microsoft-Windows-Sysmon",
  "provider_guid": "{5770385F-C22A-43E0-BF4C-06F5698FFBD9}",
  "record_number": "856",
  "message": "Network connection detected:\nUtcTime: 2018-03-05 07:32:42.132\nProcessGuid: {A376A8F6-F294-5A9C-0000-001052E48503}\nProcessId: 17704\nImage: C:\\Program Files\\Mozilla Firefox\\firefox.exe\nUser: DESKTOP-WJANG\\wook8170\nProtocol: tcp\nInitiated: true\nSourceIsIpv6: false\nSourceIp: 192.168.198.67\nSourceHostname: DESKTOP-WJANG\nSourcePort: 2402\nSourcePortName: \nDestinationIsIpv6: false\nDestinationIp: 172.217.24.40\nDestinationHostname: hkg07s23-in-f40.1e100.net\nDestinationPort: 443\nDestinationPortName: https",
  "thread_id": 23856,
  "type": "wineventlog",
  "beat": {
    "name": "DESKTOP-WJANG",
    "hostname": "DESKTOP-WJANG",
    "version": "6.2.2"
  },
  "event_id": 3,
  "event_data": {
    "Protocol": "tcp",
    "DestinationHostname": "hkg07s23-in-f40.1e100.net",
    "Image": "C:\\Program Files\\Mozilla Firefox\\firefox.exe",
    "ProcessGuid": "{A376A8F6-F294-5A9C-0000-001052E48503}",
    "Initiated": "true",
    "SourceIp": "192.168.198.67",
    "User": "DESKTOP-WJANG\\wook8170",
    "DestinationPortName": "https",
    "DestinationIp": "172.217.24.40",
    "DestinationPort": "443",
    "UtcTime": "2018-03-05 07:32:42.132",
    "ProcessId": "17704",
    "SourceIsIpv6": "false",
    "SourceHostname": "DESKTOP-WJANG",
    "SourcePort": "2402",
    "DestinationIsIpv6": "false"
  },
  "process_id": 8608,
  "opcode": "정보",
  "computer_name": "DESKTOP-WJANG",
  "version": 5,
  "task": "Network connection detected (rule: NetworkConnect)",
  "log_name": "Microsoft-Windows-Sysmon/Operational",
  "user": {
    "domain": "NT AUTHORITY",
    "type": "Well Known Group",
    "identifier": "S-1-5-18",
    "name": "SYSTEM"
  }
}
{
  "@timestamp": "2018-03-05T07:32:43.317Z",
  "@metadata": {
    "beat": "winlogbeat",
    "type": "doc",
    "version": "6.2.2"
  },
  "log_name": "Microsoft-Windows-Sysmon/Operational",
  "version": 5,
  "computer_name": "DESKTOP-WJANG",
  "user": {
    "identifier": "S-1-5-18",
    "name": "SYSTEM",
    "domain": "NT AUTHORITY",
    "type": "Well Known Group"
  },
  "beat": {
    "name": "DESKTOP-WJANG",
    "hostname": "DESKTOP-WJANG",
    "version": "6.2.2"
  },
  "source_name": "Microsoft-Windows-Sysmon",
  "type": "wineventlog",
  "event_data": {
    "SourceHostname": "DESKTOP-WJANG",
    "DestinationIp": "216.58.200.3",
    "ProcessGuid": "{A376A8F6-F294-5A9C-0000-001052E48503}",
    "SourceIp": "192.168.198.67",
    "DestinationHostname": "hkg12s11-in-f3.1e100.net",
    "ProcessId": "17704",
    "Image": "C:\\Program Files\\Mozilla Firefox\\firefox.exe",
    "DestinationIsIpv6": "false",
    "Initiated": "true",
    "DestinationPortName": "https",
    "UtcTime": "2018-03-05 07:32:42.154",
    "Protocol": "tcp",
    "User": "DESKTOP-WJANG\\wook8170",
    "DestinationPort": "443",
    "SourceIsIpv6": "false",
    "SourcePort": "2403"
  },
  "record_number": "857",
  "level": "정보",
  "process_id": 8608,
  "provider_guid": "{5770385F-C22A-43E0-BF4C-06F5698FFBD9}",
  "task": "Network connection detected (rule: NetworkConnect)",
  "opcode": "정보",
  "message": "Network connection detected:\nUtcTime: 2018-03-05 07:32:42.154\nProcessGuid: {A376A8F6-F294-5A9C-0000-001052E48503}\nProcessId: 17704\nImage: C:\\Program Files\\Mozilla Firefox\\firefox.exe\nUser: DESKTOP-WJANG\\wook8170\nProtocol: tcp\nInitiated: true\nSourceIsIpv6: false\nSourceIp: 192.168.198.67\nSourceHostname: DESKTOP-WJANG\nSourcePort: 2403\nSourcePortName: \nDestinationIsIpv6: false\nDestinationIp: 216.58.200.3\nDestinationHostname: hkg12s11-in-f3.1e100.net\nDestinationPort: 443\nDestinationPortName: https",
  "thread_id": 23856,
  "event_id": 3
}
{
  "@timestamp": "2018-03-05T07:32:43.317Z",
  "@metadata": {
    "beat": "winlogbeat",
    "type": "doc",
    "version": "6.2.2"
  },
  "computer_name": "DESKTOP-WJANG",
  "provider_guid": "{5770385F-C22A-43E0-BF4C-06F5698FFBD9}",
  "beat": {
    "name": "DESKTOP-WJANG",
    "hostname": "DESKTOP-WJANG",
    "version": "6.2.2"
  },
  "log_name": "Microsoft-Windows-Sysmon/Operational",
  "record_number": "858",
  "opcode": "정보",
  "event_data": {
    "UtcTime": "2018-03-05 07:32:42.222",
    "SourceIsIpv6": "false",
    "DestinationHostname": "hkg07s28-in-f2.1e100.net",
    "Initiated": "true",
    "DestinationIp": "172.217.31.226",
    "DestinationPortName": "https",
    "DestinationIsIpv6": "false",
    "SourcePort": "2404",
    "User": "DESKTOP-WJANG\\wook8170",
    "SourceHostname": "DESKTOP-WJANG",
    "DestinationPort": "443",
    "ProcessGuid": "{A376A8F6-F294-5A9C-0000-001052E48503}",
    "Image": "C:\\Program Files\\Mozilla Firefox\\firefox.exe",
    "Protocol": "tcp",
    "ProcessId": "17704",
    "SourceIp": "192.168.198.67"
  },
  "level": "정보",
  "process_id": 8608,
  "source_name": "Microsoft-Windows-Sysmon",
  "task": "Network connection detected (rule: NetworkConnect)",
  "message": "Network connection detected:\nUtcTime: 2018-03-05 07:32:42.222\nProcessGuid: {A376A8F6-F294-5A9C-0000-001052E48503}\nProcessId: 17704\nImage: C:\\Program Files\\Mozilla Firefox\\firefox.exe\nUser: DESKTOP-WJANG\\wook8170\nProtocol: tcp\nInitiated: true\nSourceIsIpv6: false\nSourceIp: 192.168.198.67\nSourceHostname: DESKTOP-WJANG\nSourcePort: 2404\nSourcePortName: \nDestinationIsIpv6: false\nDestinationIp: 172.217.31.226\nDestinationHostname: hkg07s28-in-f2.1e100.net\nDestinationPort: 443\nDestinationPortName: https",
  "type": "wineventlog",
  "event_id": 3,
  "thread_id": 23856,
  "version": 5,
  "user": {
    "name": "SYSTEM",
    "domain": "NT AUTHORITY",
    "type": "Well Known Group",
    "identifier": "S-1-5-18"
  }
}
{
  "@timestamp": "2018-03-05T07:32:43.817Z",
  "@metadata": {
    "beat": "winlogbeat",
    "type": "doc",
    "version": "6.2.2"
  },
  "message": "Network connection detected:\nUtcTime: 2018-03-05 07:32:42.650\nProcessGuid: {A376A8F6-F294-5A9C-0000-001052E48503}\nProcessId: 17704\nImage: C:\\Program Files\\Mozilla Firefox\\firefox.exe\nUser: DESKTOP-WJANG\\wook8170\nProtocol: tcp\nInitiated: true\nSourceIsIpv6: false\nSourceIp: 192.168.198.67\nSourceHostname: DESKTOP-WJANG\nSourcePort: 2406\nSourcePortName: \nDestinationIsIpv6: false\nDestinationIp: 216.58.200.14\nDestinationHostname: hkg12s11-in-f14.1e100.net\nDestinationPort: 443\nDestinationPortName: https",
  "type": "wineventlog",
  "log_name": "Microsoft-Windows-Sysmon/Operational",
  "process_id": 8608,
  "source_name": "Microsoft-Windows-Sysmon",
  "task": "Network connection detected (rule: NetworkConnect)",
  "record_number": "859",
  "opcode": "정보",
  "event_data": {
    "DestinationPort": "443",
    "User": "DESKTOP-WJANG\\wook8170",
    "DestinationPortName": "https",
    "ProcessId": "17704",
    "SourceIsIpv6": "false",
    "SourceIp": "192.168.198.67",
    "SourcePort": "2406",
    "DestinationIsIpv6": "false",
    "Image": "C:\\Program Files\\Mozilla Firefox\\firefox.exe",
    "Initiated": "true",
    "Protocol": "tcp",
    "UtcTime": "2018-03-05 07:32:42.650",
    "SourceHostname": "DESKTOP-WJANG",
    "DestinationIp": "216.58.200.14",
    "ProcessGuid": "{A376A8F6-F294-5A9C-0000-001052E48503}",
    "DestinationHostname": "hkg12s11-in-f14.1e100.net"
  },
  "beat": {
    "hostname": "DESKTOP-WJANG",
    "version": "6.2.2",
    "name": "DESKTOP-WJANG"
  },
  "thread_id": 23856,
  "provider_guid": "{5770385F-C22A-43E0-BF4C-06F5698FFBD9}",
  "user": {
    "domain": "NT AUTHORITY",
    "type": "Well Known Group",
    "identifier": "S-1-5-18",
    "name": "SYSTEM"
  },
  "level": "정보",
  "version": 5,
  "event_id": 3,
  "computer_name": "DESKTOP-WJANG"
}
{
  "@timestamp": "2018-03-05T07:32:43.817Z",
  "@metadata": {
    "beat": "winlogbeat",
    "type": "doc",
    "version": "6.2.2"
  },
  "beat": {
    "name": "DESKTOP-WJANG",
    "hostname": "DESKTOP-WJANG",
    "version": "6.2.2"
  },
  "record_number": "860",
  "thread_id": 23856,
  "log_name": "Microsoft-Windows-Sysmon/Operational",
  "version": 5,
  "process_id": 8608,
  "opcode": "정보",
  "message": "Network connection detected:\nUtcTime: 2018-03-05 07:32:42.651\nProcessGuid: {A376A8F6-F294-5A9C-0000-001052E48503}\nProcessId: 17704\nImage: C:\\Program Files\\Mozilla Firefox\\firefox.exe\nUser: DESKTOP-WJANG\\wook8170\nProtocol: tcp\nInitiated: true\nSourceIsIpv6: false\nSourceIp: 192.168.198.67\nSourceHostname: DESKTOP-WJANG\nSourcePort: 2408\nSourcePortName: \nDestinationIsIpv6: false\nDestinationIp: 216.58.200.14\nDestinationHostname: hkg12s11-in-f14.1e100.net\nDestinationPort: 443\nDestinationPortName: https",
  "event_id": 3,
  "user": {
    "domain": "NT AUTHORITY",
    "type": "Well Known Group",
    "identifier": "S-1-5-18",
    "name": "SYSTEM"
  },
  "source_name": "Microsoft-Windows-Sysmon",
  "computer_name": "DESKTOP-WJANG",
  "event_data": {
    "DestinationPortName": "https",
    "SourceHostname": "DESKTOP-WJANG",
    "SourcePort": "2408",
    "UtcTime": "2018-03-05 07:32:42.651",
    "ProcessId": "17704",
    "SourceIp": "192.168.198.67",
    "ProcessGuid": "{A376A8F6-F294-5A9C-0000-001052E48503}",
    "DestinationIp": "216.58.200.14",
    "User": "DESKTOP-WJANG\\wook8170",
    "Protocol": "tcp",
    "Image": "C:\\Program Files\\Mozilla Firefox\\firefox.exe",
    "SourceIsIpv6": "false",
    "Initiated": "true",
    "DestinationIsIpv6": "false",
    "DestinationHostname": "hkg12s11-in-f14.1e100.net",
    "DestinationPort": "443"
  },
  "type": "wineventlog",
  "level": "정보",
  "provider_guid": "{5770385F-C22A-43E0-BF4C-06F5698FFBD9}",
  "task": "Network connection detected (rule: NetworkConnect)"
}
{
  "@timestamp": "2018-03-05T07:32:43.817Z",
  "@metadata": {
    "beat": "winlogbeat",
    "type": "doc",
    "version": "6.2.2"
  },
  "type": "wineventlog",
  "source_name": "Microsoft-Windows-Sysmon",
  "task": "Network connection detected (rule: NetworkConnect)",
  "user": {
    "domain": "NT AUTHORITY",
    "type": "Well Known Group",
    "identifier": "S-1-5-18",
    "name": "SYSTEM"
  },
  "computer_name": "DESKTOP-WJANG",
  "process_id": 8608,
  "version": 5,
  "beat": {
    "name": "DESKTOP-WJANG",
    "hostname": "DESKTOP-WJANG",
    "version": "6.2.2"
  },
  "message": "Network connection detected:\nUtcTime: 2018-03-05 07:32:42.651\nProcessGuid: {A376A8F6-F294-5A9C-0000-001052E48503}\nProcessId: 17704\nImage: C:\\Program Files\\Mozilla Firefox\\firefox.exe\nUser: DESKTOP-WJANG\\wook8170\nProtocol: tcp\nInitiated: true\nSourceIsIpv6: false\nSourceIp: 192.168.198.67\nSourceHostname: DESKTOP-WJANG\nSourcePort: 2405\nSourcePortName: \nDestinationIsIpv6: false\nDestinationIp: 216.58.200.14\nDestinationHostname: hkg12s11-in-f14.1e100.net\nDestinationPort: 443\nDestinationPortName: https",
  "level": "정보",
  "log_name": "Microsoft-Windows-Sysmon/Operational",
  "record_number": "861",
  "event_data": {
    "ProcessId": "17704",
    "Image": "C:\\Program Files\\Mozilla Firefox\\firefox.exe",
    "Initiated": "true",
    "DestinationIsIpv6": "false",
    "DestinationIp": "216.58.200.14",
    "SourcePort": "2405",
    "User": "DESKTOP-WJANG\\wook8170",
    "SourceIsIpv6": "false",
    "UtcTime": "2018-03-05 07:32:42.651",
    "Protocol": "tcp",
    "DestinationPortName": "https",
    "SourceIp": "192.168.198.67",
    "DestinationHostname": "hkg12s11-in-f14.1e100.net",
    "DestinationPort": "443",
    "ProcessGuid": "{A376A8F6-F294-5A9C-0000-001052E48503}",
    "SourceHostname": "DESKTOP-WJANG"
  },
  "event_id": 3,
  "thread_id": 23856,
  "provider_guid": "{5770385F-C22A-43E0-BF4C-06F5698FFBD9}",
  "opcode": "정보"
}
{
  "@timestamp": "2018-03-05T07:32:43.817Z",
  "@metadata": {
    "beat": "winlogbeat",
    "type": "doc",
    "version": "6.2.2"
  },
  "task": "Network connection detected (rule: NetworkConnect)",
  "thread_id": 23856,
  "type": "wineventlog",
  "provider_guid": "{5770385F-C22A-43E0-BF4C-06F5698FFBD9}",
  "event_id": 3,
  "message": "Network connection detected:\nUtcTime: 2018-03-05 07:32:42.659\nProcessGuid: {A376A8F6-F294-5A9C-0000-001052E48503}\nProcessId: 17704\nImage: C:\\Program Files\\Mozilla Firefox\\firefox.exe\nUser: DESKTOP-WJANG\\wook8170\nProtocol: tcp\nInitiated: true\nSourceIsIpv6: false\nSourceIp: 192.168.198.67\nSourceHostname: DESKTOP-WJANG\nSourcePort: 2407\nSourcePortName: \nDestinationIsIpv6: false\nDestinationIp: 216.58.200.14\nDestinationHostname: hkg12s11-in-f14.1e100.net\nDestinationPort: 443\nDestinationPortName: https",
  "beat": {
    "name": "DESKTOP-WJANG",
    "hostname": "DESKTOP-WJANG",
    "version": "6.2.2"
  },
  "record_number": "862",
  "log_name": "Microsoft-Windows-Sysmon/Operational",
  "level": "정보",
  "event_data": {
    "User": "DESKTOP-WJANG\\wook8170",
    "ProcessId": "17704",
    "SourceHostname": "DESKTOP-WJANG",
    "DestinationPortName": "https",
    "DestinationIsIpv6": "false",
    "ProcessGuid": "{A376A8F6-F294-5A9C-0000-001052E48503}",
    "Initiated": "true",
    "Image": "C:\\Program Files\\Mozilla Firefox\\firefox.exe",
    "Protocol": "tcp",
    "SourceIp": "192.168.198.67",
    "DestinationPort": "443",
    "SourceIsIpv6": "false",
    "DestinationHostname": "hkg12s11-in-f14.1e100.net",
    "SourcePort": "2407",
    "UtcTime": "2018-03-05 07:32:42.659",
    "DestinationIp": "216.58.200.14"
  },
  "opcode": "정보",
  "user": {
    "domain": "NT AUTHORITY",
    "type": "Well Known Group",
    "identifier": "S-1-5-18",
    "name": "SYSTEM"
  },
  "computer_name": "DESKTOP-WJANG",
  "process_id": 8608,
  "source_name": "Microsoft-Windows-Sysmon",
  "version": 5
}
{
  "@timestamp": "2018-03-05T07:32:43.817Z",
  "@metadata": {
    "beat": "winlogbeat",
    "type": "doc",
    "version": "6.2.2"
  },
  "log_name": "Microsoft-Windows-Sysmon/Operational",
  "task": "Network connection detected (rule: NetworkConnect)",
  "opcode": "정보",
  "type": "wineventlog",
  "user": {
    "type": "Well Known Group",
    "identifier": "S-1-5-18",
    "name": "SYSTEM",
    "domain": "NT AUTHORITY"
  },
  "version": 5,
  "message": "Network connection detected:\nUtcTime: 2018-03-05 07:32:42.680\nProcessGuid: {A376A8F6-F294-5A9C-0000-001052E48503}\nProcessId: 17704\nImage: C:\\Program Files\\Mozilla Firefox\\firefox.exe\nUser: DESKTOP-WJANG\\wook8170\nProtocol: tcp\nInitiated: true\nSourceIsIpv6: false\nSourceIp: 192.168.198.67\nSourceHostname: DESKTOP-WJANG\nSourcePort: 2409\nSourcePortName: \nDestinationIsIpv6: false\nDestinationIp: 216.58.221.238\nDestinationHostname: hkg07s21-in-f14.1e100.net\nDestinationPort: 443\nDestinationPortName: https",
  "process_id": 8608,
  "source_name": "Microsoft-Windows-Sysmon",
  "level": "정보",
  "provider_guid": "{5770385F-C22A-43E0-BF4C-06F5698FFBD9}",
  "thread_id": 23856,
  "record_number": "863",
  "event_id": 3,
  "beat": {
    "name": "DESKTOP-WJANG",
    "hostname": "DESKTOP-WJANG",
    "version": "6.2.2"
  },
  "event_data": {
    "Initiated": "true",
    "Image": "C:\\Program Files\\Mozilla Firefox\\firefox.exe",
    "SourcePort": "2409",
    "DestinationPort": "443",
    "SourceIsIpv6": "false",
    "DestinationPortName": "https",
    "SourceIp": "192.168.198.67",
    "SourceHostname": "DESKTOP-WJANG",
    "User": "DESKTOP-WJANG\\wook8170",
    "Protocol": "tcp",
    "ProcessGuid": "{A376A8F6-F294-5A9C-0000-001052E48503}",
    "DestinationIsIpv6": "false",
    "DestinationHostname": "hkg07s21-in-f14.1e100.net",
    "ProcessId": "17704",
    "UtcTime": "2018-03-05 07:32:42.680",
    "DestinationIp": "216.58.221.238"
  },
  "computer_name": "DESKTOP-WJANG"
}
{
  "@timestamp": "2018-03-05T07:32:43.817Z",
  "@metadata": {
    "beat": "winlogbeat",
    "type": "doc",
    "version": "6.2.2"
  },
  "user": {
    "name": "SYSTEM",
    "domain": "NT AUTHORITY",
    "type": "Well Known Group",
    "identifier": "S-1-5-18"
  },
  "log_name": "Microsoft-Windows-Sysmon/Operational",
  "record_number": "864",
  "event_data": {
    "SourceHostname": "DESKTOP-WJANG",
    "DestinationHostname": "hkg12s11-in-f14.1e100.net",
    "DestinationPortName": "https",
    "DestinationIsIpv6": "false",
    "Protocol": "tcp",
    "User": "DESKTOP-WJANG\\wook8170",
    "DestinationIp": "216.58.200.14",
    "Image": "C:\\Program Files\\Mozilla Firefox\\firefox.exe",
    "SourceIp": "192.168.198.67",
    "ProcessId": "17704",
    "Initiated": "true",
    "UtcTime": "2018-03-05 07:32:42.697",
    "SourcePort": "2410",
    "SourceIsIpv6": "false",
    "ProcessGuid": "{A376A8F6-F294-5A9C-0000-001052E48503}",
    "DestinationPort": "443"
  },
  "task": "Network connection detected (rule: NetworkConnect)",
  "type": "wineventlog",
  "provider_guid": "{5770385F-C22A-43E0-BF4C-06F5698FFBD9}",
  "source_name": "Microsoft-Windows-Sysmon",
  "version": 5,
  "opcode": "정보",
  "message": "Network connection detected:\nUtcTime: 2018-03-05 07:32:42.697\nProcessGuid: {A376A8F6-F294-5A9C-0000-001052E48503}\nProcessId: 17704\nImage: C:\\Program Files\\Mozilla Firefox\\firefox.exe\nUser: DESKTOP-WJANG\\wook8170\nProtocol: tcp\nInitiated: true\nSourceIsIpv6: false\nSourceIp: 192.168.198.67\nSourceHostname: DESKTOP-WJANG\nSourcePort: 2410\nSourcePortName: \nDestinationIsIpv6: false\nDestinationIp: 216.58.200.14\nDestinationHostname: hkg12s11-in-f14.1e100.net\nDestinationPort: 443\nDestinationPortName: https",
  "beat": {
    "name": "DESKTOP-WJANG",
    "hostname": "DESKTOP-WJANG",
    "version": "6.2.2"
  },
  "process_id": 8608,
  "event_id": 3,
  "level": "정보",
  "thread_id": 23856,
  "computer_name": "DESKTOP-WJANG"
}
{
  "@timestamp": "2018-03-05T07:32:44.825Z",
  "@metadata": {
    "beat": "winlogbeat",
    "type": "doc",
    "version": "6.2.2"
  },
  "user": {
    "identifier": "S-1-5-18",
    "name": "SYSTEM",
    "domain": "NT AUTHORITY",
    "type": "Well Known Group"
  },
  "beat": {
    "name": "DESKTOP-WJANG",
    "hostname": "DESKTOP-WJANG",
    "version": "6.2.2"
  },
  "event_id": 7,
  "provider_guid": "{5770385F-C22A-43E0-BF4C-06F5698FFBD9}",
  "source_name": "Microsoft-Windows-Sysmon",
  "thread_id": 19220,
  "task": "Image loaded (rule: ImageLoad)",
  "log_name": "Microsoft-Windows-Sysmon/Operational",
  "process_id": 8608,
  "message": "Image loaded:\nUtcTime: 2018-03-05 07:32:44.824\nProcessGuid: {A376A8F6-F297-5A9C-0000-00104D2C8803}\nProcessId: 4624\nImage: C:\\Program Files\\Mozilla Firefox\\firefox.exe\nImageLoaded: C:\\Windows\\System32\\OneCoreCommonProxyStub.dll\nFileVersion: 10.0.16299.248 (WinBuild.160101.0800)\nDescription: OneCore Common Proxy Stub\nProduct: Microsoft® Windows® Operating System\nCompany: Microsoft Corporation\nHashes: MD5=3CE3F298B054FF293BAA03BA7BB34B9C,SHA256=61D68DA5B3504CE1C8C916ED6E0315C691D6EB4660876268B2DBAD85607F9A50\nSigned: true\nSignature: Microsoft Windows\nSignatureStatus: Valid",
  "record_number": "865",
  "computer_name": "DESKTOP-WJANG",
  "level": "정보",
  "event_data": {
    "Signed": "true",
    "FileVersion": "10.0.16299.248 (WinBuild.160101.0800)",
    "Image": "C:\\Program Files\\Mozilla Firefox\\firefox.exe",
    "UtcTime": "2018-03-05 07:32:44.824",
    "ProcessGuid": "{A376A8F6-F297-5A9C-0000-00104D2C8803}",
    "Hashes": "MD5=3CE3F298B054FF293BAA03BA7BB34B9C,SHA256=61D68DA5B3504CE1C8C916ED6E0315C691D6EB4660876268B2DBAD85607F9A50",
    "Company": "Microsoft Corporation",
    "ProcessId": "4624",
    "ImageLoaded": "C:\\Windows\\System32\\OneCoreCommonProxyStub.dll",
    "SignatureStatus": "Valid",
    "Signature": "Microsoft Windows",
    "Description": "OneCore Common Proxy Stub",
    "Product": "Microsoft® Windows® Operating System"
  },
  "version": 3,
  "opcode": "정보",
  "type": "wineventlog"
}
