{
  "@timestamp": "2018-03-05T07:32:41.093Z",
  "@metadata": {
    "beat": "winlogbeat",
    "type": "doc",
    "version": "6.2.2"
  },
  "opcode": "정보",
  "process_id": 8608,
  "version": 3,
  "log_name": "Microsoft-Windows-Sysmon/Operational",
  "task": "Image loaded (rule: ImageLoad)",
  "thread_id": 23584,
  "record_number": "816",
  "computer_name": "DESKTOP-WJANG",
  "provider_guid": "{5770385F-C22A-43E0-BF4C-06F5698FFBD9}",
  "level": "정보",
  "beat": {
    "version": "6.2.2",
    "name": "DESKTOP-WJANG",
    "hostname": "DESKTOP-WJANG"
  },
  "user": {
    "type": "Well Known Group",
    "identifier": "S-1-5-18",
    "name": "SYSTEM",
    "domain": "NT AUTHORITY"
  },
  "event_id": 7,
  "event_data": {
    "Company": "Mozilla Foundation",
    "ProcessGuid": "{A376A8F6-F294-5A9C-0000-001052E48503}",
    "Hashes": "MD5=DD64A00BD2F5654F6BF7F4224D586A36,SHA256=17373F9B75D8C2277356BF38B24D0CB3EA36F021320A0EB5AFF6B0CE049B2FB7",
    "Signature": "Mozilla Corporation",
    "Image": "C:\\Program Files\\Mozilla Firefox\\firefox.exe",
    "UtcTime": "2018-03-05 07:32:40.372",
    "SignatureStatus": "Valid",
    "ImageLoaded": "C:\\Program Files\\Mozilla Firefox\\freebl3.dll",
    "ProcessId": "17704",
    "FileVersion": "58.0.2",
    "Product": "Firefox",
    "Signed": "true"
  },
  "message": "Image loaded:\nUtcTime: 2018-03-05 07:32:40.372\nProcessGuid: {A376A8F6-F294-5A9C-0000-001052E48503}\nProcessId: 17704\nImage: C:\\Program Files\\Mozilla Firefox\\firefox.exe\nImageLoaded: C:\\Program Files\\Mozilla Firefox\\freebl3.dll\nFileVersion: 58.0.2\nDescription: \nProduct: Firefox\nCompany: Mozilla Foundation\nHashes: MD5=DD64A00BD2F5654F6BF7F4224D586A36,SHA256=17373F9B75D8C2277356BF38B24D0CB3EA36F021320A0EB5AFF6B0CE049B2FB7\nSigned: true\nSignature: Mozilla Corporation\nSignatureStatus: Valid",
  "type": "wineventlog",
  "source_name": "Microsoft-Windows-Sysmon"
}
{
  "@timestamp": "2018-03-05T07:32:41.094Z",
  "@metadata": {
    "beat": "winlogbeat",
    "type": "doc",
    "version": "6.2.2"
  },
  "record_number": "817",
  "provider_guid": "{5770385F-C22A-43E0-BF4C-06F5698FFBD9}",
  "event_id": 7,
  "level": "정보",
  "process_id": 8608,
  "type": "wineventlog",
  "event_data": {
    "Signature": "Microsoft Windows",
    "SignatureStatus": "Valid",
    "Description": "Microsoft 색 일치 시스템 DLL",
    "Image": "C:\\Program Files\\Mozilla Firefox\\firefox.exe",
    "ImageLoaded": "C:\\Windows\\System32\\mscms.dll",
    "FileVersion": "10.0.16299.15 (WinBuild.160101.0800)",
    "Hashes": "MD5=C61683CB6631D3E001AD6C3673408501,SHA256=92A72F37F66545EB16CEB500DD61A188BDBCA9D37F1AFA375436DBCEAF965064",
    "ProcessGuid": "{A376A8F6-F298-5A9C-0000-00104DED8803}",
    "Signed": "true",
    "UtcTime": "2018-03-05 07:32:41.091",
    "Company": "Microsoft Corporation",
    "ProcessId": "4084",
    "Product": "Microsoft® Windows® Operating System"
  },
  "beat": {
    "name": "DESKTOP-WJANG",
    "hostname": "DESKTOP-WJANG",
    "version": "6.2.2"
  },
  "user": {
    "domain": "NT AUTHORITY",
    "type": "Well Known Group",
    "identifier": "S-1-5-18",
    "name": "SYSTEM"
  },
  "opcode": "정보",
  "source_name": "Microsoft-Windows-Sysmon",
  "task": "Image loaded (rule: ImageLoad)",
  "log_name": "Microsoft-Windows-Sysmon/Operational",
  "thread_id": 19220,
  "computer_name": "DESKTOP-WJANG",
  "version": 3,
  "message": "Image loaded:\nUtcTime: 2018-03-05 07:32:41.091\nProcessGuid: {A376A8F6-F298-5A9C-0000-00104DED8803}\nProcessId: 4084\nImage: C:\\Program Files\\Mozilla Firefox\\firefox.exe\nImageLoaded: C:\\Windows\\System32\\mscms.dll\nFileVersion: 10.0.16299.15 (WinBuild.160101.0800)\nDescription: Microsoft 색 일치 시스템 DLL\nProduct: Microsoft® Windows® Operating System\nCompany: Microsoft Corporation\nHashes: MD5=C61683CB6631D3E001AD6C3673408501,SHA256=92A72F37F66545EB16CEB500DD61A188BDBCA9D37F1AFA375436DBCEAF965064\nSigned: true\nSignature: Microsoft Windows\nSignatureStatus: Valid"
}
{
  "@timestamp": "2018-03-05T07:32:41.098Z",
  "@metadata": {
    "beat": "winlogbeat",
    "type": "doc",
    "version": "6.2.2"
  },
  "event_id": 7,
  "level": "정보",
  "version": 3,
  "process_id": 8608,
  "event_data": {
    "Hashes": "MD5=5557C136836206282F6343886A337EB4,SHA256=F5C25B53E8EBF55927F83E2484A706F8781FF75DB77C57BBBB8B2E02CB42273E",
    "FileVersion": "10.0.16299.15 (WinBuild.160101.0800)",
    "ProcessGuid": "{A376A8F6-F298-5A9C-0000-00104DED8803}",
    "Image": "C:\\Program Files\\Mozilla Firefox\\firefox.exe",
    "Description": "Microsoft Color Management Module (CMM)",
    "Signed": "true",
    "Signature": "Microsoft Windows",
    "ProcessId": "4084",
    "Product": "Microsoft® Windows® Operating System",
    "UtcTime": "2018-03-05 07:32:41.096",
    "SignatureStatus": "Valid",
    "Company": "Microsoft Corporation",
    "ImageLoaded": "C:\\Windows\\System32\\icm32.dll"
  },
  "type": "wineventlog",
  "log_name": "Microsoft-Windows-Sysmon/Operational",
  "record_number": "818",
  "task": "Image loaded (rule: ImageLoad)",
  "message": "Image loaded:\nUtcTime: 2018-03-05 07:32:41.096\nProcessGuid: {A376A8F6-F298-5A9C-0000-00104DED8803}\nProcessId: 4084\nImage: C:\\Program Files\\Mozilla Firefox\\firefox.exe\nImageLoaded: C:\\Windows\\System32\\icm32.dll\nFileVersion: 10.0.16299.15 (WinBuild.160101.0800)\nDescription: Microsoft Color Management Module (CMM)\nProduct: Microsoft® Windows® Operating System\nCompany: Microsoft Corporation\nHashes: MD5=5557C136836206282F6343886A337EB4,SHA256=F5C25B53E8EBF55927F83E2484A706F8781FF75DB77C57BBBB8B2E02CB42273E\nSigned: true\nSignature: Microsoft Windows\nSignatureStatus: Valid",
  "opcode": "정보",
  "beat": {
    "version": "6.2.2",
    "name": "DESKTOP-WJANG",
    "hostname": "DESKTOP-WJANG"
  },
  "source_name": "Microsoft-Windows-Sysmon",
  "computer_name": "DESKTOP-WJANG",
  "thread_id": 19220,
  "user": {
    "name": "SYSTEM",
    "domain": "NT AUTHORITY",
    "type": "Well Known Group",
    "identifier": "S-1-5-18"
  },
  "provider_guid": "{5770385F-C22A-43E0-BF4C-06F5698FFBD9}"
}
{
  "@timestamp": "2018-03-05T07:32:41.104Z",
  "@metadata": {
    "beat": "winlogbeat",
    "type": "doc",
    "version": "6.2.2"
  },
  "event_data": {
    "Product": "Firefox",
    "UtcTime": "2018-03-05 07:32:40.545",
    "SignatureStatus": "Valid",
    "FileVersion": "58.0.2",
    "Signed": "true",
    "Signature": "Mozilla Corporation",
    "ProcessGuid": "{A376A8F6-F298-5A9C-0000-001071788803}",
    "ImageLoaded": "C:\\Program Files\\Mozilla Firefox\\AccessibleHandler.dll",
    "Company": "Mozilla Foundation",
    "Hashes": "MD5=5DFF14F02B9D4F32C0323853DC686714,SHA256=AE50116A50BAC74255A6E26AD6EA37E6C07D7FD11C26BDD8BD9B86A5C220C1FB",
    "ProcessId": "25364",
    "Image": "C:\\Program Files\\Mozilla Firefox\\firefox.exe"
  },
  "log_name": "Microsoft-Windows-Sysmon/Operational",
  "thread_id": 23584,
  "provider_guid": "{5770385F-C22A-43E0-BF4C-06F5698FFBD9}",
  "message": "Image loaded:\nUtcTime: 2018-03-05 07:32:40.545\nProcessGuid: {A376A8F6-F298-5A9C-0000-001071788803}\nProcessId: 25364\nImage: C:\\Program Files\\Mozilla Firefox\\firefox.exe\nImageLoaded: C:\\Program Files\\Mozilla Firefox\\AccessibleHandler.dll\nFileVersion: 58.0.2\nDescription: \nProduct: Firefox\nCompany: Mozilla Foundation\nHashes: MD5=5DFF14F02B9D4F32C0323853DC686714,SHA256=AE50116A50BAC74255A6E26AD6EA37E6C07D7FD11C26BDD8BD9B86A5C220C1FB\nSigned: true\nSignature: Mozilla Corporation\nSignatureStatus: Valid",
  "opcode": "정보",
  "computer_name": "DESKTOP-WJANG",
  "level": "정보",
  "beat": {
    "name": "DESKTOP-WJANG",
    "hostname": "DESKTOP-WJANG",
    "version": "6.2.2"
  },
  "process_id": 8608,
  "event_id": 7,
  "source_name": "Microsoft-Windows-Sysmon",
  "record_number": "819",
  "version": 3,
  "task": "Image loaded (rule: ImageLoad)",
  "user": {
    "type": "Well Known Group",
    "identifier": "S-1-5-18",
    "name": "SYSTEM",
    "domain": "NT AUTHORITY"
  },
  "type": "wineventlog"
}
{
  "@timestamp": "2018-03-05T07:32:41.104Z",
  "@metadata": {
    "beat": "winlogbeat",
    "type": "doc",
    "version": "6.2.2"
  },
  "user": {
    "domain": "NT AUTHORITY",
    "type": "Well Known Group",
    "identifier": "S-1-5-18",
    "name": "SYSTEM"
  },
  "type": "wineventlog",
  "computer_name": "DESKTOP-WJANG",
  "beat": {
    "name": "DESKTOP-WJANG",
    "hostname": "DESKTOP-WJANG",
    "version": "6.2.2"
  },
  "thread_id": 23584,
  "level": "정보",
  "message": "Image loaded:\nUtcTime: 2018-03-05 07:32:40.488\nProcessGuid: {A376A8F6-F294-5A9C-0000-001052E48503}\nProcessId: 17704\nImage: C:\\Program Files\\Mozilla Firefox\\firefox.exe\nImageLoaded: C:\\Program Files\\Mozilla Firefox\\AccessibleHandler.dll\nFileVersion: 58.0.2\nDescription: \nProduct: Firefox\nCompany: Mozilla Foundation\nHashes: MD5=5DFF14F02B9D4F32C0323853DC686714,SHA256=AE50116A50BAC74255A6E26AD6EA37E6C07D7FD11C26BDD8BD9B86A5C220C1FB\nSigned: true\nSignature: Mozilla Corporation\nSignatureStatus: Valid",
  "process_id": 8608,
  "event_data": {
    "ProcessGuid": "{A376A8F6-F294-5A9C-0000-001052E48503}",
    "Product": "Firefox",
    "ImageLoaded": "C:\\Program Files\\Mozilla Firefox\\AccessibleHandler.dll",
    "Company": "Mozilla Foundation",
    "ProcessId": "17704",
    "Image": "C:\\Program Files\\Mozilla Firefox\\firefox.exe",
    "Signature": "Mozilla Corporation",
    "UtcTime": "2018-03-05 07:32:40.488",
    "Signed": "true",
    "Hashes": "MD5=5DFF14F02B9D4F32C0323853DC686714,SHA256=AE50116A50BAC74255A6E26AD6EA37E6C07D7FD11C26BDD8BD9B86A5C220C1FB",
    "SignatureStatus": "Valid",
    "FileVersion": "58.0.2"
  },
  "provider_guid": "{5770385F-C22A-43E0-BF4C-06F5698FFBD9}",
  "log_name": "Microsoft-Windows-Sysmon/Operational",
  "event_id": 7,
  "source_name": "Microsoft-Windows-Sysmon",
  "task": "Image loaded (rule: ImageLoad)",
  "version": 3,
  "record_number": "820",
  "opcode": "정보"
}
{
  "@timestamp": "2018-03-05T07:32:41.105Z",
  "@metadata": {
    "beat": "winlogbeat",
    "type": "doc",
    "version": "6.2.2"
  },
  "provider_guid": "{5770385F-C22A-43E0-BF4C-06F5698FFBD9}",
  "process_id": 8608,
  "version": 3,
  "type": "wineventlog",
  "record_number": "821",
  "source_name": "Microsoft-Windows-Sysmon",
  "opcode": "정보",
  "thread_id": 23584,
  "user": {
    "type": "Well Known Group",
    "identifier": "S-1-5-18",
    "name": "SYSTEM",
    "domain": "NT AUTHORITY"
  },
  "event_data": {
    "Product": "Firefox",
    "ImageLoaded": "C:\\Program Files\\Mozilla Firefox\\AccessibleHandler.dll",
    "FileVersion": "58.0.2",
    "Image": "C:\\Program Files\\Mozilla Firefox\\firefox.exe",
    "ProcessGuid": "{A376A8F6-F297-5A9C-0000-00104D2C8803}",
    "Signature": "Mozilla Corporation",
    "SignatureStatus": "Valid",
    "Hashes": "MD5=5DFF14F02B9D4F32C0323853DC686714,SHA256=AE50116A50BAC74255A6E26AD6EA37E6C07D7FD11C26BDD8BD9B86A5C220C1FB",
    "ProcessId": "4624",
    "UtcTime": "2018-03-05 07:32:40.389",
    "Company": "Mozilla Foundation",
    "Signed": "true"
  },
  "level": "정보",
  "beat": {
    "name": "DESKTOP-WJANG",
    "hostname": "DESKTOP-WJANG",
    "version": "6.2.2"
  },
  "task": "Image loaded (rule: ImageLoad)",
  "event_id": 7,
  "log_name": "Microsoft-Windows-Sysmon/Operational",
  "computer_name": "DESKTOP-WJANG",
  "message": "Image loaded:\nUtcTime: 2018-03-05 07:32:40.389\nProcessGuid: {A376A8F6-F297-5A9C-0000-00104D2C8803}\nProcessId: 4624\nImage: C:\\Program Files\\Mozilla Firefox\\firefox.exe\nImageLoaded: C:\\Program Files\\Mozilla Firefox\\AccessibleHandler.dll\nFileVersion: 58.0.2\nDescription: \nProduct: Firefox\nCompany: Mozilla Foundation\nHashes: MD5=5DFF14F02B9D4F32C0323853DC686714,SHA256=AE50116A50BAC74255A6E26AD6EA37E6C07D7FD11C26BDD8BD9B86A5C220C1FB\nSigned: true\nSignature: Mozilla Corporation\nSignatureStatus: Valid"
}
{
  "@timestamp": "2018-03-05T07:32:41.106Z",
  "@metadata": {
    "beat": "winlogbeat",
    "type": "doc",
    "version": "6.2.2"
  },
  "provider_guid": "{5770385F-C22A-43E0-BF4C-06F5698FFBD9}",
  "log_name": "Microsoft-Windows-Sysmon/Operational",
  "record_number": "822",
  "thread_id": 19220,
  "message": "Image loaded:\nUtcTime: 2018-03-05 07:32:41.104\nProcessGuid: {A376A8F6-F298-5A9C-0000-00104DED8803}\nProcessId: 4084\nImage: C:\\Program Files\\Mozilla Firefox\\firefox.exe\nImageLoaded: C:\\Windows\\System32\\msctf.dll\nFileVersion: 10.0.16299.15 (WinBuild.160101.0800)\nDescription: MSCTF Server DLL\nProduct: Microsoft® Windows® Operating System\nCompany: Microsoft Corporation\nHashes: MD5=AC5E46903DC862773FF3F3F309CB0D3A,SHA256=AF7F07B0EF8BF1B0FD534DC13ACDED77368034CAB1CF54C048654FC9BD776C20\nSigned: true\nSignature: Microsoft Windows\nSignatureStatus: Valid",
  "event_data": {
    "ProcessId": "4084",
    "FileVersion": "10.0.16299.15 (WinBuild.160101.0800)",
    "Product": "Microsoft® Windows® Operating System",
    "Company": "Microsoft Corporation",
    "Signed": "true",
    "Signature": "Microsoft Windows",
    "ProcessGuid": "{A376A8F6-F298-5A9C-0000-00104DED8803}",
    "SignatureStatus": "Valid",
    "UtcTime": "2018-03-05 07:32:41.104",
    "Description": "MSCTF Server DLL",
    "ImageLoaded": "C:\\Windows\\System32\\msctf.dll",
    "Hashes": "MD5=AC5E46903DC862773FF3F3F309CB0D3A,SHA256=AF7F07B0EF8BF1B0FD534DC13ACDED77368034CAB1CF54C048654FC9BD776C20",
    "Image": "C:\\Program Files\\Mozilla Firefox\\firefox.exe"
  },
  "event_id": 7,
  "task": "Image loaded (rule: ImageLoad)",
  "user": {
    "type": "Well Known Group",
    "identifier": "S-1-5-18",
    "name": "SYSTEM",
    "domain": "NT AUTHORITY"
  },
  "process_id": 8608,
  "opcode": "정보",
  "source_name": "Microsoft-Windows-Sysmon",
  "computer_name": "DESKTOP-WJANG",
  "version": 3,
  "beat": {
    "hostname": "DESKTOP-WJANG",
    "version": "6.2.2",
    "name": "DESKTOP-WJANG"
  },
  "type": "wineventlog",
  "level": "정보"
}
{
  "@timestamp": "2018-03-05T07:32:41.121Z",
  "@metadata": {
    "beat": "winlogbeat",
    "type": "doc",
    "version": "6.2.2"
  },
  "event_data": {
    "Signature": "Mozilla Corporation",
    "ProcessId": "17704",
    "Image": "C:\\Program Files\\Mozilla Firefox\\firefox.exe",
    "Signed": "true",
    "FileVersion": "58.0.2",
    "Company": "Mozilla Foundation",
    "Hashes": "MD5=BD9C679592D31216B2642E6CE4490E52,SHA256=8C3DB191EB4D9975CA24EB089D4530FD75531AAEB095B1CCF56826DE44CBC7D5",
    "Product": "Firefox",
    "ProcessGuid": "{A376A8F6-F294-5A9C-0000-001052E48503}",
    "UtcTime": "2018-03-05 07:32:40.393",
    "ImageLoaded": "C:\\Program Files\\Mozilla Firefox\\nssckbi.dll",
    "SignatureStatus": "Valid"
  },
  "type": "wineventlog",
  "log_name": "Microsoft-Windows-Sysmon/Operational",
  "opcode": "정보",
  "level": "정보",
  "source_name": "Microsoft-Windows-Sysmon",
  "process_id": 8608,
  "thread_id": 23584,
  "beat": {
    "name": "DESKTOP-WJANG",
    "hostname": "DESKTOP-WJANG",
    "version": "6.2.2"
  },
  "message": "Image loaded:\nUtcTime: 2018-03-05 07:32:40.393\nProcessGuid: {A376A8F6-F294-5A9C-0000-001052E48503}\nProcessId: 17704\nImage: C:\\Program Files\\Mozilla Firefox\\firefox.exe\nImageLoaded: C:\\Program Files\\Mozilla Firefox\\nssckbi.dll\nFileVersion: 58.0.2\nDescription: \nProduct: Firefox\nCompany: Mozilla Foundation\nHashes: MD5=BD9C679592D31216B2642E6CE4490E52,SHA256=8C3DB191EB4D9975CA24EB089D4530FD75531AAEB095B1CCF56826DE44CBC7D5\nSigned: true\nSignature: Mozilla Corporation\nSignatureStatus: Valid",
  "computer_name": "DESKTOP-WJANG",
  "record_number": "823",
  "user": {
    "identifier": "S-1-5-18",
    "name": "SYSTEM",
    "domain": "NT AUTHORITY",
    "type": "Well Known Group"
  },
  "event_id": 7,
  "provider_guid": "{5770385F-C22A-43E0-BF4C-06F5698FFBD9}",
  "version": 3,
  "task": "Image loaded (rule: ImageLoad)"
}
{
  "@timestamp": "2018-03-05T07:32:41.143Z",
  "@metadata": {
    "beat": "winlogbeat",
    "type": "doc",
    "version": "6.2.2"
  },
  "provider_guid": "{5770385F-C22A-43E0-BF4C-06F5698FFBD9}",
  "computer_name": "DESKTOP-WJANG",
  "event_id": 7,
  "record_number": "824",
  "level": "정보",
  "version": 3,
  "event_data": {
    "ImageLoaded": "C:\\Windows\\System32\\MMDevAPI.dll",
    "UtcTime": "2018-03-05 07:32:41.141",
    "Signature": "Microsoft Windows",
    "Company": "Microsoft Corporation",
    "Description": "MMDevice API",
    "SignatureStatus": "Valid",
    "FileVersion": "10.0.16299.15 (WinBuild.160101.0800)",
    "Signed": "true",
    "ProcessGuid": "{A376A8F6-F298-5A9C-0000-00104DED8803}",
    "Hashes": "MD5=4785ACD9B68A2CEBC29B89A3567F1C21,SHA256=14AA7587279C910F77D5BF6407B7540D5105B8F0DED1EE6AADD9ACF72F2D4BAB",
    "ProcessId": "4084",
    "Product": "Microsoft® Windows® Operating System",
    "Image": "C:\\Program Files\\Mozilla Firefox\\firefox.exe"
  },
  "opcode": "정보",
  "message": "Image loaded:\nUtcTime: 2018-03-05 07:32:41.141\nProcessGuid: {A376A8F6-F298-5A9C-0000-00104DED8803}\nProcessId: 4084\nImage: C:\\Program Files\\Mozilla Firefox\\firefox.exe\nImageLoaded: C:\\Windows\\System32\\MMDevAPI.dll\nFileVersion: 10.0.16299.15 (WinBuild.160101.0800)\nDescription: MMDevice API\nProduct: Microsoft® Windows® Operating System\nCompany: Microsoft Corporation\nHashes: MD5=4785ACD9B68A2CEBC29B89A3567F1C21,SHA256=14AA7587279C910F77D5BF6407B7540D5105B8F0DED1EE6AADD9ACF72F2D4BAB\nSigned: true\nSignature: Microsoft Windows\nSignatureStatus: Valid",
  "type": "wineventlog",
  "source_name": "Microsoft-Windows-Sysmon",
  "beat": {
    "version": "6.2.2",
    "name": "DESKTOP-WJANG",
    "hostname": "DESKTOP-WJANG"
  },
  "process_id": 8608,
  "thread_id": 19220,
  "user": {
    "identifier": "S-1-5-18",
    "name": "SYSTEM",
    "domain": "NT AUTHORITY",
    "type": "Well Known Group"
  },
  "log_name": "Microsoft-Windows-Sysmon/Operational",
  "task": "Image loaded (rule: ImageLoad)"
}
{
  "@timestamp": "2018-03-05T07:32:41.145Z",
  "@metadata": {
    "beat": "winlogbeat",
    "type": "doc",
    "version": "6.2.2"
  },
  "task": "Image loaded (rule: ImageLoad)",
  "process_id": 8608,
  "source_name": "Microsoft-Windows-Sysmon",
  "beat": {
    "version": "6.2.2",
    "name": "DESKTOP-WJANG",
    "hostname": "DESKTOP-WJANG"
  },
  "log_name": "Microsoft-Windows-Sysmon/Operational",
  "thread_id": 19220,
  "record_number": "825",
  "level": "정보",
  "provider_guid": "{5770385F-C22A-43E0-BF4C-06F5698FFBD9}",
  "event_data": {
    "Product": "Windows® Search",
    "UtcTime": "2018-03-05 07:32:41.142",
    "ImageLoaded": "C:\\Windows\\System32\\propsys.dll",
    "Signature": "Microsoft Windows",
    "Company": "Microsoft Corporation",
    "ProcessGuid": "{A376A8F6-F298-5A9C-0000-00104DED8803}",
    "Signed": "true",
    "SignatureStatus": "Valid",
    "ProcessId": "4084",
    "Description": "Microsoft 속성 시스템",
    "Image": "C:\\Program Files\\Mozilla Firefox\\firefox.exe",
    "FileVersion": "7.0.16299.15 (WinBuild.160101.0800)",
    "Hashes": "MD5=521A51043879E980CB1B17735D41893A,SHA256=40557D1878BE949E67F8E795CC613EEC39CA8528620FA3B228AC4C00F7A1DAE4"
  },
  "user": {
    "name": "SYSTEM",
    "domain": "NT AUTHORITY",
    "type": "Well Known Group",
    "identifier": "S-1-5-18"
  },
  "type": "wineventlog",
  "event_id": 7,
  "message": "Image loaded:\nUtcTime: 2018-03-05 07:32:41.142\nProcessGuid: {A376A8F6-F298-5A9C-0000-00104DED8803}\nProcessId: 4084\nImage: C:\\Program Files\\Mozilla Firefox\\firefox.exe\nImageLoaded: C:\\Windows\\System32\\propsys.dll\nFileVersion: 7.0.16299.15 (WinBuild.160101.0800)\nDescription: Microsoft 속성 시스템\nProduct: Windows® Search\nCompany: Microsoft Corporation\nHashes: MD5=521A51043879E980CB1B17735D41893A,SHA256=40557D1878BE949E67F8E795CC613EEC39CA8528620FA3B228AC4C00F7A1DAE4\nSigned: true\nSignature: Microsoft Windows\nSignatureStatus: Valid",
  "opcode": "정보",
  "version": 3,
  "computer_name": "DESKTOP-WJANG"
}
{
  "@timestamp": "2018-03-05T07:32:41.150Z",
  "@metadata": {
    "beat": "winlogbeat",
    "type": "doc",
    "version": "6.2.2"
  },
  "message": "Image loaded:\nUtcTime: 2018-03-05 07:32:41.147\nProcessGuid: {A376A8F6-F298-5A9C-0000-00104DED8803}\nProcessId: 4084\nImage: C:\\Program Files\\Mozilla Firefox\\firefox.exe\nImageLoaded: C:\\Windows\\System32\\AudioSes.dll\nFileVersion: 10.0.16299.15 (WinBuild.160101.0800)\nDescription: 오디오 세션\nProduct: Microsoft® Windows® Operating System\nCompany: Microsoft Corporation\nHashes: MD5=C9C3048A7119ABB0C5292F30CC0957B8,SHA256=228EECFB92BB4170364F8F4C6A17B698D92D141799C0946A6BABDFC3BB49D3F9\nSigned: true\nSignature: Microsoft Windows\nSignatureStatus: Valid",
  "record_number": "826",
  "event_id": 7,
  "user": {
    "identifier": "S-1-5-18",
    "name": "SYSTEM",
    "domain": "NT AUTHORITY",
    "type": "Well Known Group"
  },
  "type": "wineventlog",
  "opcode": "정보",
  "beat": {
    "version": "6.2.2",
    "name": "DESKTOP-WJANG",
    "hostname": "DESKTOP-WJANG"
  },
  "log_name": "Microsoft-Windows-Sysmon/Operational",
  "process_id": 8608,
  "thread_id": 19220,
  "source_name": "Microsoft-Windows-Sysmon",
  "level": "정보",
  "version": 3,
  "event_data": {
    "SignatureStatus": "Valid",
    "ProcessId": "4084",
    "ImageLoaded": "C:\\Windows\\System32\\AudioSes.dll",
    "Description": "오디오 세션",
    "UtcTime": "2018-03-05 07:32:41.147",
    "Signed": "true",
    "Signature": "Microsoft Windows",
    "ProcessGuid": "{A376A8F6-F298-5A9C-0000-00104DED8803}",
    "Hashes": "MD5=C9C3048A7119ABB0C5292F30CC0957B8,SHA256=228EECFB92BB4170364F8F4C6A17B698D92D141799C0946A6BABDFC3BB49D3F9",
    "Image": "C:\\Program Files\\Mozilla Firefox\\firefox.exe",
    "FileVersion": "10.0.16299.15 (WinBuild.160101.0800)",
    "Product": "Microsoft® Windows® Operating System",
    "Company": "Microsoft Corporation"
  },
  "computer_name": "DESKTOP-WJANG",
  "provider_guid": "{5770385F-C22A-43E0-BF4C-06F5698FFBD9}",
  "task": "Image loaded (rule: ImageLoad)"
}
{
  "@timestamp": "2018-03-05T07:32:41.153Z",
  "@metadata": {
    "beat": "winlogbeat",
    "type": "doc",
    "version": "6.2.2"
  },
  "type": "wineventlog",
  "process_id": 8608,
  "user": {
    "domain": "NT AUTHORITY",
    "type": "Well Known Group",
    "identifier": "S-1-5-18",
    "name": "SYSTEM"
  },
  "thread_id": 19220,
  "source_name": "Microsoft-Windows-Sysmon",
  "record_number": "827",
  "version": 3,
  "event_data": {
    "SignatureStatus": "Valid",
    "Image": "C:\\Program Files\\Mozilla Firefox\\firefox.exe",
    "ProcessId": "4084",
    "FileVersion": "10.0.16299.15 (WinBuild.160101.0800)",
    "UtcTime": "2018-03-05 07:32:41.148",
    "Company": "Microsoft Corporation",
    "Product": "Microsoft® Windows® Operating System",
    "Signed": "true",
    "Description": "Windows 기본 형식 DLL",
    "Signature": "Microsoft Windows",
    "ProcessGuid": "{A376A8F6-F298-5A9C-0000-00104DED8803}",
    "ImageLoaded": "C:\\Windows\\System32\\WinTypes.dll",
    "Hashes": "MD5=D3A508D064BDC7BA3DB7EFEF5AD0767E,SHA256=1D586BD2501FA7F29772C04D145219AF937BB84AE7076E35B3BB748B10994549"
  },
  "task": "Image loaded (rule: ImageLoad)",
  "opcode": "정보",
  "computer_name": "DESKTOP-WJANG",
  "beat": {
    "name": "DESKTOP-WJANG",
    "hostname": "DESKTOP-WJANG",
    "version": "6.2.2"
  },
  "event_id": 7,
  "log_name": "Microsoft-Windows-Sysmon/Operational",
  "level": "정보",
  "message": "Image loaded:\nUtcTime: 2018-03-05 07:32:41.148\nProcessGuid: {A376A8F6-F298-5A9C-0000-00104DED8803}\nProcessId: 4084\nImage: C:\\Program Files\\Mozilla Firefox\\firefox.exe\nImageLoaded: C:\\Windows\\System32\\WinTypes.dll\nFileVersion: 10.0.16299.15 (WinBuild.160101.0800)\nDescription: Windows 기본 형식 DLL\nProduct: Microsoft® Windows® Operating System\nCompany: Microsoft Corporation\nHashes: MD5=D3A508D064BDC7BA3DB7EFEF5AD0767E,SHA256=1D586BD2501FA7F29772C04D145219AF937BB84AE7076E35B3BB748B10994549\nSigned: true\nSignature: Microsoft Windows\nSignatureStatus: Valid",
  "provider_guid": "{5770385F-C22A-43E0-BF4C-06F5698FFBD9}"
}
{
  "@timestamp": "2018-03-05T07:32:41.157Z",
  "@metadata": {
    "beat": "winlogbeat",
    "type": "doc",
    "version": "6.2.2"
  },
  "source_name": "Microsoft-Windows-Sysmon",
  "opcode": "정보",
  "beat": {
    "name": "DESKTOP-WJANG",
    "hostname": "DESKTOP-WJANG",
    "version": "6.2.2"
  },
  "user": {
    "domain": "NT AUTHORITY",
    "type": "Well Known Group",
    "identifier": "S-1-5-18",
    "name": "SYSTEM"
  },
  "type": "wineventlog",
  "log_name": "Microsoft-Windows-Sysmon/Operational",
  "provider_guid": "{5770385F-C22A-43E0-BF4C-06F5698FFBD9}",
  "level": "정보",
  "thread_id": 23584,
  "event_data": {
    "Image": "C:\\Program Files\\Mozilla Firefox\\firefox.exe",
    "Hashes": "MD5=FFD0EBCE661FBBB615E9FF6309FD0AA7,SHA256=35AE92524A9C9EC4BFE01765A60357AB1EDDABA4EFDA03D3505463A4F10FA9A8",
    "Company": "Microsoft Corporation",
    "UtcTime": "2018-03-05 07:32:40.497",
    "ProcessId": "17704",
    "Description": "Remote Access AutoDial Helper",
    "SignatureStatus": "Valid",
    "Signed": "true",
    "Signature": "Microsoft Windows",
    "ProcessGuid": "{A376A8F6-F294-5A9C-0000-001052E48503}",
    "FileVersion": "10.0.16299.15 (WinBuild.160101.0800)",
    "ImageLoaded": "C:\\Windows\\System32\\rasadhlp.dll",
    "Product": "Microsoft® Windows® Operating System"
  },
  "event_id": 7,
  "process_id": 8608,
  "computer_name": "DESKTOP-WJANG",
  "message": "Image loaded:\nUtcTime: 2018-03-05 07:32:40.497\nProcessGuid: {A376A8F6-F294-5A9C-0000-001052E48503}\nProcessId: 17704\nImage: C:\\Program Files\\Mozilla Firefox\\firefox.exe\nImageLoaded: C:\\Windows\\System32\\rasadhlp.dll\nFileVersion: 10.0.16299.15 (WinBuild.160101.0800)\nDescription: Remote Access AutoDial Helper\nProduct: Microsoft® Windows® Operating System\nCompany: Microsoft Corporation\nHashes: MD5=FFD0EBCE661FBBB615E9FF6309FD0AA7,SHA256=35AE92524A9C9EC4BFE01765A60357AB1EDDABA4EFDA03D3505463A4F10FA9A8\nSigned: true\nSignature: Microsoft Windows\nSignatureStatus: Valid",
  "record_number": "828",
  "version": 3,
  "task": "Image loaded (rule: ImageLoad)"
}
{
  "@timestamp": "2018-03-05T07:32:41.162Z",
  "@metadata": {
    "beat": "winlogbeat",
    "type": "doc",
    "version": "6.2.2"
  },
  "event_id": 7,
  "log_name": "Microsoft-Windows-Sysmon/Operational",
  "process_id": 8608,
  "thread_id": 19220,
  "user": {
    "identifier": "S-1-5-18",
    "name": "SYSTEM",
    "domain": "NT AUTHORITY",
    "type": "Well Known Group"
  },
  "level": "정보",
  "version": 3,
  "opcode": "정보",
  "type": "wineventlog",
  "beat": {
    "name": "DESKTOP-WJANG",
    "hostname": "DESKTOP-WJANG",
    "version": "6.2.2"
  },
  "source_name": "Microsoft-Windows-Sysmon",
  "record_number": "829",
  "task": "Image loaded (rule: ImageLoad)",
  "event_data": {
    "FileVersion": "10.0.16299.15 (WinBuild.160101.0800)",
    "ProcessId": "4084",
    "Description": "Windows Runtime UI Foundation DLL",
    "Company": "Microsoft Corporation",
    "Signed": "true",
    "Hashes": "MD5=95254CAAF5A853A1F0F0283467CCC7A6,SHA256=1998A144D0574AEDE542DC1FB934FF54E7C648D3267FEAF45263C0DB8729CA04",
    "UtcTime": "2018-03-05 07:32:41.154",
    "ImageLoaded": "C:\\Windows\\System32\\Windows.UI.dll",
    "Product": "Microsoft® Windows® Operating System",
    "SignatureStatus": "Valid",
    "ProcessGuid": "{A376A8F6-F298-5A9C-0000-00104DED8803}",
    "Signature": "Microsoft Windows",
    "Image": "C:\\Program Files\\Mozilla Firefox\\firefox.exe"
  },
  "computer_name": "DESKTOP-WJANG",
  "provider_guid": "{5770385F-C22A-43E0-BF4C-06F5698FFBD9}",
  "message": "Image loaded:\nUtcTime: 2018-03-05 07:32:41.154\nProcessGuid: {A376A8F6-F298-5A9C-0000-00104DED8803}\nProcessId: 4084\nImage: C:\\Program Files\\Mozilla Firefox\\firefox.exe\nImageLoaded: C:\\Windows\\System32\\Windows.UI.dll\nFileVersion: 10.0.16299.15 (WinBuild.160101.0800)\nDescription: Windows Runtime UI Foundation DLL\nProduct: Microsoft® Windows® Operating System\nCompany: Microsoft Corporation\nHashes: MD5=95254CAAF5A853A1F0F0283467CCC7A6,SHA256=1998A144D0574AEDE542DC1FB934FF54E7C648D3267FEAF45263C0DB8729CA04\nSigned: true\nSignature: Microsoft Windows\nSignatureStatus: Valid"
}
{
  "@timestamp": "2018-03-05T07:32:41.163Z",
  "@metadata": {
    "beat": "winlogbeat",
    "type": "doc",
    "version": "6.2.2"
  },
  "event_data": {
    "ImageLoaded": "C:\\Windows\\System32\\TextInputFramework.dll",
    "Signed": "true",
    "Image": "C:\\Program Files\\Mozilla Firefox\\firefox.exe",
    "ProcessId": "4084",
    "FileVersion": "10.0.16299.248 (WinBuild.160101.0800)",
    "Description": "\"TextInputFramework.DYNLINK\"",
    "Product": "Microsoft® Windows® Operating System",
    "Company": "Microsoft Corporation",
    "Hashes": "MD5=2200DDCAFFD79ADAFC33A0D9B52545C1,SHA256=91F6A6F8DB28712A87B3C1CD1DB414235871488EAE21C8914ACA3CD3380FF870",
    "Signature": "Microsoft Windows",
    "UtcTime": "2018-03-05 07:32:41.155",
    "ProcessGuid": "{A376A8F6-F298-5A9C-0000-00104DED8803}",
    "SignatureStatus": "Valid"
  },
  "log_name": "Microsoft-Windows-Sysmon/Operational",
  "opcode": "정보",
  "thread_id": 19220,
  "type": "wineventlog",
  "source_name": "Microsoft-Windows-Sysmon",
  "record_number": "830",
  "computer_name": "DESKTOP-WJANG",
  "user": {
    "domain": "NT AUTHORITY",
    "type": "Well Known Group",
    "identifier": "S-1-5-18",
    "name": "SYSTEM"
  },
  "provider_guid": "{5770385F-C22A-43E0-BF4C-06F5698FFBD9}",
  "version": 3,
  "message": "Image loaded:\nUtcTime: 2018-03-05 07:32:41.155\nProcessGuid: {A376A8F6-F298-5A9C-0000-00104DED8803}\nProcessId: 4084\nImage: C:\\Program Files\\Mozilla Firefox\\firefox.exe\nImageLoaded: C:\\Windows\\System32\\TextInputFramework.dll\nFileVersion: 10.0.16299.248 (WinBuild.160101.0800)\nDescription: \"TextInputFramework.DYNLINK\"\nProduct: Microsoft® Windows® Operating System\nCompany: Microsoft Corporation\nHashes: MD5=2200DDCAFFD79ADAFC33A0D9B52545C1,SHA256=91F6A6F8DB28712A87B3C1CD1DB414235871488EAE21C8914ACA3CD3380FF870\nSigned: true\nSignature: Microsoft Windows\nSignatureStatus: Valid",
  "beat": {
    "name": "DESKTOP-WJANG",
    "hostname": "DESKTOP-WJANG",
    "version": "6.2.2"
  },
  "task": "Image loaded (rule: ImageLoad)",
  "process_id": 8608,
  "level": "정보",
  "event_id": 7
}
{
  "@timestamp": "2018-03-05T07:32:41.163Z",
  "@metadata": {
    "beat": "winlogbeat",
    "type": "doc",
    "version": "6.2.2"
  },
  "type": "wineventlog",
  "computer_name": "DESKTOP-WJANG",
  "beat": {
    "version": "6.2.2",
    "name": "DESKTOP-WJANG",
    "hostname": "DESKTOP-WJANG"
  },
  "version": 3,
  "task": "Image loaded (rule: ImageLoad)",
  "record_number": "831",
  "source_name": "Microsoft-Windows-Sysmon",
  "user": {
    "type": "Well Known Group",
    "identifier": "S-1-5-18",
    "name": "SYSTEM",
    "domain": "NT AUTHORITY"
  },
  "event_data": {
    "SignatureStatus": "Valid",
    "UtcTime": "2018-03-05 07:32:41.156",
    "Hashes": "MD5=CADCC3E0C3128F87D9212994F4D21FD4,SHA256=ACCA5DE81FD7229E141709804CAC9B75D40DF97F4A2DC5DA6041CDC945304F4F",
    "Signature": "Microsoft Windows",
    "ImageLoaded": "C:\\Windows\\System32\\CoreUIComponents.dll",
    "FileVersion": "10.0.16299.15",
    "Description": "Microsoft Core UI Components Dll",
    "Product": "Microsoft® Windows® Operating System",
    "Image": "C:\\Program Files\\Mozilla Firefox\\firefox.exe",
    "Signed": "true",
    "Company": "Microsoft Corporation",
    "ProcessGuid": "{A376A8F6-F298-5A9C-0000-00104DED8803}",
    "ProcessId": "4084"
  },
  "thread_id": 19220,
  "level": "정보",
  "log_name": "Microsoft-Windows-Sysmon/Operational",
  "event_id": 7,
  "opcode": "정보",
  "message": "Image loaded:\nUtcTime: 2018-03-05 07:32:41.156\nProcessGuid: {A376A8F6-F298-5A9C-0000-00104DED8803}\nProcessId: 4084\nImage: C:\\Program Files\\Mozilla Firefox\\firefox.exe\nImageLoaded: C:\\Windows\\System32\\CoreUIComponents.dll\nFileVersion: 10.0.16299.15\nDescription: Microsoft Core UI Components Dll\nProduct: Microsoft® Windows® Operating System\nCompany: Microsoft Corporation\nHashes: MD5=CADCC3E0C3128F87D9212994F4D21FD4,SHA256=ACCA5DE81FD7229E141709804CAC9B75D40DF97F4A2DC5DA6041CDC945304F4F\nSigned: true\nSignature: Microsoft Windows\nSignatureStatus: Valid",
  "provider_guid": "{5770385F-C22A-43E0-BF4C-06F5698FFBD9}",
  "process_id": 8608
}
{
  "@timestamp": "2018-03-05T07:32:41.166Z",
  "@metadata": {
    "beat": "winlogbeat",
    "type": "doc",
    "version": "6.2.2"
  },
  "task": "Image loaded (rule: ImageLoad)",
  "opcode": "정보",
  "provider_guid": "{5770385F-C22A-43E0-BF4C-06F5698FFBD9}",
  "type": "wineventlog",
  "message": "Image loaded:\nUtcTime: 2018-03-05 07:32:41.157\nProcessGuid: {A376A8F6-F298-5A9C-0000-00104DED8803}\nProcessId: 4084\nImage: C:\\Program Files\\Mozilla Firefox\\firefox.exe\nImageLoaded: C:\\Windows\\System32\\CoreMessaging.dll\nFileVersion: 10.0.16299.15\nDescription: Microsoft CoreMessaging Dll\nProduct: Microsoft® Windows® Operating System\nCompany: Microsoft Corporation\nHashes: MD5=CBA59790FE62C6896A7020DE0ADE2006,SHA256=DDBACEFB25D55E4AFB24E7BC58349C5D11E0EC66CD7D7C2FD5BA17BD8994DC7C\nSigned: true\nSignature: Microsoft Windows\nSignatureStatus: Valid",
  "source_name": "Microsoft-Windows-Sysmon",
  "version": 3,
  "level": "정보",
  "thread_id": 19220,
  "beat": {
    "version": "6.2.2",
    "name": "DESKTOP-WJANG",
    "hostname": "DESKTOP-WJANG"
  },
  "record_number": "832",
  "computer_name": "DESKTOP-WJANG",
  "event_id": 7,
  "user": {
    "identifier": "S-1-5-18",
    "name": "SYSTEM",
    "domain": "NT AUTHORITY",
    "type": "Well Known Group"
  },
  "event_data": {
    "ImageLoaded": "C:\\Windows\\System32\\CoreMessaging.dll",
    "FileVersion": "10.0.16299.15",
    "Signed": "true",
    "ProcessId": "4084",
    "SignatureStatus": "Valid",
    "UtcTime": "2018-03-05 07:32:41.157",
    "Image": "C:\\Program Files\\Mozilla Firefox\\firefox.exe",
    "Description": "Microsoft CoreMessaging Dll",
    "Hashes": "MD5=CBA59790FE62C6896A7020DE0ADE2006,SHA256=DDBACEFB25D55E4AFB24E7BC58349C5D11E0EC66CD7D7C2FD5BA17BD8994DC7C",
    "Company": "Microsoft Corporation",
    "Signature": "Microsoft Windows",
    "Product": "Microsoft® Windows® Operating System",
    "ProcessGuid": "{A376A8F6-F298-5A9C-0000-00104DED8803}"
  },
  "log_name": "Microsoft-Windows-Sysmon/Operational",
  "process_id": 8608
}
{
  "@timestamp": "2018-03-05T07:32:41.187Z",
  "@metadata": {
    "beat": "winlogbeat",
    "type": "doc",
    "version": "6.2.2"
  },
  "level": "정보",
  "user": {
    "type": "Well Known Group",
    "identifier": "S-1-5-18",
    "name": "SYSTEM",
    "domain": "NT AUTHORITY"
  },
  "thread_id": 23584,
  "log_name": "Microsoft-Windows-Sysmon/Operational",
  "event_id": 7,
  "task": "Image loaded (rule: ImageLoad)",
  "source_name": "Microsoft-Windows-Sysmon",
  "opcode": "정보",
  "process_id": 8608,
  "message": "Image loaded:\nUtcTime: 2018-03-05 07:32:40.572\nProcessGuid: {A376A8F6-F294-5A9C-0000-001052E48503}\nProcessId: 17704\nImage: C:\\Program Files\\Mozilla Firefox\\firefox.exe\nImageLoaded: C:\\Windows\\System32\\FWPUCLNT.DLL\nFileVersion: 10.0.16299.15 (WinBuild.160101.0800)\nDescription: FWP/IPsec 사용자 모드 API\nProduct: Microsoft® Windows® Operating System\nCompany: Microsoft Corporation\nHashes: MD5=7A832325399D4C4BA181418CEE01A29F,SHA256=26058D41BBFDDF034154ED26270883C44E487713493D4D1E3DEEFE08C8D5F85F\nSigned: true\nSignature: Microsoft Windows\nSignatureStatus: Valid",
  "type": "wineventlog",
  "beat": {
    "name": "DESKTOP-WJANG",
    "hostname": "DESKTOP-WJANG",
    "version": "6.2.2"
  },
  "event_data": {
    "Hashes": "MD5=7A832325399D4C4BA181418CEE01A29F,SHA256=26058D41BBFDDF034154ED26270883C44E487713493D4D1E3DEEFE08C8D5F85F",
    "UtcTime": "2018-03-05 07:32:40.572",
    "Signed": "true",
    "FileVersion": "10.0.16299.15 (WinBuild.160101.0800)",
    "Company": "Microsoft Corporation",
    "ProcessGuid": "{A376A8F6-F294-5A9C-0000-001052E48503}",
    "SignatureStatus": "Valid",
    "Product": "Microsoft® Windows® Operating System",
    "Signature": "Microsoft Windows",
    "Description": "FWP/IPsec 사용자 모드 API",
    "ProcessId": "17704",
    "ImageLoaded": "C:\\Windows\\System32\\FWPUCLNT.DLL",
    "Image": "C:\\Program Files\\Mozilla Firefox\\firefox.exe"
  },
  "computer_name": "DESKTOP-WJANG",
  "record_number": "833",
  "version": 3,
  "provider_guid": "{5770385F-C22A-43E0-BF4C-06F5698FFBD9}"
}
{
  "@timestamp": "2018-03-05T07:32:41.314Z",
  "@metadata": {
    "beat": "winlogbeat",
    "type": "doc",
    "version": "6.2.2"
  },
  "record_number": "834",
  "computer_name": "DESKTOP-WJANG",
  "level": "정보",
  "message": "Network connection detected:\nUtcTime: 2018-03-05 07:32:38.970\nProcessGuid: {A376A8F6-F062-5A9C-0000-0010D7D51302}\nProcessId: 8608\nImage: C:\\Windows\\Sysmon.exe\nUser: NT AUTHORITY\\SYSTEM\nProtocol: tcp\nInitiated: true\nSourceIsIpv6: false\nSourceIp: 192.168.198.67\nSourceHostname: DESKTOP-WJANG\nSourcePort: 2385\nSourcePortName: \nDestinationIsIpv6: false\nDestinationIp: 23.44.155.27\nDestinationHostname: a23-44-155-27.deploy.static.akamaitechnologies.com\nDestinationPort: 80\nDestinationPortName: http",
  "opcode": "정보",
  "user": {
    "identifier": "S-1-5-18",
    "name": "SYSTEM",
    "domain": "NT AUTHORITY",
    "type": "Well Known Group"
  },
  "beat": {
    "hostname": "DESKTOP-WJANG",
    "version": "6.2.2",
    "name": "DESKTOP-WJANG"
  },
  "event_data": {
    "SourceHostname": "DESKTOP-WJANG",
    "ProcessId": "8608",
    "SourcePort": "2385",
    "User": "NT AUTHORITY\\SYSTEM",
    "DestinationIp": "23.44.155.27",
    "DestinationPortName": "http",
    "ProcessGuid": "{A376A8F6-F062-5A9C-0000-0010D7D51302}",
    "Initiated": "true",
    "DestinationPort": "80",
    "Protocol": "tcp",
    "UtcTime": "2018-03-05 07:32:38.970",
    "Image": "C:\\Windows\\Sysmon.exe",
    "SourceIsIpv6": "false",
    "SourceIp": "192.168.198.67",
    "DestinationIsIpv6": "false",
    "DestinationHostname": "a23-44-155-27.deploy.static.akamaitechnologies.com"
  },
  "event_id": 3,
  "thread_id": 23856,
  "type": "wineventlog",
  "log_name": "Microsoft-Windows-Sysmon/Operational",
  "provider_guid": "{5770385F-C22A-43E0-BF4C-06F5698FFBD9}",
  "process_id": 8608,
  "source_name": "Microsoft-Windows-Sysmon",
  "version": 5,
  "task": "Network connection detected (rule: NetworkConnect)"
}
{
  "@timestamp": "2018-03-05T07:32:41.314Z",
  "@metadata": {
    "beat": "winlogbeat",
    "type": "doc",
    "version": "6.2.2"
  },
  "source_name": "Microsoft-Windows-Sysmon",
  "computer_name": "DESKTOP-WJANG",
  "message": "Network connection detected:\nUtcTime: 2018-03-05 07:32:39.785\nProcessGuid: {A376A8F6-F297-5A9C-0000-00104D2C8803}\nProcessId: 4624\nImage: C:\\Program Files\\Mozilla Firefox\\firefox.exe\nUser: DESKTOP-WJANG\\wook8170\nProtocol: tcp\nInitiated: true\nSourceIsIpv6: false\nSourceIp: 127.0.0.1\nSourceHostname: wook.com\nSourcePort: 2387\nSourcePortName: \nDestinationIsIpv6: false\nDestinationIp: 127.0.0.1\nDestinationHostname: wook.com\nDestinationPort: 2386\nDestinationPortName: ",
  "thread_id": 23856,
  "type": "wineventlog",
  "record_number": "835",
  "version": 5,
  "level": "정보",
  "task": "Network connection detected (rule: NetworkConnect)",
  "event_data": {
    "UtcTime": "2018-03-05 07:32:39.785",
    "Image": "C:\\Program Files\\Mozilla Firefox\\firefox.exe",
    "User": "DESKTOP-WJANG\\wook8170",
    "ProcessId": "4624",
    "Initiated": "true",
    "DestinationIsIpv6": "false",
    "Protocol": "tcp",
    "SourceHostname": "wook.com",
    "ProcessGuid": "{A376A8F6-F297-5A9C-0000-00104D2C8803}",
    "DestinationPort": "2386",
    "SourceIsIpv6": "false",
    "SourceIp": "127.0.0.1",
    "SourcePort": "2387",
    "DestinationHostname": "wook.com",
    "DestinationIp": "127.0.0.1"
  },
  "log_name": "Microsoft-Windows-Sysmon/Operational",
  "user": {
    "name": "SYSTEM",
    "domain": "NT AUTHORITY",
    "type": "Well Known Group",
    "identifier": "S-1-5-18"
  },
  "event_id": 3,
  "process_id": 8608,
  "provider_guid": "{5770385F-C22A-43E0-BF4C-06F5698FFBD9}",
  "beat": {
    "name": "DESKTOP-WJANG",
    "hostname": "DESKTOP-WJANG",
    "version": "6.2.2"
  },
  "opcode": "정보"
}
{
  "@timestamp": "2018-03-05T07:32:41.314Z",
  "@metadata": {
    "beat": "winlogbeat",
    "type": "doc",
    "version": "6.2.2"
  },
  "record_number": "836",
  "log_name": "Microsoft-Windows-Sysmon/Operational",
  "computer_name": "DESKTOP-WJANG",
  "provider_guid": "{5770385F-C22A-43E0-BF4C-06F5698FFBD9}",
  "event_data": {
    "ProcessGuid": "{A376A8F6-F297-5A9C-0000-00104D2C8803}",
    "DestinationIsIpv6": "false",
    "DestinationPort": "2387",
    "Initiated": "false",
    "DestinationHostname": "wook.com",
    "User": "DESKTOP-WJANG\\wook8170",
    "SourceIsIpv6": "false",
    "DestinationIp": "127.0.0.1",
    "ProcessId": "4624",
    "SourceIp": "127.0.0.1",
    "UtcTime": "2018-03-05 07:32:39.785",
    "Image": "C:\\Program Files\\Mozilla Firefox\\firefox.exe",
    "SourcePort": "2386",
    "SourceHostname": "wook.com",
    "Protocol": "tcp"
  },
  "thread_id": 23856,
  "opcode": "정보",
  "process_id": 8608,
  "source_name": "Microsoft-Windows-Sysmon",
  "beat": {
    "name": "DESKTOP-WJANG",
    "hostname": "DESKTOP-WJANG",
    "version": "6.2.2"
  },
  "user": {
    "identifier": "S-1-5-18",
    "name": "SYSTEM",
    "domain": "NT AUTHORITY",
    "type": "Well Known Group"
  },
  "task": "Network connection detected (rule: NetworkConnect)",
  "version": 5,
  "message": "Network connection detected:\nUtcTime: 2018-03-05 07:32:39.785\nProcessGuid: {A376A8F6-F297-5A9C-0000-00104D2C8803}\nProcessId: 4624\nImage: C:\\Program Files\\Mozilla Firefox\\firefox.exe\nUser: DESKTOP-WJANG\\wook8170\nProtocol: tcp\nInitiated: false\nSourceIsIpv6: false\nSourceIp: 127.0.0.1\nSourceHostname: wook.com\nSourcePort: 2386\nSourcePortName: \nDestinationIsIpv6: false\nDestinationIp: 127.0.0.1\nDestinationHostname: wook.com\nDestinationPort: 2387\nDestinationPortName: ",
  "event_id": 3,
  "type": "wineventlog",
  "level": "정보"
}
{
  "@timestamp": "2018-03-05T07:32:41.314Z",
  "@metadata": {
    "beat": "winlogbeat",
    "type": "doc",
    "version": "6.2.2"
  },
  "version": 5,
  "event_data": {
    "DestinationPort": "2388",
    "DestinationIsIpv6": "false",
    "ProcessId": "25364",
    "Protocol": "tcp",
    "SourceIp": "127.0.0.1",
    "DestinationIp": "127.0.0.1",
    "DestinationHostname": "wook.com",
    "Initiated": "true",
    "SourceIsIpv6": "false",
    "ProcessGuid": "{A376A8F6-F298-5A9C-0000-001071788803}",
    "User": "DESKTOP-WJANG\\wook8170",
    "Image": "C:\\Program Files\\Mozilla Firefox\\firefox.exe",
    "SourceHostname": "wook.com",
    "SourcePort": "2389",
    "UtcTime": "2018-03-05 07:32:40.200"
  },
  "process_id": 8608,
  "beat": {
    "name": "DESKTOP-WJANG",
    "hostname": "DESKTOP-WJANG",
    "version": "6.2.2"
  },
  "log_name": "Microsoft-Windows-Sysmon/Operational",
  "event_id": 3,
  "provider_guid": "{5770385F-C22A-43E0-BF4C-06F5698FFBD9}",
  "thread_id": 23856,
  "opcode": "정보",
  "level": "정보",
  "task": "Network connection detected (rule: NetworkConnect)",
  "type": "wineventlog",
  "record_number": "837",
  "source_name": "Microsoft-Windows-Sysmon",
  "message": "Network connection detected:\nUtcTime: 2018-03-05 07:32:40.200\nProcessGuid: {A376A8F6-F298-5A9C-0000-001071788803}\nProcessId: 25364\nImage: C:\\Program Files\\Mozilla Firefox\\firefox.exe\nUser: DESKTOP-WJANG\\wook8170\nProtocol: tcp\nInitiated: true\nSourceIsIpv6: false\nSourceIp: 127.0.0.1\nSourceHostname: wook.com\nSourcePort: 2389\nSourcePortName: \nDestinationIsIpv6: false\nDestinationIp: 127.0.0.1\nDestinationHostname: wook.com\nDestinationPort: 2388\nDestinationPortName: ",
  "user": {
    "identifier": "S-1-5-18",
    "name": "SYSTEM",
    "domain": "NT AUTHORITY",
    "type": "Well Known Group"
  },
  "computer_name": "DESKTOP-WJANG"
}
{
  "@timestamp": "2018-03-05T07:32:41.314Z",
  "@metadata": {
    "beat": "winlogbeat",
    "type": "doc",
    "version": "6.2.2"
  },
  "version": 5,
  "user": {
    "identifier": "S-1-5-18",
    "name": "SYSTEM",
    "domain": "NT AUTHORITY",
    "type": "Well Known Group"
  },
  "beat": {
    "hostname": "DESKTOP-WJANG",
    "version": "6.2.2",
    "name": "DESKTOP-WJANG"
  },
  "event_id": 3,
  "record_number": "838",
  "provider_guid": "{5770385F-C22A-43E0-BF4C-06F5698FFBD9}",
  "computer_name": "DESKTOP-WJANG",
  "level": "정보",
  "event_data": {
    "DestinationPort": "2389",
    "Protocol": "tcp",
    "SourceIsIpv6": "false",
    "ProcessId": "25364",
    "SourceHostname": "wook.com",
    "SourcePort": "2388",
    "DestinationIp": "127.0.0.1",
    "Image": "C:\\Program Files\\Mozilla Firefox\\firefox.exe",
    "User": "DESKTOP-WJANG\\wook8170",
    "UtcTime": "2018-03-05 07:32:40.200",
    "Initiated": "false",
    "SourceIp": "127.0.0.1",
    "DestinationIsIpv6": "false",
    "ProcessGuid": "{A376A8F6-F298-5A9C-0000-001071788803}",
    "DestinationHostname": "wook.com"
  },
  "source_name": "Microsoft-Windows-Sysmon",
  "process_id": 8608,
  "message": "Network connection detected:\nUtcTime: 2018-03-05 07:32:40.200\nProcessGuid: {A376A8F6-F298-5A9C-0000-001071788803}\nProcessId: 25364\nImage: C:\\Program Files\\Mozilla Firefox\\firefox.exe\nUser: DESKTOP-WJANG\\wook8170\nProtocol: tcp\nInitiated: false\nSourceIsIpv6: false\nSourceIp: 127.0.0.1\nSourceHostname: wook.com\nSourcePort: 2388\nSourcePortName: \nDestinationIsIpv6: false\nDestinationIp: 127.0.0.1\nDestinationHostname: wook.com\nDestinationPort: 2389\nDestinationPortName: ",
  "log_name": "Microsoft-Windows-Sysmon/Operational",
  "task": "Network connection detected (rule: NetworkConnect)",
  "opcode": "정보",
  "type": "wineventlog",
  "thread_id": 23856
}
{
  "@timestamp": "2018-03-05T07:32:41.334Z",
  "@metadata": {
    "beat": "winlogbeat",
    "type": "doc",
    "version": "6.2.2"
  },
  "user": {
    "domain": "NT AUTHORITY",
    "type": "Well Known Group",
    "identifier": "S-1-5-18",
    "name": "SYSTEM"
  },
  "level": "정보",
  "event_data": {
    "FileVersion": "10.0.16299.15 (WinBuild.160101.0800)",
    "UtcTime": "2018-03-05 07:32:41.300",
    "Signature": "Microsoft Windows",
    "Company": "Microsoft Corporation",
    "Image": "C:\\Program Files\\Mozilla Firefox\\firefox.exe",
    "Signed": "true",
    "ProcessId": "17704",
    "Hashes": "MD5=CAEB6AF3A134352BBFD583CA6DF89F2C,SHA256=2E479C6F930E602E7EC1A55BE12ED42984EA1EC39850FF5931E3C32F47CDB16C",
    "ImageLoaded": "C:\\Windows\\System32\\apphelp.dll",
    "SignatureStatus": "Valid",
    "Product": "Microsoft® Windows® Operating System",
    "ProcessGuid": "{A376A8F6-F294-5A9C-0000-001052E48503}",
    "Description": "응용 프로그램 호환성 클라이언트 라이브러리"
  },
  "type": "wineventlog",
  "opcode": "정보",
  "record_number": "839",
  "task": "Image loaded (rule: ImageLoad)",
  "computer_name": "DESKTOP-WJANG",
  "message": "Image loaded:\nUtcTime: 2018-03-05 07:32:41.300\nProcessGuid: {A376A8F6-F294-5A9C-0000-001052E48503}\nProcessId: 17704\nImage: C:\\Program Files\\Mozilla Firefox\\firefox.exe\nImageLoaded: C:\\Windows\\System32\\apphelp.dll\nFileVersion: 10.0.16299.15 (WinBuild.160101.0800)\nDescription: 응용 프로그램 호환성 클라이언트 라이브러리\nProduct: Microsoft® Windows® Operating System\nCompany: Microsoft Corporation\nHashes: MD5=CAEB6AF3A134352BBFD583CA6DF89F2C,SHA256=2E479C6F930E602E7EC1A55BE12ED42984EA1EC39850FF5931E3C32F47CDB16C\nSigned: true\nSignature: Microsoft Windows\nSignatureStatus: Valid",
  "source_name": "Microsoft-Windows-Sysmon",
  "event_id": 7,
  "provider_guid": "{5770385F-C22A-43E0-BF4C-06F5698FFBD9}",
  "version": 3,
  "thread_id": 23584,
  "process_id": 8608,
  "beat": {
    "name": "DESKTOP-WJANG",
    "hostname": "DESKTOP-WJANG",
    "version": "6.2.2"
  },
  "log_name": "Microsoft-Windows-Sysmon/Operational"
}
{
  "@timestamp": "2018-03-05T07:32:41.595Z",
  "@metadata": {
    "beat": "winlogbeat",
    "type": "doc",
    "version": "6.2.2"
  },
  "level": "정보",
  "task": "Image loaded (rule: ImageLoad)",
  "process_id": 8608,
  "opcode": "정보",
  "computer_name": "DESKTOP-WJANG",
  "event_id": 7,
  "version": 3,
  "source_name": "Microsoft-Windows-Sysmon",
  "event_data": {
    "SignatureStatus": "Valid",
    "ProcessGuid": "{A376A8F6-F298-5A9C-0000-001071788803}",
    "FileVersion": "58.0.2",
    "UtcTime": "2018-03-05 07:32:41.594",
    "Product": "Firefox",
    "Company": "Mozilla Foundation",
    "ImageLoaded": "C:\\Program Files\\Mozilla Firefox\\softokn3.dll",
    "Signature": "Mozilla Corporation",
    "Hashes": "MD5=BB53A7B416500127EE89E7572A3A1B54,SHA256=2577EF73A98D291EDC221EC3971A59AB2A4AF7474431430E7A97A63FD65D6E07",
    "Signed": "true",
    "ProcessId": "25364",
    "Image": "C:\\Program Files\\Mozilla Firefox\\firefox.exe"
  },
  "type": "wineventlog",
  "thread_id": 19220,
  "user": {
    "identifier": "S-1-5-18",
    "name": "SYSTEM",
    "domain": "NT AUTHORITY",
    "type": "Well Known Group"
  },
  "provider_guid": "{5770385F-C22A-43E0-BF4C-06F5698FFBD9}",
  "beat": {
    "name": "DESKTOP-WJANG",
    "hostname": "DESKTOP-WJANG",
    "version": "6.2.2"
  },
  "record_number": "840",
  "message": "Image loaded:\nUtcTime: 2018-03-05 07:32:41.594\nProcessGuid: {A376A8F6-F298-5A9C-0000-001071788803}\nProcessId: 25364\nImage: C:\\Program Files\\Mozilla Firefox\\firefox.exe\nImageLoaded: C:\\Program Files\\Mozilla Firefox\\softokn3.dll\nFileVersion: 58.0.2\nDescription: \nProduct: Firefox\nCompany: Mozilla Foundation\nHashes: MD5=BB53A7B416500127EE89E7572A3A1B54,SHA256=2577EF73A98D291EDC221EC3971A59AB2A4AF7474431430E7A97A63FD65D6E07\nSigned: true\nSignature: Mozilla Corporation\nSignatureStatus: Valid",
  "log_name": "Microsoft-Windows-Sysmon/Operational"
}
