{
  "@timestamp": "2018-03-05T07:35:32.117Z",
  "@metadata": {
    "beat": "winlogbeat",
    "type": "doc",
    "version": "6.2.2"
  },
  "thread_id": 19220,
  "beat": {
    "name": "DESKTOP-WJANG",
    "hostname": "DESKTOP-WJANG",
    "version": "6.2.2"
  },
  "task": "Image loaded (rule: ImageLoad)",
  "user": {
    "identifier": "S-1-5-18",
    "name": "SYSTEM",
    "domain": "NT AUTHORITY",
    "type": "Well Known Group"
  },
  "message": "Image loaded:\nUtcTime: 2018-03-05 07:35:32.116\nProcessGuid: {A376A8F6-F344-5A9C-0000-0010BDB3F803}\nProcessId: 25640\nImage: C:\\Program Files\\Mozilla Firefox\\firefox.exe\nImageLoaded: C:\\Program Files\\Mozilla Firefox\\api-ms-win-crt-stdio-l1-1-0.dll\nFileVersion: 10.0.16299.15 (WinBuild.160101.0800)\nDescription: ApiSet Stub DLL\nProduct: Microsoft® Windows® Operating System\nCompany: Microsoft Corporation\nHashes: MD5=1CEC55E31418A818093C73E96BD41973,SHA256=513BB1DD16BE7491CED8FA2494B604257285F76062525685C2991391D0C048C3\nSigned: true\nSignature: Microsoft Corporation\nSignatureStatus: Valid",
  "event_data": {
    "SignatureStatus": "Valid",
    "Signed": "true",
    "Image": "C:\\Program Files\\Mozilla Firefox\\firefox.exe",
    "ProcessGuid": "{A376A8F6-F344-5A9C-0000-0010BDB3F803}",
    "Description": "ApiSet Stub DLL",
    "Product": "Microsoft® Windows® Operating System",
    "Signature": "Microsoft Corporation",
    "ProcessId": "25640",
    "Company": "Microsoft Corporation",
    "ImageLoaded": "C:\\Program Files\\Mozilla Firefox\\api-ms-win-crt-stdio-l1-1-0.dll",
    "Hashes": "MD5=1CEC55E31418A818093C73E96BD41973,SHA256=513BB1DD16BE7491CED8FA2494B604257285F76062525685C2991391D0C048C3",
    "FileVersion": "10.0.16299.15 (WinBuild.160101.0800)",
    "UtcTime": "2018-03-05 07:35:32.116"
  },
  "type": "wineventlog",
  "computer_name": "DESKTOP-WJANG",
  "process_id": 8608,
  "opcode": "정보",
  "source_name": "Microsoft-Windows-Sysmon",
  "log_name": "Microsoft-Windows-Sysmon/Operational",
  "provider_guid": "{5770385F-C22A-43E0-BF4C-06F5698FFBD9}",
  "record_number": "940",
  "version": 3,
  "level": "정보",
  "event_id": 7
}
{
  "@timestamp": "2018-03-05T07:35:32.118Z",
  "@metadata": {
    "beat": "winlogbeat",
    "type": "doc",
    "version": "6.2.2"
  },
  "user": {
    "identifier": "S-1-5-18",
    "name": "SYSTEM",
    "domain": "NT AUTHORITY",
    "type": "Well Known Group"
  },
  "message": "Image loaded:\nUtcTime: 2018-03-05 07:35:32.116\nProcessGuid: {A376A8F6-F344-5A9C-0000-0010BDB3F803}\nProcessId: 25640\nImage: C:\\Program Files\\Mozilla Firefox\\firefox.exe\nImageLoaded: C:\\Program Files\\Mozilla Firefox\\api-ms-win-crt-convert-l1-1-0.dll\nFileVersion: 10.0.16299.15 (WinBuild.160101.0800)\nDescription: ApiSet Stub DLL\nProduct: Microsoft® Windows® Operating System\nCompany: Microsoft Corporation\nHashes: MD5=E3495C380C381670908355181787D7EA,SHA256=B353BD22B97FD3704557A99359C9EA0B4E0AD8B7E43B5E21700DABD1A1D84923\nSigned: true\nSignature: Microsoft Corporation\nSignatureStatus: Valid",
  "beat": {
    "version": "6.2.2",
    "name": "DESKTOP-WJANG",
    "hostname": "DESKTOP-WJANG"
  },
  "event_id": 7,
  "computer_name": "DESKTOP-WJANG",
  "event_data": {
    "Signature": "Microsoft Corporation",
    "ProcessId": "25640",
    "Description": "ApiSet Stub DLL",
    "ImageLoaded": "C:\\Program Files\\Mozilla Firefox\\api-ms-win-crt-convert-l1-1-0.dll",
    "Company": "Microsoft Corporation",
    "Image": "C:\\Program Files\\Mozilla Firefox\\firefox.exe",
    "FileVersion": "10.0.16299.15 (WinBuild.160101.0800)",
    "Signed": "true",
    "SignatureStatus": "Valid",
    "Hashes": "MD5=E3495C380C381670908355181787D7EA,SHA256=B353BD22B97FD3704557A99359C9EA0B4E0AD8B7E43B5E21700DABD1A1D84923",
    "Product": "Microsoft® Windows® Operating System",
    "UtcTime": "2018-03-05 07:35:32.116",
    "ProcessGuid": "{A376A8F6-F344-5A9C-0000-0010BDB3F803}"
  },
  "source_name": "Microsoft-Windows-Sysmon",
  "provider_guid": "{5770385F-C22A-43E0-BF4C-06F5698FFBD9}",
  "process_id": 8608,
  "record_number": "941",
  "type": "wineventlog",
  "task": "Image loaded (rule: ImageLoad)",
  "level": "정보",
  "opcode": "정보",
  "thread_id": 19220,
  "log_name": "Microsoft-Windows-Sysmon/Operational",
  "version": 3
}
{
  "@timestamp": "2018-03-05T07:35:32.118Z",
  "@metadata": {
    "beat": "winlogbeat",
    "type": "doc",
    "version": "6.2.2"
  },
  "computer_name": "DESKTOP-WJANG",
  "message": "Image loaded:\nUtcTime: 2018-03-05 07:35:32.117\nProcessGuid: {A376A8F6-F344-5A9C-0000-0010BDB3F803}\nProcessId: 25640\nImage: C:\\Program Files\\Mozilla Firefox\\firefox.exe\nImageLoaded: C:\\Program Files\\Mozilla Firefox\\api-ms-win-crt-convert-l1-1-0.dll\nFileVersion: 10.0.16299.15 (WinBuild.160101.0800)\nDescription: ApiSet Stub DLL\nProduct: Microsoft® Windows® Operating System\nCompany: Microsoft Corporation\nHashes: MD5=E3495C380C381670908355181787D7EA,SHA256=B353BD22B97FD3704557A99359C9EA0B4E0AD8B7E43B5E21700DABD1A1D84923\nSigned: true\nSignature: Microsoft Corporation\nSignatureStatus: Valid",
  "user": {
    "domain": "NT AUTHORITY",
    "type": "Well Known Group",
    "identifier": "S-1-5-18",
    "name": "SYSTEM"
  },
  "source_name": "Microsoft-Windows-Sysmon",
  "version": 3,
  "level": "정보",
  "opcode": "정보",
  "log_name": "Microsoft-Windows-Sysmon/Operational",
  "record_number": "942",
  "event_id": 7,
  "process_id": 8608,
  "provider_guid": "{5770385F-C22A-43E0-BF4C-06F5698FFBD9}",
  "event_data": {
    "UtcTime": "2018-03-05 07:35:32.117",
    "Signed": "true",
    "ProcessGuid": "{A376A8F6-F344-5A9C-0000-0010BDB3F803}",
    "Hashes": "MD5=E3495C380C381670908355181787D7EA,SHA256=B353BD22B97FD3704557A99359C9EA0B4E0AD8B7E43B5E21700DABD1A1D84923",
    "SignatureStatus": "Valid",
    "ProcessId": "25640",
    "Signature": "Microsoft Corporation",
    "FileVersion": "10.0.16299.15 (WinBuild.160101.0800)",
    "Image": "C:\\Program Files\\Mozilla Firefox\\firefox.exe",
    "ImageLoaded": "C:\\Program Files\\Mozilla Firefox\\api-ms-win-crt-convert-l1-1-0.dll",
    "Product": "Microsoft® Windows® Operating System",
    "Description": "ApiSet Stub DLL",
    "Company": "Microsoft Corporation"
  },
  "beat": {
    "version": "6.2.2",
    "name": "DESKTOP-WJANG",
    "hostname": "DESKTOP-WJANG"
  },
  "type": "wineventlog",
  "thread_id": 19220,
  "task": "Image loaded (rule: ImageLoad)"
}
{
  "@timestamp": "2018-03-05T07:35:32.119Z",
  "@metadata": {
    "beat": "winlogbeat",
    "type": "doc",
    "version": "6.2.2"
  },
  "event_data": {
    "Signature": "Microsoft Corporation",
    "Image": "C:\\Program Files\\Mozilla Firefox\\firefox.exe",
    "Product": "Microsoft® Windows® Operating System",
    "Company": "Microsoft Corporation",
    "SignatureStatus": "Valid",
    "ProcessId": "25640",
    "ImageLoaded": "C:\\Program Files\\Mozilla Firefox\\api-ms-win-crt-locale-l1-1-0.dll",
    "Signed": "true",
    "UtcTime": "2018-03-05 07:35:32.118",
    "Hashes": "MD5=4140EE5C6EA9F933C483615141FD54FE,SHA256=29ABDC8C5396132B004E6751464641B8F0562249333B2257A1D2EB4AECC8D9DC",
    "FileVersion": "10.0.16299.15 (WinBuild.160101.0800)",
    "ProcessGuid": "{A376A8F6-F344-5A9C-0000-0010BDB3F803}",
    "Description": "ApiSet Stub DLL"
  },
  "record_number": "943",
  "task": "Image loaded (rule: ImageLoad)",
  "opcode": "정보",
  "provider_guid": "{5770385F-C22A-43E0-BF4C-06F5698FFBD9}",
  "computer_name": "DESKTOP-WJANG",
  "type": "wineventlog",
  "version": 3,
  "message": "Image loaded:\nUtcTime: 2018-03-05 07:35:32.118\nProcessGuid: {A376A8F6-F344-5A9C-0000-0010BDB3F803}\nProcessId: 25640\nImage: C:\\Program Files\\Mozilla Firefox\\firefox.exe\nImageLoaded: C:\\Program Files\\Mozilla Firefox\\api-ms-win-crt-locale-l1-1-0.dll\nFileVersion: 10.0.16299.15 (WinBuild.160101.0800)\nDescription: ApiSet Stub DLL\nProduct: Microsoft® Windows® Operating System\nCompany: Microsoft Corporation\nHashes: MD5=4140EE5C6EA9F933C483615141FD54FE,SHA256=29ABDC8C5396132B004E6751464641B8F0562249333B2257A1D2EB4AECC8D9DC\nSigned: true\nSignature: Microsoft Corporation\nSignatureStatus: Valid",
  "source_name": "Microsoft-Windows-Sysmon",
  "user": {
    "identifier": "S-1-5-18",
    "name": "SYSTEM",
    "domain": "NT AUTHORITY",
    "type": "Well Known Group"
  },
  "beat": {
    "name": "DESKTOP-WJANG",
    "hostname": "DESKTOP-WJANG",
    "version": "6.2.2"
  },
  "event_id": 7,
  "thread_id": 19220,
  "process_id": 8608,
  "level": "정보",
  "log_name": "Microsoft-Windows-Sysmon/Operational"
}
{
  "@timestamp": "2018-03-05T07:35:32.120Z",
  "@metadata": {
    "beat": "winlogbeat",
    "type": "doc",
    "version": "6.2.2"
  },
  "type": "wineventlog",
  "thread_id": 19220,
  "source_name": "Microsoft-Windows-Sysmon",
  "message": "Image loaded:\nUtcTime: 2018-03-05 07:35:32.119\nProcessGuid: {A376A8F6-F344-5A9C-0000-0010BDB3F803}\nProcessId: 25640\nImage: C:\\Program Files\\Mozilla Firefox\\firefox.exe\nImageLoaded: C:\\Program Files\\Mozilla Firefox\\api-ms-win-crt-locale-l1-1-0.dll\nFileVersion: 10.0.16299.15 (WinBuild.160101.0800)\nDescription: ApiSet Stub DLL\nProduct: Microsoft® Windows® Operating System\nCompany: Microsoft Corporation\nHashes: MD5=4140EE5C6EA9F933C483615141FD54FE,SHA256=29ABDC8C5396132B004E6751464641B8F0562249333B2257A1D2EB4AECC8D9DC\nSigned: true\nSignature: Microsoft Corporation\nSignatureStatus: Valid",
  "user": {
    "name": "SYSTEM",
    "domain": "NT AUTHORITY",
    "type": "Well Known Group",
    "identifier": "S-1-5-18"
  },
  "computer_name": "DESKTOP-WJANG",
  "log_name": "Microsoft-Windows-Sysmon/Operational",
  "version": 3,
  "provider_guid": "{5770385F-C22A-43E0-BF4C-06F5698FFBD9}",
  "event_data": {
    "Company": "Microsoft Corporation",
    "Image": "C:\\Program Files\\Mozilla Firefox\\firefox.exe",
    "Signature": "Microsoft Corporation",
    "Description": "ApiSet Stub DLL",
    "FileVersion": "10.0.16299.15 (WinBuild.160101.0800)",
    "SignatureStatus": "Valid",
    "Signed": "true",
    "ImageLoaded": "C:\\Program Files\\Mozilla Firefox\\api-ms-win-crt-locale-l1-1-0.dll",
    "ProcessId": "25640",
    "Hashes": "MD5=4140EE5C6EA9F933C483615141FD54FE,SHA256=29ABDC8C5396132B004E6751464641B8F0562249333B2257A1D2EB4AECC8D9DC",
    "UtcTime": "2018-03-05 07:35:32.119",
    "ProcessGuid": "{A376A8F6-F344-5A9C-0000-0010BDB3F803}",
    "Product": "Microsoft® Windows® Operating System"
  },
  "task": "Image loaded (rule: ImageLoad)",
  "event_id": 7,
  "beat": {
    "name": "DESKTOP-WJANG",
    "hostname": "DESKTOP-WJANG",
    "version": "6.2.2"
  },
  "level": "정보",
  "record_number": "944",
  "process_id": 8608,
  "opcode": "정보"
}
{
  "@timestamp": "2018-03-05T07:35:32.121Z",
  "@metadata": {
    "beat": "winlogbeat",
    "type": "doc",
    "version": "6.2.2"
  },
  "computer_name": "DESKTOP-WJANG",
  "type": "wineventlog",
  "log_name": "Microsoft-Windows-Sysmon/Operational",
  "user": {
    "identifier": "S-1-5-18",
    "name": "SYSTEM",
    "domain": "NT AUTHORITY",
    "type": "Well Known Group"
  },
  "version": 3,
  "process_id": 8608,
  "thread_id": 19220,
  "message": "Image loaded:\nUtcTime: 2018-03-05 07:35:32.119\nProcessGuid: {A376A8F6-F344-5A9C-0000-0010BDB3F803}\nProcessId: 25640\nImage: C:\\Program Files\\Mozilla Firefox\\firefox.exe\nImageLoaded: C:\\Program Files\\Mozilla Firefox\\api-ms-win-crt-math-l1-1-0.dll\nFileVersion: 10.0.16299.15 (WinBuild.160101.0800)\nDescription: ApiSet Stub DLL\nProduct: Microsoft® Windows® Operating System\nCompany: Microsoft Corporation\nHashes: MD5=6C7D9C87AF17330357FDB7F39751080B,SHA256=6A9DD5A4E52C1AA0E341E35E9DC1A6FBF476EBACD64ADD3A53C146F019A9A4C6\nSigned: true\nSignature: Microsoft Corporation\nSignatureStatus: Valid",
  "beat": {
    "name": "DESKTOP-WJANG",
    "hostname": "DESKTOP-WJANG",
    "version": "6.2.2"
  },
  "level": "정보",
  "task": "Image loaded (rule: ImageLoad)",
  "provider_guid": "{5770385F-C22A-43E0-BF4C-06F5698FFBD9}",
  "event_id": 7,
  "event_data": {
    "Company": "Microsoft Corporation",
    "Signed": "true",
    "UtcTime": "2018-03-05 07:35:32.119",
    "Hashes": "MD5=6C7D9C87AF17330357FDB7F39751080B,SHA256=6A9DD5A4E52C1AA0E341E35E9DC1A6FBF476EBACD64ADD3A53C146F019A9A4C6",
    "ProcessId": "25640",
    "Description": "ApiSet Stub DLL",
    "ProcessGuid": "{A376A8F6-F344-5A9C-0000-0010BDB3F803}",
    "Product": "Microsoft® Windows® Operating System",
    "SignatureStatus": "Valid",
    "FileVersion": "10.0.16299.15 (WinBuild.160101.0800)",
    "Signature": "Microsoft Corporation",
    "ImageLoaded": "C:\\Program Files\\Mozilla Firefox\\api-ms-win-crt-math-l1-1-0.dll",
    "Image": "C:\\Program Files\\Mozilla Firefox\\firefox.exe"
  },
  "opcode": "정보",
  "source_name": "Microsoft-Windows-Sysmon",
  "record_number": "945"
}
{
  "@timestamp": "2018-03-05T07:35:32.121Z",
  "@metadata": {
    "beat": "winlogbeat",
    "type": "doc",
    "version": "6.2.2"
  },
  "beat": {
    "name": "DESKTOP-WJANG",
    "hostname": "DESKTOP-WJANG",
    "version": "6.2.2"
  },
  "opcode": "정보",
  "message": "Image loaded:\nUtcTime: 2018-03-05 07:35:32.120\nProcessGuid: {A376A8F6-F344-5A9C-0000-0010BDB3F803}\nProcessId: 25640\nImage: C:\\Program Files\\Mozilla Firefox\\firefox.exe\nImageLoaded: C:\\Program Files\\Mozilla Firefox\\api-ms-win-crt-math-l1-1-0.dll\nFileVersion: 10.0.16299.15 (WinBuild.160101.0800)\nDescription: ApiSet Stub DLL\nProduct: Microsoft® Windows® Operating System\nCompany: Microsoft Corporation\nHashes: MD5=6C7D9C87AF17330357FDB7F39751080B,SHA256=6A9DD5A4E52C1AA0E341E35E9DC1A6FBF476EBACD64ADD3A53C146F019A9A4C6\nSigned: true\nSignature: Microsoft Corporation\nSignatureStatus: Valid",
  "thread_id": 19220,
  "source_name": "Microsoft-Windows-Sysmon",
  "record_number": "946",
  "log_name": "Microsoft-Windows-Sysmon/Operational",
  "level": "정보",
  "provider_guid": "{5770385F-C22A-43E0-BF4C-06F5698FFBD9}",
  "version": 3,
  "computer_name": "DESKTOP-WJANG",
  "event_id": 7,
  "task": "Image loaded (rule: ImageLoad)",
  "process_id": 8608,
  "event_data": {
    "Signature": "Microsoft Corporation",
    "Company": "Microsoft Corporation",
    "Image": "C:\\Program Files\\Mozilla Firefox\\firefox.exe",
    "ImageLoaded": "C:\\Program Files\\Mozilla Firefox\\api-ms-win-crt-math-l1-1-0.dll",
    "UtcTime": "2018-03-05 07:35:32.120",
    "ProcessId": "25640",
    "Product": "Microsoft® Windows® Operating System",
    "Signed": "true",
    "FileVersion": "10.0.16299.15 (WinBuild.160101.0800)",
    "Description": "ApiSet Stub DLL",
    "ProcessGuid": "{A376A8F6-F344-5A9C-0000-0010BDB3F803}",
    "Hashes": "MD5=6C7D9C87AF17330357FDB7F39751080B,SHA256=6A9DD5A4E52C1AA0E341E35E9DC1A6FBF476EBACD64ADD3A53C146F019A9A4C6",
    "SignatureStatus": "Valid"
  },
  "type": "wineventlog",
  "user": {
    "domain": "NT AUTHORITY",
    "type": "Well Known Group",
    "identifier": "S-1-5-18",
    "name": "SYSTEM"
  }
}
{
  "@timestamp": "2018-03-05T07:35:32.122Z",
  "@metadata": {
    "beat": "winlogbeat",
    "type": "doc",
    "version": "6.2.2"
  },
  "process_id": 8608,
  "provider_guid": "{5770385F-C22A-43E0-BF4C-06F5698FFBD9}",
  "task": "Image loaded (rule: ImageLoad)",
  "log_name": "Microsoft-Windows-Sysmon/Operational",
  "event_id": 7,
  "thread_id": 19220,
  "computer_name": "DESKTOP-WJANG",
  "record_number": "947",
  "message": "Image loaded:\nUtcTime: 2018-03-05 07:35:32.121\nProcessGuid: {A376A8F6-F344-5A9C-0000-0010BDB3F803}\nProcessId: 25640\nImage: C:\\Program Files\\Mozilla Firefox\\firefox.exe\nImageLoaded: C:\\Program Files\\Mozilla Firefox\\api-ms-win-crt-multibyte-l1-1-0.dll\nFileVersion: 10.0.16299.15 (WinBuild.160101.0800)\nDescription: ApiSet Stub DLL\nProduct: Microsoft® Windows® Operating System\nCompany: Microsoft Corporation\nHashes: MD5=0CAD941678316DA4F162C2D65600F578,SHA256=ACB97F64896CB96CEA09C2A2E691A8E2302885150A0699AA0AC0593BCDC89E9F\nSigned: true\nSignature: Microsoft Corporation\nSignatureStatus: Valid",
  "user": {
    "identifier": "S-1-5-18",
    "name": "SYSTEM",
    "domain": "NT AUTHORITY",
    "type": "Well Known Group"
  },
  "version": 3,
  "opcode": "정보",
  "level": "정보",
  "event_data": {
    "UtcTime": "2018-03-05 07:35:32.121",
    "FileVersion": "10.0.16299.15 (WinBuild.160101.0800)",
    "ImageLoaded": "C:\\Program Files\\Mozilla Firefox\\api-ms-win-crt-multibyte-l1-1-0.dll",
    "Company": "Microsoft Corporation",
    "Product": "Microsoft® Windows® Operating System",
    "Hashes": "MD5=0CAD941678316DA4F162C2D65600F578,SHA256=ACB97F64896CB96CEA09C2A2E691A8E2302885150A0699AA0AC0593BCDC89E9F",
    "Signed": "true",
    "Image": "C:\\Program Files\\Mozilla Firefox\\firefox.exe",
    "SignatureStatus": "Valid",
    "ProcessGuid": "{A376A8F6-F344-5A9C-0000-0010BDB3F803}",
    "Description": "ApiSet Stub DLL",
    "ProcessId": "25640",
    "Signature": "Microsoft Corporation"
  },
  "type": "wineventlog",
  "source_name": "Microsoft-Windows-Sysmon",
  "beat": {
    "name": "DESKTOP-WJANG",
    "hostname": "DESKTOP-WJANG",
    "version": "6.2.2"
  }
}
{
  "@timestamp": "2018-03-05T07:35:32.123Z",
  "@metadata": {
    "beat": "winlogbeat",
    "type": "doc",
    "version": "6.2.2"
  },
  "opcode": "정보",
  "computer_name": "DESKTOP-WJANG",
  "message": "Image loaded:\nUtcTime: 2018-03-05 07:35:32.122\nProcessGuid: {A376A8F6-F344-5A9C-0000-0010BDB3F803}\nProcessId: 25640\nImage: C:\\Program Files\\Mozilla Firefox\\firefox.exe\nImageLoaded: C:\\Program Files\\Mozilla Firefox\\api-ms-win-crt-multibyte-l1-1-0.dll\nFileVersion: 10.0.16299.15 (WinBuild.160101.0800)\nDescription: ApiSet Stub DLL\nProduct: Microsoft® Windows® Operating System\nCompany: Microsoft Corporation\nHashes: MD5=0CAD941678316DA4F162C2D65600F578,SHA256=ACB97F64896CB96CEA09C2A2E691A8E2302885150A0699AA0AC0593BCDC89E9F\nSigned: true\nSignature: Microsoft Corporation\nSignatureStatus: Valid",
  "event_id": 7,
  "provider_guid": "{5770385F-C22A-43E0-BF4C-06F5698FFBD9}",
  "event_data": {
    "FileVersion": "10.0.16299.15 (WinBuild.160101.0800)",
    "UtcTime": "2018-03-05 07:35:32.122",
    "ProcessGuid": "{A376A8F6-F344-5A9C-0000-0010BDB3F803}",
    "ProcessId": "25640",
    "Company": "Microsoft Corporation",
    "Signed": "true",
    "Hashes": "MD5=0CAD941678316DA4F162C2D65600F578,SHA256=ACB97F64896CB96CEA09C2A2E691A8E2302885150A0699AA0AC0593BCDC89E9F",
    "Image": "C:\\Program Files\\Mozilla Firefox\\firefox.exe",
    "Description": "ApiSet Stub DLL",
    "Signature": "Microsoft Corporation",
    "Product": "Microsoft® Windows® Operating System",
    "SignatureStatus": "Valid",
    "ImageLoaded": "C:\\Program Files\\Mozilla Firefox\\api-ms-win-crt-multibyte-l1-1-0.dll"
  },
  "task": "Image loaded (rule: ImageLoad)",
  "source_name": "Microsoft-Windows-Sysmon",
  "type": "wineventlog",
  "version": 3,
  "record_number": "948",
  "level": "정보",
  "thread_id": 19220,
  "process_id": 8608,
  "log_name": "Microsoft-Windows-Sysmon/Operational",
  "user": {
    "identifier": "S-1-5-18",
    "name": "SYSTEM",
    "domain": "NT AUTHORITY",
    "type": "Well Known Group"
  },
  "beat": {
    "name": "DESKTOP-WJANG",
    "hostname": "DESKTOP-WJANG",
    "version": "6.2.2"
  }
}
{
  "@timestamp": "2018-03-05T07:35:32.123Z",
  "@metadata": {
    "beat": "winlogbeat",
    "type": "doc",
    "version": "6.2.2"
  },
  "computer_name": "DESKTOP-WJANG",
  "event_id": 7,
  "task": "Image loaded (rule: ImageLoad)",
  "message": "Image loaded:\nUtcTime: 2018-03-05 07:35:32.122\nProcessGuid: {A376A8F6-F344-5A9C-0000-0010BDB3F803}\nProcessId: 25640\nImage: C:\\Program Files\\Mozilla Firefox\\firefox.exe\nImageLoaded: C:\\Program Files\\Mozilla Firefox\\api-ms-win-crt-time-l1-1-0.dll\nFileVersion: 10.0.16299.15 (WinBuild.160101.0800)\nDescription: ApiSet Stub DLL\nProduct: Microsoft® Windows® Operating System\nCompany: Microsoft Corporation\nHashes: MD5=090027E2A3EF8D8EBF9CED36FDC7B492,SHA256=803B6F86F178E71F462DFDD6521C9F4791059C1FAB5DC86DE17C34C25E55F8BD\nSigned: true\nSignature: Microsoft Corporation\nSignatureStatus: Valid",
  "thread_id": 19220,
  "level": "정보",
  "record_number": "949",
  "process_id": 8608,
  "event_data": {
    "Description": "ApiSet Stub DLL",
    "ImageLoaded": "C:\\Program Files\\Mozilla Firefox\\api-ms-win-crt-time-l1-1-0.dll",
    "SignatureStatus": "Valid",
    "ProcessId": "25640",
    "Product": "Microsoft® Windows® Operating System",
    "FileVersion": "10.0.16299.15 (WinBuild.160101.0800)",
    "Hashes": "MD5=090027E2A3EF8D8EBF9CED36FDC7B492,SHA256=803B6F86F178E71F462DFDD6521C9F4791059C1FAB5DC86DE17C34C25E55F8BD",
    "Company": "Microsoft Corporation",
    "Signed": "true",
    "Signature": "Microsoft Corporation",
    "ProcessGuid": "{A376A8F6-F344-5A9C-0000-0010BDB3F803}",
    "UtcTime": "2018-03-05 07:35:32.122",
    "Image": "C:\\Program Files\\Mozilla Firefox\\firefox.exe"
  },
  "user": {
    "identifier": "S-1-5-18",
    "name": "SYSTEM",
    "domain": "NT AUTHORITY",
    "type": "Well Known Group"
  },
  "provider_guid": "{5770385F-C22A-43E0-BF4C-06F5698FFBD9}",
  "source_name": "Microsoft-Windows-Sysmon",
  "opcode": "정보",
  "type": "wineventlog",
  "beat": {
    "name": "DESKTOP-WJANG",
    "hostname": "DESKTOP-WJANG",
    "version": "6.2.2"
  },
  "log_name": "Microsoft-Windows-Sysmon/Operational",
  "version": 3
}
{
  "@timestamp": "2018-03-05T07:35:32.124Z",
  "@metadata": {
    "beat": "winlogbeat",
    "type": "doc",
    "version": "6.2.2"
  },
  "thread_id": 19220,
  "record_number": "950",
  "message": "Image loaded:\nUtcTime: 2018-03-05 07:35:32.123\nProcessGuid: {A376A8F6-F344-5A9C-0000-0010BDB3F803}\nProcessId: 25640\nImage: C:\\Program Files\\Mozilla Firefox\\firefox.exe\nImageLoaded: C:\\Program Files\\Mozilla Firefox\\api-ms-win-crt-time-l1-1-0.dll\nFileVersion: 10.0.16299.15 (WinBuild.160101.0800)\nDescription: ApiSet Stub DLL\nProduct: Microsoft® Windows® Operating System\nCompany: Microsoft Corporation\nHashes: MD5=090027E2A3EF8D8EBF9CED36FDC7B492,SHA256=803B6F86F178E71F462DFDD6521C9F4791059C1FAB5DC86DE17C34C25E55F8BD\nSigned: true\nSignature: Microsoft Corporation\nSignatureStatus: Valid",
  "task": "Image loaded (rule: ImageLoad)",
  "opcode": "정보",
  "event_data": {
    "FileVersion": "10.0.16299.15 (WinBuild.160101.0800)",
    "UtcTime": "2018-03-05 07:35:32.123",
    "Signature": "Microsoft Corporation",
    "ImageLoaded": "C:\\Program Files\\Mozilla Firefox\\api-ms-win-crt-time-l1-1-0.dll",
    "Company": "Microsoft Corporation",
    "ProcessId": "25640",
    "Hashes": "MD5=090027E2A3EF8D8EBF9CED36FDC7B492,SHA256=803B6F86F178E71F462DFDD6521C9F4791059C1FAB5DC86DE17C34C25E55F8BD",
    "SignatureStatus": "Valid",
    "Image": "C:\\Program Files\\Mozilla Firefox\\firefox.exe",
    "Description": "ApiSet Stub DLL",
    "Product": "Microsoft® Windows® Operating System",
    "ProcessGuid": "{A376A8F6-F344-5A9C-0000-0010BDB3F803}",
    "Signed": "true"
  },
  "process_id": 8608,
  "level": "정보",
  "event_id": 7,
  "user": {
    "name": "SYSTEM",
    "domain": "NT AUTHORITY",
    "type": "Well Known Group",
    "identifier": "S-1-5-18"
  },
  "version": 3,
  "provider_guid": "{5770385F-C22A-43E0-BF4C-06F5698FFBD9}",
  "type": "wineventlog",
  "source_name": "Microsoft-Windows-Sysmon",
  "computer_name": "DESKTOP-WJANG",
  "log_name": "Microsoft-Windows-Sysmon/Operational",
  "beat": {
    "name": "DESKTOP-WJANG",
    "hostname": "DESKTOP-WJANG",
    "version": "6.2.2"
  }
}
{
  "@timestamp": "2018-03-05T07:35:32.125Z",
  "@metadata": {
    "beat": "winlogbeat",
    "type": "doc",
    "version": "6.2.2"
  },
  "computer_name": "DESKTOP-WJANG",
  "user": {
    "type": "Well Known Group",
    "identifier": "S-1-5-18",
    "name": "SYSTEM",
    "domain": "NT AUTHORITY"
  },
  "process_id": 8608,
  "log_name": "Microsoft-Windows-Sysmon/Operational",
  "event_data": {
    "ProcessGuid": "{A376A8F6-F344-5A9C-0000-0010BDB3F803}",
    "SignatureStatus": "Valid",
    "Company": "Microsoft Corporation",
    "UtcTime": "2018-03-05 07:35:32.123",
    "ProcessId": "25640",
    "Image": "C:\\Program Files\\Mozilla Firefox\\firefox.exe",
    "Description": "ApiSet Stub DLL",
    "Signed": "true",
    "Signature": "Microsoft Corporation",
    "Product": "Microsoft® Windows® Operating System",
    "FileVersion": "10.0.16299.15 (WinBuild.160101.0800)",
    "ImageLoaded": "C:\\Program Files\\Mozilla Firefox\\api-ms-win-crt-filesystem-l1-1-0.dll",
    "Hashes": "MD5=C8211D9A8F2595C9EE6F75C9B6D5CB29,SHA256=B78607F566599E92BFA8FF5DE0F28C439207ABF17F274A045500A0D107287D41"
  },
  "task": "Image loaded (rule: ImageLoad)",
  "thread_id": 19220,
  "message": "Image loaded:\nUtcTime: 2018-03-05 07:35:32.123\nProcessGuid: {A376A8F6-F344-5A9C-0000-0010BDB3F803}\nProcessId: 25640\nImage: C:\\Program Files\\Mozilla Firefox\\firefox.exe\nImageLoaded: C:\\Program Files\\Mozilla Firefox\\api-ms-win-crt-filesystem-l1-1-0.dll\nFileVersion: 10.0.16299.15 (WinBuild.160101.0800)\nDescription: ApiSet Stub DLL\nProduct: Microsoft® Windows® Operating System\nCompany: Microsoft Corporation\nHashes: MD5=C8211D9A8F2595C9EE6F75C9B6D5CB29,SHA256=B78607F566599E92BFA8FF5DE0F28C439207ABF17F274A045500A0D107287D41\nSigned: true\nSignature: Microsoft Corporation\nSignatureStatus: Valid",
  "beat": {
    "name": "DESKTOP-WJANG",
    "hostname": "DESKTOP-WJANG",
    "version": "6.2.2"
  },
  "version": 3,
  "provider_guid": "{5770385F-C22A-43E0-BF4C-06F5698FFBD9}",
  "record_number": "951",
  "event_id": 7,
  "level": "정보",
  "source_name": "Microsoft-Windows-Sysmon",
  "type": "wineventlog",
  "opcode": "정보"
}
{
  "@timestamp": "2018-03-05T07:35:32.125Z",
  "@metadata": {
    "beat": "winlogbeat",
    "type": "doc",
    "version": "6.2.2"
  },
  "thread_id": 19220,
  "process_id": 8608,
  "event_id": 7,
  "task": "Image loaded (rule: ImageLoad)",
  "message": "Image loaded:\nUtcTime: 2018-03-05 07:35:32.124\nProcessGuid: {A376A8F6-F344-5A9C-0000-0010BDB3F803}\nProcessId: 25640\nImage: C:\\Program Files\\Mozilla Firefox\\firefox.exe\nImageLoaded: C:\\Program Files\\Mozilla Firefox\\api-ms-win-crt-filesystem-l1-1-0.dll\nFileVersion: 10.0.16299.15 (WinBuild.160101.0800)\nDescription: ApiSet Stub DLL\nProduct: Microsoft® Windows® Operating System\nCompany: Microsoft Corporation\nHashes: MD5=C8211D9A8F2595C9EE6F75C9B6D5CB29,SHA256=B78607F566599E92BFA8FF5DE0F28C439207ABF17F274A045500A0D107287D41\nSigned: true\nSignature: Microsoft Corporation\nSignatureStatus: Valid",
  "source_name": "Microsoft-Windows-Sysmon",
  "record_number": "952",
  "user": {
    "identifier": "S-1-5-18",
    "name": "SYSTEM",
    "domain": "NT AUTHORITY",
    "type": "Well Known Group"
  },
  "type": "wineventlog",
  "provider_guid": "{5770385F-C22A-43E0-BF4C-06F5698FFBD9}",
  "event_data": {
    "Description": "ApiSet Stub DLL",
    "Company": "Microsoft Corporation",
    "Signature": "Microsoft Corporation",
    "Image": "C:\\Program Files\\Mozilla Firefox\\firefox.exe",
    "ImageLoaded": "C:\\Program Files\\Mozilla Firefox\\api-ms-win-crt-filesystem-l1-1-0.dll",
    "ProcessGuid": "{A376A8F6-F344-5A9C-0000-0010BDB3F803}",
    "Signed": "true",
    "SignatureStatus": "Valid",
    "Product": "Microsoft® Windows® Operating System",
    "FileVersion": "10.0.16299.15 (WinBuild.160101.0800)",
    "Hashes": "MD5=C8211D9A8F2595C9EE6F75C9B6D5CB29,SHA256=B78607F566599E92BFA8FF5DE0F28C439207ABF17F274A045500A0D107287D41",
    "UtcTime": "2018-03-05 07:35:32.124",
    "ProcessId": "25640"
  },
  "log_name": "Microsoft-Windows-Sysmon/Operational",
  "version": 3,
  "opcode": "정보",
  "level": "정보",
  "computer_name": "DESKTOP-WJANG",
  "beat": {
    "name": "DESKTOP-WJANG",
    "hostname": "DESKTOP-WJANG",
    "version": "6.2.2"
  }
}
{
  "@timestamp": "2018-03-05T07:35:32.126Z",
  "@metadata": {
    "beat": "winlogbeat",
    "type": "doc",
    "version": "6.2.2"
  },
  "source_name": "Microsoft-Windows-Sysmon",
  "process_id": 8608,
  "event_data": {
    "ProcessGuid": "{A376A8F6-F344-5A9C-0000-0010BDB3F803}",
    "Signed": "true",
    "Hashes": "MD5=5746D1DC01F0A069F009ECD7F8738C41,SHA256=325E7BB5C8A3C7F9DB8698A570B7D9D9424A028D51F937A2DFF3DC5FF0B6E457",
    "Company": "Microsoft Corporation",
    "Description": "ApiSet Stub DLL",
    "FileVersion": "10.0.16299.15 (WinBuild.160101.0800)",
    "Product": "Microsoft® Windows® Operating System",
    "ProcessId": "25640",
    "ImageLoaded": "C:\\Program Files\\Mozilla Firefox\\api-ms-win-crt-environment-l1-1-0.dll",
    "Image": "C:\\Program Files\\Mozilla Firefox\\firefox.exe",
    "UtcTime": "2018-03-05 07:35:32.125",
    "SignatureStatus": "Valid",
    "Signature": "Microsoft Corporation"
  },
  "type": "wineventlog",
  "computer_name": "DESKTOP-WJANG",
  "task": "Image loaded (rule: ImageLoad)",
  "opcode": "정보",
  "user": {
    "identifier": "S-1-5-18",
    "name": "SYSTEM",
    "domain": "NT AUTHORITY",
    "type": "Well Known Group"
  },
  "log_name": "Microsoft-Windows-Sysmon/Operational",
  "provider_guid": "{5770385F-C22A-43E0-BF4C-06F5698FFBD9}",
  "message": "Image loaded:\nUtcTime: 2018-03-05 07:35:32.125\nProcessGuid: {A376A8F6-F344-5A9C-0000-0010BDB3F803}\nProcessId: 25640\nImage: C:\\Program Files\\Mozilla Firefox\\firefox.exe\nImageLoaded: C:\\Program Files\\Mozilla Firefox\\api-ms-win-crt-environment-l1-1-0.dll\nFileVersion: 10.0.16299.15 (WinBuild.160101.0800)\nDescription: ApiSet Stub DLL\nProduct: Microsoft® Windows® Operating System\nCompany: Microsoft Corporation\nHashes: MD5=5746D1DC01F0A069F009ECD7F8738C41,SHA256=325E7BB5C8A3C7F9DB8698A570B7D9D9424A028D51F937A2DFF3DC5FF0B6E457\nSigned: true\nSignature: Microsoft Corporation\nSignatureStatus: Valid",
  "version": 3,
  "level": "정보",
  "thread_id": 19220,
  "beat": {
    "name": "DESKTOP-WJANG",
    "hostname": "DESKTOP-WJANG",
    "version": "6.2.2"
  },
  "event_id": 7,
  "record_number": "953"
}
{
  "@timestamp": "2018-03-05T07:35:32.127Z",
  "@metadata": {
    "beat": "winlogbeat",
    "type": "doc",
    "version": "6.2.2"
  },
  "thread_id": 19220,
  "source_name": "Microsoft-Windows-Sysmon",
  "log_name": "Microsoft-Windows-Sysmon/Operational",
  "user": {
    "domain": "NT AUTHORITY",
    "type": "Well Known Group",
    "identifier": "S-1-5-18",
    "name": "SYSTEM"
  },
  "beat": {
    "name": "DESKTOP-WJANG",
    "hostname": "DESKTOP-WJANG",
    "version": "6.2.2"
  },
  "level": "정보",
  "process_id": 8608,
  "computer_name": "DESKTOP-WJANG",
  "opcode": "정보",
  "event_id": 7,
  "version": 3,
  "event_data": {
    "SignatureStatus": "Valid",
    "Product": "Microsoft® Windows® Operating System",
    "ProcessId": "25640",
    "Description": "ApiSet Stub DLL",
    "Company": "Microsoft Corporation",
    "Signed": "true",
    "UtcTime": "2018-03-05 07:35:32.125",
    "ProcessGuid": "{A376A8F6-F344-5A9C-0000-0010BDB3F803}",
    "ImageLoaded": "C:\\Program Files\\Mozilla Firefox\\api-ms-win-crt-environment-l1-1-0.dll",
    "Signature": "Microsoft Corporation",
    "Image": "C:\\Program Files\\Mozilla Firefox\\firefox.exe",
    "FileVersion": "10.0.16299.15 (WinBuild.160101.0800)",
    "Hashes": "MD5=5746D1DC01F0A069F009ECD7F8738C41,SHA256=325E7BB5C8A3C7F9DB8698A570B7D9D9424A028D51F937A2DFF3DC5FF0B6E457"
  },
  "message": "Image loaded:\nUtcTime: 2018-03-05 07:35:32.125\nProcessGuid: {A376A8F6-F344-5A9C-0000-0010BDB3F803}\nProcessId: 25640\nImage: C:\\Program Files\\Mozilla Firefox\\firefox.exe\nImageLoaded: C:\\Program Files\\Mozilla Firefox\\api-ms-win-crt-environment-l1-1-0.dll\nFileVersion: 10.0.16299.15 (WinBuild.160101.0800)\nDescription: ApiSet Stub DLL\nProduct: Microsoft® Windows® Operating System\nCompany: Microsoft Corporation\nHashes: MD5=5746D1DC01F0A069F009ECD7F8738C41,SHA256=325E7BB5C8A3C7F9DB8698A570B7D9D9424A028D51F937A2DFF3DC5FF0B6E457\nSigned: true\nSignature: Microsoft Corporation\nSignatureStatus: Valid",
  "type": "wineventlog",
  "provider_guid": "{5770385F-C22A-43E0-BF4C-06F5698FFBD9}",
  "task": "Image loaded (rule: ImageLoad)",
  "record_number": "954"
}
{
  "@timestamp": "2018-03-05T07:35:32.127Z",
  "@metadata": {
    "beat": "winlogbeat",
    "type": "doc",
    "version": "6.2.2"
  },
  "record_number": "955",
  "version": 3,
  "message": "Image loaded:\nUtcTime: 2018-03-05 07:35:32.126\nProcessGuid: {A376A8F6-F344-5A9C-0000-0010BDB3F803}\nProcessId: 25640\nImage: C:\\Program Files\\Mozilla Firefox\\firefox.exe\nImageLoaded: C:\\Program Files\\Mozilla Firefox\\api-ms-win-crt-utility-l1-1-0.dll\nFileVersion: 10.0.16299.15 (WinBuild.160101.0800)\nDescription: ApiSet Stub DLL\nProduct: Microsoft® Windows® Operating System\nCompany: Microsoft Corporation\nHashes: MD5=6BC85715C6A0006CDEFF1B3D7FFD796F,SHA256=7A578DD2CEB4387AE8F67F6A82AB553CA1570D1588AB6645859E5625585AF95C\nSigned: true\nSignature: Microsoft Corporation\nSignatureStatus: Valid",
  "source_name": "Microsoft-Windows-Sysmon",
  "beat": {
    "name": "DESKTOP-WJANG",
    "hostname": "DESKTOP-WJANG",
    "version": "6.2.2"
  },
  "event_id": 7,
  "level": "정보",
  "event_data": {
    "Description": "ApiSet Stub DLL",
    "FileVersion": "10.0.16299.15 (WinBuild.160101.0800)",
    "Company": "Microsoft Corporation",
    "ProcessId": "25640",
    "SignatureStatus": "Valid",
    "Image": "C:\\Program Files\\Mozilla Firefox\\firefox.exe",
    "Product": "Microsoft® Windows® Operating System",
    "Hashes": "MD5=6BC85715C6A0006CDEFF1B3D7FFD796F,SHA256=7A578DD2CEB4387AE8F67F6A82AB553CA1570D1588AB6645859E5625585AF95C",
    "Signature": "Microsoft Corporation",
    "ImageLoaded": "C:\\Program Files\\Mozilla Firefox\\api-ms-win-crt-utility-l1-1-0.dll",
    "UtcTime": "2018-03-05 07:35:32.126",
    "Signed": "true",
    "ProcessGuid": "{A376A8F6-F344-5A9C-0000-0010BDB3F803}"
  },
  "computer_name": "DESKTOP-WJANG",
  "user": {
    "name": "SYSTEM",
    "domain": "NT AUTHORITY",
    "type": "Well Known Group",
    "identifier": "S-1-5-18"
  },
  "thread_id": 19220,
  "provider_guid": "{5770385F-C22A-43E0-BF4C-06F5698FFBD9}",
  "process_id": 8608,
  "log_name": "Microsoft-Windows-Sysmon/Operational",
  "type": "wineventlog",
  "task": "Image loaded (rule: ImageLoad)",
  "opcode": "정보"
}
{
  "@timestamp": "2018-03-05T07:35:32.128Z",
  "@metadata": {
    "beat": "winlogbeat",
    "type": "doc",
    "version": "6.2.2"
  },
  "task": "Image loaded (rule: ImageLoad)",
  "beat": {
    "name": "DESKTOP-WJANG",
    "hostname": "DESKTOP-WJANG",
    "version": "6.2.2"
  },
  "message": "Image loaded:\nUtcTime: 2018-03-05 07:35:32.127\nProcessGuid: {A376A8F6-F344-5A9C-0000-0010BDB3F803}\nProcessId: 25640\nImage: C:\\Program Files\\Mozilla Firefox\\firefox.exe\nImageLoaded: C:\\Program Files\\Mozilla Firefox\\api-ms-win-crt-utility-l1-1-0.dll\nFileVersion: 10.0.16299.15 (WinBuild.160101.0800)\nDescription: ApiSet Stub DLL\nProduct: Microsoft® Windows® Operating System\nCompany: Microsoft Corporation\nHashes: MD5=6BC85715C6A0006CDEFF1B3D7FFD796F,SHA256=7A578DD2CEB4387AE8F67F6A82AB553CA1570D1588AB6645859E5625585AF95C\nSigned: true\nSignature: Microsoft Corporation\nSignatureStatus: Valid",
  "event_data": {
    "FileVersion": "10.0.16299.15 (WinBuild.160101.0800)",
    "Hashes": "MD5=6BC85715C6A0006CDEFF1B3D7FFD796F,SHA256=7A578DD2CEB4387AE8F67F6A82AB553CA1570D1588AB6645859E5625585AF95C",
    "Image": "C:\\Program Files\\Mozilla Firefox\\firefox.exe",
    "Product": "Microsoft® Windows® Operating System",
    "Signed": "true",
    "SignatureStatus": "Valid",
    "UtcTime": "2018-03-05 07:35:32.127",
    "Description": "ApiSet Stub DLL",
    "Company": "Microsoft Corporation",
    "ImageLoaded": "C:\\Program Files\\Mozilla Firefox\\api-ms-win-crt-utility-l1-1-0.dll",
    "ProcessId": "25640",
    "Signature": "Microsoft Corporation",
    "ProcessGuid": "{A376A8F6-F344-5A9C-0000-0010BDB3F803}"
  },
  "provider_guid": "{5770385F-C22A-43E0-BF4C-06F5698FFBD9}",
  "log_name": "Microsoft-Windows-Sysmon/Operational",
  "process_id": 8608,
  "computer_name": "DESKTOP-WJANG",
  "opcode": "정보",
  "user": {
    "domain": "NT AUTHORITY",
    "type": "Well Known Group",
    "identifier": "S-1-5-18",
    "name": "SYSTEM"
  },
  "thread_id": 19220,
  "record_number": "956",
  "level": "정보",
  "type": "wineventlog",
  "source_name": "Microsoft-Windows-Sysmon",
  "version": 3,
  "event_id": 7
}
{
  "@timestamp": "2018-03-05T07:35:32.130Z",
  "@metadata": {
    "beat": "winlogbeat",
    "type": "doc",
    "version": "6.2.2"
  },
  "log_name": "Microsoft-Windows-Sysmon/Operational",
  "user": {
    "identifier": "S-1-5-18",
    "name": "SYSTEM",
    "domain": "NT AUTHORITY",
    "type": "Well Known Group"
  },
  "version": 3,
  "level": "정보",
  "task": "Image loaded (rule: ImageLoad)",
  "source_name": "Microsoft-Windows-Sysmon",
  "provider_guid": "{5770385F-C22A-43E0-BF4C-06F5698FFBD9}",
  "process_id": 8608,
  "opcode": "정보",
  "message": "Image loaded:\nUtcTime: 2018-03-05 07:35:32.129\nProcessGuid: {A376A8F6-F344-5A9C-0000-0010BDB3F803}\nProcessId: 25640\nImage: C:\\Program Files\\Mozilla Firefox\\firefox.exe\nImageLoaded: C:\\Program Files\\Mozilla Firefox\\nss3.dll\nFileVersion: 58.0.2\nDescription: \nProduct: Firefox\nCompany: Mozilla Foundation\nHashes: MD5=CE33E864071965A945EBF037649E47E0,SHA256=1FDACB937B711ADC83764454BB3D9948B2188C32EF8FB9D1B39CACF4E9DC866F\nSigned: true\nSignature: Mozilla Corporation\nSignatureStatus: Valid",
  "thread_id": 19220,
  "beat": {
    "name": "DESKTOP-WJANG",
    "hostname": "DESKTOP-WJANG",
    "version": "6.2.2"
  },
  "event_id": 7,
  "event_data": {
    "SignatureStatus": "Valid",
    "UtcTime": "2018-03-05 07:35:32.129",
    "Signature": "Mozilla Corporation",
    "ProcessId": "25640",
    "Hashes": "MD5=CE33E864071965A945EBF037649E47E0,SHA256=1FDACB937B711ADC83764454BB3D9948B2188C32EF8FB9D1B39CACF4E9DC866F",
    "Signed": "true",
    "FileVersion": "58.0.2",
    "Company": "Mozilla Foundation",
    "Image": "C:\\Program Files\\Mozilla Firefox\\firefox.exe",
    "ProcessGuid": "{A376A8F6-F344-5A9C-0000-0010BDB3F803}",
    "ImageLoaded": "C:\\Program Files\\Mozilla Firefox\\nss3.dll",
    "Product": "Firefox"
  },
  "record_number": "957",
  "type": "wineventlog",
  "computer_name": "DESKTOP-WJANG"
}
{
  "@timestamp": "2018-03-05T07:35:32.130Z",
  "@metadata": {
    "beat": "winlogbeat",
    "type": "doc",
    "version": "6.2.2"
  },
  "process_id": 8608,
  "record_number": "958",
  "opcode": "정보",
  "event_data": {
    "UtcTime": "2018-03-05 07:35:32.129",
    "ProcessGuid": "{A376A8F6-F344-5A9C-0000-0010BDB3F803}",
    "Signed": "true",
    "Product": "Microsoft® Windows® Operating System",
    "Description": "Windows 소켓 2.0 32비트 DLL",
    "Image": "C:\\Program Files\\Mozilla Firefox\\firefox.exe",
    "SignatureStatus": "Valid",
    "ImageLoaded": "C:\\Windows\\System32\\ws2_32.dll",
    "FileVersion": "10.0.16299.15 (WinBuild.160101.0800)",
    "Signature": "Microsoft Windows",
    "ProcessId": "25640",
    "Hashes": "MD5=65F9A604979FA0B95B35C7124DE7A8EC,SHA256=E22B1B714877E65711FBA8E965B00237BB17B636D859EAD8336460D1E4094EFD",
    "Company": "Microsoft Corporation"
  },
  "user": {
    "type": "Well Known Group",
    "identifier": "S-1-5-18",
    "name": "SYSTEM",
    "domain": "NT AUTHORITY"
  },
  "computer_name": "DESKTOP-WJANG",
  "task": "Image loaded (rule: ImageLoad)",
  "log_name": "Microsoft-Windows-Sysmon/Operational",
  "message": "Image loaded:\nUtcTime: 2018-03-05 07:35:32.129\nProcessGuid: {A376A8F6-F344-5A9C-0000-0010BDB3F803}\nProcessId: 25640\nImage: C:\\Program Files\\Mozilla Firefox\\firefox.exe\nImageLoaded: C:\\Windows\\System32\\ws2_32.dll\nFileVersion: 10.0.16299.15 (WinBuild.160101.0800)\nDescription: Windows 소켓 2.0 32비트 DLL\nProduct: Microsoft® Windows® Operating System\nCompany: Microsoft Corporation\nHashes: MD5=65F9A604979FA0B95B35C7124DE7A8EC,SHA256=E22B1B714877E65711FBA8E965B00237BB17B636D859EAD8336460D1E4094EFD\nSigned: true\nSignature: Microsoft Windows\nSignatureStatus: Valid",
  "beat": {
    "name": "DESKTOP-WJANG",
    "hostname": "DESKTOP-WJANG",
    "version": "6.2.2"
  },
  "thread_id": 19220,
  "type": "wineventlog",
  "event_id": 7,
  "version": 3,
  "source_name": "Microsoft-Windows-Sysmon",
  "provider_guid": "{5770385F-C22A-43E0-BF4C-06F5698FFBD9}",
  "level": "정보"
}
{
  "@timestamp": "2018-03-05T07:35:32.131Z",
  "@metadata": {
    "beat": "winlogbeat",
    "type": "doc",
    "version": "6.2.2"
  },
  "level": "정보",
  "version": 3,
  "beat": {
    "name": "DESKTOP-WJANG",
    "hostname": "DESKTOP-WJANG",
    "version": "6.2.2"
  },
  "opcode": "정보",
  "log_name": "Microsoft-Windows-Sysmon/Operational",
  "process_id": 8608,
  "thread_id": 19220,
  "event_data": {
    "UtcTime": "2018-03-05 07:35:32.129",
    "ImageLoaded": "C:\\Windows\\System32\\winmm.dll",
    "SignatureStatus": "Valid",
    "Signature": "Microsoft Windows",
    "Image": "C:\\Program Files\\Mozilla Firefox\\firefox.exe",
    "Company": "Microsoft Corporation",
    "Signed": "true",
    "FileVersion": "10.0.16299.15 (WinBuild.160101.0800)",
    "Product": "Microsoft® Windows® Operating System",
    "ProcessGuid": "{A376A8F6-F344-5A9C-0000-0010BDB3F803}",
    "ProcessId": "25640",
    "Description": "MCI API DLL",
    "Hashes": "MD5=C5C456871B479BDBD662268DFFCBD126,SHA256=61F642B6440273E70A27ED9BE420177182706CA11795987E66AD2435092B06B1"
  },
  "source_name": "Microsoft-Windows-Sysmon",
  "event_id": 7,
  "provider_guid": "{5770385F-C22A-43E0-BF4C-06F5698FFBD9}",
  "computer_name": "DESKTOP-WJANG",
  "record_number": "959",
  "task": "Image loaded (rule: ImageLoad)",
  "message": "Image loaded:\nUtcTime: 2018-03-05 07:35:32.129\nProcessGuid: {A376A8F6-F344-5A9C-0000-0010BDB3F803}\nProcessId: 25640\nImage: C:\\Program Files\\Mozilla Firefox\\firefox.exe\nImageLoaded: C:\\Windows\\System32\\winmm.dll\nFileVersion: 10.0.16299.15 (WinBuild.160101.0800)\nDescription: MCI API DLL\nProduct: Microsoft® Windows® Operating System\nCompany: Microsoft Corporation\nHashes: MD5=C5C456871B479BDBD662268DFFCBD126,SHA256=61F642B6440273E70A27ED9BE420177182706CA11795987E66AD2435092B06B1\nSigned: true\nSignature: Microsoft Windows\nSignatureStatus: Valid",
  "user": {
    "type": "Well Known Group",
    "identifier": "S-1-5-18",
    "name": "SYSTEM",
    "domain": "NT AUTHORITY"
  },
  "type": "wineventlog"
}
{
  "@timestamp": "2018-03-05T07:35:32.132Z",
  "@metadata": {
    "beat": "winlogbeat",
    "type": "doc",
    "version": "6.2.2"
  },
  "provider_guid": "{5770385F-C22A-43E0-BF4C-06F5698FFBD9}",
  "process_id": 8608,
  "computer_name": "DESKTOP-WJANG",
  "version": 3,
  "message": "Image loaded:\nUtcTime: 2018-03-05 07:35:32.129\nProcessGuid: {A376A8F6-F344-5A9C-0000-0010BDB3F803}\nProcessId: 25640\nImage: C:\\Program Files\\Mozilla Firefox\\firefox.exe\nImageLoaded: C:\\Windows\\System32\\wsock32.dll\nFileVersion: 10.0.16299.15 (WinBuild.160101.0800)\nDescription: Windows Socket 32-Bit DLL\nProduct: Microsoft® Windows® Operating System\nCompany: Microsoft Corporation\nHashes: MD5=514BF844F53C410B3C2ADA2995E19517,SHA256=B4BD9BAF4E67756717216C62F117FE5B3B4B38AE060C989F7D6476C864B82C91\nSigned: true\nSignature: Microsoft Windows\nSignatureStatus: Valid",
  "event_data": {
    "SignatureStatus": "Valid",
    "UtcTime": "2018-03-05 07:35:32.129",
    "Company": "Microsoft Corporation",
    "FileVersion": "10.0.16299.15 (WinBuild.160101.0800)",
    "Description": "Windows Socket 32-Bit DLL",
    "Signed": "true",
    "ProcessGuid": "{A376A8F6-F344-5A9C-0000-0010BDB3F803}",
    "Hashes": "MD5=514BF844F53C410B3C2ADA2995E19517,SHA256=B4BD9BAF4E67756717216C62F117FE5B3B4B38AE060C989F7D6476C864B82C91",
    "Signature": "Microsoft Windows",
    "Product": "Microsoft® Windows® Operating System",
    "Image": "C:\\Program Files\\Mozilla Firefox\\firefox.exe",
    "ProcessId": "25640",
    "ImageLoaded": "C:\\Windows\\System32\\wsock32.dll"
  },
  "beat": {
    "name": "DESKTOP-WJANG",
    "hostname": "DESKTOP-WJANG",
    "version": "6.2.2"
  },
  "log_name": "Microsoft-Windows-Sysmon/Operational",
  "source_name": "Microsoft-Windows-Sysmon",
  "event_id": 7,
  "user": {
    "identifier": "S-1-5-18",
    "name": "SYSTEM",
    "domain": "NT AUTHORITY",
    "type": "Well Known Group"
  },
  "type": "wineventlog",
  "record_number": "960",
  "opcode": "정보",
  "thread_id": 19220,
  "level": "정보",
  "task": "Image loaded (rule: ImageLoad)"
}
{
  "@timestamp": "2018-03-05T07:35:32.133Z",
  "@metadata": {
    "beat": "winlogbeat",
    "type": "doc",
    "version": "6.2.2"
  },
  "log_name": "Microsoft-Windows-Sysmon/Operational",
  "source_name": "Microsoft-Windows-Sysmon",
  "message": "Image loaded:\nUtcTime: 2018-03-05 07:35:32.130\nProcessGuid: {A376A8F6-F344-5A9C-0000-0010BDB3F803}\nProcessId: 25640\nImage: C:\\Program Files\\Mozilla Firefox\\firefox.exe\nImageLoaded: C:\\Windows\\System32\\winmmbase.dll\nFileVersion: 10.0.16299.15 (WinBuild.160101.0800)\nDescription: Base Multimedia Extension API DLL\nProduct: Microsoft® Windows® Operating System\nCompany: Microsoft Corporation\nHashes: MD5=F6CF22C148762CAC151D0739C7E491EF,SHA256=B864F145C7CB37F7695118961FAB68F8216D023AE90F8CCB31FDC7F5EA352114\nSigned: true\nSignature: Microsoft Windows\nSignatureStatus: Valid",
  "provider_guid": "{5770385F-C22A-43E0-BF4C-06F5698FFBD9}",
  "computer_name": "DESKTOP-WJANG",
  "version": 3,
  "thread_id": 19220,
  "beat": {
    "name": "DESKTOP-WJANG",
    "hostname": "DESKTOP-WJANG",
    "version": "6.2.2"
  },
  "level": "정보",
  "process_id": 8608,
  "task": "Image loaded (rule: ImageLoad)",
  "event_id": 7,
  "type": "wineventlog",
  "record_number": "961",
  "opcode": "정보",
  "event_data": {
    "Image": "C:\\Program Files\\Mozilla Firefox\\firefox.exe",
    "FileVersion": "10.0.16299.15 (WinBuild.160101.0800)",
    "Description": "Base Multimedia Extension API DLL",
    "Company": "Microsoft Corporation",
    "UtcTime": "2018-03-05 07:35:32.130",
    "Product": "Microsoft® Windows® Operating System",
    "Hashes": "MD5=F6CF22C148762CAC151D0739C7E491EF,SHA256=B864F145C7CB37F7695118961FAB68F8216D023AE90F8CCB31FDC7F5EA352114",
    "ProcessGuid": "{A376A8F6-F344-5A9C-0000-0010BDB3F803}",
    "Signed": "true",
    "Signature": "Microsoft Windows",
    "ProcessId": "25640",
    "ImageLoaded": "C:\\Windows\\System32\\winmmbase.dll",
    "SignatureStatus": "Valid"
  },
  "user": {
    "identifier": "S-1-5-18",
    "name": "SYSTEM",
    "domain": "NT AUTHORITY",
    "type": "Well Known Group"
  }
}
{
  "@timestamp": "2018-03-05T07:35:32.134Z",
  "@metadata": {
    "beat": "winlogbeat",
    "type": "doc",
    "version": "6.2.2"
  },
  "message": "Image loaded:\nUtcTime: 2018-03-05 07:35:32.130\nProcessGuid: {A376A8F6-F344-5A9C-0000-0010BDB3F803}\nProcessId: 25640\nImage: C:\\Program Files\\Mozilla Firefox\\firefox.exe\nImageLoaded: C:\\Windows\\System32\\winmmbase.dll\nFileVersion: 10.0.16299.15 (WinBuild.160101.0800)\nDescription: Base Multimedia Extension API DLL\nProduct: Microsoft® Windows® Operating System\nCompany: Microsoft Corporation\nHashes: MD5=F6CF22C148762CAC151D0739C7E491EF,SHA256=B864F145C7CB37F7695118961FAB68F8216D023AE90F8CCB31FDC7F5EA352114\nSigned: true\nSignature: Microsoft Windows\nSignatureStatus: Valid",
  "type": "wineventlog",
  "thread_id": 19220,
  "event_data": {
    "ProcessGuid": "{A376A8F6-F344-5A9C-0000-0010BDB3F803}",
    "Product": "Microsoft® Windows® Operating System",
    "FileVersion": "10.0.16299.15 (WinBuild.160101.0800)",
    "ProcessId": "25640",
    "ImageLoaded": "C:\\Windows\\System32\\winmmbase.dll",
    "Signed": "true",
    "UtcTime": "2018-03-05 07:35:32.130",
    "Image": "C:\\Program Files\\Mozilla Firefox\\firefox.exe",
    "Signature": "Microsoft Windows",
    "SignatureStatus": "Valid",
    "Description": "Base Multimedia Extension API DLL",
    "Company": "Microsoft Corporation",
    "Hashes": "MD5=F6CF22C148762CAC151D0739C7E491EF,SHA256=B864F145C7CB37F7695118961FAB68F8216D023AE90F8CCB31FDC7F5EA352114"
  },
  "version": 3,
  "process_id": 8608,
  "user": {
    "type": "Well Known Group",
    "identifier": "S-1-5-18",
    "name": "SYSTEM",
    "domain": "NT AUTHORITY"
  },
  "log_name": "Microsoft-Windows-Sysmon/Operational",
  "event_id": 7,
  "computer_name": "DESKTOP-WJANG",
  "provider_guid": "{5770385F-C22A-43E0-BF4C-06F5698FFBD9}",
  "beat": {
    "hostname": "DESKTOP-WJANG",
    "version": "6.2.2",
    "name": "DESKTOP-WJANG"
  },
  "task": "Image loaded (rule: ImageLoad)",
  "opcode": "정보",
  "level": "정보",
  "record_number": "962",
  "source_name": "Microsoft-Windows-Sysmon"
}
