{
  "@timestamp": "2018-03-05T07:32:38.862Z",
  "@metadata": {
    "beat": "winlogbeat",
    "type": "doc",
    "version": "6.2.2"
  },
  "user": {
    "type": "Well Known Group",
    "identifier": "S-1-5-18",
    "name": "SYSTEM",
    "domain": "NT AUTHORITY"
  },
  "message": "Image loaded:\nUtcTime: 2018-03-05 07:32:38.277\nProcessGuid: {A376A8F6-F294-5A9C-0000-001052E48503}\nProcessId: 17704\nImage: C:\\Program Files\\Mozilla Firefox\\firefox.exe\nImageLoaded: C:\\Windows\\System32\\nlaapi.dll\nFileVersion: 10.0.16299.248 (WinBuild.160101.0800)\nDescription: Network Location Awareness 2\nProduct: Microsoft® Windows® Operating System\nCompany: Microsoft Corporation\nHashes: MD5=FA274B36F951A5EF359CF07E2EE188D6,SHA256=7386E7F5ABE2069A0851BBB9351510C54C845CD41D9EC29320B2E320C0A690C2\nSigned: true\nSignature: Microsoft Windows\nSignatureStatus: Valid",
  "log_name": "Microsoft-Windows-Sysmon/Operational",
  "thread_id": 23584,
  "type": "wineventlog",
  "computer_name": "DESKTOP-WJANG",
  "event_id": 7,
  "beat": {
    "name": "DESKTOP-WJANG",
    "hostname": "DESKTOP-WJANG",
    "version": "6.2.2"
  },
  "record_number": "393",
  "provider_guid": "{5770385F-C22A-43E0-BF4C-06F5698FFBD9}",
  "version": 3,
  "level": "정보",
  "source_name": "Microsoft-Windows-Sysmon",
  "task": "Image loaded (rule: ImageLoad)",
  "process_id": 8608,
  "opcode": "정보",
  "event_data": {
    "Signature": "Microsoft Windows",
    "ImageLoaded": "C:\\Windows\\System32\\nlaapi.dll",
    "Company": "Microsoft Corporation",
    "Product": "Microsoft® Windows® Operating System",
    "Hashes": "MD5=FA274B36F951A5EF359CF07E2EE188D6,SHA256=7386E7F5ABE2069A0851BBB9351510C54C845CD41D9EC29320B2E320C0A690C2",
    "Signed": "true",
    "UtcTime": "2018-03-05 07:32:38.277",
    "SignatureStatus": "Valid",
    "Image": "C:\\Program Files\\Mozilla Firefox\\firefox.exe",
    "ProcessId": "17704",
    "Description": "Network Location Awareness 2",
    "FileVersion": "10.0.16299.248 (WinBuild.160101.0800)",
    "ProcessGuid": "{A376A8F6-F294-5A9C-0000-001052E48503}"
  }
}
{
  "@timestamp": "2018-03-05T07:32:38.874Z",
  "@metadata": {
    "beat": "winlogbeat",
    "type": "doc",
    "version": "6.2.2"
  },
  "task": "Image loaded (rule: ImageLoad)",
  "thread_id": 23584,
  "computer_name": "DESKTOP-WJANG",
  "log_name": "Microsoft-Windows-Sysmon/Operational",
  "source_name": "Microsoft-Windows-Sysmon",
  "type": "wineventlog",
  "record_number": "394",
  "user": {
    "type": "Well Known Group",
    "identifier": "S-1-5-18",
    "name": "SYSTEM",
    "domain": "NT AUTHORITY"
  },
  "event_data": {
    "Signature": "Microsoft Windows",
    "ImageLoaded": "C:\\Windows\\System32\\mswsock.dll",
    "ProcessGuid": "{A376A8F6-F294-5A9C-0000-001052E48503}",
    "UtcTime": "2018-03-05 07:32:38.284",
    "Company": "Microsoft Corporation",
    "Hashes": "MD5=E8730E42E6CF34C1FDABA4B631C14836,SHA256=474EC11DFC4CBE4A5C5ADA7C1E79E3E4573EF6947263FA212ACBAE4DD90AD29D",
    "FileVersion": "10.0.16299.15 (WinBuild.160101.0800)",
    "SignatureStatus": "Valid",
    "Image": "C:\\Program Files\\Mozilla Firefox\\firefox.exe",
    "ProcessId": "17704",
    "Signed": "true",
    "Product": "Microsoft® Windows® Operating System",
    "Description": "Microsoft Windows 소켓 2.0 서비스 공급자"
  },
  "message": "Image loaded:\nUtcTime: 2018-03-05 07:32:38.284\nProcessGuid: {A376A8F6-F294-5A9C-0000-001052E48503}\nProcessId: 17704\nImage: C:\\Program Files\\Mozilla Firefox\\firefox.exe\nImageLoaded: C:\\Windows\\System32\\mswsock.dll\nFileVersion: 10.0.16299.15 (WinBuild.160101.0800)\nDescription: Microsoft Windows 소켓 2.0 서비스 공급자\nProduct: Microsoft® Windows® Operating System\nCompany: Microsoft Corporation\nHashes: MD5=E8730E42E6CF34C1FDABA4B631C14836,SHA256=474EC11DFC4CBE4A5C5ADA7C1E79E3E4573EF6947263FA212ACBAE4DD90AD29D\nSigned: true\nSignature: Microsoft Windows\nSignatureStatus: Valid",
  "process_id": 8608,
  "event_id": 7,
  "provider_guid": "{5770385F-C22A-43E0-BF4C-06F5698FFBD9}",
  "version": 3,
  "opcode": "정보",
  "level": "정보",
  "beat": {
    "hostname": "DESKTOP-WJANG",
    "version": "6.2.2",
    "name": "DESKTOP-WJANG"
  }
}
{
  "@timestamp": "2018-03-05T07:32:38.892Z",
  "@metadata": {
    "beat": "winlogbeat",
    "type": "doc",
    "version": "6.2.2"
  },
  "type": "wineventlog",
  "user": {
    "name": "SYSTEM",
    "domain": "NT AUTHORITY",
    "type": "Well Known Group",
    "identifier": "S-1-5-18"
  },
  "thread_id": 23584,
  "level": "정보",
  "process_id": 8608,
  "event_data": {
    "UtcTime": "2018-03-05 07:32:38.286",
    "FileVersion": "10.0.16299.15 (WinBuild.160101.0800)",
    "ProcessId": "17704",
    "ImageLoaded": "C:\\Windows\\System32\\winrnr.dll",
    "Description": "LDAP RnR Provider DLL",
    "SignatureStatus": "Valid",
    "Product": "Microsoft® Windows® Operating System",
    "Image": "C:\\Program Files\\Mozilla Firefox\\firefox.exe",
    "Signed": "true",
    "Hashes": "MD5=5B09ACA04311D896893C9F98A4BE67CA,SHA256=0074CB266C02B594BFDEB1545B7329137EF0E4995CE3F8E9376E8BB3622C23FF",
    "Signature": "Microsoft Windows",
    "ProcessGuid": "{A376A8F6-F294-5A9C-0000-001052E48503}",
    "Company": "Microsoft Corporation"
  },
  "provider_guid": "{5770385F-C22A-43E0-BF4C-06F5698FFBD9}",
  "task": "Image loaded (rule: ImageLoad)",
  "opcode": "정보",
  "event_id": 7,
  "computer_name": "DESKTOP-WJANG",
  "version": 3,
  "source_name": "Microsoft-Windows-Sysmon",
  "record_number": "395",
  "message": "Image loaded:\nUtcTime: 2018-03-05 07:32:38.286\nProcessGuid: {A376A8F6-F294-5A9C-0000-001052E48503}\nProcessId: 17704\nImage: C:\\Program Files\\Mozilla Firefox\\firefox.exe\nImageLoaded: C:\\Windows\\System32\\winrnr.dll\nFileVersion: 10.0.16299.15 (WinBuild.160101.0800)\nDescription: LDAP RnR Provider DLL\nProduct: Microsoft® Windows® Operating System\nCompany: Microsoft Corporation\nHashes: MD5=5B09ACA04311D896893C9F98A4BE67CA,SHA256=0074CB266C02B594BFDEB1545B7329137EF0E4995CE3F8E9376E8BB3622C23FF\nSigned: true\nSignature: Microsoft Windows\nSignatureStatus: Valid",
  "log_name": "Microsoft-Windows-Sysmon/Operational",
  "beat": {
    "name": "DESKTOP-WJANG",
    "hostname": "DESKTOP-WJANG",
    "version": "6.2.2"
  }
}
{
  "@timestamp": "2018-03-05T07:32:39.081Z",
  "@metadata": {
    "beat": "winlogbeat",
    "type": "doc",
    "version": "6.2.2"
  },
  "message": "Image loaded:\nUtcTime: 2018-03-05 07:32:38.288\nProcessGuid: {A376A8F6-F294-5A9C-0000-001052E48503}\nProcessId: 17704\nImage: C:\\Program Files\\Mozilla Firefox\\firefox.exe\nImageLoaded: C:\\Program Files\\Bonjour\\mdnsNSP.dll\nFileVersion: 3,1,0,1\nDescription: Bonjour Namespace Provider\nProduct: Bonjour\nCompany: Apple Inc.\nHashes: MD5=EAAA2B83C4764FDCFBEE4A4D6546DE92,SHA256=043779B2C684699C89D6E8363D65BAA9F31DFF17D250059B56A8E3AE48C89B5B\nSigned: true\nSignature: Apple Inc.\nSignatureStatus: Valid",
  "version": 3,
  "event_id": 7,
  "source_name": "Microsoft-Windows-Sysmon",
  "type": "wineventlog",
  "beat": {
    "name": "DESKTOP-WJANG",
    "hostname": "DESKTOP-WJANG",
    "version": "6.2.2"
  },
  "opcode": "정보",
  "log_name": "Microsoft-Windows-Sysmon/Operational",
  "record_number": "396",
  "task": "Image loaded (rule: ImageLoad)",
  "process_id": 8608,
  "provider_guid": "{5770385F-C22A-43E0-BF4C-06F5698FFBD9}",
  "computer_name": "DESKTOP-WJANG",
  "event_data": {
    "Signature": "Apple Inc.",
    "FileVersion": "3,1,0,1",
    "Product": "Bonjour",
    "Signed": "true",
    "ProcessId": "17704",
    "SignatureStatus": "Valid",
    "ProcessGuid": "{A376A8F6-F294-5A9C-0000-001052E48503}",
    "Description": "Bonjour Namespace Provider",
    "UtcTime": "2018-03-05 07:32:38.288",
    "Image": "C:\\Program Files\\Mozilla Firefox\\firefox.exe",
    "Hashes": "MD5=EAAA2B83C4764FDCFBEE4A4D6546DE92,SHA256=043779B2C684699C89D6E8363D65BAA9F31DFF17D250059B56A8E3AE48C89B5B",
    "Company": "Apple Inc.",
    "ImageLoaded": "C:\\Program Files\\Bonjour\\mdnsNSP.dll"
  },
  "level": "정보",
  "user": {
    "identifier": "S-1-5-18",
    "name": "SYSTEM",
    "domain": "NT AUTHORITY",
    "type": "Well Known Group"
  },
  "thread_id": 23584
}
{
  "@timestamp": "2018-03-05T07:32:39.102Z",
  "@metadata": {
    "beat": "winlogbeat",
    "type": "doc",
    "version": "6.2.2"
  },
  "message": "Image loaded:\nUtcTime: 2018-03-05 07:32:38.313\nProcessGuid: {A376A8F6-F294-5A9C-0000-001052E48503}\nProcessId: 17704\nImage: C:\\Program Files\\Mozilla Firefox\\firefox.exe\nImageLoaded: C:\\Windows\\System32\\wbem\\wbemprox.dll\nFileVersion: 10.0.16299.15 (WinBuild.160101.0800)\nDescription: WMI\nProduct: Microsoft® Windows® Operating System\nCompany: Microsoft Corporation\nHashes: MD5=6CDC0DC4E86018EC394D573D5AF01B01,SHA256=C5F214FF903F3EB323395813844FEACF3B2F3A03BDD434A529334728CCC5E8B1\nSigned: true\nSignature: Microsoft Windows\nSignatureStatus: Valid",
  "source_name": "Microsoft-Windows-Sysmon",
  "version": 3,
  "opcode": "정보",
  "computer_name": "DESKTOP-WJANG",
  "process_id": 8608,
  "log_name": "Microsoft-Windows-Sysmon/Operational",
  "thread_id": 23584,
  "type": "wineventlog",
  "user": {
    "identifier": "S-1-5-18",
    "name": "SYSTEM",
    "domain": "NT AUTHORITY",
    "type": "Well Known Group"
  },
  "level": "정보",
  "provider_guid": "{5770385F-C22A-43E0-BF4C-06F5698FFBD9}",
  "task": "Image loaded (rule: ImageLoad)",
  "event_id": 7,
  "event_data": {
    "Company": "Microsoft Corporation",
    "Hashes": "MD5=6CDC0DC4E86018EC394D573D5AF01B01,SHA256=C5F214FF903F3EB323395813844FEACF3B2F3A03BDD434A529334728CCC5E8B1",
    "ProcessId": "17704",
    "Image": "C:\\Program Files\\Mozilla Firefox\\firefox.exe",
    "ImageLoaded": "C:\\Windows\\System32\\wbem\\wbemprox.dll",
    "Product": "Microsoft® Windows® Operating System",
    "UtcTime": "2018-03-05 07:32:38.313",
    "ProcessGuid": "{A376A8F6-F294-5A9C-0000-001052E48503}",
    "Signed": "true",
    "FileVersion": "10.0.16299.15 (WinBuild.160101.0800)",
    "Signature": "Microsoft Windows",
    "Description": "WMI",
    "SignatureStatus": "Valid"
  },
  "beat": {
    "name": "DESKTOP-WJANG",
    "hostname": "DESKTOP-WJANG",
    "version": "6.2.2"
  },
  "record_number": "397"
}
{
  "@timestamp": "2018-03-05T07:32:39.123Z",
  "@metadata": {
    "beat": "winlogbeat",
    "type": "doc",
    "version": "6.2.2"
  },
  "version": 3,
  "level": "정보",
  "message": "Image loaded:\nUtcTime: 2018-03-05 07:32:38.321\nProcessGuid: {A376A8F6-F294-5A9C-0000-001052E48503}\nProcessId: 17704\nImage: C:\\Program Files\\Mozilla Firefox\\firefox.exe\nImageLoaded: C:\\Windows\\System32\\wbemcomn.dll\nFileVersion: 10.0.16299.15 (WinBuild.160101.0800)\nDescription: WMI\nProduct: Microsoft® Windows® Operating System\nCompany: Microsoft Corporation\nHashes: MD5=64452CAFDE37E8E5B1DBD597A8B8D679,SHA256=FCF420D4C366AC64E52A8418E0A00E0CDA58F5F07D039DD5F22BB40983D5CF3C\nSigned: true\nSignature: Microsoft Windows\nSignatureStatus: Valid",
  "process_id": 8608,
  "type": "wineventlog",
  "event_data": {
    "Signature": "Microsoft Windows",
    "Description": "WMI",
    "Signed": "true",
    "Image": "C:\\Program Files\\Mozilla Firefox\\firefox.exe",
    "FileVersion": "10.0.16299.15 (WinBuild.160101.0800)",
    "Company": "Microsoft Corporation",
    "ProcessGuid": "{A376A8F6-F294-5A9C-0000-001052E48503}",
    "ProcessId": "17704",
    "Product": "Microsoft® Windows® Operating System",
    "UtcTime": "2018-03-05 07:32:38.321",
    "ImageLoaded": "C:\\Windows\\System32\\wbemcomn.dll",
    "Hashes": "MD5=64452CAFDE37E8E5B1DBD597A8B8D679,SHA256=FCF420D4C366AC64E52A8418E0A00E0CDA58F5F07D039DD5F22BB40983D5CF3C",
    "SignatureStatus": "Valid"
  },
  "log_name": "Microsoft-Windows-Sysmon/Operational",
  "user": {
    "identifier": "S-1-5-18",
    "name": "SYSTEM",
    "domain": "NT AUTHORITY",
    "type": "Well Known Group"
  },
  "thread_id": 23584,
  "record_number": "398",
  "task": "Image loaded (rule: ImageLoad)",
  "opcode": "정보",
  "beat": {
    "name": "DESKTOP-WJANG",
    "hostname": "DESKTOP-WJANG",
    "version": "6.2.2"
  },
  "source_name": "Microsoft-Windows-Sysmon",
  "computer_name": "DESKTOP-WJANG",
  "event_id": 7,
  "provider_guid": "{5770385F-C22A-43E0-BF4C-06F5698FFBD9}"
}
{
  "@timestamp": "2018-03-05T07:32:39.134Z",
  "@metadata": {
    "beat": "winlogbeat",
    "type": "doc",
    "version": "6.2.2"
  },
  "message": "Image loaded:\nUtcTime: 2018-03-05 07:32:38.625\nProcessGuid: {A376A8F6-F296-5A9C-0000-0010274B8703}\nProcessId: 25848\nImage: C:\\Program Files\\Mozilla Firefox\\firefox.exe\nImageLoaded: C:\\Windows\\System32\\bcrypt.dll\nFileVersion: 10.0.16299.15 (WinBuild.160101.0800)\nDescription: Windows 암호화 기본 라이브러리\nProduct: Microsoft® Windows® Operating System\nCompany: Microsoft Corporation\nHashes: MD5=7C8B55E36581C017F3C33DF92CB73723,SHA256=E77E5EEA628A919E8F236ABD9EAF28282E17058D68562C0AEED037E9894DAC67\nSigned: true\nSignature: Microsoft Windows\nSignatureStatus: Valid",
  "version": 3,
  "source_name": "Microsoft-Windows-Sysmon",
  "event_id": 7,
  "event_data": {
    "ProcessGuid": "{A376A8F6-F296-5A9C-0000-0010274B8703}",
    "Signature": "Microsoft Windows",
    "Product": "Microsoft® Windows® Operating System",
    "Hashes": "MD5=7C8B55E36581C017F3C33DF92CB73723,SHA256=E77E5EEA628A919E8F236ABD9EAF28282E17058D68562C0AEED037E9894DAC67",
    "Description": "Windows 암호화 기본 라이브러리",
    "Company": "Microsoft Corporation",
    "Signed": "true",
    "FileVersion": "10.0.16299.15 (WinBuild.160101.0800)",
    "UtcTime": "2018-03-05 07:32:38.625",
    "ImageLoaded": "C:\\Windows\\System32\\bcrypt.dll",
    "ProcessId": "25848",
    "Image": "C:\\Program Files\\Mozilla Firefox\\firefox.exe",
    "SignatureStatus": "Valid"
  },
  "type": "wineventlog",
  "opcode": "정보",
  "task": "Image loaded (rule: ImageLoad)",
  "process_id": 8608,
  "log_name": "Microsoft-Windows-Sysmon/Operational",
  "provider_guid": "{5770385F-C22A-43E0-BF4C-06F5698FFBD9}",
  "thread_id": 23584,
  "computer_name": "DESKTOP-WJANG",
  "beat": {
    "hostname": "DESKTOP-WJANG",
    "version": "6.2.2",
    "name": "DESKTOP-WJANG"
  },
  "record_number": "399",
  "level": "정보",
  "user": {
    "domain": "NT AUTHORITY",
    "type": "Well Known Group",
    "identifier": "S-1-5-18",
    "name": "SYSTEM"
  }
}
{
  "@timestamp": "2018-03-05T07:32:39.135Z",
  "@metadata": {
    "beat": "winlogbeat",
    "type": "doc",
    "version": "6.2.2"
  },
  "task": "Image loaded (rule: ImageLoad)",
  "record_number": "400",
  "event_data": {
    "Product": "Microsoft® Windows® Operating System",
    "Signature": "Microsoft Windows",
    "SignatureStatus": "Valid",
    "ImageLoaded": "C:\\Windows\\System32\\bcrypt.dll",
    "Company": "Microsoft Corporation",
    "ProcessGuid": "{A376A8F6-F294-5A9C-0000-001052E48503}",
    "Description": "Windows 암호화 기본 라이브러리",
    "Hashes": "MD5=7C8B55E36581C017F3C33DF92CB73723,SHA256=E77E5EEA628A919E8F236ABD9EAF28282E17058D68562C0AEED037E9894DAC67",
    "FileVersion": "10.0.16299.15 (WinBuild.160101.0800)",
    "ProcessId": "17704",
    "Signed": "true",
    "UtcTime": "2018-03-05 07:32:38.324",
    "Image": "C:\\Program Files\\Mozilla Firefox\\firefox.exe"
  },
  "log_name": "Microsoft-Windows-Sysmon/Operational",
  "version": 3,
  "event_id": 7,
  "user": {
    "name": "SYSTEM",
    "domain": "NT AUTHORITY",
    "type": "Well Known Group",
    "identifier": "S-1-5-18"
  },
  "source_name": "Microsoft-Windows-Sysmon",
  "process_id": 8608,
  "thread_id": 23584,
  "type": "wineventlog",
  "level": "정보",
  "provider_guid": "{5770385F-C22A-43E0-BF4C-06F5698FFBD9}",
  "opcode": "정보",
  "beat": {
    "name": "DESKTOP-WJANG",
    "hostname": "DESKTOP-WJANG",
    "version": "6.2.2"
  },
  "message": "Image loaded:\nUtcTime: 2018-03-05 07:32:38.324\nProcessGuid: {A376A8F6-F294-5A9C-0000-001052E48503}\nProcessId: 17704\nImage: C:\\Program Files\\Mozilla Firefox\\firefox.exe\nImageLoaded: C:\\Windows\\System32\\bcrypt.dll\nFileVersion: 10.0.16299.15 (WinBuild.160101.0800)\nDescription: Windows 암호화 기본 라이브러리\nProduct: Microsoft® Windows® Operating System\nCompany: Microsoft Corporation\nHashes: MD5=7C8B55E36581C017F3C33DF92CB73723,SHA256=E77E5EEA628A919E8F236ABD9EAF28282E17058D68562C0AEED037E9894DAC67\nSigned: true\nSignature: Microsoft Windows\nSignatureStatus: Valid",
  "computer_name": "DESKTOP-WJANG"
}
{
  "@timestamp": "2018-03-05T07:32:39.151Z",
  "@metadata": {
    "beat": "winlogbeat",
    "type": "doc",
    "version": "6.2.2"
  },
  "source_name": "Microsoft-Windows-Sysmon",
  "opcode": "정보",
  "user": {
    "identifier": "S-1-5-18",
    "name": "SYSTEM",
    "domain": "NT AUTHORITY",
    "type": "Well Known Group"
  },
  "computer_name": "DESKTOP-WJANG",
  "event_data": {
    "Company": "Microsoft Corporation",
    "ProcessId": "17704",
    "Signed": "true",
    "Signature": "Microsoft Windows",
    "ProcessGuid": "{A376A8F6-F294-5A9C-0000-001052E48503}",
    "FileVersion": "10.0.16299.15 (WinBuild.160101.0800)",
    "Image": "C:\\Program Files\\Mozilla Firefox\\firefox.exe",
    "SignatureStatus": "Valid",
    "UtcTime": "2018-03-05 07:32:38.338",
    "ImageLoaded": "C:\\Windows\\System32\\wbem\\wbemsvc.dll",
    "Description": "WMI",
    "Hashes": "MD5=5C37F3440A9F2BFDB62EAFEBF798CFCD,SHA256=D4B5A0F0DD738B7924EC829178885C2ED53C5B012D3AE91C521C07F654333FAF",
    "Product": "Microsoft® Windows® Operating System"
  },
  "beat": {
    "name": "DESKTOP-WJANG",
    "hostname": "DESKTOP-WJANG",
    "version": "6.2.2"
  },
  "log_name": "Microsoft-Windows-Sysmon/Operational",
  "provider_guid": "{5770385F-C22A-43E0-BF4C-06F5698FFBD9}",
  "message": "Image loaded:\nUtcTime: 2018-03-05 07:32:38.338\nProcessGuid: {A376A8F6-F294-5A9C-0000-001052E48503}\nProcessId: 17704\nImage: C:\\Program Files\\Mozilla Firefox\\firefox.exe\nImageLoaded: C:\\Windows\\System32\\wbem\\wbemsvc.dll\nFileVersion: 10.0.16299.15 (WinBuild.160101.0800)\nDescription: WMI\nProduct: Microsoft® Windows® Operating System\nCompany: Microsoft Corporation\nHashes: MD5=5C37F3440A9F2BFDB62EAFEBF798CFCD,SHA256=D4B5A0F0DD738B7924EC829178885C2ED53C5B012D3AE91C521C07F654333FAF\nSigned: true\nSignature: Microsoft Windows\nSignatureStatus: Valid",
  "type": "wineventlog",
  "task": "Image loaded (rule: ImageLoad)",
  "level": "정보",
  "record_number": "401",
  "version": 3,
  "process_id": 8608,
  "thread_id": 23584,
  "event_id": 7
}
{
  "@timestamp": "2018-03-05T07:32:39.182Z",
  "@metadata": {
    "beat": "winlogbeat",
    "type": "doc",
    "version": "6.2.2"
  },
  "log_name": "Microsoft-Windows-Sysmon/Operational",
  "event_id": 7,
  "type": "wineventlog",
  "user": {
    "type": "Well Known Group",
    "identifier": "S-1-5-18",
    "name": "SYSTEM",
    "domain": "NT AUTHORITY"
  },
  "opcode": "정보",
  "beat": {
    "hostname": "DESKTOP-WJANG",
    "version": "6.2.2",
    "name": "DESKTOP-WJANG"
  },
  "process_id": 8608,
  "source_name": "Microsoft-Windows-Sysmon",
  "task": "Image loaded (rule: ImageLoad)",
  "event_data": {
    "Image": "C:\\Program Files\\Mozilla Firefox\\firefox.exe",
    "ProcessId": "17704",
    "ProcessGuid": "{A376A8F6-F294-5A9C-0000-001052E48503}",
    "FileVersion": "10.0.16299.15 (WinBuild.160101.0800)",
    "Hashes": "MD5=D63EC7492B53E24A994D1605D1F66D70,SHA256=3A5D563D00E10A3A098E5F4D25A881C1BB417094382763C50C66A08ED3796890",
    "UtcTime": "2018-03-05 07:32:38.357",
    "Product": "Microsoft® Windows® Operating System",
    "ImageLoaded": "C:\\Windows\\System32\\wbem\\fastprox.dll",
    "Description": "WMI Custom Marshaller",
    "Signed": "true",
    "Signature": "Microsoft Windows",
    "Company": "Microsoft Corporation",
    "SignatureStatus": "Valid"
  },
  "computer_name": "DESKTOP-WJANG",
  "record_number": "402",
  "level": "정보",
  "message": "Image loaded:\nUtcTime: 2018-03-05 07:32:38.357\nProcessGuid: {A376A8F6-F294-5A9C-0000-001052E48503}\nProcessId: 17704\nImage: C:\\Program Files\\Mozilla Firefox\\firefox.exe\nImageLoaded: C:\\Windows\\System32\\wbem\\fastprox.dll\nFileVersion: 10.0.16299.15 (WinBuild.160101.0800)\nDescription: WMI Custom Marshaller\nProduct: Microsoft® Windows® Operating System\nCompany: Microsoft Corporation\nHashes: MD5=D63EC7492B53E24A994D1605D1F66D70,SHA256=3A5D563D00E10A3A098E5F4D25A881C1BB417094382763C50C66A08ED3796890\nSigned: true\nSignature: Microsoft Windows\nSignatureStatus: Valid",
  "thread_id": 23584,
  "provider_guid": "{5770385F-C22A-43E0-BF4C-06F5698FFBD9}",
  "version": 3
}
{
  "@timestamp": "2018-03-05T07:32:39.193Z",
  "@metadata": {
    "beat": "winlogbeat",
    "type": "doc",
    "version": "6.2.2"
  },
  "opcode": "정보",
  "source_name": "Microsoft-Windows-Sysmon",
  "message": "Image loaded:\nUtcTime: 2018-03-05 07:32:38.432\nProcessGuid: {A376A8F6-F294-5A9C-0000-001052E48503}\nProcessId: 17704\nImage: C:\\Program Files\\Mozilla Firefox\\firefox.exe\nImageLoaded: C:\\Windows\\System32\\devobj.dll\nFileVersion: 10.0.16299.15 (WinBuild.160101.0800)\nDescription: Device Information Set DLL\nProduct: Microsoft® Windows® Operating System\nCompany: Microsoft Corporation\nHashes: MD5=8A7B9D8D78F974305578DC9304CE7AC3,SHA256=562A699714B42B79CB9305BC8D9E5CD91954AF71E635721D90CABB27B0089913\nSigned: true\nSignature: Microsoft Windows\nSignatureStatus: Valid",
  "event_data": {
    "UtcTime": "2018-03-05 07:32:38.432",
    "ImageLoaded": "C:\\Windows\\System32\\devobj.dll",
    "Product": "Microsoft® Windows® Operating System",
    "ProcessId": "17704",
    "Description": "Device Information Set DLL",
    "Image": "C:\\Program Files\\Mozilla Firefox\\firefox.exe",
    "Signed": "true",
    "Hashes": "MD5=8A7B9D8D78F974305578DC9304CE7AC3,SHA256=562A699714B42B79CB9305BC8D9E5CD91954AF71E635721D90CABB27B0089913",
    "Company": "Microsoft Corporation",
    "ProcessGuid": "{A376A8F6-F294-5A9C-0000-001052E48503}",
    "SignatureStatus": "Valid",
    "Signature": "Microsoft Windows",
    "FileVersion": "10.0.16299.15 (WinBuild.160101.0800)"
  },
  "record_number": "403",
  "version": 3,
  "event_id": 7,
  "level": "정보",
  "beat": {
    "hostname": "DESKTOP-WJANG",
    "version": "6.2.2",
    "name": "DESKTOP-WJANG"
  },
  "task": "Image loaded (rule: ImageLoad)",
  "process_id": 8608,
  "user": {
    "identifier": "S-1-5-18",
    "name": "SYSTEM",
    "domain": "NT AUTHORITY",
    "type": "Well Known Group"
  },
  "provider_guid": "{5770385F-C22A-43E0-BF4C-06F5698FFBD9}",
  "log_name": "Microsoft-Windows-Sysmon/Operational",
  "computer_name": "DESKTOP-WJANG",
  "type": "wineventlog",
  "thread_id": 23584
}
{
  "@timestamp": "2018-03-05T07:32:39.208Z",
  "@metadata": {
    "beat": "winlogbeat",
    "type": "doc",
    "version": "6.2.2"
  },
  "message": "Image loaded:\nUtcTime: 2018-03-05 07:32:38.445\nProcessGuid: {A376A8F6-F294-5A9C-0000-001052E48503}\nProcessId: 17704\nImage: C:\\Program Files\\Mozilla Firefox\\firefox.exe\nImageLoaded: C:\\Windows\\System32\\dxgi.dll\nFileVersion: 10.0.16299.98 (WinBuild.160101.0800)\nDescription: DirectX Graphics Infrastructure\nProduct: Microsoft® Windows® Operating System\nCompany: Microsoft Corporation\nHashes: MD5=46D2F0E302BD88193D3FEDF1FE9EF250,SHA256=52C01852A4D8AC703D3F87A8484EB2E0C3737544B1D7F96B62BE44B438DBAE26\nSigned: true\nSignature: Microsoft Windows\nSignatureStatus: Valid",
  "beat": {
    "name": "DESKTOP-WJANG",
    "hostname": "DESKTOP-WJANG",
    "version": "6.2.2"
  },
  "thread_id": 23584,
  "event_data": {
    "FileVersion": "10.0.16299.98 (WinBuild.160101.0800)",
    "ImageLoaded": "C:\\Windows\\System32\\dxgi.dll",
    "Hashes": "MD5=46D2F0E302BD88193D3FEDF1FE9EF250,SHA256=52C01852A4D8AC703D3F87A8484EB2E0C3737544B1D7F96B62BE44B438DBAE26",
    "Description": "DirectX Graphics Infrastructure",
    "ProcessId": "17704",
    "Image": "C:\\Program Files\\Mozilla Firefox\\firefox.exe",
    "UtcTime": "2018-03-05 07:32:38.445",
    "SignatureStatus": "Valid",
    "Signed": "true",
    "Signature": "Microsoft Windows",
    "Company": "Microsoft Corporation",
    "ProcessGuid": "{A376A8F6-F294-5A9C-0000-001052E48503}",
    "Product": "Microsoft® Windows® Operating System"
  },
  "record_number": "404",
  "level": "정보",
  "log_name": "Microsoft-Windows-Sysmon/Operational",
  "user": {
    "name": "SYSTEM",
    "domain": "NT AUTHORITY",
    "type": "Well Known Group",
    "identifier": "S-1-5-18"
  },
  "task": "Image loaded (rule: ImageLoad)",
  "opcode": "정보",
  "process_id": 8608,
  "source_name": "Microsoft-Windows-Sysmon",
  "version": 3,
  "type": "wineventlog",
  "provider_guid": "{5770385F-C22A-43E0-BF4C-06F5698FFBD9}",
  "computer_name": "DESKTOP-WJANG",
  "event_id": 7
}
{
  "@timestamp": "2018-03-05T07:32:39.220Z",
  "@metadata": {
    "beat": "winlogbeat",
    "type": "doc",
    "version": "6.2.2"
  },
  "log_name": "Microsoft-Windows-Sysmon/Operational",
  "level": "정보",
  "opcode": "정보",
  "provider_guid": "{5770385F-C22A-43E0-BF4C-06F5698FFBD9}",
  "version": 3,
  "event_id": 7,
  "type": "wineventlog",
  "source_name": "Microsoft-Windows-Sysmon",
  "computer_name": "DESKTOP-WJANG",
  "record_number": "405",
  "beat": {
    "version": "6.2.2",
    "name": "DESKTOP-WJANG",
    "hostname": "DESKTOP-WJANG"
  },
  "process_id": 8608,
  "task": "Image loaded (rule: ImageLoad)",
  "user": {
    "type": "Well Known Group",
    "identifier": "S-1-5-18",
    "name": "SYSTEM",
    "domain": "NT AUTHORITY"
  },
  "event_data": {
    "SignatureStatus": "Valid",
    "Signed": "true",
    "Product": "Microsoft® Windows® Operating System",
    "Hashes": "MD5=6B84117A0D2A59F18C8F64F72609C198,SHA256=28374581ADC5F56015A3B35C7748C245D1D2F946F2053C50F1B509AE23A5CC06",
    "ImageLoaded": "C:\\Windows\\System32\\ResourcePolicyClient.dll",
    "Signature": "Microsoft Windows",
    "ProcessGuid": "{A376A8F6-F294-5A9C-0000-001052E48503}",
    "Description": "Resource Policy Client",
    "Company": "Microsoft Corporation",
    "UtcTime": "2018-03-05 07:32:38.449",
    "Image": "C:\\Program Files\\Mozilla Firefox\\firefox.exe",
    "FileVersion": "10.0.16299.15 (WinBuild.160101.0800)",
    "ProcessId": "17704"
  },
  "thread_id": 23584,
  "message": "Image loaded:\nUtcTime: 2018-03-05 07:32:38.449\nProcessGuid: {A376A8F6-F294-5A9C-0000-001052E48503}\nProcessId: 17704\nImage: C:\\Program Files\\Mozilla Firefox\\firefox.exe\nImageLoaded: C:\\Windows\\System32\\ResourcePolicyClient.dll\nFileVersion: 10.0.16299.15 (WinBuild.160101.0800)\nDescription: Resource Policy Client\nProduct: Microsoft® Windows® Operating System\nCompany: Microsoft Corporation\nHashes: MD5=6B84117A0D2A59F18C8F64F72609C198,SHA256=28374581ADC5F56015A3B35C7748C245D1D2F946F2053C50F1B509AE23A5CC06\nSigned: true\nSignature: Microsoft Windows\nSignatureStatus: Valid"
}
{
  "@timestamp": "2018-03-05T07:32:39.239Z",
  "@metadata": {
    "beat": "winlogbeat",
    "type": "doc",
    "version": "6.2.2"
  },
  "computer_name": "DESKTOP-WJANG",
  "record_number": "406",
  "beat": {
    "name": "DESKTOP-WJANG",
    "hostname": "DESKTOP-WJANG",
    "version": "6.2.2"
  },
  "level": "정보",
  "event_data": {
    "Signature": "Microsoft Windows",
    "ProcessId": "17704",
    "Hashes": "MD5=247FE90DC17E22586F95966D0BC1411D,SHA256=D6C1E27041441682829F7EFE7DE196A1786CC0B039089DD5D328F93A31519EAA",
    "UtcTime": "2018-03-05 07:32:38.485",
    "Signed": "true",
    "ImageLoaded": "C:\\Windows\\System32\\dcomp.dll",
    "Product": "Microsoft® Windows® Operating System",
    "FileVersion": "10.0.16299.15 (WinBuild.160101.0800)",
    "Company": "Microsoft Corporation",
    "Image": "C:\\Program Files\\Mozilla Firefox\\firefox.exe",
    "ProcessGuid": "{A376A8F6-F294-5A9C-0000-001052E48503}",
    "SignatureStatus": "Valid",
    "Description": "Microsoft DirectComposition Library"
  },
  "source_name": "Microsoft-Windows-Sysmon",
  "version": 3,
  "process_id": 8608,
  "event_id": 7,
  "task": "Image loaded (rule: ImageLoad)",
  "log_name": "Microsoft-Windows-Sysmon/Operational",
  "type": "wineventlog",
  "user": {
    "domain": "NT AUTHORITY",
    "type": "Well Known Group",
    "identifier": "S-1-5-18",
    "name": "SYSTEM"
  },
  "message": "Image loaded:\nUtcTime: 2018-03-05 07:32:38.485\nProcessGuid: {A376A8F6-F294-5A9C-0000-001052E48503}\nProcessId: 17704\nImage: C:\\Program Files\\Mozilla Firefox\\firefox.exe\nImageLoaded: C:\\Windows\\System32\\dcomp.dll\nFileVersion: 10.0.16299.15 (WinBuild.160101.0800)\nDescription: Microsoft DirectComposition Library\nProduct: Microsoft® Windows® Operating System\nCompany: Microsoft Corporation\nHashes: MD5=247FE90DC17E22586F95966D0BC1411D,SHA256=D6C1E27041441682829F7EFE7DE196A1786CC0B039089DD5D328F93A31519EAA\nSigned: true\nSignature: Microsoft Windows\nSignatureStatus: Valid",
  "provider_guid": "{5770385F-C22A-43E0-BF4C-06F5698FFBD9}",
  "opcode": "정보",
  "thread_id": 23584
}
{
  "@timestamp": "2018-03-05T07:32:39.263Z",
  "@metadata": {
    "beat": "winlogbeat",
    "type": "doc",
    "version": "6.2.2"
  },
  "process_id": 8608,
  "source_name": "Microsoft-Windows-Sysmon",
  "message": "Image loaded:\nUtcTime: 2018-03-05 07:32:38.501\nProcessGuid: {A376A8F6-F294-5A9C-0000-001052E48503}\nProcessId: 17704\nImage: C:\\Program Files\\Mozilla Firefox\\firefox.exe\nImageLoaded: C:\\Windows\\System32\\mscms.dll\nFileVersion: 10.0.16299.15 (WinBuild.160101.0800)\nDescription: Microsoft 색 일치 시스템 DLL\nProduct: Microsoft® Windows® Operating System\nCompany: Microsoft Corporation\nHashes: MD5=C61683CB6631D3E001AD6C3673408501,SHA256=92A72F37F66545EB16CEB500DD61A188BDBCA9D37F1AFA375436DBCEAF965064\nSigned: true\nSignature: Microsoft Windows\nSignatureStatus: Valid",
  "event_id": 7,
  "task": "Image loaded (rule: ImageLoad)",
  "computer_name": "DESKTOP-WJANG",
  "level": "정보",
  "log_name": "Microsoft-Windows-Sysmon/Operational",
  "opcode": "정보",
  "event_data": {
    "Product": "Microsoft® Windows® Operating System",
    "FileVersion": "10.0.16299.15 (WinBuild.160101.0800)",
    "UtcTime": "2018-03-05 07:32:38.501",
    "Image": "C:\\Program Files\\Mozilla Firefox\\firefox.exe",
    "Signed": "true",
    "Signature": "Microsoft Windows",
    "Description": "Microsoft 색 일치 시스템 DLL",
    "Hashes": "MD5=C61683CB6631D3E001AD6C3673408501,SHA256=92A72F37F66545EB16CEB500DD61A188BDBCA9D37F1AFA375436DBCEAF965064",
    "Company": "Microsoft Corporation",
    "ProcessId": "17704",
    "ProcessGuid": "{A376A8F6-F294-5A9C-0000-001052E48503}",
    "SignatureStatus": "Valid",
    "ImageLoaded": "C:\\Windows\\System32\\mscms.dll"
  },
  "beat": {
    "name": "DESKTOP-WJANG",
    "hostname": "DESKTOP-WJANG",
    "version": "6.2.2"
  },
  "user": {
    "type": "Well Known Group",
    "identifier": "S-1-5-18",
    "name": "SYSTEM",
    "domain": "NT AUTHORITY"
  },
  "type": "wineventlog",
  "record_number": "407",
  "provider_guid": "{5770385F-C22A-43E0-BF4C-06F5698FFBD9}",
  "thread_id": 23584,
  "version": 3
}
{
  "@timestamp": "2018-03-05T07:32:39.275Z",
  "@metadata": {
    "beat": "winlogbeat",
    "type": "doc",
    "version": "6.2.2"
  },
  "record_number": "408",
  "level": "정보",
  "message": "Image loaded:\nUtcTime: 2018-03-05 07:32:38.504\nProcessGuid: {A376A8F6-F294-5A9C-0000-001052E48503}\nProcessId: 17704\nImage: C:\\Program Files\\Mozilla Firefox\\firefox.exe\nImageLoaded: C:\\Windows\\System32\\userenv.dll\nFileVersion: 10.0.16299.15 (WinBuild.160101.0800)\nDescription: Userenv\nProduct: Microsoft® Windows® Operating System\nCompany: Microsoft Corporation\nHashes: MD5=039F6F9C681BBDE16506DB4F0F270367,SHA256=CD5A8134448CD162A12B622710DC45AD42A9E7750F72EA679B1049E61EBF7537\nSigned: true\nSignature: Microsoft Windows\nSignatureStatus: Valid",
  "process_id": 8608,
  "version": 3,
  "user": {
    "type": "Well Known Group",
    "identifier": "S-1-5-18",
    "name": "SYSTEM",
    "domain": "NT AUTHORITY"
  },
  "thread_id": 23584,
  "event_id": 7,
  "log_name": "Microsoft-Windows-Sysmon/Operational",
  "computer_name": "DESKTOP-WJANG",
  "opcode": "정보",
  "source_name": "Microsoft-Windows-Sysmon",
  "type": "wineventlog",
  "beat": {
    "hostname": "DESKTOP-WJANG",
    "version": "6.2.2",
    "name": "DESKTOP-WJANG"
  },
  "event_data": {
    "Signed": "true",
    "UtcTime": "2018-03-05 07:32:38.504",
    "ProcessGuid": "{A376A8F6-F294-5A9C-0000-001052E48503}",
    "SignatureStatus": "Valid",
    "Hashes": "MD5=039F6F9C681BBDE16506DB4F0F270367,SHA256=CD5A8134448CD162A12B622710DC45AD42A9E7750F72EA679B1049E61EBF7537",
    "Company": "Microsoft Corporation",
    "ImageLoaded": "C:\\Windows\\System32\\userenv.dll",
    "ProcessId": "17704",
    "Image": "C:\\Program Files\\Mozilla Firefox\\firefox.exe",
    "Product": "Microsoft® Windows® Operating System",
    "Signature": "Microsoft Windows",
    "FileVersion": "10.0.16299.15 (WinBuild.160101.0800)",
    "Description": "Userenv"
  },
  "provider_guid": "{5770385F-C22A-43E0-BF4C-06F5698FFBD9}",
  "task": "Image loaded (rule: ImageLoad)"
}
{
  "@timestamp": "2018-03-05T07:32:39.296Z",
  "@metadata": {
    "beat": "winlogbeat",
    "type": "doc",
    "version": "6.2.2"
  },
  "event_id": 7,
  "computer_name": "DESKTOP-WJANG",
  "beat": {
    "version": "6.2.2",
    "name": "DESKTOP-WJANG",
    "hostname": "DESKTOP-WJANG"
  },
  "message": "Image loaded:\nUtcTime: 2018-03-05 07:32:38.513\nProcessGuid: {A376A8F6-F294-5A9C-0000-001052E48503}\nProcessId: 17704\nImage: C:\\Program Files\\Mozilla Firefox\\firefox.exe\nImageLoaded: C:\\Windows\\System32\\icm32.dll\nFileVersion: 10.0.16299.15 (WinBuild.160101.0800)\nDescription: Microsoft Color Management Module (CMM)\nProduct: Microsoft® Windows® Operating System\nCompany: Microsoft Corporation\nHashes: MD5=5557C136836206282F6343886A337EB4,SHA256=F5C25B53E8EBF55927F83E2484A706F8781FF75DB77C57BBBB8B2E02CB42273E\nSigned: true\nSignature: Microsoft Windows\nSignatureStatus: Valid",
  "version": 3,
  "user": {
    "identifier": "S-1-5-18",
    "name": "SYSTEM",
    "domain": "NT AUTHORITY",
    "type": "Well Known Group"
  },
  "process_id": 8608,
  "source_name": "Microsoft-Windows-Sysmon",
  "provider_guid": "{5770385F-C22A-43E0-BF4C-06F5698FFBD9}",
  "record_number": "409",
  "task": "Image loaded (rule: ImageLoad)",
  "level": "정보",
  "opcode": "정보",
  "log_name": "Microsoft-Windows-Sysmon/Operational",
  "type": "wineventlog",
  "thread_id": 23584,
  "event_data": {
    "SignatureStatus": "Valid",
    "ImageLoaded": "C:\\Windows\\System32\\icm32.dll",
    "ProcessGuid": "{A376A8F6-F294-5A9C-0000-001052E48503}",
    "FileVersion": "10.0.16299.15 (WinBuild.160101.0800)",
    "Description": "Microsoft Color Management Module (CMM)",
    "Hashes": "MD5=5557C136836206282F6343886A337EB4,SHA256=F5C25B53E8EBF55927F83E2484A706F8781FF75DB77C57BBBB8B2E02CB42273E",
    "Image": "C:\\Program Files\\Mozilla Firefox\\firefox.exe",
    "UtcTime": "2018-03-05 07:32:38.513",
    "Company": "Microsoft Corporation",
    "Signed": "true",
    "ProcessId": "17704",
    "Product": "Microsoft® Windows® Operating System",
    "Signature": "Microsoft Windows"
  }
}
{
  "@timestamp": "2018-03-05T07:32:39.308Z",
  "@metadata": {
    "beat": "winlogbeat",
    "type": "doc",
    "version": "6.2.2"
  },
  "type": "wineventlog",
  "record_number": "410",
  "provider_guid": "{5770385F-C22A-43E0-BF4C-06F5698FFBD9}",
  "event_id": 7,
  "event_data": {
    "Signature": "Microsoft Windows",
    "Description": "Winstation Library",
    "ImageLoaded": "C:\\Windows\\System32\\winsta.dll",
    "Hashes": "MD5=367C7E9AAA86EFF945CD4087F1D9C933,SHA256=D1684BB0A344A3E8CA6C6CF3D28254ED74D9857DD394F1D5CCFB99DC8B9C208E",
    "ProcessId": "17704",
    "Product": "Microsoft® Windows® Operating System",
    "UtcTime": "2018-03-05 07:32:38.543",
    "Image": "C:\\Program Files\\Mozilla Firefox\\firefox.exe",
    "SignatureStatus": "Valid",
    "FileVersion": "10.0.16299.15 (WinBuild.160101.0800)",
    "Company": "Microsoft Corporation",
    "ProcessGuid": "{A376A8F6-F294-5A9C-0000-001052E48503}",
    "Signed": "true"
  },
  "source_name": "Microsoft-Windows-Sysmon",
  "thread_id": 23584,
  "level": "정보",
  "user": {
    "identifier": "S-1-5-18",
    "name": "SYSTEM",
    "domain": "NT AUTHORITY",
    "type": "Well Known Group"
  },
  "task": "Image loaded (rule: ImageLoad)",
  "beat": {
    "name": "DESKTOP-WJANG",
    "hostname": "DESKTOP-WJANG",
    "version": "6.2.2"
  },
  "version": 3,
  "computer_name": "DESKTOP-WJANG",
  "message": "Image loaded:\nUtcTime: 2018-03-05 07:32:38.543\nProcessGuid: {A376A8F6-F294-5A9C-0000-001052E48503}\nProcessId: 17704\nImage: C:\\Program Files\\Mozilla Firefox\\firefox.exe\nImageLoaded: C:\\Windows\\System32\\winsta.dll\nFileVersion: 10.0.16299.15 (WinBuild.160101.0800)\nDescription: Winstation Library\nProduct: Microsoft® Windows® Operating System\nCompany: Microsoft Corporation\nHashes: MD5=367C7E9AAA86EFF945CD4087F1D9C933,SHA256=D1684BB0A344A3E8CA6C6CF3D28254ED74D9857DD394F1D5CCFB99DC8B9C208E\nSigned: true\nSignature: Microsoft Windows\nSignatureStatus: Valid",
  "log_name": "Microsoft-Windows-Sysmon/Operational",
  "opcode": "정보",
  "process_id": 8608
}
{
  "@timestamp": "2018-03-05T07:32:39.342Z",
  "@metadata": {
    "beat": "winlogbeat",
    "type": "doc",
    "version": "6.2.2"
  },
  "user": {
    "domain": "NT AUTHORITY",
    "type": "Well Known Group",
    "identifier": "S-1-5-18",
    "name": "SYSTEM"
  },
  "record_number": "411",
  "level": "정보",
  "message": "Image loaded:\nUtcTime: 2018-03-05 07:32:38.560\nProcessGuid: {A376A8F6-F294-5A9C-0000-001052E48503}\nProcessId: 17704\nImage: C:\\Program Files\\Mozilla Firefox\\firefox.exe\nImageLoaded: C:\\Windows\\System32\\IME\\IMEKR\\imkrtip.dll\nFileVersion: 10.0.16299.15 (WinBuild.160101.0800)\nDescription: Microsoft IME\nProduct: Microsoft® Windows® Operating System\nCompany: Microsoft Corporation\nHashes: MD5=D2504047291DE6DF0E6CA2CC4A73F389,SHA256=DFF5D0FBEB467F80962425E4793F37A1B2DBC9E157DD3068D05FF27E9923B52E\nSigned: true\nSignature: Microsoft Windows\nSignatureStatus: Valid",
  "task": "Image loaded (rule: ImageLoad)",
  "provider_guid": "{5770385F-C22A-43E0-BF4C-06F5698FFBD9}",
  "computer_name": "DESKTOP-WJANG",
  "event_data": {
    "Company": "Microsoft Corporation",
    "UtcTime": "2018-03-05 07:32:38.560",
    "Description": "Microsoft IME",
    "Product": "Microsoft® Windows® Operating System",
    "SignatureStatus": "Valid",
    "ImageLoaded": "C:\\Windows\\System32\\IME\\IMEKR\\imkrtip.dll",
    "ProcessId": "17704",
    "ProcessGuid": "{A376A8F6-F294-5A9C-0000-001052E48503}",
    "Image": "C:\\Program Files\\Mozilla Firefox\\firefox.exe",
    "Signature": "Microsoft Windows",
    "Signed": "true",
    "Hashes": "MD5=D2504047291DE6DF0E6CA2CC4A73F389,SHA256=DFF5D0FBEB467F80962425E4793F37A1B2DBC9E157DD3068D05FF27E9923B52E",
    "FileVersion": "10.0.16299.15 (WinBuild.160101.0800)"
  },
  "opcode": "정보",
  "source_name": "Microsoft-Windows-Sysmon",
  "beat": {
    "version": "6.2.2",
    "name": "DESKTOP-WJANG",
    "hostname": "DESKTOP-WJANG"
  },
  "process_id": 8608,
  "type": "wineventlog",
  "log_name": "Microsoft-Windows-Sysmon/Operational",
  "version": 3,
  "thread_id": 23584,
  "event_id": 7
}
{
  "@timestamp": "2018-03-05T07:32:39.365Z",
  "@metadata": {
    "beat": "winlogbeat",
    "type": "doc",
    "version": "6.2.2"
  },
  "log_name": "Microsoft-Windows-Sysmon/Operational",
  "event_id": 7,
  "provider_guid": "{5770385F-C22A-43E0-BF4C-06F5698FFBD9}",
  "record_number": "412",
  "task": "Image loaded (rule: ImageLoad)",
  "thread_id": 23584,
  "source_name": "Microsoft-Windows-Sysmon",
  "computer_name": "DESKTOP-WJANG",
  "beat": {
    "name": "DESKTOP-WJANG",
    "hostname": "DESKTOP-WJANG",
    "version": "6.2.2"
  },
  "event_data": {
    "Product": "Microsoft® Windows® Operating System",
    "Image": "C:\\Program Files\\Mozilla Firefox\\firefox.exe",
    "Hashes": "MD5=05C1684F866BFFF223BBE0A89F1D9444,SHA256=76A1ED2A0843C840F1A3E5B6E7FA6B898C2BE17741C86401328F2C4CC0EFBA52",
    "SignatureStatus": "Valid",
    "Description": "Media Foundation Platform DLL",
    "UtcTime": "2018-03-05 07:32:38.584",
    "Signature": "Microsoft Windows",
    "Company": "Microsoft Corporation",
    "ImageLoaded": "C:\\Windows\\System32\\mfplat.dll",
    "Signed": "true",
    "FileVersion": "10.0.16299.15 (WinBuild.160101.0800)",
    "ProcessGuid": "{A376A8F6-F296-5A9C-0000-0010274B8703}",
    "ProcessId": "25848"
  },
  "message": "Image loaded:\nUtcTime: 2018-03-05 07:32:38.584\nProcessGuid: {A376A8F6-F296-5A9C-0000-0010274B8703}\nProcessId: 25848\nImage: C:\\Program Files\\Mozilla Firefox\\firefox.exe\nImageLoaded: C:\\Windows\\System32\\mfplat.dll\nFileVersion: 10.0.16299.15 (WinBuild.160101.0800)\nDescription: Media Foundation Platform DLL\nProduct: Microsoft® Windows® Operating System\nCompany: Microsoft Corporation\nHashes: MD5=05C1684F866BFFF223BBE0A89F1D9444,SHA256=76A1ED2A0843C840F1A3E5B6E7FA6B898C2BE17741C86401328F2C4CC0EFBA52\nSigned: true\nSignature: Microsoft Windows\nSignatureStatus: Valid",
  "level": "정보",
  "process_id": 8608,
  "type": "wineventlog",
  "opcode": "정보",
  "version": 3,
  "user": {
    "identifier": "S-1-5-18",
    "name": "SYSTEM",
    "domain": "NT AUTHORITY",
    "type": "Well Known Group"
  }
}
{
  "@timestamp": "2018-03-05T07:32:39.378Z",
  "@metadata": {
    "beat": "winlogbeat",
    "type": "doc",
    "version": "6.2.2"
  },
  "opcode": "정보",
  "process_id": 8608,
  "computer_name": "DESKTOP-WJANG",
  "event_id": 7,
  "beat": {
    "name": "DESKTOP-WJANG",
    "hostname": "DESKTOP-WJANG",
    "version": "6.2.2"
  },
  "log_name": "Microsoft-Windows-Sysmon/Operational",
  "message": "Image loaded:\nUtcTime: 2018-03-05 07:32:38.590\nProcessGuid: {A376A8F6-F296-5A9C-0000-0010274B8703}\nProcessId: 25848\nImage: C:\\Program Files\\Mozilla Firefox\\firefox.exe\nImageLoaded: C:\\Windows\\System32\\RTWorkQ.dll\nFileVersion: 10.0.16299.15 (WinBuild.160101.0800)\nDescription: Realtime WorkQueue DLL\nProduct: Microsoft® Windows® Operating System\nCompany: Microsoft Corporation\nHashes: MD5=08AC7AA750A8B4913F5158243B04B11D,SHA256=0D08100A4092C4D6B7EEEDB902F701951BFEE26484D513AB96C3444531C3CE8E\nSigned: true\nSignature: Microsoft Windows\nSignatureStatus: Valid",
  "record_number": "413",
  "type": "wineventlog",
  "level": "정보",
  "thread_id": 23584,
  "event_data": {
    "Description": "Realtime WorkQueue DLL",
    "ImageLoaded": "C:\\Windows\\System32\\RTWorkQ.dll",
    "SignatureStatus": "Valid",
    "ProcessId": "25848",
    "UtcTime": "2018-03-05 07:32:38.590",
    "Signed": "true",
    "Hashes": "MD5=08AC7AA750A8B4913F5158243B04B11D,SHA256=0D08100A4092C4D6B7EEEDB902F701951BFEE26484D513AB96C3444531C3CE8E",
    "ProcessGuid": "{A376A8F6-F296-5A9C-0000-0010274B8703}",
    "Product": "Microsoft® Windows® Operating System",
    "Company": "Microsoft Corporation",
    "Image": "C:\\Program Files\\Mozilla Firefox\\firefox.exe",
    "FileVersion": "10.0.16299.15 (WinBuild.160101.0800)",
    "Signature": "Microsoft Windows"
  },
  "version": 3,
  "user": {
    "type": "Well Known Group",
    "identifier": "S-1-5-18",
    "name": "SYSTEM",
    "domain": "NT AUTHORITY"
  },
  "source_name": "Microsoft-Windows-Sysmon",
  "provider_guid": "{5770385F-C22A-43E0-BF4C-06F5698FFBD9}",
  "task": "Image loaded (rule: ImageLoad)"
}
{
  "@timestamp": "2018-03-05T07:32:39.402Z",
  "@metadata": {
    "beat": "winlogbeat",
    "type": "doc",
    "version": "6.2.2"
  },
  "event_data": {
    "Signed": "true",
    "Signature": "Microsoft Windows",
    "UtcTime": "2018-03-05 07:32:38.598",
    "FileVersion": "7.0.16299.15 (WinBuild.160101.0800)",
    "Product": "Windows® Search",
    "Description": "Microsoft 속성 시스템",
    "ProcessId": "17704",
    "SignatureStatus": "Valid",
    "Company": "Microsoft Corporation",
    "ProcessGuid": "{A376A8F6-F294-5A9C-0000-001052E48503}",
    "ImageLoaded": "C:\\Windows\\System32\\propsys.dll",
    "Hashes": "MD5=521A51043879E980CB1B17735D41893A,SHA256=40557D1878BE949E67F8E795CC613EEC39CA8528620FA3B228AC4C00F7A1DAE4",
    "Image": "C:\\Program Files\\Mozilla Firefox\\firefox.exe"
  },
  "event_id": 7,
  "task": "Image loaded (rule: ImageLoad)",
  "computer_name": "DESKTOP-WJANG",
  "opcode": "정보",
  "log_name": "Microsoft-Windows-Sysmon/Operational",
  "process_id": 8608,
  "user": {
    "identifier": "S-1-5-18",
    "name": "SYSTEM",
    "domain": "NT AUTHORITY",
    "type": "Well Known Group"
  },
  "provider_guid": "{5770385F-C22A-43E0-BF4C-06F5698FFBD9}",
  "record_number": "414",
  "level": "정보",
  "message": "Image loaded:\nUtcTime: 2018-03-05 07:32:38.598\nProcessGuid: {A376A8F6-F294-5A9C-0000-001052E48503}\nProcessId: 17704\nImage: C:\\Program Files\\Mozilla Firefox\\firefox.exe\nImageLoaded: C:\\Windows\\System32\\propsys.dll\nFileVersion: 7.0.16299.15 (WinBuild.160101.0800)\nDescription: Microsoft 속성 시스템\nProduct: Windows® Search\nCompany: Microsoft Corporation\nHashes: MD5=521A51043879E980CB1B17735D41893A,SHA256=40557D1878BE949E67F8E795CC613EEC39CA8528620FA3B228AC4C00F7A1DAE4\nSigned: true\nSignature: Microsoft Windows\nSignatureStatus: Valid",
  "beat": {
    "name": "DESKTOP-WJANG",
    "hostname": "DESKTOP-WJANG",
    "version": "6.2.2"
  },
  "source_name": "Microsoft-Windows-Sysmon",
  "thread_id": 23584,
  "version": 3,
  "type": "wineventlog"
}
{
  "@timestamp": "2018-03-05T07:32:39.421Z",
  "@metadata": {
    "beat": "winlogbeat",
    "type": "doc",
    "version": "6.2.2"
  },
  "opcode": "정보",
  "message": "Image loaded:\nUtcTime: 2018-03-05 07:32:38.600\nProcessGuid: {A376A8F6-F296-5A9C-0000-0010274B8703}\nProcessId: 25848\nImage: C:\\Program Files\\Mozilla Firefox\\firefox.exe\nImageLoaded: C:\\Windows\\System32\\mf.dll\nFileVersion: 10.0.16299.15 (WinBuild.160101.0800)\nDescription: Media Foundation DLL\nProduct: Microsoft® Windows® Operating System\nCompany: Microsoft Corporation\nHashes: MD5=C977C0527C458D5CA38C2414DF9272A4,SHA256=43A218EA57461728C10F3F7118076A731C641DA533BDDFA48C5075FF4958D3DB\nSigned: true\nSignature: Microsoft Windows\nSignatureStatus: Valid",
  "source_name": "Microsoft-Windows-Sysmon",
  "record_number": "415",
  "user": {
    "type": "Well Known Group",
    "identifier": "S-1-5-18",
    "name": "SYSTEM",
    "domain": "NT AUTHORITY"
  },
  "computer_name": "DESKTOP-WJANG",
  "type": "wineventlog",
  "event_data": {
    "Hashes": "MD5=C977C0527C458D5CA38C2414DF9272A4,SHA256=43A218EA57461728C10F3F7118076A731C641DA533BDDFA48C5075FF4958D3DB",
    "ImageLoaded": "C:\\Windows\\System32\\mf.dll",
    "Signed": "true",
    "FileVersion": "10.0.16299.15 (WinBuild.160101.0800)",
    "Description": "Media Foundation DLL",
    "ProcessId": "25848",
    "Product": "Microsoft® Windows® Operating System",
    "ProcessGuid": "{A376A8F6-F296-5A9C-0000-0010274B8703}",
    "Signature": "Microsoft Windows",
    "UtcTime": "2018-03-05 07:32:38.600",
    "Company": "Microsoft Corporation",
    "Image": "C:\\Program Files\\Mozilla Firefox\\firefox.exe",
    "SignatureStatus": "Valid"
  },
  "provider_guid": "{5770385F-C22A-43E0-BF4C-06F5698FFBD9}",
  "beat": {
    "name": "DESKTOP-WJANG",
    "hostname": "DESKTOP-WJANG",
    "version": "6.2.2"
  },
  "thread_id": 23584,
  "event_id": 7,
  "version": 3,
  "level": "정보",
  "process_id": 8608,
  "log_name": "Microsoft-Windows-Sysmon/Operational",
  "task": "Image loaded (rule: ImageLoad)"
}
{
  "@timestamp": "2018-03-05T07:32:39.434Z",
  "@metadata": {
    "beat": "winlogbeat",
    "type": "doc",
    "version": "6.2.2"
  },
  "log_name": "Microsoft-Windows-Sysmon/Operational",
  "opcode": "정보",
  "record_number": "416",
  "event_id": 7,
  "provider_guid": "{5770385F-C22A-43E0-BF4C-06F5698FFBD9}",
  "process_id": 8608,
  "beat": {
    "name": "DESKTOP-WJANG",
    "hostname": "DESKTOP-WJANG",
    "version": "6.2.2"
  },
  "type": "wineventlog",
  "task": "Image loaded (rule: ImageLoad)",
  "thread_id": 23584,
  "computer_name": "DESKTOP-WJANG",
  "level": "정보",
  "source_name": "Microsoft-Windows-Sysmon",
  "event_data": {
    "ProcessId": "25848",
    "ImageLoaded": "C:\\Windows\\System32\\dxva2.dll",
    "FileVersion": "10.0.16299.15 (WinBuild.160101.0800)",
    "UtcTime": "2018-03-05 07:32:38.604",
    "Description": "DirectX Video Acceleration 2.0 DLL",
    "Signature": "Microsoft Windows",
    "ProcessGuid": "{A376A8F6-F296-5A9C-0000-0010274B8703}",
    "Product": "Microsoft® Windows® Operating System",
    "Image": "C:\\Program Files\\Mozilla Firefox\\firefox.exe",
    "Signed": "true",
    "Hashes": "MD5=87CBF093880D0BA01235877AF7581739,SHA256=35F2672FFDDD93E61D867C48554067B2F8BBD140105D92D5D313B6316EDD8F46",
    "SignatureStatus": "Valid",
    "Company": "Microsoft Corporation"
  },
  "message": "Image loaded:\nUtcTime: 2018-03-05 07:32:38.604\nProcessGuid: {A376A8F6-F296-5A9C-0000-0010274B8703}\nProcessId: 25848\nImage: C:\\Program Files\\Mozilla Firefox\\firefox.exe\nImageLoaded: C:\\Windows\\System32\\dxva2.dll\nFileVersion: 10.0.16299.15 (WinBuild.160101.0800)\nDescription: DirectX Video Acceleration 2.0 DLL\nProduct: Microsoft® Windows® Operating System\nCompany: Microsoft Corporation\nHashes: MD5=87CBF093880D0BA01235877AF7581739,SHA256=35F2672FFDDD93E61D867C48554067B2F8BBD140105D92D5D313B6316EDD8F46\nSigned: true\nSignature: Microsoft Windows\nSignatureStatus: Valid",
  "version": 3,
  "user": {
    "identifier": "S-1-5-18",
    "name": "SYSTEM",
    "domain": "NT AUTHORITY",
    "type": "Well Known Group"
  }
}
