{
  "@timestamp": "2018-03-05T07:30:16.105Z",
  "@metadata": {
    "beat": "winlogbeat",
    "type": "doc",
    "version": "6.2.2"
  },
  "opcode": "정보",
  "provider_guid": "{5770385F-C22A-43E0-BF4C-06F5698FFBD9}",
  "version": 5,
  "message": "Network connection detected:\nUtcTime: 2018-03-05 07:30:14.683\nProcessGuid: {A376A8F6-ECE0-5A9C-0000-0010E2F82800}\nProcessId: 19724\nImage: C:\\Program Files (x86)\\Send Anywhere\\Send Anywhere.exe\nUser: DESKTOP-WJANG\\wook8170\nProtocol: tcp\nInitiated: true\nSourceIsIpv6: false\nSourceIp: 192.168.198.67\nSourceHostname: DESKTOP-WJANG\nSourcePort: 2347\nSourcePortName: \nDestinationIsIpv6: false\nDestinationIp: 14.49.41.23\nDestinationHostname: \nDestinationPort: 443\nDestinationPortName: https",
  "thread_id": 23856,
  "record_number": "178",
  "process_id": 8608,
  "computer_name": "DESKTOP-WJANG",
  "type": "wineventlog",
  "level": "정보",
  "user": {
    "type": "Well Known Group",
    "identifier": "S-1-5-18",
    "name": "SYSTEM",
    "domain": "NT AUTHORITY"
  },
  "event_id": 3,
  "event_data": {
    "DestinationPortName": "https",
    "SourceHostname": "DESKTOP-WJANG",
    "Image": "C:\\Program Files (x86)\\Send Anywhere\\Send Anywhere.exe",
    "Initiated": "true",
    "SourceIp": "192.168.198.67",
    "DestinationIsIpv6": "false",
    "UtcTime": "2018-03-05 07:30:14.683",
    "ProcessGuid": "{A376A8F6-ECE0-5A9C-0000-0010E2F82800}",
    "DestinationPort": "443",
    "SourcePort": "2347",
    "SourceIsIpv6": "false",
    "ProcessId": "19724",
    "DestinationIp": "14.49.41.23",
    "User": "DESKTOP-WJANG\\wook8170",
    "Protocol": "tcp"
  },
  "task": "Network connection detected (rule: NetworkConnect)",
  "log_name": "Microsoft-Windows-Sysmon/Operational",
  "source_name": "Microsoft-Windows-Sysmon",
  "beat": {
    "version": "6.2.2",
    "name": "DESKTOP-WJANG",
    "hostname": "DESKTOP-WJANG"
  }
}
{
  "@timestamp": "2018-03-05T07:30:16.105Z",
  "@metadata": {
    "beat": "winlogbeat",
    "type": "doc",
    "version": "6.2.2"
  },
  "source_name": "Microsoft-Windows-Sysmon",
  "task": "Network connection detected (rule: NetworkConnect)",
  "event_data": {
    "Image": "C:\\Program Files (x86)\\Send Anywhere\\Send Anywhere.exe",
    "User": "DESKTOP-WJANG\\wook8170",
    "DestinationIp": "14.49.41.23",
    "UtcTime": "2018-03-05 07:30:14.694",
    "DestinationIsIpv6": "false",
    "DestinationPortName": "https",
    "DestinationPort": "443",
    "ProcessGuid": "{A376A8F6-ECE0-5A9C-0000-0010E2F82800}",
    "SourceIsIpv6": "false",
    "SourcePort": "2348",
    "SourceHostname": "DESKTOP-WJANG",
    "SourceIp": "192.168.198.67",
    "Protocol": "tcp",
    "Initiated": "true",
    "ProcessId": "19724"
  },
  "user": {
    "identifier": "S-1-5-18",
    "name": "SYSTEM",
    "domain": "NT AUTHORITY",
    "type": "Well Known Group"
  },
  "record_number": "179",
  "level": "정보",
  "opcode": "정보",
  "computer_name": "DESKTOP-WJANG",
  "version": 5,
  "type": "wineventlog",
  "beat": {
    "name": "DESKTOP-WJANG",
    "hostname": "DESKTOP-WJANG",
    "version": "6.2.2"
  },
  "thread_id": 23856,
  "log_name": "Microsoft-Windows-Sysmon/Operational",
  "event_id": 3,
  "message": "Network connection detected:\nUtcTime: 2018-03-05 07:30:14.694\nProcessGuid: {A376A8F6-ECE0-5A9C-0000-0010E2F82800}\nProcessId: 19724\nImage: C:\\Program Files (x86)\\Send Anywhere\\Send Anywhere.exe\nUser: DESKTOP-WJANG\\wook8170\nProtocol: tcp\nInitiated: true\nSourceIsIpv6: false\nSourceIp: 192.168.198.67\nSourceHostname: DESKTOP-WJANG\nSourcePort: 2348\nSourcePortName: \nDestinationIsIpv6: false\nDestinationIp: 14.49.41.23\nDestinationHostname: \nDestinationPort: 443\nDestinationPortName: https",
  "provider_guid": "{5770385F-C22A-43E0-BF4C-06F5698FFBD9}",
  "process_id": 8608
}
{
  "@timestamp": "2018-03-05T07:30:24.116Z",
  "@metadata": {
    "beat": "winlogbeat",
    "type": "doc",
    "version": "6.2.2"
  },
  "event_data": {
    "UtcTime": "2018-03-05 07:30:22.906",
    "DestinationIp": "40.100.29.34",
    "SourceHostname": "DESKTOP-WJANG",
    "DestinationPortName": "https",
    "SourceIp": "192.168.198.67",
    "SourcePort": "2349",
    "ProcessId": "12492",
    "Image": "C:\\Program Files\\Microsoft Office\\Office15\\OUTLOOK.EXE",
    "ProcessGuid": "{A376A8F6-EE60-5A9C-0000-0010992DE200}",
    "Initiated": "true",
    "DestinationIsIpv6": "false",
    "DestinationPort": "443",
    "User": "DESKTOP-WJANG\\wook8170",
    "Protocol": "tcp",
    "SourceIsIpv6": "false"
  },
  "beat": {
    "name": "DESKTOP-WJANG",
    "hostname": "DESKTOP-WJANG",
    "version": "6.2.2"
  },
  "level": "정보",
  "version": 5,
  "log_name": "Microsoft-Windows-Sysmon/Operational",
  "opcode": "정보",
  "message": "Network connection detected:\nUtcTime: 2018-03-05 07:30:22.906\nProcessGuid: {A376A8F6-EE60-5A9C-0000-0010992DE200}\nProcessId: 12492\nImage: C:\\Program Files\\Microsoft Office\\Office15\\OUTLOOK.EXE\nUser: DESKTOP-WJANG\\wook8170\nProtocol: tcp\nInitiated: true\nSourceIsIpv6: false\nSourceIp: 192.168.198.67\nSourceHostname: DESKTOP-WJANG\nSourcePort: 2349\nSourcePortName: \nDestinationIsIpv6: false\nDestinationIp: 40.100.29.34\nDestinationHostname: \nDestinationPort: 443\nDestinationPortName: https",
  "type": "wineventlog",
  "task": "Network connection detected (rule: NetworkConnect)",
  "process_id": 8608,
  "user": {
    "identifier": "S-1-5-18",
    "name": "SYSTEM",
    "domain": "NT AUTHORITY",
    "type": "Well Known Group"
  },
  "record_number": "180",
  "computer_name": "DESKTOP-WJANG",
  "provider_guid": "{5770385F-C22A-43E0-BF4C-06F5698FFBD9}",
  "thread_id": 23856,
  "source_name": "Microsoft-Windows-Sysmon",
  "event_id": 3
}
{
  "@timestamp": "2018-03-05T07:30:45.155Z",
  "@metadata": {
    "beat": "winlogbeat",
    "type": "doc",
    "version": "6.2.2"
  },
  "event_id": 16,
  "event_data": {
    "ConfigurationFileHash": "SHA1=7EA273E7596555DF5156BC6CC68D9DF8BAEA70F6",
    "UtcTime": "2018-03-05 07:30:45.155",
    "Configuration": "C:\\Users\\wook8170\\Desktop\\Sysmon\\test-export.xml"
  },
  "opcode": "정보",
  "thread_id": 26028,
  "source_name": "Microsoft-Windows-Sysmon",
  "beat": {
    "name": "DESKTOP-WJANG",
    "hostname": "DESKTOP-WJANG",
    "version": "6.2.2"
  },
  "record_number": "181",
  "log_name": "Microsoft-Windows-Sysmon/Operational",
  "user": {
    "type": "User",
    "identifier": "S-1-5-21-644203544-480206830-2493703163-1001",
    "name": "wook8170",
    "domain": "DESKTOP-WJANG"
  },
  "type": "wineventlog",
  "version": 3,
  "process_id": 10120,
  "level": "정보",
  "task": "Sysmon config state changed",
  "provider_guid": "{5770385F-C22A-43E0-BF4C-06F5698FFBD9}",
  "message": "Sysmon config state changed:\nUtcTime: 2018-03-05 07:30:45.155\nConfiguration: C:\\Users\\wook8170\\Desktop\\Sysmon\\test-export.xml\nConfigurationFileHash: SHA1=7EA273E7596555DF5156BC6CC68D9DF8BAEA70F6",
  "computer_name": "DESKTOP-WJANG"
}
{
  "@timestamp": "2018-03-05T07:30:52.159Z",
  "@metadata": {
    "beat": "winlogbeat",
    "type": "doc",
    "version": "6.2.2"
  },
  "version": 5,
  "opcode": "정보",
  "task": "Network connection detected (rule: NetworkConnect)",
  "process_id": 8608,
  "event_data": {
    "Protocol": "tcp",
    "Image": "C:\\Program Files (x86)\\Kaspersky Lab\\Kaspersky Free 18.0.0\\avp.exe",
    "DestinationPort": "443",
    "ProcessId": "5328",
    "DestinationIsIpv6": "false",
    "DestinationIp": "66.110.49.68",
    "SourcePort": "2352",
    "SourceIp": "192.168.198.67",
    "User": "NT AUTHORITY\\SYSTEM",
    "Initiated": "true",
    "ProcessGuid": "{A376A8F6-ECA3-5A9C-0000-0010B2050300}",
    "SourceIsIpv6": "false",
    "UtcTime": "2018-03-05 07:30:50.965",
    "DestinationPortName": "https",
    "SourceHostname": "DESKTOP-WJANG"
  },
  "source_name": "Microsoft-Windows-Sysmon",
  "event_id": 3,
  "log_name": "Microsoft-Windows-Sysmon/Operational",
  "record_number": "182",
  "beat": {
    "hostname": "DESKTOP-WJANG",
    "version": "6.2.2",
    "name": "DESKTOP-WJANG"
  },
  "computer_name": "DESKTOP-WJANG",
  "provider_guid": "{5770385F-C22A-43E0-BF4C-06F5698FFBD9}",
  "level": "정보",
  "user": {
    "identifier": "S-1-5-18",
    "name": "SYSTEM",
    "domain": "NT AUTHORITY",
    "type": "Well Known Group"
  },
  "message": "Network connection detected:\nUtcTime: 2018-03-05 07:30:50.965\nProcessGuid: {A376A8F6-ECA3-5A9C-0000-0010B2050300}\nProcessId: 5328\nImage: C:\\Program Files (x86)\\Kaspersky Lab\\Kaspersky Free 18.0.0\\avp.exe\nUser: NT AUTHORITY\\SYSTEM\nProtocol: tcp\nInitiated: true\nSourceIsIpv6: false\nSourceIp: 192.168.198.67\nSourceHostname: DESKTOP-WJANG\nSourcePort: 2352\nSourcePortName: \nDestinationIsIpv6: false\nDestinationIp: 66.110.49.68\nDestinationHostname: \nDestinationPort: 443\nDestinationPortName: https",
  "thread_id": 23856,
  "type": "wineventlog"
}
{
  "@timestamp": "2018-03-05T07:31:09.187Z",
  "@metadata": {
    "beat": "winlogbeat",
    "type": "doc",
    "version": "6.2.2"
  },
  "type": "wineventlog",
  "version": 5,
  "message": "Network connection detected:\nUtcTime: 2018-03-05 07:31:07.807\nProcessGuid: {A376A8F6-ECD6-5A9C-0000-001081382500}\nProcessId: 20108\nImage: C:\\Program Files (x86)\\Kakao\\KakaoTalk\\KakaoTalk.exe\nUser: DESKTOP-WJANG\\wook8170\nProtocol: tcp\nInitiated: true\nSourceIsIpv6: false\nSourceIp: 192.168.198.67\nSourceHostname: DESKTOP-WJANG\nSourcePort: 2354\nSourcePortName: \nDestinationIsIpv6: false\nDestinationIp: 203.133.167.76\nDestinationHostname: \nDestinationPort: 80\nDestinationPortName: http",
  "provider_guid": "{5770385F-C22A-43E0-BF4C-06F5698FFBD9}",
  "user": {
    "identifier": "S-1-5-18",
    "name": "SYSTEM",
    "domain": "NT AUTHORITY",
    "type": "Well Known Group"
  },
  "log_name": "Microsoft-Windows-Sysmon/Operational",
  "level": "정보",
  "task": "Network connection detected (rule: NetworkConnect)",
  "thread_id": 23856,
  "event_data": {
    "DestinationIp": "203.133.167.76",
    "ProcessGuid": "{A376A8F6-ECD6-5A9C-0000-001081382500}",
    "SourceIsIpv6": "false",
    "Initiated": "true",
    "DestinationIsIpv6": "false",
    "SourcePort": "2354",
    "Image": "C:\\Program Files (x86)\\Kakao\\KakaoTalk\\KakaoTalk.exe",
    "ProcessId": "20108",
    "UtcTime": "2018-03-05 07:31:07.807",
    "DestinationPort": "80",
    "DestinationPortName": "http",
    "SourceHostname": "DESKTOP-WJANG",
    "User": "DESKTOP-WJANG\\wook8170",
    "Protocol": "tcp",
    "SourceIp": "192.168.198.67"
  },
  "event_id": 3,
  "beat": {
    "version": "6.2.2",
    "name": "DESKTOP-WJANG",
    "hostname": "DESKTOP-WJANG"
  },
  "source_name": "Microsoft-Windows-Sysmon",
  "record_number": "183",
  "process_id": 8608,
  "opcode": "정보",
  "computer_name": "DESKTOP-WJANG"
}
{
  "@timestamp": "2018-03-05T07:31:09.187Z",
  "@metadata": {
    "beat": "winlogbeat",
    "type": "doc",
    "version": "6.2.2"
  },
  "process_id": 8608,
  "beat": {
    "name": "DESKTOP-WJANG",
    "hostname": "DESKTOP-WJANG",
    "version": "6.2.2"
  },
  "source_name": "Microsoft-Windows-Sysmon",
  "user": {
    "identifier": "S-1-5-18",
    "name": "SYSTEM",
    "domain": "NT AUTHORITY",
    "type": "Well Known Group"
  },
  "computer_name": "DESKTOP-WJANG",
  "task": "Network connection detected (rule: NetworkConnect)",
  "opcode": "정보",
  "version": 5,
  "message": "Network connection detected:\nUtcTime: 2018-03-05 07:31:07.911\nProcessGuid: {A376A8F6-ECD6-5A9C-0000-001081382500}\nProcessId: 20108\nImage: C:\\Program Files (x86)\\Kakao\\KakaoTalk\\KakaoTalk.exe\nUser: DESKTOP-WJANG\\wook8170\nProtocol: tcp\nInitiated: true\nSourceIsIpv6: false\nSourceIp: 192.168.198.67\nSourceHostname: DESKTOP-WJANG\nSourcePort: 2355\nSourcePortName: \nDestinationIsIpv6: false\nDestinationIp: 101.79.212.234\nDestinationHostname: \nDestinationPort: 80\nDestinationPortName: http",
  "event_id": 3,
  "thread_id": 23856,
  "log_name": "Microsoft-Windows-Sysmon/Operational",
  "type": "wineventlog",
  "record_number": "184",
  "level": "정보",
  "event_data": {
    "User": "DESKTOP-WJANG\\wook8170",
    "SourceIp": "192.168.198.67",
    "DestinationIsIpv6": "false",
    "SourcePort": "2355",
    "Image": "C:\\Program Files (x86)\\Kakao\\KakaoTalk\\KakaoTalk.exe",
    "Protocol": "tcp",
    "DestinationIp": "101.79.212.234",
    "DestinationPort": "80",
    "ProcessGuid": "{A376A8F6-ECD6-5A9C-0000-001081382500}",
    "DestinationPortName": "http",
    "SourceHostname": "DESKTOP-WJANG",
    "UtcTime": "2018-03-05 07:31:07.911",
    "ProcessId": "20108",
    "Initiated": "true",
    "SourceIsIpv6": "false"
  },
  "provider_guid": "{5770385F-C22A-43E0-BF4C-06F5698FFBD9}"
}
{
  "@timestamp": "2018-03-05T07:31:13.194Z",
  "@metadata": {
    "beat": "winlogbeat",
    "type": "doc",
    "version": "6.2.2"
  },
  "event_id": 3,
  "log_name": "Microsoft-Windows-Sysmon/Operational",
  "computer_name": "DESKTOP-WJANG",
  "thread_id": 23856,
  "version": 5,
  "level": "정보",
  "process_id": 8608,
  "task": "Network connection detected (rule: NetworkConnect)",
  "user": {
    "identifier": "S-1-5-18",
    "name": "SYSTEM",
    "domain": "NT AUTHORITY",
    "type": "Well Known Group"
  },
  "source_name": "Microsoft-Windows-Sysmon",
  "type": "wineventlog",
  "record_number": "185",
  "opcode": "정보",
  "beat": {
    "name": "DESKTOP-WJANG",
    "hostname": "DESKTOP-WJANG",
    "version": "6.2.2"
  },
  "provider_guid": "{5770385F-C22A-43E0-BF4C-06F5698FFBD9}",
  "message": "Network connection detected:\nUtcTime: 2018-03-05 07:31:11.923\nProcessGuid: {A376A8F6-ECD6-5A9C-0000-001081382500}\nProcessId: 20108\nImage: C:\\Program Files (x86)\\Kakao\\KakaoTalk\\KakaoTalk.exe\nUser: DESKTOP-WJANG\\wook8170\nProtocol: tcp\nInitiated: true\nSourceIsIpv6: false\nSourceIp: 192.168.198.67\nSourceHostname: DESKTOP-WJANG\nSourcePort: 2356\nSourcePortName: \nDestinationIsIpv6: false\nDestinationIp: 110.76.141.124\nDestinationHostname: \nDestinationPort: 443\nDestinationPortName: https",
  "event_data": {
    "DestinationPortName": "https",
    "SourceIp": "192.168.198.67",
    "UtcTime": "2018-03-05 07:31:11.923",
    "DestinationIp": "110.76.141.124",
    "SourceHostname": "DESKTOP-WJANG",
    "User": "DESKTOP-WJANG\\wook8170",
    "Initiated": "true",
    "ProcessId": "20108",
    "DestinationPort": "443",
    "Protocol": "tcp",
    "ProcessGuid": "{A376A8F6-ECD6-5A9C-0000-001081382500}",
    "SourceIsIpv6": "false",
    "SourcePort": "2356",
    "Image": "C:\\Program Files (x86)\\Kakao\\KakaoTalk\\KakaoTalk.exe",
    "DestinationIsIpv6": "false"
  }
}
{
  "@timestamp": "2018-03-05T07:31:14.194Z",
  "@metadata": {
    "beat": "winlogbeat",
    "type": "doc",
    "version": "6.2.2"
  },
  "computer_name": "DESKTOP-WJANG",
  "provider_guid": "{5770385F-C22A-43E0-BF4C-06F5698FFBD9}",
  "opcode": "정보",
  "record_number": "186",
  "version": 5,
  "task": "Network connection detected (rule: NetworkConnect)",
  "process_id": 8608,
  "log_name": "Microsoft-Windows-Sysmon/Operational",
  "event_id": 3,
  "source_name": "Microsoft-Windows-Sysmon",
  "thread_id": 23856,
  "user": {
    "identifier": "S-1-5-18",
    "name": "SYSTEM",
    "domain": "NT AUTHORITY",
    "type": "Well Known Group"
  },
  "beat": {
    "version": "6.2.2",
    "name": "DESKTOP-WJANG",
    "hostname": "DESKTOP-WJANG"
  },
  "message": "Network connection detected:\nUtcTime: 2018-03-05 07:31:12.206\nProcessGuid: {A376A8F6-ECD6-5A9C-0000-001081382500}\nProcessId: 20108\nImage: C:\\Program Files (x86)\\Kakao\\KakaoTalk\\KakaoTalk.exe\nUser: DESKTOP-WJANG\\wook8170\nProtocol: tcp\nInitiated: true\nSourceIsIpv6: false\nSourceIp: 192.168.198.67\nSourceHostname: DESKTOP-WJANG\nSourcePort: 2357\nSourcePortName: \nDestinationIsIpv6: false\nDestinationIp: 110.76.141.124\nDestinationHostname: \nDestinationPort: 443\nDestinationPortName: https",
  "level": "정보",
  "type": "wineventlog",
  "event_data": {
    "DestinationPort": "443",
    "Image": "C:\\Program Files (x86)\\Kakao\\KakaoTalk\\KakaoTalk.exe",
    "DestinationIsIpv6": "false",
    "ProcessGuid": "{A376A8F6-ECD6-5A9C-0000-001081382500}",
    "SourceIsIpv6": "false",
    "UtcTime": "2018-03-05 07:31:12.206",
    "ProcessId": "20108",
    "SourcePort": "2357",
    "User": "DESKTOP-WJANG\\wook8170",
    "SourceIp": "192.168.198.67",
    "SourceHostname": "DESKTOP-WJANG",
    "DestinationIp": "110.76.141.124",
    "Initiated": "true",
    "DestinationPortName": "https",
    "Protocol": "tcp"
  }
}
{
  "@timestamp": "2018-03-05T07:31:15.947Z",
  "@metadata": {
    "beat": "winlogbeat",
    "type": "doc",
    "version": "6.2.2"
  },
  "level": "정보",
  "record_number": "187",
  "type": "wineventlog",
  "event_data": {
    "SourcePort": "2358",
    "ProcessId": "20108",
    "Initiated": "true",
    "DestinationIsIpv6": "false",
    "SourceHostname": "DESKTOP-WJANG",
    "Image": "C:\\Program Files (x86)\\Kakao\\KakaoTalk\\KakaoTalk.exe",
    "SourceIp": "192.168.198.67",
    "DestinationPort": "443",
    "ProcessGuid": "{A376A8F6-ECD6-5A9C-0000-001081382500}",
    "DestinationPortName": "https",
    "User": "DESKTOP-WJANG\\wook8170",
    "DestinationIp": "110.76.141.40",
    "SourceIsIpv6": "false",
    "UtcTime": "2018-03-05 07:31:14.733",
    "Protocol": "tcp"
  },
  "provider_guid": "{5770385F-C22A-43E0-BF4C-06F5698FFBD9}",
  "thread_id": 23856,
  "event_id": 3,
  "task": "Network connection detected (rule: NetworkConnect)",
  "user": {
    "domain": "NT AUTHORITY",
    "type": "Well Known Group",
    "identifier": "S-1-5-18",
    "name": "SYSTEM"
  },
  "message": "Network connection detected:\nUtcTime: 2018-03-05 07:31:14.733\nProcessGuid: {A376A8F6-ECD6-5A9C-0000-001081382500}\nProcessId: 20108\nImage: C:\\Program Files (x86)\\Kakao\\KakaoTalk\\KakaoTalk.exe\nUser: DESKTOP-WJANG\\wook8170\nProtocol: tcp\nInitiated: true\nSourceIsIpv6: false\nSourceIp: 192.168.198.67\nSourceHostname: DESKTOP-WJANG\nSourcePort: 2358\nSourcePortName: \nDestinationIsIpv6: false\nDestinationIp: 110.76.141.40\nDestinationHostname: \nDestinationPort: 443\nDestinationPortName: https",
  "version": 5,
  "beat": {
    "version": "6.2.2",
    "name": "DESKTOP-WJANG",
    "hostname": "DESKTOP-WJANG"
  },
  "source_name": "Microsoft-Windows-Sysmon",
  "computer_name": "DESKTOP-WJANG",
  "opcode": "정보",
  "log_name": "Microsoft-Windows-Sysmon/Operational",
  "process_id": 8608
}
{
  "@timestamp": "2018-03-05T07:31:16.197Z",
  "@metadata": {
    "beat": "winlogbeat",
    "type": "doc",
    "version": "6.2.2"
  },
  "version": 5,
  "message": "Network connection detected:\nUtcTime: 2018-03-05 07:31:14.945\nProcessGuid: {A376A8F6-ECD6-5A9C-0000-001081382500}\nProcessId: 20108\nImage: C:\\Program Files (x86)\\Kakao\\KakaoTalk\\KakaoTalk.exe\nUser: DESKTOP-WJANG\\wook8170\nProtocol: tcp\nInitiated: true\nSourceIsIpv6: false\nSourceIp: 192.168.198.67\nSourceHostname: DESKTOP-WJANG\nSourcePort: 2359\nSourcePortName: \nDestinationIsIpv6: false\nDestinationIp: 110.76.142.102\nDestinationHostname: \nDestinationPort: 443\nDestinationPortName: https",
  "computer_name": "DESKTOP-WJANG",
  "level": "정보",
  "task": "Network connection detected (rule: NetworkConnect)",
  "log_name": "Microsoft-Windows-Sysmon/Operational",
  "opcode": "정보",
  "event_data": {
    "ProcessGuid": "{A376A8F6-ECD6-5A9C-0000-001081382500}",
    "Image": "C:\\Program Files (x86)\\Kakao\\KakaoTalk\\KakaoTalk.exe",
    "UtcTime": "2018-03-05 07:31:14.945",
    "Protocol": "tcp",
    "DestinationIsIpv6": "false",
    "ProcessId": "20108",
    "SourceIp": "192.168.198.67",
    "SourceIsIpv6": "false",
    "DestinationPortName": "https",
    "DestinationIp": "110.76.142.102",
    "User": "DESKTOP-WJANG\\wook8170",
    "DestinationPort": "443",
    "Initiated": "true",
    "SourcePort": "2359",
    "SourceHostname": "DESKTOP-WJANG"
  },
  "beat": {
    "name": "DESKTOP-WJANG",
    "hostname": "DESKTOP-WJANG",
    "version": "6.2.2"
  },
  "record_number": "188",
  "thread_id": 23856,
  "provider_guid": "{5770385F-C22A-43E0-BF4C-06F5698FFBD9}",
  "process_id": 8608,
  "type": "wineventlog",
  "source_name": "Microsoft-Windows-Sysmon",
  "event_id": 3,
  "user": {
    "identifier": "S-1-5-18",
    "name": "SYSTEM",
    "domain": "NT AUTHORITY",
    "type": "Well Known Group"
  }
}
{
  "@timestamp": "2018-03-05T07:31:16.447Z",
  "@metadata": {
    "beat": "winlogbeat",
    "type": "doc",
    "version": "6.2.2"
  },
  "log_name": "Microsoft-Windows-Sysmon/Operational",
  "event_id": 3,
  "process_id": 8608,
  "type": "wineventlog",
  "user": {
    "domain": "NT AUTHORITY",
    "type": "Well Known Group",
    "identifier": "S-1-5-18",
    "name": "SYSTEM"
  },
  "event_data": {
    "Protocol": "tcp",
    "SourcePort": "2360",
    "ProcessGuid": "{A376A8F6-ECD6-5A9C-0000-001081382500}",
    "Initiated": "true",
    "User": "DESKTOP-WJANG\\wook8170",
    "Image": "C:\\Program Files (x86)\\Kakao\\KakaoTalk\\KakaoTalk.exe",
    "UtcTime": "2018-03-05 07:31:15.365",
    "DestinationIp": "110.76.141.62",
    "SourceIp": "192.168.198.67",
    "ProcessId": "20108",
    "SourceIsIpv6": "false",
    "SourceHostname": "DESKTOP-WJANG",
    "DestinationPortName": "http",
    "DestinationIsIpv6": "false",
    "DestinationPort": "80"
  },
  "computer_name": "DESKTOP-WJANG",
  "task": "Network connection detected (rule: NetworkConnect)",
  "thread_id": 23856,
  "opcode": "정보",
  "record_number": "189",
  "message": "Network connection detected:\nUtcTime: 2018-03-05 07:31:15.365\nProcessGuid: {A376A8F6-ECD6-5A9C-0000-001081382500}\nProcessId: 20108\nImage: C:\\Program Files (x86)\\Kakao\\KakaoTalk\\KakaoTalk.exe\nUser: DESKTOP-WJANG\\wook8170\nProtocol: tcp\nInitiated: true\nSourceIsIpv6: false\nSourceIp: 192.168.198.67\nSourceHostname: DESKTOP-WJANG\nSourcePort: 2360\nSourcePortName: \nDestinationIsIpv6: false\nDestinationIp: 110.76.141.62\nDestinationHostname: \nDestinationPort: 80\nDestinationPortName: http",
  "beat": {
    "name": "DESKTOP-WJANG",
    "hostname": "DESKTOP-WJANG",
    "version": "6.2.2"
  },
  "provider_guid": "{5770385F-C22A-43E0-BF4C-06F5698FFBD9}",
  "source_name": "Microsoft-Windows-Sysmon",
  "version": 5,
  "level": "정보"
}
{
  "@timestamp": "2018-03-05T07:31:16.698Z",
  "@metadata": {
    "beat": "winlogbeat",
    "type": "doc",
    "version": "6.2.2"
  },
  "record_number": "190",
  "beat": {
    "hostname": "DESKTOP-WJANG",
    "version": "6.2.2",
    "name": "DESKTOP-WJANG"
  },
  "user": {
    "name": "SYSTEM",
    "domain": "NT AUTHORITY",
    "type": "Well Known Group",
    "identifier": "S-1-5-18"
  },
  "event_data": {
    "SourceHostname": "DESKTOP-WJANG",
    "SourcePort": "2362",
    "DestinationPort": "443",
    "Image": "C:\\Program Files (x86)\\Kakao\\KakaoTalk\\KakaoTalk.exe",
    "DestinationIsIpv6": "false",
    "ProcessId": "20108",
    "Protocol": "tcp",
    "DestinationIp": "110.76.142.74",
    "ProcessGuid": "{A376A8F6-ECD6-5A9C-0000-001081382500}",
    "Initiated": "true",
    "DestinationPortName": "https",
    "UtcTime": "2018-03-05 07:31:15.567",
    "User": "DESKTOP-WJANG\\wook8170",
    "SourceIsIpv6": "false",
    "SourceIp": "192.168.198.67"
  },
  "computer_name": "DESKTOP-WJANG",
  "event_id": 3,
  "version": 5,
  "source_name": "Microsoft-Windows-Sysmon",
  "type": "wineventlog",
  "level": "정보",
  "task": "Network connection detected (rule: NetworkConnect)",
  "thread_id": 23856,
  "log_name": "Microsoft-Windows-Sysmon/Operational",
  "provider_guid": "{5770385F-C22A-43E0-BF4C-06F5698FFBD9}",
  "opcode": "정보",
  "message": "Network connection detected:\nUtcTime: 2018-03-05 07:31:15.567\nProcessGuid: {A376A8F6-ECD6-5A9C-0000-001081382500}\nProcessId: 20108\nImage: C:\\Program Files (x86)\\Kakao\\KakaoTalk\\KakaoTalk.exe\nUser: DESKTOP-WJANG\\wook8170\nProtocol: tcp\nInitiated: true\nSourceIsIpv6: false\nSourceIp: 192.168.198.67\nSourceHostname: DESKTOP-WJANG\nSourcePort: 2362\nSourcePortName: \nDestinationIsIpv6: false\nDestinationIp: 110.76.142.74\nDestinationHostname: \nDestinationPort: 443\nDestinationPortName: https",
  "process_id": 8608
}
{
  "@timestamp": "2018-03-05T07:31:16.698Z",
  "@metadata": {
    "beat": "winlogbeat",
    "type": "doc",
    "version": "6.2.2"
  },
  "record_number": "191",
  "event_id": 3,
  "provider_guid": "{5770385F-C22A-43E0-BF4C-06F5698FFBD9}",
  "process_id": 8608,
  "type": "wineventlog",
  "thread_id": 23856,
  "task": "Network connection detected (rule: NetworkConnect)",
  "event_data": {
    "SourceHostname": "DESKTOP-WJANG",
    "SourceIp": "192.168.198.67",
    "DestinationIsIpv6": "false",
    "DestinationPortName": "https",
    "SourceIsIpv6": "false",
    "Image": "C:\\Program Files (x86)\\Kakao\\KakaoTalk\\KakaoTalk.exe",
    "UtcTime": "2018-03-05 07:31:15.567",
    "Initiated": "true",
    "DestinationIp": "110.76.142.74",
    "SourcePort": "2361",
    "ProcessGuid": "{A376A8F6-ECD6-5A9C-0000-001081382500}",
    "DestinationPort": "443",
    "User": "DESKTOP-WJANG\\wook8170",
    "ProcessId": "20108",
    "Protocol": "tcp"
  },
  "user": {
    "identifier": "S-1-5-18",
    "name": "SYSTEM",
    "domain": "NT AUTHORITY",
    "type": "Well Known Group"
  },
  "opcode": "정보",
  "beat": {
    "name": "DESKTOP-WJANG",
    "hostname": "DESKTOP-WJANG",
    "version": "6.2.2"
  },
  "message": "Network connection detected:\nUtcTime: 2018-03-05 07:31:15.567\nProcessGuid: {A376A8F6-ECD6-5A9C-0000-001081382500}\nProcessId: 20108\nImage: C:\\Program Files (x86)\\Kakao\\KakaoTalk\\KakaoTalk.exe\nUser: DESKTOP-WJANG\\wook8170\nProtocol: tcp\nInitiated: true\nSourceIsIpv6: false\nSourceIp: 192.168.198.67\nSourceHostname: DESKTOP-WJANG\nSourcePort: 2361\nSourcePortName: \nDestinationIsIpv6: false\nDestinationIp: 110.76.142.74\nDestinationHostname: \nDestinationPort: 443\nDestinationPortName: https",
  "level": "정보",
  "source_name": "Microsoft-Windows-Sysmon",
  "version": 5,
  "computer_name": "DESKTOP-WJANG",
  "log_name": "Microsoft-Windows-Sysmon/Operational"
}
{
  "@timestamp": "2018-03-05T07:31:16.698Z",
  "@metadata": {
    "beat": "winlogbeat",
    "type": "doc",
    "version": "6.2.2"
  },
  "level": "정보",
  "computer_name": "DESKTOP-WJANG",
  "opcode": "정보",
  "event_data": {
    "DestinationPortName": "https",
    "SourceHostname": "DESKTOP-WJANG",
    "Initiated": "true",
    "DestinationIp": "110.76.142.74",
    "ProcessId": "20108",
    "SourceIsIpv6": "false",
    "SourcePort": "2363",
    "UtcTime": "2018-03-05 07:31:15.571",
    "Image": "C:\\Program Files (x86)\\Kakao\\KakaoTalk\\KakaoTalk.exe",
    "DestinationIsIpv6": "false",
    "Protocol": "tcp",
    "DestinationPort": "443",
    "ProcessGuid": "{A376A8F6-ECD6-5A9C-0000-001081382500}",
    "User": "DESKTOP-WJANG\\wook8170",
    "SourceIp": "192.168.198.67"
  },
  "process_id": 8608,
  "beat": {
    "name": "DESKTOP-WJANG",
    "hostname": "DESKTOP-WJANG",
    "version": "6.2.2"
  },
  "source_name": "Microsoft-Windows-Sysmon",
  "type": "wineventlog",
  "event_id": 3,
  "version": 5,
  "task": "Network connection detected (rule: NetworkConnect)",
  "log_name": "Microsoft-Windows-Sysmon/Operational",
  "thread_id": 23856,
  "record_number": "192",
  "message": "Network connection detected:\nUtcTime: 2018-03-05 07:31:15.571\nProcessGuid: {A376A8F6-ECD6-5A9C-0000-001081382500}\nProcessId: 20108\nImage: C:\\Program Files (x86)\\Kakao\\KakaoTalk\\KakaoTalk.exe\nUser: DESKTOP-WJANG\\wook8170\nProtocol: tcp\nInitiated: true\nSourceIsIpv6: false\nSourceIp: 192.168.198.67\nSourceHostname: DESKTOP-WJANG\nSourcePort: 2363\nSourcePortName: \nDestinationIsIpv6: false\nDestinationIp: 110.76.142.74\nDestinationHostname: \nDestinationPort: 443\nDestinationPortName: https",
  "user": {
    "identifier": "S-1-5-18",
    "name": "SYSTEM",
    "domain": "NT AUTHORITY",
    "type": "Well Known Group"
  },
  "provider_guid": "{5770385F-C22A-43E0-BF4C-06F5698FFBD9}"
}
{
  "@timestamp": "2018-03-05T07:31:17.199Z",
  "@metadata": {
    "beat": "winlogbeat",
    "type": "doc",
    "version": "6.2.2"
  },
  "message": "Network connection detected:\nUtcTime: 2018-03-05 07:31:15.765\nProcessGuid: {A376A8F6-ECD6-5A9C-0000-001081382500}\nProcessId: 20108\nImage: C:\\Program Files (x86)\\Kakao\\KakaoTalk\\KakaoTalk.exe\nUser: DESKTOP-WJANG\\wook8170\nProtocol: tcp\nInitiated: true\nSourceIsIpv6: false\nSourceIp: 192.168.198.67\nSourceHostname: DESKTOP-WJANG\nSourcePort: 2364\nSourcePortName: \nDestinationIsIpv6: false\nDestinationIp: 110.76.142.74\nDestinationHostname: \nDestinationPort: 443\nDestinationPortName: https",
  "event_data": {
    "SourcePort": "2364",
    "SourceIsIpv6": "false",
    "SourceHostname": "DESKTOP-WJANG",
    "SourceIp": "192.168.198.67",
    "DestinationPortName": "https",
    "DestinationPort": "443",
    "ProcessGuid": "{A376A8F6-ECD6-5A9C-0000-001081382500}",
    "Protocol": "tcp",
    "DestinationIp": "110.76.142.74",
    "DestinationIsIpv6": "false",
    "Initiated": "true",
    "UtcTime": "2018-03-05 07:31:15.765",
    "ProcessId": "20108",
    "Image": "C:\\Program Files (x86)\\Kakao\\KakaoTalk\\KakaoTalk.exe",
    "User": "DESKTOP-WJANG\\wook8170"
  },
  "type": "wineventlog",
  "version": 5,
  "source_name": "Microsoft-Windows-Sysmon",
  "opcode": "정보",
  "process_id": 8608,
  "user": {
    "type": "Well Known Group",
    "identifier": "S-1-5-18",
    "name": "SYSTEM",
    "domain": "NT AUTHORITY"
  },
  "record_number": "193",
  "computer_name": "DESKTOP-WJANG",
  "level": "정보",
  "beat": {
    "name": "DESKTOP-WJANG",
    "hostname": "DESKTOP-WJANG",
    "version": "6.2.2"
  },
  "log_name": "Microsoft-Windows-Sysmon/Operational",
  "task": "Network connection detected (rule: NetworkConnect)",
  "provider_guid": "{5770385F-C22A-43E0-BF4C-06F5698FFBD9}",
  "thread_id": 23856,
  "event_id": 3
}
{
  "@timestamp": "2018-03-05T07:31:17.199Z",
  "@metadata": {
    "beat": "winlogbeat",
    "type": "doc",
    "version": "6.2.2"
  },
  "thread_id": 23856,
  "event_data": {
    "SourceIp": "192.168.198.67",
    "SourcePort": "2365",
    "DestinationPort": "443",
    "Protocol": "tcp",
    "ProcessId": "20108",
    "DestinationIp": "110.76.142.74",
    "Image": "C:\\Program Files (x86)\\Kakao\\KakaoTalk\\KakaoTalk.exe",
    "User": "DESKTOP-WJANG\\wook8170",
    "UtcTime": "2018-03-05 07:31:15.871",
    "SourceHostname": "DESKTOP-WJANG",
    "DestinationPortName": "https",
    "DestinationIsIpv6": "false",
    "SourceIsIpv6": "false",
    "ProcessGuid": "{A376A8F6-ECD6-5A9C-0000-001081382500}",
    "Initiated": "true"
  },
  "message": "Network connection detected:\nUtcTime: 2018-03-05 07:31:15.871\nProcessGuid: {A376A8F6-ECD6-5A9C-0000-001081382500}\nProcessId: 20108\nImage: C:\\Program Files (x86)\\Kakao\\KakaoTalk\\KakaoTalk.exe\nUser: DESKTOP-WJANG\\wook8170\nProtocol: tcp\nInitiated: true\nSourceIsIpv6: false\nSourceIp: 192.168.198.67\nSourceHostname: DESKTOP-WJANG\nSourcePort: 2365\nSourcePortName: \nDestinationIsIpv6: false\nDestinationIp: 110.76.142.74\nDestinationHostname: \nDestinationPort: 443\nDestinationPortName: https",
  "beat": {
    "name": "DESKTOP-WJANG",
    "hostname": "DESKTOP-WJANG",
    "version": "6.2.2"
  },
  "task": "Network connection detected (rule: NetworkConnect)",
  "version": 5,
  "provider_guid": "{5770385F-C22A-43E0-BF4C-06F5698FFBD9}",
  "event_id": 3,
  "level": "정보",
  "process_id": 8608,
  "user": {
    "name": "SYSTEM",
    "domain": "NT AUTHORITY",
    "type": "Well Known Group",
    "identifier": "S-1-5-18"
  },
  "type": "wineventlog",
  "computer_name": "DESKTOP-WJANG",
  "record_number": "194",
  "source_name": "Microsoft-Windows-Sysmon",
  "opcode": "정보",
  "log_name": "Microsoft-Windows-Sysmon/Operational"
}
{
  "@timestamp": "2018-03-05T07:31:17.199Z",
  "@metadata": {
    "beat": "winlogbeat",
    "type": "doc",
    "version": "6.2.2"
  },
  "level": "정보",
  "computer_name": "DESKTOP-WJANG",
  "event_data": {
    "Image": "C:\\Program Files (x86)\\Kakao\\KakaoTalk\\KakaoTalk.exe",
    "Protocol": "tcp",
    "SourceIp": "192.168.198.67",
    "DestinationIsIpv6": "false",
    "DestinationIp": "110.76.142.74",
    "ProcessId": "20108",
    "User": "DESKTOP-WJANG\\wook8170",
    "Initiated": "true",
    "ProcessGuid": "{A376A8F6-ECD6-5A9C-0000-001081382500}",
    "SourcePort": "2366",
    "SourceIsIpv6": "false",
    "SourceHostname": "DESKTOP-WJANG",
    "DestinationPort": "443",
    "DestinationPortName": "https",
    "UtcTime": "2018-03-05 07:31:15.950"
  },
  "version": 5,
  "opcode": "정보",
  "process_id": 8608,
  "thread_id": 23856,
  "type": "wineventlog",
  "source_name": "Microsoft-Windows-Sysmon",
  "beat": {
    "name": "DESKTOP-WJANG",
    "hostname": "DESKTOP-WJANG",
    "version": "6.2.2"
  },
  "event_id": 3,
  "record_number": "195",
  "task": "Network connection detected (rule: NetworkConnect)",
  "user": {
    "identifier": "S-1-5-18",
    "name": "SYSTEM",
    "domain": "NT AUTHORITY",
    "type": "Well Known Group"
  },
  "provider_guid": "{5770385F-C22A-43E0-BF4C-06F5698FFBD9}",
  "message": "Network connection detected:\nUtcTime: 2018-03-05 07:31:15.950\nProcessGuid: {A376A8F6-ECD6-5A9C-0000-001081382500}\nProcessId: 20108\nImage: C:\\Program Files (x86)\\Kakao\\KakaoTalk\\KakaoTalk.exe\nUser: DESKTOP-WJANG\\wook8170\nProtocol: tcp\nInitiated: true\nSourceIsIpv6: false\nSourceIp: 192.168.198.67\nSourceHostname: DESKTOP-WJANG\nSourcePort: 2366\nSourcePortName: \nDestinationIsIpv6: false\nDestinationIp: 110.76.142.74\nDestinationHostname: \nDestinationPort: 443\nDestinationPortName: https",
  "log_name": "Microsoft-Windows-Sysmon/Operational"
}
{
  "@timestamp": "2018-03-05T07:31:19.201Z",
  "@metadata": {
    "beat": "winlogbeat",
    "type": "doc",
    "version": "6.2.2"
  },
  "source_name": "Microsoft-Windows-Sysmon",
  "record_number": "196",
  "event_id": 3,
  "version": 5,
  "level": "정보",
  "user": {
    "identifier": "S-1-5-18",
    "name": "SYSTEM",
    "domain": "NT AUTHORITY",
    "type": "Well Known Group"
  },
  "log_name": "Microsoft-Windows-Sysmon/Operational",
  "beat": {
    "name": "DESKTOP-WJANG",
    "hostname": "DESKTOP-WJANG",
    "version": "6.2.2"
  },
  "thread_id": 23856,
  "type": "wineventlog",
  "event_data": {
    "SourceHostname": "DESKTOP-WJANG",
    "UtcTime": "2018-03-05 07:31:17.676",
    "ProcessId": "19724",
    "SourceIsIpv6": "false",
    "Protocol": "tcp",
    "DestinationPortName": "https",
    "SourceIp": "192.168.198.67",
    "SourcePort": "2367",
    "DestinationIp": "14.49.41.23",
    "DestinationPort": "443",
    "ProcessGuid": "{A376A8F6-ECE0-5A9C-0000-0010E2F82800}",
    "Image": "C:\\Program Files (x86)\\Send Anywhere\\Send Anywhere.exe",
    "User": "DESKTOP-WJANG\\wook8170",
    "DestinationIsIpv6": "false",
    "Initiated": "true"
  },
  "task": "Network connection detected (rule: NetworkConnect)",
  "process_id": 8608,
  "provider_guid": "{5770385F-C22A-43E0-BF4C-06F5698FFBD9}",
  "opcode": "정보",
  "computer_name": "DESKTOP-WJANG",
  "message": "Network connection detected:\nUtcTime: 2018-03-05 07:31:17.676\nProcessGuid: {A376A8F6-ECE0-5A9C-0000-0010E2F82800}\nProcessId: 19724\nImage: C:\\Program Files (x86)\\Send Anywhere\\Send Anywhere.exe\nUser: DESKTOP-WJANG\\wook8170\nProtocol: tcp\nInitiated: true\nSourceIsIpv6: false\nSourceIp: 192.168.198.67\nSourceHostname: DESKTOP-WJANG\nSourcePort: 2367\nSourcePortName: \nDestinationIsIpv6: false\nDestinationIp: 14.49.41.23\nDestinationHostname: \nDestinationPort: 443\nDestinationPortName: https"
}
{
  "@timestamp": "2018-03-05T07:31:19.201Z",
  "@metadata": {
    "beat": "winlogbeat",
    "type": "doc",
    "version": "6.2.2"
  },
  "event_data": {
    "SourceIsIpv6": "false",
    "SourcePort": "2368",
    "UtcTime": "2018-03-05 07:31:17.693",
    "Initiated": "true",
    "SourceHostname": "DESKTOP-WJANG",
    "DestinationPortName": "https",
    "Protocol": "tcp",
    "ProcessId": "19724",
    "DestinationIp": "14.49.41.23",
    "DestinationPort": "443",
    "Image": "C:\\Program Files (x86)\\Send Anywhere\\Send Anywhere.exe",
    "ProcessGuid": "{A376A8F6-ECE0-5A9C-0000-0010E2F82800}",
    "User": "DESKTOP-WJANG\\wook8170",
    "DestinationIsIpv6": "false",
    "SourceIp": "192.168.198.67"
  },
  "opcode": "정보",
  "log_name": "Microsoft-Windows-Sysmon/Operational",
  "event_id": 3,
  "computer_name": "DESKTOP-WJANG",
  "source_name": "Microsoft-Windows-Sysmon",
  "provider_guid": "{5770385F-C22A-43E0-BF4C-06F5698FFBD9}",
  "level": "정보",
  "user": {
    "identifier": "S-1-5-18",
    "name": "SYSTEM",
    "domain": "NT AUTHORITY",
    "type": "Well Known Group"
  },
  "type": "wineventlog",
  "thread_id": 23856,
  "task": "Network connection detected (rule: NetworkConnect)",
  "record_number": "197",
  "beat": {
    "name": "DESKTOP-WJANG",
    "hostname": "DESKTOP-WJANG",
    "version": "6.2.2"
  },
  "message": "Network connection detected:\nUtcTime: 2018-03-05 07:31:17.693\nProcessGuid: {A376A8F6-ECE0-5A9C-0000-0010E2F82800}\nProcessId: 19724\nImage: C:\\Program Files (x86)\\Send Anywhere\\Send Anywhere.exe\nUser: DESKTOP-WJANG\\wook8170\nProtocol: tcp\nInitiated: true\nSourceIsIpv6: false\nSourceIp: 192.168.198.67\nSourceHostname: DESKTOP-WJANG\nSourcePort: 2368\nSourcePortName: \nDestinationIsIpv6: false\nDestinationIp: 14.49.41.23\nDestinationHostname: \nDestinationPort: 443\nDestinationPortName: https",
  "version": 5,
  "process_id": 8608
}
{
  "@timestamp": "2018-03-05T07:31:28.734Z",
  "@metadata": {
    "beat": "winlogbeat",
    "type": "doc",
    "version": "6.2.2"
  },
  "provider_guid": "{5770385F-C22A-43E0-BF4C-06F5698FFBD9}",
  "level": "정보",
  "task": "Registry value set (rule: RegistryEvent)",
  "message": "Registry value set:\nEventType: SetValue\nUtcTime: 2018-03-05 07:31:28.733\nProcessGuid: {A376A8F6-ECA3-5A9C-0000-00106FF70200}\nProcessId: 4984\nImage: C:\\Program Files\\AhnLab\\Safe Transaction\\ASDSvc.exe\nTargetObject: HKLM\\SOFTWARE\\Microsoft\\Windows\\CurrentVersion\\Run\\AhnLab Safe Transaction Application\nDetails: \"C:\\Program Files\\AhnLab\\Safe Transaction\\stsess.exe\" /tray",
  "log_name": "Microsoft-Windows-Sysmon/Operational",
  "source_name": "Microsoft-Windows-Sysmon",
  "version": 2,
  "user": {
    "type": "Well Known Group",
    "identifier": "S-1-5-18",
    "name": "SYSTEM",
    "domain": "NT AUTHORITY"
  },
  "record_number": "198",
  "event_id": 13,
  "beat": {
    "hostname": "DESKTOP-WJANG",
    "version": "6.2.2",
    "name": "DESKTOP-WJANG"
  },
  "process_id": 8608,
  "thread_id": 19220,
  "event_data": {
    "ProcessId": "4984",
    "Image": "C:\\Program Files\\AhnLab\\Safe Transaction\\ASDSvc.exe",
    "TargetObject": "HKLM\\SOFTWARE\\Microsoft\\Windows\\CurrentVersion\\Run\\AhnLab Safe Transaction Application",
    "Details": "\"C:\\Program Files\\AhnLab\\Safe Transaction\\stsess.exe\" /tray",
    "EventType": "SetValue",
    "UtcTime": "2018-03-05 07:31:28.733",
    "ProcessGuid": "{A376A8F6-ECA3-5A9C-0000-00106FF70200}"
  },
  "computer_name": "DESKTOP-WJANG",
  "type": "wineventlog",
  "opcode": "정보"
}
{
  "@timestamp": "2018-03-05T07:31:31.221Z",
  "@metadata": {
    "beat": "winlogbeat",
    "type": "doc",
    "version": "6.2.2"
  },
  "opcode": "정보",
  "thread_id": 23856,
  "computer_name": "DESKTOP-WJANG",
  "task": "Network connection detected (rule: NetworkConnect)",
  "type": "wineventlog",
  "event_id": 3,
  "message": "Network connection detected:\nUtcTime: 2018-03-05 07:31:29.343\nProcessGuid: {A376A8F6-EE60-5A9C-0000-0010992DE200}\nProcessId: 12492\nImage: C:\\Program Files\\Microsoft Office\\Office15\\OUTLOOK.EXE\nUser: DESKTOP-WJANG\\wook8170\nProtocol: tcp\nInitiated: true\nSourceIsIpv6: false\nSourceIp: 192.168.198.67\nSourceHostname: DESKTOP-WJANG\nSourcePort: 2370\nSourcePortName: \nDestinationIsIpv6: false\nDestinationIp: 40.100.29.34\nDestinationHostname: \nDestinationPort: 443\nDestinationPortName: https",
  "log_name": "Microsoft-Windows-Sysmon/Operational",
  "user": {
    "type": "Well Known Group",
    "identifier": "S-1-5-18",
    "name": "SYSTEM",
    "domain": "NT AUTHORITY"
  },
  "level": "정보",
  "record_number": "199",
  "source_name": "Microsoft-Windows-Sysmon",
  "beat": {
    "hostname": "DESKTOP-WJANG",
    "version": "6.2.2",
    "name": "DESKTOP-WJANG"
  },
  "provider_guid": "{5770385F-C22A-43E0-BF4C-06F5698FFBD9}",
  "version": 5,
  "process_id": 8608,
  "event_data": {
    "SourceIsIpv6": "false",
    "DestinationPort": "443",
    "Image": "C:\\Program Files\\Microsoft Office\\Office15\\OUTLOOK.EXE",
    "SourceHostname": "DESKTOP-WJANG",
    "DestinationIp": "40.100.29.34",
    "ProcessGuid": "{A376A8F6-EE60-5A9C-0000-0010992DE200}",
    "User": "DESKTOP-WJANG\\wook8170",
    "DestinationIsIpv6": "false",
    "Initiated": "true",
    "Protocol": "tcp",
    "DestinationPortName": "https",
    "UtcTime": "2018-03-05 07:31:29.343",
    "SourcePort": "2370",
    "ProcessId": "12492",
    "SourceIp": "192.168.198.67"
  }
}
{
  "@timestamp": "2018-03-05T07:31:39.233Z",
  "@metadata": {
    "beat": "winlogbeat",
    "type": "doc",
    "version": "6.2.2"
  },
  "level": "정보",
  "task": "Network connection detected (rule: NetworkConnect)",
  "source_name": "Microsoft-Windows-Sysmon",
  "event_data": {
    "Initiated": "true",
    "User": "NT AUTHORITY\\SYSTEM",
    "ProcessGuid": "{A376A8F6-ECA2-5A9C-0000-00105A270200}",
    "SourceIsIpv6": "false",
    "Image": "C:\\Windows\\System32\\svchost.exe",
    "Protocol": "tcp",
    "SourceIp": "192.168.198.67",
    "SourcePort": "2371",
    "DestinationIsIpv6": "false",
    "DestinationPort": "443",
    "SourceHostname": "DESKTOP-WJANG",
    "ProcessId": "3544",
    "DestinationIp": "134.170.58.118",
    "UtcTime": "2018-03-05 07:31:37.888",
    "DestinationPortName": "https"
  },
  "beat": {
    "name": "DESKTOP-WJANG",
    "hostname": "DESKTOP-WJANG",
    "version": "6.2.2"
  },
  "message": "Network connection detected:\nUtcTime: 2018-03-05 07:31:37.888\nProcessGuid: {A376A8F6-ECA2-5A9C-0000-00105A270200}\nProcessId: 3544\nImage: C:\\Windows\\System32\\svchost.exe\nUser: NT AUTHORITY\\SYSTEM\nProtocol: tcp\nInitiated: true\nSourceIsIpv6: false\nSourceIp: 192.168.198.67\nSourceHostname: DESKTOP-WJANG\nSourcePort: 2371\nSourcePortName: \nDestinationIsIpv6: false\nDestinationIp: 134.170.58.118\nDestinationHostname: \nDestinationPort: 443\nDestinationPortName: https",
  "type": "wineventlog",
  "log_name": "Microsoft-Windows-Sysmon/Operational",
  "process_id": 8608,
  "user": {
    "identifier": "S-1-5-18",
    "name": "SYSTEM",
    "domain": "NT AUTHORITY",
    "type": "Well Known Group"
  },
  "event_id": 3,
  "computer_name": "DESKTOP-WJANG",
  "thread_id": 23856,
  "provider_guid": "{5770385F-C22A-43E0-BF4C-06F5698FFBD9}",
  "version": 5,
  "opcode": "정보",
  "record_number": "200"
}
{
  "@timestamp": "2018-03-05T07:31:53.248Z",
  "@metadata": {
    "beat": "winlogbeat",
    "type": "doc",
    "version": "6.2.2"
  },
  "event_id": 3,
  "thread_id": 23856,
  "event_data": {
    "Initiated": "true",
    "SourceIp": "192.168.198.67",
    "ProcessId": "5328",
    "User": "NT AUTHORITY\\SYSTEM",
    "UtcTime": "2018-03-05 07:31:51.058",
    "SourcePort": "2373",
    "DestinationIsIpv6": "false",
    "Protocol": "tcp",
    "SourceIsIpv6": "false",
    "ProcessGuid": "{A376A8F6-ECA3-5A9C-0000-0010B2050300}",
    "SourceHostname": "DESKTOP-WJANG",
    "DestinationPortName": "https",
    "DestinationIp": "180.87.4.214",
    "DestinationPort": "443",
    "Image": "C:\\Program Files (x86)\\Kaspersky Lab\\Kaspersky Free 18.0.0\\avp.exe"
  },
  "source_name": "Microsoft-Windows-Sysmon",
  "message": "Network connection detected:\nUtcTime: 2018-03-05 07:31:51.058\nProcessGuid: {A376A8F6-ECA3-5A9C-0000-0010B2050300}\nProcessId: 5328\nImage: C:\\Program Files (x86)\\Kaspersky Lab\\Kaspersky Free 18.0.0\\avp.exe\nUser: NT AUTHORITY\\SYSTEM\nProtocol: tcp\nInitiated: true\nSourceIsIpv6: false\nSourceIp: 192.168.198.67\nSourceHostname: DESKTOP-WJANG\nSourcePort: 2373\nSourcePortName: \nDestinationIsIpv6: false\nDestinationIp: 180.87.4.214\nDestinationHostname: \nDestinationPort: 443\nDestinationPortName: https",
  "provider_guid": "{5770385F-C22A-43E0-BF4C-06F5698FFBD9}",
  "opcode": "정보",
  "user": {
    "type": "Well Known Group",
    "identifier": "S-1-5-18",
    "name": "SYSTEM",
    "domain": "NT AUTHORITY"
  },
  "record_number": "201",
  "task": "Network connection detected (rule: NetworkConnect)",
  "type": "wineventlog",
  "log_name": "Microsoft-Windows-Sysmon/Operational",
  "beat": {
    "name": "DESKTOP-WJANG",
    "hostname": "DESKTOP-WJANG",
    "version": "6.2.2"
  },
  "computer_name": "DESKTOP-WJANG",
  "version": 5,
  "level": "정보",
  "process_id": 8608
}
{
  "@timestamp": "2018-03-05T07:32:09.268Z",
  "@metadata": {
    "beat": "winlogbeat",
    "type": "doc",
    "version": "6.2.2"
  },
  "task": "Network connection detected (rule: NetworkConnect)",
  "opcode": "정보",
  "event_data": {
    "ProcessGuid": "{A376A8F6-ECD6-5A9C-0000-001081382500}",
    "SourcePort": "2374",
    "SourceHostname": "DESKTOP-WJANG",
    "Image": "C:\\Program Files (x86)\\Kakao\\KakaoTalk\\KakaoTalk.exe",
    "Protocol": "tcp",
    "DestinationIp": "203.133.167.12",
    "User": "DESKTOP-WJANG\\wook8170",
    "SourceIsIpv6": "false",
    "DestinationIsIpv6": "false",
    "DestinationPortName": "http",
    "SourceIp": "192.168.198.67",
    "Initiated": "true",
    "UtcTime": "2018-03-05 07:32:07.974",
    "DestinationPort": "80",
    "ProcessId": "20108"
  },
  "version": 5,
  "message": "Network connection detected:\nUtcTime: 2018-03-05 07:32:07.974\nProcessGuid: {A376A8F6-ECD6-5A9C-0000-001081382500}\nProcessId: 20108\nImage: C:\\Program Files (x86)\\Kakao\\KakaoTalk\\KakaoTalk.exe\nUser: DESKTOP-WJANG\\wook8170\nProtocol: tcp\nInitiated: true\nSourceIsIpv6: false\nSourceIp: 192.168.198.67\nSourceHostname: DESKTOP-WJANG\nSourcePort: 2374\nSourcePortName: \nDestinationIsIpv6: false\nDestinationIp: 203.133.167.12\nDestinationHostname: \nDestinationPort: 80\nDestinationPortName: http",
  "computer_name": "DESKTOP-WJANG",
  "type": "wineventlog",
  "event_id": 3,
  "thread_id": 23856,
  "log_name": "Microsoft-Windows-Sysmon/Operational",
  "beat": {
    "version": "6.2.2",
    "name": "DESKTOP-WJANG",
    "hostname": "DESKTOP-WJANG"
  },
  "level": "정보",
  "source_name": "Microsoft-Windows-Sysmon",
  "record_number": "202",
  "process_id": 8608,
  "provider_guid": "{5770385F-C22A-43E0-BF4C-06F5698FFBD9}",
  "user": {
    "type": "Well Known Group",
    "identifier": "S-1-5-18",
    "name": "SYSTEM",
    "domain": "NT AUTHORITY"
  }
}
{
  "@timestamp": "2018-03-05T07:32:10.269Z",
  "@metadata": {
    "beat": "winlogbeat",
    "type": "doc",
    "version": "6.2.2"
  },
  "task": "Network connection detected (rule: NetworkConnect)",
  "source_name": "Microsoft-Windows-Sysmon",
  "provider_guid": "{5770385F-C22A-43E0-BF4C-06F5698FFBD9}",
  "level": "정보",
  "computer_name": "DESKTOP-WJANG",
  "user": {
    "identifier": "S-1-5-18",
    "name": "SYSTEM",
    "domain": "NT AUTHORITY",
    "type": "Well Known Group"
  },
  "opcode": "정보",
  "type": "wineventlog",
  "thread_id": 23856,
  "log_name": "Microsoft-Windows-Sysmon/Operational",
  "beat": {
    "name": "DESKTOP-WJANG",
    "hostname": "DESKTOP-WJANG",
    "version": "6.2.2"
  },
  "message": "Network connection detected:\nUtcTime: 2018-03-05 07:32:08.088\nProcessGuid: {A376A8F6-ECD6-5A9C-0000-001081382500}\nProcessId: 20108\nImage: C:\\Program Files (x86)\\Kakao\\KakaoTalk\\KakaoTalk.exe\nUser: DESKTOP-WJANG\\wook8170\nProtocol: tcp\nInitiated: true\nSourceIsIpv6: false\nSourceIp: 192.168.198.67\nSourceHostname: DESKTOP-WJANG\nSourcePort: 2375\nSourcePortName: \nDestinationIsIpv6: false\nDestinationIp: 163.171.73.248\nDestinationHostname: \nDestinationPort: 80\nDestinationPortName: http",
  "process_id": 8608,
  "event_id": 3,
  "version": 5,
  "record_number": "203",
  "event_data": {
    "DestinationIsIpv6": "false",
    "Initiated": "true",
    "SourceIp": "192.168.198.67",
    "DestinationIp": "163.171.73.248",
    "SourceHostname": "DESKTOP-WJANG",
    "ProcessGuid": "{A376A8F6-ECD6-5A9C-0000-001081382500}",
    "SourceIsIpv6": "false",
    "UtcTime": "2018-03-05 07:32:08.088",
    "User": "DESKTOP-WJANG\\wook8170",
    "Image": "C:\\Program Files (x86)\\Kakao\\KakaoTalk\\KakaoTalk.exe",
    "Protocol": "tcp",
    "ProcessId": "20108",
    "DestinationPortName": "http",
    "DestinationPort": "80",
    "SourcePort": "2375"
  }
}
