{
  "@timestamp": "2018-03-05T07:32:38.471Z",
  "@metadata": {
    "beat": "winlogbeat",
    "type": "doc",
    "version": "6.2.2"
  },
  "computer_name": "DESKTOP-WJANG",
  "log_name": "Microsoft-Windows-Sysmon/Operational",
  "source_name": "Microsoft-Windows-Sysmon",
  "provider_guid": "{5770385F-C22A-43E0-BF4C-06F5698FFBD9}",
  "thread_id": 19220,
  "message": "Image loaded:\nUtcTime: 2018-03-05 07:32:38.471\nProcessGuid: {A376A8F6-F296-5A9C-0000-0010274B8703}\nProcessId: 25848\nImage: C:\\Program Files\\Mozilla Firefox\\firefox.exe\nImageLoaded: C:\\Program Files\\Mozilla Firefox\\firefox.exe\nFileVersion: 58.0.2\nDescription: Firefox\nProduct: Firefox\nCompany: Mozilla Corporation\nHashes: MD5=22819EB3C648583352AE83003E4C9A56,SHA256=4B69AE5B7D548EFC56FDBE2E650CE2B519AE0C9C928640023077B956C51A7138\nSigned: true\nSignature: Mozilla Corporation\nSignatureStatus: Valid",
  "user": {
    "identifier": "S-1-5-18",
    "name": "SYSTEM",
    "domain": "NT AUTHORITY",
    "type": "Well Known Group"
  },
  "process_id": 8608,
  "event_data": {
    "UtcTime": "2018-03-05 07:32:38.471",
    "Product": "Firefox",
    "Company": "Mozilla Corporation",
    "Description": "Firefox",
    "Signature": "Mozilla Corporation",
    "ProcessGuid": "{A376A8F6-F296-5A9C-0000-0010274B8703}",
    "ImageLoaded": "C:\\Program Files\\Mozilla Firefox\\firefox.exe",
    "Image": "C:\\Program Files\\Mozilla Firefox\\firefox.exe",
    "Signed": "true",
    "SignatureStatus": "Valid",
    "Hashes": "MD5=22819EB3C648583352AE83003E4C9A56,SHA256=4B69AE5B7D548EFC56FDBE2E650CE2B519AE0C9C928640023077B956C51A7138",
    "ProcessId": "25848",
    "FileVersion": "58.0.2"
  },
  "task": "Image loaded (rule: ImageLoad)",
  "opcode": "정보",
  "level": "정보",
  "beat": {
    "name": "DESKTOP-WJANG",
    "hostname": "DESKTOP-WJANG",
    "version": "6.2.2"
  },
  "type": "wineventlog",
  "event_id": 7,
  "version": 3,
  "record_number": "298"
}
{
  "@timestamp": "2018-03-05T07:32:38.471Z",
  "@metadata": {
    "beat": "winlogbeat",
    "type": "doc",
    "version": "6.2.2"
  },
  "source_name": "Microsoft-Windows-Sysmon",
  "provider_guid": "{5770385F-C22A-43E0-BF4C-06F5698FFBD9}",
  "type": "wineventlog",
  "event_id": 7,
  "message": "Image loaded:\nUtcTime: 2018-03-05 07:32:38.471\nProcessGuid: {A376A8F6-F296-5A9C-0000-0010274B8703}\nProcessId: 25848\nImage: C:\\Program Files\\Mozilla Firefox\\firefox.exe\nImageLoaded: C:\\Windows\\System32\\ntdll.dll\nFileVersion: 10.0.16299.15 (WinBuild.160101.0800)\nDescription: NT 계층 DLL\nProduct: Microsoft® Windows® Operating System\nCompany: Microsoft Corporation\nHashes: MD5=0123B11176C4EB9BF6B94C42B504D9AE,SHA256=F5FE851A614D0C4C8B271706B02FA6189363CE514D84EA2DDECEF8E0F81B1E2A\nSigned: true\nSignature: Microsoft Windows\nSignatureStatus: Valid",
  "beat": {
    "hostname": "DESKTOP-WJANG",
    "version": "6.2.2",
    "name": "DESKTOP-WJANG"
  },
  "thread_id": 19220,
  "opcode": "정보",
  "event_data": {
    "Signature": "Microsoft Windows",
    "Description": "NT 계층 DLL",
    "Hashes": "MD5=0123B11176C4EB9BF6B94C42B504D9AE,SHA256=F5FE851A614D0C4C8B271706B02FA6189363CE514D84EA2DDECEF8E0F81B1E2A",
    "SignatureStatus": "Valid",
    "UtcTime": "2018-03-05 07:32:38.471",
    "ProcessId": "25848",
    "ImageLoaded": "C:\\Windows\\System32\\ntdll.dll",
    "ProcessGuid": "{A376A8F6-F296-5A9C-0000-0010274B8703}",
    "Product": "Microsoft® Windows® Operating System",
    "Company": "Microsoft Corporation",
    "FileVersion": "10.0.16299.15 (WinBuild.160101.0800)",
    "Image": "C:\\Program Files\\Mozilla Firefox\\firefox.exe",
    "Signed": "true"
  },
  "log_name": "Microsoft-Windows-Sysmon/Operational",
  "level": "정보",
  "record_number": "299",
  "task": "Image loaded (rule: ImageLoad)",
  "process_id": 8608,
  "version": 3,
  "computer_name": "DESKTOP-WJANG",
  "user": {
    "type": "Well Known Group",
    "identifier": "S-1-5-18",
    "name": "SYSTEM",
    "domain": "NT AUTHORITY"
  }
}
{
  "@timestamp": "2018-03-05T07:32:38.472Z",
  "@metadata": {
    "beat": "winlogbeat",
    "type": "doc",
    "version": "6.2.2"
  },
  "source_name": "Microsoft-Windows-Sysmon",
  "record_number": "300",
  "computer_name": "DESKTOP-WJANG",
  "message": "Image loaded:\nUtcTime: 2018-03-05 07:32:38.472\nProcessGuid: {A376A8F6-F296-5A9C-0000-0010274B8703}\nProcessId: 25848\nImage: C:\\Program Files\\Mozilla Firefox\\firefox.exe\nImageLoaded: C:\\Windows\\System32\\kernel32.dll\nFileVersion: 10.0.16299.15 (WinBuild.160101.0800)\nDescription: Windows NT 기반 API 클라이언트 DLL\nProduct: Microsoft® Windows® Operating System\nCompany: Microsoft Corporation\nHashes: MD5=222A8E8EA615529B5025DE5782830AF1,SHA256=7C76BB7AEC3C51164A49041E8A710C3C291BA1D30BAE07D126434A52A80D99E1\nSigned: true\nSignature: Microsoft Windows\nSignatureStatus: Valid",
  "thread_id": 19220,
  "log_name": "Microsoft-Windows-Sysmon/Operational",
  "user": {
    "identifier": "S-1-5-18",
    "name": "SYSTEM",
    "domain": "NT AUTHORITY",
    "type": "Well Known Group"
  },
  "process_id": 8608,
  "event_data": {
    "ProcessId": "25848",
    "ImageLoaded": "C:\\Windows\\System32\\kernel32.dll",
    "Signed": "true",
    "FileVersion": "10.0.16299.15 (WinBuild.160101.0800)",
    "Image": "C:\\Program Files\\Mozilla Firefox\\firefox.exe",
    "Product": "Microsoft® Windows® Operating System",
    "Company": "Microsoft Corporation",
    "Signature": "Microsoft Windows",
    "ProcessGuid": "{A376A8F6-F296-5A9C-0000-0010274B8703}",
    "Description": "Windows NT 기반 API 클라이언트 DLL",
    "SignatureStatus": "Valid",
    "Hashes": "MD5=222A8E8EA615529B5025DE5782830AF1,SHA256=7C76BB7AEC3C51164A49041E8A710C3C291BA1D30BAE07D126434A52A80D99E1",
    "UtcTime": "2018-03-05 07:32:38.472"
  },
  "version": 3,
  "opcode": "정보",
  "level": "정보",
  "provider_guid": "{5770385F-C22A-43E0-BF4C-06F5698FFBD9}",
  "task": "Image loaded (rule: ImageLoad)",
  "type": "wineventlog",
  "event_id": 7,
  "beat": {
    "name": "DESKTOP-WJANG",
    "hostname": "DESKTOP-WJANG",
    "version": "6.2.2"
  }
}
{
  "@timestamp": "2018-03-05T07:32:38.473Z",
  "@metadata": {
    "beat": "winlogbeat",
    "type": "doc",
    "version": "6.2.2"
  },
  "level": "정보",
  "event_id": 7,
  "source_name": "Microsoft-Windows-Sysmon",
  "task": "Image loaded (rule: ImageLoad)",
  "user": {
    "identifier": "S-1-5-18",
    "name": "SYSTEM",
    "domain": "NT AUTHORITY",
    "type": "Well Known Group"
  },
  "version": 3,
  "process_id": 8608,
  "opcode": "정보",
  "thread_id": 19220,
  "computer_name": "DESKTOP-WJANG",
  "event_data": {
    "Product": "Microsoft® Windows® Operating System",
    "Hashes": "MD5=F84667DE25BAB29D81983AE474D3BB46,SHA256=E926769D1D2B0B49FBBEEBCB73225217426573AE8CA79C2A9A234F315FE9A61E",
    "UtcTime": "2018-03-05 07:32:38.473",
    "ProcessGuid": "{A376A8F6-F296-5A9C-0000-0010274B8703}",
    "ProcessId": "25848",
    "FileVersion": "10.0.16299.15 (WinBuild.160101.0800)",
    "Signature": "Microsoft Windows",
    "Description": "Windows NT 기반 API 클라이언트 DLL",
    "SignatureStatus": "Valid",
    "Company": "Microsoft Corporation",
    "Image": "C:\\Program Files\\Mozilla Firefox\\firefox.exe",
    "ImageLoaded": "C:\\Windows\\System32\\KernelBase.dll",
    "Signed": "true"
  },
  "type": "wineventlog",
  "message": "Image loaded:\nUtcTime: 2018-03-05 07:32:38.473\nProcessGuid: {A376A8F6-F296-5A9C-0000-0010274B8703}\nProcessId: 25848\nImage: C:\\Program Files\\Mozilla Firefox\\firefox.exe\nImageLoaded: C:\\Windows\\System32\\KernelBase.dll\nFileVersion: 10.0.16299.15 (WinBuild.160101.0800)\nDescription: Windows NT 기반 API 클라이언트 DLL\nProduct: Microsoft® Windows® Operating System\nCompany: Microsoft Corporation\nHashes: MD5=F84667DE25BAB29D81983AE474D3BB46,SHA256=E926769D1D2B0B49FBBEEBCB73225217426573AE8CA79C2A9A234F315FE9A61E\nSigned: true\nSignature: Microsoft Windows\nSignatureStatus: Valid",
  "provider_guid": "{5770385F-C22A-43E0-BF4C-06F5698FFBD9}",
  "log_name": "Microsoft-Windows-Sysmon/Operational",
  "beat": {
    "hostname": "DESKTOP-WJANG",
    "version": "6.2.2",
    "name": "DESKTOP-WJANG"
  },
  "record_number": "301"
}
{
  "@timestamp": "2018-03-05T07:32:38.474Z",
  "@metadata": {
    "beat": "winlogbeat",
    "type": "doc",
    "version": "6.2.2"
  },
  "message": "Image loaded:\nUtcTime: 2018-03-05 07:32:38.474\nProcessGuid: {A376A8F6-F296-5A9C-0000-0010274B8703}\nProcessId: 25848\nImage: C:\\Program Files\\Mozilla Firefox\\firefox.exe\nImageLoaded: C:\\Windows\\System32\\advapi32.dll\nFileVersion: 10.0.16299.15 (WinBuild.160101.0800)\nDescription: 고급 Windows 32 기반 API\nProduct: Microsoft® Windows® Operating System\nCompany: Microsoft Corporation\nHashes: MD5=D751E248BBCFC3BC6CC5AA93516C690A,SHA256=63AD0144F5CA5948719103744CF8C932B53CD19A72650869EA4A943B51B41DC7\nSigned: true\nSignature: Microsoft Windows\nSignatureStatus: Valid",
  "level": "정보",
  "opcode": "정보",
  "record_number": "302",
  "log_name": "Microsoft-Windows-Sysmon/Operational",
  "computer_name": "DESKTOP-WJANG",
  "thread_id": 19220,
  "beat": {
    "name": "DESKTOP-WJANG",
    "hostname": "DESKTOP-WJANG",
    "version": "6.2.2"
  },
  "event_data": {
    "Company": "Microsoft Corporation",
    "Hashes": "MD5=D751E248BBCFC3BC6CC5AA93516C690A,SHA256=63AD0144F5CA5948719103744CF8C932B53CD19A72650869EA4A943B51B41DC7",
    "ProcessGuid": "{A376A8F6-F296-5A9C-0000-0010274B8703}",
    "Signed": "true",
    "ImageLoaded": "C:\\Windows\\System32\\advapi32.dll",
    "Signature": "Microsoft Windows",
    "Image": "C:\\Program Files\\Mozilla Firefox\\firefox.exe",
    "Description": "고급 Windows 32 기반 API",
    "SignatureStatus": "Valid",
    "UtcTime": "2018-03-05 07:32:38.474",
    "Product": "Microsoft® Windows® Operating System",
    "ProcessId": "25848",
    "FileVersion": "10.0.16299.15 (WinBuild.160101.0800)"
  },
  "event_id": 7,
  "user": {
    "type": "Well Known Group",
    "identifier": "S-1-5-18",
    "name": "SYSTEM",
    "domain": "NT AUTHORITY"
  },
  "process_id": 8608,
  "version": 3,
  "task": "Image loaded (rule: ImageLoad)",
  "type": "wineventlog",
  "source_name": "Microsoft-Windows-Sysmon",
  "provider_guid": "{5770385F-C22A-43E0-BF4C-06F5698FFBD9}"
}
{
  "@timestamp": "2018-03-05T07:32:38.475Z",
  "@metadata": {
    "beat": "winlogbeat",
    "type": "doc",
    "version": "6.2.2"
  },
  "thread_id": 19220,
  "source_name": "Microsoft-Windows-Sysmon",
  "process_id": 8608,
  "opcode": "정보",
  "message": "Image loaded:\nUtcTime: 2018-03-05 07:32:38.474\nProcessGuid: {A376A8F6-F296-5A9C-0000-0010274B8703}\nProcessId: 25848\nImage: C:\\Program Files\\Mozilla Firefox\\firefox.exe\nImageLoaded: C:\\Program Files\\Mozilla Firefox\\mozglue.dll\nFileVersion: 58.0.2\nDescription: \nProduct: Firefox\nCompany: Mozilla Foundation\nHashes: MD5=C79C23B8167791C7754EA395E4F91169,SHA256=98625FC6BDBF0440DD92C4545D63F35394EDBBD2BF7CAB749C8B060BDCA56434\nSigned: true\nSignature: Mozilla Corporation\nSignatureStatus: Valid",
  "task": "Image loaded (rule: ImageLoad)",
  "user": {
    "type": "Well Known Group",
    "identifier": "S-1-5-18",
    "name": "SYSTEM",
    "domain": "NT AUTHORITY"
  },
  "provider_guid": "{5770385F-C22A-43E0-BF4C-06F5698FFBD9}",
  "computer_name": "DESKTOP-WJANG",
  "type": "wineventlog",
  "version": 3,
  "record_number": "303",
  "beat": {
    "name": "DESKTOP-WJANG",
    "hostname": "DESKTOP-WJANG",
    "version": "6.2.2"
  },
  "level": "정보",
  "event_id": 7,
  "event_data": {
    "ProcessId": "25848",
    "Signature": "Mozilla Corporation",
    "UtcTime": "2018-03-05 07:32:38.474",
    "Company": "Mozilla Foundation",
    "Image": "C:\\Program Files\\Mozilla Firefox\\firefox.exe",
    "ProcessGuid": "{A376A8F6-F296-5A9C-0000-0010274B8703}",
    "SignatureStatus": "Valid",
    "ImageLoaded": "C:\\Program Files\\Mozilla Firefox\\mozglue.dll",
    "FileVersion": "58.0.2",
    "Signed": "true",
    "Product": "Firefox",
    "Hashes": "MD5=C79C23B8167791C7754EA395E4F91169,SHA256=98625FC6BDBF0440DD92C4545D63F35394EDBBD2BF7CAB749C8B060BDCA56434"
  },
  "log_name": "Microsoft-Windows-Sysmon/Operational"
}
{
  "@timestamp": "2018-03-05T07:32:38.475Z",
  "@metadata": {
    "beat": "winlogbeat",
    "type": "doc",
    "version": "6.2.2"
  },
  "version": 3,
  "task": "Image loaded (rule: ImageLoad)",
  "message": "Image loaded:\nUtcTime: 2018-03-05 07:32:38.474\nProcessGuid: {A376A8F6-F296-5A9C-0000-0010274B8703}\nProcessId: 25848\nImage: C:\\Program Files\\Mozilla Firefox\\firefox.exe\nImageLoaded: C:\\Windows\\System32\\msvcrt.dll\nFileVersion: 7.0.16299.125 (WinBuild.160101.0800)\nDescription: Windows NT CRT DLL\nProduct: Microsoft® Windows® Operating System\nCompany: Microsoft Corporation\nHashes: MD5=68195105C7D9A2B5DF5BB82ECA521092,SHA256=556FF2B03495E2117223E5697B54253F30BD10ED3C67468947D79945168A624A\nSigned: true\nSignature: Microsoft Windows\nSignatureStatus: Valid",
  "beat": {
    "hostname": "DESKTOP-WJANG",
    "version": "6.2.2",
    "name": "DESKTOP-WJANG"
  },
  "computer_name": "DESKTOP-WJANG",
  "event_id": 7,
  "process_id": 8608,
  "log_name": "Microsoft-Windows-Sysmon/Operational",
  "user": {
    "domain": "NT AUTHORITY",
    "type": "Well Known Group",
    "identifier": "S-1-5-18",
    "name": "SYSTEM"
  },
  "event_data": {
    "FileVersion": "7.0.16299.125 (WinBuild.160101.0800)",
    "Product": "Microsoft® Windows® Operating System",
    "ProcessId": "25848",
    "Hashes": "MD5=68195105C7D9A2B5DF5BB82ECA521092,SHA256=556FF2B03495E2117223E5697B54253F30BD10ED3C67468947D79945168A624A",
    "Image": "C:\\Program Files\\Mozilla Firefox\\firefox.exe",
    "UtcTime": "2018-03-05 07:32:38.474",
    "SignatureStatus": "Valid",
    "ImageLoaded": "C:\\Windows\\System32\\msvcrt.dll",
    "Company": "Microsoft Corporation",
    "ProcessGuid": "{A376A8F6-F296-5A9C-0000-0010274B8703}",
    "Signed": "true",
    "Signature": "Microsoft Windows",
    "Description": "Windows NT CRT DLL"
  },
  "thread_id": 19220,
  "level": "정보",
  "provider_guid": "{5770385F-C22A-43E0-BF4C-06F5698FFBD9}",
  "opcode": "정보",
  "source_name": "Microsoft-Windows-Sysmon",
  "type": "wineventlog",
  "record_number": "304"
}
{
  "@timestamp": "2018-03-05T07:32:38.476Z",
  "@metadata": {
    "beat": "winlogbeat",
    "type": "doc",
    "version": "6.2.2"
  },
  "process_id": 8608,
  "event_data": {
    "FileVersion": "10.0.16299.15 (WinBuild.160101.0800)",
    "Hashes": "MD5=D5070901E3017686755415B71332991A,SHA256=1342D275E058BA07524550BEACC7760E5CDDC0B3A32659F4C65346D3BE6515E3",
    "Signature": "Microsoft Windows",
    "Company": "Microsoft Corporation",
    "UtcTime": "2018-03-05 07:32:38.475",
    "Description": "Host for SCM/SDDL/LSA Lookup APIs",
    "Product": "Microsoft® Windows® Operating System",
    "SignatureStatus": "Valid",
    "ImageLoaded": "C:\\Windows\\System32\\sechost.dll",
    "ProcessId": "25848",
    "Image": "C:\\Program Files\\Mozilla Firefox\\firefox.exe",
    "Signed": "true",
    "ProcessGuid": "{A376A8F6-F296-5A9C-0000-0010274B8703}"
  },
  "version": 3,
  "task": "Image loaded (rule: ImageLoad)",
  "log_name": "Microsoft-Windows-Sysmon/Operational",
  "computer_name": "DESKTOP-WJANG",
  "message": "Image loaded:\nUtcTime: 2018-03-05 07:32:38.475\nProcessGuid: {A376A8F6-F296-5A9C-0000-0010274B8703}\nProcessId: 25848\nImage: C:\\Program Files\\Mozilla Firefox\\firefox.exe\nImageLoaded: C:\\Windows\\System32\\sechost.dll\nFileVersion: 10.0.16299.15 (WinBuild.160101.0800)\nDescription: Host for SCM/SDDL/LSA Lookup APIs\nProduct: Microsoft® Windows® Operating System\nCompany: Microsoft Corporation\nHashes: MD5=D5070901E3017686755415B71332991A,SHA256=1342D275E058BA07524550BEACC7760E5CDDC0B3A32659F4C65346D3BE6515E3\nSigned: true\nSignature: Microsoft Windows\nSignatureStatus: Valid",
  "user": {
    "name": "SYSTEM",
    "domain": "NT AUTHORITY",
    "type": "Well Known Group",
    "identifier": "S-1-5-18"
  },
  "event_id": 7,
  "type": "wineventlog",
  "record_number": "305",
  "source_name": "Microsoft-Windows-Sysmon",
  "level": "정보",
  "opcode": "정보",
  "thread_id": 19220,
  "provider_guid": "{5770385F-C22A-43E0-BF4C-06F5698FFBD9}",
  "beat": {
    "name": "DESKTOP-WJANG",
    "hostname": "DESKTOP-WJANG",
    "version": "6.2.2"
  }
}
{
  "@timestamp": "2018-03-05T07:32:38.476Z",
  "@metadata": {
    "beat": "winlogbeat",
    "type": "doc",
    "version": "6.2.2"
  },
  "provider_guid": "{5770385F-C22A-43E0-BF4C-06F5698FFBD9}",
  "task": "Image loaded (rule: ImageLoad)",
  "version": 3,
  "event_data": {
    "FileVersion": "10.0.16299.248 (WinBuild.160101.0800)",
    "Product": "Microsoft® Windows® Operating System",
    "ImageLoaded": "C:\\Windows\\System32\\ucrtbase.dll",
    "Signature": "Microsoft Windows",
    "Company": "Microsoft Corporation",
    "Signed": "true",
    "SignatureStatus": "Valid",
    "Description": "Microsoft® C Runtime Library",
    "UtcTime": "2018-03-05 07:32:38.475",
    "Image": "C:\\Program Files\\Mozilla Firefox\\firefox.exe",
    "ProcessGuid": "{A376A8F6-F296-5A9C-0000-0010274B8703}",
    "Hashes": "MD5=FD2A8FB7B87833ED97F705BC1232B079,SHA256=DEC6E1AC23FC57548D36498A20E4A93E765657B9EBF2375BE1526AD07313FA56",
    "ProcessId": "25848"
  },
  "type": "wineventlog",
  "computer_name": "DESKTOP-WJANG",
  "log_name": "Microsoft-Windows-Sysmon/Operational",
  "opcode": "정보",
  "user": {
    "identifier": "S-1-5-18",
    "name": "SYSTEM",
    "domain": "NT AUTHORITY",
    "type": "Well Known Group"
  },
  "message": "Image loaded:\nUtcTime: 2018-03-05 07:32:38.475\nProcessGuid: {A376A8F6-F296-5A9C-0000-0010274B8703}\nProcessId: 25848\nImage: C:\\Program Files\\Mozilla Firefox\\firefox.exe\nImageLoaded: C:\\Windows\\System32\\ucrtbase.dll\nFileVersion: 10.0.16299.248 (WinBuild.160101.0800)\nDescription: Microsoft® C Runtime Library\nProduct: Microsoft® Windows® Operating System\nCompany: Microsoft Corporation\nHashes: MD5=FD2A8FB7B87833ED97F705BC1232B079,SHA256=DEC6E1AC23FC57548D36498A20E4A93E765657B9EBF2375BE1526AD07313FA56\nSigned: true\nSignature: Microsoft Windows\nSignatureStatus: Valid",
  "source_name": "Microsoft-Windows-Sysmon",
  "beat": {
    "name": "DESKTOP-WJANG",
    "hostname": "DESKTOP-WJANG",
    "version": "6.2.2"
  },
  "level": "정보",
  "process_id": 8608,
  "thread_id": 19220,
  "record_number": "306",
  "event_id": 7
}
{
  "@timestamp": "2018-03-05T07:32:38.477Z",
  "@metadata": {
    "beat": "winlogbeat",
    "type": "doc",
    "version": "6.2.2"
  },
  "source_name": "Microsoft-Windows-Sysmon",
  "event_id": 7,
  "version": 3,
  "beat": {
    "name": "DESKTOP-WJANG",
    "hostname": "DESKTOP-WJANG",
    "version": "6.2.2"
  },
  "log_name": "Microsoft-Windows-Sysmon/Operational",
  "thread_id": 19220,
  "record_number": "307",
  "type": "wineventlog",
  "process_id": 8608,
  "user": {
    "identifier": "S-1-5-18",
    "name": "SYSTEM",
    "domain": "NT AUTHORITY",
    "type": "Well Known Group"
  },
  "provider_guid": "{5770385F-C22A-43E0-BF4C-06F5698FFBD9}",
  "task": "Image loaded (rule: ImageLoad)",
  "opcode": "정보",
  "level": "정보",
  "message": "Image loaded:\nUtcTime: 2018-03-05 07:32:38.475\nProcessGuid: {A376A8F6-F296-5A9C-0000-0010274B8703}\nProcessId: 25848\nImage: C:\\Program Files\\Mozilla Firefox\\firefox.exe\nImageLoaded: C:\\Windows\\System32\\rpcrt4.dll\nFileVersion: 10.0.16299.15 (WinBuild.160101.0800)\nDescription: 원격 프로시저 호출 런타임\nProduct: Microsoft® Windows® Operating System\nCompany: Microsoft Corporation\nHashes: MD5=79554274DA5BAACA1CFE78F9F5478AF4,SHA256=32511D9B73CA53EE382AC4E727100885F562A1B0F1F4AD117ACEB506F887187C\nSigned: true\nSignature: Microsoft Windows\nSignatureStatus: Valid",
  "event_data": {
    "ProcessGuid": "{A376A8F6-F296-5A9C-0000-0010274B8703}",
    "Description": "원격 프로시저 호출 런타임",
    "Hashes": "MD5=79554274DA5BAACA1CFE78F9F5478AF4,SHA256=32511D9B73CA53EE382AC4E727100885F562A1B0F1F4AD117ACEB506F887187C",
    "Signature": "Microsoft Windows",
    "ProcessId": "25848",
    "Signed": "true",
    "SignatureStatus": "Valid",
    "FileVersion": "10.0.16299.15 (WinBuild.160101.0800)",
    "Product": "Microsoft® Windows® Operating System",
    "Company": "Microsoft Corporation",
    "ImageLoaded": "C:\\Windows\\System32\\rpcrt4.dll",
    "UtcTime": "2018-03-05 07:32:38.475",
    "Image": "C:\\Program Files\\Mozilla Firefox\\firefox.exe"
  },
  "computer_name": "DESKTOP-WJANG"
}
{
  "@timestamp": "2018-03-05T07:32:38.477Z",
  "@metadata": {
    "beat": "winlogbeat",
    "type": "doc",
    "version": "6.2.2"
  },
  "thread_id": 19220,
  "level": "정보",
  "message": "Image loaded:\nUtcTime: 2018-03-05 07:32:38.476\nProcessGuid: {A376A8F6-F296-5A9C-0000-0010274B8703}\nProcessId: 25848\nImage: C:\\Program Files\\Mozilla Firefox\\firefox.exe\nImageLoaded: C:\\Windows\\System32\\version.dll\nFileVersion: 10.0.16299.15 (WinBuild.160101.0800)\nDescription: Version Checking and File Installation Libraries\nProduct: Microsoft® Windows® Operating System\nCompany: Microsoft Corporation\nHashes: MD5=2897E051DC113FA4E7B58AB11CC65EA1,SHA256=DF3F4512D0121DE58127E5D73C2A48E70329AD275AA7A5E626CAC1CEDAA07F47\nSigned: true\nSignature: Microsoft Windows\nSignatureStatus: Valid",
  "log_name": "Microsoft-Windows-Sysmon/Operational",
  "opcode": "정보",
  "process_id": 8608,
  "event_data": {
    "Hashes": "MD5=2897E051DC113FA4E7B58AB11CC65EA1,SHA256=DF3F4512D0121DE58127E5D73C2A48E70329AD275AA7A5E626CAC1CEDAA07F47",
    "Image": "C:\\Program Files\\Mozilla Firefox\\firefox.exe",
    "ImageLoaded": "C:\\Windows\\System32\\version.dll",
    "ProcessGuid": "{A376A8F6-F296-5A9C-0000-0010274B8703}",
    "ProcessId": "25848",
    "UtcTime": "2018-03-05 07:32:38.476",
    "FileVersion": "10.0.16299.15 (WinBuild.160101.0800)",
    "Description": "Version Checking and File Installation Libraries",
    "Product": "Microsoft® Windows® Operating System",
    "Company": "Microsoft Corporation",
    "Signed": "true",
    "Signature": "Microsoft Windows",
    "SignatureStatus": "Valid"
  },
  "user": {
    "type": "Well Known Group",
    "identifier": "S-1-5-18",
    "name": "SYSTEM",
    "domain": "NT AUTHORITY"
  },
  "source_name": "Microsoft-Windows-Sysmon",
  "type": "wineventlog",
  "provider_guid": "{5770385F-C22A-43E0-BF4C-06F5698FFBD9}",
  "event_id": 7,
  "version": 3,
  "task": "Image loaded (rule: ImageLoad)",
  "computer_name": "DESKTOP-WJANG",
  "record_number": "308",
  "beat": {
    "name": "DESKTOP-WJANG",
    "hostname": "DESKTOP-WJANG",
    "version": "6.2.2"
  }
}
{
  "@timestamp": "2018-03-05T07:32:38.478Z",
  "@metadata": {
    "beat": "winlogbeat",
    "type": "doc",
    "version": "6.2.2"
  },
  "opcode": "정보",
  "source_name": "Microsoft-Windows-Sysmon",
  "message": "Image loaded:\nUtcTime: 2018-03-05 07:32:38.476\nProcessGuid: {A376A8F6-F296-5A9C-0000-0010274B8703}\nProcessId: 25848\nImage: C:\\Program Files\\Mozilla Firefox\\firefox.exe\nImageLoaded: C:\\Windows\\System32\\dbghelp.dll\nFileVersion: 10.0.16299.15 (WinBuild.160101.0800)\nDescription: Windows Image Helper\nProduct: Microsoft® Windows® Operating System\nCompany: Microsoft Corporation\nHashes: MD5=4609593AA14EB18AB4249FEAD48BBC5D,SHA256=D82CF7EB1F6E812CC44146A6FC0971E9C2A22FC78AF33B381ADB6CD7EDBDA517\nSigned: true\nSignature: Microsoft Windows\nSignatureStatus: Valid",
  "user": {
    "domain": "NT AUTHORITY",
    "type": "Well Known Group",
    "identifier": "S-1-5-18",
    "name": "SYSTEM"
  },
  "thread_id": 19220,
  "type": "wineventlog",
  "process_id": 8608,
  "beat": {
    "name": "DESKTOP-WJANG",
    "hostname": "DESKTOP-WJANG",
    "version": "6.2.2"
  },
  "event_data": {
    "Signature": "Microsoft Windows",
    "Signed": "true",
    "Description": "Windows Image Helper",
    "Image": "C:\\Program Files\\Mozilla Firefox\\firefox.exe",
    "Company": "Microsoft Corporation",
    "Product": "Microsoft® Windows® Operating System",
    "ProcessGuid": "{A376A8F6-F296-5A9C-0000-0010274B8703}",
    "ProcessId": "25848",
    "FileVersion": "10.0.16299.15 (WinBuild.160101.0800)",
    "SignatureStatus": "Valid",
    "ImageLoaded": "C:\\Windows\\System32\\dbghelp.dll",
    "Hashes": "MD5=4609593AA14EB18AB4249FEAD48BBC5D,SHA256=D82CF7EB1F6E812CC44146A6FC0971E9C2A22FC78AF33B381ADB6CD7EDBDA517",
    "UtcTime": "2018-03-05 07:32:38.476"
  },
  "log_name": "Microsoft-Windows-Sysmon/Operational",
  "level": "정보",
  "record_number": "309",
  "event_id": 7,
  "version": 3,
  "task": "Image loaded (rule: ImageLoad)",
  "provider_guid": "{5770385F-C22A-43E0-BF4C-06F5698FFBD9}",
  "computer_name": "DESKTOP-WJANG"
}
{
  "@timestamp": "2018-03-05T07:32:38.478Z",
  "@metadata": {
    "beat": "winlogbeat",
    "type": "doc",
    "version": "6.2.2"
  },
  "task": "Image loaded (rule: ImageLoad)",
  "thread_id": 19220,
  "computer_name": "DESKTOP-WJANG",
  "record_number": "310",
  "process_id": 8608,
  "beat": {
    "name": "DESKTOP-WJANG",
    "hostname": "DESKTOP-WJANG",
    "version": "6.2.2"
  },
  "level": "정보",
  "log_name": "Microsoft-Windows-Sysmon/Operational",
  "provider_guid": "{5770385F-C22A-43E0-BF4C-06F5698FFBD9}",
  "opcode": "정보",
  "event_id": 7,
  "message": "Image loaded:\nUtcTime: 2018-03-05 07:32:38.476\nProcessGuid: {A376A8F6-F296-5A9C-0000-0010274B8703}\nProcessId: 25848\nImage: C:\\Program Files\\Mozilla Firefox\\firefox.exe\nImageLoaded: C:\\Program Files\\Mozilla Firefox\\msvcp140.dll\nFileVersion: 14.11.25325.0 built by: VCTOOLSREL\nDescription: Microsoft® C Runtime Library\nProduct: Microsoft® Visual Studio® 2017\nCompany: Microsoft Corporation\nHashes: MD5=D396985225D85CAA7D743D67C7DA6316,SHA256=BE2EF4F6D540D0AC5FDDD556DCB6BFAF6CB6288679E4D64882D625FF35F173AA\nSigned: true\nSignature: Microsoft Corporation\nSignatureStatus: Valid",
  "event_data": {
    "ProcessGuid": "{A376A8F6-F296-5A9C-0000-0010274B8703}",
    "Company": "Microsoft Corporation",
    "SignatureStatus": "Valid",
    "FileVersion": "14.11.25325.0 built by: VCTOOLSREL",
    "Hashes": "MD5=D396985225D85CAA7D743D67C7DA6316,SHA256=BE2EF4F6D540D0AC5FDDD556DCB6BFAF6CB6288679E4D64882D625FF35F173AA",
    "ProcessId": "25848",
    "Image": "C:\\Program Files\\Mozilla Firefox\\firefox.exe",
    "Signed": "true",
    "Signature": "Microsoft Corporation",
    "UtcTime": "2018-03-05 07:32:38.476",
    "ImageLoaded": "C:\\Program Files\\Mozilla Firefox\\msvcp140.dll",
    "Product": "Microsoft® Visual Studio® 2017",
    "Description": "Microsoft® C Runtime Library"
  },
  "version": 3,
  "user": {
    "domain": "NT AUTHORITY",
    "type": "Well Known Group",
    "identifier": "S-1-5-18",
    "name": "SYSTEM"
  },
  "type": "wineventlog",
  "source_name": "Microsoft-Windows-Sysmon"
}
{
  "@timestamp": "2018-03-05T07:32:38.479Z",
  "@metadata": {
    "beat": "winlogbeat",
    "type": "doc",
    "version": "6.2.2"
  },
  "level": "정보",
  "provider_guid": "{5770385F-C22A-43E0-BF4C-06F5698FFBD9}",
  "beat": {
    "name": "DESKTOP-WJANG",
    "hostname": "DESKTOP-WJANG",
    "version": "6.2.2"
  },
  "version": 3,
  "process_id": 8608,
  "opcode": "정보",
  "event_data": {
    "Description": "Microsoft® C Runtime Library",
    "Signed": "true",
    "ProcessId": "25848",
    "ProcessGuid": "{A376A8F6-F296-5A9C-0000-0010274B8703}",
    "Hashes": "MD5=9A53905892D9C9F3BF9D295C8B32E446,SHA256=D58E3FF10FD96A22A8E6D2FD76146A282CC45CCFAF2301257E76E7C2771CBD41",
    "Signature": "Microsoft Corporation",
    "Product": "Microsoft® Visual Studio® 2017",
    "Image": "C:\\Program Files\\Mozilla Firefox\\firefox.exe",
    "UtcTime": "2018-03-05 07:32:38.476",
    "FileVersion": "14.11.25325.0 built by: VCTOOLSREL",
    "SignatureStatus": "Valid",
    "ImageLoaded": "C:\\Program Files\\Mozilla Firefox\\vcruntime140.dll",
    "Company": "Microsoft Corporation"
  },
  "type": "wineventlog",
  "record_number": "311",
  "source_name": "Microsoft-Windows-Sysmon",
  "event_id": 7,
  "task": "Image loaded (rule: ImageLoad)",
  "thread_id": 19220,
  "user": {
    "name": "SYSTEM",
    "domain": "NT AUTHORITY",
    "type": "Well Known Group",
    "identifier": "S-1-5-18"
  },
  "log_name": "Microsoft-Windows-Sysmon/Operational",
  "computer_name": "DESKTOP-WJANG",
  "message": "Image loaded:\nUtcTime: 2018-03-05 07:32:38.476\nProcessGuid: {A376A8F6-F296-5A9C-0000-0010274B8703}\nProcessId: 25848\nImage: C:\\Program Files\\Mozilla Firefox\\firefox.exe\nImageLoaded: C:\\Program Files\\Mozilla Firefox\\vcruntime140.dll\nFileVersion: 14.11.25325.0 built by: VCTOOLSREL\nDescription: Microsoft® C Runtime Library\nProduct: Microsoft® Visual Studio® 2017\nCompany: Microsoft Corporation\nHashes: MD5=9A53905892D9C9F3BF9D295C8B32E446,SHA256=D58E3FF10FD96A22A8E6D2FD76146A282CC45CCFAF2301257E76E7C2771CBD41\nSigned: true\nSignature: Microsoft Corporation\nSignatureStatus: Valid"
}
{
  "@timestamp": "2018-03-05T07:32:38.480Z",
  "@metadata": {
    "beat": "winlogbeat",
    "type": "doc",
    "version": "6.2.2"
  },
  "user": {
    "identifier": "S-1-5-18",
    "name": "SYSTEM",
    "domain": "NT AUTHORITY",
    "type": "Well Known Group"
  },
  "version": 3,
  "computer_name": "DESKTOP-WJANG",
  "thread_id": 19220,
  "record_number": "312",
  "event_id": 7,
  "type": "wineventlog",
  "beat": {
    "name": "DESKTOP-WJANG",
    "hostname": "DESKTOP-WJANG",
    "version": "6.2.2"
  },
  "event_data": {
    "ImageLoaded": "C:\\Program Files\\Mozilla Firefox\\vcruntime140.dll",
    "Signed": "true",
    "ProcessId": "25848",
    "Description": "Microsoft® C Runtime Library",
    "UtcTime": "2018-03-05 07:32:38.477",
    "Image": "C:\\Program Files\\Mozilla Firefox\\firefox.exe",
    "Signature": "Microsoft Corporation",
    "ProcessGuid": "{A376A8F6-F296-5A9C-0000-0010274B8703}",
    "Product": "Microsoft® Visual Studio® 2017",
    "Company": "Microsoft Corporation",
    "Hashes": "MD5=9A53905892D9C9F3BF9D295C8B32E446,SHA256=D58E3FF10FD96A22A8E6D2FD76146A282CC45CCFAF2301257E76E7C2771CBD41",
    "FileVersion": "14.11.25325.0 built by: VCTOOLSREL",
    "SignatureStatus": "Valid"
  },
  "log_name": "Microsoft-Windows-Sysmon/Operational",
  "process_id": 8608,
  "provider_guid": "{5770385F-C22A-43E0-BF4C-06F5698FFBD9}",
  "message": "Image loaded:\nUtcTime: 2018-03-05 07:32:38.477\nProcessGuid: {A376A8F6-F296-5A9C-0000-0010274B8703}\nProcessId: 25848\nImage: C:\\Program Files\\Mozilla Firefox\\firefox.exe\nImageLoaded: C:\\Program Files\\Mozilla Firefox\\vcruntime140.dll\nFileVersion: 14.11.25325.0 built by: VCTOOLSREL\nDescription: Microsoft® C Runtime Library\nProduct: Microsoft® Visual Studio® 2017\nCompany: Microsoft Corporation\nHashes: MD5=9A53905892D9C9F3BF9D295C8B32E446,SHA256=D58E3FF10FD96A22A8E6D2FD76146A282CC45CCFAF2301257E76E7C2771CBD41\nSigned: true\nSignature: Microsoft Corporation\nSignatureStatus: Valid",
  "source_name": "Microsoft-Windows-Sysmon",
  "level": "정보",
  "opcode": "정보",
  "task": "Image loaded (rule: ImageLoad)"
}
{
  "@timestamp": "2018-03-05T07:32:38.480Z",
  "@metadata": {
    "beat": "winlogbeat",
    "type": "doc",
    "version": "6.2.2"
  },
  "thread_id": 19220,
  "opcode": "정보",
  "event_data": {
    "SignatureStatus": "Valid",
    "ImageLoaded": "C:\\Program Files\\Mozilla Firefox\\vcruntime140.dll",
    "Signed": "true",
    "ProcessId": "25848",
    "Description": "Microsoft® C Runtime Library",
    "Product": "Microsoft® Visual Studio® 2017",
    "Signature": "Microsoft Corporation",
    "FileVersion": "14.11.25325.0 built by: VCTOOLSREL",
    "Image": "C:\\Program Files\\Mozilla Firefox\\firefox.exe",
    "Hashes": "MD5=9A53905892D9C9F3BF9D295C8B32E446,SHA256=D58E3FF10FD96A22A8E6D2FD76146A282CC45CCFAF2301257E76E7C2771CBD41",
    "UtcTime": "2018-03-05 07:32:38.477",
    "ProcessGuid": "{A376A8F6-F296-5A9C-0000-0010274B8703}",
    "Company": "Microsoft Corporation"
  },
  "process_id": 8608,
  "beat": {
    "name": "DESKTOP-WJANG",
    "hostname": "DESKTOP-WJANG",
    "version": "6.2.2"
  },
  "type": "wineventlog",
  "task": "Image loaded (rule: ImageLoad)",
  "version": 3,
  "log_name": "Microsoft-Windows-Sysmon/Operational",
  "source_name": "Microsoft-Windows-Sysmon",
  "record_number": "313",
  "message": "Image loaded:\nUtcTime: 2018-03-05 07:32:38.477\nProcessGuid: {A376A8F6-F296-5A9C-0000-0010274B8703}\nProcessId: 25848\nImage: C:\\Program Files\\Mozilla Firefox\\firefox.exe\nImageLoaded: C:\\Program Files\\Mozilla Firefox\\vcruntime140.dll\nFileVersion: 14.11.25325.0 built by: VCTOOLSREL\nDescription: Microsoft® C Runtime Library\nProduct: Microsoft® Visual Studio® 2017\nCompany: Microsoft Corporation\nHashes: MD5=9A53905892D9C9F3BF9D295C8B32E446,SHA256=D58E3FF10FD96A22A8E6D2FD76146A282CC45CCFAF2301257E76E7C2771CBD41\nSigned: true\nSignature: Microsoft Corporation\nSignatureStatus: Valid",
  "computer_name": "DESKTOP-WJANG",
  "provider_guid": "{5770385F-C22A-43E0-BF4C-06F5698FFBD9}",
  "event_id": 7,
  "level": "정보",
  "user": {
    "name": "SYSTEM",
    "domain": "NT AUTHORITY",
    "type": "Well Known Group",
    "identifier": "S-1-5-18"
  }
}
{
  "@timestamp": "2018-03-05T07:32:38.481Z",
  "@metadata": {
    "beat": "winlogbeat",
    "type": "doc",
    "version": "6.2.2"
  },
  "thread_id": 19220,
  "source_name": "Microsoft-Windows-Sysmon",
  "version": 3,
  "level": "정보",
  "event_data": {
    "Signed": "true",
    "Company": "Microsoft Corporation",
    "ProcessGuid": "{A376A8F6-F296-5A9C-0000-0010274B8703}",
    "Signature": "Microsoft Windows",
    "Hashes": "MD5=2B510D6E4589B91855EF3924A47B812F,SHA256=3E257B257471D6EC7779F35673F45985D944CA94937415FCECFB85C95AF0E5C7",
    "UtcTime": "2018-03-05 07:32:38.477",
    "Product": "Microsoft® Windows® Operating System",
    "FileVersion": "10.0.16299.15 (WinBuild.160101.0800)",
    "Description": "Base cryptographic API DLL",
    "Image": "C:\\Program Files\\Mozilla Firefox\\firefox.exe",
    "ImageLoaded": "C:\\Windows\\System32\\cryptbase.dll",
    "SignatureStatus": "Valid",
    "ProcessId": "25848"
  },
  "type": "wineventlog",
  "beat": {
    "hostname": "DESKTOP-WJANG",
    "version": "6.2.2",
    "name": "DESKTOP-WJANG"
  },
  "computer_name": "DESKTOP-WJANG",
  "message": "Image loaded:\nUtcTime: 2018-03-05 07:32:38.477\nProcessGuid: {A376A8F6-F296-5A9C-0000-0010274B8703}\nProcessId: 25848\nImage: C:\\Program Files\\Mozilla Firefox\\firefox.exe\nImageLoaded: C:\\Windows\\System32\\cryptbase.dll\nFileVersion: 10.0.16299.15 (WinBuild.160101.0800)\nDescription: Base cryptographic API DLL\nProduct: Microsoft® Windows® Operating System\nCompany: Microsoft Corporation\nHashes: MD5=2B510D6E4589B91855EF3924A47B812F,SHA256=3E257B257471D6EC7779F35673F45985D944CA94937415FCECFB85C95AF0E5C7\nSigned: true\nSignature: Microsoft Windows\nSignatureStatus: Valid",
  "process_id": 8608,
  "opcode": "정보",
  "log_name": "Microsoft-Windows-Sysmon/Operational",
  "event_id": 7,
  "task": "Image loaded (rule: ImageLoad)",
  "user": {
    "domain": "NT AUTHORITY",
    "type": "Well Known Group",
    "identifier": "S-1-5-18",
    "name": "SYSTEM"
  },
  "record_number": "314",
  "provider_guid": "{5770385F-C22A-43E0-BF4C-06F5698FFBD9}"
}
{
  "@timestamp": "2018-03-05T07:32:38.482Z",
  "@metadata": {
    "beat": "winlogbeat",
    "type": "doc",
    "version": "6.2.2"
  },
  "event_id": 7,
  "event_data": {
    "Signed": "true",
    "ProcessGuid": "{A376A8F6-F296-5A9C-0000-0010274B8703}",
    "Hashes": "MD5=F00DE456857C158E6DF1D65EA829F1CF,SHA256=D27CD21A38724BB4124CD52C654C5C14BEC12755774FA49FE9828A15DB2F4A1B",
    "ProcessId": "25848",
    "Image": "C:\\Program Files\\Mozilla Firefox\\firefox.exe",
    "ImageLoaded": "C:\\Windows\\System32\\bcryptprimitives.dll",
    "SignatureStatus": "Valid",
    "UtcTime": "2018-03-05 07:32:38.478",
    "Company": "Microsoft Corporation",
    "FileVersion": "10.0.16299.98 (WinBuild.160101.0800)",
    "Description": "Windows Cryptographic Primitives Library",
    "Signature": "Microsoft Windows",
    "Product": "Microsoft® Windows® Operating System"
  },
  "process_id": 8608,
  "provider_guid": "{5770385F-C22A-43E0-BF4C-06F5698FFBD9}",
  "level": "정보",
  "opcode": "정보",
  "version": 3,
  "computer_name": "DESKTOP-WJANG",
  "message": "Image loaded:\nUtcTime: 2018-03-05 07:32:38.478\nProcessGuid: {A376A8F6-F296-5A9C-0000-0010274B8703}\nProcessId: 25848\nImage: C:\\Program Files\\Mozilla Firefox\\firefox.exe\nImageLoaded: C:\\Windows\\System32\\bcryptprimitives.dll\nFileVersion: 10.0.16299.98 (WinBuild.160101.0800)\nDescription: Windows Cryptographic Primitives Library\nProduct: Microsoft® Windows® Operating System\nCompany: Microsoft Corporation\nHashes: MD5=F00DE456857C158E6DF1D65EA829F1CF,SHA256=D27CD21A38724BB4124CD52C654C5C14BEC12755774FA49FE9828A15DB2F4A1B\nSigned: true\nSignature: Microsoft Windows\nSignatureStatus: Valid",
  "log_name": "Microsoft-Windows-Sysmon/Operational",
  "type": "wineventlog",
  "record_number": "315",
  "task": "Image loaded (rule: ImageLoad)",
  "user": {
    "identifier": "S-1-5-18",
    "name": "SYSTEM",
    "domain": "NT AUTHORITY",
    "type": "Well Known Group"
  },
  "beat": {
    "name": "DESKTOP-WJANG",
    "hostname": "DESKTOP-WJANG",
    "version": "6.2.2"
  },
  "thread_id": 19220,
  "source_name": "Microsoft-Windows-Sysmon"
}
{
  "@timestamp": "2018-03-05T07:32:38.482Z",
  "@metadata": {
    "beat": "winlogbeat",
    "type": "doc",
    "version": "6.2.2"
  },
  "event_data": {
    "FileVersion": "10.0.16299.15 (WinBuild.160101.0800)",
    "Description": "다중 사용자 Windows 사용자 API 클라이언트 DLL",
    "Hashes": "MD5=0370364D4D8846B6CF316ABBB2EDB083,SHA256=6F0FF65C9FB132FBC96AB55AB14D285CFA94B2EB90A24DA6CC72E0FD72C1ABFE",
    "Product": "Microsoft® Windows® Operating System",
    "Company": "Microsoft Corporation",
    "SignatureStatus": "Valid",
    "Signed": "true",
    "Image": "C:\\Program Files\\Mozilla Firefox\\firefox.exe",
    "Signature": "Microsoft Windows",
    "ProcessId": "25848",
    "UtcTime": "2018-03-05 07:32:38.481",
    "ImageLoaded": "C:\\Windows\\System32\\user32.dll",
    "ProcessGuid": "{A376A8F6-F296-5A9C-0000-0010274B8703}"
  },
  "process_id": 8608,
  "version": 3,
  "opcode": "정보",
  "type": "wineventlog",
  "task": "Image loaded (rule: ImageLoad)",
  "source_name": "Microsoft-Windows-Sysmon",
  "beat": {
    "hostname": "DESKTOP-WJANG",
    "version": "6.2.2",
    "name": "DESKTOP-WJANG"
  },
  "provider_guid": "{5770385F-C22A-43E0-BF4C-06F5698FFBD9}",
  "level": "정보",
  "message": "Image loaded:\nUtcTime: 2018-03-05 07:32:38.481\nProcessGuid: {A376A8F6-F296-5A9C-0000-0010274B8703}\nProcessId: 25848\nImage: C:\\Program Files\\Mozilla Firefox\\firefox.exe\nImageLoaded: C:\\Windows\\System32\\user32.dll\nFileVersion: 10.0.16299.15 (WinBuild.160101.0800)\nDescription: 다중 사용자 Windows 사용자 API 클라이언트 DLL\nProduct: Microsoft® Windows® Operating System\nCompany: Microsoft Corporation\nHashes: MD5=0370364D4D8846B6CF316ABBB2EDB083,SHA256=6F0FF65C9FB132FBC96AB55AB14D285CFA94B2EB90A24DA6CC72E0FD72C1ABFE\nSigned: true\nSignature: Microsoft Windows\nSignatureStatus: Valid",
  "log_name": "Microsoft-Windows-Sysmon/Operational",
  "user": {
    "domain": "NT AUTHORITY",
    "type": "Well Known Group",
    "identifier": "S-1-5-18",
    "name": "SYSTEM"
  },
  "computer_name": "DESKTOP-WJANG",
  "record_number": "316",
  "event_id": 7,
  "thread_id": 19220
}
{
  "@timestamp": "2018-03-05T07:32:38.482Z",
  "@metadata": {
    "beat": "winlogbeat",
    "type": "doc",
    "version": "6.2.2"
  },
  "task": "Image loaded (rule: ImageLoad)",
  "process_id": 8608,
  "type": "wineventlog",
  "beat": {
    "version": "6.2.2",
    "name": "DESKTOP-WJANG",
    "hostname": "DESKTOP-WJANG"
  },
  "record_number": "317",
  "provider_guid": "{5770385F-C22A-43E0-BF4C-06F5698FFBD9}",
  "message": "Image loaded:\nUtcTime: 2018-03-05 07:32:38.481\nProcessGuid: {A376A8F6-F296-5A9C-0000-0010274B8703}\nProcessId: 25848\nImage: C:\\Program Files\\Mozilla Firefox\\firefox.exe\nImageLoaded: C:\\Windows\\System32\\win32u.dll\nFileVersion: 10.0.16299.15 (WinBuild.160101.0800)\nDescription: Win32u\nProduct: Microsoft® Windows® Operating System\nCompany: Microsoft Corporation\nHashes: MD5=7FCE8457AF762D8800BF026124A9C995,SHA256=89BDA3318E23EE3DF7BA6690EC41DB5137483F1E731B39C0FA380A42460A0250\nSigned: true\nSignature: Microsoft Windows\nSignatureStatus: Valid",
  "event_id": 7,
  "user": {
    "identifier": "S-1-5-18",
    "name": "SYSTEM",
    "domain": "NT AUTHORITY",
    "type": "Well Known Group"
  },
  "log_name": "Microsoft-Windows-Sysmon/Operational",
  "thread_id": 19220,
  "version": 3,
  "computer_name": "DESKTOP-WJANG",
  "opcode": "정보",
  "level": "정보",
  "event_data": {
    "Description": "Win32u",
    "Image": "C:\\Program Files\\Mozilla Firefox\\firefox.exe",
    "ProcessGuid": "{A376A8F6-F296-5A9C-0000-0010274B8703}",
    "FileVersion": "10.0.16299.15 (WinBuild.160101.0800)",
    "Product": "Microsoft® Windows® Operating System",
    "Signature": "Microsoft Windows",
    "Hashes": "MD5=7FCE8457AF762D8800BF026124A9C995,SHA256=89BDA3318E23EE3DF7BA6690EC41DB5137483F1E731B39C0FA380A42460A0250",
    "UtcTime": "2018-03-05 07:32:38.481",
    "ProcessId": "25848",
    "Company": "Microsoft Corporation",
    "Signed": "true",
    "ImageLoaded": "C:\\Windows\\System32\\win32u.dll",
    "SignatureStatus": "Valid"
  },
  "source_name": "Microsoft-Windows-Sysmon"
}
{
  "@timestamp": "2018-03-05T07:32:38.483Z",
  "@metadata": {
    "beat": "winlogbeat",
    "type": "doc",
    "version": "6.2.2"
  },
  "thread_id": 19220,
  "computer_name": "DESKTOP-WJANG",
  "log_name": "Microsoft-Windows-Sysmon/Operational",
  "provider_guid": "{5770385F-C22A-43E0-BF4C-06F5698FFBD9}",
  "level": "정보",
  "opcode": "정보",
  "message": "Image loaded:\nUtcTime: 2018-03-05 07:32:38.482\nProcessGuid: {A376A8F6-F296-5A9C-0000-0010274B8703}\nProcessId: 25848\nImage: C:\\Program Files\\Mozilla Firefox\\firefox.exe\nImageLoaded: C:\\Windows\\System32\\gdi32.dll\nFileVersion: 10.0.16299.15 (WinBuild.160101.0800)\nDescription: GDI Client DLL\nProduct: Microsoft® Windows® Operating System\nCompany: Microsoft Corporation\nHashes: MD5=C7D7C3A6B1F146CE08CBCB854FDB4BF6,SHA256=B76F8A431C6415890CE97E375485BB2D3DC8398704B338A19FD83C249EFBC554\nSigned: true\nSignature: Microsoft Windows\nSignatureStatus: Valid",
  "type": "wineventlog",
  "beat": {
    "version": "6.2.2",
    "name": "DESKTOP-WJANG",
    "hostname": "DESKTOP-WJANG"
  },
  "process_id": 8608,
  "event_data": {
    "Product": "Microsoft® Windows® Operating System",
    "Signed": "true",
    "UtcTime": "2018-03-05 07:32:38.482",
    "Image": "C:\\Program Files\\Mozilla Firefox\\firefox.exe",
    "Description": "GDI Client DLL",
    "FileVersion": "10.0.16299.15 (WinBuild.160101.0800)",
    "ProcessId": "25848",
    "SignatureStatus": "Valid",
    "Signature": "Microsoft Windows",
    "ProcessGuid": "{A376A8F6-F296-5A9C-0000-0010274B8703}",
    "ImageLoaded": "C:\\Windows\\System32\\gdi32.dll",
    "Hashes": "MD5=C7D7C3A6B1F146CE08CBCB854FDB4BF6,SHA256=B76F8A431C6415890CE97E375485BB2D3DC8398704B338A19FD83C249EFBC554",
    "Company": "Microsoft Corporation"
  },
  "event_id": 7,
  "user": {
    "domain": "NT AUTHORITY",
    "type": "Well Known Group",
    "identifier": "S-1-5-18",
    "name": "SYSTEM"
  },
  "task": "Image loaded (rule: ImageLoad)",
  "source_name": "Microsoft-Windows-Sysmon",
  "record_number": "318",
  "version": 3
}
{
  "@timestamp": "2018-03-05T07:32:38.483Z",
  "@metadata": {
    "beat": "winlogbeat",
    "type": "doc",
    "version": "6.2.2"
  },
  "version": 3,
  "thread_id": 19220,
  "beat": {
    "name": "DESKTOP-WJANG",
    "hostname": "DESKTOP-WJANG",
    "version": "6.2.2"
  },
  "event_data": {
    "Company": "Microsoft Corporation",
    "Description": "GDI Client DLL",
    "Hashes": "MD5=E3F90579DF3BB1348A158645508F7645,SHA256=5F97027117657DAF3E268871C338F495D238A4F248E3327EAC5EA08F9E929701",
    "Signature": "Microsoft Windows",
    "SignatureStatus": "Valid",
    "Signed": "true",
    "FileVersion": "10.0.16299.98 (WinBuild.160101.0800)",
    "ProcessId": "25848",
    "ProcessGuid": "{A376A8F6-F296-5A9C-0000-0010274B8703}",
    "Product": "Microsoft® Windows® Operating System",
    "Image": "C:\\Program Files\\Mozilla Firefox\\firefox.exe",
    "UtcTime": "2018-03-05 07:32:38.482",
    "ImageLoaded": "C:\\Windows\\System32\\gdi32full.dll"
  },
  "opcode": "정보",
  "event_id": 7,
  "provider_guid": "{5770385F-C22A-43E0-BF4C-06F5698FFBD9}",
  "log_name": "Microsoft-Windows-Sysmon/Operational",
  "user": {
    "identifier": "S-1-5-18",
    "name": "SYSTEM",
    "domain": "NT AUTHORITY",
    "type": "Well Known Group"
  },
  "type": "wineventlog",
  "level": "정보",
  "process_id": 8608,
  "task": "Image loaded (rule: ImageLoad)",
  "source_name": "Microsoft-Windows-Sysmon",
  "computer_name": "DESKTOP-WJANG",
  "message": "Image loaded:\nUtcTime: 2018-03-05 07:32:38.482\nProcessGuid: {A376A8F6-F296-5A9C-0000-0010274B8703}\nProcessId: 25848\nImage: C:\\Program Files\\Mozilla Firefox\\firefox.exe\nImageLoaded: C:\\Windows\\System32\\gdi32full.dll\nFileVersion: 10.0.16299.98 (WinBuild.160101.0800)\nDescription: GDI Client DLL\nProduct: Microsoft® Windows® Operating System\nCompany: Microsoft Corporation\nHashes: MD5=E3F90579DF3BB1348A158645508F7645,SHA256=5F97027117657DAF3E268871C338F495D238A4F248E3327EAC5EA08F9E929701\nSigned: true\nSignature: Microsoft Windows\nSignatureStatus: Valid",
  "record_number": "319"
}
{
  "@timestamp": "2018-03-05T07:32:38.484Z",
  "@metadata": {
    "beat": "winlogbeat",
    "type": "doc",
    "version": "6.2.2"
  },
  "record_number": "320",
  "provider_guid": "{5770385F-C22A-43E0-BF4C-06F5698FFBD9}",
  "event_data": {
    "Image": "C:\\Program Files\\Mozilla Firefox\\firefox.exe",
    "Description": "Microsoft® C Runtime Library",
    "Hashes": "MD5=05DE94BD02BC823FAF29850799626758,SHA256=0915426F34077201AB2BB4FFE7F2E500BDEBB8B88B9DBA1FD5CAA96D8DB7D9E1",
    "Signature": "Microsoft Windows",
    "SignatureStatus": "Valid",
    "ImageLoaded": "C:\\Windows\\System32\\msvcp_win.dll",
    "UtcTime": "2018-03-05 07:32:38.482",
    "ProcessId": "25848",
    "Product": "Microsoft® Windows® Operating System",
    "Company": "Microsoft Corporation",
    "ProcessGuid": "{A376A8F6-F296-5A9C-0000-0010274B8703}",
    "FileVersion": "10.0.16299.248 (WinBuild.160101.0800)",
    "Signed": "true"
  },
  "version": 3,
  "event_id": 7,
  "opcode": "정보",
  "computer_name": "DESKTOP-WJANG",
  "process_id": 8608,
  "level": "정보",
  "thread_id": 19220,
  "log_name": "Microsoft-Windows-Sysmon/Operational",
  "task": "Image loaded (rule: ImageLoad)",
  "message": "Image loaded:\nUtcTime: 2018-03-05 07:32:38.482\nProcessGuid: {A376A8F6-F296-5A9C-0000-0010274B8703}\nProcessId: 25848\nImage: C:\\Program Files\\Mozilla Firefox\\firefox.exe\nImageLoaded: C:\\Windows\\System32\\msvcp_win.dll\nFileVersion: 10.0.16299.248 (WinBuild.160101.0800)\nDescription: Microsoft® C Runtime Library\nProduct: Microsoft® Windows® Operating System\nCompany: Microsoft Corporation\nHashes: MD5=05DE94BD02BC823FAF29850799626758,SHA256=0915426F34077201AB2BB4FFE7F2E500BDEBB8B88B9DBA1FD5CAA96D8DB7D9E1\nSigned: true\nSignature: Microsoft Windows\nSignatureStatus: Valid",
  "beat": {
    "name": "DESKTOP-WJANG",
    "hostname": "DESKTOP-WJANG",
    "version": "6.2.2"
  },
  "source_name": "Microsoft-Windows-Sysmon",
  "type": "wineventlog",
  "user": {
    "name": "SYSTEM",
    "domain": "NT AUTHORITY",
    "type": "Well Known Group",
    "identifier": "S-1-5-18"
  }
}
{
  "@timestamp": "2018-03-05T07:32:38.485Z",
  "@metadata": {
    "beat": "winlogbeat",
    "type": "doc",
    "version": "6.2.2"
  },
  "record_number": "321",
  "provider_guid": "{5770385F-C22A-43E0-BF4C-06F5698FFBD9}",
  "beat": {
    "hostname": "DESKTOP-WJANG",
    "version": "6.2.2",
    "name": "DESKTOP-WJANG"
  },
  "type": "wineventlog",
  "opcode": "정보",
  "log_name": "Microsoft-Windows-Sysmon/Operational",
  "task": "Image loaded (rule: ImageLoad)",
  "thread_id": 19220,
  "computer_name": "DESKTOP-WJANG",
  "version": 3,
  "event_id": 7,
  "level": "정보",
  "source_name": "Microsoft-Windows-Sysmon",
  "message": "Image loaded:\nUtcTime: 2018-03-05 07:32:38.484\nProcessGuid: {A376A8F6-F296-5A9C-0000-0010274B8703}\nProcessId: 25848\nImage: C:\\Program Files\\Mozilla Firefox\\firefox.exe\nImageLoaded: C:\\Windows\\System32\\imm32.dll\nFileVersion: 10.0.16299.15 (WinBuild.160101.0800)\nDescription: Multi-User Windows IMM32 API Client DLL\nProduct: Microsoft® Windows® Operating System\nCompany: Microsoft Corporation\nHashes: MD5=CD53E525FED778CD6F8FD6364379D5DD,SHA256=7A1CDF1937AFD11D1E1432361CEF924D9B2BBAC275048D3BEB119027F6991A41\nSigned: true\nSignature: Microsoft Windows\nSignatureStatus: Valid",
  "process_id": 8608,
  "user": {
    "identifier": "S-1-5-18",
    "name": "SYSTEM",
    "domain": "NT AUTHORITY",
    "type": "Well Known Group"
  },
  "event_data": {
    "ProcessGuid": "{A376A8F6-F296-5A9C-0000-0010274B8703}",
    "Product": "Microsoft® Windows® Operating System",
    "Hashes": "MD5=CD53E525FED778CD6F8FD6364379D5DD,SHA256=7A1CDF1937AFD11D1E1432361CEF924D9B2BBAC275048D3BEB119027F6991A41",
    "Signature": "Microsoft Windows",
    "Image": "C:\\Program Files\\Mozilla Firefox\\firefox.exe",
    "Description": "Multi-User Windows IMM32 API Client DLL",
    "SignatureStatus": "Valid",
    "UtcTime": "2018-03-05 07:32:38.484",
    "FileVersion": "10.0.16299.15 (WinBuild.160101.0800)",
    "ImageLoaded": "C:\\Windows\\System32\\imm32.dll",
    "ProcessId": "25848",
    "Signed": "true",
    "Company": "Microsoft Corporation"
  }
}
