{
  "@timestamp": "2018-03-05T07:32:40.353Z",
  "@metadata": {
    "beat": "winlogbeat",
    "type": "doc",
    "version": "6.2.2"
  },
  "level": "정보",
  "message": "Image loaded:\nUtcTime: 2018-03-05 07:32:40.352\nProcessGuid: {A376A8F6-F297-5A9C-0000-00104D2C8803}\nProcessId: 4624\nImage: C:\\Program Files\\Mozilla Firefox\\firefox.exe\nImageLoaded: C:\\Program Files\\Mozilla Firefox\\IA2Marshal.dll\nFileVersion: 58.0.2\nDescription: \nProduct: Firefox\nCompany: Mozilla Foundation\nHashes: MD5=8669EA78BDF683871B96854B4291ADBD,SHA256=5F844214277B1F9411382043E0CEA7176B3AFAE0A86B7666AE091B2C6B486C17\nSigned: true\nSignature: Mozilla Corporation\nSignatureStatus: Valid",
  "event_id": 7,
  "opcode": "정보",
  "thread_id": 19220,
  "version": 3,
  "process_id": 8608,
  "type": "wineventlog",
  "computer_name": "DESKTOP-WJANG",
  "task": "Image loaded (rule: ImageLoad)",
  "event_data": {
    "ProcessGuid": "{A376A8F6-F297-5A9C-0000-00104D2C8803}",
    "ProcessId": "4624",
    "Signed": "true",
    "SignatureStatus": "Valid",
    "ImageLoaded": "C:\\Program Files\\Mozilla Firefox\\IA2Marshal.dll",
    "Company": "Mozilla Foundation",
    "Image": "C:\\Program Files\\Mozilla Firefox\\firefox.exe",
    "Hashes": "MD5=8669EA78BDF683871B96854B4291ADBD,SHA256=5F844214277B1F9411382043E0CEA7176B3AFAE0A86B7666AE091B2C6B486C17",
    "FileVersion": "58.0.2",
    "Signature": "Mozilla Corporation",
    "UtcTime": "2018-03-05 07:32:40.352",
    "Product": "Firefox"
  },
  "record_number": "675",
  "source_name": "Microsoft-Windows-Sysmon",
  "user": {
    "identifier": "S-1-5-18",
    "name": "SYSTEM",
    "domain": "NT AUTHORITY",
    "type": "Well Known Group"
  },
  "log_name": "Microsoft-Windows-Sysmon/Operational",
  "provider_guid": "{5770385F-C22A-43E0-BF4C-06F5698FFBD9}",
  "beat": {
    "hostname": "DESKTOP-WJANG",
    "version": "6.2.2",
    "name": "DESKTOP-WJANG"
  }
}
{
  "@timestamp": "2018-03-05T07:32:40.379Z",
  "@metadata": {
    "beat": "winlogbeat",
    "type": "doc",
    "version": "6.2.2"
  },
  "message": "Image loaded:\nUtcTime: 2018-03-05 07:32:40.378\nProcessGuid: {A376A8F6-F297-5A9C-0000-00104D2C8803}\nProcessId: 4624\nImage: C:\\Program Files\\Mozilla Firefox\\firefox.exe\nImageLoaded: C:\\Windows\\System32\\oleacc.dll\nFileVersion: 7.2.16299.15 (WinBuild.160101.0800)\nDescription: Active Accessibility Core Component\nProduct: Microsoft® Windows® Operating System\nCompany: Microsoft Corporation\nHashes: MD5=2C3B9E0B228BCCFDFFA44BAF3D07B755,SHA256=BDB7AF0C9ECB3148CBFD9166EA0C15DFCD4A167125DC5C158F72FA0A019F172F\nSigned: true\nSignature: Microsoft Windows\nSignatureStatus: Valid",
  "thread_id": 19220,
  "version": 3,
  "log_name": "Microsoft-Windows-Sysmon/Operational",
  "source_name": "Microsoft-Windows-Sysmon",
  "record_number": "676",
  "computer_name": "DESKTOP-WJANG",
  "event_data": {
    "FileVersion": "7.2.16299.15 (WinBuild.160101.0800)",
    "Product": "Microsoft® Windows® Operating System",
    "ProcessGuid": "{A376A8F6-F297-5A9C-0000-00104D2C8803}",
    "Signature": "Microsoft Windows",
    "ImageLoaded": "C:\\Windows\\System32\\oleacc.dll",
    "Hashes": "MD5=2C3B9E0B228BCCFDFFA44BAF3D07B755,SHA256=BDB7AF0C9ECB3148CBFD9166EA0C15DFCD4A167125DC5C158F72FA0A019F172F",
    "Description": "Active Accessibility Core Component",
    "UtcTime": "2018-03-05 07:32:40.378",
    "Company": "Microsoft Corporation",
    "ProcessId": "4624",
    "SignatureStatus": "Valid",
    "Image": "C:\\Program Files\\Mozilla Firefox\\firefox.exe",
    "Signed": "true"
  },
  "level": "정보",
  "user": {
    "type": "Well Known Group",
    "identifier": "S-1-5-18",
    "name": "SYSTEM",
    "domain": "NT AUTHORITY"
  },
  "beat": {
    "hostname": "DESKTOP-WJANG",
    "version": "6.2.2",
    "name": "DESKTOP-WJANG"
  },
  "provider_guid": "{5770385F-C22A-43E0-BF4C-06F5698FFBD9}",
  "opcode": "정보",
  "process_id": 8608,
  "type": "wineventlog",
  "event_id": 7,
  "task": "Image loaded (rule: ImageLoad)"
}
{
  "@timestamp": "2018-03-05T07:32:40.387Z",
  "@metadata": {
    "beat": "winlogbeat",
    "type": "doc",
    "version": "6.2.2"
  },
  "event_id": 7,
  "opcode": "정보",
  "provider_guid": "{5770385F-C22A-43E0-BF4C-06F5698FFBD9}",
  "event_data": {
    "Signed": "true",
    "Hashes": "MD5=04ADF62991CE74701D6CB5F581362161,SHA256=5F948F8B4F9E63DE990ECC9A8E36153C3B60CCE74D330778495AC288074A47BF",
    "Image": "C:\\Program Files\\Mozilla Firefox\\firefox.exe",
    "ImageLoaded": "C:\\Windows\\System32\\DWrite.dll",
    "UtcTime": "2018-03-05 07:32:40.386",
    "ProcessId": "25364",
    "Company": "Microsoft Corporation",
    "Signature": "Microsoft Windows",
    "Description": "Microsoft DirectX 입력 체계 서비스",
    "SignatureStatus": "Valid",
    "FileVersion": "10.0.16299.15 (WinBuild.160101.0800)",
    "ProcessGuid": "{A376A8F6-F298-5A9C-0000-001071788803}",
    "Product": "Microsoft® Windows® Operating System"
  },
  "process_id": 8608,
  "type": "wineventlog",
  "source_name": "Microsoft-Windows-Sysmon",
  "task": "Image loaded (rule: ImageLoad)",
  "user": {
    "type": "Well Known Group",
    "identifier": "S-1-5-18",
    "name": "SYSTEM",
    "domain": "NT AUTHORITY"
  },
  "version": 3,
  "thread_id": 19220,
  "message": "Image loaded:\nUtcTime: 2018-03-05 07:32:40.386\nProcessGuid: {A376A8F6-F298-5A9C-0000-001071788803}\nProcessId: 25364\nImage: C:\\Program Files\\Mozilla Firefox\\firefox.exe\nImageLoaded: C:\\Windows\\System32\\DWrite.dll\nFileVersion: 10.0.16299.15 (WinBuild.160101.0800)\nDescription: Microsoft DirectX 입력 체계 서비스\nProduct: Microsoft® Windows® Operating System\nCompany: Microsoft Corporation\nHashes: MD5=04ADF62991CE74701D6CB5F581362161,SHA256=5F948F8B4F9E63DE990ECC9A8E36153C3B60CCE74D330778495AC288074A47BF\nSigned: true\nSignature: Microsoft Windows\nSignatureStatus: Valid",
  "beat": {
    "hostname": "DESKTOP-WJANG",
    "version": "6.2.2",
    "name": "DESKTOP-WJANG"
  },
  "record_number": "677",
  "log_name": "Microsoft-Windows-Sysmon/Operational",
  "level": "정보",
  "computer_name": "DESKTOP-WJANG"
}
{
  "@timestamp": "2018-03-05T07:32:40.397Z",
  "@metadata": {
    "beat": "winlogbeat",
    "type": "doc",
    "version": "6.2.2"
  },
  "computer_name": "DESKTOP-WJANG",
  "log_name": "Microsoft-Windows-Sysmon/Operational",
  "beat": {
    "name": "DESKTOP-WJANG",
    "hostname": "DESKTOP-WJANG",
    "version": "6.2.2"
  },
  "opcode": "정보",
  "message": "Image loaded:\nUtcTime: 2018-03-05 07:32:40.395\nProcessGuid: {A376A8F6-F298-5A9C-0000-001071788803}\nProcessId: 25364\nImage: C:\\Program Files\\Mozilla Firefox\\firefox.exe\nImageLoaded: C:\\Windows\\System32\\mscms.dll\nFileVersion: 10.0.16299.15 (WinBuild.160101.0800)\nDescription: Microsoft 색 일치 시스템 DLL\nProduct: Microsoft® Windows® Operating System\nCompany: Microsoft Corporation\nHashes: MD5=C61683CB6631D3E001AD6C3673408501,SHA256=92A72F37F66545EB16CEB500DD61A188BDBCA9D37F1AFA375436DBCEAF965064\nSigned: true\nSignature: Microsoft Windows\nSignatureStatus: Valid",
  "event_id": 7,
  "provider_guid": "{5770385F-C22A-43E0-BF4C-06F5698FFBD9}",
  "level": "정보",
  "version": 3,
  "event_data": {
    "ImageLoaded": "C:\\Windows\\System32\\mscms.dll",
    "Image": "C:\\Program Files\\Mozilla Firefox\\firefox.exe",
    "Product": "Microsoft® Windows® Operating System",
    "ProcessGuid": "{A376A8F6-F298-5A9C-0000-001071788803}",
    "Signed": "true",
    "SignatureStatus": "Valid",
    "Signature": "Microsoft Windows",
    "UtcTime": "2018-03-05 07:32:40.395",
    "ProcessId": "25364",
    "Description": "Microsoft 색 일치 시스템 DLL",
    "Company": "Microsoft Corporation",
    "FileVersion": "10.0.16299.15 (WinBuild.160101.0800)",
    "Hashes": "MD5=C61683CB6631D3E001AD6C3673408501,SHA256=92A72F37F66545EB16CEB500DD61A188BDBCA9D37F1AFA375436DBCEAF965064"
  },
  "task": "Image loaded (rule: ImageLoad)",
  "thread_id": 19220,
  "user": {
    "identifier": "S-1-5-18",
    "name": "SYSTEM",
    "domain": "NT AUTHORITY",
    "type": "Well Known Group"
  },
  "process_id": 8608,
  "record_number": "678",
  "source_name": "Microsoft-Windows-Sysmon",
  "type": "wineventlog"
}
{
  "@timestamp": "2018-03-05T07:32:40.400Z",
  "@metadata": {
    "beat": "winlogbeat",
    "type": "doc",
    "version": "6.2.2"
  },
  "process_id": 8608,
  "user": {
    "identifier": "S-1-5-18",
    "name": "SYSTEM",
    "domain": "NT AUTHORITY",
    "type": "Well Known Group"
  },
  "provider_guid": "{5770385F-C22A-43E0-BF4C-06F5698FFBD9}",
  "version": 3,
  "level": "정보",
  "task": "Image loaded (rule: ImageLoad)",
  "event_data": {
    "SignatureStatus": "Valid",
    "FileVersion": "10.0.16299.15 (WinBuild.160101.0800)",
    "Product": "Microsoft® Windows® Operating System",
    "ProcessId": "25364",
    "Hashes": "MD5=5557C136836206282F6343886A337EB4,SHA256=F5C25B53E8EBF55927F83E2484A706F8781FF75DB77C57BBBB8B2E02CB42273E",
    "UtcTime": "2018-03-05 07:32:40.399",
    "Image": "C:\\Program Files\\Mozilla Firefox\\firefox.exe",
    "ProcessGuid": "{A376A8F6-F298-5A9C-0000-001071788803}",
    "Company": "Microsoft Corporation",
    "Signed": "true",
    "Description": "Microsoft Color Management Module (CMM)",
    "Signature": "Microsoft Windows",
    "ImageLoaded": "C:\\Windows\\System32\\icm32.dll"
  },
  "computer_name": "DESKTOP-WJANG",
  "record_number": "679",
  "type": "wineventlog",
  "source_name": "Microsoft-Windows-Sysmon",
  "event_id": 7,
  "message": "Image loaded:\nUtcTime: 2018-03-05 07:32:40.399\nProcessGuid: {A376A8F6-F298-5A9C-0000-001071788803}\nProcessId: 25364\nImage: C:\\Program Files\\Mozilla Firefox\\firefox.exe\nImageLoaded: C:\\Windows\\System32\\icm32.dll\nFileVersion: 10.0.16299.15 (WinBuild.160101.0800)\nDescription: Microsoft Color Management Module (CMM)\nProduct: Microsoft® Windows® Operating System\nCompany: Microsoft Corporation\nHashes: MD5=5557C136836206282F6343886A337EB4,SHA256=F5C25B53E8EBF55927F83E2484A706F8781FF75DB77C57BBBB8B2E02CB42273E\nSigned: true\nSignature: Microsoft Windows\nSignatureStatus: Valid",
  "beat": {
    "version": "6.2.2",
    "name": "DESKTOP-WJANG",
    "hostname": "DESKTOP-WJANG"
  },
  "thread_id": 19220,
  "opcode": "정보",
  "log_name": "Microsoft-Windows-Sysmon/Operational"
}
{
  "@timestamp": "2018-03-05T07:32:40.407Z",
  "@metadata": {
    "beat": "winlogbeat",
    "type": "doc",
    "version": "6.2.2"
  },
  "message": "Image loaded:\nUtcTime: 2018-03-05 07:32:40.406\nProcessGuid: {A376A8F6-F298-5A9C-0000-001071788803}\nProcessId: 25364\nImage: C:\\Program Files\\Mozilla Firefox\\firefox.exe\nImageLoaded: C:\\Windows\\System32\\msctf.dll\nFileVersion: 10.0.16299.15 (WinBuild.160101.0800)\nDescription: MSCTF Server DLL\nProduct: Microsoft® Windows® Operating System\nCompany: Microsoft Corporation\nHashes: MD5=AC5E46903DC862773FF3F3F309CB0D3A,SHA256=AF7F07B0EF8BF1B0FD534DC13ACDED77368034CAB1CF54C048654FC9BD776C20\nSigned: true\nSignature: Microsoft Windows\nSignatureStatus: Valid",
  "opcode": "정보",
  "level": "정보",
  "user": {
    "identifier": "S-1-5-18",
    "name": "SYSTEM",
    "domain": "NT AUTHORITY",
    "type": "Well Known Group"
  },
  "thread_id": 19220,
  "computer_name": "DESKTOP-WJANG",
  "event_id": 7,
  "type": "wineventlog",
  "source_name": "Microsoft-Windows-Sysmon",
  "log_name": "Microsoft-Windows-Sysmon/Operational",
  "record_number": "680",
  "provider_guid": "{5770385F-C22A-43E0-BF4C-06F5698FFBD9}",
  "event_data": {
    "UtcTime": "2018-03-05 07:32:40.406",
    "ProcessGuid": "{A376A8F6-F298-5A9C-0000-001071788803}",
    "Hashes": "MD5=AC5E46903DC862773FF3F3F309CB0D3A,SHA256=AF7F07B0EF8BF1B0FD534DC13ACDED77368034CAB1CF54C048654FC9BD776C20",
    "Signed": "true",
    "ImageLoaded": "C:\\Windows\\System32\\msctf.dll",
    "Company": "Microsoft Corporation",
    "Signature": "Microsoft Windows",
    "ProcessId": "25364",
    "Product": "Microsoft® Windows® Operating System",
    "Image": "C:\\Program Files\\Mozilla Firefox\\firefox.exe",
    "Description": "MSCTF Server DLL",
    "FileVersion": "10.0.16299.15 (WinBuild.160101.0800)",
    "SignatureStatus": "Valid"
  },
  "version": 3,
  "beat": {
    "name": "DESKTOP-WJANG",
    "hostname": "DESKTOP-WJANG",
    "version": "6.2.2"
  },
  "task": "Image loaded (rule: ImageLoad)",
  "process_id": 8608
}
{
  "@timestamp": "2018-03-05T07:32:40.429Z",
  "@metadata": {
    "beat": "winlogbeat",
    "type": "doc",
    "version": "6.2.2"
  },
  "type": "wineventlog",
  "level": "정보",
  "thread_id": 19220,
  "task": "Image loaded (rule: ImageLoad)",
  "process_id": 8608,
  "user": {
    "identifier": "S-1-5-18",
    "name": "SYSTEM",
    "domain": "NT AUTHORITY",
    "type": "Well Known Group"
  },
  "event_data": {
    "ProcessId": "25364",
    "Image": "C:\\Program Files\\Mozilla Firefox\\firefox.exe",
    "Signed": "true",
    "ProcessGuid": "{A376A8F6-F298-5A9C-0000-001071788803}",
    "Product": "Microsoft® Windows® Operating System",
    "FileVersion": "10.0.16299.15 (WinBuild.160101.0800)",
    "Signature": "Microsoft Windows",
    "SignatureStatus": "Valid",
    "Hashes": "MD5=4785ACD9B68A2CEBC29B89A3567F1C21,SHA256=14AA7587279C910F77D5BF6407B7540D5105B8F0DED1EE6AADD9ACF72F2D4BAB",
    "ImageLoaded": "C:\\Windows\\System32\\MMDevAPI.dll",
    "Description": "MMDevice API",
    "UtcTime": "2018-03-05 07:32:40.427",
    "Company": "Microsoft Corporation"
  },
  "computer_name": "DESKTOP-WJANG",
  "record_number": "681",
  "event_id": 7,
  "log_name": "Microsoft-Windows-Sysmon/Operational",
  "opcode": "정보",
  "source_name": "Microsoft-Windows-Sysmon",
  "provider_guid": "{5770385F-C22A-43E0-BF4C-06F5698FFBD9}",
  "version": 3,
  "message": "Image loaded:\nUtcTime: 2018-03-05 07:32:40.427\nProcessGuid: {A376A8F6-F298-5A9C-0000-001071788803}\nProcessId: 25364\nImage: C:\\Program Files\\Mozilla Firefox\\firefox.exe\nImageLoaded: C:\\Windows\\System32\\MMDevAPI.dll\nFileVersion: 10.0.16299.15 (WinBuild.160101.0800)\nDescription: MMDevice API\nProduct: Microsoft® Windows® Operating System\nCompany: Microsoft Corporation\nHashes: MD5=4785ACD9B68A2CEBC29B89A3567F1C21,SHA256=14AA7587279C910F77D5BF6407B7540D5105B8F0DED1EE6AADD9ACF72F2D4BAB\nSigned: true\nSignature: Microsoft Windows\nSignatureStatus: Valid",
  "beat": {
    "hostname": "DESKTOP-WJANG",
    "version": "6.2.2",
    "name": "DESKTOP-WJANG"
  }
}
{
  "@timestamp": "2018-03-05T07:32:40.430Z",
  "@metadata": {
    "beat": "winlogbeat",
    "type": "doc",
    "version": "6.2.2"
  },
  "message": "Image loaded:\nUtcTime: 2018-03-05 07:32:40.428\nProcessGuid: {A376A8F6-F298-5A9C-0000-001071788803}\nProcessId: 25364\nImage: C:\\Program Files\\Mozilla Firefox\\firefox.exe\nImageLoaded: C:\\Windows\\System32\\propsys.dll\nFileVersion: 7.0.16299.15 (WinBuild.160101.0800)\nDescription: Microsoft 속성 시스템\nProduct: Windows® Search\nCompany: Microsoft Corporation\nHashes: MD5=521A51043879E980CB1B17735D41893A,SHA256=40557D1878BE949E67F8E795CC613EEC39CA8528620FA3B228AC4C00F7A1DAE4\nSigned: true\nSignature: Microsoft Windows\nSignatureStatus: Valid",
  "beat": {
    "name": "DESKTOP-WJANG",
    "hostname": "DESKTOP-WJANG",
    "version": "6.2.2"
  },
  "level": "정보",
  "user": {
    "type": "Well Known Group",
    "identifier": "S-1-5-18",
    "name": "SYSTEM",
    "domain": "NT AUTHORITY"
  },
  "type": "wineventlog",
  "version": 3,
  "provider_guid": "{5770385F-C22A-43E0-BF4C-06F5698FFBD9}",
  "event_data": {
    "Company": "Microsoft Corporation",
    "ProcessId": "25364",
    "Description": "Microsoft 속성 시스템",
    "SignatureStatus": "Valid",
    "Image": "C:\\Program Files\\Mozilla Firefox\\firefox.exe",
    "UtcTime": "2018-03-05 07:32:40.428",
    "FileVersion": "7.0.16299.15 (WinBuild.160101.0800)",
    "Product": "Windows® Search",
    "ProcessGuid": "{A376A8F6-F298-5A9C-0000-001071788803}",
    "Hashes": "MD5=521A51043879E980CB1B17735D41893A,SHA256=40557D1878BE949E67F8E795CC613EEC39CA8528620FA3B228AC4C00F7A1DAE4",
    "Signed": "true",
    "Signature": "Microsoft Windows",
    "ImageLoaded": "C:\\Windows\\System32\\propsys.dll"
  },
  "event_id": 7,
  "source_name": "Microsoft-Windows-Sysmon",
  "computer_name": "DESKTOP-WJANG",
  "record_number": "682",
  "process_id": 8608,
  "task": "Image loaded (rule: ImageLoad)",
  "log_name": "Microsoft-Windows-Sysmon/Operational",
  "opcode": "정보",
  "thread_id": 19220
}
{
  "@timestamp": "2018-03-05T07:32:40.434Z",
  "@metadata": {
    "beat": "winlogbeat",
    "type": "doc",
    "version": "6.2.2"
  },
  "user": {
    "identifier": "S-1-5-18",
    "name": "SYSTEM",
    "domain": "NT AUTHORITY",
    "type": "Well Known Group"
  },
  "computer_name": "DESKTOP-WJANG",
  "version": 3,
  "event_data": {
    "ProcessId": "25364",
    "Description": "오디오 세션",
    "Signed": "true",
    "ImageLoaded": "C:\\Windows\\System32\\AudioSes.dll",
    "Product": "Microsoft® Windows® Operating System",
    "UtcTime": "2018-03-05 07:32:40.432",
    "Hashes": "MD5=C9C3048A7119ABB0C5292F30CC0957B8,SHA256=228EECFB92BB4170364F8F4C6A17B698D92D141799C0946A6BABDFC3BB49D3F9",
    "ProcessGuid": "{A376A8F6-F298-5A9C-0000-001071788803}",
    "FileVersion": "10.0.16299.15 (WinBuild.160101.0800)",
    "Company": "Microsoft Corporation",
    "Signature": "Microsoft Windows",
    "Image": "C:\\Program Files\\Mozilla Firefox\\firefox.exe",
    "SignatureStatus": "Valid"
  },
  "event_id": 7,
  "process_id": 8608,
  "thread_id": 19220,
  "opcode": "정보",
  "provider_guid": "{5770385F-C22A-43E0-BF4C-06F5698FFBD9}",
  "type": "wineventlog",
  "level": "정보",
  "source_name": "Microsoft-Windows-Sysmon",
  "log_name": "Microsoft-Windows-Sysmon/Operational",
  "message": "Image loaded:\nUtcTime: 2018-03-05 07:32:40.432\nProcessGuid: {A376A8F6-F298-5A9C-0000-001071788803}\nProcessId: 25364\nImage: C:\\Program Files\\Mozilla Firefox\\firefox.exe\nImageLoaded: C:\\Windows\\System32\\AudioSes.dll\nFileVersion: 10.0.16299.15 (WinBuild.160101.0800)\nDescription: 오디오 세션\nProduct: Microsoft® Windows® Operating System\nCompany: Microsoft Corporation\nHashes: MD5=C9C3048A7119ABB0C5292F30CC0957B8,SHA256=228EECFB92BB4170364F8F4C6A17B698D92D141799C0946A6BABDFC3BB49D3F9\nSigned: true\nSignature: Microsoft Windows\nSignatureStatus: Valid",
  "task": "Image loaded (rule: ImageLoad)",
  "record_number": "683",
  "beat": {
    "hostname": "DESKTOP-WJANG",
    "version": "6.2.2",
    "name": "DESKTOP-WJANG"
  }
}
{
  "@timestamp": "2018-03-05T07:32:40.435Z",
  "@metadata": {
    "beat": "winlogbeat",
    "type": "doc",
    "version": "6.2.2"
  },
  "event_data": {
    "FileVersion": "10.0.16299.15 (WinBuild.160101.0800)",
    "Signed": "true",
    "ProcessGuid": "{A376A8F6-F298-5A9C-0000-001071788803}",
    "Hashes": "MD5=D3A508D064BDC7BA3DB7EFEF5AD0767E,SHA256=1D586BD2501FA7F29772C04D145219AF937BB84AE7076E35B3BB748B10994549",
    "SignatureStatus": "Valid",
    "ProcessId": "25364",
    "ImageLoaded": "C:\\Windows\\System32\\WinTypes.dll",
    "Product": "Microsoft® Windows® Operating System",
    "UtcTime": "2018-03-05 07:32:40.433",
    "Signature": "Microsoft Windows",
    "Description": "Windows 기본 형식 DLL",
    "Image": "C:\\Program Files\\Mozilla Firefox\\firefox.exe",
    "Company": "Microsoft Corporation"
  },
  "computer_name": "DESKTOP-WJANG",
  "level": "정보",
  "log_name": "Microsoft-Windows-Sysmon/Operational",
  "thread_id": 19220,
  "opcode": "정보",
  "beat": {
    "name": "DESKTOP-WJANG",
    "hostname": "DESKTOP-WJANG",
    "version": "6.2.2"
  },
  "type": "wineventlog",
  "task": "Image loaded (rule: ImageLoad)",
  "process_id": 8608,
  "user": {
    "identifier": "S-1-5-18",
    "name": "SYSTEM",
    "domain": "NT AUTHORITY",
    "type": "Well Known Group"
  },
  "source_name": "Microsoft-Windows-Sysmon",
  "provider_guid": "{5770385F-C22A-43E0-BF4C-06F5698FFBD9}",
  "version": 3,
  "message": "Image loaded:\nUtcTime: 2018-03-05 07:32:40.433\nProcessGuid: {A376A8F6-F298-5A9C-0000-001071788803}\nProcessId: 25364\nImage: C:\\Program Files\\Mozilla Firefox\\firefox.exe\nImageLoaded: C:\\Windows\\System32\\WinTypes.dll\nFileVersion: 10.0.16299.15 (WinBuild.160101.0800)\nDescription: Windows 기본 형식 DLL\nProduct: Microsoft® Windows® Operating System\nCompany: Microsoft Corporation\nHashes: MD5=D3A508D064BDC7BA3DB7EFEF5AD0767E,SHA256=1D586BD2501FA7F29772C04D145219AF937BB84AE7076E35B3BB748B10994549\nSigned: true\nSignature: Microsoft Windows\nSignatureStatus: Valid",
  "record_number": "684",
  "event_id": 7
}
{
  "@timestamp": "2018-03-05T07:32:40.442Z",
  "@metadata": {
    "beat": "winlogbeat",
    "type": "doc",
    "version": "6.2.2"
  },
  "task": "Image loaded (rule: ImageLoad)",
  "level": "정보",
  "thread_id": 19220,
  "record_number": "685",
  "event_data": {
    "Description": "Windows Runtime UI Foundation DLL",
    "Hashes": "MD5=95254CAAF5A853A1F0F0283467CCC7A6,SHA256=1998A144D0574AEDE542DC1FB934FF54E7C648D3267FEAF45263C0DB8729CA04",
    "Image": "C:\\Program Files\\Mozilla Firefox\\firefox.exe",
    "ImageLoaded": "C:\\Windows\\System32\\Windows.UI.dll",
    "SignatureStatus": "Valid",
    "ProcessId": "25364",
    "Company": "Microsoft Corporation",
    "ProcessGuid": "{A376A8F6-F298-5A9C-0000-001071788803}",
    "Product": "Microsoft® Windows® Operating System",
    "Signature": "Microsoft Windows",
    "Signed": "true",
    "UtcTime": "2018-03-05 07:32:40.439",
    "FileVersion": "10.0.16299.15 (WinBuild.160101.0800)"
  },
  "user": {
    "identifier": "S-1-5-18",
    "name": "SYSTEM",
    "domain": "NT AUTHORITY",
    "type": "Well Known Group"
  },
  "log_name": "Microsoft-Windows-Sysmon/Operational",
  "message": "Image loaded:\nUtcTime: 2018-03-05 07:32:40.439\nProcessGuid: {A376A8F6-F298-5A9C-0000-001071788803}\nProcessId: 25364\nImage: C:\\Program Files\\Mozilla Firefox\\firefox.exe\nImageLoaded: C:\\Windows\\System32\\Windows.UI.dll\nFileVersion: 10.0.16299.15 (WinBuild.160101.0800)\nDescription: Windows Runtime UI Foundation DLL\nProduct: Microsoft® Windows® Operating System\nCompany: Microsoft Corporation\nHashes: MD5=95254CAAF5A853A1F0F0283467CCC7A6,SHA256=1998A144D0574AEDE542DC1FB934FF54E7C648D3267FEAF45263C0DB8729CA04\nSigned: true\nSignature: Microsoft Windows\nSignatureStatus: Valid",
  "version": 3,
  "provider_guid": "{5770385F-C22A-43E0-BF4C-06F5698FFBD9}",
  "source_name": "Microsoft-Windows-Sysmon",
  "opcode": "정보",
  "event_id": 7,
  "process_id": 8608,
  "computer_name": "DESKTOP-WJANG",
  "beat": {
    "hostname": "DESKTOP-WJANG",
    "version": "6.2.2",
    "name": "DESKTOP-WJANG"
  },
  "type": "wineventlog"
}
{
  "@timestamp": "2018-03-05T07:32:40.442Z",
  "@metadata": {
    "beat": "winlogbeat",
    "type": "doc",
    "version": "6.2.2"
  },
  "record_number": "686",
  "log_name": "Microsoft-Windows-Sysmon/Operational",
  "event_id": 7,
  "type": "wineventlog",
  "computer_name": "DESKTOP-WJANG",
  "user": {
    "type": "Well Known Group",
    "identifier": "S-1-5-18",
    "name": "SYSTEM",
    "domain": "NT AUTHORITY"
  },
  "level": "정보",
  "provider_guid": "{5770385F-C22A-43E0-BF4C-06F5698FFBD9}",
  "source_name": "Microsoft-Windows-Sysmon",
  "event_data": {
    "UtcTime": "2018-03-05 07:32:40.440",
    "Product": "Microsoft® Windows® Operating System",
    "Company": "Microsoft Corporation",
    "Image": "C:\\Program Files\\Mozilla Firefox\\firefox.exe",
    "Hashes": "MD5=2200DDCAFFD79ADAFC33A0D9B52545C1,SHA256=91F6A6F8DB28712A87B3C1CD1DB414235871488EAE21C8914ACA3CD3380FF870",
    "Signed": "true",
    "SignatureStatus": "Valid",
    "FileVersion": "10.0.16299.248 (WinBuild.160101.0800)",
    "ProcessId": "25364",
    "ImageLoaded": "C:\\Windows\\System32\\TextInputFramework.dll",
    "Signature": "Microsoft Windows",
    "Description": "\"TextInputFramework.DYNLINK\"",
    "ProcessGuid": "{A376A8F6-F298-5A9C-0000-001071788803}"
  },
  "message": "Image loaded:\nUtcTime: 2018-03-05 07:32:40.440\nProcessGuid: {A376A8F6-F298-5A9C-0000-001071788803}\nProcessId: 25364\nImage: C:\\Program Files\\Mozilla Firefox\\firefox.exe\nImageLoaded: C:\\Windows\\System32\\TextInputFramework.dll\nFileVersion: 10.0.16299.248 (WinBuild.160101.0800)\nDescription: \"TextInputFramework.DYNLINK\"\nProduct: Microsoft® Windows® Operating System\nCompany: Microsoft Corporation\nHashes: MD5=2200DDCAFFD79ADAFC33A0D9B52545C1,SHA256=91F6A6F8DB28712A87B3C1CD1DB414235871488EAE21C8914ACA3CD3380FF870\nSigned: true\nSignature: Microsoft Windows\nSignatureStatus: Valid",
  "thread_id": 19220,
  "version": 3,
  "process_id": 8608,
  "task": "Image loaded (rule: ImageLoad)",
  "opcode": "정보",
  "beat": {
    "name": "DESKTOP-WJANG",
    "hostname": "DESKTOP-WJANG",
    "version": "6.2.2"
  }
}
{
  "@timestamp": "2018-03-05T07:32:40.443Z",
  "@metadata": {
    "beat": "winlogbeat",
    "type": "doc",
    "version": "6.2.2"
  },
  "event_id": 7,
  "opcode": "정보",
  "computer_name": "DESKTOP-WJANG",
  "source_name": "Microsoft-Windows-Sysmon",
  "process_id": 8608,
  "beat": {
    "name": "DESKTOP-WJANG",
    "hostname": "DESKTOP-WJANG",
    "version": "6.2.2"
  },
  "log_name": "Microsoft-Windows-Sysmon/Operational",
  "type": "wineventlog",
  "provider_guid": "{5770385F-C22A-43E0-BF4C-06F5698FFBD9}",
  "task": "Image loaded (rule: ImageLoad)",
  "user": {
    "identifier": "S-1-5-18",
    "name": "SYSTEM",
    "domain": "NT AUTHORITY",
    "type": "Well Known Group"
  },
  "event_data": {
    "ProcessId": "25364",
    "Image": "C:\\Program Files\\Mozilla Firefox\\firefox.exe",
    "Hashes": "MD5=CADCC3E0C3128F87D9212994F4D21FD4,SHA256=ACCA5DE81FD7229E141709804CAC9B75D40DF97F4A2DC5DA6041CDC945304F4F",
    "ProcessGuid": "{A376A8F6-F298-5A9C-0000-001071788803}",
    "FileVersion": "10.0.16299.15",
    "SignatureStatus": "Valid",
    "UtcTime": "2018-03-05 07:32:40.441",
    "Signed": "true",
    "Product": "Microsoft® Windows® Operating System",
    "Company": "Microsoft Corporation",
    "ImageLoaded": "C:\\Windows\\System32\\CoreUIComponents.dll",
    "Signature": "Microsoft Windows",
    "Description": "Microsoft Core UI Components Dll"
  },
  "level": "정보",
  "version": 3,
  "message": "Image loaded:\nUtcTime: 2018-03-05 07:32:40.441\nProcessGuid: {A376A8F6-F298-5A9C-0000-001071788803}\nProcessId: 25364\nImage: C:\\Program Files\\Mozilla Firefox\\firefox.exe\nImageLoaded: C:\\Windows\\System32\\CoreUIComponents.dll\nFileVersion: 10.0.16299.15\nDescription: Microsoft Core UI Components Dll\nProduct: Microsoft® Windows® Operating System\nCompany: Microsoft Corporation\nHashes: MD5=CADCC3E0C3128F87D9212994F4D21FD4,SHA256=ACCA5DE81FD7229E141709804CAC9B75D40DF97F4A2DC5DA6041CDC945304F4F\nSigned: true\nSignature: Microsoft Windows\nSignatureStatus: Valid",
  "thread_id": 19220,
  "record_number": "687"
}
{
  "@timestamp": "2018-03-05T07:32:40.444Z",
  "@metadata": {
    "beat": "winlogbeat",
    "type": "doc",
    "version": "6.2.2"
  },
  "version": 3,
  "log_name": "Microsoft-Windows-Sysmon/Operational",
  "computer_name": "DESKTOP-WJANG",
  "beat": {
    "name": "DESKTOP-WJANG",
    "hostname": "DESKTOP-WJANG",
    "version": "6.2.2"
  },
  "user": {
    "identifier": "S-1-5-18",
    "name": "SYSTEM",
    "domain": "NT AUTHORITY",
    "type": "Well Known Group"
  },
  "type": "wineventlog",
  "level": "정보",
  "opcode": "정보",
  "task": "Image loaded (rule: ImageLoad)",
  "source_name": "Microsoft-Windows-Sysmon",
  "thread_id": 19220,
  "event_data": {
    "Signed": "true",
    "Hashes": "MD5=CBA59790FE62C6896A7020DE0ADE2006,SHA256=DDBACEFB25D55E4AFB24E7BC58349C5D11E0EC66CD7D7C2FD5BA17BD8994DC7C",
    "UtcTime": "2018-03-05 07:32:40.442",
    "Product": "Microsoft® Windows® Operating System",
    "Description": "Microsoft CoreMessaging Dll",
    "SignatureStatus": "Valid",
    "ImageLoaded": "C:\\Windows\\System32\\CoreMessaging.dll",
    "FileVersion": "10.0.16299.15",
    "Company": "Microsoft Corporation",
    "Image": "C:\\Program Files\\Mozilla Firefox\\firefox.exe",
    "ProcessGuid": "{A376A8F6-F298-5A9C-0000-001071788803}",
    "ProcessId": "25364",
    "Signature": "Microsoft Windows"
  },
  "event_id": 7,
  "process_id": 8608,
  "record_number": "688",
  "message": "Image loaded:\nUtcTime: 2018-03-05 07:32:40.442\nProcessGuid: {A376A8F6-F298-5A9C-0000-001071788803}\nProcessId: 25364\nImage: C:\\Program Files\\Mozilla Firefox\\firefox.exe\nImageLoaded: C:\\Windows\\System32\\CoreMessaging.dll\nFileVersion: 10.0.16299.15\nDescription: Microsoft CoreMessaging Dll\nProduct: Microsoft® Windows® Operating System\nCompany: Microsoft Corporation\nHashes: MD5=CBA59790FE62C6896A7020DE0ADE2006,SHA256=DDBACEFB25D55E4AFB24E7BC58349C5D11E0EC66CD7D7C2FD5BA17BD8994DC7C\nSigned: true\nSignature: Microsoft Windows\nSignatureStatus: Valid",
  "provider_guid": "{5770385F-C22A-43E0-BF4C-06F5698FFBD9}"
}
{
  "@timestamp": "2018-03-05T07:32:40.523Z",
  "@metadata": {
    "beat": "winlogbeat",
    "type": "doc",
    "version": "6.2.2"
  },
  "type": "wineventlog",
  "computer_name": "DESKTOP-WJANG",
  "user": {
    "name": "SYSTEM",
    "domain": "NT AUTHORITY",
    "type": "Well Known Group",
    "identifier": "S-1-5-18"
  },
  "version": 3,
  "provider_guid": "{5770385F-C22A-43E0-BF4C-06F5698FFBD9}",
  "record_number": "689",
  "event_id": 7,
  "opcode": "정보",
  "event_data": {
    "ProcessId": "25364",
    "Hashes": "MD5=8669EA78BDF683871B96854B4291ADBD,SHA256=5F844214277B1F9411382043E0CEA7176B3AFAE0A86B7666AE091B2C6B486C17",
    "ProcessGuid": "{A376A8F6-F298-5A9C-0000-001071788803}",
    "Signature": "Mozilla Corporation",
    "Image": "C:\\Program Files\\Mozilla Firefox\\firefox.exe",
    "Company": "Mozilla Foundation",
    "Signed": "true",
    "SignatureStatus": "Valid",
    "ImageLoaded": "C:\\Program Files\\Mozilla Firefox\\IA2Marshal.dll",
    "FileVersion": "58.0.2",
    "Product": "Firefox",
    "UtcTime": "2018-03-05 07:32:40.522"
  },
  "process_id": 8608,
  "source_name": "Microsoft-Windows-Sysmon",
  "thread_id": 19220,
  "message": "Image loaded:\nUtcTime: 2018-03-05 07:32:40.522\nProcessGuid: {A376A8F6-F298-5A9C-0000-001071788803}\nProcessId: 25364\nImage: C:\\Program Files\\Mozilla Firefox\\firefox.exe\nImageLoaded: C:\\Program Files\\Mozilla Firefox\\IA2Marshal.dll\nFileVersion: 58.0.2\nDescription: \nProduct: Firefox\nCompany: Mozilla Foundation\nHashes: MD5=8669EA78BDF683871B96854B4291ADBD,SHA256=5F844214277B1F9411382043E0CEA7176B3AFAE0A86B7666AE091B2C6B486C17\nSigned: true\nSignature: Mozilla Corporation\nSignatureStatus: Valid",
  "task": "Image loaded (rule: ImageLoad)",
  "log_name": "Microsoft-Windows-Sysmon/Operational",
  "level": "정보",
  "beat": {
    "name": "DESKTOP-WJANG",
    "hostname": "DESKTOP-WJANG",
    "version": "6.2.2"
  }
}
{
  "@timestamp": "2018-03-05T07:32:40.539Z",
  "@metadata": {
    "beat": "winlogbeat",
    "type": "doc",
    "version": "6.2.2"
  },
  "provider_guid": "{5770385F-C22A-43E0-BF4C-06F5698FFBD9}",
  "event_id": 7,
  "beat": {
    "name": "DESKTOP-WJANG",
    "hostname": "DESKTOP-WJANG",
    "version": "6.2.2"
  },
  "type": "wineventlog",
  "record_number": "690",
  "opcode": "정보",
  "process_id": 8608,
  "thread_id": 19220,
  "computer_name": "DESKTOP-WJANG",
  "user": {
    "name": "SYSTEM",
    "domain": "NT AUTHORITY",
    "type": "Well Known Group",
    "identifier": "S-1-5-18"
  },
  "log_name": "Microsoft-Windows-Sysmon/Operational",
  "version": 3,
  "level": "정보",
  "message": "Image loaded:\nUtcTime: 2018-03-05 07:32:40.537\nProcessGuid: {A376A8F6-F298-5A9C-0000-001071788803}\nProcessId: 25364\nImage: C:\\Program Files\\Mozilla Firefox\\firefox.exe\nImageLoaded: C:\\Windows\\System32\\oleacc.dll\nFileVersion: 7.2.16299.15 (WinBuild.160101.0800)\nDescription: Active Accessibility Core Component\nProduct: Microsoft® Windows® Operating System\nCompany: Microsoft Corporation\nHashes: MD5=2C3B9E0B228BCCFDFFA44BAF3D07B755,SHA256=BDB7AF0C9ECB3148CBFD9166EA0C15DFCD4A167125DC5C158F72FA0A019F172F\nSigned: true\nSignature: Microsoft Windows\nSignatureStatus: Valid",
  "event_data": {
    "ProcessGuid": "{A376A8F6-F298-5A9C-0000-001071788803}",
    "ImageLoaded": "C:\\Windows\\System32\\oleacc.dll",
    "SignatureStatus": "Valid",
    "UtcTime": "2018-03-05 07:32:40.537",
    "Signature": "Microsoft Windows",
    "Image": "C:\\Program Files\\Mozilla Firefox\\firefox.exe",
    "Signed": "true",
    "ProcessId": "25364",
    "Product": "Microsoft® Windows® Operating System",
    "FileVersion": "7.2.16299.15 (WinBuild.160101.0800)",
    "Description": "Active Accessibility Core Component",
    "Hashes": "MD5=2C3B9E0B228BCCFDFFA44BAF3D07B755,SHA256=BDB7AF0C9ECB3148CBFD9166EA0C15DFCD4A167125DC5C158F72FA0A019F172F",
    "Company": "Microsoft Corporation"
  },
  "source_name": "Microsoft-Windows-Sysmon",
  "task": "Image loaded (rule: ImageLoad)"
}
{
  "@timestamp": "2018-03-05T07:32:40.627Z",
  "@metadata": {
    "beat": "winlogbeat",
    "type": "doc",
    "version": "6.2.2"
  },
  "source_name": "Microsoft-Windows-Sysmon",
  "task": "Image loaded (rule: ImageLoad)",
  "message": "Image loaded:\nUtcTime: 2018-03-05 07:32:40.054\nProcessGuid: {A376A8F6-F297-5A9C-0000-00104D2C8803}\nProcessId: 4624\nImage: C:\\Program Files\\Mozilla Firefox\\firefox.exe\nImageLoaded: C:\\Windows\\System32\\DriverStore\\FileRepository\\nv_ref_pubwu.inf_amd64_2e7fa54192fe16d0\\nvwgf2umx.dll\nFileVersion: 23.21.13.8813\nDescription: NVIDIA D3D10 Driver, Version 388.13 \nProduct: NVIDIA D3D10 drivers\nCompany: NVIDIA Corporation\nHashes: MD5=539D0E0A0532BCA445AB133658EB21EF,SHA256=8A41EC9403707E57C13D0D1D2FF7AD4ADBB1208E50303B0F27BCE021B988FAD1\nSigned: true\nSignature: Microsoft Windows Hardware Compatibility Publisher\nSignatureStatus: Valid",
  "user": {
    "identifier": "S-1-5-18",
    "name": "SYSTEM",
    "domain": "NT AUTHORITY",
    "type": "Well Known Group"
  },
  "thread_id": 23584,
  "type": "wineventlog",
  "provider_guid": "{5770385F-C22A-43E0-BF4C-06F5698FFBD9}",
  "version": 3,
  "record_number": "691",
  "event_id": 7,
  "event_data": {
    "UtcTime": "2018-03-05 07:32:40.054",
    "Description": "NVIDIA D3D10 Driver, Version 388.13 ",
    "SignatureStatus": "Valid",
    "Hashes": "MD5=539D0E0A0532BCA445AB133658EB21EF,SHA256=8A41EC9403707E57C13D0D1D2FF7AD4ADBB1208E50303B0F27BCE021B988FAD1",
    "ImageLoaded": "C:\\Windows\\System32\\DriverStore\\FileRepository\\nv_ref_pubwu.inf_amd64_2e7fa54192fe16d0\\nvwgf2umx.dll",
    "Product": "NVIDIA D3D10 drivers",
    "Company": "NVIDIA Corporation",
    "Image": "C:\\Program Files\\Mozilla Firefox\\firefox.exe",
    "Signed": "true",
    "ProcessGuid": "{A376A8F6-F297-5A9C-0000-00104D2C8803}",
    "ProcessId": "4624",
    "FileVersion": "23.21.13.8813",
    "Signature": "Microsoft Windows Hardware Compatibility Publisher"
  },
  "computer_name": "DESKTOP-WJANG",
  "process_id": 8608,
  "level": "정보",
  "opcode": "정보",
  "log_name": "Microsoft-Windows-Sysmon/Operational",
  "beat": {
    "name": "DESKTOP-WJANG",
    "hostname": "DESKTOP-WJANG",
    "version": "6.2.2"
  }
}
{
  "@timestamp": "2018-03-05T07:32:40.628Z",
  "@metadata": {
    "beat": "winlogbeat",
    "type": "doc",
    "version": "6.2.2"
  },
  "event_data": {
    "Signed": "true",
    "Image": "C:\\Program Files\\Mozilla Firefox\\firefox.exe",
    "ProcessGuid": "{A376A8F6-F296-5A9C-0000-0010274B8703}",
    "Signature": "Microsoft Windows Hardware Compatibility Publisher",
    "Hashes": "MD5=539D0E0A0532BCA445AB133658EB21EF,SHA256=8A41EC9403707E57C13D0D1D2FF7AD4ADBB1208E50303B0F27BCE021B988FAD1",
    "SignatureStatus": "Valid",
    "ProcessId": "25848",
    "Description": "NVIDIA D3D10 Driver, Version 388.13 ",
    "Product": "NVIDIA D3D10 drivers",
    "FileVersion": "23.21.13.8813",
    "UtcTime": "2018-03-05 07:32:39.895",
    "ImageLoaded": "C:\\Windows\\System32\\DriverStore\\FileRepository\\nv_ref_pubwu.inf_amd64_2e7fa54192fe16d0\\nvwgf2umx.dll",
    "Company": "NVIDIA Corporation"
  },
  "opcode": "정보",
  "log_name": "Microsoft-Windows-Sysmon/Operational",
  "type": "wineventlog",
  "message": "Image loaded:\nUtcTime: 2018-03-05 07:32:39.895\nProcessGuid: {A376A8F6-F296-5A9C-0000-0010274B8703}\nProcessId: 25848\nImage: C:\\Program Files\\Mozilla Firefox\\firefox.exe\nImageLoaded: C:\\Windows\\System32\\DriverStore\\FileRepository\\nv_ref_pubwu.inf_amd64_2e7fa54192fe16d0\\nvwgf2umx.dll\nFileVersion: 23.21.13.8813\nDescription: NVIDIA D3D10 Driver, Version 388.13 \nProduct: NVIDIA D3D10 drivers\nCompany: NVIDIA Corporation\nHashes: MD5=539D0E0A0532BCA445AB133658EB21EF,SHA256=8A41EC9403707E57C13D0D1D2FF7AD4ADBB1208E50303B0F27BCE021B988FAD1\nSigned: true\nSignature: Microsoft Windows Hardware Compatibility Publisher\nSignatureStatus: Valid",
  "thread_id": 23584,
  "process_id": 8608,
  "level": "정보",
  "provider_guid": "{5770385F-C22A-43E0-BF4C-06F5698FFBD9}",
  "event_id": 7,
  "version": 3,
  "user": {
    "name": "SYSTEM",
    "domain": "NT AUTHORITY",
    "type": "Well Known Group",
    "identifier": "S-1-5-18"
  },
  "beat": {
    "name": "DESKTOP-WJANG",
    "hostname": "DESKTOP-WJANG",
    "version": "6.2.2"
  },
  "source_name": "Microsoft-Windows-Sysmon",
  "task": "Image loaded (rule: ImageLoad)",
  "computer_name": "DESKTOP-WJANG",
  "record_number": "692"
}
{
  "@timestamp": "2018-03-05T07:32:40.660Z",
  "@metadata": {
    "beat": "winlogbeat",
    "type": "doc",
    "version": "6.2.2"
  },
  "user": {
    "type": "Well Known Group",
    "identifier": "S-1-5-18",
    "name": "SYSTEM",
    "domain": "NT AUTHORITY"
  },
  "record_number": "693",
  "version": 3,
  "level": "정보",
  "opcode": "정보",
  "source_name": "Microsoft-Windows-Sysmon",
  "thread_id": 23584,
  "computer_name": "DESKTOP-WJANG",
  "provider_guid": "{5770385F-C22A-43E0-BF4C-06F5698FFBD9}",
  "process_id": 8608,
  "task": "Image loaded (rule: ImageLoad)",
  "type": "wineventlog",
  "beat": {
    "version": "6.2.2",
    "name": "DESKTOP-WJANG",
    "hostname": "DESKTOP-WJANG"
  },
  "event_data": {
    "Signature": "NVIDIA Corporation",
    "FileVersion": "3.10.0.95",
    "ProcessGuid": "{A376A8F6-F298-5A9C-0000-001071788803}",
    "Image": "C:\\Program Files\\Mozilla Firefox\\firefox.exe",
    "SignatureStatus": "Valid",
    "Company": "NVIDIA Corporation",
    "Product": "NVIDIA GeForce Experience",
    "UtcTime": "2018-03-05 07:32:40.361",
    "ImageLoaded": "C:\\Windows\\System32\\nvspcap64.dll",
    "Hashes": "MD5=8360281598BA3A708FF3AC7B829ED3C4,SHA256=C5CA9C00C53CA953D66EEC24B4B2B73774A8033BB07D70C4AD7128C7A90035A3",
    "ProcessId": "25364",
    "Description": "NVIDIA Game Proxy",
    "Signed": "true"
  },
  "event_id": 7,
  "message": "Image loaded:\nUtcTime: 2018-03-05 07:32:40.361\nProcessGuid: {A376A8F6-F298-5A9C-0000-001071788803}\nProcessId: 25364\nImage: C:\\Program Files\\Mozilla Firefox\\firefox.exe\nImageLoaded: C:\\Windows\\System32\\nvspcap64.dll\nFileVersion: 3.10.0.95\nDescription: NVIDIA Game Proxy\nProduct: NVIDIA GeForce Experience\nCompany: NVIDIA Corporation\nHashes: MD5=8360281598BA3A708FF3AC7B829ED3C4,SHA256=C5CA9C00C53CA953D66EEC24B4B2B73774A8033BB07D70C4AD7128C7A90035A3\nSigned: true\nSignature: NVIDIA Corporation\nSignatureStatus: Valid",
  "log_name": "Microsoft-Windows-Sysmon/Operational"
}
{
  "@timestamp": "2018-03-05T07:32:40.661Z",
  "@metadata": {
    "beat": "winlogbeat",
    "type": "doc",
    "version": "6.2.2"
  },
  "user": {
    "name": "SYSTEM",
    "domain": "NT AUTHORITY",
    "type": "Well Known Group",
    "identifier": "S-1-5-18"
  },
  "provider_guid": "{5770385F-C22A-43E0-BF4C-06F5698FFBD9}",
  "level": "정보",
  "beat": {
    "name": "DESKTOP-WJANG",
    "hostname": "DESKTOP-WJANG",
    "version": "6.2.2"
  },
  "record_number": "694",
  "computer_name": "DESKTOP-WJANG",
  "opcode": "정보",
  "event_id": 7,
  "message": "Image loaded:\nUtcTime: 2018-03-05 07:32:40.059\nProcessGuid: {A376A8F6-F297-5A9C-0000-00104D2C8803}\nProcessId: 4624\nImage: C:\\Program Files\\Mozilla Firefox\\firefox.exe\nImageLoaded: C:\\Windows\\System32\\nvspcap64.dll\nFileVersion: 3.10.0.95\nDescription: NVIDIA Game Proxy\nProduct: NVIDIA GeForce Experience\nCompany: NVIDIA Corporation\nHashes: MD5=8360281598BA3A708FF3AC7B829ED3C4,SHA256=C5CA9C00C53CA953D66EEC24B4B2B73774A8033BB07D70C4AD7128C7A90035A3\nSigned: true\nSignature: NVIDIA Corporation\nSignatureStatus: Valid",
  "type": "wineventlog",
  "thread_id": 23584,
  "task": "Image loaded (rule: ImageLoad)",
  "event_data": {
    "Company": "NVIDIA Corporation",
    "Product": "NVIDIA GeForce Experience",
    "FileVersion": "3.10.0.95",
    "ProcessGuid": "{A376A8F6-F297-5A9C-0000-00104D2C8803}",
    "ImageLoaded": "C:\\Windows\\System32\\nvspcap64.dll",
    "SignatureStatus": "Valid",
    "Hashes": "MD5=8360281598BA3A708FF3AC7B829ED3C4,SHA256=C5CA9C00C53CA953D66EEC24B4B2B73774A8033BB07D70C4AD7128C7A90035A3",
    "Image": "C:\\Program Files\\Mozilla Firefox\\firefox.exe",
    "Signature": "NVIDIA Corporation",
    "UtcTime": "2018-03-05 07:32:40.059",
    "ProcessId": "4624",
    "Signed": "true",
    "Description": "NVIDIA Game Proxy"
  },
  "log_name": "Microsoft-Windows-Sysmon/Operational",
  "source_name": "Microsoft-Windows-Sysmon",
  "process_id": 8608,
  "version": 3
}
{
  "@timestamp": "2018-03-05T07:32:40.661Z",
  "@metadata": {
    "beat": "winlogbeat",
    "type": "doc",
    "version": "6.2.2"
  },
  "source_name": "Microsoft-Windows-Sysmon",
  "computer_name": "DESKTOP-WJANG",
  "record_number": "695",
  "version": 3,
  "log_name": "Microsoft-Windows-Sysmon/Operational",
  "provider_guid": "{5770385F-C22A-43E0-BF4C-06F5698FFBD9}",
  "beat": {
    "name": "DESKTOP-WJANG",
    "hostname": "DESKTOP-WJANG",
    "version": "6.2.2"
  },
  "event_id": 7,
  "event_data": {
    "Hashes": "MD5=8360281598BA3A708FF3AC7B829ED3C4,SHA256=C5CA9C00C53CA953D66EEC24B4B2B73774A8033BB07D70C4AD7128C7A90035A3",
    "Image": "C:\\Program Files\\Mozilla Firefox\\firefox.exe",
    "Description": "NVIDIA Game Proxy",
    "UtcTime": "2018-03-05 07:32:39.923",
    "ProcessGuid": "{A376A8F6-F296-5A9C-0000-0010274B8703}",
    "ImageLoaded": "C:\\Windows\\System32\\nvspcap64.dll",
    "Product": "NVIDIA GeForce Experience",
    "ProcessId": "25848",
    "Signed": "true",
    "Signature": "NVIDIA Corporation",
    "FileVersion": "3.10.0.95",
    "SignatureStatus": "Valid",
    "Company": "NVIDIA Corporation"
  },
  "level": "정보",
  "opcode": "정보",
  "task": "Image loaded (rule: ImageLoad)",
  "process_id": 8608,
  "message": "Image loaded:\nUtcTime: 2018-03-05 07:32:39.923\nProcessGuid: {A376A8F6-F296-5A9C-0000-0010274B8703}\nProcessId: 25848\nImage: C:\\Program Files\\Mozilla Firefox\\firefox.exe\nImageLoaded: C:\\Windows\\System32\\nvspcap64.dll\nFileVersion: 3.10.0.95\nDescription: NVIDIA Game Proxy\nProduct: NVIDIA GeForce Experience\nCompany: NVIDIA Corporation\nHashes: MD5=8360281598BA3A708FF3AC7B829ED3C4,SHA256=C5CA9C00C53CA953D66EEC24B4B2B73774A8033BB07D70C4AD7128C7A90035A3\nSigned: true\nSignature: NVIDIA Corporation\nSignatureStatus: Valid",
  "thread_id": 23584,
  "user": {
    "type": "Well Known Group",
    "identifier": "S-1-5-18",
    "name": "SYSTEM",
    "domain": "NT AUTHORITY"
  },
  "type": "wineventlog"
}
{
  "@timestamp": "2018-03-05T07:32:40.697Z",
  "@metadata": {
    "beat": "winlogbeat",
    "type": "doc",
    "version": "6.2.2"
  },
  "version": 5,
  "provider_guid": "{5770385F-C22A-43E0-BF4C-06F5698FFBD9}",
  "task": "Process Create (rule: ProcessCreate)",
  "opcode": "정보",
  "user": {
    "identifier": "S-1-5-18",
    "name": "SYSTEM",
    "domain": "NT AUTHORITY",
    "type": "Well Known Group"
  },
  "level": "정보",
  "record_number": "696",
  "beat": {
    "version": "6.2.2",
    "name": "DESKTOP-WJANG",
    "hostname": "DESKTOP-WJANG"
  },
  "event_data": {
    "Image": "C:\\Program Files\\Mozilla Firefox\\firefox.exe",
    "Description": "Firefox",
    "Hashes": "MD5=22819EB3C648583352AE83003E4C9A56,SHA256=4B69AE5B7D548EFC56FDBE2E650CE2B519AE0C9C928640023077B956C51A7138",
    "ParentProcessGuid": "{A376A8F6-F294-5A9C-0000-001052E48503}",
    "LogonId": "0x13b28a",
    "FileVersion": "58.0.2",
    "User": "DESKTOP-WJANG\\wook8170",
    "TerminalSessionId": "1",
    "ParentProcessId": "17704",
    "ProcessGuid": "{A376A8F6-F298-5A9C-0000-00104DED8803}",
    "ProcessId": "4084",
    "Product": "Firefox",
    "CommandLine": "\"C:\\Program Files\\Mozilla Firefox\\firefox.exe\" -contentproc --channel=\"17704.20.569505441\\1803637337\" -childID 3 -isForBrowser -intPrefs 5:50|6:-1|28:1000|34:20|35:5|36:10|45:128|46:10000|51:0|53:400|54:1|55:0|56:0|61:0|62:120|63:120|99:2|100:1|115:5000|125:0|127:0|138:10000|150:-1|158:24|159:32768|161:0|162:0|170:2|174:1048576|175:100|176:5000|178:600|180:1|188:20|191:4|195:0|204:60000| -boolPrefs 1:0|2:0|4:0|26:1|27:1|30:0|33:1|37:1|38:0|39:0|40:0|43:1|44:1|47:0|48:0|49:0|50:0|52:0|57:1|58:1|59:0|60:1|64:1|65:1|66:0|67:1|68:1|69:0|70:1|73:0|74:0|77:1|78:1|82:1|83:1|84:0|85:0|86:0|88:0|89:0|90:1|91:1|92:1|95:1|96:0|98:0|101:1|102:0|109:0|114:0|117:1|120:1|122:1|126:0|129:1|132:1|133:1|139:1|140:0|141:1|143:0|149:0|151:1|152:0|153:1|156:0|157:0|160:1|163:0|165:1|167:1|168:0|177:1|182:0|183:0|184:0|185:1|186:0|187:0|189:1|190:1|193:0|196:0|197:0|198:1|199:1|200:0|201:1|202:1|203:1|205:0|206:0|208:0|217:1|218:1|219:0|220:0|221:0| -stringPrefs \"3:7;release|97:0;|142:3;1.0|154:332;  ¼½¾ǃː̷̸։֊׃״؉؊٪۔܁܂܃܄ᅟᅠ᜵           ​‎‏‐’․‧\u2028\u2029‪‫‬‭‮ ‹›⁁⁄⁒ ⅓⅔⅕⅖⅗⅘⅙⅚⅛⅜⅝⅞⅟∕∶⎮╱⧶⧸⫻⫽⿰⿱⿲⿳⿴⿵⿶⿷⿸⿹⿺⿻　。〔〕〳゠ㅤ㈝㈞㎮㎯㏆㏟꞉︔︕︿﹝﹞﻿．／｡ﾠ￹￺￻￼�|155:4;high|192:38;{0aa63d4b-0bc0-4754-bd4a-1e621ca9132f}|\" -schedulerPrefs 0001,2 -greomni \"C:\\Program Files\\Mozilla Firefox\\omni.ja\" -appomni \"C:\\Program Files\\Mozilla Firefox\\browser\\omni.ja\" -appdir \"C:\\Program Files\\Mozilla Firefox\\browser\"  17704 \"\\\\.\\pipe\\gecko-crash-server-pipe.17704\" tab",
    "ParentCommandLine": "\"C:\\Program Files\\Mozilla Firefox\\firefox.exe\" ",
    "Company": "Mozilla Corporation",
    "CurrentDirectory": "C:\\Program Files\\Mozilla Firefox\\",
    "ParentImage": "C:\\Program Files\\Mozilla Firefox\\firefox.exe",
    "IntegrityLevel": "Low",
    "LogonGuid": "{A376A8F6-ECB5-5A9C-0000-00208AB21300}",
    "UtcTime": "2018-03-05 07:32:40.688"
  },
  "log_name": "Microsoft-Windows-Sysmon/Operational",
  "type": "wineventlog",
  "message": "Process Create:\nUtcTime: 2018-03-05 07:32:40.688\nProcessGuid: {A376A8F6-F298-5A9C-0000-00104DED8803}\nProcessId: 4084\nImage: C:\\Program Files\\Mozilla Firefox\\firefox.exe\nFileVersion: 58.0.2\nDescription: Firefox\nProduct: Firefox\nCompany: Mozilla Corporation\nCommandLine: \"C:\\Program Files\\Mozilla Firefox\\firefox.exe\" -contentproc --channel=\"17704.20.569505441\\1803637337\" -childID 3 -isForBrowser -intPrefs 5:50|6:-1|28:1000|34:20|35:5|36:10|45:128|46:10000|51:0|53:400|54:1|55:0|56:0|61:0|62:120|63:120|99:2|100:1|115:5000|125:0|127:0|138:10000|150:-1|158:24|159:32768|161:0|162:0|170:2|174:1048576|175:100|176:5000|178:600|180:1|188:20|191:4|195:0|204:60000| -boolPrefs 1:0|2:0|4:0|26:1|27:1|30:0|33:1|37:1|38:0|39:0|40:0|43:1|44:1|47:0|48:0|49:0|50:0|52:0|57:1|58:1|59:0|60:1|64:1|65:1|66:0|67:1|68:1|69:0|70:1|73:0|74:0|77:1|78:1|82:1|83:1|84:0|85:0|86:0|88:0|89:0|90:1|91:1|92:1|95:1|96:0|98:0|101:1|102:0|109:0|114:0|117:1|120:1|122:1|126:0|129:1|132:1|133:1|139:1|140:0|141:1|143:0|149:0|151:1|152:0|153:1|156:0|157:0|160:1|163:0|165:1|167:1|168:0|177:1|182:0|183:0|184:0|185:1|186:0|187:0|189:1|190:1|193:0|196:0|197:0|198:1|199:1|200:0|201:1|202:1|203:1|205:0|206:0|208:0|217:1|218:1|219:0|220:0|221:0| -stringPrefs \"3:7;release|97:0;|142:3;1.0|154:332;  ¼½¾ǃː̷̸։֊׃״؉؊٪۔܁܂܃܄ᅟᅠ᜵           ​‎‏‐’․‧\u2028\u2029‪‫‬‭‮ ‹›⁁⁄⁒ ⅓⅔⅕⅖⅗⅘⅙⅚⅛⅜⅝⅞⅟∕∶⎮╱⧶⧸⫻⫽⿰⿱⿲⿳⿴⿵⿶⿷⿸⿹⿺⿻　。〔〕〳゠ㅤ㈝㈞㎮㎯㏆㏟꞉︔︕︿﹝﹞﻿．／｡ﾠ￹￺￻￼�|155:4;high|192:38;{0aa63d4b-0bc0-4754-bd4a-1e621ca9132f}|\" -schedulerPrefs 0001,2 -greomni \"C:\\Program Files\\Mozilla Firefox\\omni.ja\" -appomni \"C:\\Program Files\\Mozilla Firefox\\browser\\omni.ja\" -appdir \"C:\\Program Files\\Mozilla Firefox\\browser\"  17704 \"\\\\.\\pipe\\gecko-crash-server-pipe.17704\" tab\nCurrentDirectory: C:\\Program Files\\Mozilla Firefox\\\nUser: DESKTOP-WJANG\\wook8170\nLogonGuid: {A376A8F6-ECB5-5A9C-0000-00208AB21300}\nLogonId: 0x13B28A\nTerminalSessionId: 1\nIntegrityLevel: Low\nHashes: MD5=22819EB3C648583352AE83003E4C9A56,SHA256=4B69AE5B7D548EFC56FDBE2E650CE2B519AE0C9C928640023077B956C51A7138\nParentProcessGuid: {A376A8F6-F294-5A9C-0000-001052E48503}\nParentProcessId: 17704\nParentImage: C:\\Program Files\\Mozilla Firefox\\firefox.exe\nParentCommandLine: \"C:\\Program Files\\Mozilla Firefox\\firefox.exe\" ",
  "source_name": "Microsoft-Windows-Sysmon",
  "process_id": 8608,
  "computer_name": "DESKTOP-WJANG",
  "thread_id": 19220,
  "event_id": 1
}
