{
  "@timestamp": "2018-03-05T07:32:40.065Z",
  "@metadata": {
    "beat": "winlogbeat",
    "type": "doc",
    "version": "6.2.2"
  },
  "opcode": "정보",
  "level": "정보",
  "event_data": {
    "Description": "ApiSet Stub DLL",
    "Product": "Microsoft® Windows® Operating System",
    "Image": "C:\\Program Files\\Mozilla Firefox\\firefox.exe",
    "Signature": "Microsoft Corporation",
    "ImageLoaded": "C:\\Program Files\\Mozilla Firefox\\api-ms-win-crt-time-l1-1-0.dll",
    "Company": "Microsoft Corporation",
    "UtcTime": "2018-03-05 07:32:40.063",
    "ProcessId": "25364",
    "ProcessGuid": "{A376A8F6-F298-5A9C-0000-001071788803}",
    "Hashes": "MD5=090027E2A3EF8D8EBF9CED36FDC7B492,SHA256=803B6F86F178E71F462DFDD6521C9F4791059C1FAB5DC86DE17C34C25E55F8BD",
    "Signed": "true",
    "SignatureStatus": "Valid",
    "FileVersion": "10.0.16299.15 (WinBuild.160101.0800)"
  },
  "computer_name": "DESKTOP-WJANG",
  "log_name": "Microsoft-Windows-Sysmon/Operational",
  "process_id": 8608,
  "beat": {
    "hostname": "DESKTOP-WJANG",
    "version": "6.2.2",
    "name": "DESKTOP-WJANG"
  },
  "version": 3,
  "task": "Image loaded (rule: ImageLoad)",
  "message": "Image loaded:\nUtcTime: 2018-03-05 07:32:40.063\nProcessGuid: {A376A8F6-F298-5A9C-0000-001071788803}\nProcessId: 25364\nImage: C:\\Program Files\\Mozilla Firefox\\firefox.exe\nImageLoaded: C:\\Program Files\\Mozilla Firefox\\api-ms-win-crt-time-l1-1-0.dll\nFileVersion: 10.0.16299.15 (WinBuild.160101.0800)\nDescription: ApiSet Stub DLL\nProduct: Microsoft® Windows® Operating System\nCompany: Microsoft Corporation\nHashes: MD5=090027E2A3EF8D8EBF9CED36FDC7B492,SHA256=803B6F86F178E71F462DFDD6521C9F4791059C1FAB5DC86DE17C34C25E55F8BD\nSigned: true\nSignature: Microsoft Corporation\nSignatureStatus: Valid",
  "type": "wineventlog",
  "source_name": "Microsoft-Windows-Sysmon",
  "user": {
    "identifier": "S-1-5-18",
    "name": "SYSTEM",
    "domain": "NT AUTHORITY",
    "type": "Well Known Group"
  },
  "event_id": 7,
  "provider_guid": "{5770385F-C22A-43E0-BF4C-06F5698FFBD9}",
  "thread_id": 19220,
  "record_number": "579"
}
{
  "@timestamp": "2018-03-05T07:32:40.066Z",
  "@metadata": {
    "beat": "winlogbeat",
    "type": "doc",
    "version": "6.2.2"
  },
  "task": "Image loaded (rule: ImageLoad)",
  "thread_id": 19220,
  "opcode": "정보",
  "message": "Image loaded:\nUtcTime: 2018-03-05 07:32:40.064\nProcessGuid: {A376A8F6-F298-5A9C-0000-001071788803}\nProcessId: 25364\nImage: C:\\Program Files\\Mozilla Firefox\\firefox.exe\nImageLoaded: C:\\Program Files\\Mozilla Firefox\\api-ms-win-crt-time-l1-1-0.dll\nFileVersion: 10.0.16299.15 (WinBuild.160101.0800)\nDescription: ApiSet Stub DLL\nProduct: Microsoft® Windows® Operating System\nCompany: Microsoft Corporation\nHashes: MD5=090027E2A3EF8D8EBF9CED36FDC7B492,SHA256=803B6F86F178E71F462DFDD6521C9F4791059C1FAB5DC86DE17C34C25E55F8BD\nSigned: true\nSignature: Microsoft Corporation\nSignatureStatus: Valid",
  "beat": {
    "version": "6.2.2",
    "name": "DESKTOP-WJANG",
    "hostname": "DESKTOP-WJANG"
  },
  "type": "wineventlog",
  "provider_guid": "{5770385F-C22A-43E0-BF4C-06F5698FFBD9}",
  "version": 3,
  "level": "정보",
  "process_id": 8608,
  "record_number": "580",
  "event_id": 7,
  "source_name": "Microsoft-Windows-Sysmon",
  "event_data": {
    "Company": "Microsoft Corporation",
    "FileVersion": "10.0.16299.15 (WinBuild.160101.0800)",
    "Description": "ApiSet Stub DLL",
    "Image": "C:\\Program Files\\Mozilla Firefox\\firefox.exe",
    "UtcTime": "2018-03-05 07:32:40.064",
    "ProcessId": "25364",
    "Product": "Microsoft® Windows® Operating System",
    "ProcessGuid": "{A376A8F6-F298-5A9C-0000-001071788803}",
    "Hashes": "MD5=090027E2A3EF8D8EBF9CED36FDC7B492,SHA256=803B6F86F178E71F462DFDD6521C9F4791059C1FAB5DC86DE17C34C25E55F8BD",
    "Signature": "Microsoft Corporation",
    "ImageLoaded": "C:\\Program Files\\Mozilla Firefox\\api-ms-win-crt-time-l1-1-0.dll",
    "Signed": "true",
    "SignatureStatus": "Valid"
  },
  "log_name": "Microsoft-Windows-Sysmon/Operational",
  "computer_name": "DESKTOP-WJANG",
  "user": {
    "identifier": "S-1-5-18",
    "name": "SYSTEM",
    "domain": "NT AUTHORITY",
    "type": "Well Known Group"
  }
}
{
  "@timestamp": "2018-03-05T07:32:40.066Z",
  "@metadata": {
    "beat": "winlogbeat",
    "type": "doc",
    "version": "6.2.2"
  },
  "message": "Image loaded:\nUtcTime: 2018-03-05 07:32:40.065\nProcessGuid: {A376A8F6-F294-5A9C-0000-001052E48503}\nProcessId: 17704\nImage: C:\\Program Files\\Mozilla Firefox\\firefox.exe\nImageLoaded: C:\\Windows\\System32\\dxgi.dll\nFileVersion: 10.0.16299.98 (WinBuild.160101.0800)\nDescription: DirectX Graphics Infrastructure\nProduct: Microsoft® Windows® Operating System\nCompany: Microsoft Corporation\nHashes: MD5=46D2F0E302BD88193D3FEDF1FE9EF250,SHA256=52C01852A4D8AC703D3F87A8484EB2E0C3737544B1D7F96B62BE44B438DBAE26\nSigned: true\nSignature: Microsoft Windows\nSignatureStatus: Valid",
  "computer_name": "DESKTOP-WJANG",
  "log_name": "Microsoft-Windows-Sysmon/Operational",
  "record_number": "581",
  "task": "Image loaded (rule: ImageLoad)",
  "beat": {
    "hostname": "DESKTOP-WJANG",
    "version": "6.2.2",
    "name": "DESKTOP-WJANG"
  },
  "event_id": 7,
  "opcode": "정보",
  "user": {
    "domain": "NT AUTHORITY",
    "type": "Well Known Group",
    "identifier": "S-1-5-18",
    "name": "SYSTEM"
  },
  "source_name": "Microsoft-Windows-Sysmon",
  "level": "정보",
  "event_data": {
    "UtcTime": "2018-03-05 07:32:40.065",
    "ProcessGuid": "{A376A8F6-F294-5A9C-0000-001052E48503}",
    "Company": "Microsoft Corporation",
    "Signed": "true",
    "Image": "C:\\Program Files\\Mozilla Firefox\\firefox.exe",
    "ProcessId": "17704",
    "ImageLoaded": "C:\\Windows\\System32\\dxgi.dll",
    "SignatureStatus": "Valid",
    "Product": "Microsoft® Windows® Operating System",
    "Description": "DirectX Graphics Infrastructure",
    "Signature": "Microsoft Windows",
    "FileVersion": "10.0.16299.98 (WinBuild.160101.0800)",
    "Hashes": "MD5=46D2F0E302BD88193D3FEDF1FE9EF250,SHA256=52C01852A4D8AC703D3F87A8484EB2E0C3737544B1D7F96B62BE44B438DBAE26"
  },
  "provider_guid": "{5770385F-C22A-43E0-BF4C-06F5698FFBD9}",
  "process_id": 8608,
  "thread_id": 19220,
  "type": "wineventlog",
  "version": 3
}
{
  "@timestamp": "2018-03-05T07:32:40.067Z",
  "@metadata": {
    "beat": "winlogbeat",
    "type": "doc",
    "version": "6.2.2"
  },
  "provider_guid": "{5770385F-C22A-43E0-BF4C-06F5698FFBD9}",
  "type": "wineventlog",
  "level": "정보",
  "version": 3,
  "message": "Image loaded:\nUtcTime: 2018-03-05 07:32:40.065\nProcessGuid: {A376A8F6-F298-5A9C-0000-001071788803}\nProcessId: 25364\nImage: C:\\Program Files\\Mozilla Firefox\\firefox.exe\nImageLoaded: C:\\Program Files\\Mozilla Firefox\\api-ms-win-crt-filesystem-l1-1-0.dll\nFileVersion: 10.0.16299.15 (WinBuild.160101.0800)\nDescription: ApiSet Stub DLL\nProduct: Microsoft® Windows® Operating System\nCompany: Microsoft Corporation\nHashes: MD5=C8211D9A8F2595C9EE6F75C9B6D5CB29,SHA256=B78607F566599E92BFA8FF5DE0F28C439207ABF17F274A045500A0D107287D41\nSigned: true\nSignature: Microsoft Corporation\nSignatureStatus: Valid",
  "log_name": "Microsoft-Windows-Sysmon/Operational",
  "event_id": 7,
  "opcode": "정보",
  "thread_id": 19220,
  "event_data": {
    "FileVersion": "10.0.16299.15 (WinBuild.160101.0800)",
    "Signed": "true",
    "UtcTime": "2018-03-05 07:32:40.065",
    "SignatureStatus": "Valid",
    "Hashes": "MD5=C8211D9A8F2595C9EE6F75C9B6D5CB29,SHA256=B78607F566599E92BFA8FF5DE0F28C439207ABF17F274A045500A0D107287D41",
    "Signature": "Microsoft Corporation",
    "Image": "C:\\Program Files\\Mozilla Firefox\\firefox.exe",
    "Description": "ApiSet Stub DLL",
    "Product": "Microsoft® Windows® Operating System",
    "ProcessId": "25364",
    "ImageLoaded": "C:\\Program Files\\Mozilla Firefox\\api-ms-win-crt-filesystem-l1-1-0.dll",
    "Company": "Microsoft Corporation",
    "ProcessGuid": "{A376A8F6-F298-5A9C-0000-001071788803}"
  },
  "computer_name": "DESKTOP-WJANG",
  "source_name": "Microsoft-Windows-Sysmon",
  "record_number": "582",
  "task": "Image loaded (rule: ImageLoad)",
  "process_id": 8608,
  "user": {
    "identifier": "S-1-5-18",
    "name": "SYSTEM",
    "domain": "NT AUTHORITY",
    "type": "Well Known Group"
  },
  "beat": {
    "name": "DESKTOP-WJANG",
    "hostname": "DESKTOP-WJANG",
    "version": "6.2.2"
  }
}
{
  "@timestamp": "2018-03-05T07:32:40.068Z",
  "@metadata": {
    "beat": "winlogbeat",
    "type": "doc",
    "version": "6.2.2"
  },
  "process_id": 8608,
  "record_number": "583",
  "log_name": "Microsoft-Windows-Sysmon/Operational",
  "level": "정보",
  "version": 3,
  "beat": {
    "name": "DESKTOP-WJANG",
    "hostname": "DESKTOP-WJANG",
    "version": "6.2.2"
  },
  "event_id": 7,
  "thread_id": 19220,
  "computer_name": "DESKTOP-WJANG",
  "user": {
    "name": "SYSTEM",
    "domain": "NT AUTHORITY",
    "type": "Well Known Group",
    "identifier": "S-1-5-18"
  },
  "type": "wineventlog",
  "event_data": {
    "SignatureStatus": "Valid",
    "ProcessId": "25364",
    "Signed": "true",
    "ProcessGuid": "{A376A8F6-F298-5A9C-0000-001071788803}",
    "Description": "ApiSet Stub DLL",
    "Company": "Microsoft Corporation",
    "Image": "C:\\Program Files\\Mozilla Firefox\\firefox.exe",
    "Product": "Microsoft® Windows® Operating System",
    "Signature": "Microsoft Corporation",
    "UtcTime": "2018-03-05 07:32:40.065",
    "Hashes": "MD5=C8211D9A8F2595C9EE6F75C9B6D5CB29,SHA256=B78607F566599E92BFA8FF5DE0F28C439207ABF17F274A045500A0D107287D41",
    "FileVersion": "10.0.16299.15 (WinBuild.160101.0800)",
    "ImageLoaded": "C:\\Program Files\\Mozilla Firefox\\api-ms-win-crt-filesystem-l1-1-0.dll"
  },
  "source_name": "Microsoft-Windows-Sysmon",
  "task": "Image loaded (rule: ImageLoad)",
  "opcode": "정보",
  "message": "Image loaded:\nUtcTime: 2018-03-05 07:32:40.065\nProcessGuid: {A376A8F6-F298-5A9C-0000-001071788803}\nProcessId: 25364\nImage: C:\\Program Files\\Mozilla Firefox\\firefox.exe\nImageLoaded: C:\\Program Files\\Mozilla Firefox\\api-ms-win-crt-filesystem-l1-1-0.dll\nFileVersion: 10.0.16299.15 (WinBuild.160101.0800)\nDescription: ApiSet Stub DLL\nProduct: Microsoft® Windows® Operating System\nCompany: Microsoft Corporation\nHashes: MD5=C8211D9A8F2595C9EE6F75C9B6D5CB29,SHA256=B78607F566599E92BFA8FF5DE0F28C439207ABF17F274A045500A0D107287D41\nSigned: true\nSignature: Microsoft Corporation\nSignatureStatus: Valid",
  "provider_guid": "{5770385F-C22A-43E0-BF4C-06F5698FFBD9}"
}
{
  "@timestamp": "2018-03-05T07:32:40.068Z",
  "@metadata": {
    "beat": "winlogbeat",
    "type": "doc",
    "version": "6.2.2"
  },
  "message": "Image loaded:\nUtcTime: 2018-03-05 07:32:40.066\nProcessGuid: {A376A8F6-F298-5A9C-0000-001071788803}\nProcessId: 25364\nImage: C:\\Program Files\\Mozilla Firefox\\firefox.exe\nImageLoaded: C:\\Program Files\\Mozilla Firefox\\api-ms-win-crt-environment-l1-1-0.dll\nFileVersion: 10.0.16299.15 (WinBuild.160101.0800)\nDescription: ApiSet Stub DLL\nProduct: Microsoft® Windows® Operating System\nCompany: Microsoft Corporation\nHashes: MD5=5746D1DC01F0A069F009ECD7F8738C41,SHA256=325E7BB5C8A3C7F9DB8698A570B7D9D9424A028D51F937A2DFF3DC5FF0B6E457\nSigned: true\nSignature: Microsoft Corporation\nSignatureStatus: Valid",
  "log_name": "Microsoft-Windows-Sysmon/Operational",
  "type": "wineventlog",
  "event_id": 7,
  "version": 3,
  "thread_id": 19220,
  "user": {
    "name": "SYSTEM",
    "domain": "NT AUTHORITY",
    "type": "Well Known Group",
    "identifier": "S-1-5-18"
  },
  "process_id": 8608,
  "level": "정보",
  "opcode": "정보",
  "beat": {
    "name": "DESKTOP-WJANG",
    "hostname": "DESKTOP-WJANG",
    "version": "6.2.2"
  },
  "record_number": "584",
  "computer_name": "DESKTOP-WJANG",
  "event_data": {
    "ProcessId": "25364",
    "UtcTime": "2018-03-05 07:32:40.066",
    "ImageLoaded": "C:\\Program Files\\Mozilla Firefox\\api-ms-win-crt-environment-l1-1-0.dll",
    "Company": "Microsoft Corporation",
    "Signature": "Microsoft Corporation",
    "FileVersion": "10.0.16299.15 (WinBuild.160101.0800)",
    "SignatureStatus": "Valid",
    "Description": "ApiSet Stub DLL",
    "Signed": "true",
    "Product": "Microsoft® Windows® Operating System",
    "Image": "C:\\Program Files\\Mozilla Firefox\\firefox.exe",
    "Hashes": "MD5=5746D1DC01F0A069F009ECD7F8738C41,SHA256=325E7BB5C8A3C7F9DB8698A570B7D9D9424A028D51F937A2DFF3DC5FF0B6E457",
    "ProcessGuid": "{A376A8F6-F298-5A9C-0000-001071788803}"
  },
  "task": "Image loaded (rule: ImageLoad)",
  "provider_guid": "{5770385F-C22A-43E0-BF4C-06F5698FFBD9}",
  "source_name": "Microsoft-Windows-Sysmon"
}
{
  "@timestamp": "2018-03-05T07:32:40.069Z",
  "@metadata": {
    "beat": "winlogbeat",
    "type": "doc",
    "version": "6.2.2"
  },
  "log_name": "Microsoft-Windows-Sysmon/Operational",
  "event_id": 7,
  "task": "Image loaded (rule: ImageLoad)",
  "beat": {
    "hostname": "DESKTOP-WJANG",
    "version": "6.2.2",
    "name": "DESKTOP-WJANG"
  },
  "event_data": {
    "Hashes": "MD5=5746D1DC01F0A069F009ECD7F8738C41,SHA256=325E7BB5C8A3C7F9DB8698A570B7D9D9424A028D51F937A2DFF3DC5FF0B6E457",
    "ProcessGuid": "{A376A8F6-F298-5A9C-0000-001071788803}",
    "Product": "Microsoft® Windows® Operating System",
    "UtcTime": "2018-03-05 07:32:40.067",
    "Image": "C:\\Program Files\\Mozilla Firefox\\firefox.exe",
    "Signature": "Microsoft Corporation",
    "ImageLoaded": "C:\\Program Files\\Mozilla Firefox\\api-ms-win-crt-environment-l1-1-0.dll",
    "Company": "Microsoft Corporation",
    "SignatureStatus": "Valid",
    "FileVersion": "10.0.16299.15 (WinBuild.160101.0800)",
    "Description": "ApiSet Stub DLL",
    "ProcessId": "25364",
    "Signed": "true"
  },
  "source_name": "Microsoft-Windows-Sysmon",
  "user": {
    "domain": "NT AUTHORITY",
    "type": "Well Known Group",
    "identifier": "S-1-5-18",
    "name": "SYSTEM"
  },
  "provider_guid": "{5770385F-C22A-43E0-BF4C-06F5698FFBD9}",
  "record_number": "585",
  "opcode": "정보",
  "process_id": 8608,
  "level": "정보",
  "version": 3,
  "type": "wineventlog",
  "computer_name": "DESKTOP-WJANG",
  "thread_id": 19220,
  "message": "Image loaded:\nUtcTime: 2018-03-05 07:32:40.067\nProcessGuid: {A376A8F6-F298-5A9C-0000-001071788803}\nProcessId: 25364\nImage: C:\\Program Files\\Mozilla Firefox\\firefox.exe\nImageLoaded: C:\\Program Files\\Mozilla Firefox\\api-ms-win-crt-environment-l1-1-0.dll\nFileVersion: 10.0.16299.15 (WinBuild.160101.0800)\nDescription: ApiSet Stub DLL\nProduct: Microsoft® Windows® Operating System\nCompany: Microsoft Corporation\nHashes: MD5=5746D1DC01F0A069F009ECD7F8738C41,SHA256=325E7BB5C8A3C7F9DB8698A570B7D9D9424A028D51F937A2DFF3DC5FF0B6E457\nSigned: true\nSignature: Microsoft Corporation\nSignatureStatus: Valid"
}
{
  "@timestamp": "2018-03-05T07:32:40.070Z",
  "@metadata": {
    "beat": "winlogbeat",
    "type": "doc",
    "version": "6.2.2"
  },
  "computer_name": "DESKTOP-WJANG",
  "process_id": 8608,
  "user": {
    "identifier": "S-1-5-18",
    "name": "SYSTEM",
    "domain": "NT AUTHORITY",
    "type": "Well Known Group"
  },
  "version": 3,
  "opcode": "정보",
  "event_data": {
    "ProcessGuid": "{A376A8F6-F298-5A9C-0000-001071788803}",
    "Company": "Microsoft Corporation",
    "FileVersion": "10.0.16299.15 (WinBuild.160101.0800)",
    "Signed": "true",
    "Hashes": "MD5=6BC85715C6A0006CDEFF1B3D7FFD796F,SHA256=7A578DD2CEB4387AE8F67F6A82AB553CA1570D1588AB6645859E5625585AF95C",
    "SignatureStatus": "Valid",
    "Product": "Microsoft® Windows® Operating System",
    "Signature": "Microsoft Corporation",
    "UtcTime": "2018-03-05 07:32:40.068",
    "Image": "C:\\Program Files\\Mozilla Firefox\\firefox.exe",
    "Description": "ApiSet Stub DLL",
    "ProcessId": "25364",
    "ImageLoaded": "C:\\Program Files\\Mozilla Firefox\\api-ms-win-crt-utility-l1-1-0.dll"
  },
  "type": "wineventlog",
  "record_number": "586",
  "level": "정보",
  "message": "Image loaded:\nUtcTime: 2018-03-05 07:32:40.068\nProcessGuid: {A376A8F6-F298-5A9C-0000-001071788803}\nProcessId: 25364\nImage: C:\\Program Files\\Mozilla Firefox\\firefox.exe\nImageLoaded: C:\\Program Files\\Mozilla Firefox\\api-ms-win-crt-utility-l1-1-0.dll\nFileVersion: 10.0.16299.15 (WinBuild.160101.0800)\nDescription: ApiSet Stub DLL\nProduct: Microsoft® Windows® Operating System\nCompany: Microsoft Corporation\nHashes: MD5=6BC85715C6A0006CDEFF1B3D7FFD796F,SHA256=7A578DD2CEB4387AE8F67F6A82AB553CA1570D1588AB6645859E5625585AF95C\nSigned: true\nSignature: Microsoft Corporation\nSignatureStatus: Valid",
  "beat": {
    "hostname": "DESKTOP-WJANG",
    "version": "6.2.2",
    "name": "DESKTOP-WJANG"
  },
  "provider_guid": "{5770385F-C22A-43E0-BF4C-06F5698FFBD9}",
  "task": "Image loaded (rule: ImageLoad)",
  "thread_id": 19220,
  "source_name": "Microsoft-Windows-Sysmon",
  "log_name": "Microsoft-Windows-Sysmon/Operational",
  "event_id": 7
}
{
  "@timestamp": "2018-03-05T07:32:40.071Z",
  "@metadata": {
    "beat": "winlogbeat",
    "type": "doc",
    "version": "6.2.2"
  },
  "process_id": 8608,
  "type": "wineventlog",
  "source_name": "Microsoft-Windows-Sysmon",
  "version": 3,
  "thread_id": 19220,
  "computer_name": "DESKTOP-WJANG",
  "log_name": "Microsoft-Windows-Sysmon/Operational",
  "event_id": 7,
  "user": {
    "name": "SYSTEM",
    "domain": "NT AUTHORITY",
    "type": "Well Known Group",
    "identifier": "S-1-5-18"
  },
  "task": "Image loaded (rule: ImageLoad)",
  "beat": {
    "name": "DESKTOP-WJANG",
    "hostname": "DESKTOP-WJANG",
    "version": "6.2.2"
  },
  "level": "정보",
  "message": "Image loaded:\nUtcTime: 2018-03-05 07:32:40.069\nProcessGuid: {A376A8F6-F298-5A9C-0000-001071788803}\nProcessId: 25364\nImage: C:\\Program Files\\Mozilla Firefox\\firefox.exe\nImageLoaded: C:\\Program Files\\Mozilla Firefox\\api-ms-win-crt-utility-l1-1-0.dll\nFileVersion: 10.0.16299.15 (WinBuild.160101.0800)\nDescription: ApiSet Stub DLL\nProduct: Microsoft® Windows® Operating System\nCompany: Microsoft Corporation\nHashes: MD5=6BC85715C6A0006CDEFF1B3D7FFD796F,SHA256=7A578DD2CEB4387AE8F67F6A82AB553CA1570D1588AB6645859E5625585AF95C\nSigned: true\nSignature: Microsoft Corporation\nSignatureStatus: Valid",
  "provider_guid": "{5770385F-C22A-43E0-BF4C-06F5698FFBD9}",
  "opcode": "정보",
  "record_number": "587",
  "event_data": {
    "ProcessId": "25364",
    "Product": "Microsoft® Windows® Operating System",
    "ProcessGuid": "{A376A8F6-F298-5A9C-0000-001071788803}",
    "Hashes": "MD5=6BC85715C6A0006CDEFF1B3D7FFD796F,SHA256=7A578DD2CEB4387AE8F67F6A82AB553CA1570D1588AB6645859E5625585AF95C",
    "Signed": "true",
    "Signature": "Microsoft Corporation",
    "SignatureStatus": "Valid",
    "ImageLoaded": "C:\\Program Files\\Mozilla Firefox\\api-ms-win-crt-utility-l1-1-0.dll",
    "UtcTime": "2018-03-05 07:32:40.069",
    "FileVersion": "10.0.16299.15 (WinBuild.160101.0800)",
    "Description": "ApiSet Stub DLL",
    "Company": "Microsoft Corporation",
    "Image": "C:\\Program Files\\Mozilla Firefox\\firefox.exe"
  }
}
{
  "@timestamp": "2018-03-05T07:32:40.071Z",
  "@metadata": {
    "beat": "winlogbeat",
    "type": "doc",
    "version": "6.2.2"
  },
  "version": 3,
  "message": "Image loaded:\nUtcTime: 2018-03-05 07:32:39.122\nProcessGuid: {A376A8F6-F294-5A9C-0000-001052E48503}\nProcessId: 17704\nImage: C:\\Program Files\\Mozilla Firefox\\firefox.exe\nImageLoaded: C:\\Program Files\\AhnLab\\Safe Transaction\\RunTmp\\klib.dll\nFileVersion: ?\nDescription: ?\nProduct: ?\nCompany: ?\nHashes: MD5=C37A04A853F939CB75354876D327D866,SHA256=E86C6596A430116CF38A198B1FC327D66E250A1F26973A0E962492727E484D09\nSigned: false\nSignature: \nSignatureStatus: Unavailable",
  "thread_id": 23584,
  "process_id": 8608,
  "user": {
    "identifier": "S-1-5-18",
    "name": "SYSTEM",
    "domain": "NT AUTHORITY",
    "type": "Well Known Group"
  },
  "log_name": "Microsoft-Windows-Sysmon/Operational",
  "level": "정보",
  "source_name": "Microsoft-Windows-Sysmon",
  "record_number": "588",
  "type": "wineventlog",
  "task": "Image loaded (rule: ImageLoad)",
  "opcode": "정보",
  "event_id": 7,
  "provider_guid": "{5770385F-C22A-43E0-BF4C-06F5698FFBD9}",
  "computer_name": "DESKTOP-WJANG",
  "event_data": {
    "SignatureStatus": "Unavailable",
    "Description": "?",
    "Company": "?",
    "Hashes": "MD5=C37A04A853F939CB75354876D327D866,SHA256=E86C6596A430116CF38A198B1FC327D66E250A1F26973A0E962492727E484D09",
    "FileVersion": "?",
    "Product": "?",
    "UtcTime": "2018-03-05 07:32:39.122",
    "ProcessGuid": "{A376A8F6-F294-5A9C-0000-001052E48503}",
    "Signed": "false",
    "Image": "C:\\Program Files\\Mozilla Firefox\\firefox.exe",
    "ImageLoaded": "C:\\Program Files\\AhnLab\\Safe Transaction\\RunTmp\\klib.dll",
    "ProcessId": "17704"
  },
  "beat": {
    "hostname": "DESKTOP-WJANG",
    "version": "6.2.2",
    "name": "DESKTOP-WJANG"
  }
}
{
  "@timestamp": "2018-03-05T07:32:40.072Z",
  "@metadata": {
    "beat": "winlogbeat",
    "type": "doc",
    "version": "6.2.2"
  },
  "thread_id": 19220,
  "log_name": "Microsoft-Windows-Sysmon/Operational",
  "provider_guid": "{5770385F-C22A-43E0-BF4C-06F5698FFBD9}",
  "task": "Image loaded (rule: ImageLoad)",
  "type": "wineventlog",
  "level": "정보",
  "opcode": "정보",
  "computer_name": "DESKTOP-WJANG",
  "event_data": {
    "SignatureStatus": "Valid",
    "UtcTime": "2018-03-05 07:32:40.071",
    "Image": "C:\\Program Files\\Mozilla Firefox\\firefox.exe",
    "Hashes": "MD5=CE33E864071965A945EBF037649E47E0,SHA256=1FDACB937B711ADC83764454BB3D9948B2188C32EF8FB9D1B39CACF4E9DC866F",
    "Signed": "true",
    "ProcessGuid": "{A376A8F6-F298-5A9C-0000-001071788803}",
    "ProcessId": "25364",
    "FileVersion": "58.0.2",
    "Signature": "Mozilla Corporation",
    "ImageLoaded": "C:\\Program Files\\Mozilla Firefox\\nss3.dll",
    "Product": "Firefox",
    "Company": "Mozilla Foundation"
  },
  "record_number": "589",
  "user": {
    "name": "SYSTEM",
    "domain": "NT AUTHORITY",
    "type": "Well Known Group",
    "identifier": "S-1-5-18"
  },
  "event_id": 7,
  "version": 3,
  "beat": {
    "name": "DESKTOP-WJANG",
    "hostname": "DESKTOP-WJANG",
    "version": "6.2.2"
  },
  "source_name": "Microsoft-Windows-Sysmon",
  "message": "Image loaded:\nUtcTime: 2018-03-05 07:32:40.071\nProcessGuid: {A376A8F6-F298-5A9C-0000-001071788803}\nProcessId: 25364\nImage: C:\\Program Files\\Mozilla Firefox\\firefox.exe\nImageLoaded: C:\\Program Files\\Mozilla Firefox\\nss3.dll\nFileVersion: 58.0.2\nDescription: \nProduct: Firefox\nCompany: Mozilla Foundation\nHashes: MD5=CE33E864071965A945EBF037649E47E0,SHA256=1FDACB937B711ADC83764454BB3D9948B2188C32EF8FB9D1B39CACF4E9DC866F\nSigned: true\nSignature: Mozilla Corporation\nSignatureStatus: Valid",
  "process_id": 8608
}
{
  "@timestamp": "2018-03-05T07:32:40.073Z",
  "@metadata": {
    "beat": "winlogbeat",
    "type": "doc",
    "version": "6.2.2"
  },
  "version": 3,
  "message": "Image loaded:\nUtcTime: 2018-03-05 07:32:40.071\nProcessGuid: {A376A8F6-F298-5A9C-0000-001071788803}\nProcessId: 25364\nImage: C:\\Program Files\\Mozilla Firefox\\firefox.exe\nImageLoaded: C:\\Windows\\System32\\ws2_32.dll\nFileVersion: 10.0.16299.15 (WinBuild.160101.0800)\nDescription: Windows 소켓 2.0 32비트 DLL\nProduct: Microsoft® Windows® Operating System\nCompany: Microsoft Corporation\nHashes: MD5=65F9A604979FA0B95B35C7124DE7A8EC,SHA256=E22B1B714877E65711FBA8E965B00237BB17B636D859EAD8336460D1E4094EFD\nSigned: true\nSignature: Microsoft Windows\nSignatureStatus: Valid",
  "task": "Image loaded (rule: ImageLoad)",
  "beat": {
    "version": "6.2.2",
    "name": "DESKTOP-WJANG",
    "hostname": "DESKTOP-WJANG"
  },
  "source_name": "Microsoft-Windows-Sysmon",
  "process_id": 8608,
  "type": "wineventlog",
  "event_data": {
    "FileVersion": "10.0.16299.15 (WinBuild.160101.0800)",
    "Description": "Windows 소켓 2.0 32비트 DLL",
    "Image": "C:\\Program Files\\Mozilla Firefox\\firefox.exe",
    "Company": "Microsoft Corporation",
    "ImageLoaded": "C:\\Windows\\System32\\ws2_32.dll",
    "SignatureStatus": "Valid",
    "ProcessGuid": "{A376A8F6-F298-5A9C-0000-001071788803}",
    "UtcTime": "2018-03-05 07:32:40.071",
    "ProcessId": "25364",
    "Signature": "Microsoft Windows",
    "Hashes": "MD5=65F9A604979FA0B95B35C7124DE7A8EC,SHA256=E22B1B714877E65711FBA8E965B00237BB17B636D859EAD8336460D1E4094EFD",
    "Product": "Microsoft® Windows® Operating System",
    "Signed": "true"
  },
  "provider_guid": "{5770385F-C22A-43E0-BF4C-06F5698FFBD9}",
  "opcode": "정보",
  "user": {
    "name": "SYSTEM",
    "domain": "NT AUTHORITY",
    "type": "Well Known Group",
    "identifier": "S-1-5-18"
  },
  "level": "정보",
  "log_name": "Microsoft-Windows-Sysmon/Operational",
  "event_id": 7,
  "computer_name": "DESKTOP-WJANG",
  "record_number": "590",
  "thread_id": 19220
}
{
  "@timestamp": "2018-03-05T07:32:40.074Z",
  "@metadata": {
    "beat": "winlogbeat",
    "type": "doc",
    "version": "6.2.2"
  },
  "event_data": {
    "SignatureStatus": "Valid",
    "Image": "C:\\Program Files\\Mozilla Firefox\\firefox.exe",
    "Hashes": "MD5=C5C456871B479BDBD662268DFFCBD126,SHA256=61F642B6440273E70A27ED9BE420177182706CA11795987E66AD2435092B06B1",
    "Signed": "true",
    "Company": "Microsoft Corporation",
    "ImageLoaded": "C:\\Windows\\System32\\winmm.dll",
    "ProcessGuid": "{A376A8F6-F298-5A9C-0000-001071788803}",
    "Description": "MCI API DLL",
    "FileVersion": "10.0.16299.15 (WinBuild.160101.0800)",
    "Signature": "Microsoft Windows",
    "UtcTime": "2018-03-05 07:32:40.072",
    "Product": "Microsoft® Windows® Operating System",
    "ProcessId": "25364"
  },
  "record_number": "591",
  "user": {
    "type": "Well Known Group",
    "identifier": "S-1-5-18",
    "name": "SYSTEM",
    "domain": "NT AUTHORITY"
  },
  "thread_id": 19220,
  "level": "정보",
  "beat": {
    "name": "DESKTOP-WJANG",
    "hostname": "DESKTOP-WJANG",
    "version": "6.2.2"
  },
  "log_name": "Microsoft-Windows-Sysmon/Operational",
  "provider_guid": "{5770385F-C22A-43E0-BF4C-06F5698FFBD9}",
  "opcode": "정보",
  "message": "Image loaded:\nUtcTime: 2018-03-05 07:32:40.072\nProcessGuid: {A376A8F6-F298-5A9C-0000-001071788803}\nProcessId: 25364\nImage: C:\\Program Files\\Mozilla Firefox\\firefox.exe\nImageLoaded: C:\\Windows\\System32\\winmm.dll\nFileVersion: 10.0.16299.15 (WinBuild.160101.0800)\nDescription: MCI API DLL\nProduct: Microsoft® Windows® Operating System\nCompany: Microsoft Corporation\nHashes: MD5=C5C456871B479BDBD662268DFFCBD126,SHA256=61F642B6440273E70A27ED9BE420177182706CA11795987E66AD2435092B06B1\nSigned: true\nSignature: Microsoft Windows\nSignatureStatus: Valid",
  "source_name": "Microsoft-Windows-Sysmon",
  "event_id": 7,
  "version": 3,
  "computer_name": "DESKTOP-WJANG",
  "type": "wineventlog",
  "process_id": 8608,
  "task": "Image loaded (rule: ImageLoad)"
}
{
  "@timestamp": "2018-03-05T07:32:40.075Z",
  "@metadata": {
    "beat": "winlogbeat",
    "type": "doc",
    "version": "6.2.2"
  },
  "thread_id": 19220,
  "event_data": {
    "UtcTime": "2018-03-05 07:32:40.073",
    "Hashes": "MD5=514BF844F53C410B3C2ADA2995E19517,SHA256=B4BD9BAF4E67756717216C62F117FE5B3B4B38AE060C989F7D6476C864B82C91",
    "Signed": "true",
    "SignatureStatus": "Valid",
    "Image": "C:\\Program Files\\Mozilla Firefox\\firefox.exe",
    "Signature": "Microsoft Windows",
    "ImageLoaded": "C:\\Windows\\System32\\wsock32.dll",
    "Company": "Microsoft Corporation",
    "Product": "Microsoft® Windows® Operating System",
    "ProcessId": "25364",
    "FileVersion": "10.0.16299.15 (WinBuild.160101.0800)",
    "Description": "Windows Socket 32-Bit DLL",
    "ProcessGuid": "{A376A8F6-F298-5A9C-0000-001071788803}"
  },
  "beat": {
    "hostname": "DESKTOP-WJANG",
    "version": "6.2.2",
    "name": "DESKTOP-WJANG"
  },
  "type": "wineventlog",
  "computer_name": "DESKTOP-WJANG",
  "level": "정보",
  "event_id": 7,
  "log_name": "Microsoft-Windows-Sysmon/Operational",
  "provider_guid": "{5770385F-C22A-43E0-BF4C-06F5698FFBD9}",
  "source_name": "Microsoft-Windows-Sysmon",
  "record_number": "592",
  "version": 3,
  "user": {
    "domain": "NT AUTHORITY",
    "type": "Well Known Group",
    "identifier": "S-1-5-18",
    "name": "SYSTEM"
  },
  "task": "Image loaded (rule: ImageLoad)",
  "opcode": "정보",
  "message": "Image loaded:\nUtcTime: 2018-03-05 07:32:40.073\nProcessGuid: {A376A8F6-F298-5A9C-0000-001071788803}\nProcessId: 25364\nImage: C:\\Program Files\\Mozilla Firefox\\firefox.exe\nImageLoaded: C:\\Windows\\System32\\wsock32.dll\nFileVersion: 10.0.16299.15 (WinBuild.160101.0800)\nDescription: Windows Socket 32-Bit DLL\nProduct: Microsoft® Windows® Operating System\nCompany: Microsoft Corporation\nHashes: MD5=514BF844F53C410B3C2ADA2995E19517,SHA256=B4BD9BAF4E67756717216C62F117FE5B3B4B38AE060C989F7D6476C864B82C91\nSigned: true\nSignature: Microsoft Windows\nSignatureStatus: Valid",
  "process_id": 8608
}
{
  "@timestamp": "2018-03-05T07:32:40.076Z",
  "@metadata": {
    "beat": "winlogbeat",
    "type": "doc",
    "version": "6.2.2"
  },
  "thread_id": 19220,
  "level": "정보",
  "computer_name": "DESKTOP-WJANG",
  "opcode": "정보",
  "user": {
    "domain": "NT AUTHORITY",
    "type": "Well Known Group",
    "identifier": "S-1-5-18",
    "name": "SYSTEM"
  },
  "process_id": 8608,
  "record_number": "593",
  "source_name": "Microsoft-Windows-Sysmon",
  "event_id": 7,
  "provider_guid": "{5770385F-C22A-43E0-BF4C-06F5698FFBD9}",
  "beat": {
    "name": "DESKTOP-WJANG",
    "hostname": "DESKTOP-WJANG",
    "version": "6.2.2"
  },
  "log_name": "Microsoft-Windows-Sysmon/Operational",
  "task": "Image loaded (rule: ImageLoad)",
  "message": "Image loaded:\nUtcTime: 2018-03-05 07:32:40.074\nProcessGuid: {A376A8F6-F298-5A9C-0000-001071788803}\nProcessId: 25364\nImage: C:\\Program Files\\Mozilla Firefox\\firefox.exe\nImageLoaded: C:\\Windows\\System32\\winmmbase.dll\nFileVersion: 10.0.16299.15 (WinBuild.160101.0800)\nDescription: Base Multimedia Extension API DLL\nProduct: Microsoft® Windows® Operating System\nCompany: Microsoft Corporation\nHashes: MD5=F6CF22C148762CAC151D0739C7E491EF,SHA256=B864F145C7CB37F7695118961FAB68F8216D023AE90F8CCB31FDC7F5EA352114\nSigned: true\nSignature: Microsoft Windows\nSignatureStatus: Valid",
  "version": 3,
  "type": "wineventlog",
  "event_data": {
    "ProcessId": "25364",
    "FileVersion": "10.0.16299.15 (WinBuild.160101.0800)",
    "ImageLoaded": "C:\\Windows\\System32\\winmmbase.dll",
    "Signature": "Microsoft Windows",
    "Hashes": "MD5=F6CF22C148762CAC151D0739C7E491EF,SHA256=B864F145C7CB37F7695118961FAB68F8216D023AE90F8CCB31FDC7F5EA352114",
    "Description": "Base Multimedia Extension API DLL",
    "SignatureStatus": "Valid",
    "Company": "Microsoft Corporation",
    "UtcTime": "2018-03-05 07:32:40.074",
    "Product": "Microsoft® Windows® Operating System",
    "Image": "C:\\Program Files\\Mozilla Firefox\\firefox.exe",
    "ProcessGuid": "{A376A8F6-F298-5A9C-0000-001071788803}",
    "Signed": "true"
  }
}
{
  "@timestamp": "2018-03-05T07:32:40.077Z",
  "@metadata": {
    "beat": "winlogbeat",
    "type": "doc",
    "version": "6.2.2"
  },
  "source_name": "Microsoft-Windows-Sysmon",
  "computer_name": "DESKTOP-WJANG",
  "type": "wineventlog",
  "opcode": "정보",
  "message": "Image loaded:\nUtcTime: 2018-03-05 07:32:40.074\nProcessGuid: {A376A8F6-F298-5A9C-0000-001071788803}\nProcessId: 25364\nImage: C:\\Program Files\\Mozilla Firefox\\firefox.exe\nImageLoaded: C:\\Windows\\System32\\cfgmgr32.dll\nFileVersion: 10.0.16299.15 (WinBuild.160101.0800)\nDescription: Configuration Manager DLL\nProduct: Microsoft® Windows® Operating System\nCompany: Microsoft Corporation\nHashes: MD5=8A4B53289A302D72F6FD7E20C3F6DF82,SHA256=30C4191AFB1BA37833FF4155890CE9F7869CAD645C39F1EEA0EFA3374D799D53\nSigned: true\nSignature: Microsoft Windows\nSignatureStatus: Valid",
  "event_id": 7,
  "level": "정보",
  "process_id": 8608,
  "record_number": "594",
  "user": {
    "identifier": "S-1-5-18",
    "name": "SYSTEM",
    "domain": "NT AUTHORITY",
    "type": "Well Known Group"
  },
  "provider_guid": "{5770385F-C22A-43E0-BF4C-06F5698FFBD9}",
  "task": "Image loaded (rule: ImageLoad)",
  "version": 3,
  "thread_id": 19220,
  "event_data": {
    "ProcessGuid": "{A376A8F6-F298-5A9C-0000-001071788803}",
    "Product": "Microsoft® Windows® Operating System",
    "FileVersion": "10.0.16299.15 (WinBuild.160101.0800)",
    "Image": "C:\\Program Files\\Mozilla Firefox\\firefox.exe",
    "ProcessId": "25364",
    "Company": "Microsoft Corporation",
    "Signature": "Microsoft Windows",
    "Description": "Configuration Manager DLL",
    "Signed": "true",
    "Hashes": "MD5=8A4B53289A302D72F6FD7E20C3F6DF82,SHA256=30C4191AFB1BA37833FF4155890CE9F7869CAD645C39F1EEA0EFA3374D799D53",
    "SignatureStatus": "Valid",
    "ImageLoaded": "C:\\Windows\\System32\\cfgmgr32.dll",
    "UtcTime": "2018-03-05 07:32:40.074"
  },
  "beat": {
    "version": "6.2.2",
    "name": "DESKTOP-WJANG",
    "hostname": "DESKTOP-WJANG"
  },
  "log_name": "Microsoft-Windows-Sysmon/Operational"
}
{
  "@timestamp": "2018-03-05T07:32:40.079Z",
  "@metadata": {
    "beat": "winlogbeat",
    "type": "doc",
    "version": "6.2.2"
  },
  "provider_guid": "{5770385F-C22A-43E0-BF4C-06F5698FFBD9}",
  "level": "정보",
  "computer_name": "DESKTOP-WJANG",
  "message": "Image loaded:\nUtcTime: 2018-03-05 07:32:40.076\nProcessGuid: {A376A8F6-F298-5A9C-0000-001071788803}\nProcessId: 25364\nImage: C:\\Program Files\\Mozilla Firefox\\firefox.exe\nImageLoaded: C:\\Program Files\\Mozilla Firefox\\lgpllibs.dll\nFileVersion: 58.0.2\nDescription: \nProduct: Firefox\nCompany: Mozilla Foundation\nHashes: MD5=C29FDC1546C3C525C69B6D23193D07EF,SHA256=6808CAAC17FA1ECEA61645ECD215FCD8D48F8BEDC635444A6D84087D44230076\nSigned: true\nSignature: Mozilla Corporation\nSignatureStatus: Valid",
  "type": "wineventlog",
  "event_id": 7,
  "record_number": "595",
  "event_data": {
    "Image": "C:\\Program Files\\Mozilla Firefox\\firefox.exe",
    "Signed": "true",
    "ProcessId": "25364",
    "Hashes": "MD5=C29FDC1546C3C525C69B6D23193D07EF,SHA256=6808CAAC17FA1ECEA61645ECD215FCD8D48F8BEDC635444A6D84087D44230076",
    "UtcTime": "2018-03-05 07:32:40.076",
    "ImageLoaded": "C:\\Program Files\\Mozilla Firefox\\lgpllibs.dll",
    "ProcessGuid": "{A376A8F6-F298-5A9C-0000-001071788803}",
    "SignatureStatus": "Valid",
    "Company": "Mozilla Foundation",
    "FileVersion": "58.0.2",
    "Product": "Firefox",
    "Signature": "Mozilla Corporation"
  },
  "log_name": "Microsoft-Windows-Sysmon/Operational",
  "user": {
    "domain": "NT AUTHORITY",
    "type": "Well Known Group",
    "identifier": "S-1-5-18",
    "name": "SYSTEM"
  },
  "opcode": "정보",
  "source_name": "Microsoft-Windows-Sysmon",
  "process_id": 8608,
  "version": 3,
  "beat": {
    "name": "DESKTOP-WJANG",
    "hostname": "DESKTOP-WJANG",
    "version": "6.2.2"
  },
  "thread_id": 19220,
  "task": "Image loaded (rule: ImageLoad)"
}
{
  "@timestamp": "2018-03-05T07:32:40.086Z",
  "@metadata": {
    "beat": "winlogbeat",
    "type": "doc",
    "version": "6.2.2"
  },
  "beat": {
    "name": "DESKTOP-WJANG",
    "hostname": "DESKTOP-WJANG",
    "version": "6.2.2"
  },
  "process_id": 8608,
  "event_data": {
    "ProcessId": "17704",
    "ImageLoaded": "C:\\Windows\\System32\\netapi32.dll",
    "UtcTime": "2018-03-05 07:32:39.240",
    "ProcessGuid": "{A376A8F6-F294-5A9C-0000-001052E48503}",
    "Description": "Net Win32 API DLL",
    "SignatureStatus": "Valid",
    "Company": "Microsoft Corporation",
    "Hashes": "MD5=D555589CAD0F00F3EF4F2018D69DF901,SHA256=1637EF0978AABE32176094F7AE582E78693C7686E203CE60BBF7556D412277F4",
    "FileVersion": "10.0.16299.15 (WinBuild.160101.0800)",
    "Product": "Microsoft® Windows® Operating System",
    "Signature": "Microsoft Windows",
    "Signed": "true",
    "Image": "C:\\Program Files\\Mozilla Firefox\\firefox.exe"
  },
  "computer_name": "DESKTOP-WJANG",
  "user": {
    "identifier": "S-1-5-18",
    "name": "SYSTEM",
    "domain": "NT AUTHORITY",
    "type": "Well Known Group"
  },
  "type": "wineventlog",
  "level": "정보",
  "version": 3,
  "opcode": "정보",
  "thread_id": 23584,
  "record_number": "596",
  "provider_guid": "{5770385F-C22A-43E0-BF4C-06F5698FFBD9}",
  "message": "Image loaded:\nUtcTime: 2018-03-05 07:32:39.240\nProcessGuid: {A376A8F6-F294-5A9C-0000-001052E48503}\nProcessId: 17704\nImage: C:\\Program Files\\Mozilla Firefox\\firefox.exe\nImageLoaded: C:\\Windows\\System32\\netapi32.dll\nFileVersion: 10.0.16299.15 (WinBuild.160101.0800)\nDescription: Net Win32 API DLL\nProduct: Microsoft® Windows® Operating System\nCompany: Microsoft Corporation\nHashes: MD5=D555589CAD0F00F3EF4F2018D69DF901,SHA256=1637EF0978AABE32176094F7AE582E78693C7686E203CE60BBF7556D412277F4\nSigned: true\nSignature: Microsoft Windows\nSignatureStatus: Valid",
  "log_name": "Microsoft-Windows-Sysmon/Operational",
  "task": "Image loaded (rule: ImageLoad)",
  "source_name": "Microsoft-Windows-Sysmon",
  "event_id": 7
}
{
  "@timestamp": "2018-03-05T07:32:40.087Z",
  "@metadata": {
    "beat": "winlogbeat",
    "type": "doc",
    "version": "6.2.2"
  },
  "computer_name": "DESKTOP-WJANG",
  "opcode": "정보",
  "process_id": 8608,
  "thread_id": 23584,
  "record_number": "597",
  "log_name": "Microsoft-Windows-Sysmon/Operational",
  "source_name": "Microsoft-Windows-Sysmon",
  "provider_guid": "{5770385F-C22A-43E0-BF4C-06F5698FFBD9}",
  "user": {
    "identifier": "S-1-5-18",
    "name": "SYSTEM",
    "domain": "NT AUTHORITY",
    "type": "Well Known Group"
  },
  "event_id": 7,
  "task": "Image loaded (rule: ImageLoad)",
  "version": 3,
  "message": "Image loaded:\nUtcTime: 2018-03-05 07:32:39.124\nProcessGuid: {A376A8F6-F294-5A9C-0000-001052E48503}\nProcessId: 17704\nImage: C:\\Program Files\\Mozilla Firefox\\firefox.exe\nImageLoaded: C:\\Windows\\System32\\netapi32.dll\nFileVersion: 10.0.16299.15 (WinBuild.160101.0800)\nDescription: Net Win32 API DLL\nProduct: Microsoft® Windows® Operating System\nCompany: Microsoft Corporation\nHashes: MD5=D555589CAD0F00F3EF4F2018D69DF901,SHA256=1637EF0978AABE32176094F7AE582E78693C7686E203CE60BBF7556D412277F4\nSigned: true\nSignature: Microsoft Windows\nSignatureStatus: Valid",
  "type": "wineventlog",
  "level": "정보",
  "beat": {
    "hostname": "DESKTOP-WJANG",
    "version": "6.2.2",
    "name": "DESKTOP-WJANG"
  },
  "event_data": {
    "FileVersion": "10.0.16299.15 (WinBuild.160101.0800)",
    "Signed": "true",
    "SignatureStatus": "Valid",
    "Company": "Microsoft Corporation",
    "Image": "C:\\Program Files\\Mozilla Firefox\\firefox.exe",
    "ProcessGuid": "{A376A8F6-F294-5A9C-0000-001052E48503}",
    "ProcessId": "17704",
    "ImageLoaded": "C:\\Windows\\System32\\netapi32.dll",
    "Signature": "Microsoft Windows",
    "Description": "Net Win32 API DLL",
    "Product": "Microsoft® Windows® Operating System",
    "Hashes": "MD5=D555589CAD0F00F3EF4F2018D69DF901,SHA256=1637EF0978AABE32176094F7AE582E78693C7686E203CE60BBF7556D412277F4",
    "UtcTime": "2018-03-05 07:32:39.124"
  }
}
{
  "@timestamp": "2018-03-05T07:32:40.099Z",
  "@metadata": {
    "beat": "winlogbeat",
    "type": "doc",
    "version": "6.2.2"
  },
  "version": 3,
  "opcode": "정보",
  "provider_guid": "{5770385F-C22A-43E0-BF4C-06F5698FFBD9}",
  "level": "정보",
  "computer_name": "DESKTOP-WJANG",
  "task": "Image loaded (rule: ImageLoad)",
  "user": {
    "domain": "NT AUTHORITY",
    "type": "Well Known Group",
    "identifier": "S-1-5-18",
    "name": "SYSTEM"
  },
  "message": "Image loaded:\nUtcTime: 2018-03-05 07:32:39.241\nProcessGuid: {A376A8F6-F294-5A9C-0000-001052E48503}\nProcessId: 17704\nImage: C:\\Program Files\\Mozilla Firefox\\firefox.exe\nImageLoaded: C:\\Windows\\System32\\netutils.dll\nFileVersion: 10.0.16299.15 (WinBuild.160101.0800)\nDescription: Net Win32 API Helpers DLL\nProduct: Microsoft® Windows® Operating System\nCompany: Microsoft Corporation\nHashes: MD5=62B0BD6A0C585A8C1D8228D3C82BE213,SHA256=91C509A31B04C35C890B5F6D629B6F8B5701328FD16D9D2F9434D365F5510DAE\nSigned: true\nSignature: Microsoft Windows\nSignatureStatus: Valid",
  "record_number": "598",
  "process_id": 8608,
  "event_data": {
    "Signature": "Microsoft Windows",
    "Image": "C:\\Program Files\\Mozilla Firefox\\firefox.exe",
    "Description": "Net Win32 API Helpers DLL",
    "Signed": "true",
    "FileVersion": "10.0.16299.15 (WinBuild.160101.0800)",
    "Hashes": "MD5=62B0BD6A0C585A8C1D8228D3C82BE213,SHA256=91C509A31B04C35C890B5F6D629B6F8B5701328FD16D9D2F9434D365F5510DAE",
    "SignatureStatus": "Valid",
    "UtcTime": "2018-03-05 07:32:39.241",
    "ImageLoaded": "C:\\Windows\\System32\\netutils.dll",
    "ProcessGuid": "{A376A8F6-F294-5A9C-0000-001052E48503}",
    "ProcessId": "17704",
    "Company": "Microsoft Corporation",
    "Product": "Microsoft® Windows® Operating System"
  },
  "type": "wineventlog",
  "source_name": "Microsoft-Windows-Sysmon",
  "event_id": 7,
  "thread_id": 23584,
  "beat": {
    "hostname": "DESKTOP-WJANG",
    "version": "6.2.2",
    "name": "DESKTOP-WJANG"
  },
  "log_name": "Microsoft-Windows-Sysmon/Operational"
}
{
  "@timestamp": "2018-03-05T07:32:40.099Z",
  "@metadata": {
    "beat": "winlogbeat",
    "type": "doc",
    "version": "6.2.2"
  },
  "type": "wineventlog",
  "event_id": 7,
  "message": "Image loaded:\nUtcTime: 2018-03-05 07:32:39.125\nProcessGuid: {A376A8F6-F294-5A9C-0000-001052E48503}\nProcessId: 17704\nImage: C:\\Program Files\\Mozilla Firefox\\firefox.exe\nImageLoaded: C:\\Windows\\System32\\netutils.dll\nFileVersion: 10.0.16299.15 (WinBuild.160101.0800)\nDescription: Net Win32 API Helpers DLL\nProduct: Microsoft® Windows® Operating System\nCompany: Microsoft Corporation\nHashes: MD5=62B0BD6A0C585A8C1D8228D3C82BE213,SHA256=91C509A31B04C35C890B5F6D629B6F8B5701328FD16D9D2F9434D365F5510DAE\nSigned: true\nSignature: Microsoft Windows\nSignatureStatus: Valid",
  "level": "정보",
  "thread_id": 23584,
  "beat": {
    "name": "DESKTOP-WJANG",
    "hostname": "DESKTOP-WJANG",
    "version": "6.2.2"
  },
  "task": "Image loaded (rule: ImageLoad)",
  "provider_guid": "{5770385F-C22A-43E0-BF4C-06F5698FFBD9}",
  "record_number": "599",
  "event_data": {
    "Product": "Microsoft® Windows® Operating System",
    "Signed": "true",
    "ProcessGuid": "{A376A8F6-F294-5A9C-0000-001052E48503}",
    "UtcTime": "2018-03-05 07:32:39.125",
    "Image": "C:\\Program Files\\Mozilla Firefox\\firefox.exe",
    "Description": "Net Win32 API Helpers DLL",
    "ProcessId": "17704",
    "ImageLoaded": "C:\\Windows\\System32\\netutils.dll",
    "FileVersion": "10.0.16299.15 (WinBuild.160101.0800)",
    "Signature": "Microsoft Windows",
    "Company": "Microsoft Corporation",
    "Hashes": "MD5=62B0BD6A0C585A8C1D8228D3C82BE213,SHA256=91C509A31B04C35C890B5F6D629B6F8B5701328FD16D9D2F9434D365F5510DAE",
    "SignatureStatus": "Valid"
  },
  "process_id": 8608,
  "version": 3,
  "source_name": "Microsoft-Windows-Sysmon",
  "user": {
    "identifier": "S-1-5-18",
    "name": "SYSTEM",
    "domain": "NT AUTHORITY",
    "type": "Well Known Group"
  },
  "opcode": "정보",
  "log_name": "Microsoft-Windows-Sysmon/Operational",
  "computer_name": "DESKTOP-WJANG"
}
{
  "@timestamp": "2018-03-05T07:32:40.108Z",
  "@metadata": {
    "beat": "winlogbeat",
    "type": "doc",
    "version": "6.2.2"
  },
  "event_data": {
    "Image": "C:\\Program Files\\Mozilla Firefox\\firefox.exe",
    "Hashes": "MD5=DA7B4F20D6D50628319B8AD386781278,SHA256=8AD87B54190CBE2AD6EF073D820102ABD3097F342BD1607E336F1F0A4698C5AF",
    "SignatureStatus": "Valid",
    "ProcessGuid": "{A376A8F6-F298-5A9C-0000-001071788803}",
    "UtcTime": "2018-03-05 07:32:40.105",
    "ImageLoaded": "C:\\Program Files\\Mozilla Firefox\\xul.dll",
    "Company": "Mozilla Foundation",
    "Signature": "Mozilla Corporation",
    "ProcessId": "25364",
    "FileVersion": "58.0.2",
    "Product": "Firefox",
    "Signed": "true"
  },
  "process_id": 8608,
  "beat": {
    "name": "DESKTOP-WJANG",
    "hostname": "DESKTOP-WJANG",
    "version": "6.2.2"
  },
  "thread_id": 19220,
  "message": "Image loaded:\nUtcTime: 2018-03-05 07:32:40.105\nProcessGuid: {A376A8F6-F298-5A9C-0000-001071788803}\nProcessId: 25364\nImage: C:\\Program Files\\Mozilla Firefox\\firefox.exe\nImageLoaded: C:\\Program Files\\Mozilla Firefox\\xul.dll\nFileVersion: 58.0.2\nDescription: \nProduct: Firefox\nCompany: Mozilla Foundation\nHashes: MD5=DA7B4F20D6D50628319B8AD386781278,SHA256=8AD87B54190CBE2AD6EF073D820102ABD3097F342BD1607E336F1F0A4698C5AF\nSigned: true\nSignature: Mozilla Corporation\nSignatureStatus: Valid",
  "task": "Image loaded (rule: ImageLoad)",
  "computer_name": "DESKTOP-WJANG",
  "type": "wineventlog",
  "source_name": "Microsoft-Windows-Sysmon",
  "log_name": "Microsoft-Windows-Sysmon/Operational",
  "version": 3,
  "record_number": "600",
  "opcode": "정보",
  "user": {
    "name": "SYSTEM",
    "domain": "NT AUTHORITY",
    "type": "Well Known Group",
    "identifier": "S-1-5-18"
  },
  "level": "정보",
  "provider_guid": "{5770385F-C22A-43E0-BF4C-06F5698FFBD9}",
  "event_id": 7
}
{
  "@timestamp": "2018-03-05T07:32:40.109Z",
  "@metadata": {
    "beat": "winlogbeat",
    "type": "doc",
    "version": "6.2.2"
  },
  "opcode": "정보",
  "message": "Image loaded:\nUtcTime: 2018-03-05 07:32:40.106\nProcessGuid: {A376A8F6-F298-5A9C-0000-001071788803}\nProcessId: 25364\nImage: C:\\Program Files\\Mozilla Firefox\\firefox.exe\nImageLoaded: C:\\Windows\\System32\\shell32.dll\nFileVersion: 10.0.16299.15 (WinBuild.160101.0800)\nDescription: Windows 셸 공용 Dll\nProduct: Microsoft® Windows® Operating System\nCompany: Microsoft Corporation\nHashes: MD5=E6CCA4E96CA9AA05B0B6518AF403767E,SHA256=66225B3B3D9BA3F1630C28F9A8FC330197B31D3A0FF52309705BAF6B69BCC2FE\nSigned: true\nSignature: Microsoft Windows\nSignatureStatus: Valid",
  "provider_guid": "{5770385F-C22A-43E0-BF4C-06F5698FFBD9}",
  "level": "정보",
  "computer_name": "DESKTOP-WJANG",
  "beat": {
    "name": "DESKTOP-WJANG",
    "hostname": "DESKTOP-WJANG",
    "version": "6.2.2"
  },
  "type": "wineventlog",
  "event_id": 7,
  "task": "Image loaded (rule: ImageLoad)",
  "thread_id": 19220,
  "record_number": "601",
  "process_id": 8608,
  "user": {
    "identifier": "S-1-5-18",
    "name": "SYSTEM",
    "domain": "NT AUTHORITY",
    "type": "Well Known Group"
  },
  "event_data": {
    "Image": "C:\\Program Files\\Mozilla Firefox\\firefox.exe",
    "ImageLoaded": "C:\\Windows\\System32\\shell32.dll",
    "Company": "Microsoft Corporation",
    "ProcessId": "25364",
    "Signed": "true",
    "FileVersion": "10.0.16299.15 (WinBuild.160101.0800)",
    "Product": "Microsoft® Windows® Operating System",
    "Hashes": "MD5=E6CCA4E96CA9AA05B0B6518AF403767E,SHA256=66225B3B3D9BA3F1630C28F9A8FC330197B31D3A0FF52309705BAF6B69BCC2FE",
    "Description": "Windows 셸 공용 Dll",
    "Signature": "Microsoft Windows",
    "UtcTime": "2018-03-05 07:32:40.106",
    "ProcessGuid": "{A376A8F6-F298-5A9C-0000-001071788803}",
    "SignatureStatus": "Valid"
  },
  "log_name": "Microsoft-Windows-Sysmon/Operational",
  "version": 3,
  "source_name": "Microsoft-Windows-Sysmon"
}
{
  "@timestamp": "2018-03-05T07:32:40.110Z",
  "@metadata": {
    "beat": "winlogbeat",
    "type": "doc",
    "version": "6.2.2"
  },
  "opcode": "정보",
  "user": {
    "type": "Well Known Group",
    "identifier": "S-1-5-18",
    "name": "SYSTEM",
    "domain": "NT AUTHORITY"
  },
  "record_number": "602",
  "provider_guid": "{5770385F-C22A-43E0-BF4C-06F5698FFBD9}",
  "event_data": {
    "UtcTime": "2018-03-05 07:32:39.241",
    "ProcessId": "17704",
    "Company": "Microsoft Corporation",
    "FileVersion": "10.0.16299.15 (WinBuild.160101.0800)",
    "Description": "Workstation Service Client DLL",
    "Product": "Microsoft® Windows® Operating System",
    "ProcessGuid": "{A376A8F6-F294-5A9C-0000-001052E48503}",
    "SignatureStatus": "Valid",
    "Image": "C:\\Program Files\\Mozilla Firefox\\firefox.exe",
    "ImageLoaded": "C:\\Windows\\System32\\wkscli.dll",
    "Hashes": "MD5=7ADDB9A8711932A1878BA4AFFBCD1744,SHA256=56229A92EA92E93375848CDA19BFE29C7C658824962996CF8511EF6487C5154D",
    "Signed": "true",
    "Signature": "Microsoft Windows"
  },
  "message": "Image loaded:\nUtcTime: 2018-03-05 07:32:39.241\nProcessGuid: {A376A8F6-F294-5A9C-0000-001052E48503}\nProcessId: 17704\nImage: C:\\Program Files\\Mozilla Firefox\\firefox.exe\nImageLoaded: C:\\Windows\\System32\\wkscli.dll\nFileVersion: 10.0.16299.15 (WinBuild.160101.0800)\nDescription: Workstation Service Client DLL\nProduct: Microsoft® Windows® Operating System\nCompany: Microsoft Corporation\nHashes: MD5=7ADDB9A8711932A1878BA4AFFBCD1744,SHA256=56229A92EA92E93375848CDA19BFE29C7C658824962996CF8511EF6487C5154D\nSigned: true\nSignature: Microsoft Windows\nSignatureStatus: Valid",
  "event_id": 7,
  "version": 3,
  "process_id": 8608,
  "thread_id": 23584,
  "level": "정보",
  "task": "Image loaded (rule: ImageLoad)",
  "computer_name": "DESKTOP-WJANG",
  "type": "wineventlog",
  "log_name": "Microsoft-Windows-Sysmon/Operational",
  "source_name": "Microsoft-Windows-Sysmon",
  "beat": {
    "name": "DESKTOP-WJANG",
    "hostname": "DESKTOP-WJANG",
    "version": "6.2.2"
  }
}
