{
  "@timestamp": "2018-03-05T07:32:40.728Z",
  "@metadata": {
    "beat": "winlogbeat",
    "type": "doc",
    "version": "6.2.2"
  },
  "event_id": 7,
  "event_data": {
    "ProcessId": "4084",
    "ImageLoaded": "C:\\Program Files\\Mozilla Firefox\\api-ms-win-crt-runtime-l1-1-0.dll",
    "Hashes": "MD5=F576FD38085005B4AB2FF1DACD293C48,SHA256=6E794D0FAD29CC5BDD5D0511FD923D3434ED122CFF0ED697903900C93C807582",
    "Product": "Microsoft® Windows® Operating System",
    "Company": "Microsoft Corporation",
    "Signature": "Microsoft Corporation",
    "FileVersion": "10.0.16299.15 (WinBuild.160101.0800)",
    "SignatureStatus": "Valid",
    "UtcTime": "2018-03-05 07:32:40.727",
    "Description": "ApiSet Stub DLL",
    "ProcessGuid": "{A376A8F6-F298-5A9C-0000-00104DED8803}",
    "Image": "C:\\Program Files\\Mozilla Firefox\\firefox.exe",
    "Signed": "true"
  },
  "level": "정보",
  "computer_name": "DESKTOP-WJANG",
  "provider_guid": "{5770385F-C22A-43E0-BF4C-06F5698FFBD9}",
  "version": 3,
  "message": "Image loaded:\nUtcTime: 2018-03-05 07:32:40.727\nProcessGuid: {A376A8F6-F298-5A9C-0000-00104DED8803}\nProcessId: 4084\nImage: C:\\Program Files\\Mozilla Firefox\\firefox.exe\nImageLoaded: C:\\Program Files\\Mozilla Firefox\\api-ms-win-crt-runtime-l1-1-0.dll\nFileVersion: 10.0.16299.15 (WinBuild.160101.0800)\nDescription: ApiSet Stub DLL\nProduct: Microsoft® Windows® Operating System\nCompany: Microsoft Corporation\nHashes: MD5=F576FD38085005B4AB2FF1DACD293C48,SHA256=6E794D0FAD29CC5BDD5D0511FD923D3434ED122CFF0ED697903900C93C807582\nSigned: true\nSignature: Microsoft Corporation\nSignatureStatus: Valid",
  "beat": {
    "name": "DESKTOP-WJANG",
    "hostname": "DESKTOP-WJANG",
    "version": "6.2.2"
  },
  "record_number": "721",
  "type": "wineventlog",
  "log_name": "Microsoft-Windows-Sysmon/Operational",
  "user": {
    "name": "SYSTEM",
    "domain": "NT AUTHORITY",
    "type": "Well Known Group",
    "identifier": "S-1-5-18"
  },
  "process_id": 8608,
  "opcode": "정보",
  "thread_id": 19220,
  "source_name": "Microsoft-Windows-Sysmon",
  "task": "Image loaded (rule: ImageLoad)"
}
{
  "@timestamp": "2018-03-05T07:32:40.729Z",
  "@metadata": {
    "beat": "winlogbeat",
    "type": "doc",
    "version": "6.2.2"
  },
  "opcode": "정보",
  "user": {
    "domain": "NT AUTHORITY",
    "type": "Well Known Group",
    "identifier": "S-1-5-18",
    "name": "SYSTEM"
  },
  "record_number": "722",
  "type": "wineventlog",
  "beat": {
    "name": "DESKTOP-WJANG",
    "hostname": "DESKTOP-WJANG",
    "version": "6.2.2"
  },
  "version": 3,
  "process_id": 8608,
  "event_data": {
    "Signature": "Microsoft Windows",
    "Product": "Microsoft® Windows® Operating System",
    "Hashes": "MD5=DBEB11161598F1BEA107378F2908B945,SHA256=7EF2BA4F2DA5A3412CCE8DFD9471B81739D1FE399F4BD14F424AE3879CD932F1",
    "ProcessId": "17704",
    "Image": "C:\\Program Files\\Mozilla Firefox\\firefox.exe",
    "Signed": "true",
    "UtcTime": "2018-03-05 07:32:40.081",
    "Company": "Microsoft Corporation",
    "FileVersion": "10.0.16299.15 (WinBuild.160101.0800)",
    "ImageLoaded": "C:\\Windows\\System32\\twinapi.appcore.dll",
    "SignatureStatus": "Valid",
    "ProcessGuid": "{A376A8F6-F294-5A9C-0000-001052E48503}",
    "Description": "twinapi.appcore"
  },
  "provider_guid": "{5770385F-C22A-43E0-BF4C-06F5698FFBD9}",
  "source_name": "Microsoft-Windows-Sysmon",
  "level": "정보",
  "thread_id": 23584,
  "computer_name": "DESKTOP-WJANG",
  "log_name": "Microsoft-Windows-Sysmon/Operational",
  "event_id": 7,
  "message": "Image loaded:\nUtcTime: 2018-03-05 07:32:40.081\nProcessGuid: {A376A8F6-F294-5A9C-0000-001052E48503}\nProcessId: 17704\nImage: C:\\Program Files\\Mozilla Firefox\\firefox.exe\nImageLoaded: C:\\Windows\\System32\\twinapi.appcore.dll\nFileVersion: 10.0.16299.15 (WinBuild.160101.0800)\nDescription: twinapi.appcore\nProduct: Microsoft® Windows® Operating System\nCompany: Microsoft Corporation\nHashes: MD5=DBEB11161598F1BEA107378F2908B945,SHA256=7EF2BA4F2DA5A3412CCE8DFD9471B81739D1FE399F4BD14F424AE3879CD932F1\nSigned: true\nSignature: Microsoft Windows\nSignatureStatus: Valid",
  "task": "Image loaded (rule: ImageLoad)"
}
{
  "@timestamp": "2018-03-05T07:32:40.729Z",
  "@metadata": {
    "beat": "winlogbeat",
    "type": "doc",
    "version": "6.2.2"
  },
  "message": "Image loaded:\nUtcTime: 2018-03-05 07:32:40.728\nProcessGuid: {A376A8F6-F298-5A9C-0000-00104DED8803}\nProcessId: 4084\nImage: C:\\Program Files\\Mozilla Firefox\\firefox.exe\nImageLoaded: C:\\Program Files\\Mozilla Firefox\\api-ms-win-crt-runtime-l1-1-0.dll\nFileVersion: 10.0.16299.15 (WinBuild.160101.0800)\nDescription: ApiSet Stub DLL\nProduct: Microsoft® Windows® Operating System\nCompany: Microsoft Corporation\nHashes: MD5=F576FD38085005B4AB2FF1DACD293C48,SHA256=6E794D0FAD29CC5BDD5D0511FD923D3434ED122CFF0ED697903900C93C807582\nSigned: true\nSignature: Microsoft Corporation\nSignatureStatus: Valid",
  "log_name": "Microsoft-Windows-Sysmon/Operational",
  "provider_guid": "{5770385F-C22A-43E0-BF4C-06F5698FFBD9}",
  "event_data": {
    "Signature": "Microsoft Corporation",
    "Product": "Microsoft® Windows® Operating System",
    "ProcessGuid": "{A376A8F6-F298-5A9C-0000-00104DED8803}",
    "Image": "C:\\Program Files\\Mozilla Firefox\\firefox.exe",
    "Company": "Microsoft Corporation",
    "UtcTime": "2018-03-05 07:32:40.728",
    "FileVersion": "10.0.16299.15 (WinBuild.160101.0800)",
    "ImageLoaded": "C:\\Program Files\\Mozilla Firefox\\api-ms-win-crt-runtime-l1-1-0.dll",
    "SignatureStatus": "Valid",
    "ProcessId": "4084",
    "Hashes": "MD5=F576FD38085005B4AB2FF1DACD293C48,SHA256=6E794D0FAD29CC5BDD5D0511FD923D3434ED122CFF0ED697903900C93C807582",
    "Signed": "true",
    "Description": "ApiSet Stub DLL"
  },
  "opcode": "정보",
  "thread_id": 19220,
  "source_name": "Microsoft-Windows-Sysmon",
  "event_id": 7,
  "level": "정보",
  "computer_name": "DESKTOP-WJANG",
  "user": {
    "name": "SYSTEM",
    "domain": "NT AUTHORITY",
    "type": "Well Known Group",
    "identifier": "S-1-5-18"
  },
  "record_number": "723",
  "task": "Image loaded (rule: ImageLoad)",
  "process_id": 8608,
  "beat": {
    "name": "DESKTOP-WJANG",
    "hostname": "DESKTOP-WJANG",
    "version": "6.2.2"
  },
  "type": "wineventlog",
  "version": 3
}
{
  "@timestamp": "2018-03-05T07:32:40.730Z",
  "@metadata": {
    "beat": "winlogbeat",
    "type": "doc",
    "version": "6.2.2"
  },
  "log_name": "Microsoft-Windows-Sysmon/Operational",
  "process_id": 8608,
  "event_data": {
    "Hashes": "MD5=E730CD977AC7F60F0824775E39C8FD2C,SHA256=63DE06332E8FF15A5BFF699E70ED2537A9D273BA62463FA16265D261F3C5BB31",
    "ImageLoaded": "C:\\Program Files\\Mozilla Firefox\\api-ms-win-crt-string-l1-1-0.dll",
    "UtcTime": "2018-03-05 07:32:40.729",
    "ProcessId": "4084",
    "Description": "ApiSet Stub DLL",
    "Product": "Microsoft® Windows® Operating System",
    "Signed": "true",
    "SignatureStatus": "Valid",
    "ProcessGuid": "{A376A8F6-F298-5A9C-0000-00104DED8803}",
    "Image": "C:\\Program Files\\Mozilla Firefox\\firefox.exe",
    "FileVersion": "10.0.16299.15 (WinBuild.160101.0800)",
    "Signature": "Microsoft Corporation",
    "Company": "Microsoft Corporation"
  },
  "event_id": 7,
  "user": {
    "domain": "NT AUTHORITY",
    "type": "Well Known Group",
    "identifier": "S-1-5-18",
    "name": "SYSTEM"
  },
  "version": 3,
  "message": "Image loaded:\nUtcTime: 2018-03-05 07:32:40.729\nProcessGuid: {A376A8F6-F298-5A9C-0000-00104DED8803}\nProcessId: 4084\nImage: C:\\Program Files\\Mozilla Firefox\\firefox.exe\nImageLoaded: C:\\Program Files\\Mozilla Firefox\\api-ms-win-crt-string-l1-1-0.dll\nFileVersion: 10.0.16299.15 (WinBuild.160101.0800)\nDescription: ApiSet Stub DLL\nProduct: Microsoft® Windows® Operating System\nCompany: Microsoft Corporation\nHashes: MD5=E730CD977AC7F60F0824775E39C8FD2C,SHA256=63DE06332E8FF15A5BFF699E70ED2537A9D273BA62463FA16265D261F3C5BB31\nSigned: true\nSignature: Microsoft Corporation\nSignatureStatus: Valid",
  "computer_name": "DESKTOP-WJANG",
  "source_name": "Microsoft-Windows-Sysmon",
  "provider_guid": "{5770385F-C22A-43E0-BF4C-06F5698FFBD9}",
  "beat": {
    "name": "DESKTOP-WJANG",
    "hostname": "DESKTOP-WJANG",
    "version": "6.2.2"
  },
  "type": "wineventlog",
  "record_number": "724",
  "opcode": "정보",
  "thread_id": 19220,
  "level": "정보",
  "task": "Image loaded (rule: ImageLoad)"
}
{
  "@timestamp": "2018-03-05T07:32:40.731Z",
  "@metadata": {
    "beat": "winlogbeat",
    "type": "doc",
    "version": "6.2.2"
  },
  "log_name": "Microsoft-Windows-Sysmon/Operational",
  "computer_name": "DESKTOP-WJANG",
  "user": {
    "name": "SYSTEM",
    "domain": "NT AUTHORITY",
    "type": "Well Known Group",
    "identifier": "S-1-5-18"
  },
  "event_id": 7,
  "event_data": {
    "SignatureStatus": "Valid",
    "UtcTime": "2018-03-05 07:32:40.729",
    "ProcessId": "4084",
    "ProcessGuid": "{A376A8F6-F298-5A9C-0000-00104DED8803}",
    "Signature": "Microsoft Corporation",
    "Hashes": "MD5=E730CD977AC7F60F0824775E39C8FD2C,SHA256=63DE06332E8FF15A5BFF699E70ED2537A9D273BA62463FA16265D261F3C5BB31",
    "Description": "ApiSet Stub DLL",
    "ImageLoaded": "C:\\Program Files\\Mozilla Firefox\\api-ms-win-crt-string-l1-1-0.dll",
    "Company": "Microsoft Corporation",
    "Image": "C:\\Program Files\\Mozilla Firefox\\firefox.exe",
    "Signed": "true",
    "FileVersion": "10.0.16299.15 (WinBuild.160101.0800)",
    "Product": "Microsoft® Windows® Operating System"
  },
  "message": "Image loaded:\nUtcTime: 2018-03-05 07:32:40.729\nProcessGuid: {A376A8F6-F298-5A9C-0000-00104DED8803}\nProcessId: 4084\nImage: C:\\Program Files\\Mozilla Firefox\\firefox.exe\nImageLoaded: C:\\Program Files\\Mozilla Firefox\\api-ms-win-crt-string-l1-1-0.dll\nFileVersion: 10.0.16299.15 (WinBuild.160101.0800)\nDescription: ApiSet Stub DLL\nProduct: Microsoft® Windows® Operating System\nCompany: Microsoft Corporation\nHashes: MD5=E730CD977AC7F60F0824775E39C8FD2C,SHA256=63DE06332E8FF15A5BFF699E70ED2537A9D273BA62463FA16265D261F3C5BB31\nSigned: true\nSignature: Microsoft Corporation\nSignatureStatus: Valid",
  "process_id": 8608,
  "thread_id": 19220,
  "level": "정보",
  "task": "Image loaded (rule: ImageLoad)",
  "record_number": "725",
  "source_name": "Microsoft-Windows-Sysmon",
  "version": 3,
  "beat": {
    "name": "DESKTOP-WJANG",
    "hostname": "DESKTOP-WJANG",
    "version": "6.2.2"
  },
  "opcode": "정보",
  "provider_guid": "{5770385F-C22A-43E0-BF4C-06F5698FFBD9}",
  "type": "wineventlog"
}
{
  "@timestamp": "2018-03-05T07:32:40.732Z",
  "@metadata": {
    "beat": "winlogbeat",
    "type": "doc",
    "version": "6.2.2"
  },
  "provider_guid": "{5770385F-C22A-43E0-BF4C-06F5698FFBD9}",
  "computer_name": "DESKTOP-WJANG",
  "level": "정보",
  "message": "Image loaded:\nUtcTime: 2018-03-05 07:32:40.730\nProcessGuid: {A376A8F6-F298-5A9C-0000-00104DED8803}\nProcessId: 4084\nImage: C:\\Program Files\\Mozilla Firefox\\firefox.exe\nImageLoaded: C:\\Program Files\\Mozilla Firefox\\api-ms-win-crt-heap-l1-1-0.dll\nFileVersion: 10.0.16299.15 (WinBuild.160101.0800)\nDescription: ApiSet Stub DLL\nProduct: Microsoft® Windows® Operating System\nCompany: Microsoft Corporation\nHashes: MD5=28579CA40C9E19CC6DC23DFB8B6871CD,SHA256=A57D8275C34C1094F6A4535E23C7BEE4759532E08776FF84C5FE487C0F925EB4\nSigned: true\nSignature: Microsoft Corporation\nSignatureStatus: Valid",
  "task": "Image loaded (rule: ImageLoad)",
  "log_name": "Microsoft-Windows-Sysmon/Operational",
  "beat": {
    "version": "6.2.2",
    "name": "DESKTOP-WJANG",
    "hostname": "DESKTOP-WJANG"
  },
  "opcode": "정보",
  "user": {
    "type": "Well Known Group",
    "identifier": "S-1-5-18",
    "name": "SYSTEM",
    "domain": "NT AUTHORITY"
  },
  "source_name": "Microsoft-Windows-Sysmon",
  "event_data": {
    "ProcessId": "4084",
    "Image": "C:\\Program Files\\Mozilla Firefox\\firefox.exe",
    "Hashes": "MD5=28579CA40C9E19CC6DC23DFB8B6871CD,SHA256=A57D8275C34C1094F6A4535E23C7BEE4759532E08776FF84C5FE487C0F925EB4",
    "Product": "Microsoft® Windows® Operating System",
    "ProcessGuid": "{A376A8F6-F298-5A9C-0000-00104DED8803}",
    "ImageLoaded": "C:\\Program Files\\Mozilla Firefox\\api-ms-win-crt-heap-l1-1-0.dll",
    "Signed": "true",
    "Company": "Microsoft Corporation",
    "SignatureStatus": "Valid",
    "UtcTime": "2018-03-05 07:32:40.730",
    "Signature": "Microsoft Corporation",
    "FileVersion": "10.0.16299.15 (WinBuild.160101.0800)",
    "Description": "ApiSet Stub DLL"
  },
  "event_id": 7,
  "type": "wineventlog",
  "process_id": 8608,
  "record_number": "726",
  "thread_id": 19220,
  "version": 3
}
{
  "@timestamp": "2018-03-05T07:32:40.732Z",
  "@metadata": {
    "beat": "winlogbeat",
    "type": "doc",
    "version": "6.2.2"
  },
  "beat": {
    "name": "DESKTOP-WJANG",
    "hostname": "DESKTOP-WJANG",
    "version": "6.2.2"
  },
  "provider_guid": "{5770385F-C22A-43E0-BF4C-06F5698FFBD9}",
  "process_id": 8608,
  "log_name": "Microsoft-Windows-Sysmon/Operational",
  "thread_id": 19220,
  "message": "Image loaded:\nUtcTime: 2018-03-05 07:32:40.731\nProcessGuid: {A376A8F6-F298-5A9C-0000-00104DED8803}\nProcessId: 4084\nImage: C:\\Program Files\\Mozilla Firefox\\firefox.exe\nImageLoaded: C:\\Program Files\\Mozilla Firefox\\api-ms-win-crt-heap-l1-1-0.dll\nFileVersion: 10.0.16299.15 (WinBuild.160101.0800)\nDescription: ApiSet Stub DLL\nProduct: Microsoft® Windows® Operating System\nCompany: Microsoft Corporation\nHashes: MD5=28579CA40C9E19CC6DC23DFB8B6871CD,SHA256=A57D8275C34C1094F6A4535E23C7BEE4759532E08776FF84C5FE487C0F925EB4\nSigned: true\nSignature: Microsoft Corporation\nSignatureStatus: Valid",
  "opcode": "정보",
  "event_id": 7,
  "record_number": "727",
  "computer_name": "DESKTOP-WJANG",
  "version": 3,
  "user": {
    "identifier": "S-1-5-18",
    "name": "SYSTEM",
    "domain": "NT AUTHORITY",
    "type": "Well Known Group"
  },
  "task": "Image loaded (rule: ImageLoad)",
  "event_data": {
    "SignatureStatus": "Valid",
    "ImageLoaded": "C:\\Program Files\\Mozilla Firefox\\api-ms-win-crt-heap-l1-1-0.dll",
    "UtcTime": "2018-03-05 07:32:40.731",
    "ProcessId": "4084",
    "Product": "Microsoft® Windows® Operating System",
    "Hashes": "MD5=28579CA40C9E19CC6DC23DFB8B6871CD,SHA256=A57D8275C34C1094F6A4535E23C7BEE4759532E08776FF84C5FE487C0F925EB4",
    "FileVersion": "10.0.16299.15 (WinBuild.160101.0800)",
    "Description": "ApiSet Stub DLL",
    "Company": "Microsoft Corporation",
    "Signed": "true",
    "Image": "C:\\Program Files\\Mozilla Firefox\\firefox.exe",
    "Signature": "Microsoft Corporation",
    "ProcessGuid": "{A376A8F6-F298-5A9C-0000-00104DED8803}"
  },
  "type": "wineventlog",
  "source_name": "Microsoft-Windows-Sysmon",
  "level": "정보"
}
{
  "@timestamp": "2018-03-05T07:32:40.733Z",
  "@metadata": {
    "beat": "winlogbeat",
    "type": "doc",
    "version": "6.2.2"
  },
  "thread_id": 19220,
  "version": 3,
  "user": {
    "identifier": "S-1-5-18",
    "name": "SYSTEM",
    "domain": "NT AUTHORITY",
    "type": "Well Known Group"
  },
  "beat": {
    "name": "DESKTOP-WJANG",
    "hostname": "DESKTOP-WJANG",
    "version": "6.2.2"
  },
  "computer_name": "DESKTOP-WJANG",
  "message": "Image loaded:\nUtcTime: 2018-03-05 07:32:40.732\nProcessGuid: {A376A8F6-F298-5A9C-0000-00104DED8803}\nProcessId: 4084\nImage: C:\\Program Files\\Mozilla Firefox\\firefox.exe\nImageLoaded: C:\\Program Files\\Mozilla Firefox\\api-ms-win-crt-stdio-l1-1-0.dll\nFileVersion: 10.0.16299.15 (WinBuild.160101.0800)\nDescription: ApiSet Stub DLL\nProduct: Microsoft® Windows® Operating System\nCompany: Microsoft Corporation\nHashes: MD5=1CEC55E31418A818093C73E96BD41973,SHA256=513BB1DD16BE7491CED8FA2494B604257285F76062525685C2991391D0C048C3\nSigned: true\nSignature: Microsoft Corporation\nSignatureStatus: Valid",
  "event_id": 7,
  "task": "Image loaded (rule: ImageLoad)",
  "opcode": "정보",
  "record_number": "728",
  "provider_guid": "{5770385F-C22A-43E0-BF4C-06F5698FFBD9}",
  "level": "정보",
  "type": "wineventlog",
  "log_name": "Microsoft-Windows-Sysmon/Operational",
  "source_name": "Microsoft-Windows-Sysmon",
  "process_id": 8608,
  "event_data": {
    "Image": "C:\\Program Files\\Mozilla Firefox\\firefox.exe",
    "Hashes": "MD5=1CEC55E31418A818093C73E96BD41973,SHA256=513BB1DD16BE7491CED8FA2494B604257285F76062525685C2991391D0C048C3",
    "SignatureStatus": "Valid",
    "Signed": "true",
    "Product": "Microsoft® Windows® Operating System",
    "Company": "Microsoft Corporation",
    "Signature": "Microsoft Corporation",
    "FileVersion": "10.0.16299.15 (WinBuild.160101.0800)",
    "ImageLoaded": "C:\\Program Files\\Mozilla Firefox\\api-ms-win-crt-stdio-l1-1-0.dll",
    "ProcessGuid": "{A376A8F6-F298-5A9C-0000-00104DED8803}",
    "ProcessId": "4084",
    "UtcTime": "2018-03-05 07:32:40.732",
    "Description": "ApiSet Stub DLL"
  }
}
{
  "@timestamp": "2018-03-05T07:32:40.734Z",
  "@metadata": {
    "beat": "winlogbeat",
    "type": "doc",
    "version": "6.2.2"
  },
  "message": "Image loaded:\nUtcTime: 2018-03-05 07:32:40.733\nProcessGuid: {A376A8F6-F298-5A9C-0000-00104DED8803}\nProcessId: 4084\nImage: C:\\Program Files\\Mozilla Firefox\\firefox.exe\nImageLoaded: C:\\Program Files\\Mozilla Firefox\\api-ms-win-crt-stdio-l1-1-0.dll\nFileVersion: 10.0.16299.15 (WinBuild.160101.0800)\nDescription: ApiSet Stub DLL\nProduct: Microsoft® Windows® Operating System\nCompany: Microsoft Corporation\nHashes: MD5=1CEC55E31418A818093C73E96BD41973,SHA256=513BB1DD16BE7491CED8FA2494B604257285F76062525685C2991391D0C048C3\nSigned: true\nSignature: Microsoft Corporation\nSignatureStatus: Valid",
  "source_name": "Microsoft-Windows-Sysmon",
  "event_id": 7,
  "version": 3,
  "provider_guid": "{5770385F-C22A-43E0-BF4C-06F5698FFBD9}",
  "level": "정보",
  "user": {
    "identifier": "S-1-5-18",
    "name": "SYSTEM",
    "domain": "NT AUTHORITY",
    "type": "Well Known Group"
  },
  "type": "wineventlog",
  "beat": {
    "hostname": "DESKTOP-WJANG",
    "version": "6.2.2",
    "name": "DESKTOP-WJANG"
  },
  "opcode": "정보",
  "process_id": 8608,
  "event_data": {
    "ProcessId": "4084",
    "Product": "Microsoft® Windows® Operating System",
    "Hashes": "MD5=1CEC55E31418A818093C73E96BD41973,SHA256=513BB1DD16BE7491CED8FA2494B604257285F76062525685C2991391D0C048C3",
    "Company": "Microsoft Corporation",
    "Signed": "true",
    "SignatureStatus": "Valid",
    "FileVersion": "10.0.16299.15 (WinBuild.160101.0800)",
    "ProcessGuid": "{A376A8F6-F298-5A9C-0000-00104DED8803}",
    "ImageLoaded": "C:\\Program Files\\Mozilla Firefox\\api-ms-win-crt-stdio-l1-1-0.dll",
    "UtcTime": "2018-03-05 07:32:40.733",
    "Image": "C:\\Program Files\\Mozilla Firefox\\firefox.exe",
    "Signature": "Microsoft Corporation",
    "Description": "ApiSet Stub DLL"
  },
  "computer_name": "DESKTOP-WJANG",
  "task": "Image loaded (rule: ImageLoad)",
  "record_number": "729",
  "log_name": "Microsoft-Windows-Sysmon/Operational",
  "thread_id": 19220
}
{
  "@timestamp": "2018-03-05T07:32:40.735Z",
  "@metadata": {
    "beat": "winlogbeat",
    "type": "doc",
    "version": "6.2.2"
  },
  "version": 3,
  "level": "정보",
  "source_name": "Microsoft-Windows-Sysmon",
  "process_id": 8608,
  "task": "Image loaded (rule: ImageLoad)",
  "record_number": "730",
  "provider_guid": "{5770385F-C22A-43E0-BF4C-06F5698FFBD9}",
  "event_data": {
    "ProcessId": "4084",
    "ImageLoaded": "C:\\Program Files\\Mozilla Firefox\\api-ms-win-crt-convert-l1-1-0.dll",
    "Signature": "Microsoft Corporation",
    "Company": "Microsoft Corporation",
    "Description": "ApiSet Stub DLL",
    "Hashes": "MD5=E3495C380C381670908355181787D7EA,SHA256=B353BD22B97FD3704557A99359C9EA0B4E0AD8B7E43B5E21700DABD1A1D84923",
    "SignatureStatus": "Valid",
    "Product": "Microsoft® Windows® Operating System",
    "Signed": "true",
    "ProcessGuid": "{A376A8F6-F298-5A9C-0000-00104DED8803}",
    "Image": "C:\\Program Files\\Mozilla Firefox\\firefox.exe",
    "UtcTime": "2018-03-05 07:32:40.734",
    "FileVersion": "10.0.16299.15 (WinBuild.160101.0800)"
  },
  "opcode": "정보",
  "event_id": 7,
  "message": "Image loaded:\nUtcTime: 2018-03-05 07:32:40.734\nProcessGuid: {A376A8F6-F298-5A9C-0000-00104DED8803}\nProcessId: 4084\nImage: C:\\Program Files\\Mozilla Firefox\\firefox.exe\nImageLoaded: C:\\Program Files\\Mozilla Firefox\\api-ms-win-crt-convert-l1-1-0.dll\nFileVersion: 10.0.16299.15 (WinBuild.160101.0800)\nDescription: ApiSet Stub DLL\nProduct: Microsoft® Windows® Operating System\nCompany: Microsoft Corporation\nHashes: MD5=E3495C380C381670908355181787D7EA,SHA256=B353BD22B97FD3704557A99359C9EA0B4E0AD8B7E43B5E21700DABD1A1D84923\nSigned: true\nSignature: Microsoft Corporation\nSignatureStatus: Valid",
  "type": "wineventlog",
  "log_name": "Microsoft-Windows-Sysmon/Operational",
  "user": {
    "identifier": "S-1-5-18",
    "name": "SYSTEM",
    "domain": "NT AUTHORITY",
    "type": "Well Known Group"
  },
  "computer_name": "DESKTOP-WJANG",
  "thread_id": 19220,
  "beat": {
    "name": "DESKTOP-WJANG",
    "hostname": "DESKTOP-WJANG",
    "version": "6.2.2"
  }
}
{
  "@timestamp": "2018-03-05T07:32:40.737Z",
  "@metadata": {
    "beat": "winlogbeat",
    "type": "doc",
    "version": "6.2.2"
  },
  "level": "정보",
  "computer_name": "DESKTOP-WJANG",
  "event_data": {
    "Product": "Microsoft® Windows® Operating System",
    "SignatureStatus": "Valid",
    "Signature": "Microsoft Corporation",
    "Company": "Microsoft Corporation",
    "Image": "C:\\Program Files\\Mozilla Firefox\\firefox.exe",
    "FileVersion": "10.0.16299.15 (WinBuild.160101.0800)",
    "ProcessGuid": "{A376A8F6-F298-5A9C-0000-00104DED8803}",
    "Description": "ApiSet Stub DLL",
    "ProcessId": "4084",
    "UtcTime": "2018-03-05 07:32:40.734",
    "Hashes": "MD5=E3495C380C381670908355181787D7EA,SHA256=B353BD22B97FD3704557A99359C9EA0B4E0AD8B7E43B5E21700DABD1A1D84923",
    "ImageLoaded": "C:\\Program Files\\Mozilla Firefox\\api-ms-win-crt-convert-l1-1-0.dll",
    "Signed": "true"
  },
  "version": 3,
  "task": "Image loaded (rule: ImageLoad)",
  "event_id": 7,
  "message": "Image loaded:\nUtcTime: 2018-03-05 07:32:40.734\nProcessGuid: {A376A8F6-F298-5A9C-0000-00104DED8803}\nProcessId: 4084\nImage: C:\\Program Files\\Mozilla Firefox\\firefox.exe\nImageLoaded: C:\\Program Files\\Mozilla Firefox\\api-ms-win-crt-convert-l1-1-0.dll\nFileVersion: 10.0.16299.15 (WinBuild.160101.0800)\nDescription: ApiSet Stub DLL\nProduct: Microsoft® Windows® Operating System\nCompany: Microsoft Corporation\nHashes: MD5=E3495C380C381670908355181787D7EA,SHA256=B353BD22B97FD3704557A99359C9EA0B4E0AD8B7E43B5E21700DABD1A1D84923\nSigned: true\nSignature: Microsoft Corporation\nSignatureStatus: Valid",
  "type": "wineventlog",
  "beat": {
    "name": "DESKTOP-WJANG",
    "hostname": "DESKTOP-WJANG",
    "version": "6.2.2"
  },
  "record_number": "731",
  "process_id": 8608,
  "source_name": "Microsoft-Windows-Sysmon",
  "opcode": "정보",
  "log_name": "Microsoft-Windows-Sysmon/Operational",
  "thread_id": 19220,
  "user": {
    "type": "Well Known Group",
    "identifier": "S-1-5-18",
    "name": "SYSTEM",
    "domain": "NT AUTHORITY"
  },
  "provider_guid": "{5770385F-C22A-43E0-BF4C-06F5698FFBD9}"
}
{
  "@timestamp": "2018-03-05T07:32:40.739Z",
  "@metadata": {
    "beat": "winlogbeat",
    "type": "doc",
    "version": "6.2.2"
  },
  "version": 3,
  "provider_guid": "{5770385F-C22A-43E0-BF4C-06F5698FFBD9}",
  "log_name": "Microsoft-Windows-Sysmon/Operational",
  "source_name": "Microsoft-Windows-Sysmon",
  "computer_name": "DESKTOP-WJANG",
  "task": "Image loaded (rule: ImageLoad)",
  "thread_id": 19220,
  "user": {
    "identifier": "S-1-5-18",
    "name": "SYSTEM",
    "domain": "NT AUTHORITY",
    "type": "Well Known Group"
  },
  "event_data": {
    "Hashes": "MD5=4140EE5C6EA9F933C483615141FD54FE,SHA256=29ABDC8C5396132B004E6751464641B8F0562249333B2257A1D2EB4AECC8D9DC",
    "ProcessGuid": "{A376A8F6-F298-5A9C-0000-00104DED8803}",
    "ProcessId": "4084",
    "Description": "ApiSet Stub DLL",
    "SignatureStatus": "Valid",
    "Signed": "true",
    "Company": "Microsoft Corporation",
    "UtcTime": "2018-03-05 07:32:40.736",
    "Product": "Microsoft® Windows® Operating System",
    "ImageLoaded": "C:\\Program Files\\Mozilla Firefox\\api-ms-win-crt-locale-l1-1-0.dll",
    "FileVersion": "10.0.16299.15 (WinBuild.160101.0800)",
    "Image": "C:\\Program Files\\Mozilla Firefox\\firefox.exe",
    "Signature": "Microsoft Corporation"
  },
  "record_number": "732",
  "message": "Image loaded:\nUtcTime: 2018-03-05 07:32:40.736\nProcessGuid: {A376A8F6-F298-5A9C-0000-00104DED8803}\nProcessId: 4084\nImage: C:\\Program Files\\Mozilla Firefox\\firefox.exe\nImageLoaded: C:\\Program Files\\Mozilla Firefox\\api-ms-win-crt-locale-l1-1-0.dll\nFileVersion: 10.0.16299.15 (WinBuild.160101.0800)\nDescription: ApiSet Stub DLL\nProduct: Microsoft® Windows® Operating System\nCompany: Microsoft Corporation\nHashes: MD5=4140EE5C6EA9F933C483615141FD54FE,SHA256=29ABDC8C5396132B004E6751464641B8F0562249333B2257A1D2EB4AECC8D9DC\nSigned: true\nSignature: Microsoft Corporation\nSignatureStatus: Valid",
  "type": "wineventlog",
  "level": "정보",
  "event_id": 7,
  "opcode": "정보",
  "process_id": 8608,
  "beat": {
    "name": "DESKTOP-WJANG",
    "hostname": "DESKTOP-WJANG",
    "version": "6.2.2"
  }
}
{
  "@timestamp": "2018-03-05T07:32:40.741Z",
  "@metadata": {
    "beat": "winlogbeat",
    "type": "doc",
    "version": "6.2.2"
  },
  "user": {
    "identifier": "S-1-5-18",
    "name": "SYSTEM",
    "domain": "NT AUTHORITY",
    "type": "Well Known Group"
  },
  "type": "wineventlog",
  "opcode": "정보",
  "computer_name": "DESKTOP-WJANG",
  "log_name": "Microsoft-Windows-Sysmon/Operational",
  "version": 3,
  "source_name": "Microsoft-Windows-Sysmon",
  "provider_guid": "{5770385F-C22A-43E0-BF4C-06F5698FFBD9}",
  "event_id": 7,
  "thread_id": 19220,
  "beat": {
    "name": "DESKTOP-WJANG",
    "hostname": "DESKTOP-WJANG",
    "version": "6.2.2"
  },
  "event_data": {
    "Signed": "true",
    "Product": "Microsoft® Windows® Operating System",
    "ProcessId": "4084",
    "ImageLoaded": "C:\\Program Files\\Mozilla Firefox\\api-ms-win-crt-locale-l1-1-0.dll",
    "UtcTime": "2018-03-05 07:32:40.736",
    "Signature": "Microsoft Corporation",
    "Hashes": "MD5=4140EE5C6EA9F933C483615141FD54FE,SHA256=29ABDC8C5396132B004E6751464641B8F0562249333B2257A1D2EB4AECC8D9DC",
    "ProcessGuid": "{A376A8F6-F298-5A9C-0000-00104DED8803}",
    "FileVersion": "10.0.16299.15 (WinBuild.160101.0800)",
    "Description": "ApiSet Stub DLL",
    "Company": "Microsoft Corporation",
    "SignatureStatus": "Valid",
    "Image": "C:\\Program Files\\Mozilla Firefox\\firefox.exe"
  },
  "task": "Image loaded (rule: ImageLoad)",
  "record_number": "733",
  "process_id": 8608,
  "level": "정보",
  "message": "Image loaded:\nUtcTime: 2018-03-05 07:32:40.736\nProcessGuid: {A376A8F6-F298-5A9C-0000-00104DED8803}\nProcessId: 4084\nImage: C:\\Program Files\\Mozilla Firefox\\firefox.exe\nImageLoaded: C:\\Program Files\\Mozilla Firefox\\api-ms-win-crt-locale-l1-1-0.dll\nFileVersion: 10.0.16299.15 (WinBuild.160101.0800)\nDescription: ApiSet Stub DLL\nProduct: Microsoft® Windows® Operating System\nCompany: Microsoft Corporation\nHashes: MD5=4140EE5C6EA9F933C483615141FD54FE,SHA256=29ABDC8C5396132B004E6751464641B8F0562249333B2257A1D2EB4AECC8D9DC\nSigned: true\nSignature: Microsoft Corporation\nSignatureStatus: Valid"
}
{
  "@timestamp": "2018-03-05T07:32:40.741Z",
  "@metadata": {
    "beat": "winlogbeat",
    "type": "doc",
    "version": "6.2.2"
  },
  "user": {
    "identifier": "S-1-5-18",
    "name": "SYSTEM",
    "domain": "NT AUTHORITY",
    "type": "Well Known Group"
  },
  "beat": {
    "hostname": "DESKTOP-WJANG",
    "version": "6.2.2",
    "name": "DESKTOP-WJANG"
  },
  "opcode": "정보",
  "event_data": {
    "Signature": "Microsoft Windows",
    "SignatureStatus": "Valid",
    "FileVersion": "10.0.16299.15 (WinBuild.160101.0800)",
    "ProcessId": "17704",
    "Company": "Microsoft Corporation",
    "UtcTime": "2018-03-05 07:32:40.085",
    "Image": "C:\\Program Files\\Mozilla Firefox\\firefox.exe",
    "Hashes": "MD5=D0537B14F64C3DA76B559A9CB65730F7,SHA256=D08F730A20582DD6D56B3653AEA97F1D7D86FE016963034215421CE3FF2EB81F",
    "Description": "Resource Manager Client",
    "ProcessGuid": "{A376A8F6-F294-5A9C-0000-001052E48503}",
    "ImageLoaded": "C:\\Windows\\System32\\rmclient.dll",
    "Signed": "true",
    "Product": "Microsoft® Windows® Operating System"
  },
  "record_number": "734",
  "event_id": 7,
  "provider_guid": "{5770385F-C22A-43E0-BF4C-06F5698FFBD9}",
  "thread_id": 23584,
  "task": "Image loaded (rule: ImageLoad)",
  "computer_name": "DESKTOP-WJANG",
  "process_id": 8608,
  "log_name": "Microsoft-Windows-Sysmon/Operational",
  "type": "wineventlog",
  "message": "Image loaded:\nUtcTime: 2018-03-05 07:32:40.085\nProcessGuid: {A376A8F6-F294-5A9C-0000-001052E48503}\nProcessId: 17704\nImage: C:\\Program Files\\Mozilla Firefox\\firefox.exe\nImageLoaded: C:\\Windows\\System32\\rmclient.dll\nFileVersion: 10.0.16299.15 (WinBuild.160101.0800)\nDescription: Resource Manager Client\nProduct: Microsoft® Windows® Operating System\nCompany: Microsoft Corporation\nHashes: MD5=D0537B14F64C3DA76B559A9CB65730F7,SHA256=D08F730A20582DD6D56B3653AEA97F1D7D86FE016963034215421CE3FF2EB81F\nSigned: true\nSignature: Microsoft Windows\nSignatureStatus: Valid",
  "level": "정보",
  "source_name": "Microsoft-Windows-Sysmon",
  "version": 3
}
{
  "@timestamp": "2018-03-05T07:32:40.743Z",
  "@metadata": {
    "beat": "winlogbeat",
    "type": "doc",
    "version": "6.2.2"
  },
  "opcode": "정보",
  "level": "정보",
  "computer_name": "DESKTOP-WJANG",
  "record_number": "735",
  "event_id": 7,
  "source_name": "Microsoft-Windows-Sysmon",
  "thread_id": 19220,
  "process_id": 8608,
  "beat": {
    "name": "DESKTOP-WJANG",
    "hostname": "DESKTOP-WJANG",
    "version": "6.2.2"
  },
  "provider_guid": "{5770385F-C22A-43E0-BF4C-06F5698FFBD9}",
  "log_name": "Microsoft-Windows-Sysmon/Operational",
  "event_data": {
    "FileVersion": "10.0.16299.15 (WinBuild.160101.0800)",
    "Image": "C:\\Program Files\\Mozilla Firefox\\firefox.exe",
    "ImageLoaded": "C:\\Program Files\\Mozilla Firefox\\api-ms-win-crt-math-l1-1-0.dll",
    "Hashes": "MD5=6C7D9C87AF17330357FDB7F39751080B,SHA256=6A9DD5A4E52C1AA0E341E35E9DC1A6FBF476EBACD64ADD3A53C146F019A9A4C6",
    "ProcessGuid": "{A376A8F6-F298-5A9C-0000-00104DED8803}",
    "Description": "ApiSet Stub DLL",
    "Signature": "Microsoft Corporation",
    "UtcTime": "2018-03-05 07:32:40.737",
    "Product": "Microsoft® Windows® Operating System",
    "SignatureStatus": "Valid",
    "ProcessId": "4084",
    "Company": "Microsoft Corporation",
    "Signed": "true"
  },
  "version": 3,
  "task": "Image loaded (rule: ImageLoad)",
  "user": {
    "name": "SYSTEM",
    "domain": "NT AUTHORITY",
    "type": "Well Known Group",
    "identifier": "S-1-5-18"
  },
  "message": "Image loaded:\nUtcTime: 2018-03-05 07:32:40.737\nProcessGuid: {A376A8F6-F298-5A9C-0000-00104DED8803}\nProcessId: 4084\nImage: C:\\Program Files\\Mozilla Firefox\\firefox.exe\nImageLoaded: C:\\Program Files\\Mozilla Firefox\\api-ms-win-crt-math-l1-1-0.dll\nFileVersion: 10.0.16299.15 (WinBuild.160101.0800)\nDescription: ApiSet Stub DLL\nProduct: Microsoft® Windows® Operating System\nCompany: Microsoft Corporation\nHashes: MD5=6C7D9C87AF17330357FDB7F39751080B,SHA256=6A9DD5A4E52C1AA0E341E35E9DC1A6FBF476EBACD64ADD3A53C146F019A9A4C6\nSigned: true\nSignature: Microsoft Corporation\nSignatureStatus: Valid",
  "type": "wineventlog"
}
{
  "@timestamp": "2018-03-05T07:32:40.744Z",
  "@metadata": {
    "beat": "winlogbeat",
    "type": "doc",
    "version": "6.2.2"
  },
  "version": 3,
  "log_name": "Microsoft-Windows-Sysmon/Operational",
  "opcode": "정보",
  "process_id": 8608,
  "type": "wineventlog",
  "source_name": "Microsoft-Windows-Sysmon",
  "level": "정보",
  "event_id": 7,
  "beat": {
    "name": "DESKTOP-WJANG",
    "hostname": "DESKTOP-WJANG",
    "version": "6.2.2"
  },
  "computer_name": "DESKTOP-WJANG",
  "record_number": "736",
  "user": {
    "type": "Well Known Group",
    "identifier": "S-1-5-18",
    "name": "SYSTEM",
    "domain": "NT AUTHORITY"
  },
  "message": "Image loaded:\nUtcTime: 2018-03-05 07:32:40.738\nProcessGuid: {A376A8F6-F298-5A9C-0000-00104DED8803}\nProcessId: 4084\nImage: C:\\Program Files\\Mozilla Firefox\\firefox.exe\nImageLoaded: C:\\Program Files\\Mozilla Firefox\\api-ms-win-crt-math-l1-1-0.dll\nFileVersion: 10.0.16299.15 (WinBuild.160101.0800)\nDescription: ApiSet Stub DLL\nProduct: Microsoft® Windows® Operating System\nCompany: Microsoft Corporation\nHashes: MD5=6C7D9C87AF17330357FDB7F39751080B,SHA256=6A9DD5A4E52C1AA0E341E35E9DC1A6FBF476EBACD64ADD3A53C146F019A9A4C6\nSigned: true\nSignature: Microsoft Corporation\nSignatureStatus: Valid",
  "thread_id": 19220,
  "provider_guid": "{5770385F-C22A-43E0-BF4C-06F5698FFBD9}",
  "event_data": {
    "Image": "C:\\Program Files\\Mozilla Firefox\\firefox.exe",
    "Signature": "Microsoft Corporation",
    "ProcessGuid": "{A376A8F6-F298-5A9C-0000-00104DED8803}",
    "Signed": "true",
    "Hashes": "MD5=6C7D9C87AF17330357FDB7F39751080B,SHA256=6A9DD5A4E52C1AA0E341E35E9DC1A6FBF476EBACD64ADD3A53C146F019A9A4C6",
    "SignatureStatus": "Valid",
    "Description": "ApiSet Stub DLL",
    "FileVersion": "10.0.16299.15 (WinBuild.160101.0800)",
    "UtcTime": "2018-03-05 07:32:40.738",
    "ImageLoaded": "C:\\Program Files\\Mozilla Firefox\\api-ms-win-crt-math-l1-1-0.dll",
    "Product": "Microsoft® Windows® Operating System",
    "ProcessId": "4084",
    "Company": "Microsoft Corporation"
  },
  "task": "Image loaded (rule: ImageLoad)"
}
{
  "@timestamp": "2018-03-05T07:32:40.745Z",
  "@metadata": {
    "beat": "winlogbeat",
    "type": "doc",
    "version": "6.2.2"
  },
  "log_name": "Microsoft-Windows-Sysmon/Operational",
  "source_name": "Microsoft-Windows-Sysmon",
  "opcode": "정보",
  "process_id": 8608,
  "type": "wineventlog",
  "level": "정보",
  "message": "Image loaded:\nUtcTime: 2018-03-05 07:32:40.739\nProcessGuid: {A376A8F6-F298-5A9C-0000-00104DED8803}\nProcessId: 4084\nImage: C:\\Program Files\\Mozilla Firefox\\firefox.exe\nImageLoaded: C:\\Program Files\\Mozilla Firefox\\api-ms-win-crt-multibyte-l1-1-0.dll\nFileVersion: 10.0.16299.15 (WinBuild.160101.0800)\nDescription: ApiSet Stub DLL\nProduct: Microsoft® Windows® Operating System\nCompany: Microsoft Corporation\nHashes: MD5=0CAD941678316DA4F162C2D65600F578,SHA256=ACB97F64896CB96CEA09C2A2E691A8E2302885150A0699AA0AC0593BCDC89E9F\nSigned: true\nSignature: Microsoft Corporation\nSignatureStatus: Valid",
  "event_data": {
    "ProcessGuid": "{A376A8F6-F298-5A9C-0000-00104DED8803}",
    "ImageLoaded": "C:\\Program Files\\Mozilla Firefox\\api-ms-win-crt-multibyte-l1-1-0.dll",
    "FileVersion": "10.0.16299.15 (WinBuild.160101.0800)",
    "UtcTime": "2018-03-05 07:32:40.739",
    "ProcessId": "4084",
    "Image": "C:\\Program Files\\Mozilla Firefox\\firefox.exe",
    "Signed": "true",
    "SignatureStatus": "Valid",
    "Product": "Microsoft® Windows® Operating System",
    "Company": "Microsoft Corporation",
    "Signature": "Microsoft Corporation",
    "Description": "ApiSet Stub DLL",
    "Hashes": "MD5=0CAD941678316DA4F162C2D65600F578,SHA256=ACB97F64896CB96CEA09C2A2E691A8E2302885150A0699AA0AC0593BCDC89E9F"
  },
  "version": 3,
  "task": "Image loaded (rule: ImageLoad)",
  "thread_id": 19220,
  "computer_name": "DESKTOP-WJANG",
  "user": {
    "identifier": "S-1-5-18",
    "name": "SYSTEM",
    "domain": "NT AUTHORITY",
    "type": "Well Known Group"
  },
  "event_id": 7,
  "beat": {
    "name": "DESKTOP-WJANG",
    "hostname": "DESKTOP-WJANG",
    "version": "6.2.2"
  },
  "provider_guid": "{5770385F-C22A-43E0-BF4C-06F5698FFBD9}",
  "record_number": "737"
}
{
  "@timestamp": "2018-03-05T07:32:40.746Z",
  "@metadata": {
    "beat": "winlogbeat",
    "type": "doc",
    "version": "6.2.2"
  },
  "record_number": "738",
  "user": {
    "identifier": "S-1-5-18",
    "name": "SYSTEM",
    "domain": "NT AUTHORITY",
    "type": "Well Known Group"
  },
  "event_data": {
    "ProcessId": "4084",
    "ImageLoaded": "C:\\Program Files\\Mozilla Firefox\\api-ms-win-crt-multibyte-l1-1-0.dll",
    "Signed": "true",
    "Hashes": "MD5=0CAD941678316DA4F162C2D65600F578,SHA256=ACB97F64896CB96CEA09C2A2E691A8E2302885150A0699AA0AC0593BCDC89E9F",
    "Signature": "Microsoft Corporation",
    "FileVersion": "10.0.16299.15 (WinBuild.160101.0800)",
    "Image": "C:\\Program Files\\Mozilla Firefox\\firefox.exe",
    "Company": "Microsoft Corporation",
    "Product": "Microsoft® Windows® Operating System",
    "UtcTime": "2018-03-05 07:32:40.739",
    "SignatureStatus": "Valid",
    "Description": "ApiSet Stub DLL",
    "ProcessGuid": "{A376A8F6-F298-5A9C-0000-00104DED8803}"
  },
  "task": "Image loaded (rule: ImageLoad)",
  "log_name": "Microsoft-Windows-Sysmon/Operational",
  "event_id": 7,
  "opcode": "정보",
  "level": "정보",
  "process_id": 8608,
  "beat": {
    "name": "DESKTOP-WJANG",
    "hostname": "DESKTOP-WJANG",
    "version": "6.2.2"
  },
  "thread_id": 19220,
  "source_name": "Microsoft-Windows-Sysmon",
  "message": "Image loaded:\nUtcTime: 2018-03-05 07:32:40.739\nProcessGuid: {A376A8F6-F298-5A9C-0000-00104DED8803}\nProcessId: 4084\nImage: C:\\Program Files\\Mozilla Firefox\\firefox.exe\nImageLoaded: C:\\Program Files\\Mozilla Firefox\\api-ms-win-crt-multibyte-l1-1-0.dll\nFileVersion: 10.0.16299.15 (WinBuild.160101.0800)\nDescription: ApiSet Stub DLL\nProduct: Microsoft® Windows® Operating System\nCompany: Microsoft Corporation\nHashes: MD5=0CAD941678316DA4F162C2D65600F578,SHA256=ACB97F64896CB96CEA09C2A2E691A8E2302885150A0699AA0AC0593BCDC89E9F\nSigned: true\nSignature: Microsoft Corporation\nSignatureStatus: Valid",
  "provider_guid": "{5770385F-C22A-43E0-BF4C-06F5698FFBD9}",
  "type": "wineventlog",
  "computer_name": "DESKTOP-WJANG",
  "version": 3
}
{
  "@timestamp": "2018-03-05T07:32:40.747Z",
  "@metadata": {
    "beat": "winlogbeat",
    "type": "doc",
    "version": "6.2.2"
  },
  "version": 3,
  "level": "정보",
  "opcode": "정보",
  "provider_guid": "{5770385F-C22A-43E0-BF4C-06F5698FFBD9}",
  "beat": {
    "name": "DESKTOP-WJANG",
    "hostname": "DESKTOP-WJANG",
    "version": "6.2.2"
  },
  "source_name": "Microsoft-Windows-Sysmon",
  "event_id": 7,
  "user": {
    "type": "Well Known Group",
    "identifier": "S-1-5-18",
    "name": "SYSTEM",
    "domain": "NT AUTHORITY"
  },
  "event_data": {
    "Product": "Microsoft® Windows® Operating System",
    "Company": "Microsoft Corporation",
    "ProcessId": "4084",
    "FileVersion": "10.0.16299.15 (WinBuild.160101.0800)",
    "ProcessGuid": "{A376A8F6-F298-5A9C-0000-00104DED8803}",
    "Image": "C:\\Program Files\\Mozilla Firefox\\firefox.exe",
    "ImageLoaded": "C:\\Program Files\\Mozilla Firefox\\api-ms-win-crt-time-l1-1-0.dll",
    "Signature": "Microsoft Corporation",
    "Hashes": "MD5=090027E2A3EF8D8EBF9CED36FDC7B492,SHA256=803B6F86F178E71F462DFDD6521C9F4791059C1FAB5DC86DE17C34C25E55F8BD",
    "Signed": "true",
    "SignatureStatus": "Valid",
    "UtcTime": "2018-03-05 07:32:40.740",
    "Description": "ApiSet Stub DLL"
  },
  "log_name": "Microsoft-Windows-Sysmon/Operational",
  "message": "Image loaded:\nUtcTime: 2018-03-05 07:32:40.740\nProcessGuid: {A376A8F6-F298-5A9C-0000-00104DED8803}\nProcessId: 4084\nImage: C:\\Program Files\\Mozilla Firefox\\firefox.exe\nImageLoaded: C:\\Program Files\\Mozilla Firefox\\api-ms-win-crt-time-l1-1-0.dll\nFileVersion: 10.0.16299.15 (WinBuild.160101.0800)\nDescription: ApiSet Stub DLL\nProduct: Microsoft® Windows® Operating System\nCompany: Microsoft Corporation\nHashes: MD5=090027E2A3EF8D8EBF9CED36FDC7B492,SHA256=803B6F86F178E71F462DFDD6521C9F4791059C1FAB5DC86DE17C34C25E55F8BD\nSigned: true\nSignature: Microsoft Corporation\nSignatureStatus: Valid",
  "type": "wineventlog",
  "record_number": "739",
  "task": "Image loaded (rule: ImageLoad)",
  "thread_id": 19220,
  "process_id": 8608,
  "computer_name": "DESKTOP-WJANG"
}
{
  "@timestamp": "2018-03-05T07:32:40.748Z",
  "@metadata": {
    "beat": "winlogbeat",
    "type": "doc",
    "version": "6.2.2"
  },
  "type": "wineventlog",
  "level": "정보",
  "task": "Image loaded (rule: ImageLoad)",
  "opcode": "정보",
  "process_id": 8608,
  "message": "Image loaded:\nUtcTime: 2018-03-05 07:32:40.741\nProcessGuid: {A376A8F6-F298-5A9C-0000-00104DED8803}\nProcessId: 4084\nImage: C:\\Program Files\\Mozilla Firefox\\firefox.exe\nImageLoaded: C:\\Program Files\\Mozilla Firefox\\api-ms-win-crt-time-l1-1-0.dll\nFileVersion: 10.0.16299.15 (WinBuild.160101.0800)\nDescription: ApiSet Stub DLL\nProduct: Microsoft® Windows® Operating System\nCompany: Microsoft Corporation\nHashes: MD5=090027E2A3EF8D8EBF9CED36FDC7B492,SHA256=803B6F86F178E71F462DFDD6521C9F4791059C1FAB5DC86DE17C34C25E55F8BD\nSigned: true\nSignature: Microsoft Corporation\nSignatureStatus: Valid",
  "event_data": {
    "ProcessGuid": "{A376A8F6-F298-5A9C-0000-00104DED8803}",
    "Description": "ApiSet Stub DLL",
    "SignatureStatus": "Valid",
    "FileVersion": "10.0.16299.15 (WinBuild.160101.0800)",
    "Signed": "true",
    "Hashes": "MD5=090027E2A3EF8D8EBF9CED36FDC7B492,SHA256=803B6F86F178E71F462DFDD6521C9F4791059C1FAB5DC86DE17C34C25E55F8BD",
    "ImageLoaded": "C:\\Program Files\\Mozilla Firefox\\api-ms-win-crt-time-l1-1-0.dll",
    "ProcessId": "4084",
    "Company": "Microsoft Corporation",
    "Signature": "Microsoft Corporation",
    "UtcTime": "2018-03-05 07:32:40.741",
    "Image": "C:\\Program Files\\Mozilla Firefox\\firefox.exe",
    "Product": "Microsoft® Windows® Operating System"
  },
  "provider_guid": "{5770385F-C22A-43E0-BF4C-06F5698FFBD9}",
  "event_id": 7,
  "log_name": "Microsoft-Windows-Sysmon/Operational",
  "source_name": "Microsoft-Windows-Sysmon",
  "version": 3,
  "record_number": "740",
  "beat": {
    "version": "6.2.2",
    "name": "DESKTOP-WJANG",
    "hostname": "DESKTOP-WJANG"
  },
  "user": {
    "name": "SYSTEM",
    "domain": "NT AUTHORITY",
    "type": "Well Known Group",
    "identifier": "S-1-5-18"
  },
  "computer_name": "DESKTOP-WJANG",
  "thread_id": 19220
}
{
  "@timestamp": "2018-03-05T07:32:40.749Z",
  "@metadata": {
    "beat": "winlogbeat",
    "type": "doc",
    "version": "6.2.2"
  },
  "process_id": 8608,
  "log_name": "Microsoft-Windows-Sysmon/Operational",
  "record_number": "741",
  "provider_guid": "{5770385F-C22A-43E0-BF4C-06F5698FFBD9}",
  "source_name": "Microsoft-Windows-Sysmon",
  "message": "Image loaded:\nUtcTime: 2018-03-05 07:32:40.742\nProcessGuid: {A376A8F6-F298-5A9C-0000-00104DED8803}\nProcessId: 4084\nImage: C:\\Program Files\\Mozilla Firefox\\firefox.exe\nImageLoaded: C:\\Program Files\\Mozilla Firefox\\api-ms-win-crt-filesystem-l1-1-0.dll\nFileVersion: 10.0.16299.15 (WinBuild.160101.0800)\nDescription: ApiSet Stub DLL\nProduct: Microsoft® Windows® Operating System\nCompany: Microsoft Corporation\nHashes: MD5=C8211D9A8F2595C9EE6F75C9B6D5CB29,SHA256=B78607F566599E92BFA8FF5DE0F28C439207ABF17F274A045500A0D107287D41\nSigned: true\nSignature: Microsoft Corporation\nSignatureStatus: Valid",
  "version": 3,
  "computer_name": "DESKTOP-WJANG",
  "type": "wineventlog",
  "event_data": {
    "ProcessGuid": "{A376A8F6-F298-5A9C-0000-00104DED8803}",
    "SignatureStatus": "Valid",
    "Image": "C:\\Program Files\\Mozilla Firefox\\firefox.exe",
    "FileVersion": "10.0.16299.15 (WinBuild.160101.0800)",
    "ImageLoaded": "C:\\Program Files\\Mozilla Firefox\\api-ms-win-crt-filesystem-l1-1-0.dll",
    "Description": "ApiSet Stub DLL",
    "Company": "Microsoft Corporation",
    "Signature": "Microsoft Corporation",
    "Product": "Microsoft® Windows® Operating System",
    "UtcTime": "2018-03-05 07:32:40.742",
    "ProcessId": "4084",
    "Hashes": "MD5=C8211D9A8F2595C9EE6F75C9B6D5CB29,SHA256=B78607F566599E92BFA8FF5DE0F28C439207ABF17F274A045500A0D107287D41",
    "Signed": "true"
  },
  "thread_id": 19220,
  "user": {
    "identifier": "S-1-5-18",
    "name": "SYSTEM",
    "domain": "NT AUTHORITY",
    "type": "Well Known Group"
  },
  "task": "Image loaded (rule: ImageLoad)",
  "opcode": "정보",
  "beat": {
    "hostname": "DESKTOP-WJANG",
    "version": "6.2.2",
    "name": "DESKTOP-WJANG"
  },
  "level": "정보",
  "event_id": 7
}
{
  "@timestamp": "2018-03-05T07:32:40.750Z",
  "@metadata": {
    "beat": "winlogbeat",
    "type": "doc",
    "version": "6.2.2"
  },
  "opcode": "정보",
  "record_number": "742",
  "log_name": "Microsoft-Windows-Sysmon/Operational",
  "source_name": "Microsoft-Windows-Sysmon",
  "user": {
    "domain": "NT AUTHORITY",
    "type": "Well Known Group",
    "identifier": "S-1-5-18",
    "name": "SYSTEM"
  },
  "task": "Image loaded (rule: ImageLoad)",
  "event_data": {
    "Product": "Microsoft® Windows® Operating System",
    "Image": "C:\\Program Files\\Mozilla Firefox\\firefox.exe",
    "Description": "ApiSet Stub DLL",
    "Signature": "Microsoft Corporation",
    "Signed": "true",
    "Company": "Microsoft Corporation",
    "UtcTime": "2018-03-05 07:32:40.743",
    "FileVersion": "10.0.16299.15 (WinBuild.160101.0800)",
    "ImageLoaded": "C:\\Program Files\\Mozilla Firefox\\api-ms-win-crt-filesystem-l1-1-0.dll",
    "ProcessGuid": "{A376A8F6-F298-5A9C-0000-00104DED8803}",
    "Hashes": "MD5=C8211D9A8F2595C9EE6F75C9B6D5CB29,SHA256=B78607F566599E92BFA8FF5DE0F28C439207ABF17F274A045500A0D107287D41",
    "ProcessId": "4084",
    "SignatureStatus": "Valid"
  },
  "computer_name": "DESKTOP-WJANG",
  "provider_guid": "{5770385F-C22A-43E0-BF4C-06F5698FFBD9}",
  "message": "Image loaded:\nUtcTime: 2018-03-05 07:32:40.743\nProcessGuid: {A376A8F6-F298-5A9C-0000-00104DED8803}\nProcessId: 4084\nImage: C:\\Program Files\\Mozilla Firefox\\firefox.exe\nImageLoaded: C:\\Program Files\\Mozilla Firefox\\api-ms-win-crt-filesystem-l1-1-0.dll\nFileVersion: 10.0.16299.15 (WinBuild.160101.0800)\nDescription: ApiSet Stub DLL\nProduct: Microsoft® Windows® Operating System\nCompany: Microsoft Corporation\nHashes: MD5=C8211D9A8F2595C9EE6F75C9B6D5CB29,SHA256=B78607F566599E92BFA8FF5DE0F28C439207ABF17F274A045500A0D107287D41\nSigned: true\nSignature: Microsoft Corporation\nSignatureStatus: Valid",
  "beat": {
    "name": "DESKTOP-WJANG",
    "hostname": "DESKTOP-WJANG",
    "version": "6.2.2"
  },
  "process_id": 8608,
  "type": "wineventlog",
  "thread_id": 19220,
  "level": "정보",
  "event_id": 7,
  "version": 3
}
{
  "@timestamp": "2018-03-05T07:32:40.751Z",
  "@metadata": {
    "beat": "winlogbeat",
    "type": "doc",
    "version": "6.2.2"
  },
  "event_data": {
    "Image": "C:\\Program Files\\Mozilla Firefox\\firefox.exe",
    "SignatureStatus": "Valid",
    "Company": "Microsoft Corporation",
    "Description": "ApiSet Stub DLL",
    "Signature": "Microsoft Corporation",
    "FileVersion": "10.0.16299.15 (WinBuild.160101.0800)",
    "ImageLoaded": "C:\\Program Files\\Mozilla Firefox\\api-ms-win-crt-environment-l1-1-0.dll",
    "ProcessId": "4084",
    "UtcTime": "2018-03-05 07:32:40.744",
    "Product": "Microsoft® Windows® Operating System",
    "ProcessGuid": "{A376A8F6-F298-5A9C-0000-00104DED8803}",
    "Hashes": "MD5=5746D1DC01F0A069F009ECD7F8738C41,SHA256=325E7BB5C8A3C7F9DB8698A570B7D9D9424A028D51F937A2DFF3DC5FF0B6E457",
    "Signed": "true"
  },
  "message": "Image loaded:\nUtcTime: 2018-03-05 07:32:40.744\nProcessGuid: {A376A8F6-F298-5A9C-0000-00104DED8803}\nProcessId: 4084\nImage: C:\\Program Files\\Mozilla Firefox\\firefox.exe\nImageLoaded: C:\\Program Files\\Mozilla Firefox\\api-ms-win-crt-environment-l1-1-0.dll\nFileVersion: 10.0.16299.15 (WinBuild.160101.0800)\nDescription: ApiSet Stub DLL\nProduct: Microsoft® Windows® Operating System\nCompany: Microsoft Corporation\nHashes: MD5=5746D1DC01F0A069F009ECD7F8738C41,SHA256=325E7BB5C8A3C7F9DB8698A570B7D9D9424A028D51F937A2DFF3DC5FF0B6E457\nSigned: true\nSignature: Microsoft Corporation\nSignatureStatus: Valid",
  "opcode": "정보",
  "task": "Image loaded (rule: ImageLoad)",
  "source_name": "Microsoft-Windows-Sysmon",
  "version": 3,
  "beat": {
    "name": "DESKTOP-WJANG",
    "hostname": "DESKTOP-WJANG",
    "version": "6.2.2"
  },
  "type": "wineventlog",
  "record_number": "743",
  "log_name": "Microsoft-Windows-Sysmon/Operational",
  "process_id": 8608,
  "event_id": 7,
  "level": "정보",
  "provider_guid": "{5770385F-C22A-43E0-BF4C-06F5698FFBD9}",
  "user": {
    "domain": "NT AUTHORITY",
    "type": "Well Known Group",
    "identifier": "S-1-5-18",
    "name": "SYSTEM"
  },
  "computer_name": "DESKTOP-WJANG",
  "thread_id": 19220
}
