{
  "@timestamp": "2018-03-05T07:32:37.389Z",
  "@metadata": {
    "beat": "winlogbeat",
    "type": "doc",
    "version": "6.2.2"
  },
  "computer_name": "DESKTOP-WJANG",
  "process_id": 8608,
  "opcode": "정보",
  "event_id": 7,
  "event_data": {
    "ProcessGuid": "{A376A8F6-F294-5A9C-0000-001052E48503}",
    "Description": "ApiSet Stub DLL",
    "Hashes": "MD5=C8211D9A8F2595C9EE6F75C9B6D5CB29,SHA256=B78607F566599E92BFA8FF5DE0F28C439207ABF17F274A045500A0D107287D41",
    "FileVersion": "10.0.16299.15 (WinBuild.160101.0800)",
    "Product": "Microsoft® Windows® Operating System",
    "Company": "Microsoft Corporation",
    "Signed": "true",
    "SignatureStatus": "Valid",
    "Image": "C:\\Program Files\\Mozilla Firefox\\firefox.exe",
    "UtcTime": "2018-03-05 07:32:36.952",
    "Signature": "Microsoft Corporation",
    "ProcessId": "17704",
    "ImageLoaded": "C:\\Program Files\\Mozilla Firefox\\api-ms-win-crt-filesystem-l1-1-0.dll"
  },
  "task": "Image loaded (rule: ImageLoad)",
  "level": "정보",
  "version": 3,
  "beat": {
    "name": "DESKTOP-WJANG",
    "hostname": "DESKTOP-WJANG",
    "version": "6.2.2"
  },
  "message": "Image loaded:\nUtcTime: 2018-03-05 07:32:36.952\nProcessGuid: {A376A8F6-F294-5A9C-0000-001052E48503}\nProcessId: 17704\nImage: C:\\Program Files\\Mozilla Firefox\\firefox.exe\nImageLoaded: C:\\Program Files\\Mozilla Firefox\\api-ms-win-crt-filesystem-l1-1-0.dll\nFileVersion: 10.0.16299.15 (WinBuild.160101.0800)\nDescription: ApiSet Stub DLL\nProduct: Microsoft® Windows® Operating System\nCompany: Microsoft Corporation\nHashes: MD5=C8211D9A8F2595C9EE6F75C9B6D5CB29,SHA256=B78607F566599E92BFA8FF5DE0F28C439207ABF17F274A045500A0D107287D41\nSigned: true\nSignature: Microsoft Corporation\nSignatureStatus: Valid",
  "thread_id": 23584,
  "log_name": "Microsoft-Windows-Sysmon/Operational",
  "type": "wineventlog",
  "provider_guid": "{5770385F-C22A-43E0-BF4C-06F5698FFBD9}",
  "record_number": "251",
  "user": {
    "name": "SYSTEM",
    "domain": "NT AUTHORITY",
    "type": "Well Known Group",
    "identifier": "S-1-5-18"
  },
  "source_name": "Microsoft-Windows-Sysmon"
}
{
  "@timestamp": "2018-03-05T07:32:37.396Z",
  "@metadata": {
    "beat": "winlogbeat",
    "type": "doc",
    "version": "6.2.2"
  },
  "event_data": {
    "Company": "Microsoft Corporation",
    "ProcessId": "17704",
    "UtcTime": "2018-03-05 07:32:36.954",
    "Hashes": "MD5=5746D1DC01F0A069F009ECD7F8738C41,SHA256=325E7BB5C8A3C7F9DB8698A570B7D9D9424A028D51F937A2DFF3DC5FF0B6E457",
    "Image": "C:\\Program Files\\Mozilla Firefox\\firefox.exe",
    "FileVersion": "10.0.16299.15 (WinBuild.160101.0800)",
    "Product": "Microsoft® Windows® Operating System",
    "Signature": "Microsoft Corporation",
    "SignatureStatus": "Valid",
    "ImageLoaded": "C:\\Program Files\\Mozilla Firefox\\api-ms-win-crt-environment-l1-1-0.dll",
    "Signed": "true",
    "Description": "ApiSet Stub DLL",
    "ProcessGuid": "{A376A8F6-F294-5A9C-0000-001052E48503}"
  },
  "version": 3,
  "record_number": "252",
  "task": "Image loaded (rule: ImageLoad)",
  "type": "wineventlog",
  "log_name": "Microsoft-Windows-Sysmon/Operational",
  "user": {
    "name": "SYSTEM",
    "domain": "NT AUTHORITY",
    "type": "Well Known Group",
    "identifier": "S-1-5-18"
  },
  "beat": {
    "version": "6.2.2",
    "name": "DESKTOP-WJANG",
    "hostname": "DESKTOP-WJANG"
  },
  "computer_name": "DESKTOP-WJANG",
  "provider_guid": "{5770385F-C22A-43E0-BF4C-06F5698FFBD9}",
  "level": "정보",
  "thread_id": 23584,
  "event_id": 7,
  "opcode": "정보",
  "process_id": 8608,
  "source_name": "Microsoft-Windows-Sysmon",
  "message": "Image loaded:\nUtcTime: 2018-03-05 07:32:36.954\nProcessGuid: {A376A8F6-F294-5A9C-0000-001052E48503}\nProcessId: 17704\nImage: C:\\Program Files\\Mozilla Firefox\\firefox.exe\nImageLoaded: C:\\Program Files\\Mozilla Firefox\\api-ms-win-crt-environment-l1-1-0.dll\nFileVersion: 10.0.16299.15 (WinBuild.160101.0800)\nDescription: ApiSet Stub DLL\nProduct: Microsoft® Windows® Operating System\nCompany: Microsoft Corporation\nHashes: MD5=5746D1DC01F0A069F009ECD7F8738C41,SHA256=325E7BB5C8A3C7F9DB8698A570B7D9D9424A028D51F937A2DFF3DC5FF0B6E457\nSigned: true\nSignature: Microsoft Corporation\nSignatureStatus: Valid"
}
{
  "@timestamp": "2018-03-05T07:32:37.397Z",
  "@metadata": {
    "beat": "winlogbeat",
    "type": "doc",
    "version": "6.2.2"
  },
  "source_name": "Microsoft-Windows-Sysmon",
  "event_data": {
    "Product": "Microsoft® Windows® Operating System",
    "UtcTime": "2018-03-05 07:32:36.954",
    "ImageLoaded": "C:\\Program Files\\Mozilla Firefox\\api-ms-win-crt-environment-l1-1-0.dll",
    "Company": "Microsoft Corporation",
    "SignatureStatus": "Valid",
    "Image": "C:\\Program Files\\Mozilla Firefox\\firefox.exe",
    "FileVersion": "10.0.16299.15 (WinBuild.160101.0800)",
    "ProcessId": "17704",
    "Hashes": "MD5=5746D1DC01F0A069F009ECD7F8738C41,SHA256=325E7BB5C8A3C7F9DB8698A570B7D9D9424A028D51F937A2DFF3DC5FF0B6E457",
    "Description": "ApiSet Stub DLL",
    "Signature": "Microsoft Corporation",
    "ProcessGuid": "{A376A8F6-F294-5A9C-0000-001052E48503}",
    "Signed": "true"
  },
  "beat": {
    "name": "DESKTOP-WJANG",
    "hostname": "DESKTOP-WJANG",
    "version": "6.2.2"
  },
  "process_id": 8608,
  "provider_guid": "{5770385F-C22A-43E0-BF4C-06F5698FFBD9}",
  "task": "Image loaded (rule: ImageLoad)",
  "user": {
    "type": "Well Known Group",
    "identifier": "S-1-5-18",
    "name": "SYSTEM",
    "domain": "NT AUTHORITY"
  },
  "event_id": 7,
  "level": "정보",
  "message": "Image loaded:\nUtcTime: 2018-03-05 07:32:36.954\nProcessGuid: {A376A8F6-F294-5A9C-0000-001052E48503}\nProcessId: 17704\nImage: C:\\Program Files\\Mozilla Firefox\\firefox.exe\nImageLoaded: C:\\Program Files\\Mozilla Firefox\\api-ms-win-crt-environment-l1-1-0.dll\nFileVersion: 10.0.16299.15 (WinBuild.160101.0800)\nDescription: ApiSet Stub DLL\nProduct: Microsoft® Windows® Operating System\nCompany: Microsoft Corporation\nHashes: MD5=5746D1DC01F0A069F009ECD7F8738C41,SHA256=325E7BB5C8A3C7F9DB8698A570B7D9D9424A028D51F937A2DFF3DC5FF0B6E457\nSigned: true\nSignature: Microsoft Corporation\nSignatureStatus: Valid",
  "thread_id": 23584,
  "computer_name": "DESKTOP-WJANG",
  "version": 3,
  "type": "wineventlog",
  "log_name": "Microsoft-Windows-Sysmon/Operational",
  "opcode": "정보",
  "record_number": "253"
}
{
  "@timestamp": "2018-03-05T07:32:37.407Z",
  "@metadata": {
    "beat": "winlogbeat",
    "type": "doc",
    "version": "6.2.2"
  },
  "computer_name": "DESKTOP-WJANG",
  "event_data": {
    "FileVersion": "10.0.16299.15 (WinBuild.160101.0800)",
    "ImageLoaded": "C:\\Program Files\\Mozilla Firefox\\api-ms-win-crt-utility-l1-1-0.dll",
    "Signed": "true",
    "Signature": "Microsoft Corporation",
    "Image": "C:\\Program Files\\Mozilla Firefox\\firefox.exe",
    "Product": "Microsoft® Windows® Operating System",
    "Description": "ApiSet Stub DLL",
    "SignatureStatus": "Valid",
    "UtcTime": "2018-03-05 07:32:36.956",
    "ProcessGuid": "{A376A8F6-F294-5A9C-0000-001052E48503}",
    "ProcessId": "17704",
    "Company": "Microsoft Corporation",
    "Hashes": "MD5=6BC85715C6A0006CDEFF1B3D7FFD796F,SHA256=7A578DD2CEB4387AE8F67F6A82AB553CA1570D1588AB6645859E5625585AF95C"
  },
  "level": "정보",
  "user": {
    "type": "Well Known Group",
    "identifier": "S-1-5-18",
    "name": "SYSTEM",
    "domain": "NT AUTHORITY"
  },
  "thread_id": 23584,
  "opcode": "정보",
  "source_name": "Microsoft-Windows-Sysmon",
  "process_id": 8608,
  "type": "wineventlog",
  "provider_guid": "{5770385F-C22A-43E0-BF4C-06F5698FFBD9}",
  "message": "Image loaded:\nUtcTime: 2018-03-05 07:32:36.956\nProcessGuid: {A376A8F6-F294-5A9C-0000-001052E48503}\nProcessId: 17704\nImage: C:\\Program Files\\Mozilla Firefox\\firefox.exe\nImageLoaded: C:\\Program Files\\Mozilla Firefox\\api-ms-win-crt-utility-l1-1-0.dll\nFileVersion: 10.0.16299.15 (WinBuild.160101.0800)\nDescription: ApiSet Stub DLL\nProduct: Microsoft® Windows® Operating System\nCompany: Microsoft Corporation\nHashes: MD5=6BC85715C6A0006CDEFF1B3D7FFD796F,SHA256=7A578DD2CEB4387AE8F67F6A82AB553CA1570D1588AB6645859E5625585AF95C\nSigned: true\nSignature: Microsoft Corporation\nSignatureStatus: Valid",
  "record_number": "254",
  "version": 3,
  "beat": {
    "hostname": "DESKTOP-WJANG",
    "version": "6.2.2",
    "name": "DESKTOP-WJANG"
  },
  "task": "Image loaded (rule: ImageLoad)",
  "log_name": "Microsoft-Windows-Sysmon/Operational",
  "event_id": 7
}
{
  "@timestamp": "2018-03-05T07:32:37.407Z",
  "@metadata": {
    "beat": "winlogbeat",
    "type": "doc",
    "version": "6.2.2"
  },
  "type": "wineventlog",
  "task": "Image loaded (rule: ImageLoad)",
  "user": {
    "identifier": "S-1-5-18",
    "name": "SYSTEM",
    "domain": "NT AUTHORITY",
    "type": "Well Known Group"
  },
  "event_data": {
    "Description": "ApiSet Stub DLL",
    "Product": "Microsoft® Windows® Operating System",
    "ProcessGuid": "{A376A8F6-F294-5A9C-0000-001052E48503}",
    "Image": "C:\\Program Files\\Mozilla Firefox\\firefox.exe",
    "Signed": "true",
    "Signature": "Microsoft Corporation",
    "FileVersion": "10.0.16299.15 (WinBuild.160101.0800)",
    "Hashes": "MD5=6BC85715C6A0006CDEFF1B3D7FFD796F,SHA256=7A578DD2CEB4387AE8F67F6A82AB553CA1570D1588AB6645859E5625585AF95C",
    "SignatureStatus": "Valid",
    "UtcTime": "2018-03-05 07:32:36.956",
    "ImageLoaded": "C:\\Program Files\\Mozilla Firefox\\api-ms-win-crt-utility-l1-1-0.dll",
    "ProcessId": "17704",
    "Company": "Microsoft Corporation"
  },
  "computer_name": "DESKTOP-WJANG",
  "level": "정보",
  "source_name": "Microsoft-Windows-Sysmon",
  "version": 3,
  "event_id": 7,
  "thread_id": 23584,
  "provider_guid": "{5770385F-C22A-43E0-BF4C-06F5698FFBD9}",
  "message": "Image loaded:\nUtcTime: 2018-03-05 07:32:36.956\nProcessGuid: {A376A8F6-F294-5A9C-0000-001052E48503}\nProcessId: 17704\nImage: C:\\Program Files\\Mozilla Firefox\\firefox.exe\nImageLoaded: C:\\Program Files\\Mozilla Firefox\\api-ms-win-crt-utility-l1-1-0.dll\nFileVersion: 10.0.16299.15 (WinBuild.160101.0800)\nDescription: ApiSet Stub DLL\nProduct: Microsoft® Windows® Operating System\nCompany: Microsoft Corporation\nHashes: MD5=6BC85715C6A0006CDEFF1B3D7FFD796F,SHA256=7A578DD2CEB4387AE8F67F6A82AB553CA1570D1588AB6645859E5625585AF95C\nSigned: true\nSignature: Microsoft Corporation\nSignatureStatus: Valid",
  "record_number": "255",
  "beat": {
    "name": "DESKTOP-WJANG",
    "hostname": "DESKTOP-WJANG",
    "version": "6.2.2"
  },
  "opcode": "정보",
  "process_id": 8608,
  "log_name": "Microsoft-Windows-Sysmon/Operational"
}
{
  "@timestamp": "2018-03-05T07:32:37.424Z",
  "@metadata": {
    "beat": "winlogbeat",
    "type": "doc",
    "version": "6.2.2"
  },
  "event_data": {
    "Signed": "true",
    "FileVersion": "58.0.2",
    "Company": "Mozilla Foundation",
    "UtcTime": "2018-03-05 07:32:36.969",
    "Product": "Firefox",
    "ImageLoaded": "C:\\Program Files\\Mozilla Firefox\\nss3.dll",
    "ProcessId": "17704",
    "Signature": "Mozilla Corporation",
    "ProcessGuid": "{A376A8F6-F294-5A9C-0000-001052E48503}",
    "Hashes": "MD5=CE33E864071965A945EBF037649E47E0,SHA256=1FDACB937B711ADC83764454BB3D9948B2188C32EF8FB9D1B39CACF4E9DC866F",
    "SignatureStatus": "Valid",
    "Image": "C:\\Program Files\\Mozilla Firefox\\firefox.exe"
  },
  "version": 3,
  "user": {
    "name": "SYSTEM",
    "domain": "NT AUTHORITY",
    "type": "Well Known Group",
    "identifier": "S-1-5-18"
  },
  "source_name": "Microsoft-Windows-Sysmon",
  "level": "정보",
  "thread_id": 23584,
  "message": "Image loaded:\nUtcTime: 2018-03-05 07:32:36.969\nProcessGuid: {A376A8F6-F294-5A9C-0000-001052E48503}\nProcessId: 17704\nImage: C:\\Program Files\\Mozilla Firefox\\firefox.exe\nImageLoaded: C:\\Program Files\\Mozilla Firefox\\nss3.dll\nFileVersion: 58.0.2\nDescription: \nProduct: Firefox\nCompany: Mozilla Foundation\nHashes: MD5=CE33E864071965A945EBF037649E47E0,SHA256=1FDACB937B711ADC83764454BB3D9948B2188C32EF8FB9D1B39CACF4E9DC866F\nSigned: true\nSignature: Mozilla Corporation\nSignatureStatus: Valid",
  "record_number": "256",
  "beat": {
    "name": "DESKTOP-WJANG",
    "hostname": "DESKTOP-WJANG",
    "version": "6.2.2"
  },
  "type": "wineventlog",
  "process_id": 8608,
  "opcode": "정보",
  "log_name": "Microsoft-Windows-Sysmon/Operational",
  "event_id": 7,
  "task": "Image loaded (rule: ImageLoad)",
  "computer_name": "DESKTOP-WJANG",
  "provider_guid": "{5770385F-C22A-43E0-BF4C-06F5698FFBD9}"
}
{
  "@timestamp": "2018-03-05T07:32:37.453Z",
  "@metadata": {
    "beat": "winlogbeat",
    "type": "doc",
    "version": "6.2.2"
  },
  "event_id": 7,
  "provider_guid": "{5770385F-C22A-43E0-BF4C-06F5698FFBD9}",
  "task": "Image loaded (rule: ImageLoad)",
  "message": "Image loaded:\nUtcTime: 2018-03-05 07:32:36.970\nProcessGuid: {A376A8F6-F294-5A9C-0000-001052E48503}\nProcessId: 17704\nImage: C:\\Program Files\\Mozilla Firefox\\firefox.exe\nImageLoaded: C:\\Windows\\System32\\wsock32.dll\nFileVersion: 10.0.16299.15 (WinBuild.160101.0800)\nDescription: Windows Socket 32-Bit DLL\nProduct: Microsoft® Windows® Operating System\nCompany: Microsoft Corporation\nHashes: MD5=514BF844F53C410B3C2ADA2995E19517,SHA256=B4BD9BAF4E67756717216C62F117FE5B3B4B38AE060C989F7D6476C864B82C91\nSigned: true\nSignature: Microsoft Windows\nSignatureStatus: Valid",
  "type": "wineventlog",
  "computer_name": "DESKTOP-WJANG",
  "event_data": {
    "Company": "Microsoft Corporation",
    "Hashes": "MD5=514BF844F53C410B3C2ADA2995E19517,SHA256=B4BD9BAF4E67756717216C62F117FE5B3B4B38AE060C989F7D6476C864B82C91",
    "Signed": "true",
    "ProcessId": "17704",
    "FileVersion": "10.0.16299.15 (WinBuild.160101.0800)",
    "SignatureStatus": "Valid",
    "UtcTime": "2018-03-05 07:32:36.970",
    "Description": "Windows Socket 32-Bit DLL",
    "ProcessGuid": "{A376A8F6-F294-5A9C-0000-001052E48503}",
    "ImageLoaded": "C:\\Windows\\System32\\wsock32.dll",
    "Image": "C:\\Program Files\\Mozilla Firefox\\firefox.exe",
    "Product": "Microsoft® Windows® Operating System",
    "Signature": "Microsoft Windows"
  },
  "source_name": "Microsoft-Windows-Sysmon",
  "version": 3,
  "log_name": "Microsoft-Windows-Sysmon/Operational",
  "level": "정보",
  "thread_id": 23584,
  "opcode": "정보",
  "process_id": 8608,
  "record_number": "257",
  "user": {
    "domain": "NT AUTHORITY",
    "type": "Well Known Group",
    "identifier": "S-1-5-18",
    "name": "SYSTEM"
  },
  "beat": {
    "name": "DESKTOP-WJANG",
    "hostname": "DESKTOP-WJANG",
    "version": "6.2.2"
  }
}
{
  "@timestamp": "2018-03-05T07:32:37.463Z",
  "@metadata": {
    "beat": "winlogbeat",
    "type": "doc",
    "version": "6.2.2"
  },
  "message": "Image loaded:\nUtcTime: 2018-03-05 07:32:36.974\nProcessGuid: {A376A8F6-F294-5A9C-0000-001052E48503}\nProcessId: 17704\nImage: C:\\Program Files\\Mozilla Firefox\\firefox.exe\nImageLoaded: C:\\Windows\\System32\\winmm.dll\nFileVersion: 10.0.16299.15 (WinBuild.160101.0800)\nDescription: MCI API DLL\nProduct: Microsoft® Windows® Operating System\nCompany: Microsoft Corporation\nHashes: MD5=C5C456871B479BDBD662268DFFCBD126,SHA256=61F642B6440273E70A27ED9BE420177182706CA11795987E66AD2435092B06B1\nSigned: true\nSignature: Microsoft Windows\nSignatureStatus: Valid",
  "source_name": "Microsoft-Windows-Sysmon",
  "version": 3,
  "event_data": {
    "Product": "Microsoft® Windows® Operating System",
    "SignatureStatus": "Valid",
    "Company": "Microsoft Corporation",
    "ProcessId": "17704",
    "ImageLoaded": "C:\\Windows\\System32\\winmm.dll",
    "Signed": "true",
    "Signature": "Microsoft Windows",
    "UtcTime": "2018-03-05 07:32:36.974",
    "ProcessGuid": "{A376A8F6-F294-5A9C-0000-001052E48503}",
    "Image": "C:\\Program Files\\Mozilla Firefox\\firefox.exe",
    "Hashes": "MD5=C5C456871B479BDBD662268DFFCBD126,SHA256=61F642B6440273E70A27ED9BE420177182706CA11795987E66AD2435092B06B1",
    "FileVersion": "10.0.16299.15 (WinBuild.160101.0800)",
    "Description": "MCI API DLL"
  },
  "type": "wineventlog",
  "computer_name": "DESKTOP-WJANG",
  "thread_id": 23584,
  "event_id": 7,
  "process_id": 8608,
  "record_number": "258",
  "beat": {
    "name": "DESKTOP-WJANG",
    "hostname": "DESKTOP-WJANG",
    "version": "6.2.2"
  },
  "log_name": "Microsoft-Windows-Sysmon/Operational",
  "level": "정보",
  "opcode": "정보",
  "task": "Image loaded (rule: ImageLoad)",
  "user": {
    "identifier": "S-1-5-18",
    "name": "SYSTEM",
    "domain": "NT AUTHORITY",
    "type": "Well Known Group"
  },
  "provider_guid": "{5770385F-C22A-43E0-BF4C-06F5698FFBD9}"
}
{
  "@timestamp": "2018-03-05T07:32:37.474Z",
  "@metadata": {
    "beat": "winlogbeat",
    "type": "doc",
    "version": "6.2.2"
  },
  "provider_guid": "{5770385F-C22A-43E0-BF4C-06F5698FFBD9}",
  "event_data": {
    "Hashes": "MD5=65F9A604979FA0B95B35C7124DE7A8EC,SHA256=E22B1B714877E65711FBA8E965B00237BB17B636D859EAD8336460D1E4094EFD",
    "SignatureStatus": "Valid",
    "ProcessGuid": "{A376A8F6-F294-5A9C-0000-001052E48503}",
    "Product": "Microsoft® Windows® Operating System",
    "Signature": "Microsoft Windows",
    "Description": "Windows 소켓 2.0 32비트 DLL",
    "Image": "C:\\Program Files\\Mozilla Firefox\\firefox.exe",
    "UtcTime": "2018-03-05 07:32:36.976",
    "ProcessId": "17704",
    "FileVersion": "10.0.16299.15 (WinBuild.160101.0800)",
    "Signed": "true",
    "Company": "Microsoft Corporation",
    "ImageLoaded": "C:\\Windows\\System32\\ws2_32.dll"
  },
  "type": "wineventlog",
  "level": "정보",
  "process_id": 8608,
  "event_id": 7,
  "message": "Image loaded:\nUtcTime: 2018-03-05 07:32:36.976\nProcessGuid: {A376A8F6-F294-5A9C-0000-001052E48503}\nProcessId: 17704\nImage: C:\\Program Files\\Mozilla Firefox\\firefox.exe\nImageLoaded: C:\\Windows\\System32\\ws2_32.dll\nFileVersion: 10.0.16299.15 (WinBuild.160101.0800)\nDescription: Windows 소켓 2.0 32비트 DLL\nProduct: Microsoft® Windows® Operating System\nCompany: Microsoft Corporation\nHashes: MD5=65F9A604979FA0B95B35C7124DE7A8EC,SHA256=E22B1B714877E65711FBA8E965B00237BB17B636D859EAD8336460D1E4094EFD\nSigned: true\nSignature: Microsoft Windows\nSignatureStatus: Valid",
  "log_name": "Microsoft-Windows-Sysmon/Operational",
  "task": "Image loaded (rule: ImageLoad)",
  "user": {
    "identifier": "S-1-5-18",
    "name": "SYSTEM",
    "domain": "NT AUTHORITY",
    "type": "Well Known Group"
  },
  "version": 3,
  "beat": {
    "name": "DESKTOP-WJANG",
    "hostname": "DESKTOP-WJANG",
    "version": "6.2.2"
  },
  "opcode": "정보",
  "record_number": "259",
  "source_name": "Microsoft-Windows-Sysmon",
  "computer_name": "DESKTOP-WJANG",
  "thread_id": 23584
}
{
  "@timestamp": "2018-03-05T07:32:37.475Z",
  "@metadata": {
    "beat": "winlogbeat",
    "type": "doc",
    "version": "6.2.2"
  },
  "record_number": "260",
  "source_name": "Microsoft-Windows-Sysmon",
  "process_id": 8608,
  "version": 3,
  "level": "정보",
  "opcode": "정보",
  "log_name": "Microsoft-Windows-Sysmon/Operational",
  "event_id": 7,
  "thread_id": 23584,
  "event_data": {
    "Hashes": "MD5=65F9A604979FA0B95B35C7124DE7A8EC,SHA256=E22B1B714877E65711FBA8E965B00237BB17B636D859EAD8336460D1E4094EFD",
    "Signature": "Microsoft Windows",
    "UtcTime": "2018-03-05 07:32:36.976",
    "Description": "Windows 소켓 2.0 32비트 DLL",
    "ImageLoaded": "C:\\Windows\\System32\\ws2_32.dll",
    "Image": "C:\\Program Files\\Mozilla Firefox\\firefox.exe",
    "Product": "Microsoft® Windows® Operating System",
    "ProcessGuid": "{A376A8F6-F294-5A9C-0000-001052E48503}",
    "SignatureStatus": "Valid",
    "Company": "Microsoft Corporation",
    "FileVersion": "10.0.16299.15 (WinBuild.160101.0800)",
    "Signed": "true",
    "ProcessId": "17704"
  },
  "beat": {
    "name": "DESKTOP-WJANG",
    "hostname": "DESKTOP-WJANG",
    "version": "6.2.2"
  },
  "computer_name": "DESKTOP-WJANG",
  "type": "wineventlog",
  "user": {
    "domain": "NT AUTHORITY",
    "type": "Well Known Group",
    "identifier": "S-1-5-18",
    "name": "SYSTEM"
  },
  "task": "Image loaded (rule: ImageLoad)",
  "message": "Image loaded:\nUtcTime: 2018-03-05 07:32:36.976\nProcessGuid: {A376A8F6-F294-5A9C-0000-001052E48503}\nProcessId: 17704\nImage: C:\\Program Files\\Mozilla Firefox\\firefox.exe\nImageLoaded: C:\\Windows\\System32\\ws2_32.dll\nFileVersion: 10.0.16299.15 (WinBuild.160101.0800)\nDescription: Windows 소켓 2.0 32비트 DLL\nProduct: Microsoft® Windows® Operating System\nCompany: Microsoft Corporation\nHashes: MD5=65F9A604979FA0B95B35C7124DE7A8EC,SHA256=E22B1B714877E65711FBA8E965B00237BB17B636D859EAD8336460D1E4094EFD\nSigned: true\nSignature: Microsoft Windows\nSignatureStatus: Valid",
  "provider_guid": "{5770385F-C22A-43E0-BF4C-06F5698FFBD9}"
}
{
  "@timestamp": "2018-03-05T07:32:37.489Z",
  "@metadata": {
    "beat": "winlogbeat",
    "type": "doc",
    "version": "6.2.2"
  },
  "beat": {
    "name": "DESKTOP-WJANG",
    "hostname": "DESKTOP-WJANG",
    "version": "6.2.2"
  },
  "task": "Image loaded (rule: ImageLoad)",
  "source_name": "Microsoft-Windows-Sysmon",
  "opcode": "정보",
  "event_id": 7,
  "computer_name": "DESKTOP-WJANG",
  "event_data": {
    "Signed": "true",
    "Company": "Microsoft Corporation",
    "SignatureStatus": "Valid",
    "Signature": "Microsoft Windows",
    "ProcessId": "17704",
    "Image": "C:\\Program Files\\Mozilla Firefox\\firefox.exe",
    "Hashes": "MD5=F6CF22C148762CAC151D0739C7E491EF,SHA256=B864F145C7CB37F7695118961FAB68F8216D023AE90F8CCB31FDC7F5EA352114",
    "UtcTime": "2018-03-05 07:32:36.978",
    "FileVersion": "10.0.16299.15 (WinBuild.160101.0800)",
    "Product": "Microsoft® Windows® Operating System",
    "ProcessGuid": "{A376A8F6-F294-5A9C-0000-001052E48503}",
    "ImageLoaded": "C:\\Windows\\System32\\winmmbase.dll",
    "Description": "Base Multimedia Extension API DLL"
  },
  "log_name": "Microsoft-Windows-Sysmon/Operational",
  "process_id": 8608,
  "type": "wineventlog",
  "provider_guid": "{5770385F-C22A-43E0-BF4C-06F5698FFBD9}",
  "version": 3,
  "level": "정보",
  "thread_id": 23584,
  "user": {
    "name": "SYSTEM",
    "domain": "NT AUTHORITY",
    "type": "Well Known Group",
    "identifier": "S-1-5-18"
  },
  "record_number": "261",
  "message": "Image loaded:\nUtcTime: 2018-03-05 07:32:36.978\nProcessGuid: {A376A8F6-F294-5A9C-0000-001052E48503}\nProcessId: 17704\nImage: C:\\Program Files\\Mozilla Firefox\\firefox.exe\nImageLoaded: C:\\Windows\\System32\\winmmbase.dll\nFileVersion: 10.0.16299.15 (WinBuild.160101.0800)\nDescription: Base Multimedia Extension API DLL\nProduct: Microsoft® Windows® Operating System\nCompany: Microsoft Corporation\nHashes: MD5=F6CF22C148762CAC151D0739C7E491EF,SHA256=B864F145C7CB37F7695118961FAB68F8216D023AE90F8CCB31FDC7F5EA352114\nSigned: true\nSignature: Microsoft Windows\nSignatureStatus: Valid"
}
{
  "@timestamp": "2018-03-05T07:32:37.489Z",
  "@metadata": {
    "beat": "winlogbeat",
    "type": "doc",
    "version": "6.2.2"
  },
  "opcode": "정보",
  "source_name": "Microsoft-Windows-Sysmon",
  "computer_name": "DESKTOP-WJANG",
  "record_number": "262",
  "beat": {
    "name": "DESKTOP-WJANG",
    "hostname": "DESKTOP-WJANG",
    "version": "6.2.2"
  },
  "process_id": 8608,
  "event_id": 7,
  "type": "wineventlog",
  "task": "Image loaded (rule: ImageLoad)",
  "log_name": "Microsoft-Windows-Sysmon/Operational",
  "thread_id": 23584,
  "message": "Image loaded:\nUtcTime: 2018-03-05 07:32:36.978\nProcessGuid: {A376A8F6-F294-5A9C-0000-001052E48503}\nProcessId: 17704\nImage: C:\\Program Files\\Mozilla Firefox\\firefox.exe\nImageLoaded: C:\\Windows\\System32\\winmmbase.dll\nFileVersion: 10.0.16299.15 (WinBuild.160101.0800)\nDescription: Base Multimedia Extension API DLL\nProduct: Microsoft® Windows® Operating System\nCompany: Microsoft Corporation\nHashes: MD5=F6CF22C148762CAC151D0739C7E491EF,SHA256=B864F145C7CB37F7695118961FAB68F8216D023AE90F8CCB31FDC7F5EA352114\nSigned: true\nSignature: Microsoft Windows\nSignatureStatus: Valid",
  "provider_guid": "{5770385F-C22A-43E0-BF4C-06F5698FFBD9}",
  "version": 3,
  "event_data": {
    "Signed": "true",
    "ImageLoaded": "C:\\Windows\\System32\\winmmbase.dll",
    "Signature": "Microsoft Windows",
    "UtcTime": "2018-03-05 07:32:36.978",
    "ProcessId": "17704",
    "Company": "Microsoft Corporation",
    "Image": "C:\\Program Files\\Mozilla Firefox\\firefox.exe",
    "Description": "Base Multimedia Extension API DLL",
    "Product": "Microsoft® Windows® Operating System",
    "Hashes": "MD5=F6CF22C148762CAC151D0739C7E491EF,SHA256=B864F145C7CB37F7695118961FAB68F8216D023AE90F8CCB31FDC7F5EA352114",
    "SignatureStatus": "Valid",
    "ProcessGuid": "{A376A8F6-F294-5A9C-0000-001052E48503}",
    "FileVersion": "10.0.16299.15 (WinBuild.160101.0800)"
  },
  "level": "정보",
  "user": {
    "identifier": "S-1-5-18",
    "name": "SYSTEM",
    "domain": "NT AUTHORITY",
    "type": "Well Known Group"
  }
}
{
  "@timestamp": "2018-03-05T07:32:37.490Z",
  "@metadata": {
    "beat": "winlogbeat",
    "type": "doc",
    "version": "6.2.2"
  },
  "source_name": "Microsoft-Windows-Sysmon",
  "log_name": "Microsoft-Windows-Sysmon/Operational",
  "version": 3,
  "task": "Image loaded (rule: ImageLoad)",
  "type": "wineventlog",
  "event_id": 7,
  "user": {
    "identifier": "S-1-5-18",
    "name": "SYSTEM",
    "domain": "NT AUTHORITY",
    "type": "Well Known Group"
  },
  "message": "Image loaded:\nUtcTime: 2018-03-05 07:32:36.977\nProcessGuid: {A376A8F6-F294-5A9C-0000-001052E48503}\nProcessId: 17704\nImage: C:\\Program Files\\Mozilla Firefox\\firefox.exe\nImageLoaded: C:\\Windows\\System32\\winmmbase.dll\nFileVersion: 10.0.16299.15 (WinBuild.160101.0800)\nDescription: Base Multimedia Extension API DLL\nProduct: Microsoft® Windows® Operating System\nCompany: Microsoft Corporation\nHashes: MD5=F6CF22C148762CAC151D0739C7E491EF,SHA256=B864F145C7CB37F7695118961FAB68F8216D023AE90F8CCB31FDC7F5EA352114\nSigned: true\nSignature: Microsoft Windows\nSignatureStatus: Valid",
  "event_data": {
    "Image": "C:\\Program Files\\Mozilla Firefox\\firefox.exe",
    "Company": "Microsoft Corporation",
    "ProcessId": "17704",
    "Hashes": "MD5=F6CF22C148762CAC151D0739C7E491EF,SHA256=B864F145C7CB37F7695118961FAB68F8216D023AE90F8CCB31FDC7F5EA352114",
    "Description": "Base Multimedia Extension API DLL",
    "Product": "Microsoft® Windows® Operating System",
    "SignatureStatus": "Valid",
    "ImageLoaded": "C:\\Windows\\System32\\winmmbase.dll",
    "FileVersion": "10.0.16299.15 (WinBuild.160101.0800)",
    "Signed": "true",
    "ProcessGuid": "{A376A8F6-F294-5A9C-0000-001052E48503}",
    "UtcTime": "2018-03-05 07:32:36.977",
    "Signature": "Microsoft Windows"
  },
  "process_id": 8608,
  "beat": {
    "name": "DESKTOP-WJANG",
    "hostname": "DESKTOP-WJANG",
    "version": "6.2.2"
  },
  "thread_id": 23584,
  "opcode": "정보",
  "provider_guid": "{5770385F-C22A-43E0-BF4C-06F5698FFBD9}",
  "level": "정보",
  "computer_name": "DESKTOP-WJANG",
  "record_number": "263"
}
{
  "@timestamp": "2018-03-05T07:32:37.500Z",
  "@metadata": {
    "beat": "winlogbeat",
    "type": "doc",
    "version": "6.2.2"
  },
  "level": "정보",
  "provider_guid": "{5770385F-C22A-43E0-BF4C-06F5698FFBD9}",
  "thread_id": 23584,
  "process_id": 8608,
  "log_name": "Microsoft-Windows-Sysmon/Operational",
  "beat": {
    "name": "DESKTOP-WJANG",
    "hostname": "DESKTOP-WJANG",
    "version": "6.2.2"
  },
  "event_id": 7,
  "event_data": {
    "ImageLoaded": "C:\\Windows\\System32\\cfgmgr32.dll",
    "Company": "Microsoft Corporation",
    "Product": "Microsoft® Windows® Operating System",
    "Signed": "true",
    "Hashes": "MD5=8A4B53289A302D72F6FD7E20C3F6DF82,SHA256=30C4191AFB1BA37833FF4155890CE9F7869CAD645C39F1EEA0EFA3374D799D53",
    "SignatureStatus": "Valid",
    "FileVersion": "10.0.16299.15 (WinBuild.160101.0800)",
    "ProcessGuid": "{A376A8F6-F294-5A9C-0000-001052E48503}",
    "Image": "C:\\Program Files\\Mozilla Firefox\\firefox.exe",
    "ProcessId": "17704",
    "UtcTime": "2018-03-05 07:32:36.982",
    "Signature": "Microsoft Windows",
    "Description": "Configuration Manager DLL"
  },
  "user": {
    "identifier": "S-1-5-18",
    "name": "SYSTEM",
    "domain": "NT AUTHORITY",
    "type": "Well Known Group"
  },
  "version": 3,
  "opcode": "정보",
  "task": "Image loaded (rule: ImageLoad)",
  "type": "wineventlog",
  "source_name": "Microsoft-Windows-Sysmon",
  "computer_name": "DESKTOP-WJANG",
  "record_number": "264",
  "message": "Image loaded:\nUtcTime: 2018-03-05 07:32:36.982\nProcessGuid: {A376A8F6-F294-5A9C-0000-001052E48503}\nProcessId: 17704\nImage: C:\\Program Files\\Mozilla Firefox\\firefox.exe\nImageLoaded: C:\\Windows\\System32\\cfgmgr32.dll\nFileVersion: 10.0.16299.15 (WinBuild.160101.0800)\nDescription: Configuration Manager DLL\nProduct: Microsoft® Windows® Operating System\nCompany: Microsoft Corporation\nHashes: MD5=8A4B53289A302D72F6FD7E20C3F6DF82,SHA256=30C4191AFB1BA37833FF4155890CE9F7869CAD645C39F1EEA0EFA3374D799D53\nSigned: true\nSignature: Microsoft Windows\nSignatureStatus: Valid"
}
{
  "@timestamp": "2018-03-05T07:32:37.508Z",
  "@metadata": {
    "beat": "winlogbeat",
    "type": "doc",
    "version": "6.2.2"
  },
  "provider_guid": "{5770385F-C22A-43E0-BF4C-06F5698FFBD9}",
  "computer_name": "DESKTOP-WJANG",
  "source_name": "Microsoft-Windows-Sysmon",
  "process_id": 8608,
  "record_number": "265",
  "version": 3,
  "task": "Image loaded (rule: ImageLoad)",
  "thread_id": 23584,
  "beat": {
    "name": "DESKTOP-WJANG",
    "hostname": "DESKTOP-WJANG",
    "version": "6.2.2"
  },
  "log_name": "Microsoft-Windows-Sysmon/Operational",
  "opcode": "정보",
  "message": "Image loaded:\nUtcTime: 2018-03-05 07:32:36.983\nProcessGuid: {A376A8F6-F294-5A9C-0000-001052E48503}\nProcessId: 17704\nImage: C:\\Program Files\\Mozilla Firefox\\firefox.exe\nImageLoaded: C:\\Program Files\\Mozilla Firefox\\lgpllibs.dll\nFileVersion: 58.0.2\nDescription: \nProduct: Firefox\nCompany: Mozilla Foundation\nHashes: MD5=C29FDC1546C3C525C69B6D23193D07EF,SHA256=6808CAAC17FA1ECEA61645ECD215FCD8D48F8BEDC635444A6D84087D44230076\nSigned: true\nSignature: Mozilla Corporation\nSignatureStatus: Valid",
  "level": "정보",
  "event_data": {
    "FileVersion": "58.0.2",
    "Signed": "true",
    "Signature": "Mozilla Corporation",
    "Image": "C:\\Program Files\\Mozilla Firefox\\firefox.exe",
    "UtcTime": "2018-03-05 07:32:36.983",
    "Product": "Firefox",
    "Company": "Mozilla Foundation",
    "Hashes": "MD5=C29FDC1546C3C525C69B6D23193D07EF,SHA256=6808CAAC17FA1ECEA61645ECD215FCD8D48F8BEDC635444A6D84087D44230076",
    "ProcessId": "17704",
    "ProcessGuid": "{A376A8F6-F294-5A9C-0000-001052E48503}",
    "ImageLoaded": "C:\\Program Files\\Mozilla Firefox\\lgpllibs.dll",
    "SignatureStatus": "Valid"
  },
  "event_id": 7,
  "type": "wineventlog",
  "user": {
    "type": "Well Known Group",
    "identifier": "S-1-5-18",
    "name": "SYSTEM",
    "domain": "NT AUTHORITY"
  }
}
{
  "@timestamp": "2018-03-05T07:32:37.781Z",
  "@metadata": {
    "beat": "winlogbeat",
    "type": "doc",
    "version": "6.2.2"
  },
  "user": {
    "type": "Well Known Group",
    "identifier": "S-1-5-18",
    "name": "SYSTEM",
    "domain": "NT AUTHORITY"
  },
  "log_name": "Microsoft-Windows-Sysmon/Operational",
  "event_data": {
    "Signature": "Mozilla Corporation",
    "Image": "C:\\Program Files\\Mozilla Firefox\\firefox.exe",
    "SignatureStatus": "Valid",
    "FileVersion": "58.0.2",
    "UtcTime": "2018-03-05 07:32:37.571",
    "Hashes": "MD5=DA7B4F20D6D50628319B8AD386781278,SHA256=8AD87B54190CBE2AD6EF073D820102ABD3097F342BD1607E336F1F0A4698C5AF",
    "Product": "Firefox",
    "Signed": "true",
    "ProcessGuid": "{A376A8F6-F294-5A9C-0000-001052E48503}",
    "ImageLoaded": "C:\\Program Files\\Mozilla Firefox\\xul.dll",
    "Company": "Mozilla Foundation",
    "ProcessId": "17704"
  },
  "beat": {
    "hostname": "DESKTOP-WJANG",
    "version": "6.2.2",
    "name": "DESKTOP-WJANG"
  },
  "computer_name": "DESKTOP-WJANG",
  "message": "Image loaded:\nUtcTime: 2018-03-05 07:32:37.571\nProcessGuid: {A376A8F6-F294-5A9C-0000-001052E48503}\nProcessId: 17704\nImage: C:\\Program Files\\Mozilla Firefox\\firefox.exe\nImageLoaded: C:\\Program Files\\Mozilla Firefox\\xul.dll\nFileVersion: 58.0.2\nDescription: \nProduct: Firefox\nCompany: Mozilla Foundation\nHashes: MD5=DA7B4F20D6D50628319B8AD386781278,SHA256=8AD87B54190CBE2AD6EF073D820102ABD3097F342BD1607E336F1F0A4698C5AF\nSigned: true\nSignature: Mozilla Corporation\nSignatureStatus: Valid",
  "event_id": 7,
  "provider_guid": "{5770385F-C22A-43E0-BF4C-06F5698FFBD9}",
  "level": "정보",
  "process_id": 8608,
  "type": "wineventlog",
  "source_name": "Microsoft-Windows-Sysmon",
  "thread_id": 23584,
  "record_number": "266",
  "version": 3,
  "opcode": "정보",
  "task": "Image loaded (rule: ImageLoad)"
}
{
  "@timestamp": "2018-03-05T07:32:37.959Z",
  "@metadata": {
    "beat": "winlogbeat",
    "type": "doc",
    "version": "6.2.2"
  },
  "event_id": 7,
  "provider_guid": "{5770385F-C22A-43E0-BF4C-06F5698FFBD9}",
  "user": {
    "name": "SYSTEM",
    "domain": "NT AUTHORITY",
    "type": "Well Known Group",
    "identifier": "S-1-5-18"
  },
  "type": "wineventlog",
  "message": "Image loaded:\nUtcTime: 2018-03-05 07:32:37.822\nProcessGuid: {A376A8F6-F294-5A9C-0000-001052E48503}\nProcessId: 17704\nImage: C:\\Program Files\\Mozilla Firefox\\firefox.exe\nImageLoaded: C:\\Windows\\System32\\shell32.dll\nFileVersion: 10.0.16299.15 (WinBuild.160101.0800)\nDescription: Windows 셸 공용 Dll\nProduct: Microsoft® Windows® Operating System\nCompany: Microsoft Corporation\nHashes: MD5=E6CCA4E96CA9AA05B0B6518AF403767E,SHA256=66225B3B3D9BA3F1630C28F9A8FC330197B31D3A0FF52309705BAF6B69BCC2FE\nSigned: true\nSignature: Microsoft Windows\nSignatureStatus: Valid",
  "level": "정보",
  "process_id": 8608,
  "version": 3,
  "log_name": "Microsoft-Windows-Sysmon/Operational",
  "record_number": "267",
  "beat": {
    "version": "6.2.2",
    "name": "DESKTOP-WJANG",
    "hostname": "DESKTOP-WJANG"
  },
  "task": "Image loaded (rule: ImageLoad)",
  "event_data": {
    "Signature": "Microsoft Windows",
    "Image": "C:\\Program Files\\Mozilla Firefox\\firefox.exe",
    "Description": "Windows 셸 공용 Dll",
    "Company": "Microsoft Corporation",
    "Signed": "true",
    "UtcTime": "2018-03-05 07:32:37.822",
    "FileVersion": "10.0.16299.15 (WinBuild.160101.0800)",
    "ImageLoaded": "C:\\Windows\\System32\\shell32.dll",
    "SignatureStatus": "Valid",
    "ProcessGuid": "{A376A8F6-F294-5A9C-0000-001052E48503}",
    "Product": "Microsoft® Windows® Operating System",
    "Hashes": "MD5=E6CCA4E96CA9AA05B0B6518AF403767E,SHA256=66225B3B3D9BA3F1630C28F9A8FC330197B31D3A0FF52309705BAF6B69BCC2FE",
    "ProcessId": "17704"
  },
  "source_name": "Microsoft-Windows-Sysmon",
  "opcode": "정보",
  "computer_name": "DESKTOP-WJANG",
  "thread_id": 23584
}
{
  "@timestamp": "2018-03-05T07:32:37.973Z",
  "@metadata": {
    "beat": "winlogbeat",
    "type": "doc",
    "version": "6.2.2"
  },
  "source_name": "Microsoft-Windows-Sysmon",
  "event_data": {
    "UtcTime": "2018-03-05 07:32:37.834",
    "SignatureStatus": "Valid",
    "ProcessId": "17704",
    "Signed": "true",
    "ImageLoaded": "C:\\Windows\\System32\\SHCore.dll",
    "ProcessGuid": "{A376A8F6-F294-5A9C-0000-001052E48503}",
    "Description": "SHCORE",
    "Image": "C:\\Program Files\\Mozilla Firefox\\firefox.exe",
    "Product": "Microsoft® Windows® Operating System",
    "Hashes": "MD5=9D0D011204DD79D53A9BC9F87FC86E7A,SHA256=7276EB9F44D866F6C9AE9FFEBCADE4E4B0B1E78B53103150E4C2AF58C0300044",
    "Company": "Microsoft Corporation",
    "Signature": "Microsoft Windows",
    "FileVersion": "10.0.16299.15 (WinBuild.160101.0800)"
  },
  "record_number": "268",
  "log_name": "Microsoft-Windows-Sysmon/Operational",
  "beat": {
    "name": "DESKTOP-WJANG",
    "hostname": "DESKTOP-WJANG",
    "version": "6.2.2"
  },
  "provider_guid": "{5770385F-C22A-43E0-BF4C-06F5698FFBD9}",
  "type": "wineventlog",
  "opcode": "정보",
  "user": {
    "identifier": "S-1-5-18",
    "name": "SYSTEM",
    "domain": "NT AUTHORITY",
    "type": "Well Known Group"
  },
  "computer_name": "DESKTOP-WJANG",
  "version": 3,
  "process_id": 8608,
  "level": "정보",
  "task": "Image loaded (rule: ImageLoad)",
  "event_id": 7,
  "message": "Image loaded:\nUtcTime: 2018-03-05 07:32:37.834\nProcessGuid: {A376A8F6-F294-5A9C-0000-001052E48503}\nProcessId: 17704\nImage: C:\\Program Files\\Mozilla Firefox\\firefox.exe\nImageLoaded: C:\\Windows\\System32\\SHCore.dll\nFileVersion: 10.0.16299.15 (WinBuild.160101.0800)\nDescription: SHCORE\nProduct: Microsoft® Windows® Operating System\nCompany: Microsoft Corporation\nHashes: MD5=9D0D011204DD79D53A9BC9F87FC86E7A,SHA256=7276EB9F44D866F6C9AE9FFEBCADE4E4B0B1E78B53103150E4C2AF58C0300044\nSigned: true\nSignature: Microsoft Windows\nSignatureStatus: Valid",
  "thread_id": 23584
}
{
  "@timestamp": "2018-03-05T07:32:38.029Z",
  "@metadata": {
    "beat": "winlogbeat",
    "type": "doc",
    "version": "6.2.2"
  },
  "record_number": "269",
  "level": "정보",
  "task": "Image loaded (rule: ImageLoad)",
  "beat": {
    "name": "DESKTOP-WJANG",
    "hostname": "DESKTOP-WJANG",
    "version": "6.2.2"
  },
  "log_name": "Microsoft-Windows-Sysmon/Operational",
  "process_id": 8608,
  "user": {
    "name": "SYSTEM",
    "domain": "NT AUTHORITY",
    "type": "Well Known Group",
    "identifier": "S-1-5-18"
  },
  "version": 3,
  "source_name": "Microsoft-Windows-Sysmon",
  "type": "wineventlog",
  "provider_guid": "{5770385F-C22A-43E0-BF4C-06F5698FFBD9}",
  "opcode": "정보",
  "computer_name": "DESKTOP-WJANG",
  "thread_id": 23584,
  "message": "Image loaded:\nUtcTime: 2018-03-05 07:32:37.927\nProcessGuid: {A376A8F6-F294-5A9C-0000-001052E48503}\nProcessId: 17704\nImage: C:\\Program Files\\Mozilla Firefox\\firefox.exe\nImageLoaded: C:\\Windows\\System32\\windows.storage.dll\nFileVersion: 10.0.16299.15 (WinBuild.160101.0800)\nDescription: Microsoft WinRT 저장소 API\nProduct: Microsoft® Windows® Operating System\nCompany: Microsoft Corporation\nHashes: MD5=FF2331ACDFE6E06A7D016A71EDAEF37F,SHA256=D155A37C95000D4F7E727687DDA0BE9B2D26B3B764966A212B4129FE7E2BD369\nSigned: true\nSignature: Microsoft Windows\nSignatureStatus: Valid",
  "event_id": 7,
  "event_data": {
    "Description": "Microsoft WinRT 저장소 API",
    "Image": "C:\\Program Files\\Mozilla Firefox\\firefox.exe",
    "Signature": "Microsoft Windows",
    "Hashes": "MD5=FF2331ACDFE6E06A7D016A71EDAEF37F,SHA256=D155A37C95000D4F7E727687DDA0BE9B2D26B3B764966A212B4129FE7E2BD369",
    "ImageLoaded": "C:\\Windows\\System32\\windows.storage.dll",
    "Company": "Microsoft Corporation",
    "Product": "Microsoft® Windows® Operating System",
    "ProcessGuid": "{A376A8F6-F294-5A9C-0000-001052E48503}",
    "Signed": "true",
    "SignatureStatus": "Valid",
    "UtcTime": "2018-03-05 07:32:37.927",
    "ProcessId": "17704",
    "FileVersion": "10.0.16299.15 (WinBuild.160101.0800)"
  }
}
{
  "@timestamp": "2018-03-05T07:32:38.040Z",
  "@metadata": {
    "beat": "winlogbeat",
    "type": "doc",
    "version": "6.2.2"
  },
  "message": "Image loaded:\nUtcTime: 2018-03-05 07:32:37.932\nProcessGuid: {A376A8F6-F294-5A9C-0000-001052E48503}\nProcessId: 17704\nImage: C:\\Program Files\\Mozilla Firefox\\firefox.exe\nImageLoaded: C:\\Windows\\System32\\shlwapi.dll\nFileVersion: 10.0.16299.15 (WinBuild.160101.0800)\nDescription: 셸 표준 이하 유틸리티 라이브러리\nProduct: Microsoft® Windows® Operating System\nCompany: Microsoft Corporation\nHashes: MD5=15D837C46191746FCA2BE7F6A401FA87,SHA256=5999E2C6242917465202FFEA991E2CE80823E3F985D5DE7EA88DCEF91EC91430\nSigned: true\nSignature: Microsoft Windows\nSignatureStatus: Valid",
  "process_id": 8608,
  "thread_id": 23584,
  "version": 3,
  "beat": {
    "name": "DESKTOP-WJANG",
    "hostname": "DESKTOP-WJANG",
    "version": "6.2.2"
  },
  "log_name": "Microsoft-Windows-Sysmon/Operational",
  "opcode": "정보",
  "event_data": {
    "Product": "Microsoft® Windows® Operating System",
    "Hashes": "MD5=15D837C46191746FCA2BE7F6A401FA87,SHA256=5999E2C6242917465202FFEA991E2CE80823E3F985D5DE7EA88DCEF91EC91430",
    "ProcessId": "17704",
    "ImageLoaded": "C:\\Windows\\System32\\shlwapi.dll",
    "Signed": "true",
    "Signature": "Microsoft Windows",
    "SignatureStatus": "Valid",
    "FileVersion": "10.0.16299.15 (WinBuild.160101.0800)",
    "Company": "Microsoft Corporation",
    "Description": "셸 표준 이하 유틸리티 라이브러리",
    "UtcTime": "2018-03-05 07:32:37.932",
    "ProcessGuid": "{A376A8F6-F294-5A9C-0000-001052E48503}",
    "Image": "C:\\Program Files\\Mozilla Firefox\\firefox.exe"
  },
  "level": "정보",
  "task": "Image loaded (rule: ImageLoad)",
  "computer_name": "DESKTOP-WJANG",
  "provider_guid": "{5770385F-C22A-43E0-BF4C-06F5698FFBD9}",
  "type": "wineventlog",
  "source_name": "Microsoft-Windows-Sysmon",
  "record_number": "270",
  "user": {
    "identifier": "S-1-5-18",
    "name": "SYSTEM",
    "domain": "NT AUTHORITY",
    "type": "Well Known Group"
  },
  "event_id": 7
}
{
  "@timestamp": "2018-03-05T07:32:38.048Z",
  "@metadata": {
    "beat": "winlogbeat",
    "type": "doc",
    "version": "6.2.2"
  },
  "computer_name": "DESKTOP-WJANG",
  "provider_guid": "{5770385F-C22A-43E0-BF4C-06F5698FFBD9}",
  "level": "정보",
  "version": 3,
  "task": "Image loaded (rule: ImageLoad)",
  "process_id": 8608,
  "event_id": 7,
  "message": "Image loaded:\nUtcTime: 2018-03-05 07:32:37.934\nProcessGuid: {A376A8F6-F294-5A9C-0000-001052E48503}\nProcessId: 17704\nImage: C:\\Program Files\\Mozilla Firefox\\firefox.exe\nImageLoaded: C:\\Windows\\System32\\kernel.appcore.dll\nFileVersion: 10.0.16299.15 (WinBuild.160101.0800)\nDescription: AppModel API Host\nProduct: Microsoft® Windows® Operating System\nCompany: Microsoft Corporation\nHashes: MD5=7BE8708016C9FA098E47D19998454E37,SHA256=905DF64416030472E727DA5E73E62453C2B7B738062195E51D9A68FCED198569\nSigned: true\nSignature: Microsoft Windows\nSignatureStatus: Valid",
  "log_name": "Microsoft-Windows-Sysmon/Operational",
  "event_data": {
    "ProcessGuid": "{A376A8F6-F294-5A9C-0000-001052E48503}",
    "Signed": "true",
    "SignatureStatus": "Valid",
    "UtcTime": "2018-03-05 07:32:37.934",
    "Hashes": "MD5=7BE8708016C9FA098E47D19998454E37,SHA256=905DF64416030472E727DA5E73E62453C2B7B738062195E51D9A68FCED198569",
    "Signature": "Microsoft Windows",
    "ImageLoaded": "C:\\Windows\\System32\\kernel.appcore.dll",
    "ProcessId": "17704",
    "Description": "AppModel API Host",
    "Company": "Microsoft Corporation",
    "Image": "C:\\Program Files\\Mozilla Firefox\\firefox.exe",
    "Product": "Microsoft® Windows® Operating System",
    "FileVersion": "10.0.16299.15 (WinBuild.160101.0800)"
  },
  "type": "wineventlog",
  "beat": {
    "name": "DESKTOP-WJANG",
    "hostname": "DESKTOP-WJANG",
    "version": "6.2.2"
  },
  "record_number": "271",
  "user": {
    "identifier": "S-1-5-18",
    "name": "SYSTEM",
    "domain": "NT AUTHORITY",
    "type": "Well Known Group"
  },
  "opcode": "정보",
  "source_name": "Microsoft-Windows-Sysmon",
  "thread_id": 23584
}
{
  "@timestamp": "2018-03-05T07:32:38.057Z",
  "@metadata": {
    "beat": "winlogbeat",
    "type": "doc",
    "version": "6.2.2"
  },
  "thread_id": 23584,
  "source_name": "Microsoft-Windows-Sysmon",
  "opcode": "정보",
  "type": "wineventlog",
  "record_number": "272",
  "process_id": 8608,
  "event_id": 7,
  "task": "Image loaded (rule: ImageLoad)",
  "level": "정보",
  "beat": {
    "name": "DESKTOP-WJANG",
    "hostname": "DESKTOP-WJANG",
    "version": "6.2.2"
  },
  "computer_name": "DESKTOP-WJANG",
  "version": 3,
  "event_data": {
    "Signature": "Microsoft Windows",
    "Description": "전원 프로필 도우미 DLL",
    "Company": "Microsoft Corporation",
    "UtcTime": "2018-03-05 07:32:37.938",
    "Image": "C:\\Program Files\\Mozilla Firefox\\firefox.exe",
    "Product": "Microsoft® Windows® Operating System",
    "ProcessId": "17704",
    "ProcessGuid": "{A376A8F6-F294-5A9C-0000-001052E48503}",
    "Hashes": "MD5=4580ECECF4D30851E347345EE39628AE,SHA256=25CDF5E8F270BB80A6F312AB0717987ED230C557F089C3FD1D31E42148C5B759",
    "FileVersion": "10.0.16299.15 (WinBuild.160101.0800)",
    "Signed": "true",
    "SignatureStatus": "Valid",
    "ImageLoaded": "C:\\Windows\\System32\\powrprof.dll"
  },
  "log_name": "Microsoft-Windows-Sysmon/Operational",
  "user": {
    "domain": "NT AUTHORITY",
    "type": "Well Known Group",
    "identifier": "S-1-5-18",
    "name": "SYSTEM"
  },
  "message": "Image loaded:\nUtcTime: 2018-03-05 07:32:37.938\nProcessGuid: {A376A8F6-F294-5A9C-0000-001052E48503}\nProcessId: 17704\nImage: C:\\Program Files\\Mozilla Firefox\\firefox.exe\nImageLoaded: C:\\Windows\\System32\\powrprof.dll\nFileVersion: 10.0.16299.15 (WinBuild.160101.0800)\nDescription: 전원 프로필 도우미 DLL\nProduct: Microsoft® Windows® Operating System\nCompany: Microsoft Corporation\nHashes: MD5=4580ECECF4D30851E347345EE39628AE,SHA256=25CDF5E8F270BB80A6F312AB0717987ED230C557F089C3FD1D31E42148C5B759\nSigned: true\nSignature: Microsoft Windows\nSignatureStatus: Valid",
  "provider_guid": "{5770385F-C22A-43E0-BF4C-06F5698FFBD9}"
}
{
  "@timestamp": "2018-03-05T07:32:38.066Z",
  "@metadata": {
    "beat": "winlogbeat",
    "type": "doc",
    "version": "6.2.2"
  },
  "source_name": "Microsoft-Windows-Sysmon",
  "user": {
    "identifier": "S-1-5-18",
    "name": "SYSTEM",
    "domain": "NT AUTHORITY",
    "type": "Well Known Group"
  },
  "version": 3,
  "type": "wineventlog",
  "computer_name": "DESKTOP-WJANG",
  "process_id": 8608,
  "thread_id": 23584,
  "event_id": 7,
  "opcode": "정보",
  "task": "Image loaded (rule: ImageLoad)",
  "message": "Image loaded:\nUtcTime: 2018-03-05 07:32:37.939\nProcessGuid: {A376A8F6-F294-5A9C-0000-001052E48503}\nProcessId: 17704\nImage: C:\\Program Files\\Mozilla Firefox\\firefox.exe\nImageLoaded: C:\\Windows\\System32\\profapi.dll\nFileVersion: 10.0.16299.15 (WinBuild.160101.0800)\nDescription: User Profile Basic API\nProduct: Microsoft® Windows® Operating System\nCompany: Microsoft Corporation\nHashes: MD5=7FF50EC90E6A93FCEF9C0BA01F4F46DB,SHA256=B7182EDCE675D5B294C8D97626FF8793ED67FAFBBC7A178F6621F31988A90FA3\nSigned: true\nSignature: Microsoft Windows\nSignatureStatus: Valid",
  "beat": {
    "name": "DESKTOP-WJANG",
    "hostname": "DESKTOP-WJANG",
    "version": "6.2.2"
  },
  "event_data": {
    "Image": "C:\\Program Files\\Mozilla Firefox\\firefox.exe",
    "ImageLoaded": "C:\\Windows\\System32\\profapi.dll",
    "ProcessId": "17704",
    "ProcessGuid": "{A376A8F6-F294-5A9C-0000-001052E48503}",
    "UtcTime": "2018-03-05 07:32:37.939",
    "Company": "Microsoft Corporation",
    "Hashes": "MD5=7FF50EC90E6A93FCEF9C0BA01F4F46DB,SHA256=B7182EDCE675D5B294C8D97626FF8793ED67FAFBBC7A178F6621F31988A90FA3",
    "Description": "User Profile Basic API",
    "Product": "Microsoft® Windows® Operating System",
    "SignatureStatus": "Valid",
    "Signed": "true",
    "Signature": "Microsoft Windows",
    "FileVersion": "10.0.16299.15 (WinBuild.160101.0800)"
  },
  "provider_guid": "{5770385F-C22A-43E0-BF4C-06F5698FFBD9}",
  "level": "정보",
  "log_name": "Microsoft-Windows-Sysmon/Operational",
  "record_number": "273"
}
{
  "@timestamp": "2018-03-05T07:32:38.076Z",
  "@metadata": {
    "beat": "winlogbeat",
    "type": "doc",
    "version": "6.2.2"
  },
  "source_name": "Microsoft-Windows-Sysmon",
  "opcode": "정보",
  "provider_guid": "{5770385F-C22A-43E0-BF4C-06F5698FFBD9}",
  "beat": {
    "version": "6.2.2",
    "name": "DESKTOP-WJANG",
    "hostname": "DESKTOP-WJANG"
  },
  "process_id": 8608,
  "task": "Image loaded (rule: ImageLoad)",
  "user": {
    "name": "SYSTEM",
    "domain": "NT AUTHORITY",
    "type": "Well Known Group",
    "identifier": "S-1-5-18"
  },
  "level": "정보",
  "type": "wineventlog",
  "version": 3,
  "record_number": "274",
  "event_id": 7,
  "event_data": {
    "Signature": "Microsoft Windows",
    "SignatureStatus": "Valid",
    "ProcessGuid": "{A376A8F6-F294-5A9C-0000-001052E48503}",
    "Signed": "true",
    "Image": "C:\\Program Files\\Mozilla Firefox\\firefox.exe",
    "ProcessId": "17704",
    "Description": "멀티미디어 실시간 런타임",
    "Company": "Microsoft Corporation",
    "FileVersion": "10.0.16299.15 (WinBuild.160101.0800)",
    "Product": "Microsoft® Windows® Operating System",
    "ImageLoaded": "C:\\Windows\\System32\\avrt.dll",
    "Hashes": "MD5=FD2711C6045A6519BD4770B6ED6A721B,SHA256=B3FDDB4AC4D3D66CF4D65530F2A387562AEE5F0573204920AA2ADEBC65359FFB",
    "UtcTime": "2018-03-05 07:32:37.941"
  },
  "message": "Image loaded:\nUtcTime: 2018-03-05 07:32:37.941\nProcessGuid: {A376A8F6-F294-5A9C-0000-001052E48503}\nProcessId: 17704\nImage: C:\\Program Files\\Mozilla Firefox\\firefox.exe\nImageLoaded: C:\\Windows\\System32\\avrt.dll\nFileVersion: 10.0.16299.15 (WinBuild.160101.0800)\nDescription: 멀티미디어 실시간 런타임\nProduct: Microsoft® Windows® Operating System\nCompany: Microsoft Corporation\nHashes: MD5=FD2711C6045A6519BD4770B6ED6A721B,SHA256=B3FDDB4AC4D3D66CF4D65530F2A387562AEE5F0573204920AA2ADEBC65359FFB\nSigned: true\nSignature: Microsoft Windows\nSignatureStatus: Valid",
  "computer_name": "DESKTOP-WJANG",
  "thread_id": 23584,
  "log_name": "Microsoft-Windows-Sysmon/Operational"
}
