{
  "@timestamp": "2018-03-05T07:32:40.045Z",
  "@metadata": {
    "beat": "winlogbeat",
    "type": "doc",
    "version": "6.2.2"
  },
  "log_name": "Microsoft-Windows-Sysmon/Operational",
  "source_name": "Microsoft-Windows-Sysmon",
  "level": "정보",
  "opcode": "정보",
  "record_number": "556",
  "task": "Image loaded (rule: ImageLoad)",
  "type": "wineventlog",
  "process_id": 8608,
  "computer_name": "DESKTOP-WJANG",
  "event_data": {
    "Image": "C:\\Program Files\\Mozilla Firefox\\firefox.exe",
    "SignatureStatus": "Valid",
    "Hashes": "MD5=0370364D4D8846B6CF316ABBB2EDB083,SHA256=6F0FF65C9FB132FBC96AB55AB14D285CFA94B2EB90A24DA6CC72E0FD72C1ABFE",
    "ProcessId": "25364",
    "Signature": "Microsoft Windows",
    "Product": "Microsoft® Windows® Operating System",
    "UtcTime": "2018-03-05 07:32:40.042",
    "ProcessGuid": "{A376A8F6-F298-5A9C-0000-001071788803}",
    "Signed": "true",
    "Company": "Microsoft Corporation",
    "FileVersion": "10.0.16299.15 (WinBuild.160101.0800)",
    "Description": "다중 사용자 Windows 사용자 API 클라이언트 DLL",
    "ImageLoaded": "C:\\Windows\\System32\\user32.dll"
  },
  "version": 3,
  "thread_id": 19220,
  "beat": {
    "name": "DESKTOP-WJANG",
    "hostname": "DESKTOP-WJANG",
    "version": "6.2.2"
  },
  "user": {
    "domain": "NT AUTHORITY",
    "type": "Well Known Group",
    "identifier": "S-1-5-18",
    "name": "SYSTEM"
  },
  "event_id": 7,
  "message": "Image loaded:\nUtcTime: 2018-03-05 07:32:40.042\nProcessGuid: {A376A8F6-F298-5A9C-0000-001071788803}\nProcessId: 25364\nImage: C:\\Program Files\\Mozilla Firefox\\firefox.exe\nImageLoaded: C:\\Windows\\System32\\user32.dll\nFileVersion: 10.0.16299.15 (WinBuild.160101.0800)\nDescription: 다중 사용자 Windows 사용자 API 클라이언트 DLL\nProduct: Microsoft® Windows® Operating System\nCompany: Microsoft Corporation\nHashes: MD5=0370364D4D8846B6CF316ABBB2EDB083,SHA256=6F0FF65C9FB132FBC96AB55AB14D285CFA94B2EB90A24DA6CC72E0FD72C1ABFE\nSigned: true\nSignature: Microsoft Windows\nSignatureStatus: Valid",
  "provider_guid": "{5770385F-C22A-43E0-BF4C-06F5698FFBD9}"
}
{
  "@timestamp": "2018-03-05T07:32:40.046Z",
  "@metadata": {
    "beat": "winlogbeat",
    "type": "doc",
    "version": "6.2.2"
  },
  "source_name": "Microsoft-Windows-Sysmon",
  "event_id": 7,
  "event_data": {
    "Signed": "true",
    "Image": "C:\\Program Files\\Mozilla Firefox\\firefox.exe",
    "UtcTime": "2018-03-05 07:32:40.043",
    "Hashes": "MD5=7FCE8457AF762D8800BF026124A9C995,SHA256=89BDA3318E23EE3DF7BA6690EC41DB5137483F1E731B39C0FA380A42460A0250",
    "ProcessGuid": "{A376A8F6-F298-5A9C-0000-001071788803}",
    "ImageLoaded": "C:\\Windows\\System32\\win32u.dll",
    "Product": "Microsoft® Windows® Operating System",
    "Signature": "Microsoft Windows",
    "SignatureStatus": "Valid",
    "FileVersion": "10.0.16299.15 (WinBuild.160101.0800)",
    "Description": "Win32u",
    "Company": "Microsoft Corporation",
    "ProcessId": "25364"
  },
  "user": {
    "type": "Well Known Group",
    "identifier": "S-1-5-18",
    "name": "SYSTEM",
    "domain": "NT AUTHORITY"
  },
  "provider_guid": "{5770385F-C22A-43E0-BF4C-06F5698FFBD9}",
  "beat": {
    "name": "DESKTOP-WJANG",
    "hostname": "DESKTOP-WJANG",
    "version": "6.2.2"
  },
  "process_id": 8608,
  "log_name": "Microsoft-Windows-Sysmon/Operational",
  "task": "Image loaded (rule: ImageLoad)",
  "level": "정보",
  "computer_name": "DESKTOP-WJANG",
  "version": 3,
  "message": "Image loaded:\nUtcTime: 2018-03-05 07:32:40.043\nProcessGuid: {A376A8F6-F298-5A9C-0000-001071788803}\nProcessId: 25364\nImage: C:\\Program Files\\Mozilla Firefox\\firefox.exe\nImageLoaded: C:\\Windows\\System32\\win32u.dll\nFileVersion: 10.0.16299.15 (WinBuild.160101.0800)\nDescription: Win32u\nProduct: Microsoft® Windows® Operating System\nCompany: Microsoft Corporation\nHashes: MD5=7FCE8457AF762D8800BF026124A9C995,SHA256=89BDA3318E23EE3DF7BA6690EC41DB5137483F1E731B39C0FA380A42460A0250\nSigned: true\nSignature: Microsoft Windows\nSignatureStatus: Valid",
  "thread_id": 19220,
  "record_number": "557",
  "opcode": "정보",
  "type": "wineventlog"
}
{
  "@timestamp": "2018-03-05T07:32:40.046Z",
  "@metadata": {
    "beat": "winlogbeat",
    "type": "doc",
    "version": "6.2.2"
  },
  "beat": {
    "name": "DESKTOP-WJANG",
    "hostname": "DESKTOP-WJANG",
    "version": "6.2.2"
  },
  "record_number": "558",
  "type": "wineventlog",
  "computer_name": "DESKTOP-WJANG",
  "event_data": {
    "Company": "Microsoft Corporation",
    "FileVersion": "10.0.16299.15 (WinBuild.160101.0800)",
    "Product": "Microsoft® Windows® Operating System",
    "Image": "C:\\Program Files\\Mozilla Firefox\\firefox.exe",
    "Signed": "true",
    "ImageLoaded": "C:\\Windows\\System32\\gdi32.dll",
    "UtcTime": "2018-03-05 07:32:40.043",
    "SignatureStatus": "Valid",
    "Hashes": "MD5=C7D7C3A6B1F146CE08CBCB854FDB4BF6,SHA256=B76F8A431C6415890CE97E375485BB2D3DC8398704B338A19FD83C249EFBC554",
    "Signature": "Microsoft Windows",
    "ProcessGuid": "{A376A8F6-F298-5A9C-0000-001071788803}",
    "Description": "GDI Client DLL",
    "ProcessId": "25364"
  },
  "level": "정보",
  "source_name": "Microsoft-Windows-Sysmon",
  "event_id": 7,
  "task": "Image loaded (rule: ImageLoad)",
  "process_id": 8608,
  "thread_id": 19220,
  "message": "Image loaded:\nUtcTime: 2018-03-05 07:32:40.043\nProcessGuid: {A376A8F6-F298-5A9C-0000-001071788803}\nProcessId: 25364\nImage: C:\\Program Files\\Mozilla Firefox\\firefox.exe\nImageLoaded: C:\\Windows\\System32\\gdi32.dll\nFileVersion: 10.0.16299.15 (WinBuild.160101.0800)\nDescription: GDI Client DLL\nProduct: Microsoft® Windows® Operating System\nCompany: Microsoft Corporation\nHashes: MD5=C7D7C3A6B1F146CE08CBCB854FDB4BF6,SHA256=B76F8A431C6415890CE97E375485BB2D3DC8398704B338A19FD83C249EFBC554\nSigned: true\nSignature: Microsoft Windows\nSignatureStatus: Valid",
  "provider_guid": "{5770385F-C22A-43E0-BF4C-06F5698FFBD9}",
  "user": {
    "name": "SYSTEM",
    "domain": "NT AUTHORITY",
    "type": "Well Known Group",
    "identifier": "S-1-5-18"
  },
  "log_name": "Microsoft-Windows-Sysmon/Operational",
  "opcode": "정보",
  "version": 3
}
{
  "@timestamp": "2018-03-05T07:32:40.047Z",
  "@metadata": {
    "beat": "winlogbeat",
    "type": "doc",
    "version": "6.2.2"
  },
  "type": "wineventlog",
  "version": 3,
  "source_name": "Microsoft-Windows-Sysmon",
  "message": "Image loaded:\nUtcTime: 2018-03-05 07:32:40.043\nProcessGuid: {A376A8F6-F298-5A9C-0000-001071788803}\nProcessId: 25364\nImage: C:\\Program Files\\Mozilla Firefox\\firefox.exe\nImageLoaded: C:\\Windows\\System32\\gdi32full.dll\nFileVersion: 10.0.16299.98 (WinBuild.160101.0800)\nDescription: GDI Client DLL\nProduct: Microsoft® Windows® Operating System\nCompany: Microsoft Corporation\nHashes: MD5=E3F90579DF3BB1348A158645508F7645,SHA256=5F97027117657DAF3E268871C338F495D238A4F248E3327EAC5EA08F9E929701\nSigned: true\nSignature: Microsoft Windows\nSignatureStatus: Valid",
  "log_name": "Microsoft-Windows-Sysmon/Operational",
  "level": "정보",
  "computer_name": "DESKTOP-WJANG",
  "process_id": 8608,
  "thread_id": 19220,
  "record_number": "559",
  "task": "Image loaded (rule: ImageLoad)",
  "event_data": {
    "Hashes": "MD5=E3F90579DF3BB1348A158645508F7645,SHA256=5F97027117657DAF3E268871C338F495D238A4F248E3327EAC5EA08F9E929701",
    "Signed": "true",
    "ImageLoaded": "C:\\Windows\\System32\\gdi32full.dll",
    "Company": "Microsoft Corporation",
    "SignatureStatus": "Valid",
    "Signature": "Microsoft Windows",
    "FileVersion": "10.0.16299.98 (WinBuild.160101.0800)",
    "Product": "Microsoft® Windows® Operating System",
    "UtcTime": "2018-03-05 07:32:40.043",
    "Description": "GDI Client DLL",
    "ProcessId": "25364",
    "Image": "C:\\Program Files\\Mozilla Firefox\\firefox.exe",
    "ProcessGuid": "{A376A8F6-F298-5A9C-0000-001071788803}"
  },
  "provider_guid": "{5770385F-C22A-43E0-BF4C-06F5698FFBD9}",
  "opcode": "정보",
  "user": {
    "name": "SYSTEM",
    "domain": "NT AUTHORITY",
    "type": "Well Known Group",
    "identifier": "S-1-5-18"
  },
  "beat": {
    "name": "DESKTOP-WJANG",
    "hostname": "DESKTOP-WJANG",
    "version": "6.2.2"
  },
  "event_id": 7
}
{
  "@timestamp": "2018-03-05T07:32:40.047Z",
  "@metadata": {
    "beat": "winlogbeat",
    "type": "doc",
    "version": "6.2.2"
  },
  "process_id": 8608,
  "provider_guid": "{5770385F-C22A-43E0-BF4C-06F5698FFBD9}",
  "opcode": "정보",
  "log_name": "Microsoft-Windows-Sysmon/Operational",
  "record_number": "560",
  "type": "wineventlog",
  "message": "Image loaded:\nUtcTime: 2018-03-05 07:32:40.044\nProcessGuid: {A376A8F6-F298-5A9C-0000-001071788803}\nProcessId: 25364\nImage: C:\\Program Files\\Mozilla Firefox\\firefox.exe\nImageLoaded: C:\\Windows\\System32\\msvcp_win.dll\nFileVersion: 10.0.16299.248 (WinBuild.160101.0800)\nDescription: Microsoft® C Runtime Library\nProduct: Microsoft® Windows® Operating System\nCompany: Microsoft Corporation\nHashes: MD5=05DE94BD02BC823FAF29850799626758,SHA256=0915426F34077201AB2BB4FFE7F2E500BDEBB8B88B9DBA1FD5CAA96D8DB7D9E1\nSigned: true\nSignature: Microsoft Windows\nSignatureStatus: Valid",
  "event_id": 7,
  "beat": {
    "name": "DESKTOP-WJANG",
    "hostname": "DESKTOP-WJANG",
    "version": "6.2.2"
  },
  "thread_id": 19220,
  "version": 3,
  "user": {
    "identifier": "S-1-5-18",
    "name": "SYSTEM",
    "domain": "NT AUTHORITY",
    "type": "Well Known Group"
  },
  "task": "Image loaded (rule: ImageLoad)",
  "computer_name": "DESKTOP-WJANG",
  "level": "정보",
  "source_name": "Microsoft-Windows-Sysmon",
  "event_data": {
    "ProcessId": "25364",
    "Description": "Microsoft® C Runtime Library",
    "Image": "C:\\Program Files\\Mozilla Firefox\\firefox.exe",
    "Company": "Microsoft Corporation",
    "UtcTime": "2018-03-05 07:32:40.044",
    "ProcessGuid": "{A376A8F6-F298-5A9C-0000-001071788803}",
    "SignatureStatus": "Valid",
    "FileVersion": "10.0.16299.248 (WinBuild.160101.0800)",
    "ImageLoaded": "C:\\Windows\\System32\\msvcp_win.dll",
    "Signed": "true",
    "Product": "Microsoft® Windows® Operating System",
    "Hashes": "MD5=05DE94BD02BC823FAF29850799626758,SHA256=0915426F34077201AB2BB4FFE7F2E500BDEBB8B88B9DBA1FD5CAA96D8DB7D9E1",
    "Signature": "Microsoft Windows"
  }
}
{
  "@timestamp": "2018-03-05T07:32:40.047Z",
  "@metadata": {
    "beat": "winlogbeat",
    "type": "doc",
    "version": "6.2.2"
  },
  "computer_name": "DESKTOP-WJANG",
  "process_id": 8608,
  "provider_guid": "{5770385F-C22A-43E0-BF4C-06F5698FFBD9}",
  "source_name": "Microsoft-Windows-Sysmon",
  "level": "정보",
  "record_number": "561",
  "message": "Image loaded:\nUtcTime: 2018-03-05 07:32:40.045\nProcessGuid: {A376A8F6-F298-5A9C-0000-001071788803}\nProcessId: 25364\nImage: C:\\Program Files\\Mozilla Firefox\\firefox.exe\nImageLoaded: C:\\Windows\\System32\\imm32.dll\nFileVersion: 10.0.16299.15 (WinBuild.160101.0800)\nDescription: Multi-User Windows IMM32 API Client DLL\nProduct: Microsoft® Windows® Operating System\nCompany: Microsoft Corporation\nHashes: MD5=CD53E525FED778CD6F8FD6364379D5DD,SHA256=7A1CDF1937AFD11D1E1432361CEF924D9B2BBAC275048D3BEB119027F6991A41\nSigned: true\nSignature: Microsoft Windows\nSignatureStatus: Valid",
  "log_name": "Microsoft-Windows-Sysmon/Operational",
  "opcode": "정보",
  "event_data": {
    "ImageLoaded": "C:\\Windows\\System32\\imm32.dll",
    "Hashes": "MD5=CD53E525FED778CD6F8FD6364379D5DD,SHA256=7A1CDF1937AFD11D1E1432361CEF924D9B2BBAC275048D3BEB119027F6991A41",
    "Signed": "true",
    "ProcessGuid": "{A376A8F6-F298-5A9C-0000-001071788803}",
    "Company": "Microsoft Corporation",
    "Product": "Microsoft® Windows® Operating System",
    "Description": "Multi-User Windows IMM32 API Client DLL",
    "SignatureStatus": "Valid",
    "Image": "C:\\Program Files\\Mozilla Firefox\\firefox.exe",
    "ProcessId": "25364",
    "Signature": "Microsoft Windows",
    "FileVersion": "10.0.16299.15 (WinBuild.160101.0800)",
    "UtcTime": "2018-03-05 07:32:40.045"
  },
  "version": 3,
  "user": {
    "identifier": "S-1-5-18",
    "name": "SYSTEM",
    "domain": "NT AUTHORITY",
    "type": "Well Known Group"
  },
  "event_id": 7,
  "type": "wineventlog",
  "beat": {
    "name": "DESKTOP-WJANG",
    "hostname": "DESKTOP-WJANG",
    "version": "6.2.2"
  },
  "thread_id": 19220,
  "task": "Image loaded (rule: ImageLoad)"
}
{
  "@timestamp": "2018-03-05T07:32:40.048Z",
  "@metadata": {
    "beat": "winlogbeat",
    "type": "doc",
    "version": "6.2.2"
  },
  "event_id": 7,
  "source_name": "Microsoft-Windows-Sysmon",
  "message": "Image loaded:\nUtcTime: 2018-03-05 07:32:40.045\nProcessGuid: {A376A8F6-F298-5A9C-0000-001071788803}\nProcessId: 25364\nImage: C:\\Program Files\\Mozilla Firefox\\firefox.exe\nImageLoaded: C:\\Windows\\System32\\combase.dll\nFileVersion: 10.0.16299.15 (WinBuild.160101.0800)\nDescription: Windows용 Microsoft COM\nProduct: Microsoft® Windows® Operating System\nCompany: Microsoft Corporation\nHashes: MD5=C83A09FCB5284D6E9C465EBC2B50719F,SHA256=F198107424AA4EF7DADF0C3F7D896712CB7157BCFA858142EF0A47D6921AC658\nSigned: true\nSignature: Microsoft Windows\nSignatureStatus: Valid",
  "event_data": {
    "Signature": "Microsoft Windows",
    "UtcTime": "2018-03-05 07:32:40.045",
    "Product": "Microsoft® Windows® Operating System",
    "ProcessId": "25364",
    "SignatureStatus": "Valid",
    "Company": "Microsoft Corporation",
    "ImageLoaded": "C:\\Windows\\System32\\combase.dll",
    "FileVersion": "10.0.16299.15 (WinBuild.160101.0800)",
    "Hashes": "MD5=C83A09FCB5284D6E9C465EBC2B50719F,SHA256=F198107424AA4EF7DADF0C3F7D896712CB7157BCFA858142EF0A47D6921AC658",
    "Image": "C:\\Program Files\\Mozilla Firefox\\firefox.exe",
    "Signed": "true",
    "ProcessGuid": "{A376A8F6-F298-5A9C-0000-001071788803}",
    "Description": "Windows용 Microsoft COM"
  },
  "type": "wineventlog",
  "computer_name": "DESKTOP-WJANG",
  "provider_guid": "{5770385F-C22A-43E0-BF4C-06F5698FFBD9}",
  "level": "정보",
  "beat": {
    "name": "DESKTOP-WJANG",
    "hostname": "DESKTOP-WJANG",
    "version": "6.2.2"
  },
  "log_name": "Microsoft-Windows-Sysmon/Operational",
  "process_id": 8608,
  "user": {
    "identifier": "S-1-5-18",
    "name": "SYSTEM",
    "domain": "NT AUTHORITY",
    "type": "Well Known Group"
  },
  "version": 3,
  "thread_id": 19220,
  "task": "Image loaded (rule: ImageLoad)",
  "opcode": "정보",
  "record_number": "562"
}
{
  "@timestamp": "2018-03-05T07:32:40.053Z",
  "@metadata": {
    "beat": "winlogbeat",
    "type": "doc",
    "version": "6.2.2"
  },
  "beat": {
    "hostname": "DESKTOP-WJANG",
    "version": "6.2.2",
    "name": "DESKTOP-WJANG"
  },
  "message": "Image loaded:\nUtcTime: 2018-03-05 07:32:40.051\nProcessGuid: {A376A8F6-F298-5A9C-0000-001071788803}\nProcessId: 25364\nImage: C:\\Program Files\\Mozilla Firefox\\firefox.exe\nImageLoaded: C:\\Program Files\\Mozilla Firefox\\api-ms-win-crt-runtime-l1-1-0.dll\nFileVersion: 10.0.16299.15 (WinBuild.160101.0800)\nDescription: ApiSet Stub DLL\nProduct: Microsoft® Windows® Operating System\nCompany: Microsoft Corporation\nHashes: MD5=F576FD38085005B4AB2FF1DACD293C48,SHA256=6E794D0FAD29CC5BDD5D0511FD923D3434ED122CFF0ED697903900C93C807582\nSigned: true\nSignature: Microsoft Corporation\nSignatureStatus: Valid",
  "event_id": 7,
  "computer_name": "DESKTOP-WJANG",
  "version": 3,
  "type": "wineventlog",
  "thread_id": 19220,
  "source_name": "Microsoft-Windows-Sysmon",
  "provider_guid": "{5770385F-C22A-43E0-BF4C-06F5698FFBD9}",
  "record_number": "563",
  "log_name": "Microsoft-Windows-Sysmon/Operational",
  "process_id": 8608,
  "event_data": {
    "Hashes": "MD5=F576FD38085005B4AB2FF1DACD293C48,SHA256=6E794D0FAD29CC5BDD5D0511FD923D3434ED122CFF0ED697903900C93C807582",
    "ImageLoaded": "C:\\Program Files\\Mozilla Firefox\\api-ms-win-crt-runtime-l1-1-0.dll",
    "ProcessGuid": "{A376A8F6-F298-5A9C-0000-001071788803}",
    "Signed": "true",
    "Signature": "Microsoft Corporation",
    "UtcTime": "2018-03-05 07:32:40.051",
    "Product": "Microsoft® Windows® Operating System",
    "SignatureStatus": "Valid",
    "Image": "C:\\Program Files\\Mozilla Firefox\\firefox.exe",
    "ProcessId": "25364",
    "Description": "ApiSet Stub DLL",
    "FileVersion": "10.0.16299.15 (WinBuild.160101.0800)",
    "Company": "Microsoft Corporation"
  },
  "level": "정보",
  "opcode": "정보",
  "user": {
    "name": "SYSTEM",
    "domain": "NT AUTHORITY",
    "type": "Well Known Group",
    "identifier": "S-1-5-18"
  },
  "task": "Image loaded (rule: ImageLoad)"
}
{
  "@timestamp": "2018-03-05T07:32:40.054Z",
  "@metadata": {
    "beat": "winlogbeat",
    "type": "doc",
    "version": "6.2.2"
  },
  "computer_name": "DESKTOP-WJANG",
  "provider_guid": "{5770385F-C22A-43E0-BF4C-06F5698FFBD9}",
  "beat": {
    "name": "DESKTOP-WJANG",
    "hostname": "DESKTOP-WJANG",
    "version": "6.2.2"
  },
  "version": 3,
  "record_number": "564",
  "source_name": "Microsoft-Windows-Sysmon",
  "user": {
    "identifier": "S-1-5-18",
    "name": "SYSTEM",
    "domain": "NT AUTHORITY",
    "type": "Well Known Group"
  },
  "event_data": {
    "UtcTime": "2018-03-05 07:32:40.051",
    "ProcessId": "25364",
    "Company": "Microsoft Corporation",
    "Signed": "true",
    "Product": "Microsoft® Windows® Operating System",
    "ImageLoaded": "C:\\Program Files\\Mozilla Firefox\\api-ms-win-crt-runtime-l1-1-0.dll",
    "ProcessGuid": "{A376A8F6-F298-5A9C-0000-001071788803}",
    "SignatureStatus": "Valid",
    "Signature": "Microsoft Corporation",
    "Image": "C:\\Program Files\\Mozilla Firefox\\firefox.exe",
    "Hashes": "MD5=F576FD38085005B4AB2FF1DACD293C48,SHA256=6E794D0FAD29CC5BDD5D0511FD923D3434ED122CFF0ED697903900C93C807582",
    "Description": "ApiSet Stub DLL",
    "FileVersion": "10.0.16299.15 (WinBuild.160101.0800)"
  },
  "type": "wineventlog",
  "level": "정보",
  "task": "Image loaded (rule: ImageLoad)",
  "log_name": "Microsoft-Windows-Sysmon/Operational",
  "event_id": 7,
  "message": "Image loaded:\nUtcTime: 2018-03-05 07:32:40.051\nProcessGuid: {A376A8F6-F298-5A9C-0000-001071788803}\nProcessId: 25364\nImage: C:\\Program Files\\Mozilla Firefox\\firefox.exe\nImageLoaded: C:\\Program Files\\Mozilla Firefox\\api-ms-win-crt-runtime-l1-1-0.dll\nFileVersion: 10.0.16299.15 (WinBuild.160101.0800)\nDescription: ApiSet Stub DLL\nProduct: Microsoft® Windows® Operating System\nCompany: Microsoft Corporation\nHashes: MD5=F576FD38085005B4AB2FF1DACD293C48,SHA256=6E794D0FAD29CC5BDD5D0511FD923D3434ED122CFF0ED697903900C93C807582\nSigned: true\nSignature: Microsoft Corporation\nSignatureStatus: Valid",
  "thread_id": 19220,
  "opcode": "정보",
  "process_id": 8608
}
{
  "@timestamp": "2018-03-05T07:32:40.055Z",
  "@metadata": {
    "beat": "winlogbeat",
    "type": "doc",
    "version": "6.2.2"
  },
  "level": "정보",
  "message": "Image loaded:\nUtcTime: 2018-03-05 07:32:40.052\nProcessGuid: {A376A8F6-F298-5A9C-0000-001071788803}\nProcessId: 25364\nImage: C:\\Program Files\\Mozilla Firefox\\firefox.exe\nImageLoaded: C:\\Program Files\\Mozilla Firefox\\api-ms-win-crt-string-l1-1-0.dll\nFileVersion: 10.0.16299.15 (WinBuild.160101.0800)\nDescription: ApiSet Stub DLL\nProduct: Microsoft® Windows® Operating System\nCompany: Microsoft Corporation\nHashes: MD5=E730CD977AC7F60F0824775E39C8FD2C,SHA256=63DE06332E8FF15A5BFF699E70ED2537A9D273BA62463FA16265D261F3C5BB31\nSigned: true\nSignature: Microsoft Corporation\nSignatureStatus: Valid",
  "source_name": "Microsoft-Windows-Sysmon",
  "log_name": "Microsoft-Windows-Sysmon/Operational",
  "event_data": {
    "ProcessGuid": "{A376A8F6-F298-5A9C-0000-001071788803}",
    "ProcessId": "25364",
    "SignatureStatus": "Valid",
    "FileVersion": "10.0.16299.15 (WinBuild.160101.0800)",
    "Description": "ApiSet Stub DLL",
    "Signed": "true",
    "UtcTime": "2018-03-05 07:32:40.052",
    "ImageLoaded": "C:\\Program Files\\Mozilla Firefox\\api-ms-win-crt-string-l1-1-0.dll",
    "Product": "Microsoft® Windows® Operating System",
    "Signature": "Microsoft Corporation",
    "Company": "Microsoft Corporation",
    "Image": "C:\\Program Files\\Mozilla Firefox\\firefox.exe",
    "Hashes": "MD5=E730CD977AC7F60F0824775E39C8FD2C,SHA256=63DE06332E8FF15A5BFF699E70ED2537A9D273BA62463FA16265D261F3C5BB31"
  },
  "user": {
    "identifier": "S-1-5-18",
    "name": "SYSTEM",
    "domain": "NT AUTHORITY",
    "type": "Well Known Group"
  },
  "event_id": 7,
  "version": 3,
  "process_id": 8608,
  "beat": {
    "name": "DESKTOP-WJANG",
    "hostname": "DESKTOP-WJANG",
    "version": "6.2.2"
  },
  "computer_name": "DESKTOP-WJANG",
  "provider_guid": "{5770385F-C22A-43E0-BF4C-06F5698FFBD9}",
  "record_number": "565",
  "thread_id": 19220,
  "type": "wineventlog",
  "task": "Image loaded (rule: ImageLoad)",
  "opcode": "정보"
}
{
  "@timestamp": "2018-03-05T07:32:40.055Z",
  "@metadata": {
    "beat": "winlogbeat",
    "type": "doc",
    "version": "6.2.2"
  },
  "record_number": "566",
  "event_id": 7,
  "log_name": "Microsoft-Windows-Sysmon/Operational",
  "source_name": "Microsoft-Windows-Sysmon",
  "version": 3,
  "task": "Image loaded (rule: ImageLoad)",
  "level": "정보",
  "beat": {
    "hostname": "DESKTOP-WJANG",
    "version": "6.2.2",
    "name": "DESKTOP-WJANG"
  },
  "opcode": "정보",
  "thread_id": 19220,
  "message": "Image loaded:\nUtcTime: 2018-03-05 07:32:40.053\nProcessGuid: {A376A8F6-F298-5A9C-0000-001071788803}\nProcessId: 25364\nImage: C:\\Program Files\\Mozilla Firefox\\firefox.exe\nImageLoaded: C:\\Program Files\\Mozilla Firefox\\api-ms-win-crt-string-l1-1-0.dll\nFileVersion: 10.0.16299.15 (WinBuild.160101.0800)\nDescription: ApiSet Stub DLL\nProduct: Microsoft® Windows® Operating System\nCompany: Microsoft Corporation\nHashes: MD5=E730CD977AC7F60F0824775E39C8FD2C,SHA256=63DE06332E8FF15A5BFF699E70ED2537A9D273BA62463FA16265D261F3C5BB31\nSigned: true\nSignature: Microsoft Corporation\nSignatureStatus: Valid",
  "provider_guid": "{5770385F-C22A-43E0-BF4C-06F5698FFBD9}",
  "computer_name": "DESKTOP-WJANG",
  "event_data": {
    "FileVersion": "10.0.16299.15 (WinBuild.160101.0800)",
    "ProcessGuid": "{A376A8F6-F298-5A9C-0000-001071788803}",
    "Image": "C:\\Program Files\\Mozilla Firefox\\firefox.exe",
    "Description": "ApiSet Stub DLL",
    "Company": "Microsoft Corporation",
    "ImageLoaded": "C:\\Program Files\\Mozilla Firefox\\api-ms-win-crt-string-l1-1-0.dll",
    "Signed": "true",
    "Signature": "Microsoft Corporation",
    "SignatureStatus": "Valid",
    "UtcTime": "2018-03-05 07:32:40.053",
    "Hashes": "MD5=E730CD977AC7F60F0824775E39C8FD2C,SHA256=63DE06332E8FF15A5BFF699E70ED2537A9D273BA62463FA16265D261F3C5BB31",
    "ProcessId": "25364",
    "Product": "Microsoft® Windows® Operating System"
  },
  "user": {
    "identifier": "S-1-5-18",
    "name": "SYSTEM",
    "domain": "NT AUTHORITY",
    "type": "Well Known Group"
  },
  "type": "wineventlog",
  "process_id": 8608
}
{
  "@timestamp": "2018-03-05T07:32:40.056Z",
  "@metadata": {
    "beat": "winlogbeat",
    "type": "doc",
    "version": "6.2.2"
  },
  "thread_id": 19220,
  "level": "정보",
  "event_data": {
    "Signed": "true",
    "Company": "Microsoft Corporation",
    "Image": "C:\\Program Files\\Mozilla Firefox\\firefox.exe",
    "Description": "ApiSet Stub DLL",
    "ProcessGuid": "{A376A8F6-F298-5A9C-0000-001071788803}",
    "Hashes": "MD5=28579CA40C9E19CC6DC23DFB8B6871CD,SHA256=A57D8275C34C1094F6A4535E23C7BEE4759532E08776FF84C5FE487C0F925EB4",
    "SignatureStatus": "Valid",
    "FileVersion": "10.0.16299.15 (WinBuild.160101.0800)",
    "ProcessId": "25364",
    "Product": "Microsoft® Windows® Operating System",
    "ImageLoaded": "C:\\Program Files\\Mozilla Firefox\\api-ms-win-crt-heap-l1-1-0.dll",
    "Signature": "Microsoft Corporation",
    "UtcTime": "2018-03-05 07:32:40.054"
  },
  "event_id": 7,
  "task": "Image loaded (rule: ImageLoad)",
  "type": "wineventlog",
  "computer_name": "DESKTOP-WJANG",
  "version": 3,
  "source_name": "Microsoft-Windows-Sysmon",
  "provider_guid": "{5770385F-C22A-43E0-BF4C-06F5698FFBD9}",
  "log_name": "Microsoft-Windows-Sysmon/Operational",
  "process_id": 8608,
  "beat": {
    "name": "DESKTOP-WJANG",
    "hostname": "DESKTOP-WJANG",
    "version": "6.2.2"
  },
  "record_number": "567",
  "opcode": "정보",
  "message": "Image loaded:\nUtcTime: 2018-03-05 07:32:40.054\nProcessGuid: {A376A8F6-F298-5A9C-0000-001071788803}\nProcessId: 25364\nImage: C:\\Program Files\\Mozilla Firefox\\firefox.exe\nImageLoaded: C:\\Program Files\\Mozilla Firefox\\api-ms-win-crt-heap-l1-1-0.dll\nFileVersion: 10.0.16299.15 (WinBuild.160101.0800)\nDescription: ApiSet Stub DLL\nProduct: Microsoft® Windows® Operating System\nCompany: Microsoft Corporation\nHashes: MD5=28579CA40C9E19CC6DC23DFB8B6871CD,SHA256=A57D8275C34C1094F6A4535E23C7BEE4759532E08776FF84C5FE487C0F925EB4\nSigned: true\nSignature: Microsoft Corporation\nSignatureStatus: Valid",
  "user": {
    "identifier": "S-1-5-18",
    "name": "SYSTEM",
    "domain": "NT AUTHORITY",
    "type": "Well Known Group"
  }
}
{
  "@timestamp": "2018-03-05T07:32:40.057Z",
  "@metadata": {
    "beat": "winlogbeat",
    "type": "doc",
    "version": "6.2.2"
  },
  "thread_id": 19220,
  "log_name": "Microsoft-Windows-Sysmon/Operational",
  "beat": {
    "hostname": "DESKTOP-WJANG",
    "version": "6.2.2",
    "name": "DESKTOP-WJANG"
  },
  "source_name": "Microsoft-Windows-Sysmon",
  "computer_name": "DESKTOP-WJANG",
  "opcode": "정보",
  "process_id": 8608,
  "record_number": "568",
  "user": {
    "domain": "NT AUTHORITY",
    "type": "Well Known Group",
    "identifier": "S-1-5-18",
    "name": "SYSTEM"
  },
  "message": "Image loaded:\nUtcTime: 2018-03-05 07:32:40.054\nProcessGuid: {A376A8F6-F298-5A9C-0000-001071788803}\nProcessId: 25364\nImage: C:\\Program Files\\Mozilla Firefox\\firefox.exe\nImageLoaded: C:\\Program Files\\Mozilla Firefox\\api-ms-win-crt-heap-l1-1-0.dll\nFileVersion: 10.0.16299.15 (WinBuild.160101.0800)\nDescription: ApiSet Stub DLL\nProduct: Microsoft® Windows® Operating System\nCompany: Microsoft Corporation\nHashes: MD5=28579CA40C9E19CC6DC23DFB8B6871CD,SHA256=A57D8275C34C1094F6A4535E23C7BEE4759532E08776FF84C5FE487C0F925EB4\nSigned: true\nSignature: Microsoft Corporation\nSignatureStatus: Valid",
  "level": "정보",
  "version": 3,
  "type": "wineventlog",
  "event_id": 7,
  "task": "Image loaded (rule: ImageLoad)",
  "event_data": {
    "ProcessGuid": "{A376A8F6-F298-5A9C-0000-001071788803}",
    "Company": "Microsoft Corporation",
    "Signature": "Microsoft Corporation",
    "ImageLoaded": "C:\\Program Files\\Mozilla Firefox\\api-ms-win-crt-heap-l1-1-0.dll",
    "Signed": "true",
    "SignatureStatus": "Valid",
    "UtcTime": "2018-03-05 07:32:40.054",
    "Product": "Microsoft® Windows® Operating System",
    "Description": "ApiSet Stub DLL",
    "FileVersion": "10.0.16299.15 (WinBuild.160101.0800)",
    "Hashes": "MD5=28579CA40C9E19CC6DC23DFB8B6871CD,SHA256=A57D8275C34C1094F6A4535E23C7BEE4759532E08776FF84C5FE487C0F925EB4",
    "ProcessId": "25364",
    "Image": "C:\\Program Files\\Mozilla Firefox\\firefox.exe"
  },
  "provider_guid": "{5770385F-C22A-43E0-BF4C-06F5698FFBD9}"
}
{
  "@timestamp": "2018-03-05T07:32:40.057Z",
  "@metadata": {
    "beat": "winlogbeat",
    "type": "doc",
    "version": "6.2.2"
  },
  "user": {
    "identifier": "S-1-5-18",
    "name": "SYSTEM",
    "domain": "NT AUTHORITY",
    "type": "Well Known Group"
  },
  "event_id": 7,
  "task": "Image loaded (rule: ImageLoad)",
  "opcode": "정보",
  "computer_name": "DESKTOP-WJANG",
  "record_number": "569",
  "source_name": "Microsoft-Windows-Sysmon",
  "log_name": "Microsoft-Windows-Sysmon/Operational",
  "version": 3,
  "level": "정보",
  "process_id": 8608,
  "thread_id": 19220,
  "message": "Image loaded:\nUtcTime: 2018-03-05 07:32:40.055\nProcessGuid: {A376A8F6-F298-5A9C-0000-001071788803}\nProcessId: 25364\nImage: C:\\Program Files\\Mozilla Firefox\\firefox.exe\nImageLoaded: C:\\Program Files\\Mozilla Firefox\\api-ms-win-crt-stdio-l1-1-0.dll\nFileVersion: 10.0.16299.15 (WinBuild.160101.0800)\nDescription: ApiSet Stub DLL\nProduct: Microsoft® Windows® Operating System\nCompany: Microsoft Corporation\nHashes: MD5=1CEC55E31418A818093C73E96BD41973,SHA256=513BB1DD16BE7491CED8FA2494B604257285F76062525685C2991391D0C048C3\nSigned: true\nSignature: Microsoft Corporation\nSignatureStatus: Valid",
  "provider_guid": "{5770385F-C22A-43E0-BF4C-06F5698FFBD9}",
  "type": "wineventlog",
  "event_data": {
    "Image": "C:\\Program Files\\Mozilla Firefox\\firefox.exe",
    "Signature": "Microsoft Corporation",
    "UtcTime": "2018-03-05 07:32:40.055",
    "Signed": "true",
    "Company": "Microsoft Corporation",
    "SignatureStatus": "Valid",
    "ProcessId": "25364",
    "ProcessGuid": "{A376A8F6-F298-5A9C-0000-001071788803}",
    "Product": "Microsoft® Windows® Operating System",
    "FileVersion": "10.0.16299.15 (WinBuild.160101.0800)",
    "ImageLoaded": "C:\\Program Files\\Mozilla Firefox\\api-ms-win-crt-stdio-l1-1-0.dll",
    "Description": "ApiSet Stub DLL",
    "Hashes": "MD5=1CEC55E31418A818093C73E96BD41973,SHA256=513BB1DD16BE7491CED8FA2494B604257285F76062525685C2991391D0C048C3"
  },
  "beat": {
    "name": "DESKTOP-WJANG",
    "hostname": "DESKTOP-WJANG",
    "version": "6.2.2"
  }
}
{
  "@timestamp": "2018-03-05T07:32:40.058Z",
  "@metadata": {
    "beat": "winlogbeat",
    "type": "doc",
    "version": "6.2.2"
  },
  "level": "정보",
  "source_name": "Microsoft-Windows-Sysmon",
  "event_data": {
    "Product": "Microsoft® Windows® Operating System",
    "Signature": "Microsoft Corporation",
    "ProcessId": "25364",
    "Hashes": "MD5=1CEC55E31418A818093C73E96BD41973,SHA256=513BB1DD16BE7491CED8FA2494B604257285F76062525685C2991391D0C048C3",
    "Image": "C:\\Program Files\\Mozilla Firefox\\firefox.exe",
    "FileVersion": "10.0.16299.15 (WinBuild.160101.0800)",
    "ImageLoaded": "C:\\Program Files\\Mozilla Firefox\\api-ms-win-crt-stdio-l1-1-0.dll",
    "Company": "Microsoft Corporation",
    "Description": "ApiSet Stub DLL",
    "SignatureStatus": "Valid",
    "ProcessGuid": "{A376A8F6-F298-5A9C-0000-001071788803}",
    "UtcTime": "2018-03-05 07:32:40.056",
    "Signed": "true"
  },
  "record_number": "570",
  "opcode": "정보",
  "beat": {
    "name": "DESKTOP-WJANG",
    "hostname": "DESKTOP-WJANG",
    "version": "6.2.2"
  },
  "event_id": 7,
  "thread_id": 19220,
  "process_id": 8608,
  "log_name": "Microsoft-Windows-Sysmon/Operational",
  "version": 3,
  "user": {
    "identifier": "S-1-5-18",
    "name": "SYSTEM",
    "domain": "NT AUTHORITY",
    "type": "Well Known Group"
  },
  "type": "wineventlog",
  "computer_name": "DESKTOP-WJANG",
  "task": "Image loaded (rule: ImageLoad)",
  "message": "Image loaded:\nUtcTime: 2018-03-05 07:32:40.056\nProcessGuid: {A376A8F6-F298-5A9C-0000-001071788803}\nProcessId: 25364\nImage: C:\\Program Files\\Mozilla Firefox\\firefox.exe\nImageLoaded: C:\\Program Files\\Mozilla Firefox\\api-ms-win-crt-stdio-l1-1-0.dll\nFileVersion: 10.0.16299.15 (WinBuild.160101.0800)\nDescription: ApiSet Stub DLL\nProduct: Microsoft® Windows® Operating System\nCompany: Microsoft Corporation\nHashes: MD5=1CEC55E31418A818093C73E96BD41973,SHA256=513BB1DD16BE7491CED8FA2494B604257285F76062525685C2991391D0C048C3\nSigned: true\nSignature: Microsoft Corporation\nSignatureStatus: Valid",
  "provider_guid": "{5770385F-C22A-43E0-BF4C-06F5698FFBD9}"
}
{
  "@timestamp": "2018-03-05T07:32:40.059Z",
  "@metadata": {
    "beat": "winlogbeat",
    "type": "doc",
    "version": "6.2.2"
  },
  "record_number": "571",
  "thread_id": 19220,
  "task": "Image loaded (rule: ImageLoad)",
  "event_id": 7,
  "opcode": "정보",
  "log_name": "Microsoft-Windows-Sysmon/Operational",
  "user": {
    "domain": "NT AUTHORITY",
    "type": "Well Known Group",
    "identifier": "S-1-5-18",
    "name": "SYSTEM"
  },
  "source_name": "Microsoft-Windows-Sysmon",
  "process_id": 8608,
  "computer_name": "DESKTOP-WJANG",
  "beat": {
    "name": "DESKTOP-WJANG",
    "hostname": "DESKTOP-WJANG",
    "version": "6.2.2"
  },
  "type": "wineventlog",
  "level": "정보",
  "provider_guid": "{5770385F-C22A-43E0-BF4C-06F5698FFBD9}",
  "version": 3,
  "message": "Image loaded:\nUtcTime: 2018-03-05 07:32:40.056\nProcessGuid: {A376A8F6-F298-5A9C-0000-001071788803}\nProcessId: 25364\nImage: C:\\Program Files\\Mozilla Firefox\\firefox.exe\nImageLoaded: C:\\Program Files\\Mozilla Firefox\\api-ms-win-crt-convert-l1-1-0.dll\nFileVersion: 10.0.16299.15 (WinBuild.160101.0800)\nDescription: ApiSet Stub DLL\nProduct: Microsoft® Windows® Operating System\nCompany: Microsoft Corporation\nHashes: MD5=E3495C380C381670908355181787D7EA,SHA256=B353BD22B97FD3704557A99359C9EA0B4E0AD8B7E43B5E21700DABD1A1D84923\nSigned: true\nSignature: Microsoft Corporation\nSignatureStatus: Valid",
  "event_data": {
    "Description": "ApiSet Stub DLL",
    "Company": "Microsoft Corporation",
    "ImageLoaded": "C:\\Program Files\\Mozilla Firefox\\api-ms-win-crt-convert-l1-1-0.dll",
    "Product": "Microsoft® Windows® Operating System",
    "UtcTime": "2018-03-05 07:32:40.056",
    "SignatureStatus": "Valid",
    "ProcessId": "25364",
    "Signed": "true",
    "ProcessGuid": "{A376A8F6-F298-5A9C-0000-001071788803}",
    "Image": "C:\\Program Files\\Mozilla Firefox\\firefox.exe",
    "Hashes": "MD5=E3495C380C381670908355181787D7EA,SHA256=B353BD22B97FD3704557A99359C9EA0B4E0AD8B7E43B5E21700DABD1A1D84923",
    "FileVersion": "10.0.16299.15 (WinBuild.160101.0800)",
    "Signature": "Microsoft Corporation"
  }
}
{
  "@timestamp": "2018-03-05T07:32:40.059Z",
  "@metadata": {
    "beat": "winlogbeat",
    "type": "doc",
    "version": "6.2.2"
  },
  "source_name": "Microsoft-Windows-Sysmon",
  "provider_guid": "{5770385F-C22A-43E0-BF4C-06F5698FFBD9}",
  "beat": {
    "name": "DESKTOP-WJANG",
    "hostname": "DESKTOP-WJANG",
    "version": "6.2.2"
  },
  "task": "Image loaded (rule: ImageLoad)",
  "message": "Image loaded:\nUtcTime: 2018-03-05 07:32:40.057\nProcessGuid: {A376A8F6-F298-5A9C-0000-001071788803}\nProcessId: 25364\nImage: C:\\Program Files\\Mozilla Firefox\\firefox.exe\nImageLoaded: C:\\Program Files\\Mozilla Firefox\\api-ms-win-crt-convert-l1-1-0.dll\nFileVersion: 10.0.16299.15 (WinBuild.160101.0800)\nDescription: ApiSet Stub DLL\nProduct: Microsoft® Windows® Operating System\nCompany: Microsoft Corporation\nHashes: MD5=E3495C380C381670908355181787D7EA,SHA256=B353BD22B97FD3704557A99359C9EA0B4E0AD8B7E43B5E21700DABD1A1D84923\nSigned: true\nSignature: Microsoft Corporation\nSignatureStatus: Valid",
  "thread_id": 19220,
  "event_data": {
    "Signature": "Microsoft Corporation",
    "UtcTime": "2018-03-05 07:32:40.057",
    "Image": "C:\\Program Files\\Mozilla Firefox\\firefox.exe",
    "Hashes": "MD5=E3495C380C381670908355181787D7EA,SHA256=B353BD22B97FD3704557A99359C9EA0B4E0AD8B7E43B5E21700DABD1A1D84923",
    "SignatureStatus": "Valid",
    "Signed": "true",
    "Company": "Microsoft Corporation",
    "ProcessId": "25364",
    "ImageLoaded": "C:\\Program Files\\Mozilla Firefox\\api-ms-win-crt-convert-l1-1-0.dll",
    "ProcessGuid": "{A376A8F6-F298-5A9C-0000-001071788803}",
    "FileVersion": "10.0.16299.15 (WinBuild.160101.0800)",
    "Description": "ApiSet Stub DLL",
    "Product": "Microsoft® Windows® Operating System"
  },
  "event_id": 7,
  "level": "정보",
  "process_id": 8608,
  "type": "wineventlog",
  "log_name": "Microsoft-Windows-Sysmon/Operational",
  "computer_name": "DESKTOP-WJANG",
  "opcode": "정보",
  "user": {
    "domain": "NT AUTHORITY",
    "type": "Well Known Group",
    "identifier": "S-1-5-18",
    "name": "SYSTEM"
  },
  "record_number": "572",
  "version": 3
}
{
  "@timestamp": "2018-03-05T07:32:40.060Z",
  "@metadata": {
    "beat": "winlogbeat",
    "type": "doc",
    "version": "6.2.2"
  },
  "message": "Image loaded:\nUtcTime: 2018-03-05 07:32:40.058\nProcessGuid: {A376A8F6-F298-5A9C-0000-001071788803}\nProcessId: 25364\nImage: C:\\Program Files\\Mozilla Firefox\\firefox.exe\nImageLoaded: C:\\Program Files\\Mozilla Firefox\\api-ms-win-crt-locale-l1-1-0.dll\nFileVersion: 10.0.16299.15 (WinBuild.160101.0800)\nDescription: ApiSet Stub DLL\nProduct: Microsoft® Windows® Operating System\nCompany: Microsoft Corporation\nHashes: MD5=4140EE5C6EA9F933C483615141FD54FE,SHA256=29ABDC8C5396132B004E6751464641B8F0562249333B2257A1D2EB4AECC8D9DC\nSigned: true\nSignature: Microsoft Corporation\nSignatureStatus: Valid",
  "opcode": "정보",
  "thread_id": 19220,
  "log_name": "Microsoft-Windows-Sysmon/Operational",
  "record_number": "573",
  "level": "정보",
  "version": 3,
  "task": "Image loaded (rule: ImageLoad)",
  "event_data": {
    "UtcTime": "2018-03-05 07:32:40.058",
    "ImageLoaded": "C:\\Program Files\\Mozilla Firefox\\api-ms-win-crt-locale-l1-1-0.dll",
    "FileVersion": "10.0.16299.15 (WinBuild.160101.0800)",
    "Company": "Microsoft Corporation",
    "SignatureStatus": "Valid",
    "Image": "C:\\Program Files\\Mozilla Firefox\\firefox.exe",
    "Signed": "true",
    "ProcessId": "25364",
    "Product": "Microsoft® Windows® Operating System",
    "Signature": "Microsoft Corporation",
    "Description": "ApiSet Stub DLL",
    "Hashes": "MD5=4140EE5C6EA9F933C483615141FD54FE,SHA256=29ABDC8C5396132B004E6751464641B8F0562249333B2257A1D2EB4AECC8D9DC",
    "ProcessGuid": "{A376A8F6-F298-5A9C-0000-001071788803}"
  },
  "type": "wineventlog",
  "source_name": "Microsoft-Windows-Sysmon",
  "event_id": 7,
  "beat": {
    "hostname": "DESKTOP-WJANG",
    "version": "6.2.2",
    "name": "DESKTOP-WJANG"
  },
  "user": {
    "identifier": "S-1-5-18",
    "name": "SYSTEM",
    "domain": "NT AUTHORITY",
    "type": "Well Known Group"
  },
  "provider_guid": "{5770385F-C22A-43E0-BF4C-06F5698FFBD9}",
  "computer_name": "DESKTOP-WJANG",
  "process_id": 8608
}
{
  "@timestamp": "2018-03-05T07:32:40.061Z",
  "@metadata": {
    "beat": "winlogbeat",
    "type": "doc",
    "version": "6.2.2"
  },
  "version": 3,
  "message": "Image loaded:\nUtcTime: 2018-03-05 07:32:40.059\nProcessGuid: {A376A8F6-F298-5A9C-0000-001071788803}\nProcessId: 25364\nImage: C:\\Program Files\\Mozilla Firefox\\firefox.exe\nImageLoaded: C:\\Program Files\\Mozilla Firefox\\api-ms-win-crt-locale-l1-1-0.dll\nFileVersion: 10.0.16299.15 (WinBuild.160101.0800)\nDescription: ApiSet Stub DLL\nProduct: Microsoft® Windows® Operating System\nCompany: Microsoft Corporation\nHashes: MD5=4140EE5C6EA9F933C483615141FD54FE,SHA256=29ABDC8C5396132B004E6751464641B8F0562249333B2257A1D2EB4AECC8D9DC\nSigned: true\nSignature: Microsoft Corporation\nSignatureStatus: Valid",
  "event_data": {
    "ImageLoaded": "C:\\Program Files\\Mozilla Firefox\\api-ms-win-crt-locale-l1-1-0.dll",
    "FileVersion": "10.0.16299.15 (WinBuild.160101.0800)",
    "ProcessId": "25364",
    "Description": "ApiSet Stub DLL",
    "Company": "Microsoft Corporation",
    "Signature": "Microsoft Corporation",
    "UtcTime": "2018-03-05 07:32:40.059",
    "ProcessGuid": "{A376A8F6-F298-5A9C-0000-001071788803}",
    "Image": "C:\\Program Files\\Mozilla Firefox\\firefox.exe",
    "Signed": "true",
    "Product": "Microsoft® Windows® Operating System",
    "Hashes": "MD5=4140EE5C6EA9F933C483615141FD54FE,SHA256=29ABDC8C5396132B004E6751464641B8F0562249333B2257A1D2EB4AECC8D9DC",
    "SignatureStatus": "Valid"
  },
  "level": "정보",
  "log_name": "Microsoft-Windows-Sysmon/Operational",
  "beat": {
    "name": "DESKTOP-WJANG",
    "hostname": "DESKTOP-WJANG",
    "version": "6.2.2"
  },
  "computer_name": "DESKTOP-WJANG",
  "process_id": 8608,
  "opcode": "정보",
  "event_id": 7,
  "source_name": "Microsoft-Windows-Sysmon",
  "task": "Image loaded (rule: ImageLoad)",
  "user": {
    "identifier": "S-1-5-18",
    "name": "SYSTEM",
    "domain": "NT AUTHORITY",
    "type": "Well Known Group"
  },
  "thread_id": 19220,
  "record_number": "574",
  "type": "wineventlog",
  "provider_guid": "{5770385F-C22A-43E0-BF4C-06F5698FFBD9}"
}
{
  "@timestamp": "2018-03-05T07:32:40.062Z",
  "@metadata": {
    "beat": "winlogbeat",
    "type": "doc",
    "version": "6.2.2"
  },
  "record_number": "575",
  "log_name": "Microsoft-Windows-Sysmon/Operational",
  "process_id": 8608,
  "type": "wineventlog",
  "beat": {
    "name": "DESKTOP-WJANG",
    "hostname": "DESKTOP-WJANG",
    "version": "6.2.2"
  },
  "event_data": {
    "Image": "C:\\Program Files\\Mozilla Firefox\\firefox.exe",
    "Company": "Microsoft Corporation",
    "ProcessGuid": "{A376A8F6-F298-5A9C-0000-001071788803}",
    "Product": "Microsoft® Windows® Operating System",
    "SignatureStatus": "Valid",
    "ProcessId": "25364",
    "Signature": "Microsoft Corporation",
    "Hashes": "MD5=6C7D9C87AF17330357FDB7F39751080B,SHA256=6A9DD5A4E52C1AA0E341E35E9DC1A6FBF476EBACD64ADD3A53C146F019A9A4C6",
    "UtcTime": "2018-03-05 07:32:40.060",
    "ImageLoaded": "C:\\Program Files\\Mozilla Firefox\\api-ms-win-crt-math-l1-1-0.dll",
    "FileVersion": "10.0.16299.15 (WinBuild.160101.0800)",
    "Signed": "true",
    "Description": "ApiSet Stub DLL"
  },
  "source_name": "Microsoft-Windows-Sysmon",
  "opcode": "정보",
  "provider_guid": "{5770385F-C22A-43E0-BF4C-06F5698FFBD9}",
  "user": {
    "identifier": "S-1-5-18",
    "name": "SYSTEM",
    "domain": "NT AUTHORITY",
    "type": "Well Known Group"
  },
  "version": 3,
  "level": "정보",
  "computer_name": "DESKTOP-WJANG",
  "message": "Image loaded:\nUtcTime: 2018-03-05 07:32:40.060\nProcessGuid: {A376A8F6-F298-5A9C-0000-001071788803}\nProcessId: 25364\nImage: C:\\Program Files\\Mozilla Firefox\\firefox.exe\nImageLoaded: C:\\Program Files\\Mozilla Firefox\\api-ms-win-crt-math-l1-1-0.dll\nFileVersion: 10.0.16299.15 (WinBuild.160101.0800)\nDescription: ApiSet Stub DLL\nProduct: Microsoft® Windows® Operating System\nCompany: Microsoft Corporation\nHashes: MD5=6C7D9C87AF17330357FDB7F39751080B,SHA256=6A9DD5A4E52C1AA0E341E35E9DC1A6FBF476EBACD64ADD3A53C146F019A9A4C6\nSigned: true\nSignature: Microsoft Corporation\nSignatureStatus: Valid",
  "thread_id": 19220,
  "task": "Image loaded (rule: ImageLoad)",
  "event_id": 7
}
{
  "@timestamp": "2018-03-05T07:32:40.062Z",
  "@metadata": {
    "beat": "winlogbeat",
    "type": "doc",
    "version": "6.2.2"
  },
  "provider_guid": "{5770385F-C22A-43E0-BF4C-06F5698FFBD9}",
  "source_name": "Microsoft-Windows-Sysmon",
  "log_name": "Microsoft-Windows-Sysmon/Operational",
  "opcode": "정보",
  "version": 3,
  "event_data": {
    "Signature": "Microsoft Corporation",
    "UtcTime": "2018-03-05 07:32:40.060",
    "ProcessGuid": "{A376A8F6-F298-5A9C-0000-001071788803}",
    "ProcessId": "25364",
    "Signed": "true",
    "Image": "C:\\Program Files\\Mozilla Firefox\\firefox.exe",
    "Company": "Microsoft Corporation",
    "FileVersion": "10.0.16299.15 (WinBuild.160101.0800)",
    "SignatureStatus": "Valid",
    "Description": "ApiSet Stub DLL",
    "Hashes": "MD5=6C7D9C87AF17330357FDB7F39751080B,SHA256=6A9DD5A4E52C1AA0E341E35E9DC1A6FBF476EBACD64ADD3A53C146F019A9A4C6",
    "Product": "Microsoft® Windows® Operating System",
    "ImageLoaded": "C:\\Program Files\\Mozilla Firefox\\api-ms-win-crt-math-l1-1-0.dll"
  },
  "message": "Image loaded:\nUtcTime: 2018-03-05 07:32:40.060\nProcessGuid: {A376A8F6-F298-5A9C-0000-001071788803}\nProcessId: 25364\nImage: C:\\Program Files\\Mozilla Firefox\\firefox.exe\nImageLoaded: C:\\Program Files\\Mozilla Firefox\\api-ms-win-crt-math-l1-1-0.dll\nFileVersion: 10.0.16299.15 (WinBuild.160101.0800)\nDescription: ApiSet Stub DLL\nProduct: Microsoft® Windows® Operating System\nCompany: Microsoft Corporation\nHashes: MD5=6C7D9C87AF17330357FDB7F39751080B,SHA256=6A9DD5A4E52C1AA0E341E35E9DC1A6FBF476EBACD64ADD3A53C146F019A9A4C6\nSigned: true\nSignature: Microsoft Corporation\nSignatureStatus: Valid",
  "task": "Image loaded (rule: ImageLoad)",
  "computer_name": "DESKTOP-WJANG",
  "thread_id": 19220,
  "beat": {
    "version": "6.2.2",
    "name": "DESKTOP-WJANG",
    "hostname": "DESKTOP-WJANG"
  },
  "event_id": 7,
  "record_number": "576",
  "level": "정보",
  "user": {
    "identifier": "S-1-5-18",
    "name": "SYSTEM",
    "domain": "NT AUTHORITY",
    "type": "Well Known Group"
  },
  "type": "wineventlog",
  "process_id": 8608
}
{
  "@timestamp": "2018-03-05T07:32:40.063Z",
  "@metadata": {
    "beat": "winlogbeat",
    "type": "doc",
    "version": "6.2.2"
  },
  "event_id": 7,
  "beat": {
    "name": "DESKTOP-WJANG",
    "hostname": "DESKTOP-WJANG",
    "version": "6.2.2"
  },
  "source_name": "Microsoft-Windows-Sysmon",
  "level": "정보",
  "provider_guid": "{5770385F-C22A-43E0-BF4C-06F5698FFBD9}",
  "task": "Image loaded (rule: ImageLoad)",
  "thread_id": 19220,
  "record_number": "577",
  "opcode": "정보",
  "user": {
    "domain": "NT AUTHORITY",
    "type": "Well Known Group",
    "identifier": "S-1-5-18",
    "name": "SYSTEM"
  },
  "computer_name": "DESKTOP-WJANG",
  "message": "Image loaded:\nUtcTime: 2018-03-05 07:32:40.061\nProcessGuid: {A376A8F6-F298-5A9C-0000-001071788803}\nProcessId: 25364\nImage: C:\\Program Files\\Mozilla Firefox\\firefox.exe\nImageLoaded: C:\\Program Files\\Mozilla Firefox\\api-ms-win-crt-multibyte-l1-1-0.dll\nFileVersion: 10.0.16299.15 (WinBuild.160101.0800)\nDescription: ApiSet Stub DLL\nProduct: Microsoft® Windows® Operating System\nCompany: Microsoft Corporation\nHashes: MD5=0CAD941678316DA4F162C2D65600F578,SHA256=ACB97F64896CB96CEA09C2A2E691A8E2302885150A0699AA0AC0593BCDC89E9F\nSigned: true\nSignature: Microsoft Corporation\nSignatureStatus: Valid",
  "version": 3,
  "log_name": "Microsoft-Windows-Sysmon/Operational",
  "type": "wineventlog",
  "process_id": 8608,
  "event_data": {
    "UtcTime": "2018-03-05 07:32:40.061",
    "SignatureStatus": "Valid",
    "ProcessGuid": "{A376A8F6-F298-5A9C-0000-001071788803}",
    "Hashes": "MD5=0CAD941678316DA4F162C2D65600F578,SHA256=ACB97F64896CB96CEA09C2A2E691A8E2302885150A0699AA0AC0593BCDC89E9F",
    "Description": "ApiSet Stub DLL",
    "Product": "Microsoft® Windows® Operating System",
    "Company": "Microsoft Corporation",
    "Signature": "Microsoft Corporation",
    "FileVersion": "10.0.16299.15 (WinBuild.160101.0800)",
    "Image": "C:\\Program Files\\Mozilla Firefox\\firefox.exe",
    "ProcessId": "25364",
    "Signed": "true",
    "ImageLoaded": "C:\\Program Files\\Mozilla Firefox\\api-ms-win-crt-multibyte-l1-1-0.dll"
  }
}
{
  "@timestamp": "2018-03-05T07:32:40.064Z",
  "@metadata": {
    "beat": "winlogbeat",
    "type": "doc",
    "version": "6.2.2"
  },
  "event_data": {
    "ImageLoaded": "C:\\Program Files\\Mozilla Firefox\\api-ms-win-crt-multibyte-l1-1-0.dll",
    "Product": "Microsoft® Windows® Operating System",
    "FileVersion": "10.0.16299.15 (WinBuild.160101.0800)",
    "Hashes": "MD5=0CAD941678316DA4F162C2D65600F578,SHA256=ACB97F64896CB96CEA09C2A2E691A8E2302885150A0699AA0AC0593BCDC89E9F",
    "ProcessId": "25364",
    "UtcTime": "2018-03-05 07:32:40.062",
    "ProcessGuid": "{A376A8F6-F298-5A9C-0000-001071788803}",
    "Description": "ApiSet Stub DLL",
    "SignatureStatus": "Valid",
    "Image": "C:\\Program Files\\Mozilla Firefox\\firefox.exe",
    "Company": "Microsoft Corporation",
    "Signature": "Microsoft Corporation",
    "Signed": "true"
  },
  "task": "Image loaded (rule: ImageLoad)",
  "process_id": 8608,
  "type": "wineventlog",
  "event_id": 7,
  "provider_guid": "{5770385F-C22A-43E0-BF4C-06F5698FFBD9}",
  "version": 3,
  "thread_id": 19220,
  "record_number": "578",
  "level": "정보",
  "user": {
    "type": "Well Known Group",
    "identifier": "S-1-5-18",
    "name": "SYSTEM",
    "domain": "NT AUTHORITY"
  },
  "source_name": "Microsoft-Windows-Sysmon",
  "message": "Image loaded:\nUtcTime: 2018-03-05 07:32:40.062\nProcessGuid: {A376A8F6-F298-5A9C-0000-001071788803}\nProcessId: 25364\nImage: C:\\Program Files\\Mozilla Firefox\\firefox.exe\nImageLoaded: C:\\Program Files\\Mozilla Firefox\\api-ms-win-crt-multibyte-l1-1-0.dll\nFileVersion: 10.0.16299.15 (WinBuild.160101.0800)\nDescription: ApiSet Stub DLL\nProduct: Microsoft® Windows® Operating System\nCompany: Microsoft Corporation\nHashes: MD5=0CAD941678316DA4F162C2D65600F578,SHA256=ACB97F64896CB96CEA09C2A2E691A8E2302885150A0699AA0AC0593BCDC89E9F\nSigned: true\nSignature: Microsoft Corporation\nSignatureStatus: Valid",
  "beat": {
    "version": "6.2.2",
    "name": "DESKTOP-WJANG",
    "hostname": "DESKTOP-WJANG"
  },
  "computer_name": "DESKTOP-WJANG",
  "opcode": "정보",
  "log_name": "Microsoft-Windows-Sysmon/Operational"
}
