{
  "@timestamp": "2018-03-05T07:32:39.993Z",
  "@metadata": {
    "beat": "winlogbeat",
    "type": "doc",
    "version": "6.2.2"
  },
  "version": 3,
  "thread_id": 23584,
  "computer_name": "DESKTOP-WJANG",
  "opcode": "정보",
  "event_id": 7,
  "provider_guid": "{5770385F-C22A-43E0-BF4C-06F5698FFBD9}",
  "message": "Image loaded:\nUtcTime: 2018-03-05 07:32:39.002\nProcessGuid: {A376A8F6-F294-5A9C-0000-001052E48503}\nProcessId: 17704\nImage: C:\\Program Files\\Mozilla Firefox\\firefox.exe\nImageLoaded: C:\\Windows\\System32\\TextInputFramework.dll\nFileVersion: 10.0.16299.248 (WinBuild.160101.0800)\nDescription: \"TextInputFramework.DYNLINK\"\nProduct: Microsoft® Windows® Operating System\nCompany: Microsoft Corporation\nHashes: MD5=2200DDCAFFD79ADAFC33A0D9B52545C1,SHA256=91F6A6F8DB28712A87B3C1CD1DB414235871488EAE21C8914ACA3CD3380FF870\nSigned: true\nSignature: Microsoft Windows\nSignatureStatus: Valid",
  "log_name": "Microsoft-Windows-Sysmon/Operational",
  "source_name": "Microsoft-Windows-Sysmon",
  "task": "Image loaded (rule: ImageLoad)",
  "user": {
    "name": "SYSTEM",
    "domain": "NT AUTHORITY",
    "type": "Well Known Group",
    "identifier": "S-1-5-18"
  },
  "beat": {
    "version": "6.2.2",
    "name": "DESKTOP-WJANG",
    "hostname": "DESKTOP-WJANG"
  },
  "process_id": 8608,
  "record_number": "534",
  "type": "wineventlog",
  "level": "정보",
  "event_data": {
    "Image": "C:\\Program Files\\Mozilla Firefox\\firefox.exe",
    "ProcessId": "17704",
    "Signature": "Microsoft Windows",
    "FileVersion": "10.0.16299.248 (WinBuild.160101.0800)",
    "UtcTime": "2018-03-05 07:32:39.002",
    "Signed": "true",
    "ImageLoaded": "C:\\Windows\\System32\\TextInputFramework.dll",
    "Product": "Microsoft® Windows® Operating System",
    "Hashes": "MD5=2200DDCAFFD79ADAFC33A0D9B52545C1,SHA256=91F6A6F8DB28712A87B3C1CD1DB414235871488EAE21C8914ACA3CD3380FF870",
    "ProcessGuid": "{A376A8F6-F294-5A9C-0000-001052E48503}",
    "SignatureStatus": "Valid",
    "Description": "\"TextInputFramework.DYNLINK\"",
    "Company": "Microsoft Corporation"
  }
}
{
  "@timestamp": "2018-03-05T07:32:40.000Z",
  "@metadata": {
    "beat": "winlogbeat",
    "type": "doc",
    "version": "6.2.2"
  },
  "task": "Image loaded (rule: ImageLoad)",
  "provider_guid": "{5770385F-C22A-43E0-BF4C-06F5698FFBD9}",
  "computer_name": "DESKTOP-WJANG",
  "process_id": 8608,
  "event_data": {
    "FileVersion": "10.0.16299.15 (WinBuild.160101.0800)",
    "Product": "Microsoft® Windows® Operating System",
    "Hashes": "MD5=D008ACFA8889659F7E62793B6BE31DE5,SHA256=2C599268599BDD4ABE788E77DE4185CD2845A72CE4F0CD64917B6D3672E5BA87",
    "SignatureStatus": "Valid",
    "UtcTime": "2018-03-05 07:32:39.999",
    "Image": "C:\\Program Files\\Mozilla Firefox\\firefox.exe",
    "Company": "Microsoft Corporation",
    "ProcessGuid": "{A376A8F6-F297-5A9C-0000-00104D2C8803}",
    "Signed": "true",
    "Signature": "Microsoft Windows",
    "ProcessId": "4624",
    "ImageLoaded": "C:\\Windows\\System32\\imagehlp.dll",
    "Description": "Windows NT Image Helper"
  },
  "thread_id": 19220,
  "user": {
    "identifier": "S-1-5-18",
    "name": "SYSTEM",
    "domain": "NT AUTHORITY",
    "type": "Well Known Group"
  },
  "version": 3,
  "message": "Image loaded:\nUtcTime: 2018-03-05 07:32:39.999\nProcessGuid: {A376A8F6-F297-5A9C-0000-00104D2C8803}\nProcessId: 4624\nImage: C:\\Program Files\\Mozilla Firefox\\firefox.exe\nImageLoaded: C:\\Windows\\System32\\imagehlp.dll\nFileVersion: 10.0.16299.15 (WinBuild.160101.0800)\nDescription: Windows NT Image Helper\nProduct: Microsoft® Windows® Operating System\nCompany: Microsoft Corporation\nHashes: MD5=D008ACFA8889659F7E62793B6BE31DE5,SHA256=2C599268599BDD4ABE788E77DE4185CD2845A72CE4F0CD64917B6D3672E5BA87\nSigned: true\nSignature: Microsoft Windows\nSignatureStatus: Valid",
  "level": "정보",
  "opcode": "정보",
  "beat": {
    "version": "6.2.2",
    "name": "DESKTOP-WJANG",
    "hostname": "DESKTOP-WJANG"
  },
  "source_name": "Microsoft-Windows-Sysmon",
  "type": "wineventlog",
  "log_name": "Microsoft-Windows-Sysmon/Operational",
  "record_number": "535",
  "event_id": 7
}
{
  "@timestamp": "2018-03-05T07:32:40.011Z",
  "@metadata": {
    "beat": "winlogbeat",
    "type": "doc",
    "version": "6.2.2"
  },
  "version": 3,
  "source_name": "Microsoft-Windows-Sysmon",
  "log_name": "Microsoft-Windows-Sysmon/Operational",
  "event_id": 7,
  "event_data": {
    "ProcessId": "17704",
    "ProcessGuid": "{A376A8F6-F294-5A9C-0000-001052E48503}",
    "Company": "Microsoft Corporation",
    "Signed": "true",
    "Description": "Microsoft CoreMessaging Dll",
    "SignatureStatus": "Valid",
    "FileVersion": "10.0.16299.15",
    "UtcTime": "2018-03-05 07:32:39.024",
    "Product": "Microsoft® Windows® Operating System",
    "ImageLoaded": "C:\\Windows\\System32\\CoreMessaging.dll",
    "Signature": "Microsoft Windows",
    "Image": "C:\\Program Files\\Mozilla Firefox\\firefox.exe",
    "Hashes": "MD5=CBA59790FE62C6896A7020DE0ADE2006,SHA256=DDBACEFB25D55E4AFB24E7BC58349C5D11E0EC66CD7D7C2FD5BA17BD8994DC7C"
  },
  "type": "wineventlog",
  "process_id": 8608,
  "message": "Image loaded:\nUtcTime: 2018-03-05 07:32:39.024\nProcessGuid: {A376A8F6-F294-5A9C-0000-001052E48503}\nProcessId: 17704\nImage: C:\\Program Files\\Mozilla Firefox\\firefox.exe\nImageLoaded: C:\\Windows\\System32\\CoreMessaging.dll\nFileVersion: 10.0.16299.15\nDescription: Microsoft CoreMessaging Dll\nProduct: Microsoft® Windows® Operating System\nCompany: Microsoft Corporation\nHashes: MD5=CBA59790FE62C6896A7020DE0ADE2006,SHA256=DDBACEFB25D55E4AFB24E7BC58349C5D11E0EC66CD7D7C2FD5BA17BD8994DC7C\nSigned: true\nSignature: Microsoft Windows\nSignatureStatus: Valid",
  "record_number": "536",
  "opcode": "정보",
  "thread_id": 23584,
  "task": "Image loaded (rule: ImageLoad)",
  "computer_name": "DESKTOP-WJANG",
  "beat": {
    "name": "DESKTOP-WJANG",
    "hostname": "DESKTOP-WJANG",
    "version": "6.2.2"
  },
  "provider_guid": "{5770385F-C22A-43E0-BF4C-06F5698FFBD9}",
  "user": {
    "name": "SYSTEM",
    "domain": "NT AUTHORITY",
    "type": "Well Known Group",
    "identifier": "S-1-5-18"
  },
  "level": "정보"
}
{
  "@timestamp": "2018-03-05T07:32:40.022Z",
  "@metadata": {
    "beat": "winlogbeat",
    "type": "doc",
    "version": "6.2.2"
  },
  "event_data": {
    "ProcessGuid": "{A376A8F6-F297-5A9C-0000-00104D2C8803}",
    "ProcessId": "4624",
    "Image": "C:\\Program Files\\Mozilla Firefox\\firefox.exe",
    "Product": "Microsoft® Windows® Operating System",
    "Company": "Microsoft Corporation",
    "Hashes": "MD5=7C8B55E36581C017F3C33DF92CB73723,SHA256=E77E5EEA628A919E8F236ABD9EAF28282E17058D68562C0AEED037E9894DAC67",
    "SignatureStatus": "Valid",
    "FileVersion": "10.0.16299.15 (WinBuild.160101.0800)",
    "Description": "Windows 암호화 기본 라이브러리",
    "UtcTime": "2018-03-05 07:32:40.022",
    "Signed": "true",
    "Signature": "Microsoft Windows",
    "ImageLoaded": "C:\\Windows\\System32\\bcrypt.dll"
  },
  "beat": {
    "version": "6.2.2",
    "name": "DESKTOP-WJANG",
    "hostname": "DESKTOP-WJANG"
  },
  "task": "Image loaded (rule: ImageLoad)",
  "process_id": 8608,
  "type": "wineventlog",
  "provider_guid": "{5770385F-C22A-43E0-BF4C-06F5698FFBD9}",
  "record_number": "537",
  "event_id": 7,
  "version": 3,
  "message": "Image loaded:\nUtcTime: 2018-03-05 07:32:40.022\nProcessGuid: {A376A8F6-F297-5A9C-0000-00104D2C8803}\nProcessId: 4624\nImage: C:\\Program Files\\Mozilla Firefox\\firefox.exe\nImageLoaded: C:\\Windows\\System32\\bcrypt.dll\nFileVersion: 10.0.16299.15 (WinBuild.160101.0800)\nDescription: Windows 암호화 기본 라이브러리\nProduct: Microsoft® Windows® Operating System\nCompany: Microsoft Corporation\nHashes: MD5=7C8B55E36581C017F3C33DF92CB73723,SHA256=E77E5EEA628A919E8F236ABD9EAF28282E17058D68562C0AEED037E9894DAC67\nSigned: true\nSignature: Microsoft Windows\nSignatureStatus: Valid",
  "user": {
    "type": "Well Known Group",
    "identifier": "S-1-5-18",
    "name": "SYSTEM",
    "domain": "NT AUTHORITY"
  },
  "opcode": "정보",
  "log_name": "Microsoft-Windows-Sysmon/Operational",
  "thread_id": 19220,
  "source_name": "Microsoft-Windows-Sysmon",
  "computer_name": "DESKTOP-WJANG",
  "level": "정보"
}
{
  "@timestamp": "2018-03-05T07:32:40.027Z",
  "@metadata": {
    "beat": "winlogbeat",
    "type": "doc",
    "version": "6.2.2"
  },
  "level": "정보",
  "event_id": 1,
  "opcode": "정보",
  "user": {
    "domain": "NT AUTHORITY",
    "type": "Well Known Group",
    "identifier": "S-1-5-18",
    "name": "SYSTEM"
  },
  "event_data": {
    "TerminalSessionId": "1",
    "UtcTime": "2018-03-05 07:32:40.021",
    "LogonGuid": "{A376A8F6-ECB5-5A9C-0000-00208AB21300}",
    "ParentProcessGuid": "{A376A8F6-F294-5A9C-0000-001052E48503}",
    "Product": "Firefox",
    "IntegrityLevel": "Low",
    "CommandLine": "\"C:\\Program Files\\Mozilla Firefox\\firefox.exe\" -contentproc --channel=\"17704.13.879210279\\830383187\" -childID 2 -isForBrowser -intPrefs 5:50|6:-1|28:1000|34:20|35:5|36:10|45:128|46:10000|51:0|53:400|54:1|55:0|56:0|61:0|62:120|63:120|99:2|100:1|115:5000|125:0|127:0|138:10000|150:-1|158:24|159:32768|161:0|162:0|170:2|174:1048576|175:100|176:5000|178:600|180:1|188:20|191:4|195:0|204:60000| -boolPrefs 1:0|2:0|4:0|26:1|27:1|30:0|33:1|37:1|38:0|39:0|40:0|43:1|44:1|47:0|48:0|49:0|50:0|52:0|57:1|58:1|59:0|60:1|64:1|65:1|66:0|67:1|68:1|69:0|70:1|73:0|74:0|77:1|78:1|82:1|83:1|84:0|85:0|86:0|88:0|89:0|90:1|91:1|92:1|95:1|96:0|98:0|101:1|102:0|109:0|114:0|117:1|120:1|122:1|126:0|129:1|132:1|133:1|139:1|140:0|141:1|143:0|149:0|151:1|152:0|153:1|156:0|157:0|160:1|163:0|165:1|167:1|168:0|177:1|182:0|183:0|184:0|185:1|186:0|187:0|189:1|190:1|193:0|196:0|197:0|198:1|199:1|200:0|201:1|202:1|203:1|205:0|206:0|208:0|217:1|218:1|219:0|220:0|221:0| -stringPrefs \"3:7;release|97:0;|142:3;1.0|154:332;  ¼½¾ǃː̷̸։֊׃״؉؊٪۔܁܂܃܄ᅟᅠ᜵           ​‎‏‐’․‧\u2028\u2029‪‫‬‭‮ ‹›⁁⁄⁒ ⅓⅔⅕⅖⅗⅘⅙⅚⅛⅜⅝⅞⅟∕∶⎮╱⧶⧸⫻⫽⿰⿱⿲⿳⿴⿵⿶⿷⿸⿹⿺⿻　。〔〕〳゠ㅤ㈝㈞㎮㎯㏆㏟꞉︔︕︿﹝﹞﻿．／｡ﾠ￹￺￻￼�|155:4;high|192:38;{0aa63d4b-0bc0-4754-bd4a-1e621ca9132f}|\" -schedulerPrefs 0001,2 -greomni \"C:\\Program Files\\Mozilla Firefox\\omni.ja\" -appomni \"C:\\Program Files\\Mozilla Firefox\\browser\\omni.ja\" -appdir \"C:\\Program Files\\Mozilla Firefox\\browser\"  17704 \"\\\\.\\pipe\\gecko-crash-server-pipe.17704\" tab",
    "ParentProcessId": "17704",
    "ProcessGuid": "{A376A8F6-F298-5A9C-0000-001071788803}",
    "ProcessId": "25364",
    "FileVersion": "58.0.2",
    "Hashes": "MD5=22819EB3C648583352AE83003E4C9A56,SHA256=4B69AE5B7D548EFC56FDBE2E650CE2B519AE0C9C928640023077B956C51A7138",
    "ParentImage": "C:\\Program Files\\Mozilla Firefox\\firefox.exe",
    "LogonId": "0x13b28a",
    "Image": "C:\\Program Files\\Mozilla Firefox\\firefox.exe",
    "Description": "Firefox",
    "Company": "Mozilla Corporation",
    "User": "DESKTOP-WJANG\\wook8170",
    "ParentCommandLine": "\"C:\\Program Files\\Mozilla Firefox\\firefox.exe\" ",
    "CurrentDirectory": "C:\\Program Files\\Mozilla Firefox\\"
  },
  "type": "wineventlog",
  "task": "Process Create (rule: ProcessCreate)",
  "thread_id": 19220,
  "process_id": 8608,
  "version": 5,
  "beat": {
    "name": "DESKTOP-WJANG",
    "hostname": "DESKTOP-WJANG",
    "version": "6.2.2"
  },
  "log_name": "Microsoft-Windows-Sysmon/Operational",
  "provider_guid": "{5770385F-C22A-43E0-BF4C-06F5698FFBD9}",
  "message": "Process Create:\nUtcTime: 2018-03-05 07:32:40.021\nProcessGuid: {A376A8F6-F298-5A9C-0000-001071788803}\nProcessId: 25364\nImage: C:\\Program Files\\Mozilla Firefox\\firefox.exe\nFileVersion: 58.0.2\nDescription: Firefox\nProduct: Firefox\nCompany: Mozilla Corporation\nCommandLine: \"C:\\Program Files\\Mozilla Firefox\\firefox.exe\" -contentproc --channel=\"17704.13.879210279\\830383187\" -childID 2 -isForBrowser -intPrefs 5:50|6:-1|28:1000|34:20|35:5|36:10|45:128|46:10000|51:0|53:400|54:1|55:0|56:0|61:0|62:120|63:120|99:2|100:1|115:5000|125:0|127:0|138:10000|150:-1|158:24|159:32768|161:0|162:0|170:2|174:1048576|175:100|176:5000|178:600|180:1|188:20|191:4|195:0|204:60000| -boolPrefs 1:0|2:0|4:0|26:1|27:1|30:0|33:1|37:1|38:0|39:0|40:0|43:1|44:1|47:0|48:0|49:0|50:0|52:0|57:1|58:1|59:0|60:1|64:1|65:1|66:0|67:1|68:1|69:0|70:1|73:0|74:0|77:1|78:1|82:1|83:1|84:0|85:0|86:0|88:0|89:0|90:1|91:1|92:1|95:1|96:0|98:0|101:1|102:0|109:0|114:0|117:1|120:1|122:1|126:0|129:1|132:1|133:1|139:1|140:0|141:1|143:0|149:0|151:1|152:0|153:1|156:0|157:0|160:1|163:0|165:1|167:1|168:0|177:1|182:0|183:0|184:0|185:1|186:0|187:0|189:1|190:1|193:0|196:0|197:0|198:1|199:1|200:0|201:1|202:1|203:1|205:0|206:0|208:0|217:1|218:1|219:0|220:0|221:0| -stringPrefs \"3:7;release|97:0;|142:3;1.0|154:332;  ¼½¾ǃː̷̸։֊׃״؉؊٪۔܁܂܃܄ᅟᅠ᜵           ​‎‏‐’․‧\u2028\u2029‪‫‬‭‮ ‹›⁁⁄⁒ ⅓⅔⅕⅖⅗⅘⅙⅚⅛⅜⅝⅞⅟∕∶⎮╱⧶⧸⫻⫽⿰⿱⿲⿳⿴⿵⿶⿷⿸⿹⿺⿻　。〔〕〳゠ㅤ㈝㈞㎮㎯㏆㏟꞉︔︕︿﹝﹞﻿．／｡ﾠ￹￺￻￼�|155:4;high|192:38;{0aa63d4b-0bc0-4754-bd4a-1e621ca9132f}|\" -schedulerPrefs 0001,2 -greomni \"C:\\Program Files\\Mozilla Firefox\\omni.ja\" -appomni \"C:\\Program Files\\Mozilla Firefox\\browser\\omni.ja\" -appdir \"C:\\Program Files\\Mozilla Firefox\\browser\"  17704 \"\\\\.\\pipe\\gecko-crash-server-pipe.17704\" tab\nCurrentDirectory: C:\\Program Files\\Mozilla Firefox\\\nUser: DESKTOP-WJANG\\wook8170\nLogonGuid: {A376A8F6-ECB5-5A9C-0000-00208AB21300}\nLogonId: 0x13B28A\nTerminalSessionId: 1\nIntegrityLevel: Low\nHashes: MD5=22819EB3C648583352AE83003E4C9A56,SHA256=4B69AE5B7D548EFC56FDBE2E650CE2B519AE0C9C928640023077B956C51A7138\nParentProcessGuid: {A376A8F6-F294-5A9C-0000-001052E48503}\nParentProcessId: 17704\nParentImage: C:\\Program Files\\Mozilla Firefox\\firefox.exe\nParentCommandLine: \"C:\\Program Files\\Mozilla Firefox\\firefox.exe\" ",
  "source_name": "Microsoft-Windows-Sysmon",
  "computer_name": "DESKTOP-WJANG",
  "record_number": "538"
}
{
  "@timestamp": "2018-03-05T07:32:40.029Z",
  "@metadata": {
    "beat": "winlogbeat",
    "type": "doc",
    "version": "6.2.2"
  },
  "opcode": "정보",
  "provider_guid": "{5770385F-C22A-43E0-BF4C-06F5698FFBD9}",
  "beat": {
    "version": "6.2.2",
    "name": "DESKTOP-WJANG",
    "hostname": "DESKTOP-WJANG"
  },
  "level": "정보",
  "record_number": "539",
  "computer_name": "DESKTOP-WJANG",
  "event_data": {
    "FileVersion": "58.0.2",
    "Signature": "Mozilla Corporation",
    "Company": "Mozilla Corporation",
    "ProcessId": "25364",
    "Product": "Firefox",
    "Description": "Firefox",
    "ImageLoaded": "C:\\Program Files\\Mozilla Firefox\\firefox.exe",
    "Signed": "true",
    "Image": "C:\\Program Files\\Mozilla Firefox\\firefox.exe",
    "SignatureStatus": "Valid",
    "ProcessGuid": "{A376A8F6-F298-5A9C-0000-001071788803}",
    "Hashes": "MD5=22819EB3C648583352AE83003E4C9A56,SHA256=4B69AE5B7D548EFC56FDBE2E650CE2B519AE0C9C928640023077B956C51A7138",
    "UtcTime": "2018-03-05 07:32:40.028"
  },
  "event_id": 7,
  "task": "Image loaded (rule: ImageLoad)",
  "process_id": 8608,
  "type": "wineventlog",
  "source_name": "Microsoft-Windows-Sysmon",
  "user": {
    "identifier": "S-1-5-18",
    "name": "SYSTEM",
    "domain": "NT AUTHORITY",
    "type": "Well Known Group"
  },
  "log_name": "Microsoft-Windows-Sysmon/Operational",
  "message": "Image loaded:\nUtcTime: 2018-03-05 07:32:40.028\nProcessGuid: {A376A8F6-F298-5A9C-0000-001071788803}\nProcessId: 25364\nImage: C:\\Program Files\\Mozilla Firefox\\firefox.exe\nImageLoaded: C:\\Program Files\\Mozilla Firefox\\firefox.exe\nFileVersion: 58.0.2\nDescription: Firefox\nProduct: Firefox\nCompany: Mozilla Corporation\nHashes: MD5=22819EB3C648583352AE83003E4C9A56,SHA256=4B69AE5B7D548EFC56FDBE2E650CE2B519AE0C9C928640023077B956C51A7138\nSigned: true\nSignature: Mozilla Corporation\nSignatureStatus: Valid",
  "version": 3,
  "thread_id": 19220
}
{
  "@timestamp": "2018-03-05T07:32:40.030Z",
  "@metadata": {
    "beat": "winlogbeat",
    "type": "doc",
    "version": "6.2.2"
  },
  "level": "정보",
  "event_id": 7,
  "log_name": "Microsoft-Windows-Sysmon/Operational",
  "version": 3,
  "beat": {
    "name": "DESKTOP-WJANG",
    "hostname": "DESKTOP-WJANG",
    "version": "6.2.2"
  },
  "source_name": "Microsoft-Windows-Sysmon",
  "record_number": "540",
  "type": "wineventlog",
  "thread_id": 19220,
  "opcode": "정보",
  "message": "Image loaded:\nUtcTime: 2018-03-05 07:32:40.028\nProcessGuid: {A376A8F6-F298-5A9C-0000-001071788803}\nProcessId: 25364\nImage: C:\\Program Files\\Mozilla Firefox\\firefox.exe\nImageLoaded: C:\\Windows\\System32\\ntdll.dll\nFileVersion: 10.0.16299.15 (WinBuild.160101.0800)\nDescription: NT 계층 DLL\nProduct: Microsoft® Windows® Operating System\nCompany: Microsoft Corporation\nHashes: MD5=0123B11176C4EB9BF6B94C42B504D9AE,SHA256=F5FE851A614D0C4C8B271706B02FA6189363CE514D84EA2DDECEF8E0F81B1E2A\nSigned: true\nSignature: Microsoft Windows\nSignatureStatus: Valid",
  "event_data": {
    "Company": "Microsoft Corporation",
    "ProcessGuid": "{A376A8F6-F298-5A9C-0000-001071788803}",
    "ImageLoaded": "C:\\Windows\\System32\\ntdll.dll",
    "FileVersion": "10.0.16299.15 (WinBuild.160101.0800)",
    "Hashes": "MD5=0123B11176C4EB9BF6B94C42B504D9AE,SHA256=F5FE851A614D0C4C8B271706B02FA6189363CE514D84EA2DDECEF8E0F81B1E2A",
    "Signed": "true",
    "Signature": "Microsoft Windows",
    "Image": "C:\\Program Files\\Mozilla Firefox\\firefox.exe",
    "UtcTime": "2018-03-05 07:32:40.028",
    "Description": "NT 계층 DLL",
    "Product": "Microsoft® Windows® Operating System",
    "SignatureStatus": "Valid",
    "ProcessId": "25364"
  },
  "computer_name": "DESKTOP-WJANG",
  "provider_guid": "{5770385F-C22A-43E0-BF4C-06F5698FFBD9}",
  "task": "Image loaded (rule: ImageLoad)",
  "user": {
    "identifier": "S-1-5-18",
    "name": "SYSTEM",
    "domain": "NT AUTHORITY",
    "type": "Well Known Group"
  },
  "process_id": 8608
}
{
  "@timestamp": "2018-03-05T07:32:40.031Z",
  "@metadata": {
    "beat": "winlogbeat",
    "type": "doc",
    "version": "6.2.2"
  },
  "message": "Image loaded:\nUtcTime: 2018-03-05 07:32:40.029\nProcessGuid: {A376A8F6-F298-5A9C-0000-001071788803}\nProcessId: 25364\nImage: C:\\Program Files\\Mozilla Firefox\\firefox.exe\nImageLoaded: C:\\Windows\\System32\\kernel32.dll\nFileVersion: 10.0.16299.15 (WinBuild.160101.0800)\nDescription: Windows NT 기반 API 클라이언트 DLL\nProduct: Microsoft® Windows® Operating System\nCompany: Microsoft Corporation\nHashes: MD5=222A8E8EA615529B5025DE5782830AF1,SHA256=7C76BB7AEC3C51164A49041E8A710C3C291BA1D30BAE07D126434A52A80D99E1\nSigned: true\nSignature: Microsoft Windows\nSignatureStatus: Valid",
  "thread_id": 19220,
  "type": "wineventlog",
  "computer_name": "DESKTOP-WJANG",
  "record_number": "541",
  "opcode": "정보",
  "event_id": 7,
  "process_id": 8608,
  "source_name": "Microsoft-Windows-Sysmon",
  "task": "Image loaded (rule: ImageLoad)",
  "log_name": "Microsoft-Windows-Sysmon/Operational",
  "beat": {
    "version": "6.2.2",
    "name": "DESKTOP-WJANG",
    "hostname": "DESKTOP-WJANG"
  },
  "provider_guid": "{5770385F-C22A-43E0-BF4C-06F5698FFBD9}",
  "level": "정보",
  "user": {
    "name": "SYSTEM",
    "domain": "NT AUTHORITY",
    "type": "Well Known Group",
    "identifier": "S-1-5-18"
  },
  "version": 3,
  "event_data": {
    "ProcessGuid": "{A376A8F6-F298-5A9C-0000-001071788803}",
    "Description": "Windows NT 기반 API 클라이언트 DLL",
    "FileVersion": "10.0.16299.15 (WinBuild.160101.0800)",
    "Signed": "true",
    "Image": "C:\\Program Files\\Mozilla Firefox\\firefox.exe",
    "UtcTime": "2018-03-05 07:32:40.029",
    "ImageLoaded": "C:\\Windows\\System32\\kernel32.dll",
    "Signature": "Microsoft Windows",
    "Hashes": "MD5=222A8E8EA615529B5025DE5782830AF1,SHA256=7C76BB7AEC3C51164A49041E8A710C3C291BA1D30BAE07D126434A52A80D99E1",
    "ProcessId": "25364",
    "SignatureStatus": "Valid",
    "Product": "Microsoft® Windows® Operating System",
    "Company": "Microsoft Corporation"
  }
}
{
  "@timestamp": "2018-03-05T07:32:40.031Z",
  "@metadata": {
    "beat": "winlogbeat",
    "type": "doc",
    "version": "6.2.2"
  },
  "event_id": 7,
  "type": "wineventlog",
  "record_number": "542",
  "provider_guid": "{5770385F-C22A-43E0-BF4C-06F5698FFBD9}",
  "opcode": "정보",
  "message": "Image loaded:\nUtcTime: 2018-03-05 07:32:40.030\nProcessGuid: {A376A8F6-F298-5A9C-0000-001071788803}\nProcessId: 25364\nImage: C:\\Program Files\\Mozilla Firefox\\firefox.exe\nImageLoaded: C:\\Windows\\System32\\KernelBase.dll\nFileVersion: 10.0.16299.15 (WinBuild.160101.0800)\nDescription: Windows NT 기반 API 클라이언트 DLL\nProduct: Microsoft® Windows® Operating System\nCompany: Microsoft Corporation\nHashes: MD5=F84667DE25BAB29D81983AE474D3BB46,SHA256=E926769D1D2B0B49FBBEEBCB73225217426573AE8CA79C2A9A234F315FE9A61E\nSigned: true\nSignature: Microsoft Windows\nSignatureStatus: Valid",
  "computer_name": "DESKTOP-WJANG",
  "level": "정보",
  "thread_id": 19220,
  "source_name": "Microsoft-Windows-Sysmon",
  "process_id": 8608,
  "version": 3,
  "user": {
    "identifier": "S-1-5-18",
    "name": "SYSTEM",
    "domain": "NT AUTHORITY",
    "type": "Well Known Group"
  },
  "log_name": "Microsoft-Windows-Sysmon/Operational",
  "event_data": {
    "ImageLoaded": "C:\\Windows\\System32\\KernelBase.dll",
    "Product": "Microsoft® Windows® Operating System",
    "ProcessGuid": "{A376A8F6-F298-5A9C-0000-001071788803}",
    "Company": "Microsoft Corporation",
    "SignatureStatus": "Valid",
    "Hashes": "MD5=F84667DE25BAB29D81983AE474D3BB46,SHA256=E926769D1D2B0B49FBBEEBCB73225217426573AE8CA79C2A9A234F315FE9A61E",
    "ProcessId": "25364",
    "UtcTime": "2018-03-05 07:32:40.030",
    "Signature": "Microsoft Windows",
    "Description": "Windows NT 기반 API 클라이언트 DLL",
    "Image": "C:\\Program Files\\Mozilla Firefox\\firefox.exe",
    "FileVersion": "10.0.16299.15 (WinBuild.160101.0800)",
    "Signed": "true"
  },
  "task": "Image loaded (rule: ImageLoad)",
  "beat": {
    "name": "DESKTOP-WJANG",
    "hostname": "DESKTOP-WJANG",
    "version": "6.2.2"
  }
}
{
  "@timestamp": "2018-03-05T07:32:40.033Z",
  "@metadata": {
    "beat": "winlogbeat",
    "type": "doc",
    "version": "6.2.2"
  },
  "event_data": {
    "ImageLoaded": "C:\\Windows\\System32\\advapi32.dll",
    "ProcessId": "25364",
    "Description": "고급 Windows 32 기반 API",
    "Company": "Microsoft Corporation",
    "SignatureStatus": "Valid",
    "UtcTime": "2018-03-05 07:32:40.031",
    "Image": "C:\\Program Files\\Mozilla Firefox\\firefox.exe",
    "Signature": "Microsoft Windows",
    "FileVersion": "10.0.16299.15 (WinBuild.160101.0800)",
    "Signed": "true",
    "ProcessGuid": "{A376A8F6-F298-5A9C-0000-001071788803}",
    "Product": "Microsoft® Windows® Operating System",
    "Hashes": "MD5=D751E248BBCFC3BC6CC5AA93516C690A,SHA256=63AD0144F5CA5948719103744CF8C932B53CD19A72650869EA4A943B51B41DC7"
  },
  "computer_name": "DESKTOP-WJANG",
  "task": "Image loaded (rule: ImageLoad)",
  "record_number": "543",
  "event_id": 7,
  "provider_guid": "{5770385F-C22A-43E0-BF4C-06F5698FFBD9}",
  "opcode": "정보",
  "version": 3,
  "message": "Image loaded:\nUtcTime: 2018-03-05 07:32:40.031\nProcessGuid: {A376A8F6-F298-5A9C-0000-001071788803}\nProcessId: 25364\nImage: C:\\Program Files\\Mozilla Firefox\\firefox.exe\nImageLoaded: C:\\Windows\\System32\\advapi32.dll\nFileVersion: 10.0.16299.15 (WinBuild.160101.0800)\nDescription: 고급 Windows 32 기반 API\nProduct: Microsoft® Windows® Operating System\nCompany: Microsoft Corporation\nHashes: MD5=D751E248BBCFC3BC6CC5AA93516C690A,SHA256=63AD0144F5CA5948719103744CF8C932B53CD19A72650869EA4A943B51B41DC7\nSigned: true\nSignature: Microsoft Windows\nSignatureStatus: Valid",
  "process_id": 8608,
  "user": {
    "identifier": "S-1-5-18",
    "name": "SYSTEM",
    "domain": "NT AUTHORITY",
    "type": "Well Known Group"
  },
  "thread_id": 19220,
  "source_name": "Microsoft-Windows-Sysmon",
  "level": "정보",
  "type": "wineventlog",
  "log_name": "Microsoft-Windows-Sysmon/Operational",
  "beat": {
    "name": "DESKTOP-WJANG",
    "hostname": "DESKTOP-WJANG",
    "version": "6.2.2"
  }
}
{
  "@timestamp": "2018-03-05T07:32:40.033Z",
  "@metadata": {
    "beat": "winlogbeat",
    "type": "doc",
    "version": "6.2.2"
  },
  "thread_id": 19220,
  "beat": {
    "name": "DESKTOP-WJANG",
    "hostname": "DESKTOP-WJANG",
    "version": "6.2.2"
  },
  "event_id": 7,
  "opcode": "정보",
  "event_data": {
    "Image": "C:\\Program Files\\Mozilla Firefox\\firefox.exe",
    "Description": "Windows NT CRT DLL",
    "ProcessGuid": "{A376A8F6-F298-5A9C-0000-001071788803}",
    "ProcessId": "25364",
    "Product": "Microsoft® Windows® Operating System",
    "Signed": "true",
    "SignatureStatus": "Valid",
    "UtcTime": "2018-03-05 07:32:40.032",
    "Signature": "Microsoft Windows",
    "ImageLoaded": "C:\\Windows\\System32\\msvcrt.dll",
    "Hashes": "MD5=68195105C7D9A2B5DF5BB82ECA521092,SHA256=556FF2B03495E2117223E5697B54253F30BD10ED3C67468947D79945168A624A",
    "FileVersion": "7.0.16299.125 (WinBuild.160101.0800)",
    "Company": "Microsoft Corporation"
  },
  "computer_name": "DESKTOP-WJANG",
  "version": 3,
  "process_id": 8608,
  "source_name": "Microsoft-Windows-Sysmon",
  "user": {
    "type": "Well Known Group",
    "identifier": "S-1-5-18",
    "name": "SYSTEM",
    "domain": "NT AUTHORITY"
  },
  "log_name": "Microsoft-Windows-Sysmon/Operational",
  "type": "wineventlog",
  "record_number": "544",
  "provider_guid": "{5770385F-C22A-43E0-BF4C-06F5698FFBD9}",
  "level": "정보",
  "message": "Image loaded:\nUtcTime: 2018-03-05 07:32:40.032\nProcessGuid: {A376A8F6-F298-5A9C-0000-001071788803}\nProcessId: 25364\nImage: C:\\Program Files\\Mozilla Firefox\\firefox.exe\nImageLoaded: C:\\Windows\\System32\\msvcrt.dll\nFileVersion: 7.0.16299.125 (WinBuild.160101.0800)\nDescription: Windows NT CRT DLL\nProduct: Microsoft® Windows® Operating System\nCompany: Microsoft Corporation\nHashes: MD5=68195105C7D9A2B5DF5BB82ECA521092,SHA256=556FF2B03495E2117223E5697B54253F30BD10ED3C67468947D79945168A624A\nSigned: true\nSignature: Microsoft Windows\nSignatureStatus: Valid",
  "task": "Image loaded (rule: ImageLoad)"
}
{
  "@timestamp": "2018-03-05T07:32:40.034Z",
  "@metadata": {
    "beat": "winlogbeat",
    "type": "doc",
    "version": "6.2.2"
  },
  "user": {
    "identifier": "S-1-5-18",
    "name": "SYSTEM",
    "domain": "NT AUTHORITY",
    "type": "Well Known Group"
  },
  "record_number": "545",
  "beat": {
    "name": "DESKTOP-WJANG",
    "hostname": "DESKTOP-WJANG",
    "version": "6.2.2"
  },
  "thread_id": 19220,
  "provider_guid": "{5770385F-C22A-43E0-BF4C-06F5698FFBD9}",
  "event_data": {
    "UtcTime": "2018-03-05 07:32:40.032",
    "ProcessGuid": "{A376A8F6-F298-5A9C-0000-001071788803}",
    "ProcessId": "25364",
    "Signed": "true",
    "Description": "Host for SCM/SDDL/LSA Lookup APIs",
    "Signature": "Microsoft Windows",
    "ImageLoaded": "C:\\Windows\\System32\\sechost.dll",
    "FileVersion": "10.0.16299.15 (WinBuild.160101.0800)",
    "Hashes": "MD5=D5070901E3017686755415B71332991A,SHA256=1342D275E058BA07524550BEACC7760E5CDDC0B3A32659F4C65346D3BE6515E3",
    "Company": "Microsoft Corporation",
    "Image": "C:\\Program Files\\Mozilla Firefox\\firefox.exe",
    "Product": "Microsoft® Windows® Operating System",
    "SignatureStatus": "Valid"
  },
  "opcode": "정보",
  "source_name": "Microsoft-Windows-Sysmon",
  "computer_name": "DESKTOP-WJANG",
  "process_id": 8608,
  "log_name": "Microsoft-Windows-Sysmon/Operational",
  "message": "Image loaded:\nUtcTime: 2018-03-05 07:32:40.032\nProcessGuid: {A376A8F6-F298-5A9C-0000-001071788803}\nProcessId: 25364\nImage: C:\\Program Files\\Mozilla Firefox\\firefox.exe\nImageLoaded: C:\\Windows\\System32\\sechost.dll\nFileVersion: 10.0.16299.15 (WinBuild.160101.0800)\nDescription: Host for SCM/SDDL/LSA Lookup APIs\nProduct: Microsoft® Windows® Operating System\nCompany: Microsoft Corporation\nHashes: MD5=D5070901E3017686755415B71332991A,SHA256=1342D275E058BA07524550BEACC7760E5CDDC0B3A32659F4C65346D3BE6515E3\nSigned: true\nSignature: Microsoft Windows\nSignatureStatus: Valid",
  "type": "wineventlog",
  "level": "정보",
  "event_id": 7,
  "version": 3,
  "task": "Image loaded (rule: ImageLoad)"
}
{
  "@timestamp": "2018-03-05T07:32:40.034Z",
  "@metadata": {
    "beat": "winlogbeat",
    "type": "doc",
    "version": "6.2.2"
  },
  "beat": {
    "version": "6.2.2",
    "name": "DESKTOP-WJANG",
    "hostname": "DESKTOP-WJANG"
  },
  "source_name": "Microsoft-Windows-Sysmon",
  "event_id": 7,
  "process_id": 8608,
  "level": "정보",
  "version": 3,
  "user": {
    "identifier": "S-1-5-18",
    "name": "SYSTEM",
    "domain": "NT AUTHORITY",
    "type": "Well Known Group"
  },
  "provider_guid": "{5770385F-C22A-43E0-BF4C-06F5698FFBD9}",
  "event_data": {
    "Signed": "true",
    "SignatureStatus": "Valid",
    "Hashes": "MD5=79554274DA5BAACA1CFE78F9F5478AF4,SHA256=32511D9B73CA53EE382AC4E727100885F562A1B0F1F4AD117ACEB506F887187C",
    "Company": "Microsoft Corporation",
    "Signature": "Microsoft Windows",
    "Product": "Microsoft® Windows® Operating System",
    "Image": "C:\\Program Files\\Mozilla Firefox\\firefox.exe",
    "ImageLoaded": "C:\\Windows\\System32\\rpcrt4.dll",
    "UtcTime": "2018-03-05 07:32:40.033",
    "Description": "원격 프로시저 호출 런타임",
    "FileVersion": "10.0.16299.15 (WinBuild.160101.0800)",
    "ProcessId": "25364",
    "ProcessGuid": "{A376A8F6-F298-5A9C-0000-001071788803}"
  },
  "task": "Image loaded (rule: ImageLoad)",
  "log_name": "Microsoft-Windows-Sysmon/Operational",
  "opcode": "정보",
  "thread_id": 19220,
  "type": "wineventlog",
  "computer_name": "DESKTOP-WJANG",
  "record_number": "546",
  "message": "Image loaded:\nUtcTime: 2018-03-05 07:32:40.033\nProcessGuid: {A376A8F6-F298-5A9C-0000-001071788803}\nProcessId: 25364\nImage: C:\\Program Files\\Mozilla Firefox\\firefox.exe\nImageLoaded: C:\\Windows\\System32\\rpcrt4.dll\nFileVersion: 10.0.16299.15 (WinBuild.160101.0800)\nDescription: 원격 프로시저 호출 런타임\nProduct: Microsoft® Windows® Operating System\nCompany: Microsoft Corporation\nHashes: MD5=79554274DA5BAACA1CFE78F9F5478AF4,SHA256=32511D9B73CA53EE382AC4E727100885F562A1B0F1F4AD117ACEB506F887187C\nSigned: true\nSignature: Microsoft Windows\nSignatureStatus: Valid"
}
{
  "@timestamp": "2018-03-05T07:32:40.035Z",
  "@metadata": {
    "beat": "winlogbeat",
    "type": "doc",
    "version": "6.2.2"
  },
  "level": "정보",
  "process_id": 8608,
  "record_number": "547",
  "log_name": "Microsoft-Windows-Sysmon/Operational",
  "type": "wineventlog",
  "beat": {
    "name": "DESKTOP-WJANG",
    "hostname": "DESKTOP-WJANG",
    "version": "6.2.2"
  },
  "event_data": {
    "ImageLoaded": "C:\\Windows\\System32\\ucrtbase.dll",
    "Image": "C:\\Program Files\\Mozilla Firefox\\firefox.exe",
    "Company": "Microsoft Corporation",
    "UtcTime": "2018-03-05 07:32:40.033",
    "FileVersion": "10.0.16299.248 (WinBuild.160101.0800)",
    "Signature": "Microsoft Windows",
    "ProcessGuid": "{A376A8F6-F298-5A9C-0000-001071788803}",
    "Description": "Microsoft® C Runtime Library",
    "Product": "Microsoft® Windows® Operating System",
    "Signed": "true",
    "ProcessId": "25364",
    "SignatureStatus": "Valid",
    "Hashes": "MD5=FD2A8FB7B87833ED97F705BC1232B079,SHA256=DEC6E1AC23FC57548D36498A20E4A93E765657B9EBF2375BE1526AD07313FA56"
  },
  "message": "Image loaded:\nUtcTime: 2018-03-05 07:32:40.033\nProcessGuid: {A376A8F6-F298-5A9C-0000-001071788803}\nProcessId: 25364\nImage: C:\\Program Files\\Mozilla Firefox\\firefox.exe\nImageLoaded: C:\\Windows\\System32\\ucrtbase.dll\nFileVersion: 10.0.16299.248 (WinBuild.160101.0800)\nDescription: Microsoft® C Runtime Library\nProduct: Microsoft® Windows® Operating System\nCompany: Microsoft Corporation\nHashes: MD5=FD2A8FB7B87833ED97F705BC1232B079,SHA256=DEC6E1AC23FC57548D36498A20E4A93E765657B9EBF2375BE1526AD07313FA56\nSigned: true\nSignature: Microsoft Windows\nSignatureStatus: Valid",
  "thread_id": 19220,
  "user": {
    "identifier": "S-1-5-18",
    "name": "SYSTEM",
    "domain": "NT AUTHORITY",
    "type": "Well Known Group"
  },
  "source_name": "Microsoft-Windows-Sysmon",
  "opcode": "정보",
  "provider_guid": "{5770385F-C22A-43E0-BF4C-06F5698FFBD9}",
  "task": "Image loaded (rule: ImageLoad)",
  "computer_name": "DESKTOP-WJANG",
  "event_id": 7,
  "version": 3
}
{
  "@timestamp": "2018-03-05T07:32:40.035Z",
  "@metadata": {
    "beat": "winlogbeat",
    "type": "doc",
    "version": "6.2.2"
  },
  "event_id": 7,
  "thread_id": 19220,
  "log_name": "Microsoft-Windows-Sysmon/Operational",
  "user": {
    "identifier": "S-1-5-18",
    "name": "SYSTEM",
    "domain": "NT AUTHORITY",
    "type": "Well Known Group"
  },
  "beat": {
    "name": "DESKTOP-WJANG",
    "hostname": "DESKTOP-WJANG",
    "version": "6.2.2"
  },
  "type": "wineventlog",
  "record_number": "548",
  "opcode": "정보",
  "process_id": 8608,
  "version": 3,
  "provider_guid": "{5770385F-C22A-43E0-BF4C-06F5698FFBD9}",
  "event_data": {
    "Image": "C:\\Program Files\\Mozilla Firefox\\firefox.exe",
    "Product": "Firefox",
    "SignatureStatus": "Valid",
    "FileVersion": "58.0.2",
    "Hashes": "MD5=C79C23B8167791C7754EA395E4F91169,SHA256=98625FC6BDBF0440DD92C4545D63F35394EDBBD2BF7CAB749C8B060BDCA56434",
    "ProcessGuid": "{A376A8F6-F298-5A9C-0000-001071788803}",
    "Signature": "Mozilla Corporation",
    "UtcTime": "2018-03-05 07:32:40.034",
    "ImageLoaded": "C:\\Program Files\\Mozilla Firefox\\mozglue.dll",
    "Signed": "true",
    "ProcessId": "25364",
    "Company": "Mozilla Foundation"
  },
  "computer_name": "DESKTOP-WJANG",
  "source_name": "Microsoft-Windows-Sysmon",
  "task": "Image loaded (rule: ImageLoad)",
  "level": "정보",
  "message": "Image loaded:\nUtcTime: 2018-03-05 07:32:40.034\nProcessGuid: {A376A8F6-F298-5A9C-0000-001071788803}\nProcessId: 25364\nImage: C:\\Program Files\\Mozilla Firefox\\firefox.exe\nImageLoaded: C:\\Program Files\\Mozilla Firefox\\mozglue.dll\nFileVersion: 58.0.2\nDescription: \nProduct: Firefox\nCompany: Mozilla Foundation\nHashes: MD5=C79C23B8167791C7754EA395E4F91169,SHA256=98625FC6BDBF0440DD92C4545D63F35394EDBBD2BF7CAB749C8B060BDCA56434\nSigned: true\nSignature: Mozilla Corporation\nSignatureStatus: Valid"
}
{
  "@timestamp": "2018-03-05T07:32:40.037Z",
  "@metadata": {
    "beat": "winlogbeat",
    "type": "doc",
    "version": "6.2.2"
  },
  "user": {
    "identifier": "S-1-5-18",
    "name": "SYSTEM",
    "domain": "NT AUTHORITY",
    "type": "Well Known Group"
  },
  "opcode": "정보",
  "event_id": 7,
  "log_name": "Microsoft-Windows-Sysmon/Operational",
  "type": "wineventlog",
  "process_id": 8608,
  "beat": {
    "name": "DESKTOP-WJANG",
    "hostname": "DESKTOP-WJANG",
    "version": "6.2.2"
  },
  "version": 3,
  "event_data": {
    "ProcessId": "25364",
    "Signature": "Microsoft Corporation",
    "Description": "Microsoft® C Runtime Library",
    "Hashes": "MD5=D396985225D85CAA7D743D67C7DA6316,SHA256=BE2EF4F6D540D0AC5FDDD556DCB6BFAF6CB6288679E4D64882D625FF35F173AA",
    "SignatureStatus": "Valid",
    "Product": "Microsoft® Visual Studio® 2017",
    "Image": "C:\\Program Files\\Mozilla Firefox\\firefox.exe",
    "UtcTime": "2018-03-05 07:32:40.035",
    "Company": "Microsoft Corporation",
    "ProcessGuid": "{A376A8F6-F298-5A9C-0000-001071788803}",
    "ImageLoaded": "C:\\Program Files\\Mozilla Firefox\\msvcp140.dll",
    "FileVersion": "14.11.25325.0 built by: VCTOOLSREL",
    "Signed": "true"
  },
  "task": "Image loaded (rule: ImageLoad)",
  "message": "Image loaded:\nUtcTime: 2018-03-05 07:32:40.035\nProcessGuid: {A376A8F6-F298-5A9C-0000-001071788803}\nProcessId: 25364\nImage: C:\\Program Files\\Mozilla Firefox\\firefox.exe\nImageLoaded: C:\\Program Files\\Mozilla Firefox\\msvcp140.dll\nFileVersion: 14.11.25325.0 built by: VCTOOLSREL\nDescription: Microsoft® C Runtime Library\nProduct: Microsoft® Visual Studio® 2017\nCompany: Microsoft Corporation\nHashes: MD5=D396985225D85CAA7D743D67C7DA6316,SHA256=BE2EF4F6D540D0AC5FDDD556DCB6BFAF6CB6288679E4D64882D625FF35F173AA\nSigned: true\nSignature: Microsoft Corporation\nSignatureStatus: Valid",
  "record_number": "549",
  "level": "정보",
  "computer_name": "DESKTOP-WJANG",
  "thread_id": 19220,
  "source_name": "Microsoft-Windows-Sysmon",
  "provider_guid": "{5770385F-C22A-43E0-BF4C-06F5698FFBD9}"
}
{
  "@timestamp": "2018-03-05T07:32:40.039Z",
  "@metadata": {
    "beat": "winlogbeat",
    "type": "doc",
    "version": "6.2.2"
  },
  "log_name": "Microsoft-Windows-Sysmon/Operational",
  "level": "정보",
  "record_number": "550",
  "task": "Image loaded (rule: ImageLoad)",
  "process_id": 8608,
  "provider_guid": "{5770385F-C22A-43E0-BF4C-06F5698FFBD9}",
  "beat": {
    "version": "6.2.2",
    "name": "DESKTOP-WJANG",
    "hostname": "DESKTOP-WJANG"
  },
  "user": {
    "domain": "NT AUTHORITY",
    "type": "Well Known Group",
    "identifier": "S-1-5-18",
    "name": "SYSTEM"
  },
  "event_id": 7,
  "message": "Image loaded:\nUtcTime: 2018-03-05 07:32:40.036\nProcessGuid: {A376A8F6-F298-5A9C-0000-001071788803}\nProcessId: 25364\nImage: C:\\Program Files\\Mozilla Firefox\\firefox.exe\nImageLoaded: C:\\Program Files\\Mozilla Firefox\\vcruntime140.dll\nFileVersion: 14.11.25325.0 built by: VCTOOLSREL\nDescription: Microsoft® C Runtime Library\nProduct: Microsoft® Visual Studio® 2017\nCompany: Microsoft Corporation\nHashes: MD5=9A53905892D9C9F3BF9D295C8B32E446,SHA256=D58E3FF10FD96A22A8E6D2FD76146A282CC45CCFAF2301257E76E7C2771CBD41\nSigned: true\nSignature: Microsoft Corporation\nSignatureStatus: Valid",
  "source_name": "Microsoft-Windows-Sysmon",
  "thread_id": 19220,
  "version": 3,
  "event_data": {
    "ImageLoaded": "C:\\Program Files\\Mozilla Firefox\\vcruntime140.dll",
    "ProcessId": "25364",
    "Signed": "true",
    "SignatureStatus": "Valid",
    "Hashes": "MD5=9A53905892D9C9F3BF9D295C8B32E446,SHA256=D58E3FF10FD96A22A8E6D2FD76146A282CC45CCFAF2301257E76E7C2771CBD41",
    "Signature": "Microsoft Corporation",
    "UtcTime": "2018-03-05 07:32:40.036",
    "Image": "C:\\Program Files\\Mozilla Firefox\\firefox.exe",
    "Description": "Microsoft® C Runtime Library",
    "ProcessGuid": "{A376A8F6-F298-5A9C-0000-001071788803}",
    "Company": "Microsoft Corporation",
    "Product": "Microsoft® Visual Studio® 2017",
    "FileVersion": "14.11.25325.0 built by: VCTOOLSREL"
  },
  "opcode": "정보",
  "computer_name": "DESKTOP-WJANG",
  "type": "wineventlog"
}
{
  "@timestamp": "2018-03-05T07:32:40.041Z",
  "@metadata": {
    "beat": "winlogbeat",
    "type": "doc",
    "version": "6.2.2"
  },
  "type": "wineventlog",
  "event_id": 7,
  "log_name": "Microsoft-Windows-Sysmon/Operational",
  "source_name": "Microsoft-Windows-Sysmon",
  "version": 3,
  "computer_name": "DESKTOP-WJANG",
  "process_id": 8608,
  "record_number": "551",
  "opcode": "정보",
  "beat": {
    "name": "DESKTOP-WJANG",
    "hostname": "DESKTOP-WJANG",
    "version": "6.2.2"
  },
  "task": "Image loaded (rule: ImageLoad)",
  "provider_guid": "{5770385F-C22A-43E0-BF4C-06F5698FFBD9}",
  "level": "정보",
  "user": {
    "type": "Well Known Group",
    "identifier": "S-1-5-18",
    "name": "SYSTEM",
    "domain": "NT AUTHORITY"
  },
  "event_data": {
    "Signed": "true",
    "Hashes": "MD5=4609593AA14EB18AB4249FEAD48BBC5D,SHA256=D82CF7EB1F6E812CC44146A6FC0971E9C2A22FC78AF33B381ADB6CD7EDBDA517",
    "Description": "Windows Image Helper",
    "ProcessGuid": "{A376A8F6-F298-5A9C-0000-001071788803}",
    "Company": "Microsoft Corporation",
    "Image": "C:\\Program Files\\Mozilla Firefox\\firefox.exe",
    "SignatureStatus": "Valid",
    "ImageLoaded": "C:\\Windows\\System32\\dbghelp.dll",
    "Product": "Microsoft® Windows® Operating System",
    "Signature": "Microsoft Windows",
    "FileVersion": "10.0.16299.15 (WinBuild.160101.0800)",
    "UtcTime": "2018-03-05 07:32:40.037",
    "ProcessId": "25364"
  },
  "message": "Image loaded:\nUtcTime: 2018-03-05 07:32:40.037\nProcessGuid: {A376A8F6-F298-5A9C-0000-001071788803}\nProcessId: 25364\nImage: C:\\Program Files\\Mozilla Firefox\\firefox.exe\nImageLoaded: C:\\Windows\\System32\\dbghelp.dll\nFileVersion: 10.0.16299.15 (WinBuild.160101.0800)\nDescription: Windows Image Helper\nProduct: Microsoft® Windows® Operating System\nCompany: Microsoft Corporation\nHashes: MD5=4609593AA14EB18AB4249FEAD48BBC5D,SHA256=D82CF7EB1F6E812CC44146A6FC0971E9C2A22FC78AF33B381ADB6CD7EDBDA517\nSigned: true\nSignature: Microsoft Windows\nSignatureStatus: Valid",
  "thread_id": 19220
}
{
  "@timestamp": "2018-03-05T07:32:40.042Z",
  "@metadata": {
    "beat": "winlogbeat",
    "type": "doc",
    "version": "6.2.2"
  },
  "opcode": "정보",
  "thread_id": 23584,
  "task": "Image loaded (rule: ImageLoad)",
  "message": "Image loaded:\nUtcTime: 2018-03-05 07:32:39.047\nProcessGuid: {A376A8F6-F294-5A9C-0000-001052E48503}\nProcessId: 17704\nImage: C:\\Program Files\\Mozilla Firefox\\firefox.exe\nImageLoaded: C:\\Windows\\System32\\CoreUIComponents.dll\nFileVersion: 10.0.16299.15\nDescription: Microsoft Core UI Components Dll\nProduct: Microsoft® Windows® Operating System\nCompany: Microsoft Corporation\nHashes: MD5=CADCC3E0C3128F87D9212994F4D21FD4,SHA256=ACCA5DE81FD7229E141709804CAC9B75D40DF97F4A2DC5DA6041CDC945304F4F\nSigned: true\nSignature: Microsoft Windows\nSignatureStatus: Valid",
  "provider_guid": "{5770385F-C22A-43E0-BF4C-06F5698FFBD9}",
  "beat": {
    "name": "DESKTOP-WJANG",
    "hostname": "DESKTOP-WJANG",
    "version": "6.2.2"
  },
  "computer_name": "DESKTOP-WJANG",
  "event_id": 7,
  "process_id": 8608,
  "type": "wineventlog",
  "log_name": "Microsoft-Windows-Sysmon/Operational",
  "source_name": "Microsoft-Windows-Sysmon",
  "version": 3,
  "event_data": {
    "ProcessGuid": "{A376A8F6-F294-5A9C-0000-001052E48503}",
    "FileVersion": "10.0.16299.15",
    "Description": "Microsoft Core UI Components Dll",
    "Signed": "true",
    "ProcessId": "17704",
    "Hashes": "MD5=CADCC3E0C3128F87D9212994F4D21FD4,SHA256=ACCA5DE81FD7229E141709804CAC9B75D40DF97F4A2DC5DA6041CDC945304F4F",
    "Company": "Microsoft Corporation",
    "Product": "Microsoft® Windows® Operating System",
    "UtcTime": "2018-03-05 07:32:39.047",
    "Image": "C:\\Program Files\\Mozilla Firefox\\firefox.exe",
    "SignatureStatus": "Valid",
    "ImageLoaded": "C:\\Windows\\System32\\CoreUIComponents.dll",
    "Signature": "Microsoft Windows"
  },
  "level": "정보",
  "user": {
    "domain": "NT AUTHORITY",
    "type": "Well Known Group",
    "identifier": "S-1-5-18",
    "name": "SYSTEM"
  },
  "record_number": "552"
}
{
  "@timestamp": "2018-03-05T07:32:40.043Z",
  "@metadata": {
    "beat": "winlogbeat",
    "type": "doc",
    "version": "6.2.2"
  },
  "version": 3,
  "event_id": 7,
  "opcode": "정보",
  "thread_id": 19220,
  "log_name": "Microsoft-Windows-Sysmon/Operational",
  "level": "정보",
  "event_data": {
    "ImageLoaded": "C:\\Windows\\System32\\version.dll",
    "Signed": "true",
    "Signature": "Microsoft Windows",
    "SignatureStatus": "Valid",
    "ProcessGuid": "{A376A8F6-F298-5A9C-0000-001071788803}",
    "Product": "Microsoft® Windows® Operating System",
    "UtcTime": "2018-03-05 07:32:40.038",
    "Hashes": "MD5=2897E051DC113FA4E7B58AB11CC65EA1,SHA256=DF3F4512D0121DE58127E5D73C2A48E70329AD275AA7A5E626CAC1CEDAA07F47",
    "ProcessId": "25364",
    "Company": "Microsoft Corporation",
    "Image": "C:\\Program Files\\Mozilla Firefox\\firefox.exe",
    "FileVersion": "10.0.16299.15 (WinBuild.160101.0800)",
    "Description": "Version Checking and File Installation Libraries"
  },
  "provider_guid": "{5770385F-C22A-43E0-BF4C-06F5698FFBD9}",
  "beat": {
    "version": "6.2.2",
    "name": "DESKTOP-WJANG",
    "hostname": "DESKTOP-WJANG"
  },
  "message": "Image loaded:\nUtcTime: 2018-03-05 07:32:40.038\nProcessGuid: {A376A8F6-F298-5A9C-0000-001071788803}\nProcessId: 25364\nImage: C:\\Program Files\\Mozilla Firefox\\firefox.exe\nImageLoaded: C:\\Windows\\System32\\version.dll\nFileVersion: 10.0.16299.15 (WinBuild.160101.0800)\nDescription: Version Checking and File Installation Libraries\nProduct: Microsoft® Windows® Operating System\nCompany: Microsoft Corporation\nHashes: MD5=2897E051DC113FA4E7B58AB11CC65EA1,SHA256=DF3F4512D0121DE58127E5D73C2A48E70329AD275AA7A5E626CAC1CEDAA07F47\nSigned: true\nSignature: Microsoft Windows\nSignatureStatus: Valid",
  "type": "wineventlog",
  "computer_name": "DESKTOP-WJANG",
  "user": {
    "identifier": "S-1-5-18",
    "name": "SYSTEM",
    "domain": "NT AUTHORITY",
    "type": "Well Known Group"
  },
  "source_name": "Microsoft-Windows-Sysmon",
  "process_id": 8608,
  "task": "Image loaded (rule: ImageLoad)",
  "record_number": "553"
}
{
  "@timestamp": "2018-03-05T07:32:40.044Z",
  "@metadata": {
    "beat": "winlogbeat",
    "type": "doc",
    "version": "6.2.2"
  },
  "process_id": 8608,
  "message": "Image loaded:\nUtcTime: 2018-03-05 07:32:40.039\nProcessGuid: {A376A8F6-F298-5A9C-0000-001071788803}\nProcessId: 25364\nImage: C:\\Program Files\\Mozilla Firefox\\firefox.exe\nImageLoaded: C:\\Windows\\System32\\cryptbase.dll\nFileVersion: 10.0.16299.15 (WinBuild.160101.0800)\nDescription: Base cryptographic API DLL\nProduct: Microsoft® Windows® Operating System\nCompany: Microsoft Corporation\nHashes: MD5=2B510D6E4589B91855EF3924A47B812F,SHA256=3E257B257471D6EC7779F35673F45985D944CA94937415FCECFB85C95AF0E5C7\nSigned: true\nSignature: Microsoft Windows\nSignatureStatus: Valid",
  "provider_guid": "{5770385F-C22A-43E0-BF4C-06F5698FFBD9}",
  "event_id": 7,
  "computer_name": "DESKTOP-WJANG",
  "beat": {
    "name": "DESKTOP-WJANG",
    "hostname": "DESKTOP-WJANG",
    "version": "6.2.2"
  },
  "opcode": "정보",
  "version": 3,
  "event_data": {
    "Description": "Base cryptographic API DLL",
    "ProcessGuid": "{A376A8F6-F298-5A9C-0000-001071788803}",
    "Company": "Microsoft Corporation",
    "Product": "Microsoft® Windows® Operating System",
    "ProcessId": "25364",
    "Image": "C:\\Program Files\\Mozilla Firefox\\firefox.exe",
    "FileVersion": "10.0.16299.15 (WinBuild.160101.0800)",
    "ImageLoaded": "C:\\Windows\\System32\\cryptbase.dll",
    "Hashes": "MD5=2B510D6E4589B91855EF3924A47B812F,SHA256=3E257B257471D6EC7779F35673F45985D944CA94937415FCECFB85C95AF0E5C7",
    "Signed": "true",
    "Signature": "Microsoft Windows",
    "UtcTime": "2018-03-05 07:32:40.039",
    "SignatureStatus": "Valid"
  },
  "record_number": "554",
  "level": "정보",
  "thread_id": 19220,
  "type": "wineventlog",
  "log_name": "Microsoft-Windows-Sysmon/Operational",
  "user": {
    "identifier": "S-1-5-18",
    "name": "SYSTEM",
    "domain": "NT AUTHORITY",
    "type": "Well Known Group"
  },
  "task": "Image loaded (rule: ImageLoad)",
  "source_name": "Microsoft-Windows-Sysmon"
}
{
  "@timestamp": "2018-03-05T07:32:40.045Z",
  "@metadata": {
    "beat": "winlogbeat",
    "type": "doc",
    "version": "6.2.2"
  },
  "message": "Image loaded:\nUtcTime: 2018-03-05 07:32:40.040\nProcessGuid: {A376A8F6-F298-5A9C-0000-001071788803}\nProcessId: 25364\nImage: C:\\Program Files\\Mozilla Firefox\\firefox.exe\nImageLoaded: C:\\Windows\\System32\\bcryptprimitives.dll\nFileVersion: 10.0.16299.98 (WinBuild.160101.0800)\nDescription: Windows Cryptographic Primitives Library\nProduct: Microsoft® Windows® Operating System\nCompany: Microsoft Corporation\nHashes: MD5=F00DE456857C158E6DF1D65EA829F1CF,SHA256=D27CD21A38724BB4124CD52C654C5C14BEC12755774FA49FE9828A15DB2F4A1B\nSigned: true\nSignature: Microsoft Windows\nSignatureStatus: Valid",
  "event_id": 7,
  "log_name": "Microsoft-Windows-Sysmon/Operational",
  "provider_guid": "{5770385F-C22A-43E0-BF4C-06F5698FFBD9}",
  "version": 3,
  "event_data": {
    "FileVersion": "10.0.16299.98 (WinBuild.160101.0800)",
    "Signed": "true",
    "UtcTime": "2018-03-05 07:32:40.040",
    "ProcessId": "25364",
    "Image": "C:\\Program Files\\Mozilla Firefox\\firefox.exe",
    "Company": "Microsoft Corporation",
    "SignatureStatus": "Valid",
    "ProcessGuid": "{A376A8F6-F298-5A9C-0000-001071788803}",
    "Signature": "Microsoft Windows",
    "ImageLoaded": "C:\\Windows\\System32\\bcryptprimitives.dll",
    "Description": "Windows Cryptographic Primitives Library",
    "Product": "Microsoft® Windows® Operating System",
    "Hashes": "MD5=F00DE456857C158E6DF1D65EA829F1CF,SHA256=D27CD21A38724BB4124CD52C654C5C14BEC12755774FA49FE9828A15DB2F4A1B"
  },
  "computer_name": "DESKTOP-WJANG",
  "user": {
    "identifier": "S-1-5-18",
    "name": "SYSTEM",
    "domain": "NT AUTHORITY",
    "type": "Well Known Group"
  },
  "thread_id": 19220,
  "type": "wineventlog",
  "record_number": "555",
  "level": "정보",
  "beat": {
    "name": "DESKTOP-WJANG",
    "hostname": "DESKTOP-WJANG",
    "version": "6.2.2"
  },
  "source_name": "Microsoft-Windows-Sysmon",
  "process_id": 8608,
  "opcode": "정보",
  "task": "Image loaded (rule: ImageLoad)"
}
