{
  "@timestamp": "2018-03-05T07:32:39.706Z",
  "@metadata": {
    "beat": "winlogbeat",
    "type": "doc",
    "version": "6.2.2"
  },
  "log_name": "Microsoft-Windows-Sysmon/Operational",
  "type": "wineventlog",
  "thread_id": 19220,
  "source_name": "Microsoft-Windows-Sysmon",
  "process_id": 8608,
  "event_id": 7,
  "task": "Image loaded (rule: ImageLoad)",
  "computer_name": "DESKTOP-WJANG",
  "record_number": "486",
  "provider_guid": "{5770385F-C22A-43E0-BF4C-06F5698FFBD9}",
  "message": "Image loaded:\nUtcTime: 2018-03-05 07:32:39.705\nProcessGuid: {A376A8F6-F297-5A9C-0000-00104D2C8803}\nProcessId: 4624\nImage: C:\\Program Files\\Mozilla Firefox\\firefox.exe\nImageLoaded: C:\\Windows\\System32\\windows.storage.dll\nFileVersion: 10.0.16299.15 (WinBuild.160101.0800)\nDescription: Microsoft WinRT 저장소 API\nProduct: Microsoft® Windows® Operating System\nCompany: Microsoft Corporation\nHashes: MD5=FF2331ACDFE6E06A7D016A71EDAEF37F,SHA256=D155A37C95000D4F7E727687DDA0BE9B2D26B3B764966A212B4129FE7E2BD369\nSigned: true\nSignature: Microsoft Windows\nSignatureStatus: Valid",
  "version": 3,
  "user": {
    "identifier": "S-1-5-18",
    "name": "SYSTEM",
    "domain": "NT AUTHORITY",
    "type": "Well Known Group"
  },
  "beat": {
    "name": "DESKTOP-WJANG",
    "hostname": "DESKTOP-WJANG",
    "version": "6.2.2"
  },
  "opcode": "정보",
  "event_data": {
    "Description": "Microsoft WinRT 저장소 API",
    "Company": "Microsoft Corporation",
    "SignatureStatus": "Valid",
    "Image": "C:\\Program Files\\Mozilla Firefox\\firefox.exe",
    "ImageLoaded": "C:\\Windows\\System32\\windows.storage.dll",
    "UtcTime": "2018-03-05 07:32:39.705",
    "ProcessId": "4624",
    "Signature": "Microsoft Windows",
    "ProcessGuid": "{A376A8F6-F297-5A9C-0000-00104D2C8803}",
    "FileVersion": "10.0.16299.15 (WinBuild.160101.0800)",
    "Product": "Microsoft® Windows® Operating System",
    "Hashes": "MD5=FF2331ACDFE6E06A7D016A71EDAEF37F,SHA256=D155A37C95000D4F7E727687DDA0BE9B2D26B3B764966A212B4129FE7E2BD369",
    "Signed": "true"
  },
  "level": "정보"
}
{
  "@timestamp": "2018-03-05T07:32:39.706Z",
  "@metadata": {
    "beat": "winlogbeat",
    "type": "doc",
    "version": "6.2.2"
  },
  "type": "wineventlog",
  "level": "정보",
  "event_data": {
    "ProcessGuid": "{A376A8F6-F297-5A9C-0000-00104D2C8803}",
    "SignatureStatus": "Valid",
    "ProcessId": "4624",
    "Product": "Microsoft® Windows® Operating System",
    "UtcTime": "2018-03-05 07:32:39.706",
    "Image": "C:\\Program Files\\Mozilla Firefox\\firefox.exe",
    "FileVersion": "10.0.16299.15 (WinBuild.160101.0800)",
    "ImageLoaded": "C:\\Windows\\System32\\shlwapi.dll",
    "Hashes": "MD5=15D837C46191746FCA2BE7F6A401FA87,SHA256=5999E2C6242917465202FFEA991E2CE80823E3F985D5DE7EA88DCEF91EC91430",
    "Description": "셸 표준 이하 유틸리티 라이브러리",
    "Signed": "true",
    "Signature": "Microsoft Windows",
    "Company": "Microsoft Corporation"
  },
  "version": 3,
  "event_id": 7,
  "computer_name": "DESKTOP-WJANG",
  "task": "Image loaded (rule: ImageLoad)",
  "beat": {
    "name": "DESKTOP-WJANG",
    "hostname": "DESKTOP-WJANG",
    "version": "6.2.2"
  },
  "thread_id": 19220,
  "user": {
    "identifier": "S-1-5-18",
    "name": "SYSTEM",
    "domain": "NT AUTHORITY",
    "type": "Well Known Group"
  },
  "opcode": "정보",
  "log_name": "Microsoft-Windows-Sysmon/Operational",
  "source_name": "Microsoft-Windows-Sysmon",
  "record_number": "487",
  "process_id": 8608,
  "message": "Image loaded:\nUtcTime: 2018-03-05 07:32:39.706\nProcessGuid: {A376A8F6-F297-5A9C-0000-00104D2C8803}\nProcessId: 4624\nImage: C:\\Program Files\\Mozilla Firefox\\firefox.exe\nImageLoaded: C:\\Windows\\System32\\shlwapi.dll\nFileVersion: 10.0.16299.15 (WinBuild.160101.0800)\nDescription: 셸 표준 이하 유틸리티 라이브러리\nProduct: Microsoft® Windows® Operating System\nCompany: Microsoft Corporation\nHashes: MD5=15D837C46191746FCA2BE7F6A401FA87,SHA256=5999E2C6242917465202FFEA991E2CE80823E3F985D5DE7EA88DCEF91EC91430\nSigned: true\nSignature: Microsoft Windows\nSignatureStatus: Valid",
  "provider_guid": "{5770385F-C22A-43E0-BF4C-06F5698FFBD9}"
}
{
  "@timestamp": "2018-03-05T07:32:39.707Z",
  "@metadata": {
    "beat": "winlogbeat",
    "type": "doc",
    "version": "6.2.2"
  },
  "event_id": 7,
  "computer_name": "DESKTOP-WJANG",
  "process_id": 8608,
  "event_data": {
    "Signature": "Microsoft Windows",
    "FileVersion": "10.0.16299.15 (WinBuild.160101.0800)",
    "Signed": "true",
    "Product": "Microsoft® Windows® Operating System",
    "ProcessId": "4624",
    "Image": "C:\\Program Files\\Mozilla Firefox\\firefox.exe",
    "ImageLoaded": "C:\\Windows\\System32\\kernel.appcore.dll",
    "UtcTime": "2018-03-05 07:32:39.706",
    "Description": "AppModel API Host",
    "Company": "Microsoft Corporation",
    "SignatureStatus": "Valid",
    "ProcessGuid": "{A376A8F6-F297-5A9C-0000-00104D2C8803}",
    "Hashes": "MD5=7BE8708016C9FA098E47D19998454E37,SHA256=905DF64416030472E727DA5E73E62453C2B7B738062195E51D9A68FCED198569"
  },
  "task": "Image loaded (rule: ImageLoad)",
  "type": "wineventlog",
  "message": "Image loaded:\nUtcTime: 2018-03-05 07:32:39.706\nProcessGuid: {A376A8F6-F297-5A9C-0000-00104D2C8803}\nProcessId: 4624\nImage: C:\\Program Files\\Mozilla Firefox\\firefox.exe\nImageLoaded: C:\\Windows\\System32\\kernel.appcore.dll\nFileVersion: 10.0.16299.15 (WinBuild.160101.0800)\nDescription: AppModel API Host\nProduct: Microsoft® Windows® Operating System\nCompany: Microsoft Corporation\nHashes: MD5=7BE8708016C9FA098E47D19998454E37,SHA256=905DF64416030472E727DA5E73E62453C2B7B738062195E51D9A68FCED198569\nSigned: true\nSignature: Microsoft Windows\nSignatureStatus: Valid",
  "provider_guid": "{5770385F-C22A-43E0-BF4C-06F5698FFBD9}",
  "beat": {
    "name": "DESKTOP-WJANG",
    "hostname": "DESKTOP-WJANG",
    "version": "6.2.2"
  },
  "user": {
    "identifier": "S-1-5-18",
    "name": "SYSTEM",
    "domain": "NT AUTHORITY",
    "type": "Well Known Group"
  },
  "thread_id": 19220,
  "opcode": "정보",
  "version": 3,
  "level": "정보",
  "log_name": "Microsoft-Windows-Sysmon/Operational",
  "source_name": "Microsoft-Windows-Sysmon",
  "record_number": "488"
}
{
  "@timestamp": "2018-03-05T07:32:39.707Z",
  "@metadata": {
    "beat": "winlogbeat",
    "type": "doc",
    "version": "6.2.2"
  },
  "beat": {
    "name": "DESKTOP-WJANG",
    "hostname": "DESKTOP-WJANG",
    "version": "6.2.2"
  },
  "computer_name": "DESKTOP-WJANG",
  "user": {
    "type": "Well Known Group",
    "identifier": "S-1-5-18",
    "name": "SYSTEM",
    "domain": "NT AUTHORITY"
  },
  "message": "Image loaded:\nUtcTime: 2018-03-05 07:32:39.706\nProcessGuid: {A376A8F6-F297-5A9C-0000-00104D2C8803}\nProcessId: 4624\nImage: C:\\Program Files\\Mozilla Firefox\\firefox.exe\nImageLoaded: C:\\Windows\\System32\\powrprof.dll\nFileVersion: 10.0.16299.15 (WinBuild.160101.0800)\nDescription: 전원 프로필 도우미 DLL\nProduct: Microsoft® Windows® Operating System\nCompany: Microsoft Corporation\nHashes: MD5=4580ECECF4D30851E347345EE39628AE,SHA256=25CDF5E8F270BB80A6F312AB0717987ED230C557F089C3FD1D31E42148C5B759\nSigned: true\nSignature: Microsoft Windows\nSignatureStatus: Valid",
  "type": "wineventlog",
  "process_id": 8608,
  "event_id": 7,
  "log_name": "Microsoft-Windows-Sysmon/Operational",
  "level": "정보",
  "thread_id": 19220,
  "source_name": "Microsoft-Windows-Sysmon",
  "provider_guid": "{5770385F-C22A-43E0-BF4C-06F5698FFBD9}",
  "opcode": "정보",
  "version": 3,
  "task": "Image loaded (rule: ImageLoad)",
  "event_data": {
    "Hashes": "MD5=4580ECECF4D30851E347345EE39628AE,SHA256=25CDF5E8F270BB80A6F312AB0717987ED230C557F089C3FD1D31E42148C5B759",
    "ImageLoaded": "C:\\Windows\\System32\\powrprof.dll",
    "UtcTime": "2018-03-05 07:32:39.706",
    "FileVersion": "10.0.16299.15 (WinBuild.160101.0800)",
    "Description": "전원 프로필 도우미 DLL",
    "ProcessGuid": "{A376A8F6-F297-5A9C-0000-00104D2C8803}",
    "ProcessId": "4624",
    "Product": "Microsoft® Windows® Operating System",
    "Image": "C:\\Program Files\\Mozilla Firefox\\firefox.exe",
    "Signed": "true",
    "Company": "Microsoft Corporation",
    "Signature": "Microsoft Windows",
    "SignatureStatus": "Valid"
  },
  "record_number": "489"
}
{
  "@timestamp": "2018-03-05T07:32:39.707Z",
  "@metadata": {
    "beat": "winlogbeat",
    "type": "doc",
    "version": "6.2.2"
  },
  "event_data": {
    "Hashes": "MD5=7FF50EC90E6A93FCEF9C0BA01F4F46DB,SHA256=B7182EDCE675D5B294C8D97626FF8793ED67FAFBBC7A178F6621F31988A90FA3",
    "Signed": "true",
    "Signature": "Microsoft Windows",
    "SignatureStatus": "Valid",
    "ProcessGuid": "{A376A8F6-F297-5A9C-0000-00104D2C8803}",
    "FileVersion": "10.0.16299.15 (WinBuild.160101.0800)",
    "Description": "User Profile Basic API",
    "ProcessId": "4624",
    "UtcTime": "2018-03-05 07:32:39.707",
    "Product": "Microsoft® Windows® Operating System",
    "Company": "Microsoft Corporation",
    "ImageLoaded": "C:\\Windows\\System32\\profapi.dll",
    "Image": "C:\\Program Files\\Mozilla Firefox\\firefox.exe"
  },
  "provider_guid": "{5770385F-C22A-43E0-BF4C-06F5698FFBD9}",
  "beat": {
    "name": "DESKTOP-WJANG",
    "hostname": "DESKTOP-WJANG",
    "version": "6.2.2"
  },
  "type": "wineventlog",
  "level": "정보",
  "process_id": 8608,
  "computer_name": "DESKTOP-WJANG",
  "opcode": "정보",
  "version": 3,
  "message": "Image loaded:\nUtcTime: 2018-03-05 07:32:39.707\nProcessGuid: {A376A8F6-F297-5A9C-0000-00104D2C8803}\nProcessId: 4624\nImage: C:\\Program Files\\Mozilla Firefox\\firefox.exe\nImageLoaded: C:\\Windows\\System32\\profapi.dll\nFileVersion: 10.0.16299.15 (WinBuild.160101.0800)\nDescription: User Profile Basic API\nProduct: Microsoft® Windows® Operating System\nCompany: Microsoft Corporation\nHashes: MD5=7FF50EC90E6A93FCEF9C0BA01F4F46DB,SHA256=B7182EDCE675D5B294C8D97626FF8793ED67FAFBBC7A178F6621F31988A90FA3\nSigned: true\nSignature: Microsoft Windows\nSignatureStatus: Valid",
  "log_name": "Microsoft-Windows-Sysmon/Operational",
  "source_name": "Microsoft-Windows-Sysmon",
  "user": {
    "domain": "NT AUTHORITY",
    "type": "Well Known Group",
    "identifier": "S-1-5-18",
    "name": "SYSTEM"
  },
  "record_number": "490",
  "event_id": 7,
  "task": "Image loaded (rule: ImageLoad)",
  "thread_id": 19220
}
{
  "@timestamp": "2018-03-05T07:32:39.708Z",
  "@metadata": {
    "beat": "winlogbeat",
    "type": "doc",
    "version": "6.2.2"
  },
  "beat": {
    "hostname": "DESKTOP-WJANG",
    "version": "6.2.2",
    "name": "DESKTOP-WJANG"
  },
  "source_name": "Microsoft-Windows-Sysmon",
  "record_number": "491",
  "version": 3,
  "opcode": "정보",
  "event_data": {
    "ImageLoaded": "C:\\Windows\\System32\\ole32.dll",
    "FileVersion": "10.0.16299.15 (WinBuild.160101.0800)",
    "Description": "Windows용 Microsoft OLE",
    "Image": "C:\\Program Files\\Mozilla Firefox\\firefox.exe",
    "Company": "Microsoft Corporation",
    "Signature": "Microsoft Windows",
    "SignatureStatus": "Valid",
    "UtcTime": "2018-03-05 07:32:39.707",
    "ProcessId": "4624",
    "Signed": "true",
    "Product": "Microsoft® Windows® Operating System",
    "ProcessGuid": "{A376A8F6-F297-5A9C-0000-00104D2C8803}",
    "Hashes": "MD5=7EE6E3B8C58646C05E0C8E62840D7D38,SHA256=E9C9A60E111763291F642AB838BA5739FB1DCF1856F8C0A6F22BE0DAA1DB6C8F"
  },
  "event_id": 7,
  "message": "Image loaded:\nUtcTime: 2018-03-05 07:32:39.707\nProcessGuid: {A376A8F6-F297-5A9C-0000-00104D2C8803}\nProcessId: 4624\nImage: C:\\Program Files\\Mozilla Firefox\\firefox.exe\nImageLoaded: C:\\Windows\\System32\\ole32.dll\nFileVersion: 10.0.16299.15 (WinBuild.160101.0800)\nDescription: Windows용 Microsoft OLE\nProduct: Microsoft® Windows® Operating System\nCompany: Microsoft Corporation\nHashes: MD5=7EE6E3B8C58646C05E0C8E62840D7D38,SHA256=E9C9A60E111763291F642AB838BA5739FB1DCF1856F8C0A6F22BE0DAA1DB6C8F\nSigned: true\nSignature: Microsoft Windows\nSignatureStatus: Valid",
  "log_name": "Microsoft-Windows-Sysmon/Operational",
  "task": "Image loaded (rule: ImageLoad)",
  "provider_guid": "{5770385F-C22A-43E0-BF4C-06F5698FFBD9}",
  "level": "정보",
  "computer_name": "DESKTOP-WJANG",
  "type": "wineventlog",
  "user": {
    "domain": "NT AUTHORITY",
    "type": "Well Known Group",
    "identifier": "S-1-5-18",
    "name": "SYSTEM"
  },
  "process_id": 8608,
  "thread_id": 19220
}
{
  "@timestamp": "2018-03-05T07:32:39.708Z",
  "@metadata": {
    "beat": "winlogbeat",
    "type": "doc",
    "version": "6.2.2"
  },
  "version": 3,
  "task": "Image loaded (rule: ImageLoad)",
  "opcode": "정보",
  "message": "Image loaded:\nUtcTime: 2018-03-05 07:32:39.707\nProcessGuid: {A376A8F6-F297-5A9C-0000-00104D2C8803}\nProcessId: 4624\nImage: C:\\Program Files\\Mozilla Firefox\\firefox.exe\nImageLoaded: C:\\Windows\\System32\\crypt32.dll\nFileVersion: 10.0.16299.15 (WinBuild.160101.0800)\nDescription: Crypto API32\nProduct: Microsoft® Windows® Operating System\nCompany: Microsoft Corporation\nHashes: MD5=B677C12F260A1DFB39447DE716629CAF,SHA256=73DEB47902AFD8B68E56301DA1F934718AF5344670E96FA1D9C1467C89442AE4\nSigned: true\nSignature: Microsoft Windows\nSignatureStatus: Valid",
  "log_name": "Microsoft-Windows-Sysmon/Operational",
  "user": {
    "name": "SYSTEM",
    "domain": "NT AUTHORITY",
    "type": "Well Known Group",
    "identifier": "S-1-5-18"
  },
  "type": "wineventlog",
  "provider_guid": "{5770385F-C22A-43E0-BF4C-06F5698FFBD9}",
  "thread_id": 19220,
  "event_data": {
    "SignatureStatus": "Valid",
    "ImageLoaded": "C:\\Windows\\System32\\crypt32.dll",
    "Signed": "true",
    "UtcTime": "2018-03-05 07:32:39.707",
    "Hashes": "MD5=B677C12F260A1DFB39447DE716629CAF,SHA256=73DEB47902AFD8B68E56301DA1F934718AF5344670E96FA1D9C1467C89442AE4",
    "Product": "Microsoft® Windows® Operating System",
    "ProcessId": "4624",
    "ProcessGuid": "{A376A8F6-F297-5A9C-0000-00104D2C8803}",
    "Signature": "Microsoft Windows",
    "Description": "Crypto API32",
    "FileVersion": "10.0.16299.15 (WinBuild.160101.0800)",
    "Company": "Microsoft Corporation",
    "Image": "C:\\Program Files\\Mozilla Firefox\\firefox.exe"
  },
  "beat": {
    "name": "DESKTOP-WJANG",
    "hostname": "DESKTOP-WJANG",
    "version": "6.2.2"
  },
  "event_id": 7,
  "record_number": "492",
  "computer_name": "DESKTOP-WJANG",
  "process_id": 8608,
  "source_name": "Microsoft-Windows-Sysmon",
  "level": "정보"
}
{
  "@timestamp": "2018-03-05T07:32:39.708Z",
  "@metadata": {
    "beat": "winlogbeat",
    "type": "doc",
    "version": "6.2.2"
  },
  "version": 3,
  "event_data": {
    "Image": "C:\\Program Files\\Mozilla Firefox\\firefox.exe",
    "FileVersion": "10.0.16299.15 (WinBuild.160101.0800)",
    "Signature": "Microsoft Windows",
    "Product": "Microsoft® Windows® Operating System",
    "Hashes": "MD5=0DA32BEB94B9440AF1763B266A5CED69,SHA256=49AC0B3C76381E3780B71D3FF378018156B6BC453FC2AE373260B2441E5A248F",
    "ProcessGuid": "{A376A8F6-F297-5A9C-0000-00104D2C8803}",
    "ImageLoaded": "C:\\Windows\\System32\\msasn1.dll",
    "Company": "Microsoft Corporation",
    "Signed": "true",
    "SignatureStatus": "Valid",
    "ProcessId": "4624",
    "UtcTime": "2018-03-05 07:32:39.708",
    "Description": "ASN.1 Runtime APIs"
  },
  "task": "Image loaded (rule: ImageLoad)",
  "record_number": "493",
  "opcode": "정보",
  "computer_name": "DESKTOP-WJANG",
  "event_id": 7,
  "process_id": 8608,
  "user": {
    "name": "SYSTEM",
    "domain": "NT AUTHORITY",
    "type": "Well Known Group",
    "identifier": "S-1-5-18"
  },
  "source_name": "Microsoft-Windows-Sysmon",
  "beat": {
    "name": "DESKTOP-WJANG",
    "hostname": "DESKTOP-WJANG",
    "version": "6.2.2"
  },
  "log_name": "Microsoft-Windows-Sysmon/Operational",
  "provider_guid": "{5770385F-C22A-43E0-BF4C-06F5698FFBD9}",
  "message": "Image loaded:\nUtcTime: 2018-03-05 07:32:39.708\nProcessGuid: {A376A8F6-F297-5A9C-0000-00104D2C8803}\nProcessId: 4624\nImage: C:\\Program Files\\Mozilla Firefox\\firefox.exe\nImageLoaded: C:\\Windows\\System32\\msasn1.dll\nFileVersion: 10.0.16299.15 (WinBuild.160101.0800)\nDescription: ASN.1 Runtime APIs\nProduct: Microsoft® Windows® Operating System\nCompany: Microsoft Corporation\nHashes: MD5=0DA32BEB94B9440AF1763B266A5CED69,SHA256=49AC0B3C76381E3780B71D3FF378018156B6BC453FC2AE373260B2441E5A248F\nSigned: true\nSignature: Microsoft Windows\nSignatureStatus: Valid",
  "type": "wineventlog",
  "level": "정보",
  "thread_id": 19220
}
{
  "@timestamp": "2018-03-05T07:32:39.709Z",
  "@metadata": {
    "beat": "winlogbeat",
    "type": "doc",
    "version": "6.2.2"
  },
  "provider_guid": "{5770385F-C22A-43E0-BF4C-06F5698FFBD9}",
  "beat": {
    "version": "6.2.2",
    "name": "DESKTOP-WJANG",
    "hostname": "DESKTOP-WJANG"
  },
  "opcode": "정보",
  "process_id": 8608,
  "event_data": {
    "FileVersion": "10.0.16299.15 (WinBuild.160101.0800)",
    "Hashes": "MD5=23E661467FA2EB68B711EA20974B4CB7,SHA256=EF8353C804E643AB34B35494F029F1C0E5DE1A9C2471171E42E8F38EF9CCE953",
    "ProcessId": "4624",
    "Company": "Microsoft Corporation",
    "Product": "Microsoft® Windows® Operating System",
    "SignatureStatus": "Valid",
    "Signed": "true",
    "ProcessGuid": "{A376A8F6-F297-5A9C-0000-00104D2C8803}",
    "ImageLoaded": "C:\\Windows\\System32\\setupapi.dll",
    "Description": "Windows 설치 API",
    "Signature": "Microsoft Windows",
    "UtcTime": "2018-03-05 07:32:39.708",
    "Image": "C:\\Program Files\\Mozilla Firefox\\firefox.exe"
  },
  "record_number": "494",
  "log_name": "Microsoft-Windows-Sysmon/Operational",
  "event_id": 7,
  "level": "정보",
  "source_name": "Microsoft-Windows-Sysmon",
  "task": "Image loaded (rule: ImageLoad)",
  "computer_name": "DESKTOP-WJANG",
  "version": 3,
  "message": "Image loaded:\nUtcTime: 2018-03-05 07:32:39.708\nProcessGuid: {A376A8F6-F297-5A9C-0000-00104D2C8803}\nProcessId: 4624\nImage: C:\\Program Files\\Mozilla Firefox\\firefox.exe\nImageLoaded: C:\\Windows\\System32\\setupapi.dll\nFileVersion: 10.0.16299.15 (WinBuild.160101.0800)\nDescription: Windows 설치 API\nProduct: Microsoft® Windows® Operating System\nCompany: Microsoft Corporation\nHashes: MD5=23E661467FA2EB68B711EA20974B4CB7,SHA256=EF8353C804E643AB34B35494F029F1C0E5DE1A9C2471171E42E8F38EF9CCE953\nSigned: true\nSignature: Microsoft Windows\nSignatureStatus: Valid",
  "thread_id": 19220,
  "type": "wineventlog",
  "user": {
    "type": "Well Known Group",
    "identifier": "S-1-5-18",
    "name": "SYSTEM",
    "domain": "NT AUTHORITY"
  }
}
{
  "@timestamp": "2018-03-05T07:32:39.710Z",
  "@metadata": {
    "beat": "winlogbeat",
    "type": "doc",
    "version": "6.2.2"
  },
  "record_number": "495",
  "message": "Image loaded:\nUtcTime: 2018-03-05 07:32:39.708\nProcessGuid: {A376A8F6-F297-5A9C-0000-00104D2C8803}\nProcessId: 4624\nImage: C:\\Program Files\\Mozilla Firefox\\firefox.exe\nImageLoaded: C:\\Windows\\System32\\wintrust.dll\nFileVersion: 10.0.16299.248 (WinBuild.160101.0800)\nDescription: Microsoft Trust Verification APIs\nProduct: Microsoft® Windows® Operating System\nCompany: Microsoft Corporation\nHashes: MD5=886A6B330799D6D9BC2C7DE514163A3B,SHA256=125332DCC9460392DA36B1859E8E68A3C49B25D50BBD4EFFFF2CB5D550C550B9\nSigned: true\nSignature: Microsoft Windows\nSignatureStatus: Valid",
  "process_id": 8608,
  "level": "정보",
  "task": "Image loaded (rule: ImageLoad)",
  "provider_guid": "{5770385F-C22A-43E0-BF4C-06F5698FFBD9}",
  "opcode": "정보",
  "type": "wineventlog",
  "user": {
    "identifier": "S-1-5-18",
    "name": "SYSTEM",
    "domain": "NT AUTHORITY",
    "type": "Well Known Group"
  },
  "event_data": {
    "UtcTime": "2018-03-05 07:32:39.708",
    "ImageLoaded": "C:\\Windows\\System32\\wintrust.dll",
    "ProcessGuid": "{A376A8F6-F297-5A9C-0000-00104D2C8803}",
    "FileVersion": "10.0.16299.248 (WinBuild.160101.0800)",
    "Product": "Microsoft® Windows® Operating System",
    "Signature": "Microsoft Windows",
    "ProcessId": "4624",
    "Image": "C:\\Program Files\\Mozilla Firefox\\firefox.exe",
    "Description": "Microsoft Trust Verification APIs",
    "SignatureStatus": "Valid",
    "Company": "Microsoft Corporation",
    "Signed": "true",
    "Hashes": "MD5=886A6B330799D6D9BC2C7DE514163A3B,SHA256=125332DCC9460392DA36B1859E8E68A3C49B25D50BBD4EFFFF2CB5D550C550B9"
  },
  "event_id": 7,
  "version": 3,
  "source_name": "Microsoft-Windows-Sysmon",
  "beat": {
    "name": "DESKTOP-WJANG",
    "hostname": "DESKTOP-WJANG",
    "version": "6.2.2"
  },
  "computer_name": "DESKTOP-WJANG",
  "thread_id": 19220,
  "log_name": "Microsoft-Windows-Sysmon/Operational"
}
{
  "@timestamp": "2018-03-05T07:32:39.711Z",
  "@metadata": {
    "beat": "winlogbeat",
    "type": "doc",
    "version": "6.2.2"
  },
  "message": "Image loaded:\nUtcTime: 2018-03-05 07:32:39.708\nProcessGuid: {A376A8F6-F297-5A9C-0000-00104D2C8803}\nProcessId: 4624\nImage: C:\\Program Files\\Mozilla Firefox\\firefox.exe\nImageLoaded: C:\\Windows\\System32\\oleaut32.dll\nFileVersion: 10.0.16299.15 (WinBuild.160101.0800)\nDescription: OLEAUT32.DLL\nProduct: Microsoft® Windows® Operating System\nCompany: Microsoft Corporation\nHashes: MD5=F8C6159C5BE654CEEB383F6E5B122271,SHA256=6B85E0232D1C2DF599C519C95EC2374E3B1B3B06395293CC6AB7976573FA571F\nSigned: true\nSignature: Microsoft Windows\nSignatureStatus: Valid",
  "user": {
    "name": "SYSTEM",
    "domain": "NT AUTHORITY",
    "type": "Well Known Group",
    "identifier": "S-1-5-18"
  },
  "source_name": "Microsoft-Windows-Sysmon",
  "event_id": 7,
  "provider_guid": "{5770385F-C22A-43E0-BF4C-06F5698FFBD9}",
  "process_id": 8608,
  "level": "정보",
  "opcode": "정보",
  "thread_id": 19220,
  "log_name": "Microsoft-Windows-Sysmon/Operational",
  "event_data": {
    "ProcessGuid": "{A376A8F6-F297-5A9C-0000-00104D2C8803}",
    "SignatureStatus": "Valid",
    "FileVersion": "10.0.16299.15 (WinBuild.160101.0800)",
    "Description": "OLEAUT32.DLL",
    "Image": "C:\\Program Files\\Mozilla Firefox\\firefox.exe",
    "Product": "Microsoft® Windows® Operating System",
    "Hashes": "MD5=F8C6159C5BE654CEEB383F6E5B122271,SHA256=6B85E0232D1C2DF599C519C95EC2374E3B1B3B06395293CC6AB7976573FA571F",
    "ProcessId": "4624",
    "ImageLoaded": "C:\\Windows\\System32\\oleaut32.dll",
    "Signed": "true",
    "Signature": "Microsoft Windows",
    "Company": "Microsoft Corporation",
    "UtcTime": "2018-03-05 07:32:39.708"
  },
  "type": "wineventlog",
  "task": "Image loaded (rule: ImageLoad)",
  "beat": {
    "name": "DESKTOP-WJANG",
    "hostname": "DESKTOP-WJANG",
    "version": "6.2.2"
  },
  "record_number": "496",
  "computer_name": "DESKTOP-WJANG",
  "version": 3
}
{
  "@timestamp": "2018-03-05T07:32:39.712Z",
  "@metadata": {
    "beat": "winlogbeat",
    "type": "doc",
    "version": "6.2.2"
  },
  "task": "Image loaded (rule: ImageLoad)",
  "computer_name": "DESKTOP-WJANG",
  "opcode": "정보",
  "user": {
    "type": "Well Known Group",
    "identifier": "S-1-5-18",
    "name": "SYSTEM",
    "domain": "NT AUTHORITY"
  },
  "level": "정보",
  "thread_id": 19220,
  "provider_guid": "{5770385F-C22A-43E0-BF4C-06F5698FFBD9}",
  "source_name": "Microsoft-Windows-Sysmon",
  "message": "Image loaded:\nUtcTime: 2018-03-05 07:32:39.710\nProcessGuid: {A376A8F6-F297-5A9C-0000-00104D2C8803}\nProcessId: 4624\nImage: C:\\Program Files\\Mozilla Firefox\\firefox.exe\nImageLoaded: C:\\Windows\\System32\\hid.dll\nFileVersion: 10.0.16299.15 (WinBuild.160101.0800)\nDescription: HID 사용자 라이브러리\nProduct: Microsoft® Windows® Operating System\nCompany: Microsoft Corporation\nHashes: MD5=030D331A80802B7E95E5C52B8B1AC3E0,SHA256=E2FA22DC530DE8725B7378EE766E2D2A74888D1C58ACAA022937E633D0379A3B\nSigned: true\nSignature: Microsoft Windows\nSignatureStatus: Valid",
  "event_data": {
    "Company": "Microsoft Corporation",
    "SignatureStatus": "Valid",
    "ImageLoaded": "C:\\Windows\\System32\\hid.dll",
    "Hashes": "MD5=030D331A80802B7E95E5C52B8B1AC3E0,SHA256=E2FA22DC530DE8725B7378EE766E2D2A74888D1C58ACAA022937E633D0379A3B",
    "FileVersion": "10.0.16299.15 (WinBuild.160101.0800)",
    "ProcessGuid": "{A376A8F6-F297-5A9C-0000-00104D2C8803}",
    "Signature": "Microsoft Windows",
    "ProcessId": "4624",
    "Image": "C:\\Program Files\\Mozilla Firefox\\firefox.exe",
    "Description": "HID 사용자 라이브러리",
    "Product": "Microsoft® Windows® Operating System",
    "UtcTime": "2018-03-05 07:32:39.710",
    "Signed": "true"
  },
  "log_name": "Microsoft-Windows-Sysmon/Operational",
  "event_id": 7,
  "beat": {
    "name": "DESKTOP-WJANG",
    "hostname": "DESKTOP-WJANG",
    "version": "6.2.2"
  },
  "record_number": "497",
  "version": 3,
  "type": "wineventlog",
  "process_id": 8608
}
{
  "@timestamp": "2018-03-05T07:32:39.713Z",
  "@metadata": {
    "beat": "winlogbeat",
    "type": "doc",
    "version": "6.2.2"
  },
  "process_id": 8608,
  "computer_name": "DESKTOP-WJANG",
  "user": {
    "name": "SYSTEM",
    "domain": "NT AUTHORITY",
    "type": "Well Known Group",
    "identifier": "S-1-5-18"
  },
  "source_name": "Microsoft-Windows-Sysmon",
  "type": "wineventlog",
  "thread_id": 19220,
  "provider_guid": "{5770385F-C22A-43E0-BF4C-06F5698FFBD9}",
  "event_id": 7,
  "task": "Image loaded (rule: ImageLoad)",
  "beat": {
    "name": "DESKTOP-WJANG",
    "hostname": "DESKTOP-WJANG",
    "version": "6.2.2"
  },
  "log_name": "Microsoft-Windows-Sysmon/Operational",
  "record_number": "498",
  "level": "정보",
  "message": "Image loaded:\nUtcTime: 2018-03-05 07:32:39.711\nProcessGuid: {A376A8F6-F297-5A9C-0000-00104D2C8803}\nProcessId: 4624\nImage: C:\\Program Files\\Mozilla Firefox\\firefox.exe\nImageLoaded: C:\\Windows\\System32\\avrt.dll\nFileVersion: 10.0.16299.15 (WinBuild.160101.0800)\nDescription: 멀티미디어 실시간 런타임\nProduct: Microsoft® Windows® Operating System\nCompany: Microsoft Corporation\nHashes: MD5=FD2711C6045A6519BD4770B6ED6A721B,SHA256=B3FDDB4AC4D3D66CF4D65530F2A387562AEE5F0573204920AA2ADEBC65359FFB\nSigned: true\nSignature: Microsoft Windows\nSignatureStatus: Valid",
  "opcode": "정보",
  "event_data": {
    "SignatureStatus": "Valid",
    "UtcTime": "2018-03-05 07:32:39.711",
    "ImageLoaded": "C:\\Windows\\System32\\avrt.dll",
    "ProcessId": "4624",
    "Product": "Microsoft® Windows® Operating System",
    "FileVersion": "10.0.16299.15 (WinBuild.160101.0800)",
    "Company": "Microsoft Corporation",
    "ProcessGuid": "{A376A8F6-F297-5A9C-0000-00104D2C8803}",
    "Signed": "true",
    "Signature": "Microsoft Windows",
    "Image": "C:\\Program Files\\Mozilla Firefox\\firefox.exe",
    "Description": "멀티미디어 실시간 런타임",
    "Hashes": "MD5=FD2711C6045A6519BD4770B6ED6A721B,SHA256=B3FDDB4AC4D3D66CF4D65530F2A387562AEE5F0573204920AA2ADEBC65359FFB"
  },
  "version": 3
}
{
  "@timestamp": "2018-03-05T07:32:39.713Z",
  "@metadata": {
    "beat": "winlogbeat",
    "type": "doc",
    "version": "6.2.2"
  },
  "opcode": "정보",
  "message": "Image loaded:\nUtcTime: 2018-03-05 07:32:39.712\nProcessGuid: {A376A8F6-F297-5A9C-0000-00104D2C8803}\nProcessId: 4624\nImage: C:\\Program Files\\Mozilla Firefox\\firefox.exe\nImageLoaded: C:\\Windows\\System32\\usp10.dll\nFileVersion: 10.0.16299.15 (WinBuild.160101.0800)\nDescription: Uniscribe Unicode script processor\nProduct: Microsoft® Windows® Operating System\nCompany: Microsoft Corporation\nHashes: MD5=FAC20A3377BBA21FB8D092541D93C247,SHA256=DC75CC1A107435AA2436F5C2AC63BAE51CF16E4CEB65C08522A350ADA532688D\nSigned: true\nSignature: Microsoft Windows\nSignatureStatus: Valid",
  "source_name": "Microsoft-Windows-Sysmon",
  "process_id": 8608,
  "thread_id": 19220,
  "computer_name": "DESKTOP-WJANG",
  "task": "Image loaded (rule: ImageLoad)",
  "beat": {
    "hostname": "DESKTOP-WJANG",
    "version": "6.2.2",
    "name": "DESKTOP-WJANG"
  },
  "log_name": "Microsoft-Windows-Sysmon/Operational",
  "event_id": 7,
  "provider_guid": "{5770385F-C22A-43E0-BF4C-06F5698FFBD9}",
  "type": "wineventlog",
  "record_number": "499",
  "version": 3,
  "level": "정보",
  "user": {
    "domain": "NT AUTHORITY",
    "type": "Well Known Group",
    "identifier": "S-1-5-18",
    "name": "SYSTEM"
  },
  "event_data": {
    "Hashes": "MD5=FAC20A3377BBA21FB8D092541D93C247,SHA256=DC75CC1A107435AA2436F5C2AC63BAE51CF16E4CEB65C08522A350ADA532688D",
    "Description": "Uniscribe Unicode script processor",
    "Product": "Microsoft® Windows® Operating System",
    "ProcessGuid": "{A376A8F6-F297-5A9C-0000-00104D2C8803}",
    "Image": "C:\\Program Files\\Mozilla Firefox\\firefox.exe",
    "Company": "Microsoft Corporation",
    "UtcTime": "2018-03-05 07:32:39.712",
    "Signature": "Microsoft Windows",
    "ProcessId": "4624",
    "Signed": "true",
    "SignatureStatus": "Valid",
    "FileVersion": "10.0.16299.15 (WinBuild.160101.0800)",
    "ImageLoaded": "C:\\Windows\\System32\\usp10.dll"
  }
}
{
  "@timestamp": "2018-03-05T07:32:39.714Z",
  "@metadata": {
    "beat": "winlogbeat",
    "type": "doc",
    "version": "6.2.2"
  },
  "thread_id": 19220,
  "event_data": {
    "ProcessId": "4624",
    "Hashes": "MD5=792077FFC39F2EE7A2C154105A7BC4A1,SHA256=835619594D3C86847FF9FA7B509A093C3CE276C400CF2AC28B0880CCF3FE126F",
    "Image": "C:\\Program Files\\Mozilla Firefox\\firefox.exe",
    "UtcTime": "2018-03-05 07:32:39.712",
    "Company": "Microsoft Corporation",
    "Signed": "true",
    "ImageLoaded": "C:\\Windows\\System32\\msimg32.dll",
    "Description": "GDIEXT Client DLL",
    "SignatureStatus": "Valid",
    "Product": "Microsoft® Windows® Operating System",
    "Signature": "Microsoft Windows",
    "ProcessGuid": "{A376A8F6-F297-5A9C-0000-00104D2C8803}",
    "FileVersion": "10.0.16299.15 (WinBuild.160101.0800)"
  },
  "process_id": 8608,
  "log_name": "Microsoft-Windows-Sysmon/Operational",
  "provider_guid": "{5770385F-C22A-43E0-BF4C-06F5698FFBD9}",
  "level": "정보",
  "computer_name": "DESKTOP-WJANG",
  "event_id": 7,
  "version": 3,
  "task": "Image loaded (rule: ImageLoad)",
  "user": {
    "identifier": "S-1-5-18",
    "name": "SYSTEM",
    "domain": "NT AUTHORITY",
    "type": "Well Known Group"
  },
  "beat": {
    "name": "DESKTOP-WJANG",
    "hostname": "DESKTOP-WJANG",
    "version": "6.2.2"
  },
  "source_name": "Microsoft-Windows-Sysmon",
  "type": "wineventlog",
  "record_number": "500",
  "opcode": "정보",
  "message": "Image loaded:\nUtcTime: 2018-03-05 07:32:39.712\nProcessGuid: {A376A8F6-F297-5A9C-0000-00104D2C8803}\nProcessId: 4624\nImage: C:\\Program Files\\Mozilla Firefox\\firefox.exe\nImageLoaded: C:\\Windows\\System32\\msimg32.dll\nFileVersion: 10.0.16299.15 (WinBuild.160101.0800)\nDescription: GDIEXT Client DLL\nProduct: Microsoft® Windows® Operating System\nCompany: Microsoft Corporation\nHashes: MD5=792077FFC39F2EE7A2C154105A7BC4A1,SHA256=835619594D3C86847FF9FA7B509A093C3CE276C400CF2AC28B0880CCF3FE126F\nSigned: true\nSignature: Microsoft Windows\nSignatureStatus: Valid"
}
{
  "@timestamp": "2018-03-05T07:32:39.715Z",
  "@metadata": {
    "beat": "winlogbeat",
    "type": "doc",
    "version": "6.2.2"
  },
  "log_name": "Microsoft-Windows-Sysmon/Operational",
  "event_id": 7,
  "level": "정보",
  "process_id": 8608,
  "opcode": "정보",
  "message": "Image loaded:\nUtcTime: 2018-03-05 07:32:39.713\nProcessGuid: {A376A8F6-F297-5A9C-0000-00104D2C8803}\nProcessId: 4624\nImage: C:\\Program Files\\Mozilla Firefox\\firefox.exe\nImageLoaded: C:\\Windows\\System32\\IPHLPAPI.DLL\nFileVersion: 10.0.16299.15 (WinBuild.160101.0800)\nDescription: IP 도우미 API\nProduct: Microsoft® Windows® Operating System\nCompany: Microsoft Corporation\nHashes: MD5=51D406E55561F839873F7F10623C2B35,SHA256=2E41BB97A5BA26BCBC3C6EE904D47B01D4AB39588D3F9706597BCDA378023870\nSigned: true\nSignature: Microsoft Windows\nSignatureStatus: Valid",
  "computer_name": "DESKTOP-WJANG",
  "task": "Image loaded (rule: ImageLoad)",
  "thread_id": 19220,
  "event_data": {
    "Company": "Microsoft Corporation",
    "Signed": "true",
    "Signature": "Microsoft Windows",
    "ProcessGuid": "{A376A8F6-F297-5A9C-0000-00104D2C8803}",
    "SignatureStatus": "Valid",
    "Product": "Microsoft® Windows® Operating System",
    "ImageLoaded": "C:\\Windows\\System32\\IPHLPAPI.DLL",
    "Description": "IP 도우미 API",
    "FileVersion": "10.0.16299.15 (WinBuild.160101.0800)",
    "Hashes": "MD5=51D406E55561F839873F7F10623C2B35,SHA256=2E41BB97A5BA26BCBC3C6EE904D47B01D4AB39588D3F9706597BCDA378023870",
    "UtcTime": "2018-03-05 07:32:39.713",
    "Image": "C:\\Program Files\\Mozilla Firefox\\firefox.exe",
    "ProcessId": "4624"
  },
  "source_name": "Microsoft-Windows-Sysmon",
  "version": 3,
  "record_number": "501",
  "type": "wineventlog",
  "provider_guid": "{5770385F-C22A-43E0-BF4C-06F5698FFBD9}",
  "beat": {
    "name": "DESKTOP-WJANG",
    "hostname": "DESKTOP-WJANG",
    "version": "6.2.2"
  },
  "user": {
    "name": "SYSTEM",
    "domain": "NT AUTHORITY",
    "type": "Well Known Group",
    "identifier": "S-1-5-18"
  }
}
{
  "@timestamp": "2018-03-05T07:32:39.715Z",
  "@metadata": {
    "beat": "winlogbeat",
    "type": "doc",
    "version": "6.2.2"
  },
  "opcode": "정보",
  "level": "정보",
  "event_data": {
    "Hashes": "MD5=990CC9E1BA5B6CE7BB29A968C9DFFAD6,SHA256=BC2EDDB5ED383CEC98E6953F924440032C230ECDC574E06CB814BC491E949970",
    "UtcTime": "2018-03-05 07:32:39.714",
    "Image": "C:\\Program Files\\Mozilla Firefox\\firefox.exe",
    "ImageLoaded": "C:\\Windows\\System32\\dwmapi.dll",
    "ProcessId": "4624",
    "Company": "Microsoft Corporation",
    "Signature": "Microsoft Windows",
    "Description": "Microsoft 바탕 화면 창 관리자 API",
    "Signed": "true",
    "FileVersion": "10.0.16299.15 (WinBuild.160101.0800)",
    "ProcessGuid": "{A376A8F6-F297-5A9C-0000-00104D2C8803}",
    "Product": "Microsoft® Windows® Operating System",
    "SignatureStatus": "Valid"
  },
  "provider_guid": "{5770385F-C22A-43E0-BF4C-06F5698FFBD9}",
  "message": "Image loaded:\nUtcTime: 2018-03-05 07:32:39.714\nProcessGuid: {A376A8F6-F297-5A9C-0000-00104D2C8803}\nProcessId: 4624\nImage: C:\\Program Files\\Mozilla Firefox\\firefox.exe\nImageLoaded: C:\\Windows\\System32\\dwmapi.dll\nFileVersion: 10.0.16299.15 (WinBuild.160101.0800)\nDescription: Microsoft 바탕 화면 창 관리자 API\nProduct: Microsoft® Windows® Operating System\nCompany: Microsoft Corporation\nHashes: MD5=990CC9E1BA5B6CE7BB29A968C9DFFAD6,SHA256=BC2EDDB5ED383CEC98E6953F924440032C230ECDC574E06CB814BC491E949970\nSigned: true\nSignature: Microsoft Windows\nSignatureStatus: Valid",
  "beat": {
    "name": "DESKTOP-WJANG",
    "hostname": "DESKTOP-WJANG",
    "version": "6.2.2"
  },
  "user": {
    "identifier": "S-1-5-18",
    "name": "SYSTEM",
    "domain": "NT AUTHORITY",
    "type": "Well Known Group"
  },
  "record_number": "502",
  "computer_name": "DESKTOP-WJANG",
  "version": 3,
  "event_id": 7,
  "log_name": "Microsoft-Windows-Sysmon/Operational",
  "process_id": 8608,
  "source_name": "Microsoft-Windows-Sysmon",
  "task": "Image loaded (rule: ImageLoad)",
  "thread_id": 19220,
  "type": "wineventlog"
}
{
  "@timestamp": "2018-03-05T07:32:39.717Z",
  "@metadata": {
    "beat": "winlogbeat",
    "type": "doc",
    "version": "6.2.2"
  },
  "beat": {
    "name": "DESKTOP-WJANG",
    "hostname": "DESKTOP-WJANG",
    "version": "6.2.2"
  },
  "level": "정보",
  "version": 3,
  "message": "Image loaded:\nUtcTime: 2018-03-05 07:32:39.715\nProcessGuid: {A376A8F6-F297-5A9C-0000-00104D2C8803}\nProcessId: 4624\nImage: C:\\Program Files\\Mozilla Firefox\\firefox.exe\nImageLoaded: C:\\Windows\\System32\\uxtheme.dll\nFileVersion: 10.0.16299.15 (WinBuild.160101.0800)\nDescription: Microsoft UxTheme 라이브러리\nProduct: Microsoft® Windows® Operating System\nCompany: Microsoft Corporation\nHashes: MD5=539E55FA5437F32BE0553F0B6C7DDA96,SHA256=04EACB57A6D6ED5D6CFDCE8095147ACE2C0B9AB115F17CBF007E55B280B2124B\nSigned: true\nSignature: Microsoft Windows\nSignatureStatus: Valid",
  "thread_id": 19220,
  "record_number": "503",
  "log_name": "Microsoft-Windows-Sysmon/Operational",
  "event_id": 7,
  "opcode": "정보",
  "type": "wineventlog",
  "task": "Image loaded (rule: ImageLoad)",
  "process_id": 8608,
  "user": {
    "identifier": "S-1-5-18",
    "name": "SYSTEM",
    "domain": "NT AUTHORITY",
    "type": "Well Known Group"
  },
  "source_name": "Microsoft-Windows-Sysmon",
  "event_data": {
    "FileVersion": "10.0.16299.15 (WinBuild.160101.0800)",
    "Signature": "Microsoft Windows",
    "Signed": "true",
    "UtcTime": "2018-03-05 07:32:39.715",
    "Image": "C:\\Program Files\\Mozilla Firefox\\firefox.exe",
    "Company": "Microsoft Corporation",
    "Description": "Microsoft UxTheme 라이브러리",
    "SignatureStatus": "Valid",
    "ProcessId": "4624",
    "ImageLoaded": "C:\\Windows\\System32\\uxtheme.dll",
    "Product": "Microsoft® Windows® Operating System",
    "ProcessGuid": "{A376A8F6-F297-5A9C-0000-00104D2C8803}",
    "Hashes": "MD5=539E55FA5437F32BE0553F0B6C7DDA96,SHA256=04EACB57A6D6ED5D6CFDCE8095147ACE2C0B9AB115F17CBF007E55B280B2124B"
  },
  "computer_name": "DESKTOP-WJANG",
  "provider_guid": "{5770385F-C22A-43E0-BF4C-06F5698FFBD9}"
}
{
  "@timestamp": "2018-03-05T07:32:39.717Z",
  "@metadata": {
    "beat": "winlogbeat",
    "type": "doc",
    "version": "6.2.2"
  },
  "task": "Image loaded (rule: ImageLoad)",
  "opcode": "정보",
  "event_id": 7,
  "version": 3,
  "event_data": {
    "Signature": "Microsoft Windows",
    "UtcTime": "2018-03-05 07:32:39.716",
    "ImageLoaded": "C:\\Windows\\System32\\wtsapi32.dll",
    "ProcessGuid": "{A376A8F6-F297-5A9C-0000-00104D2C8803}",
    "SignatureStatus": "Valid",
    "Hashes": "MD5=93DFD6B8F739971DC7DC23B4006C7B35,SHA256=5F4C8303857FADB06874C6CB5EAC7826D1AE4937A492DF89D91B0BA0DD0DF971",
    "ProcessId": "4624",
    "FileVersion": "10.0.16299.15 (WinBuild.160101.0800)",
    "Signed": "true",
    "Product": "Microsoft® Windows® Operating System",
    "Image": "C:\\Program Files\\Mozilla Firefox\\firefox.exe",
    "Description": "Windows Remote Desktop Session Host Server SDK APIs",
    "Company": "Microsoft Corporation"
  },
  "message": "Image loaded:\nUtcTime: 2018-03-05 07:32:39.716\nProcessGuid: {A376A8F6-F297-5A9C-0000-00104D2C8803}\nProcessId: 4624\nImage: C:\\Program Files\\Mozilla Firefox\\firefox.exe\nImageLoaded: C:\\Windows\\System32\\wtsapi32.dll\nFileVersion: 10.0.16299.15 (WinBuild.160101.0800)\nDescription: Windows Remote Desktop Session Host Server SDK APIs\nProduct: Microsoft® Windows® Operating System\nCompany: Microsoft Corporation\nHashes: MD5=93DFD6B8F739971DC7DC23B4006C7B35,SHA256=5F4C8303857FADB06874C6CB5EAC7826D1AE4937A492DF89D91B0BA0DD0DF971\nSigned: true\nSignature: Microsoft Windows\nSignatureStatus: Valid",
  "process_id": 8608,
  "beat": {
    "name": "DESKTOP-WJANG",
    "hostname": "DESKTOP-WJANG",
    "version": "6.2.2"
  },
  "level": "정보",
  "computer_name": "DESKTOP-WJANG",
  "thread_id": 19220,
  "source_name": "Microsoft-Windows-Sysmon",
  "provider_guid": "{5770385F-C22A-43E0-BF4C-06F5698FFBD9}",
  "log_name": "Microsoft-Windows-Sysmon/Operational",
  "user": {
    "identifier": "S-1-5-18",
    "name": "SYSTEM",
    "domain": "NT AUTHORITY",
    "type": "Well Known Group"
  },
  "type": "wineventlog",
  "record_number": "504"
}
{
  "@timestamp": "2018-03-05T07:32:39.734Z",
  "@metadata": {
    "beat": "winlogbeat",
    "type": "doc",
    "version": "6.2.2"
  },
  "message": "Image loaded:\nUtcTime: 2018-03-05 07:32:39.732\nProcessGuid: {A376A8F6-F297-5A9C-0000-00104D2C8803}\nProcessId: 4624\nImage: C:\\Program Files\\Mozilla Firefox\\firefox.exe\nImageLoaded: C:\\Windows\\System32\\ntmarta.dll\nFileVersion: 10.0.16299.15 (WinBuild.160101.0800)\nDescription: Windows NT MARTA 공급자\nProduct: Microsoft® Windows® Operating System\nCompany: Microsoft Corporation\nHashes: MD5=10D8788E2867B895FB4C2D1280172CAB,SHA256=DFE172BCD6F09F8DA8148AF41265E057E4B13809EEEE549DD1894767CA9347B8\nSigned: true\nSignature: Microsoft Windows\nSignatureStatus: Valid",
  "version": 3,
  "event_data": {
    "UtcTime": "2018-03-05 07:32:39.732",
    "Description": "Windows NT MARTA 공급자",
    "Signed": "true",
    "SignatureStatus": "Valid",
    "Company": "Microsoft Corporation",
    "FileVersion": "10.0.16299.15 (WinBuild.160101.0800)",
    "Image": "C:\\Program Files\\Mozilla Firefox\\firefox.exe",
    "Signature": "Microsoft Windows",
    "ProcessGuid": "{A376A8F6-F297-5A9C-0000-00104D2C8803}",
    "Hashes": "MD5=10D8788E2867B895FB4C2D1280172CAB,SHA256=DFE172BCD6F09F8DA8148AF41265E057E4B13809EEEE549DD1894767CA9347B8",
    "Product": "Microsoft® Windows® Operating System",
    "ImageLoaded": "C:\\Windows\\System32\\ntmarta.dll",
    "ProcessId": "4624"
  },
  "type": "wineventlog",
  "thread_id": 19220,
  "level": "정보",
  "event_id": 7,
  "task": "Image loaded (rule: ImageLoad)",
  "beat": {
    "name": "DESKTOP-WJANG",
    "hostname": "DESKTOP-WJANG",
    "version": "6.2.2"
  },
  "process_id": 8608,
  "log_name": "Microsoft-Windows-Sysmon/Operational",
  "record_number": "505",
  "opcode": "정보",
  "computer_name": "DESKTOP-WJANG",
  "source_name": "Microsoft-Windows-Sysmon",
  "provider_guid": "{5770385F-C22A-43E0-BF4C-06F5698FFBD9}",
  "user": {
    "name": "SYSTEM",
    "domain": "NT AUTHORITY",
    "type": "Well Known Group",
    "identifier": "S-1-5-18"
  }
}
{
  "@timestamp": "2018-03-05T07:32:39.738Z",
  "@metadata": {
    "beat": "winlogbeat",
    "type": "doc",
    "version": "6.2.2"
  },
  "event_id": 7,
  "thread_id": 19220,
  "level": "정보",
  "message": "Image loaded:\nUtcTime: 2018-03-05 07:32:39.737\nProcessGuid: {A376A8F6-F297-5A9C-0000-00104D2C8803}\nProcessId: 4624\nImage: C:\\Program Files\\Mozilla Firefox\\firefox.exe\nImageLoaded: C:\\Windows\\System32\\clbcatq.dll\nFileVersion: 2001.12.10941.16384 (WinBuild.160101.0800)\nDescription: COM+ Configuration Catalog\nProduct: Microsoft® Windows® Operating System\nCompany: Microsoft Corporation\nHashes: MD5=9DE51E0DB33FCB6D1B878E2671574C59,SHA256=6A76684A9FE5999E609339F56CF18126F86CBDEF935E1A3EE881D5BA0FAE69B4\nSigned: true\nSignature: Microsoft Windows\nSignatureStatus: Valid",
  "user": {
    "name": "SYSTEM",
    "domain": "NT AUTHORITY",
    "type": "Well Known Group",
    "identifier": "S-1-5-18"
  },
  "process_id": 8608,
  "source_name": "Microsoft-Windows-Sysmon",
  "task": "Image loaded (rule: ImageLoad)",
  "record_number": "506",
  "provider_guid": "{5770385F-C22A-43E0-BF4C-06F5698FFBD9}",
  "beat": {
    "version": "6.2.2",
    "name": "DESKTOP-WJANG",
    "hostname": "DESKTOP-WJANG"
  },
  "log_name": "Microsoft-Windows-Sysmon/Operational",
  "version": 3,
  "event_data": {
    "Signed": "true",
    "SignatureStatus": "Valid",
    "ProcessId": "4624",
    "ImageLoaded": "C:\\Windows\\System32\\clbcatq.dll",
    "Description": "COM+ Configuration Catalog",
    "Signature": "Microsoft Windows",
    "Image": "C:\\Program Files\\Mozilla Firefox\\firefox.exe",
    "Company": "Microsoft Corporation",
    "FileVersion": "2001.12.10941.16384 (WinBuild.160101.0800)",
    "Product": "Microsoft® Windows® Operating System",
    "ProcessGuid": "{A376A8F6-F297-5A9C-0000-00104D2C8803}",
    "UtcTime": "2018-03-05 07:32:39.737",
    "Hashes": "MD5=9DE51E0DB33FCB6D1B878E2671574C59,SHA256=6A76684A9FE5999E609339F56CF18126F86CBDEF935E1A3EE881D5BA0FAE69B4"
  },
  "computer_name": "DESKTOP-WJANG",
  "opcode": "정보",
  "type": "wineventlog"
}
{
  "@timestamp": "2018-03-05T07:32:39.745Z",
  "@metadata": {
    "beat": "winlogbeat",
    "type": "doc",
    "version": "6.2.2"
  },
  "level": "정보",
  "process_id": 8608,
  "event_id": 7,
  "thread_id": 23584,
  "opcode": "정보",
  "version": 3,
  "event_data": {
    "UtcTime": "2018-03-05 07:32:38.709",
    "Signed": "true",
    "SignatureStatus": "Valid",
    "Hashes": "MD5=E71B5EB47BAC66743C97E70541873E6F,SHA256=E2F0752C0F9FD2E9A58E713581CF5A9ADB4412DC08CC206F56D1EAB3DC05DDFF",
    "ImageLoaded": "C:\\Program Files\\AhnLab\\Safe Transaction\\RunTmp\\nzbrcomf.dll",
    "Company": "AhnLab, Inc.",
    "FileVersion": "1, 3, 0, 18",
    "Product": "AhnLab Safe Transaction",
    "Image": "C:\\Program Files\\Mozilla Firefox\\firefox.exe",
    "Signature": "AhnLab",
    "ProcessId": "17704",
    "ProcessGuid": "{A376A8F6-F294-5A9C-0000-001052E48503}",
    "Description": "NzBrcom Dynamic Link Library"
  },
  "log_name": "Microsoft-Windows-Sysmon/Operational",
  "provider_guid": "{5770385F-C22A-43E0-BF4C-06F5698FFBD9}",
  "record_number": "507",
  "beat": {
    "name": "DESKTOP-WJANG",
    "hostname": "DESKTOP-WJANG",
    "version": "6.2.2"
  },
  "task": "Image loaded (rule: ImageLoad)",
  "source_name": "Microsoft-Windows-Sysmon",
  "computer_name": "DESKTOP-WJANG",
  "type": "wineventlog",
  "user": {
    "identifier": "S-1-5-18",
    "name": "SYSTEM",
    "domain": "NT AUTHORITY",
    "type": "Well Known Group"
  },
  "message": "Image loaded:\nUtcTime: 2018-03-05 07:32:38.709\nProcessGuid: {A376A8F6-F294-5A9C-0000-001052E48503}\nProcessId: 17704\nImage: C:\\Program Files\\Mozilla Firefox\\firefox.exe\nImageLoaded: C:\\Program Files\\AhnLab\\Safe Transaction\\RunTmp\\nzbrcomf.dll\nFileVersion: 1, 3, 0, 18\nDescription: NzBrcom Dynamic Link Library\nProduct: AhnLab Safe Transaction\nCompany: AhnLab, Inc.\nHashes: MD5=E71B5EB47BAC66743C97E70541873E6F,SHA256=E2F0752C0F9FD2E9A58E713581CF5A9ADB4412DC08CC206F56D1EAB3DC05DDFF\nSigned: true\nSignature: AhnLab\nSignatureStatus: Valid"
}
{
  "@timestamp": "2018-03-05T07:32:39.756Z",
  "@metadata": {
    "beat": "winlogbeat",
    "type": "doc",
    "version": "6.2.2"
  },
  "type": "wineventlog",
  "version": 3,
  "user": {
    "domain": "NT AUTHORITY",
    "type": "Well Known Group",
    "identifier": "S-1-5-18",
    "name": "SYSTEM"
  },
  "event_id": 7,
  "beat": {
    "name": "DESKTOP-WJANG",
    "hostname": "DESKTOP-WJANG",
    "version": "6.2.2"
  },
  "event_data": {
    "Signed": "true",
    "Signature": "Microsoft Windows",
    "SignatureStatus": "Valid",
    "ImageLoaded": "C:\\Windows\\System32\\imagehlp.dll",
    "Description": "Windows NT Image Helper",
    "Hashes": "MD5=D008ACFA8889659F7E62793B6BE31DE5,SHA256=2C599268599BDD4ABE788E77DE4185CD2845A72CE4F0CD64917B6D3672E5BA87",
    "ProcessGuid": "{A376A8F6-F296-5A9C-0000-0010274B8703}",
    "Image": "C:\\Program Files\\Mozilla Firefox\\firefox.exe",
    "FileVersion": "10.0.16299.15 (WinBuild.160101.0800)",
    "ProcessId": "25848",
    "Company": "Microsoft Corporation",
    "Product": "Microsoft® Windows® Operating System",
    "UtcTime": "2018-03-05 07:32:39.477"
  },
  "provider_guid": "{5770385F-C22A-43E0-BF4C-06F5698FFBD9}",
  "source_name": "Microsoft-Windows-Sysmon",
  "thread_id": 23584,
  "level": "정보",
  "message": "Image loaded:\nUtcTime: 2018-03-05 07:32:39.477\nProcessGuid: {A376A8F6-F296-5A9C-0000-0010274B8703}\nProcessId: 25848\nImage: C:\\Program Files\\Mozilla Firefox\\firefox.exe\nImageLoaded: C:\\Windows\\System32\\imagehlp.dll\nFileVersion: 10.0.16299.15 (WinBuild.160101.0800)\nDescription: Windows NT Image Helper\nProduct: Microsoft® Windows® Operating System\nCompany: Microsoft Corporation\nHashes: MD5=D008ACFA8889659F7E62793B6BE31DE5,SHA256=2C599268599BDD4ABE788E77DE4185CD2845A72CE4F0CD64917B6D3672E5BA87\nSigned: true\nSignature: Microsoft Windows\nSignatureStatus: Valid",
  "task": "Image loaded (rule: ImageLoad)",
  "record_number": "508",
  "process_id": 8608,
  "computer_name": "DESKTOP-WJANG",
  "log_name": "Microsoft-Windows-Sysmon/Operational",
  "opcode": "정보"
}
{
  "@timestamp": "2018-03-05T07:32:39.756Z",
  "@metadata": {
    "beat": "winlogbeat",
    "type": "doc",
    "version": "6.2.2"
  },
  "message": "Image loaded:\nUtcTime: 2018-03-05 07:32:38.713\nProcessGuid: {A376A8F6-F294-5A9C-0000-001052E48503}\nProcessId: 17704\nImage: C:\\Program Files\\Mozilla Firefox\\firefox.exe\nImageLoaded: C:\\Windows\\System32\\imagehlp.dll\nFileVersion: 10.0.16299.15 (WinBuild.160101.0800)\nDescription: Windows NT Image Helper\nProduct: Microsoft® Windows® Operating System\nCompany: Microsoft Corporation\nHashes: MD5=D008ACFA8889659F7E62793B6BE31DE5,SHA256=2C599268599BDD4ABE788E77DE4185CD2845A72CE4F0CD64917B6D3672E5BA87\nSigned: true\nSignature: Microsoft Windows\nSignatureStatus: Valid",
  "source_name": "Microsoft-Windows-Sysmon",
  "event_id": 7,
  "process_id": 8608,
  "beat": {
    "name": "DESKTOP-WJANG",
    "hostname": "DESKTOP-WJANG",
    "version": "6.2.2"
  },
  "opcode": "정보",
  "version": 3,
  "log_name": "Microsoft-Windows-Sysmon/Operational",
  "thread_id": 23584,
  "type": "wineventlog",
  "record_number": "509",
  "event_data": {
    "ProcessGuid": "{A376A8F6-F294-5A9C-0000-001052E48503}",
    "Description": "Windows NT Image Helper",
    "Signed": "true",
    "Signature": "Microsoft Windows",
    "Company": "Microsoft Corporation",
    "UtcTime": "2018-03-05 07:32:38.713",
    "Hashes": "MD5=D008ACFA8889659F7E62793B6BE31DE5,SHA256=2C599268599BDD4ABE788E77DE4185CD2845A72CE4F0CD64917B6D3672E5BA87",
    "Image": "C:\\Program Files\\Mozilla Firefox\\firefox.exe",
    "ImageLoaded": "C:\\Windows\\System32\\imagehlp.dll",
    "FileVersion": "10.0.16299.15 (WinBuild.160101.0800)",
    "SignatureStatus": "Valid",
    "Product": "Microsoft® Windows® Operating System",
    "ProcessId": "17704"
  },
  "level": "정보",
  "provider_guid": "{5770385F-C22A-43E0-BF4C-06F5698FFBD9}",
  "task": "Image loaded (rule: ImageLoad)",
  "computer_name": "DESKTOP-WJANG",
  "user": {
    "type": "Well Known Group",
    "identifier": "S-1-5-18",
    "name": "SYSTEM",
    "domain": "NT AUTHORITY"
  }
}
