{
  "@timestamp": "2018-03-05T07:32:38.504Z",
  "@metadata": {
    "beat": "winlogbeat",
    "type": "doc",
    "version": "6.2.2"
  },
  "type": "wineventlog",
  "provider_guid": "{5770385F-C22A-43E0-BF4C-06F5698FFBD9}",
  "level": "정보",
  "event_id": 7,
  "event_data": {
    "FileVersion": "10.0.16299.15 (WinBuild.160101.0800)",
    "Hashes": "MD5=6BC85715C6A0006CDEFF1B3D7FFD796F,SHA256=7A578DD2CEB4387AE8F67F6A82AB553CA1570D1588AB6645859E5625585AF95C",
    "ProcessId": "25848",
    "Signature": "Microsoft Corporation",
    "ImageLoaded": "C:\\Program Files\\Mozilla Firefox\\api-ms-win-crt-utility-l1-1-0.dll",
    "Image": "C:\\Program Files\\Mozilla Firefox\\firefox.exe",
    "SignatureStatus": "Valid",
    "ProcessGuid": "{A376A8F6-F296-5A9C-0000-0010274B8703}",
    "Company": "Microsoft Corporation",
    "Signed": "true",
    "Description": "ApiSet Stub DLL",
    "Product": "Microsoft® Windows® Operating System",
    "UtcTime": "2018-03-05 07:32:38.503"
  },
  "record_number": "345",
  "log_name": "Microsoft-Windows-Sysmon/Operational",
  "thread_id": 19220,
  "source_name": "Microsoft-Windows-Sysmon",
  "message": "Image loaded:\nUtcTime: 2018-03-05 07:32:38.503\nProcessGuid: {A376A8F6-F296-5A9C-0000-0010274B8703}\nProcessId: 25848\nImage: C:\\Program Files\\Mozilla Firefox\\firefox.exe\nImageLoaded: C:\\Program Files\\Mozilla Firefox\\api-ms-win-crt-utility-l1-1-0.dll\nFileVersion: 10.0.16299.15 (WinBuild.160101.0800)\nDescription: ApiSet Stub DLL\nProduct: Microsoft® Windows® Operating System\nCompany: Microsoft Corporation\nHashes: MD5=6BC85715C6A0006CDEFF1B3D7FFD796F,SHA256=7A578DD2CEB4387AE8F67F6A82AB553CA1570D1588AB6645859E5625585AF95C\nSigned: true\nSignature: Microsoft Corporation\nSignatureStatus: Valid",
  "beat": {
    "name": "DESKTOP-WJANG",
    "hostname": "DESKTOP-WJANG",
    "version": "6.2.2"
  },
  "opcode": "정보",
  "task": "Image loaded (rule: ImageLoad)",
  "version": 3,
  "computer_name": "DESKTOP-WJANG",
  "process_id": 8608,
  "user": {
    "identifier": "S-1-5-18",
    "name": "SYSTEM",
    "domain": "NT AUTHORITY",
    "type": "Well Known Group"
  }
}
{
  "@timestamp": "2018-03-05T07:32:38.505Z",
  "@metadata": {
    "beat": "winlogbeat",
    "type": "doc",
    "version": "6.2.2"
  },
  "level": "정보",
  "message": "Image loaded:\nUtcTime: 2018-03-05 07:32:38.504\nProcessGuid: {A376A8F6-F296-5A9C-0000-0010274B8703}\nProcessId: 25848\nImage: C:\\Program Files\\Mozilla Firefox\\firefox.exe\nImageLoaded: C:\\Program Files\\Mozilla Firefox\\api-ms-win-crt-utility-l1-1-0.dll\nFileVersion: 10.0.16299.15 (WinBuild.160101.0800)\nDescription: ApiSet Stub DLL\nProduct: Microsoft® Windows® Operating System\nCompany: Microsoft Corporation\nHashes: MD5=6BC85715C6A0006CDEFF1B3D7FFD796F,SHA256=7A578DD2CEB4387AE8F67F6A82AB553CA1570D1588AB6645859E5625585AF95C\nSigned: true\nSignature: Microsoft Corporation\nSignatureStatus: Valid",
  "source_name": "Microsoft-Windows-Sysmon",
  "record_number": "346",
  "task": "Image loaded (rule: ImageLoad)",
  "event_data": {
    "ProcessGuid": "{A376A8F6-F296-5A9C-0000-0010274B8703}",
    "Company": "Microsoft Corporation",
    "Hashes": "MD5=6BC85715C6A0006CDEFF1B3D7FFD796F,SHA256=7A578DD2CEB4387AE8F67F6A82AB553CA1570D1588AB6645859E5625585AF95C",
    "UtcTime": "2018-03-05 07:32:38.504",
    "FileVersion": "10.0.16299.15 (WinBuild.160101.0800)",
    "Image": "C:\\Program Files\\Mozilla Firefox\\firefox.exe",
    "ProcessId": "25848",
    "ImageLoaded": "C:\\Program Files\\Mozilla Firefox\\api-ms-win-crt-utility-l1-1-0.dll",
    "SignatureStatus": "Valid",
    "Product": "Microsoft® Windows® Operating System",
    "Description": "ApiSet Stub DLL",
    "Signed": "true",
    "Signature": "Microsoft Corporation"
  },
  "event_id": 7,
  "type": "wineventlog",
  "computer_name": "DESKTOP-WJANG",
  "provider_guid": "{5770385F-C22A-43E0-BF4C-06F5698FFBD9}",
  "version": 3,
  "beat": {
    "name": "DESKTOP-WJANG",
    "hostname": "DESKTOP-WJANG",
    "version": "6.2.2"
  },
  "opcode": "정보",
  "process_id": 8608,
  "user": {
    "name": "SYSTEM",
    "domain": "NT AUTHORITY",
    "type": "Well Known Group",
    "identifier": "S-1-5-18"
  },
  "log_name": "Microsoft-Windows-Sysmon/Operational",
  "thread_id": 19220
}
{
  "@timestamp": "2018-03-05T07:32:38.506Z",
  "@metadata": {
    "beat": "winlogbeat",
    "type": "doc",
    "version": "6.2.2"
  },
  "log_name": "Microsoft-Windows-Sysmon/Operational",
  "opcode": "정보",
  "beat": {
    "name": "DESKTOP-WJANG",
    "hostname": "DESKTOP-WJANG",
    "version": "6.2.2"
  },
  "record_number": "347",
  "type": "wineventlog",
  "event_data": {
    "Signed": "true",
    "SignatureStatus": "Valid",
    "UtcTime": "2018-03-05 07:32:38.505",
    "Hashes": "MD5=CE33E864071965A945EBF037649E47E0,SHA256=1FDACB937B711ADC83764454BB3D9948B2188C32EF8FB9D1B39CACF4E9DC866F",
    "Product": "Firefox",
    "FileVersion": "58.0.2",
    "Signature": "Mozilla Corporation",
    "ProcessGuid": "{A376A8F6-F296-5A9C-0000-0010274B8703}",
    "ProcessId": "25848",
    "ImageLoaded": "C:\\Program Files\\Mozilla Firefox\\nss3.dll",
    "Company": "Mozilla Foundation",
    "Image": "C:\\Program Files\\Mozilla Firefox\\firefox.exe"
  },
  "event_id": 7,
  "provider_guid": "{5770385F-C22A-43E0-BF4C-06F5698FFBD9}",
  "process_id": 8608,
  "task": "Image loaded (rule: ImageLoad)",
  "source_name": "Microsoft-Windows-Sysmon",
  "computer_name": "DESKTOP-WJANG",
  "level": "정보",
  "user": {
    "type": "Well Known Group",
    "identifier": "S-1-5-18",
    "name": "SYSTEM",
    "domain": "NT AUTHORITY"
  },
  "version": 3,
  "message": "Image loaded:\nUtcTime: 2018-03-05 07:32:38.505\nProcessGuid: {A376A8F6-F296-5A9C-0000-0010274B8703}\nProcessId: 25848\nImage: C:\\Program Files\\Mozilla Firefox\\firefox.exe\nImageLoaded: C:\\Program Files\\Mozilla Firefox\\nss3.dll\nFileVersion: 58.0.2\nDescription: \nProduct: Firefox\nCompany: Mozilla Foundation\nHashes: MD5=CE33E864071965A945EBF037649E47E0,SHA256=1FDACB937B711ADC83764454BB3D9948B2188C32EF8FB9D1B39CACF4E9DC866F\nSigned: true\nSignature: Mozilla Corporation\nSignatureStatus: Valid",
  "thread_id": 19220
}
{
  "@timestamp": "2018-03-05T07:32:38.507Z",
  "@metadata": {
    "beat": "winlogbeat",
    "type": "doc",
    "version": "6.2.2"
  },
  "level": "정보",
  "task": "Image loaded (rule: ImageLoad)",
  "version": 3,
  "computer_name": "DESKTOP-WJANG",
  "beat": {
    "name": "DESKTOP-WJANG",
    "hostname": "DESKTOP-WJANG",
    "version": "6.2.2"
  },
  "thread_id": 19220,
  "opcode": "정보",
  "process_id": 8608,
  "provider_guid": "{5770385F-C22A-43E0-BF4C-06F5698FFBD9}",
  "message": "Image loaded:\nUtcTime: 2018-03-05 07:32:38.506\nProcessGuid: {A376A8F6-F296-5A9C-0000-0010274B8703}\nProcessId: 25848\nImage: C:\\Program Files\\Mozilla Firefox\\firefox.exe\nImageLoaded: C:\\Windows\\System32\\ws2_32.dll\nFileVersion: 10.0.16299.15 (WinBuild.160101.0800)\nDescription: Windows 소켓 2.0 32비트 DLL\nProduct: Microsoft® Windows® Operating System\nCompany: Microsoft Corporation\nHashes: MD5=65F9A604979FA0B95B35C7124DE7A8EC,SHA256=E22B1B714877E65711FBA8E965B00237BB17B636D859EAD8336460D1E4094EFD\nSigned: true\nSignature: Microsoft Windows\nSignatureStatus: Valid",
  "record_number": "348",
  "user": {
    "domain": "NT AUTHORITY",
    "type": "Well Known Group",
    "identifier": "S-1-5-18",
    "name": "SYSTEM"
  },
  "event_id": 7,
  "log_name": "Microsoft-Windows-Sysmon/Operational",
  "source_name": "Microsoft-Windows-Sysmon",
  "event_data": {
    "Product": "Microsoft® Windows® Operating System",
    "FileVersion": "10.0.16299.15 (WinBuild.160101.0800)",
    "Company": "Microsoft Corporation",
    "Image": "C:\\Program Files\\Mozilla Firefox\\firefox.exe",
    "Signature": "Microsoft Windows",
    "SignatureStatus": "Valid",
    "ProcessGuid": "{A376A8F6-F296-5A9C-0000-0010274B8703}",
    "ProcessId": "25848",
    "Signed": "true",
    "UtcTime": "2018-03-05 07:32:38.506",
    "Hashes": "MD5=65F9A604979FA0B95B35C7124DE7A8EC,SHA256=E22B1B714877E65711FBA8E965B00237BB17B636D859EAD8336460D1E4094EFD",
    "ImageLoaded": "C:\\Windows\\System32\\ws2_32.dll",
    "Description": "Windows 소켓 2.0 32비트 DLL"
  },
  "type": "wineventlog"
}
{
  "@timestamp": "2018-03-05T07:32:38.508Z",
  "@metadata": {
    "beat": "winlogbeat",
    "type": "doc",
    "version": "6.2.2"
  },
  "user": {
    "name": "SYSTEM",
    "domain": "NT AUTHORITY",
    "type": "Well Known Group",
    "identifier": "S-1-5-18"
  },
  "opcode": "정보",
  "record_number": "349",
  "log_name": "Microsoft-Windows-Sysmon/Operational",
  "event_data": {
    "Description": "MCI API DLL",
    "Signature": "Microsoft Windows",
    "Company": "Microsoft Corporation",
    "ProcessGuid": "{A376A8F6-F296-5A9C-0000-0010274B8703}",
    "ProcessId": "25848",
    "UtcTime": "2018-03-05 07:32:38.506",
    "Signed": "true",
    "ImageLoaded": "C:\\Windows\\System32\\winmm.dll",
    "Product": "Microsoft® Windows® Operating System",
    "Image": "C:\\Program Files\\Mozilla Firefox\\firefox.exe",
    "FileVersion": "10.0.16299.15 (WinBuild.160101.0800)",
    "Hashes": "MD5=C5C456871B479BDBD662268DFFCBD126,SHA256=61F642B6440273E70A27ED9BE420177182706CA11795987E66AD2435092B06B1",
    "SignatureStatus": "Valid"
  },
  "type": "wineventlog",
  "event_id": 7,
  "level": "정보",
  "beat": {
    "version": "6.2.2",
    "name": "DESKTOP-WJANG",
    "hostname": "DESKTOP-WJANG"
  },
  "thread_id": 19220,
  "provider_guid": "{5770385F-C22A-43E0-BF4C-06F5698FFBD9}",
  "task": "Image loaded (rule: ImageLoad)",
  "version": 3,
  "computer_name": "DESKTOP-WJANG",
  "source_name": "Microsoft-Windows-Sysmon",
  "process_id": 8608,
  "message": "Image loaded:\nUtcTime: 2018-03-05 07:32:38.506\nProcessGuid: {A376A8F6-F296-5A9C-0000-0010274B8703}\nProcessId: 25848\nImage: C:\\Program Files\\Mozilla Firefox\\firefox.exe\nImageLoaded: C:\\Windows\\System32\\winmm.dll\nFileVersion: 10.0.16299.15 (WinBuild.160101.0800)\nDescription: MCI API DLL\nProduct: Microsoft® Windows® Operating System\nCompany: Microsoft Corporation\nHashes: MD5=C5C456871B479BDBD662268DFFCBD126,SHA256=61F642B6440273E70A27ED9BE420177182706CA11795987E66AD2435092B06B1\nSigned: true\nSignature: Microsoft Windows\nSignatureStatus: Valid"
}
{
  "@timestamp": "2018-03-05T07:32:38.508Z",
  "@metadata": {
    "beat": "winlogbeat",
    "type": "doc",
    "version": "6.2.2"
  },
  "level": "정보",
  "thread_id": 19220,
  "event_data": {
    "Signature": "Microsoft Windows",
    "ProcessGuid": "{A376A8F6-F296-5A9C-0000-0010274B8703}",
    "Product": "Microsoft® Windows® Operating System",
    "SignatureStatus": "Valid",
    "ProcessId": "25848",
    "Description": "Windows Socket 32-Bit DLL",
    "Hashes": "MD5=514BF844F53C410B3C2ADA2995E19517,SHA256=B4BD9BAF4E67756717216C62F117FE5B3B4B38AE060C989F7D6476C864B82C91",
    "Company": "Microsoft Corporation",
    "Image": "C:\\Program Files\\Mozilla Firefox\\firefox.exe",
    "Signed": "true",
    "UtcTime": "2018-03-05 07:32:38.506",
    "FileVersion": "10.0.16299.15 (WinBuild.160101.0800)",
    "ImageLoaded": "C:\\Windows\\System32\\wsock32.dll"
  },
  "opcode": "정보",
  "type": "wineventlog",
  "beat": {
    "hostname": "DESKTOP-WJANG",
    "version": "6.2.2",
    "name": "DESKTOP-WJANG"
  },
  "record_number": "350",
  "message": "Image loaded:\nUtcTime: 2018-03-05 07:32:38.506\nProcessGuid: {A376A8F6-F296-5A9C-0000-0010274B8703}\nProcessId: 25848\nImage: C:\\Program Files\\Mozilla Firefox\\firefox.exe\nImageLoaded: C:\\Windows\\System32\\wsock32.dll\nFileVersion: 10.0.16299.15 (WinBuild.160101.0800)\nDescription: Windows Socket 32-Bit DLL\nProduct: Microsoft® Windows® Operating System\nCompany: Microsoft Corporation\nHashes: MD5=514BF844F53C410B3C2ADA2995E19517,SHA256=B4BD9BAF4E67756717216C62F117FE5B3B4B38AE060C989F7D6476C864B82C91\nSigned: true\nSignature: Microsoft Windows\nSignatureStatus: Valid",
  "computer_name": "DESKTOP-WJANG",
  "task": "Image loaded (rule: ImageLoad)",
  "process_id": 8608,
  "user": {
    "type": "Well Known Group",
    "identifier": "S-1-5-18",
    "name": "SYSTEM",
    "domain": "NT AUTHORITY"
  },
  "version": 3,
  "log_name": "Microsoft-Windows-Sysmon/Operational",
  "event_id": 7,
  "provider_guid": "{5770385F-C22A-43E0-BF4C-06F5698FFBD9}",
  "source_name": "Microsoft-Windows-Sysmon"
}
{
  "@timestamp": "2018-03-05T07:32:38.509Z",
  "@metadata": {
    "beat": "winlogbeat",
    "type": "doc",
    "version": "6.2.2"
  },
  "message": "Image loaded:\nUtcTime: 2018-03-05 07:32:38.507\nProcessGuid: {A376A8F6-F296-5A9C-0000-0010274B8703}\nProcessId: 25848\nImage: C:\\Program Files\\Mozilla Firefox\\firefox.exe\nImageLoaded: C:\\Windows\\System32\\winmmbase.dll\nFileVersion: 10.0.16299.15 (WinBuild.160101.0800)\nDescription: Base Multimedia Extension API DLL\nProduct: Microsoft® Windows® Operating System\nCompany: Microsoft Corporation\nHashes: MD5=F6CF22C148762CAC151D0739C7E491EF,SHA256=B864F145C7CB37F7695118961FAB68F8216D023AE90F8CCB31FDC7F5EA352114\nSigned: true\nSignature: Microsoft Windows\nSignatureStatus: Valid",
  "computer_name": "DESKTOP-WJANG",
  "provider_guid": "{5770385F-C22A-43E0-BF4C-06F5698FFBD9}",
  "version": 3,
  "log_name": "Microsoft-Windows-Sysmon/Operational",
  "user": {
    "domain": "NT AUTHORITY",
    "type": "Well Known Group",
    "identifier": "S-1-5-18",
    "name": "SYSTEM"
  },
  "type": "wineventlog",
  "event_id": 7,
  "event_data": {
    "FileVersion": "10.0.16299.15 (WinBuild.160101.0800)",
    "Hashes": "MD5=F6CF22C148762CAC151D0739C7E491EF,SHA256=B864F145C7CB37F7695118961FAB68F8216D023AE90F8CCB31FDC7F5EA352114",
    "Description": "Base Multimedia Extension API DLL",
    "Signed": "true",
    "ProcessGuid": "{A376A8F6-F296-5A9C-0000-0010274B8703}",
    "Image": "C:\\Program Files\\Mozilla Firefox\\firefox.exe",
    "Signature": "Microsoft Windows",
    "SignatureStatus": "Valid",
    "Company": "Microsoft Corporation",
    "ImageLoaded": "C:\\Windows\\System32\\winmmbase.dll",
    "UtcTime": "2018-03-05 07:32:38.507",
    "Product": "Microsoft® Windows® Operating System",
    "ProcessId": "25848"
  },
  "opcode": "정보",
  "process_id": 8608,
  "source_name": "Microsoft-Windows-Sysmon",
  "level": "정보",
  "task": "Image loaded (rule: ImageLoad)",
  "thread_id": 19220,
  "record_number": "351",
  "beat": {
    "name": "DESKTOP-WJANG",
    "hostname": "DESKTOP-WJANG",
    "version": "6.2.2"
  }
}
{
  "@timestamp": "2018-03-05T07:32:38.510Z",
  "@metadata": {
    "beat": "winlogbeat",
    "type": "doc",
    "version": "6.2.2"
  },
  "log_name": "Microsoft-Windows-Sysmon/Operational",
  "event_data": {
    "UtcTime": "2018-03-05 07:32:38.507",
    "Product": "Microsoft® Windows® Operating System",
    "Hashes": "MD5=F6CF22C148762CAC151D0739C7E491EF,SHA256=B864F145C7CB37F7695118961FAB68F8216D023AE90F8CCB31FDC7F5EA352114",
    "SignatureStatus": "Valid",
    "ProcessGuid": "{A376A8F6-F296-5A9C-0000-0010274B8703}",
    "Signed": "true",
    "FileVersion": "10.0.16299.15 (WinBuild.160101.0800)",
    "Company": "Microsoft Corporation",
    "ImageLoaded": "C:\\Windows\\System32\\winmmbase.dll",
    "ProcessId": "25848",
    "Image": "C:\\Program Files\\Mozilla Firefox\\firefox.exe",
    "Description": "Base Multimedia Extension API DLL",
    "Signature": "Microsoft Windows"
  },
  "user": {
    "type": "Well Known Group",
    "identifier": "S-1-5-18",
    "name": "SYSTEM",
    "domain": "NT AUTHORITY"
  },
  "event_id": 7,
  "provider_guid": "{5770385F-C22A-43E0-BF4C-06F5698FFBD9}",
  "level": "정보",
  "task": "Image loaded (rule: ImageLoad)",
  "message": "Image loaded:\nUtcTime: 2018-03-05 07:32:38.507\nProcessGuid: {A376A8F6-F296-5A9C-0000-0010274B8703}\nProcessId: 25848\nImage: C:\\Program Files\\Mozilla Firefox\\firefox.exe\nImageLoaded: C:\\Windows\\System32\\winmmbase.dll\nFileVersion: 10.0.16299.15 (WinBuild.160101.0800)\nDescription: Base Multimedia Extension API DLL\nProduct: Microsoft® Windows® Operating System\nCompany: Microsoft Corporation\nHashes: MD5=F6CF22C148762CAC151D0739C7E491EF,SHA256=B864F145C7CB37F7695118961FAB68F8216D023AE90F8CCB31FDC7F5EA352114\nSigned: true\nSignature: Microsoft Windows\nSignatureStatus: Valid",
  "record_number": "352",
  "source_name": "Microsoft-Windows-Sysmon",
  "thread_id": 19220,
  "process_id": 8608,
  "beat": {
    "hostname": "DESKTOP-WJANG",
    "version": "6.2.2",
    "name": "DESKTOP-WJANG"
  },
  "computer_name": "DESKTOP-WJANG",
  "type": "wineventlog",
  "version": 3,
  "opcode": "정보"
}
{
  "@timestamp": "2018-03-05T07:32:38.511Z",
  "@metadata": {
    "beat": "winlogbeat",
    "type": "doc",
    "version": "6.2.2"
  },
  "user": {
    "type": "Well Known Group",
    "identifier": "S-1-5-18",
    "name": "SYSTEM",
    "domain": "NT AUTHORITY"
  },
  "thread_id": 19220,
  "process_id": 8608,
  "beat": {
    "name": "DESKTOP-WJANG",
    "hostname": "DESKTOP-WJANG",
    "version": "6.2.2"
  },
  "record_number": "353",
  "level": "정보",
  "computer_name": "DESKTOP-WJANG",
  "version": 3,
  "log_name": "Microsoft-Windows-Sysmon/Operational",
  "type": "wineventlog",
  "opcode": "정보",
  "message": "Image loaded:\nUtcTime: 2018-03-05 07:32:38.507\nProcessGuid: {A376A8F6-F296-5A9C-0000-0010274B8703}\nProcessId: 25848\nImage: C:\\Program Files\\Mozilla Firefox\\firefox.exe\nImageLoaded: C:\\Windows\\System32\\winmmbase.dll\nFileVersion: 10.0.16299.15 (WinBuild.160101.0800)\nDescription: Base Multimedia Extension API DLL\nProduct: Microsoft® Windows® Operating System\nCompany: Microsoft Corporation\nHashes: MD5=F6CF22C148762CAC151D0739C7E491EF,SHA256=B864F145C7CB37F7695118961FAB68F8216D023AE90F8CCB31FDC7F5EA352114\nSigned: true\nSignature: Microsoft Windows\nSignatureStatus: Valid",
  "provider_guid": "{5770385F-C22A-43E0-BF4C-06F5698FFBD9}",
  "source_name": "Microsoft-Windows-Sysmon",
  "event_id": 7,
  "task": "Image loaded (rule: ImageLoad)",
  "event_data": {
    "Hashes": "MD5=F6CF22C148762CAC151D0739C7E491EF,SHA256=B864F145C7CB37F7695118961FAB68F8216D023AE90F8CCB31FDC7F5EA352114",
    "Signature": "Microsoft Windows",
    "SignatureStatus": "Valid",
    "UtcTime": "2018-03-05 07:32:38.507",
    "Image": "C:\\Program Files\\Mozilla Firefox\\firefox.exe",
    "ProcessGuid": "{A376A8F6-F296-5A9C-0000-0010274B8703}",
    "FileVersion": "10.0.16299.15 (WinBuild.160101.0800)",
    "Signed": "true",
    "ProcessId": "25848",
    "ImageLoaded": "C:\\Windows\\System32\\winmmbase.dll",
    "Description": "Base Multimedia Extension API DLL",
    "Product": "Microsoft® Windows® Operating System",
    "Company": "Microsoft Corporation"
  }
}
{
  "@timestamp": "2018-03-05T07:32:38.511Z",
  "@metadata": {
    "beat": "winlogbeat",
    "type": "doc",
    "version": "6.2.2"
  },
  "event_id": 7,
  "type": "wineventlog",
  "log_name": "Microsoft-Windows-Sysmon/Operational",
  "version": 3,
  "message": "Image loaded:\nUtcTime: 2018-03-05 07:32:38.507\nProcessGuid: {A376A8F6-F296-5A9C-0000-0010274B8703}\nProcessId: 25848\nImage: C:\\Program Files\\Mozilla Firefox\\firefox.exe\nImageLoaded: C:\\Windows\\System32\\cfgmgr32.dll\nFileVersion: 10.0.16299.15 (WinBuild.160101.0800)\nDescription: Configuration Manager DLL\nProduct: Microsoft® Windows® Operating System\nCompany: Microsoft Corporation\nHashes: MD5=8A4B53289A302D72F6FD7E20C3F6DF82,SHA256=30C4191AFB1BA37833FF4155890CE9F7869CAD645C39F1EEA0EFA3374D799D53\nSigned: true\nSignature: Microsoft Windows\nSignatureStatus: Valid",
  "record_number": "354",
  "user": {
    "identifier": "S-1-5-18",
    "name": "SYSTEM",
    "domain": "NT AUTHORITY",
    "type": "Well Known Group"
  },
  "computer_name": "DESKTOP-WJANG",
  "opcode": "정보",
  "process_id": 8608,
  "event_data": {
    "Description": "Configuration Manager DLL",
    "Signature": "Microsoft Windows",
    "SignatureStatus": "Valid",
    "UtcTime": "2018-03-05 07:32:38.507",
    "ImageLoaded": "C:\\Windows\\System32\\cfgmgr32.dll",
    "Company": "Microsoft Corporation",
    "ProcessGuid": "{A376A8F6-F296-5A9C-0000-0010274B8703}",
    "FileVersion": "10.0.16299.15 (WinBuild.160101.0800)",
    "Hashes": "MD5=8A4B53289A302D72F6FD7E20C3F6DF82,SHA256=30C4191AFB1BA37833FF4155890CE9F7869CAD645C39F1EEA0EFA3374D799D53",
    "Signed": "true",
    "Product": "Microsoft® Windows® Operating System",
    "Image": "C:\\Program Files\\Mozilla Firefox\\firefox.exe",
    "ProcessId": "25848"
  },
  "beat": {
    "name": "DESKTOP-WJANG",
    "hostname": "DESKTOP-WJANG",
    "version": "6.2.2"
  },
  "provider_guid": "{5770385F-C22A-43E0-BF4C-06F5698FFBD9}",
  "task": "Image loaded (rule: ImageLoad)",
  "level": "정보",
  "source_name": "Microsoft-Windows-Sysmon",
  "thread_id": 19220
}
{
  "@timestamp": "2018-03-05T07:32:38.512Z",
  "@metadata": {
    "beat": "winlogbeat",
    "type": "doc",
    "version": "6.2.2"
  },
  "computer_name": "DESKTOP-WJANG",
  "user": {
    "name": "SYSTEM",
    "domain": "NT AUTHORITY",
    "type": "Well Known Group",
    "identifier": "S-1-5-18"
  },
  "beat": {
    "name": "DESKTOP-WJANG",
    "hostname": "DESKTOP-WJANG",
    "version": "6.2.2"
  },
  "task": "Image loaded (rule: ImageLoad)",
  "record_number": "355",
  "version": 3,
  "source_name": "Microsoft-Windows-Sysmon",
  "event_data": {
    "ProcessId": "25848",
    "Signed": "true",
    "Image": "C:\\Program Files\\Mozilla Firefox\\firefox.exe",
    "Product": "Firefox",
    "UtcTime": "2018-03-05 07:32:38.508",
    "Signature": "Mozilla Corporation",
    "ImageLoaded": "C:\\Program Files\\Mozilla Firefox\\lgpllibs.dll",
    "ProcessGuid": "{A376A8F6-F296-5A9C-0000-0010274B8703}",
    "FileVersion": "58.0.2",
    "Hashes": "MD5=C29FDC1546C3C525C69B6D23193D07EF,SHA256=6808CAAC17FA1ECEA61645ECD215FCD8D48F8BEDC635444A6D84087D44230076",
    "Company": "Mozilla Foundation",
    "SignatureStatus": "Valid"
  },
  "event_id": 7,
  "level": "정보",
  "log_name": "Microsoft-Windows-Sysmon/Operational",
  "message": "Image loaded:\nUtcTime: 2018-03-05 07:32:38.508\nProcessGuid: {A376A8F6-F296-5A9C-0000-0010274B8703}\nProcessId: 25848\nImage: C:\\Program Files\\Mozilla Firefox\\firefox.exe\nImageLoaded: C:\\Program Files\\Mozilla Firefox\\lgpllibs.dll\nFileVersion: 58.0.2\nDescription: \nProduct: Firefox\nCompany: Mozilla Foundation\nHashes: MD5=C29FDC1546C3C525C69B6D23193D07EF,SHA256=6808CAAC17FA1ECEA61645ECD215FCD8D48F8BEDC635444A6D84087D44230076\nSigned: true\nSignature: Mozilla Corporation\nSignatureStatus: Valid",
  "opcode": "정보",
  "process_id": 8608,
  "thread_id": 19220,
  "type": "wineventlog",
  "provider_guid": "{5770385F-C22A-43E0-BF4C-06F5698FFBD9}"
}
{
  "@timestamp": "2018-03-05T07:32:38.531Z",
  "@metadata": {
    "beat": "winlogbeat",
    "type": "doc",
    "version": "6.2.2"
  },
  "computer_name": "DESKTOP-WJANG",
  "beat": {
    "name": "DESKTOP-WJANG",
    "hostname": "DESKTOP-WJANG",
    "version": "6.2.2"
  },
  "version": 3,
  "level": "정보",
  "provider_guid": "{5770385F-C22A-43E0-BF4C-06F5698FFBD9}",
  "message": "Image loaded:\nUtcTime: 2018-03-05 07:32:38.530\nProcessGuid: {A376A8F6-F296-5A9C-0000-0010274B8703}\nProcessId: 25848\nImage: C:\\Program Files\\Mozilla Firefox\\firefox.exe\nImageLoaded: C:\\Program Files\\Mozilla Firefox\\xul.dll\nFileVersion: 58.0.2\nDescription: \nProduct: Firefox\nCompany: Mozilla Foundation\nHashes: MD5=DA7B4F20D6D50628319B8AD386781278,SHA256=8AD87B54190CBE2AD6EF073D820102ABD3097F342BD1607E336F1F0A4698C5AF\nSigned: true\nSignature: Mozilla Corporation\nSignatureStatus: Valid",
  "log_name": "Microsoft-Windows-Sysmon/Operational",
  "source_name": "Microsoft-Windows-Sysmon",
  "process_id": 8608,
  "task": "Image loaded (rule: ImageLoad)",
  "opcode": "정보",
  "user": {
    "domain": "NT AUTHORITY",
    "type": "Well Known Group",
    "identifier": "S-1-5-18",
    "name": "SYSTEM"
  },
  "thread_id": 19220,
  "event_data": {
    "Company": "Mozilla Foundation",
    "ProcessId": "25848",
    "FileVersion": "58.0.2",
    "Signature": "Mozilla Corporation",
    "ProcessGuid": "{A376A8F6-F296-5A9C-0000-0010274B8703}",
    "UtcTime": "2018-03-05 07:32:38.530",
    "Image": "C:\\Program Files\\Mozilla Firefox\\firefox.exe",
    "SignatureStatus": "Valid",
    "ImageLoaded": "C:\\Program Files\\Mozilla Firefox\\xul.dll",
    "Product": "Firefox",
    "Hashes": "MD5=DA7B4F20D6D50628319B8AD386781278,SHA256=8AD87B54190CBE2AD6EF073D820102ABD3097F342BD1607E336F1F0A4698C5AF",
    "Signed": "true"
  },
  "record_number": "356",
  "type": "wineventlog",
  "event_id": 7
}
{
  "@timestamp": "2018-03-05T07:32:38.531Z",
  "@metadata": {
    "beat": "winlogbeat",
    "type": "doc",
    "version": "6.2.2"
  },
  "record_number": "357",
  "source_name": "Microsoft-Windows-Sysmon",
  "beat": {
    "name": "DESKTOP-WJANG",
    "hostname": "DESKTOP-WJANG",
    "version": "6.2.2"
  },
  "user": {
    "identifier": "S-1-5-18",
    "name": "SYSTEM",
    "domain": "NT AUTHORITY",
    "type": "Well Known Group"
  },
  "event_data": {
    "UtcTime": "2018-03-05 07:32:38.530",
    "Company": "Microsoft Corporation",
    "Signature": "Microsoft Windows",
    "Description": "Windows 셸 공용 Dll",
    "ProcessGuid": "{A376A8F6-F296-5A9C-0000-0010274B8703}",
    "FileVersion": "10.0.16299.15 (WinBuild.160101.0800)",
    "ProcessId": "25848",
    "Image": "C:\\Program Files\\Mozilla Firefox\\firefox.exe",
    "ImageLoaded": "C:\\Windows\\System32\\shell32.dll",
    "Hashes": "MD5=E6CCA4E96CA9AA05B0B6518AF403767E,SHA256=66225B3B3D9BA3F1630C28F9A8FC330197B31D3A0FF52309705BAF6B69BCC2FE",
    "Signed": "true",
    "Product": "Microsoft® Windows® Operating System",
    "SignatureStatus": "Valid"
  },
  "computer_name": "DESKTOP-WJANG",
  "version": 3,
  "level": "정보",
  "message": "Image loaded:\nUtcTime: 2018-03-05 07:32:38.530\nProcessGuid: {A376A8F6-F296-5A9C-0000-0010274B8703}\nProcessId: 25848\nImage: C:\\Program Files\\Mozilla Firefox\\firefox.exe\nImageLoaded: C:\\Windows\\System32\\shell32.dll\nFileVersion: 10.0.16299.15 (WinBuild.160101.0800)\nDescription: Windows 셸 공용 Dll\nProduct: Microsoft® Windows® Operating System\nCompany: Microsoft Corporation\nHashes: MD5=E6CCA4E96CA9AA05B0B6518AF403767E,SHA256=66225B3B3D9BA3F1630C28F9A8FC330197B31D3A0FF52309705BAF6B69BCC2FE\nSigned: true\nSignature: Microsoft Windows\nSignatureStatus: Valid",
  "log_name": "Microsoft-Windows-Sysmon/Operational",
  "process_id": 8608,
  "thread_id": 19220,
  "provider_guid": "{5770385F-C22A-43E0-BF4C-06F5698FFBD9}",
  "task": "Image loaded (rule: ImageLoad)",
  "opcode": "정보",
  "type": "wineventlog",
  "event_id": 7
}
{
  "@timestamp": "2018-03-05T07:32:38.532Z",
  "@metadata": {
    "beat": "winlogbeat",
    "type": "doc",
    "version": "6.2.2"
  },
  "opcode": "정보",
  "event_data": {
    "Signed": "true",
    "Image": "C:\\Program Files\\Mozilla Firefox\\firefox.exe",
    "Description": "SHCORE",
    "Signature": "Microsoft Windows",
    "UtcTime": "2018-03-05 07:32:38.530",
    "FileVersion": "10.0.16299.15 (WinBuild.160101.0800)",
    "Company": "Microsoft Corporation",
    "Hashes": "MD5=9D0D011204DD79D53A9BC9F87FC86E7A,SHA256=7276EB9F44D866F6C9AE9FFEBCADE4E4B0B1E78B53103150E4C2AF58C0300044",
    "ProcessId": "25848",
    "Product": "Microsoft® Windows® Operating System",
    "SignatureStatus": "Valid",
    "ProcessGuid": "{A376A8F6-F296-5A9C-0000-0010274B8703}",
    "ImageLoaded": "C:\\Windows\\System32\\SHCore.dll"
  },
  "log_name": "Microsoft-Windows-Sysmon/Operational",
  "user": {
    "identifier": "S-1-5-18",
    "name": "SYSTEM",
    "domain": "NT AUTHORITY",
    "type": "Well Known Group"
  },
  "record_number": "358",
  "type": "wineventlog",
  "process_id": 8608,
  "source_name": "Microsoft-Windows-Sysmon",
  "event_id": 7,
  "provider_guid": "{5770385F-C22A-43E0-BF4C-06F5698FFBD9}",
  "task": "Image loaded (rule: ImageLoad)",
  "beat": {
    "name": "DESKTOP-WJANG",
    "hostname": "DESKTOP-WJANG",
    "version": "6.2.2"
  },
  "thread_id": 19220,
  "message": "Image loaded:\nUtcTime: 2018-03-05 07:32:38.530\nProcessGuid: {A376A8F6-F296-5A9C-0000-0010274B8703}\nProcessId: 25848\nImage: C:\\Program Files\\Mozilla Firefox\\firefox.exe\nImageLoaded: C:\\Windows\\System32\\SHCore.dll\nFileVersion: 10.0.16299.15 (WinBuild.160101.0800)\nDescription: SHCORE\nProduct: Microsoft® Windows® Operating System\nCompany: Microsoft Corporation\nHashes: MD5=9D0D011204DD79D53A9BC9F87FC86E7A,SHA256=7276EB9F44D866F6C9AE9FFEBCADE4E4B0B1E78B53103150E4C2AF58C0300044\nSigned: true\nSignature: Microsoft Windows\nSignatureStatus: Valid",
  "level": "정보",
  "version": 3,
  "computer_name": "DESKTOP-WJANG"
}
{
  "@timestamp": "2018-03-05T07:32:38.532Z",
  "@metadata": {
    "beat": "winlogbeat",
    "type": "doc",
    "version": "6.2.2"
  },
  "log_name": "Microsoft-Windows-Sysmon/Operational",
  "event_id": 7,
  "user": {
    "domain": "NT AUTHORITY",
    "type": "Well Known Group",
    "identifier": "S-1-5-18",
    "name": "SYSTEM"
  },
  "provider_guid": "{5770385F-C22A-43E0-BF4C-06F5698FFBD9}",
  "process_id": 8608,
  "source_name": "Microsoft-Windows-Sysmon",
  "computer_name": "DESKTOP-WJANG",
  "type": "wineventlog",
  "beat": {
    "hostname": "DESKTOP-WJANG",
    "version": "6.2.2",
    "name": "DESKTOP-WJANG"
  },
  "event_data": {
    "Signature": "Microsoft Windows",
    "ProcessId": "25848",
    "Signed": "true",
    "SignatureStatus": "Valid",
    "Company": "Microsoft Corporation",
    "Hashes": "MD5=FF2331ACDFE6E06A7D016A71EDAEF37F,SHA256=D155A37C95000D4F7E727687DDA0BE9B2D26B3B764966A212B4129FE7E2BD369",
    "Product": "Microsoft® Windows® Operating System",
    "Image": "C:\\Program Files\\Mozilla Firefox\\firefox.exe",
    "FileVersion": "10.0.16299.15 (WinBuild.160101.0800)",
    "ProcessGuid": "{A376A8F6-F296-5A9C-0000-0010274B8703}",
    "ImageLoaded": "C:\\Windows\\System32\\windows.storage.dll",
    "Description": "Microsoft WinRT 저장소 API",
    "UtcTime": "2018-03-05 07:32:38.531"
  },
  "version": 3,
  "opcode": "정보",
  "thread_id": 19220,
  "level": "정보",
  "message": "Image loaded:\nUtcTime: 2018-03-05 07:32:38.531\nProcessGuid: {A376A8F6-F296-5A9C-0000-0010274B8703}\nProcessId: 25848\nImage: C:\\Program Files\\Mozilla Firefox\\firefox.exe\nImageLoaded: C:\\Windows\\System32\\windows.storage.dll\nFileVersion: 10.0.16299.15 (WinBuild.160101.0800)\nDescription: Microsoft WinRT 저장소 API\nProduct: Microsoft® Windows® Operating System\nCompany: Microsoft Corporation\nHashes: MD5=FF2331ACDFE6E06A7D016A71EDAEF37F,SHA256=D155A37C95000D4F7E727687DDA0BE9B2D26B3B764966A212B4129FE7E2BD369\nSigned: true\nSignature: Microsoft Windows\nSignatureStatus: Valid",
  "record_number": "359",
  "task": "Image loaded (rule: ImageLoad)"
}
{
  "@timestamp": "2018-03-05T07:32:38.532Z",
  "@metadata": {
    "beat": "winlogbeat",
    "type": "doc",
    "version": "6.2.2"
  },
  "log_name": "Microsoft-Windows-Sysmon/Operational",
  "message": "Image loaded:\nUtcTime: 2018-03-05 07:32:38.532\nProcessGuid: {A376A8F6-F296-5A9C-0000-0010274B8703}\nProcessId: 25848\nImage: C:\\Program Files\\Mozilla Firefox\\firefox.exe\nImageLoaded: C:\\Windows\\System32\\kernel.appcore.dll\nFileVersion: 10.0.16299.15 (WinBuild.160101.0800)\nDescription: AppModel API Host\nProduct: Microsoft® Windows® Operating System\nCompany: Microsoft Corporation\nHashes: MD5=7BE8708016C9FA098E47D19998454E37,SHA256=905DF64416030472E727DA5E73E62453C2B7B738062195E51D9A68FCED198569\nSigned: true\nSignature: Microsoft Windows\nSignatureStatus: Valid",
  "type": "wineventlog",
  "computer_name": "DESKTOP-WJANG",
  "opcode": "정보",
  "record_number": "360",
  "source_name": "Microsoft-Windows-Sysmon",
  "user": {
    "type": "Well Known Group",
    "identifier": "S-1-5-18",
    "name": "SYSTEM",
    "domain": "NT AUTHORITY"
  },
  "beat": {
    "name": "DESKTOP-WJANG",
    "hostname": "DESKTOP-WJANG",
    "version": "6.2.2"
  },
  "provider_guid": "{5770385F-C22A-43E0-BF4C-06F5698FFBD9}",
  "event_id": 7,
  "version": 3,
  "thread_id": 19220,
  "event_data": {
    "FileVersion": "10.0.16299.15 (WinBuild.160101.0800)",
    "Description": "AppModel API Host",
    "Signature": "Microsoft Windows",
    "Signed": "true",
    "UtcTime": "2018-03-05 07:32:38.532",
    "ImageLoaded": "C:\\Windows\\System32\\kernel.appcore.dll",
    "SignatureStatus": "Valid",
    "Image": "C:\\Program Files\\Mozilla Firefox\\firefox.exe",
    "ProcessId": "25848",
    "Product": "Microsoft® Windows® Operating System",
    "ProcessGuid": "{A376A8F6-F296-5A9C-0000-0010274B8703}",
    "Company": "Microsoft Corporation",
    "Hashes": "MD5=7BE8708016C9FA098E47D19998454E37,SHA256=905DF64416030472E727DA5E73E62453C2B7B738062195E51D9A68FCED198569"
  },
  "task": "Image loaded (rule: ImageLoad)",
  "level": "정보",
  "process_id": 8608
}
{
  "@timestamp": "2018-03-05T07:32:38.533Z",
  "@metadata": {
    "beat": "winlogbeat",
    "type": "doc",
    "version": "6.2.2"
  },
  "computer_name": "DESKTOP-WJANG",
  "log_name": "Microsoft-Windows-Sysmon/Operational",
  "event_id": 7,
  "task": "Image loaded (rule: ImageLoad)",
  "message": "Image loaded:\nUtcTime: 2018-03-05 07:32:38.531\nProcessGuid: {A376A8F6-F296-5A9C-0000-0010274B8703}\nProcessId: 25848\nImage: C:\\Program Files\\Mozilla Firefox\\firefox.exe\nImageLoaded: C:\\Windows\\System32\\shlwapi.dll\nFileVersion: 10.0.16299.15 (WinBuild.160101.0800)\nDescription: 셸 표준 이하 유틸리티 라이브러리\nProduct: Microsoft® Windows® Operating System\nCompany: Microsoft Corporation\nHashes: MD5=15D837C46191746FCA2BE7F6A401FA87,SHA256=5999E2C6242917465202FFEA991E2CE80823E3F985D5DE7EA88DCEF91EC91430\nSigned: true\nSignature: Microsoft Windows\nSignatureStatus: Valid",
  "level": "정보",
  "provider_guid": "{5770385F-C22A-43E0-BF4C-06F5698FFBD9}",
  "opcode": "정보",
  "user": {
    "type": "Well Known Group",
    "identifier": "S-1-5-18",
    "name": "SYSTEM",
    "domain": "NT AUTHORITY"
  },
  "version": 3,
  "source_name": "Microsoft-Windows-Sysmon",
  "beat": {
    "name": "DESKTOP-WJANG",
    "hostname": "DESKTOP-WJANG",
    "version": "6.2.2"
  },
  "event_data": {
    "ProcessGuid": "{A376A8F6-F296-5A9C-0000-0010274B8703}",
    "Image": "C:\\Program Files\\Mozilla Firefox\\firefox.exe",
    "Hashes": "MD5=15D837C46191746FCA2BE7F6A401FA87,SHA256=5999E2C6242917465202FFEA991E2CE80823E3F985D5DE7EA88DCEF91EC91430",
    "ProcessId": "25848",
    "Description": "셸 표준 이하 유틸리티 라이브러리",
    "Company": "Microsoft Corporation",
    "Signature": "Microsoft Windows",
    "UtcTime": "2018-03-05 07:32:38.531",
    "Product": "Microsoft® Windows® Operating System",
    "SignatureStatus": "Valid",
    "Signed": "true",
    "ImageLoaded": "C:\\Windows\\System32\\shlwapi.dll",
    "FileVersion": "10.0.16299.15 (WinBuild.160101.0800)"
  },
  "process_id": 8608,
  "type": "wineventlog",
  "thread_id": 19220,
  "record_number": "361"
}
{
  "@timestamp": "2018-03-05T07:32:38.533Z",
  "@metadata": {
    "beat": "winlogbeat",
    "type": "doc",
    "version": "6.2.2"
  },
  "log_name": "Microsoft-Windows-Sysmon/Operational",
  "user": {
    "identifier": "S-1-5-18",
    "name": "SYSTEM",
    "domain": "NT AUTHORITY",
    "type": "Well Known Group"
  },
  "level": "정보",
  "message": "Image loaded:\nUtcTime: 2018-03-05 07:32:38.532\nProcessGuid: {A376A8F6-F296-5A9C-0000-0010274B8703}\nProcessId: 25848\nImage: C:\\Program Files\\Mozilla Firefox\\firefox.exe\nImageLoaded: C:\\Windows\\System32\\powrprof.dll\nFileVersion: 10.0.16299.15 (WinBuild.160101.0800)\nDescription: 전원 프로필 도우미 DLL\nProduct: Microsoft® Windows® Operating System\nCompany: Microsoft Corporation\nHashes: MD5=4580ECECF4D30851E347345EE39628AE,SHA256=25CDF5E8F270BB80A6F312AB0717987ED230C557F089C3FD1D31E42148C5B759\nSigned: true\nSignature: Microsoft Windows\nSignatureStatus: Valid",
  "process_id": 8608,
  "beat": {
    "name": "DESKTOP-WJANG",
    "hostname": "DESKTOP-WJANG",
    "version": "6.2.2"
  },
  "source_name": "Microsoft-Windows-Sysmon",
  "computer_name": "DESKTOP-WJANG",
  "type": "wineventlog",
  "version": 3,
  "opcode": "정보",
  "provider_guid": "{5770385F-C22A-43E0-BF4C-06F5698FFBD9}",
  "event_id": 7,
  "event_data": {
    "Product": "Microsoft® Windows® Operating System",
    "Signed": "true",
    "ProcessGuid": "{A376A8F6-F296-5A9C-0000-0010274B8703}",
    "Image": "C:\\Program Files\\Mozilla Firefox\\firefox.exe",
    "ImageLoaded": "C:\\Windows\\System32\\powrprof.dll",
    "Description": "전원 프로필 도우미 DLL",
    "UtcTime": "2018-03-05 07:32:38.532",
    "Signature": "Microsoft Windows",
    "FileVersion": "10.0.16299.15 (WinBuild.160101.0800)",
    "ProcessId": "25848",
    "SignatureStatus": "Valid",
    "Hashes": "MD5=4580ECECF4D30851E347345EE39628AE,SHA256=25CDF5E8F270BB80A6F312AB0717987ED230C557F089C3FD1D31E42148C5B759",
    "Company": "Microsoft Corporation"
  },
  "record_number": "362",
  "thread_id": 19220,
  "task": "Image loaded (rule: ImageLoad)"
}
{
  "@timestamp": "2018-03-05T07:32:38.534Z",
  "@metadata": {
    "beat": "winlogbeat",
    "type": "doc",
    "version": "6.2.2"
  },
  "event_data": {
    "Signed": "true",
    "Hashes": "MD5=7FF50EC90E6A93FCEF9C0BA01F4F46DB,SHA256=B7182EDCE675D5B294C8D97626FF8793ED67FAFBBC7A178F6621F31988A90FA3",
    "Company": "Microsoft Corporation",
    "Image": "C:\\Program Files\\Mozilla Firefox\\firefox.exe",
    "ProcessGuid": "{A376A8F6-F296-5A9C-0000-0010274B8703}",
    "Product": "Microsoft® Windows® Operating System",
    "Signature": "Microsoft Windows",
    "Description": "User Profile Basic API",
    "FileVersion": "10.0.16299.15 (WinBuild.160101.0800)",
    "SignatureStatus": "Valid",
    "ProcessId": "25848",
    "UtcTime": "2018-03-05 07:32:38.532",
    "ImageLoaded": "C:\\Windows\\System32\\profapi.dll"
  },
  "log_name": "Microsoft-Windows-Sysmon/Operational",
  "record_number": "363",
  "task": "Image loaded (rule: ImageLoad)",
  "message": "Image loaded:\nUtcTime: 2018-03-05 07:32:38.532\nProcessGuid: {A376A8F6-F296-5A9C-0000-0010274B8703}\nProcessId: 25848\nImage: C:\\Program Files\\Mozilla Firefox\\firefox.exe\nImageLoaded: C:\\Windows\\System32\\profapi.dll\nFileVersion: 10.0.16299.15 (WinBuild.160101.0800)\nDescription: User Profile Basic API\nProduct: Microsoft® Windows® Operating System\nCompany: Microsoft Corporation\nHashes: MD5=7FF50EC90E6A93FCEF9C0BA01F4F46DB,SHA256=B7182EDCE675D5B294C8D97626FF8793ED67FAFBBC7A178F6621F31988A90FA3\nSigned: true\nSignature: Microsoft Windows\nSignatureStatus: Valid",
  "provider_guid": "{5770385F-C22A-43E0-BF4C-06F5698FFBD9}",
  "computer_name": "DESKTOP-WJANG",
  "source_name": "Microsoft-Windows-Sysmon",
  "beat": {
    "name": "DESKTOP-WJANG",
    "hostname": "DESKTOP-WJANG",
    "version": "6.2.2"
  },
  "process_id": 8608,
  "type": "wineventlog",
  "event_id": 7,
  "opcode": "정보",
  "thread_id": 19220,
  "user": {
    "identifier": "S-1-5-18",
    "name": "SYSTEM",
    "domain": "NT AUTHORITY",
    "type": "Well Known Group"
  },
  "version": 3,
  "level": "정보"
}
{
  "@timestamp": "2018-03-05T07:32:38.534Z",
  "@metadata": {
    "beat": "winlogbeat",
    "type": "doc",
    "version": "6.2.2"
  },
  "record_number": "364",
  "opcode": "정보",
  "version": 3,
  "task": "Image loaded (rule: ImageLoad)",
  "type": "wineventlog",
  "beat": {
    "version": "6.2.2",
    "name": "DESKTOP-WJANG",
    "hostname": "DESKTOP-WJANG"
  },
  "thread_id": 19220,
  "event_id": 7,
  "log_name": "Microsoft-Windows-Sysmon/Operational",
  "process_id": 8608,
  "computer_name": "DESKTOP-WJANG",
  "level": "정보",
  "message": "Image loaded:\nUtcTime: 2018-03-05 07:32:38.533\nProcessGuid: {A376A8F6-F296-5A9C-0000-0010274B8703}\nProcessId: 25848\nImage: C:\\Program Files\\Mozilla Firefox\\firefox.exe\nImageLoaded: C:\\Windows\\System32\\ole32.dll\nFileVersion: 10.0.16299.15 (WinBuild.160101.0800)\nDescription: Windows용 Microsoft OLE\nProduct: Microsoft® Windows® Operating System\nCompany: Microsoft Corporation\nHashes: MD5=7EE6E3B8C58646C05E0C8E62840D7D38,SHA256=E9C9A60E111763291F642AB838BA5739FB1DCF1856F8C0A6F22BE0DAA1DB6C8F\nSigned: true\nSignature: Microsoft Windows\nSignatureStatus: Valid",
  "user": {
    "domain": "NT AUTHORITY",
    "type": "Well Known Group",
    "identifier": "S-1-5-18",
    "name": "SYSTEM"
  },
  "event_data": {
    "Description": "Windows용 Microsoft OLE",
    "Hashes": "MD5=7EE6E3B8C58646C05E0C8E62840D7D38,SHA256=E9C9A60E111763291F642AB838BA5739FB1DCF1856F8C0A6F22BE0DAA1DB6C8F",
    "Product": "Microsoft® Windows® Operating System",
    "Signature": "Microsoft Windows",
    "ProcessId": "25848",
    "Company": "Microsoft Corporation",
    "Signed": "true",
    "Image": "C:\\Program Files\\Mozilla Firefox\\firefox.exe",
    "FileVersion": "10.0.16299.15 (WinBuild.160101.0800)",
    "UtcTime": "2018-03-05 07:32:38.533",
    "SignatureStatus": "Valid",
    "ProcessGuid": "{A376A8F6-F296-5A9C-0000-0010274B8703}",
    "ImageLoaded": "C:\\Windows\\System32\\ole32.dll"
  },
  "source_name": "Microsoft-Windows-Sysmon",
  "provider_guid": "{5770385F-C22A-43E0-BF4C-06F5698FFBD9}"
}
{
  "@timestamp": "2018-03-05T07:32:38.535Z",
  "@metadata": {
    "beat": "winlogbeat",
    "type": "doc",
    "version": "6.2.2"
  },
  "source_name": "Microsoft-Windows-Sysmon",
  "thread_id": 19220,
  "user": {
    "identifier": "S-1-5-18",
    "name": "SYSTEM",
    "domain": "NT AUTHORITY",
    "type": "Well Known Group"
  },
  "type": "wineventlog",
  "computer_name": "DESKTOP-WJANG",
  "provider_guid": "{5770385F-C22A-43E0-BF4C-06F5698FFBD9}",
  "process_id": 8608,
  "beat": {
    "name": "DESKTOP-WJANG",
    "hostname": "DESKTOP-WJANG",
    "version": "6.2.2"
  },
  "opcode": "정보",
  "log_name": "Microsoft-Windows-Sysmon/Operational",
  "message": "Image loaded:\nUtcTime: 2018-03-05 07:32:38.533\nProcessGuid: {A376A8F6-F296-5A9C-0000-0010274B8703}\nProcessId: 25848\nImage: C:\\Program Files\\Mozilla Firefox\\firefox.exe\nImageLoaded: C:\\Windows\\System32\\hid.dll\nFileVersion: 10.0.16299.15 (WinBuild.160101.0800)\nDescription: HID 사용자 라이브러리\nProduct: Microsoft® Windows® Operating System\nCompany: Microsoft Corporation\nHashes: MD5=030D331A80802B7E95E5C52B8B1AC3E0,SHA256=E2FA22DC530DE8725B7378EE766E2D2A74888D1C58ACAA022937E633D0379A3B\nSigned: true\nSignature: Microsoft Windows\nSignatureStatus: Valid",
  "level": "정보",
  "event_data": {
    "ProcessId": "25848",
    "Company": "Microsoft Corporation",
    "Signed": "true",
    "Signature": "Microsoft Windows",
    "FileVersion": "10.0.16299.15 (WinBuild.160101.0800)",
    "Description": "HID 사용자 라이브러리",
    "Product": "Microsoft® Windows® Operating System",
    "ImageLoaded": "C:\\Windows\\System32\\hid.dll",
    "UtcTime": "2018-03-05 07:32:38.533",
    "ProcessGuid": "{A376A8F6-F296-5A9C-0000-0010274B8703}",
    "Hashes": "MD5=030D331A80802B7E95E5C52B8B1AC3E0,SHA256=E2FA22DC530DE8725B7378EE766E2D2A74888D1C58ACAA022937E633D0379A3B",
    "SignatureStatus": "Valid",
    "Image": "C:\\Program Files\\Mozilla Firefox\\firefox.exe"
  },
  "task": "Image loaded (rule: ImageLoad)",
  "event_id": 7,
  "record_number": "365",
  "version": 3
}
{
  "@timestamp": "2018-03-05T07:32:38.537Z",
  "@metadata": {
    "beat": "winlogbeat",
    "type": "doc",
    "version": "6.2.2"
  },
  "source_name": "Microsoft-Windows-Sysmon",
  "computer_name": "DESKTOP-WJANG",
  "event_data": {
    "ProcessId": "25848",
    "ImageLoaded": "C:\\Windows\\System32\\avrt.dll",
    "ProcessGuid": "{A376A8F6-F296-5A9C-0000-0010274B8703}",
    "Signed": "true",
    "Product": "Microsoft® Windows® Operating System",
    "SignatureStatus": "Valid",
    "Image": "C:\\Program Files\\Mozilla Firefox\\firefox.exe",
    "Company": "Microsoft Corporation",
    "UtcTime": "2018-03-05 07:32:38.533",
    "Signature": "Microsoft Windows",
    "Description": "멀티미디어 실시간 런타임",
    "FileVersion": "10.0.16299.15 (WinBuild.160101.0800)",
    "Hashes": "MD5=FD2711C6045A6519BD4770B6ED6A721B,SHA256=B3FDDB4AC4D3D66CF4D65530F2A387562AEE5F0573204920AA2ADEBC65359FFB"
  },
  "type": "wineventlog",
  "version": 3,
  "process_id": 8608,
  "task": "Image loaded (rule: ImageLoad)",
  "record_number": "366",
  "opcode": "정보",
  "thread_id": 19220,
  "user": {
    "name": "SYSTEM",
    "domain": "NT AUTHORITY",
    "type": "Well Known Group",
    "identifier": "S-1-5-18"
  },
  "beat": {
    "version": "6.2.2",
    "name": "DESKTOP-WJANG",
    "hostname": "DESKTOP-WJANG"
  },
  "provider_guid": "{5770385F-C22A-43E0-BF4C-06F5698FFBD9}",
  "log_name": "Microsoft-Windows-Sysmon/Operational",
  "level": "정보",
  "event_id": 7,
  "message": "Image loaded:\nUtcTime: 2018-03-05 07:32:38.533\nProcessGuid: {A376A8F6-F296-5A9C-0000-0010274B8703}\nProcessId: 25848\nImage: C:\\Program Files\\Mozilla Firefox\\firefox.exe\nImageLoaded: C:\\Windows\\System32\\avrt.dll\nFileVersion: 10.0.16299.15 (WinBuild.160101.0800)\nDescription: 멀티미디어 실시간 런타임\nProduct: Microsoft® Windows® Operating System\nCompany: Microsoft Corporation\nHashes: MD5=FD2711C6045A6519BD4770B6ED6A721B,SHA256=B3FDDB4AC4D3D66CF4D65530F2A387562AEE5F0573204920AA2ADEBC65359FFB\nSigned: true\nSignature: Microsoft Windows\nSignatureStatus: Valid"
}
{
  "@timestamp": "2018-03-05T07:32:38.537Z",
  "@metadata": {
    "beat": "winlogbeat",
    "type": "doc",
    "version": "6.2.2"
  },
  "level": "정보",
  "type": "wineventlog",
  "source_name": "Microsoft-Windows-Sysmon",
  "process_id": 8608,
  "computer_name": "DESKTOP-WJANG",
  "provider_guid": "{5770385F-C22A-43E0-BF4C-06F5698FFBD9}",
  "task": "Image loaded (rule: ImageLoad)",
  "user": {
    "identifier": "S-1-5-18",
    "name": "SYSTEM",
    "domain": "NT AUTHORITY",
    "type": "Well Known Group"
  },
  "opcode": "정보",
  "beat": {
    "name": "DESKTOP-WJANG",
    "hostname": "DESKTOP-WJANG",
    "version": "6.2.2"
  },
  "event_id": 7,
  "thread_id": 19220,
  "message": "Image loaded:\nUtcTime: 2018-03-05 07:32:38.533\nProcessGuid: {A376A8F6-F296-5A9C-0000-0010274B8703}\nProcessId: 25848\nImage: C:\\Program Files\\Mozilla Firefox\\firefox.exe\nImageLoaded: C:\\Windows\\System32\\crypt32.dll\nFileVersion: 10.0.16299.15 (WinBuild.160101.0800)\nDescription: Crypto API32\nProduct: Microsoft® Windows® Operating System\nCompany: Microsoft Corporation\nHashes: MD5=B677C12F260A1DFB39447DE716629CAF,SHA256=73DEB47902AFD8B68E56301DA1F934718AF5344670E96FA1D9C1467C89442AE4\nSigned: true\nSignature: Microsoft Windows\nSignatureStatus: Valid",
  "record_number": "367",
  "log_name": "Microsoft-Windows-Sysmon/Operational",
  "event_data": {
    "ProcessGuid": "{A376A8F6-F296-5A9C-0000-0010274B8703}",
    "SignatureStatus": "Valid",
    "ProcessId": "25848",
    "Hashes": "MD5=B677C12F260A1DFB39447DE716629CAF,SHA256=73DEB47902AFD8B68E56301DA1F934718AF5344670E96FA1D9C1467C89442AE4",
    "Signature": "Microsoft Windows",
    "ImageLoaded": "C:\\Windows\\System32\\crypt32.dll",
    "Image": "C:\\Program Files\\Mozilla Firefox\\firefox.exe",
    "FileVersion": "10.0.16299.15 (WinBuild.160101.0800)",
    "Company": "Microsoft Corporation",
    "Description": "Crypto API32",
    "Product": "Microsoft® Windows® Operating System",
    "Signed": "true",
    "UtcTime": "2018-03-05 07:32:38.533"
  },
  "version": 3
}
{
  "@timestamp": "2018-03-05T07:32:38.538Z",
  "@metadata": {
    "beat": "winlogbeat",
    "type": "doc",
    "version": "6.2.2"
  },
  "version": 3,
  "log_name": "Microsoft-Windows-Sysmon/Operational",
  "process_id": 8608,
  "type": "wineventlog",
  "beat": {
    "name": "DESKTOP-WJANG",
    "hostname": "DESKTOP-WJANG",
    "version": "6.2.2"
  },
  "event_id": 7,
  "source_name": "Microsoft-Windows-Sysmon",
  "provider_guid": "{5770385F-C22A-43E0-BF4C-06F5698FFBD9}",
  "computer_name": "DESKTOP-WJANG",
  "message": "Image loaded:\nUtcTime: 2018-03-05 07:32:38.534\nProcessGuid: {A376A8F6-F296-5A9C-0000-0010274B8703}\nProcessId: 25848\nImage: C:\\Program Files\\Mozilla Firefox\\firefox.exe\nImageLoaded: C:\\Windows\\System32\\usp10.dll\nFileVersion: 10.0.16299.15 (WinBuild.160101.0800)\nDescription: Uniscribe Unicode script processor\nProduct: Microsoft® Windows® Operating System\nCompany: Microsoft Corporation\nHashes: MD5=FAC20A3377BBA21FB8D092541D93C247,SHA256=DC75CC1A107435AA2436F5C2AC63BAE51CF16E4CEB65C08522A350ADA532688D\nSigned: true\nSignature: Microsoft Windows\nSignatureStatus: Valid",
  "event_data": {
    "Signature": "Microsoft Windows",
    "Image": "C:\\Program Files\\Mozilla Firefox\\firefox.exe",
    "ImageLoaded": "C:\\Windows\\System32\\usp10.dll",
    "UtcTime": "2018-03-05 07:32:38.534",
    "Hashes": "MD5=FAC20A3377BBA21FB8D092541D93C247,SHA256=DC75CC1A107435AA2436F5C2AC63BAE51CF16E4CEB65C08522A350ADA532688D",
    "Description": "Uniscribe Unicode script processor",
    "SignatureStatus": "Valid",
    "ProcessId": "25848",
    "FileVersion": "10.0.16299.15 (WinBuild.160101.0800)",
    "ProcessGuid": "{A376A8F6-F296-5A9C-0000-0010274B8703}",
    "Signed": "true",
    "Company": "Microsoft Corporation",
    "Product": "Microsoft® Windows® Operating System"
  },
  "level": "정보",
  "user": {
    "identifier": "S-1-5-18",
    "name": "SYSTEM",
    "domain": "NT AUTHORITY",
    "type": "Well Known Group"
  },
  "thread_id": 19220,
  "task": "Image loaded (rule: ImageLoad)",
  "record_number": "368",
  "opcode": "정보"
}
