{
  "@timestamp": "2018-03-05T07:32:40.935Z",
  "@metadata": {
    "beat": "winlogbeat",
    "type": "doc",
    "version": "6.2.2"
  },
  "log_name": "Microsoft-Windows-Sysmon/Operational",
  "provider_guid": "{5770385F-C22A-43E0-BF4C-06F5698FFBD9}",
  "message": "Image loaded:\nUtcTime: 2018-03-05 07:32:40.934\nProcessGuid: {A376A8F6-F298-5A9C-0000-00104DED8803}\nProcessId: 4084\nImage: C:\\Program Files\\Mozilla Firefox\\firefox.exe\nImageLoaded: C:\\Windows\\System32\\devobj.dll\nFileVersion: 10.0.16299.15 (WinBuild.160101.0800)\nDescription: Device Information Set DLL\nProduct: Microsoft® Windows® Operating System\nCompany: Microsoft Corporation\nHashes: MD5=8A7B9D8D78F974305578DC9304CE7AC3,SHA256=562A699714B42B79CB9305BC8D9E5CD91954AF71E635721D90CABB27B0089913\nSigned: true\nSignature: Microsoft Windows\nSignatureStatus: Valid",
  "type": "wineventlog",
  "computer_name": "DESKTOP-WJANG",
  "source_name": "Microsoft-Windows-Sysmon",
  "event_id": 7,
  "task": "Image loaded (rule: ImageLoad)",
  "opcode": "정보",
  "version": 3,
  "process_id": 8608,
  "record_number": "792",
  "thread_id": 19220,
  "user": {
    "identifier": "S-1-5-18",
    "name": "SYSTEM",
    "domain": "NT AUTHORITY",
    "type": "Well Known Group"
  },
  "event_data": {
    "Product": "Microsoft® Windows® Operating System",
    "SignatureStatus": "Valid",
    "Company": "Microsoft Corporation",
    "Signed": "true",
    "ProcessId": "4084",
    "Image": "C:\\Program Files\\Mozilla Firefox\\firefox.exe",
    "ProcessGuid": "{A376A8F6-F298-5A9C-0000-00104DED8803}",
    "Signature": "Microsoft Windows",
    "FileVersion": "10.0.16299.15 (WinBuild.160101.0800)",
    "Description": "Device Information Set DLL",
    "Hashes": "MD5=8A7B9D8D78F974305578DC9304CE7AC3,SHA256=562A699714B42B79CB9305BC8D9E5CD91954AF71E635721D90CABB27B0089913",
    "UtcTime": "2018-03-05 07:32:40.934",
    "ImageLoaded": "C:\\Windows\\System32\\devobj.dll"
  },
  "level": "정보",
  "beat": {
    "name": "DESKTOP-WJANG",
    "hostname": "DESKTOP-WJANG",
    "version": "6.2.2"
  }
}
{
  "@timestamp": "2018-03-05T07:32:40.936Z",
  "@metadata": {
    "beat": "winlogbeat",
    "type": "doc",
    "version": "6.2.2"
  },
  "task": "Image loaded (rule: ImageLoad)",
  "version": 3,
  "thread_id": 23584,
  "event_data": {
    "Description": "Microsoft XmlLite Library",
    "Hashes": "MD5=96E1B476480361055F6D6E7EDE11B905,SHA256=35870355BDB80A32349F81411134266AB3854BD3B02467A907DB62D3525CF9C0",
    "Signed": "true",
    "ProcessId": "4624",
    "Company": "Microsoft Corporation",
    "UtcTime": "2018-03-05 07:32:40.195",
    "ProcessGuid": "{A376A8F6-F297-5A9C-0000-00104D2C8803}",
    "FileVersion": "10.0.16299.15 (WinBuild.160101.0800)",
    "SignatureStatus": "Valid",
    "Product": "Microsoft® Windows® Operating System",
    "Image": "C:\\Program Files\\Mozilla Firefox\\firefox.exe",
    "ImageLoaded": "C:\\Windows\\System32\\xmllite.dll",
    "Signature": "Microsoft Windows"
  },
  "log_name": "Microsoft-Windows-Sysmon/Operational",
  "computer_name": "DESKTOP-WJANG",
  "level": "정보",
  "provider_guid": "{5770385F-C22A-43E0-BF4C-06F5698FFBD9}",
  "user": {
    "name": "SYSTEM",
    "domain": "NT AUTHORITY",
    "type": "Well Known Group",
    "identifier": "S-1-5-18"
  },
  "beat": {
    "name": "DESKTOP-WJANG",
    "hostname": "DESKTOP-WJANG",
    "version": "6.2.2"
  },
  "opcode": "정보",
  "message": "Image loaded:\nUtcTime: 2018-03-05 07:32:40.195\nProcessGuid: {A376A8F6-F297-5A9C-0000-00104D2C8803}\nProcessId: 4624\nImage: C:\\Program Files\\Mozilla Firefox\\firefox.exe\nImageLoaded: C:\\Windows\\System32\\xmllite.dll\nFileVersion: 10.0.16299.15 (WinBuild.160101.0800)\nDescription: Microsoft XmlLite Library\nProduct: Microsoft® Windows® Operating System\nCompany: Microsoft Corporation\nHashes: MD5=96E1B476480361055F6D6E7EDE11B905,SHA256=35870355BDB80A32349F81411134266AB3854BD3B02467A907DB62D3525CF9C0\nSigned: true\nSignature: Microsoft Windows\nSignatureStatus: Valid",
  "type": "wineventlog",
  "event_id": 7,
  "source_name": "Microsoft-Windows-Sysmon",
  "record_number": "793",
  "process_id": 8608
}
{
  "@timestamp": "2018-03-05T07:32:40.939Z",
  "@metadata": {
    "beat": "winlogbeat",
    "type": "doc",
    "version": "6.2.2"
  },
  "source_name": "Microsoft-Windows-Sysmon",
  "log_name": "Microsoft-Windows-Sysmon/Operational",
  "user": {
    "type": "Well Known Group",
    "identifier": "S-1-5-18",
    "name": "SYSTEM",
    "domain": "NT AUTHORITY"
  },
  "computer_name": "DESKTOP-WJANG",
  "record_number": "794",
  "beat": {
    "hostname": "DESKTOP-WJANG",
    "version": "6.2.2",
    "name": "DESKTOP-WJANG"
  },
  "opcode": "정보",
  "process_id": 8608,
  "provider_guid": "{5770385F-C22A-43E0-BF4C-06F5698FFBD9}",
  "message": "Image loaded:\nUtcTime: 2018-03-05 07:32:40.937\nProcessGuid: {A376A8F6-F298-5A9C-0000-00104DED8803}\nProcessId: 4084\nImage: C:\\Program Files\\Mozilla Firefox\\firefox.exe\nImageLoaded: C:\\Windows\\System32\\dxgi.dll\nFileVersion: 10.0.16299.98 (WinBuild.160101.0800)\nDescription: DirectX Graphics Infrastructure\nProduct: Microsoft® Windows® Operating System\nCompany: Microsoft Corporation\nHashes: MD5=46D2F0E302BD88193D3FEDF1FE9EF250,SHA256=52C01852A4D8AC703D3F87A8484EB2E0C3737544B1D7F96B62BE44B438DBAE26\nSigned: true\nSignature: Microsoft Windows\nSignatureStatus: Valid",
  "type": "wineventlog",
  "level": "정보",
  "task": "Image loaded (rule: ImageLoad)",
  "thread_id": 19220,
  "event_data": {
    "Image": "C:\\Program Files\\Mozilla Firefox\\firefox.exe",
    "UtcTime": "2018-03-05 07:32:40.937",
    "ProcessGuid": "{A376A8F6-F298-5A9C-0000-00104DED8803}",
    "Description": "DirectX Graphics Infrastructure",
    "Signature": "Microsoft Windows",
    "ProcessId": "4084",
    "Hashes": "MD5=46D2F0E302BD88193D3FEDF1FE9EF250,SHA256=52C01852A4D8AC703D3F87A8484EB2E0C3737544B1D7F96B62BE44B438DBAE26",
    "SignatureStatus": "Valid",
    "Signed": "true",
    "Company": "Microsoft Corporation",
    "Product": "Microsoft® Windows® Operating System",
    "ImageLoaded": "C:\\Windows\\System32\\dxgi.dll",
    "FileVersion": "10.0.16299.98 (WinBuild.160101.0800)"
  },
  "version": 3,
  "event_id": 7
}
{
  "@timestamp": "2018-03-05T07:32:40.940Z",
  "@metadata": {
    "beat": "winlogbeat",
    "type": "doc",
    "version": "6.2.2"
  },
  "record_number": "795",
  "source_name": "Microsoft-Windows-Sysmon",
  "type": "wineventlog",
  "provider_guid": "{5770385F-C22A-43E0-BF4C-06F5698FFBD9}",
  "version": 3,
  "computer_name": "DESKTOP-WJANG",
  "thread_id": 19220,
  "message": "Image loaded:\nUtcTime: 2018-03-05 07:32:40.939\nProcessGuid: {A376A8F6-F298-5A9C-0000-00104DED8803}\nProcessId: 4084\nImage: C:\\Program Files\\Mozilla Firefox\\firefox.exe\nImageLoaded: C:\\Windows\\System32\\ResourcePolicyClient.dll\nFileVersion: 10.0.16299.15 (WinBuild.160101.0800)\nDescription: Resource Policy Client\nProduct: Microsoft® Windows® Operating System\nCompany: Microsoft Corporation\nHashes: MD5=6B84117A0D2A59F18C8F64F72609C198,SHA256=28374581ADC5F56015A3B35C7748C245D1D2F946F2053C50F1B509AE23A5CC06\nSigned: true\nSignature: Microsoft Windows\nSignatureStatus: Valid",
  "task": "Image loaded (rule: ImageLoad)",
  "event_data": {
    "Description": "Resource Policy Client",
    "Signature": "Microsoft Windows",
    "Image": "C:\\Program Files\\Mozilla Firefox\\firefox.exe",
    "ImageLoaded": "C:\\Windows\\System32\\ResourcePolicyClient.dll",
    "Hashes": "MD5=6B84117A0D2A59F18C8F64F72609C198,SHA256=28374581ADC5F56015A3B35C7748C245D1D2F946F2053C50F1B509AE23A5CC06",
    "FileVersion": "10.0.16299.15 (WinBuild.160101.0800)",
    "Company": "Microsoft Corporation",
    "UtcTime": "2018-03-05 07:32:40.939",
    "ProcessId": "4084",
    "SignatureStatus": "Valid",
    "Product": "Microsoft® Windows® Operating System",
    "ProcessGuid": "{A376A8F6-F298-5A9C-0000-00104DED8803}",
    "Signed": "true"
  },
  "event_id": 7,
  "level": "정보",
  "process_id": 8608,
  "beat": {
    "hostname": "DESKTOP-WJANG",
    "version": "6.2.2",
    "name": "DESKTOP-WJANG"
  },
  "opcode": "정보",
  "user": {
    "type": "Well Known Group",
    "identifier": "S-1-5-18",
    "name": "SYSTEM",
    "domain": "NT AUTHORITY"
  },
  "log_name": "Microsoft-Windows-Sysmon/Operational"
}
{
  "@timestamp": "2018-03-05T07:32:40.954Z",
  "@metadata": {
    "beat": "winlogbeat",
    "type": "doc",
    "version": "6.2.2"
  },
  "computer_name": "DESKTOP-WJANG",
  "thread_id": 19220,
  "message": "Image loaded:\nUtcTime: 2018-03-05 07:32:40.953\nProcessGuid: {A376A8F6-F298-5A9C-0000-00104DED8803}\nProcessId: 4084\nImage: C:\\Program Files\\Mozilla Firefox\\firefox.exe\nImageLoaded: C:\\Windows\\System32\\d3d11.dll\nFileVersion: 10.0.16299.248 (WinBuild.160101.0800)\nDescription: Direct3D 11 Runtime\nProduct: Microsoft® Windows® Operating System\nCompany: Microsoft Corporation\nHashes: MD5=1C4992BF1792845260FFD1ED8A477AEF,SHA256=206E7DCA5F2DF9990DFF7F8156CE15E78802CEE2CB6043C4EE4B4B00D05B3A7B\nSigned: true\nSignature: Microsoft Windows\nSignatureStatus: Valid",
  "beat": {
    "name": "DESKTOP-WJANG",
    "hostname": "DESKTOP-WJANG",
    "version": "6.2.2"
  },
  "type": "wineventlog",
  "source_name": "Microsoft-Windows-Sysmon",
  "opcode": "정보",
  "event_data": {
    "UtcTime": "2018-03-05 07:32:40.953",
    "ProcessGuid": "{A376A8F6-F298-5A9C-0000-00104DED8803}",
    "ProcessId": "4084",
    "SignatureStatus": "Valid",
    "Company": "Microsoft Corporation",
    "FileVersion": "10.0.16299.248 (WinBuild.160101.0800)",
    "Image": "C:\\Program Files\\Mozilla Firefox\\firefox.exe",
    "ImageLoaded": "C:\\Windows\\System32\\d3d11.dll",
    "Description": "Direct3D 11 Runtime",
    "Hashes": "MD5=1C4992BF1792845260FFD1ED8A477AEF,SHA256=206E7DCA5F2DF9990DFF7F8156CE15E78802CEE2CB6043C4EE4B4B00D05B3A7B",
    "Signature": "Microsoft Windows",
    "Product": "Microsoft® Windows® Operating System",
    "Signed": "true"
  },
  "version": 3,
  "task": "Image loaded (rule: ImageLoad)",
  "process_id": 8608,
  "event_id": 7,
  "user": {
    "identifier": "S-1-5-18",
    "name": "SYSTEM",
    "domain": "NT AUTHORITY",
    "type": "Well Known Group"
  },
  "log_name": "Microsoft-Windows-Sysmon/Operational",
  "provider_guid": "{5770385F-C22A-43E0-BF4C-06F5698FFBD9}",
  "level": "정보",
  "record_number": "796"
}
{
  "@timestamp": "2018-03-05T07:32:40.955Z",
  "@metadata": {
    "beat": "winlogbeat",
    "type": "doc",
    "version": "6.2.2"
  },
  "version": 3,
  "task": "Image loaded (rule: ImageLoad)",
  "log_name": "Microsoft-Windows-Sysmon/Operational",
  "provider_guid": "{5770385F-C22A-43E0-BF4C-06F5698FFBD9}",
  "record_number": "797",
  "event_id": 7,
  "process_id": 8608,
  "source_name": "Microsoft-Windows-Sysmon",
  "computer_name": "DESKTOP-WJANG",
  "level": "정보",
  "opcode": "정보",
  "type": "wineventlog",
  "event_data": {
    "Image": "C:\\Program Files\\Mozilla Firefox\\firefox.exe",
    "Signed": "true",
    "ImageLoaded": "C:\\Windows\\System32\\dxgi.dll",
    "FileVersion": "10.0.16299.98 (WinBuild.160101.0800)",
    "SignatureStatus": "Valid",
    "ProcessGuid": "{A376A8F6-F298-5A9C-0000-00104DED8803}",
    "Product": "Microsoft® Windows® Operating System",
    "Signature": "Microsoft Windows",
    "Hashes": "MD5=46D2F0E302BD88193D3FEDF1FE9EF250,SHA256=52C01852A4D8AC703D3F87A8484EB2E0C3737544B1D7F96B62BE44B438DBAE26",
    "ProcessId": "4084",
    "UtcTime": "2018-03-05 07:32:40.954",
    "Company": "Microsoft Corporation",
    "Description": "DirectX Graphics Infrastructure"
  },
  "thread_id": 19220,
  "user": {
    "name": "SYSTEM",
    "domain": "NT AUTHORITY",
    "type": "Well Known Group",
    "identifier": "S-1-5-18"
  },
  "beat": {
    "name": "DESKTOP-WJANG",
    "hostname": "DESKTOP-WJANG",
    "version": "6.2.2"
  },
  "message": "Image loaded:\nUtcTime: 2018-03-05 07:32:40.954\nProcessGuid: {A376A8F6-F298-5A9C-0000-00104DED8803}\nProcessId: 4084\nImage: C:\\Program Files\\Mozilla Firefox\\firefox.exe\nImageLoaded: C:\\Windows\\System32\\dxgi.dll\nFileVersion: 10.0.16299.98 (WinBuild.160101.0800)\nDescription: DirectX Graphics Infrastructure\nProduct: Microsoft® Windows® Operating System\nCompany: Microsoft Corporation\nHashes: MD5=46D2F0E302BD88193D3FEDF1FE9EF250,SHA256=52C01852A4D8AC703D3F87A8484EB2E0C3737544B1D7F96B62BE44B438DBAE26\nSigned: true\nSignature: Microsoft Windows\nSignatureStatus: Valid"
}
{
  "@timestamp": "2018-03-05T07:32:40.957Z",
  "@metadata": {
    "beat": "winlogbeat",
    "type": "doc",
    "version": "6.2.2"
  },
  "provider_guid": "{5770385F-C22A-43E0-BF4C-06F5698FFBD9}",
  "computer_name": "DESKTOP-WJANG",
  "beat": {
    "name": "DESKTOP-WJANG",
    "hostname": "DESKTOP-WJANG",
    "version": "6.2.2"
  },
  "type": "wineventlog",
  "message": "Image loaded:\nUtcTime: 2018-03-05 07:32:40.956\nProcessGuid: {A376A8F6-F298-5A9C-0000-00104DED8803}\nProcessId: 4084\nImage: C:\\Program Files\\Mozilla Firefox\\firefox.exe\nImageLoaded: C:\\Windows\\System32\\ResourcePolicyClient.dll\nFileVersion: 10.0.16299.15 (WinBuild.160101.0800)\nDescription: Resource Policy Client\nProduct: Microsoft® Windows® Operating System\nCompany: Microsoft Corporation\nHashes: MD5=6B84117A0D2A59F18C8F64F72609C198,SHA256=28374581ADC5F56015A3B35C7748C245D1D2F946F2053C50F1B509AE23A5CC06\nSigned: true\nSignature: Microsoft Windows\nSignatureStatus: Valid",
  "thread_id": 19220,
  "level": "정보",
  "log_name": "Microsoft-Windows-Sysmon/Operational",
  "record_number": "798",
  "version": 3,
  "opcode": "정보",
  "event_data": {
    "Company": "Microsoft Corporation",
    "Image": "C:\\Program Files\\Mozilla Firefox\\firefox.exe",
    "Signature": "Microsoft Windows",
    "ProcessId": "4084",
    "Signed": "true",
    "UtcTime": "2018-03-05 07:32:40.956",
    "Description": "Resource Policy Client",
    "Hashes": "MD5=6B84117A0D2A59F18C8F64F72609C198,SHA256=28374581ADC5F56015A3B35C7748C245D1D2F946F2053C50F1B509AE23A5CC06",
    "SignatureStatus": "Valid",
    "FileVersion": "10.0.16299.15 (WinBuild.160101.0800)",
    "ImageLoaded": "C:\\Windows\\System32\\ResourcePolicyClient.dll",
    "ProcessGuid": "{A376A8F6-F298-5A9C-0000-00104DED8803}",
    "Product": "Microsoft® Windows® Operating System"
  },
  "process_id": 8608,
  "source_name": "Microsoft-Windows-Sysmon",
  "user": {
    "name": "SYSTEM",
    "domain": "NT AUTHORITY",
    "type": "Well Known Group",
    "identifier": "S-1-5-18"
  },
  "event_id": 7,
  "task": "Image loaded (rule: ImageLoad)"
}
{
  "@timestamp": "2018-03-05T07:32:40.961Z",
  "@metadata": {
    "beat": "winlogbeat",
    "type": "doc",
    "version": "6.2.2"
  },
  "log_name": "Microsoft-Windows-Sysmon/Operational",
  "version": 3,
  "opcode": "정보",
  "process_id": 8608,
  "beat": {
    "name": "DESKTOP-WJANG",
    "hostname": "DESKTOP-WJANG",
    "version": "6.2.2"
  },
  "type": "wineventlog",
  "event_data": {
    "UtcTime": "2018-03-05 07:32:40.960",
    "Description": "NVIDIA Driver Loader, Version 388.13 ",
    "Signed": "true",
    "Company": "NVIDIA Corporation",
    "ProcessGuid": "{A376A8F6-F298-5A9C-0000-00104DED8803}",
    "Image": "C:\\Program Files\\Mozilla Firefox\\firefox.exe",
    "Hashes": "MD5=FE8CB2FC220D01F433F3AFA7579BA97B,SHA256=72B62AD8D7EAAB8C15A4B314108FC568FFBF9560D40B6C238805F2C0F680928A",
    "ProcessId": "4084",
    "FileVersion": "23.21.13.8813",
    "Product": "NVIDIA driver loader",
    "Signature": "Microsoft Windows Hardware Compatibility Publisher",
    "ImageLoaded": "C:\\Windows\\System32\\DriverStore\\FileRepository\\nv_ref_pubwu.inf_amd64_2e7fa54192fe16d0\\nvldumdx.dll",
    "SignatureStatus": "Valid"
  },
  "computer_name": "DESKTOP-WJANG",
  "event_id": 7,
  "user": {
    "identifier": "S-1-5-18",
    "name": "SYSTEM",
    "domain": "NT AUTHORITY",
    "type": "Well Known Group"
  },
  "level": "정보",
  "thread_id": 19220,
  "record_number": "799",
  "task": "Image loaded (rule: ImageLoad)",
  "source_name": "Microsoft-Windows-Sysmon",
  "provider_guid": "{5770385F-C22A-43E0-BF4C-06F5698FFBD9}",
  "message": "Image loaded:\nUtcTime: 2018-03-05 07:32:40.960\nProcessGuid: {A376A8F6-F298-5A9C-0000-00104DED8803}\nProcessId: 4084\nImage: C:\\Program Files\\Mozilla Firefox\\firefox.exe\nImageLoaded: C:\\Windows\\System32\\DriverStore\\FileRepository\\nv_ref_pubwu.inf_amd64_2e7fa54192fe16d0\\nvldumdx.dll\nFileVersion: 23.21.13.8813\nDescription: NVIDIA Driver Loader, Version 388.13 \nProduct: NVIDIA driver loader\nCompany: NVIDIA Corporation\nHashes: MD5=FE8CB2FC220D01F433F3AFA7579BA97B,SHA256=72B62AD8D7EAAB8C15A4B314108FC568FFBF9560D40B6C238805F2C0F680928A\nSigned: true\nSignature: Microsoft Windows Hardware Compatibility Publisher\nSignatureStatus: Valid"
}
{
  "@timestamp": "2018-03-05T07:32:40.973Z",
  "@metadata": {
    "beat": "winlogbeat",
    "type": "doc",
    "version": "6.2.2"
  },
  "computer_name": "DESKTOP-WJANG",
  "version": 3,
  "beat": {
    "name": "DESKTOP-WJANG",
    "hostname": "DESKTOP-WJANG",
    "version": "6.2.2"
  },
  "event_id": 7,
  "provider_guid": "{5770385F-C22A-43E0-BF4C-06F5698FFBD9}",
  "record_number": "800",
  "event_data": {
    "Image": "C:\\Program Files\\Mozilla Firefox\\firefox.exe",
    "Product": "Microsoft® Windows® Operating System",
    "Signature": "Microsoft Windows",
    "ImageLoaded": "C:\\Windows\\System32\\imagehlp.dll",
    "Description": "Windows NT Image Helper",
    "FileVersion": "10.0.16299.15 (WinBuild.160101.0800)",
    "ProcessGuid": "{A376A8F6-F298-5A9C-0000-00104DED8803}",
    "SignatureStatus": "Valid",
    "Company": "Microsoft Corporation",
    "Signed": "true",
    "ProcessId": "4084",
    "Hashes": "MD5=D008ACFA8889659F7E62793B6BE31DE5,SHA256=2C599268599BDD4ABE788E77DE4185CD2845A72CE4F0CD64917B6D3672E5BA87",
    "UtcTime": "2018-03-05 07:32:40.972"
  },
  "source_name": "Microsoft-Windows-Sysmon",
  "task": "Image loaded (rule: ImageLoad)",
  "level": "정보",
  "type": "wineventlog",
  "message": "Image loaded:\nUtcTime: 2018-03-05 07:32:40.972\nProcessGuid: {A376A8F6-F298-5A9C-0000-00104DED8803}\nProcessId: 4084\nImage: C:\\Program Files\\Mozilla Firefox\\firefox.exe\nImageLoaded: C:\\Windows\\System32\\imagehlp.dll\nFileVersion: 10.0.16299.15 (WinBuild.160101.0800)\nDescription: Windows NT Image Helper\nProduct: Microsoft® Windows® Operating System\nCompany: Microsoft Corporation\nHashes: MD5=D008ACFA8889659F7E62793B6BE31DE5,SHA256=2C599268599BDD4ABE788E77DE4185CD2845A72CE4F0CD64917B6D3672E5BA87\nSigned: true\nSignature: Microsoft Windows\nSignatureStatus: Valid",
  "thread_id": 19220,
  "user": {
    "identifier": "S-1-5-18",
    "name": "SYSTEM",
    "domain": "NT AUTHORITY",
    "type": "Well Known Group"
  },
  "process_id": 8608,
  "opcode": "정보",
  "log_name": "Microsoft-Windows-Sysmon/Operational"
}
{
  "@timestamp": "2018-03-05T07:32:40.996Z",
  "@metadata": {
    "beat": "winlogbeat",
    "type": "doc",
    "version": "6.2.2"
  },
  "source_name": "Microsoft-Windows-Sysmon",
  "type": "wineventlog",
  "task": "Image loaded (rule: ImageLoad)",
  "version": 3,
  "user": {
    "identifier": "S-1-5-18",
    "name": "SYSTEM",
    "domain": "NT AUTHORITY",
    "type": "Well Known Group"
  },
  "provider_guid": "{5770385F-C22A-43E0-BF4C-06F5698FFBD9}",
  "level": "정보",
  "opcode": "정보",
  "computer_name": "DESKTOP-WJANG",
  "record_number": "801",
  "thread_id": 19220,
  "process_id": 8608,
  "event_id": 7,
  "beat": {
    "name": "DESKTOP-WJANG",
    "hostname": "DESKTOP-WJANG",
    "version": "6.2.2"
  },
  "message": "Image loaded:\nUtcTime: 2018-03-05 07:32:40.994\nProcessGuid: {A376A8F6-F298-5A9C-0000-00104DED8803}\nProcessId: 4084\nImage: C:\\Program Files\\Mozilla Firefox\\firefox.exe\nImageLoaded: C:\\Windows\\System32\\cryptsp.dll\nFileVersion: 10.0.16299.15 (WinBuild.160101.0800)\nDescription: Cryptographic Service Provider API\nProduct: Microsoft® Windows® Operating System\nCompany: Microsoft Corporation\nHashes: MD5=E8E7EBA7164C2DC2021EE52090A941A0,SHA256=FC99C980C2E8619CC64D534497C652A1B1DFC55A3EABFD7E81C62EF0A28C03B4\nSigned: true\nSignature: Microsoft Windows\nSignatureStatus: Valid",
  "log_name": "Microsoft-Windows-Sysmon/Operational",
  "event_data": {
    "Description": "Cryptographic Service Provider API",
    "Product": "Microsoft® Windows® Operating System",
    "ProcessId": "4084",
    "FileVersion": "10.0.16299.15 (WinBuild.160101.0800)",
    "Hashes": "MD5=E8E7EBA7164C2DC2021EE52090A941A0,SHA256=FC99C980C2E8619CC64D534497C652A1B1DFC55A3EABFD7E81C62EF0A28C03B4",
    "SignatureStatus": "Valid",
    "ImageLoaded": "C:\\Windows\\System32\\cryptsp.dll",
    "Signature": "Microsoft Windows",
    "Signed": "true",
    "ProcessGuid": "{A376A8F6-F298-5A9C-0000-00104DED8803}",
    "UtcTime": "2018-03-05 07:32:40.994",
    "Image": "C:\\Program Files\\Mozilla Firefox\\firefox.exe",
    "Company": "Microsoft Corporation"
  }
}
{
  "@timestamp": "2018-03-05T07:32:40.997Z",
  "@metadata": {
    "beat": "winlogbeat",
    "type": "doc",
    "version": "6.2.2"
  },
  "opcode": "정보",
  "computer_name": "DESKTOP-WJANG",
  "event_data": {
    "Image": "C:\\Program Files\\Mozilla Firefox\\firefox.exe",
    "ImageLoaded": "C:\\Windows\\System32\\rsaenh.dll",
    "ProcessId": "4084",
    "Description": "Microsoft Enhanced Cryptographic Provider",
    "ProcessGuid": "{A376A8F6-F298-5A9C-0000-00104DED8803}",
    "Signed": "true",
    "Company": "Microsoft Corporation",
    "Hashes": "MD5=DCE02851301BA0112B46995552C0920F,SHA256=3BB339FEF89ABCB9C82D303D5FB8BAD1924CA5E7C29C189874C0F5D2DA19513E",
    "SignatureStatus": "Valid",
    "FileVersion": "10.0.16299.15 (WinBuild.160101.0800)",
    "Product": "Microsoft® Windows® Operating System",
    "Signature": "Microsoft Windows",
    "UtcTime": "2018-03-05 07:32:40.996"
  },
  "log_name": "Microsoft-Windows-Sysmon/Operational",
  "version": 3,
  "type": "wineventlog",
  "provider_guid": "{5770385F-C22A-43E0-BF4C-06F5698FFBD9}",
  "user": {
    "domain": "NT AUTHORITY",
    "type": "Well Known Group",
    "identifier": "S-1-5-18",
    "name": "SYSTEM"
  },
  "source_name": "Microsoft-Windows-Sysmon",
  "message": "Image loaded:\nUtcTime: 2018-03-05 07:32:40.996\nProcessGuid: {A376A8F6-F298-5A9C-0000-00104DED8803}\nProcessId: 4084\nImage: C:\\Program Files\\Mozilla Firefox\\firefox.exe\nImageLoaded: C:\\Windows\\System32\\rsaenh.dll\nFileVersion: 10.0.16299.15 (WinBuild.160101.0800)\nDescription: Microsoft Enhanced Cryptographic Provider\nProduct: Microsoft® Windows® Operating System\nCompany: Microsoft Corporation\nHashes: MD5=DCE02851301BA0112B46995552C0920F,SHA256=3BB339FEF89ABCB9C82D303D5FB8BAD1924CA5E7C29C189874C0F5D2DA19513E\nSigned: true\nSignature: Microsoft Windows\nSignatureStatus: Valid",
  "beat": {
    "name": "DESKTOP-WJANG",
    "hostname": "DESKTOP-WJANG",
    "version": "6.2.2"
  },
  "task": "Image loaded (rule: ImageLoad)",
  "thread_id": 19220,
  "record_number": "802",
  "process_id": 8608,
  "level": "정보",
  "event_id": 7
}
{
  "@timestamp": "2018-03-05T07:32:40.998Z",
  "@metadata": {
    "beat": "winlogbeat",
    "type": "doc",
    "version": "6.2.2"
  },
  "event_id": 7,
  "thread_id": 19220,
  "source_name": "Microsoft-Windows-Sysmon",
  "level": "정보",
  "process_id": 8608,
  "event_data": {
    "ProcessId": "4084",
    "Product": "Microsoft® Windows® Operating System",
    "Signature": "Microsoft Windows",
    "ImageLoaded": "C:\\Windows\\System32\\bcrypt.dll",
    "Hashes": "MD5=7C8B55E36581C017F3C33DF92CB73723,SHA256=E77E5EEA628A919E8F236ABD9EAF28282E17058D68562C0AEED037E9894DAC67",
    "ProcessGuid": "{A376A8F6-F298-5A9C-0000-00104DED8803}",
    "FileVersion": "10.0.16299.15 (WinBuild.160101.0800)",
    "Image": "C:\\Program Files\\Mozilla Firefox\\firefox.exe",
    "UtcTime": "2018-03-05 07:32:40.997",
    "Signed": "true",
    "SignatureStatus": "Valid",
    "Company": "Microsoft Corporation",
    "Description": "Windows 암호화 기본 라이브러리"
  },
  "beat": {
    "hostname": "DESKTOP-WJANG",
    "version": "6.2.2",
    "name": "DESKTOP-WJANG"
  },
  "message": "Image loaded:\nUtcTime: 2018-03-05 07:32:40.997\nProcessGuid: {A376A8F6-F298-5A9C-0000-00104DED8803}\nProcessId: 4084\nImage: C:\\Program Files\\Mozilla Firefox\\firefox.exe\nImageLoaded: C:\\Windows\\System32\\bcrypt.dll\nFileVersion: 10.0.16299.15 (WinBuild.160101.0800)\nDescription: Windows 암호화 기본 라이브러리\nProduct: Microsoft® Windows® Operating System\nCompany: Microsoft Corporation\nHashes: MD5=7C8B55E36581C017F3C33DF92CB73723,SHA256=E77E5EEA628A919E8F236ABD9EAF28282E17058D68562C0AEED037E9894DAC67\nSigned: true\nSignature: Microsoft Windows\nSignatureStatus: Valid",
  "log_name": "Microsoft-Windows-Sysmon/Operational",
  "record_number": "803",
  "type": "wineventlog",
  "task": "Image loaded (rule: ImageLoad)",
  "computer_name": "DESKTOP-WJANG",
  "provider_guid": "{5770385F-C22A-43E0-BF4C-06F5698FFBD9}",
  "version": 3,
  "opcode": "정보",
  "user": {
    "identifier": "S-1-5-18",
    "name": "SYSTEM",
    "domain": "NT AUTHORITY",
    "type": "Well Known Group"
  }
}
{
  "@timestamp": "2018-03-05T07:32:41.037Z",
  "@metadata": {
    "beat": "winlogbeat",
    "type": "doc",
    "version": "6.2.2"
  },
  "opcode": "정보",
  "type": "wineventlog",
  "process_id": 8608,
  "event_data": {
    "Description": "NVIDIA D3D10 Driver, Version 388.13 ",
    "ImageLoaded": "C:\\Windows\\System32\\DriverStore\\FileRepository\\nv_ref_pubwu.inf_amd64_2e7fa54192fe16d0\\nvwgf2umx.dll",
    "Company": "NVIDIA Corporation",
    "Image": "C:\\Program Files\\Mozilla Firefox\\firefox.exe",
    "UtcTime": "2018-03-05 07:32:41.035",
    "Signature": "Microsoft Windows Hardware Compatibility Publisher",
    "Signed": "true",
    "SignatureStatus": "Valid",
    "ProcessGuid": "{A376A8F6-F298-5A9C-0000-00104DED8803}",
    "Product": "NVIDIA D3D10 drivers",
    "Hashes": "MD5=539D0E0A0532BCA445AB133658EB21EF,SHA256=8A41EC9403707E57C13D0D1D2FF7AD4ADBB1208E50303B0F27BCE021B988FAD1",
    "ProcessId": "4084",
    "FileVersion": "23.21.13.8813"
  },
  "beat": {
    "name": "DESKTOP-WJANG",
    "hostname": "DESKTOP-WJANG",
    "version": "6.2.2"
  },
  "thread_id": 19220,
  "log_name": "Microsoft-Windows-Sysmon/Operational",
  "version": 3,
  "level": "정보",
  "task": "Image loaded (rule: ImageLoad)",
  "source_name": "Microsoft-Windows-Sysmon",
  "computer_name": "DESKTOP-WJANG",
  "message": "Image loaded:\nUtcTime: 2018-03-05 07:32:41.035\nProcessGuid: {A376A8F6-F298-5A9C-0000-00104DED8803}\nProcessId: 4084\nImage: C:\\Program Files\\Mozilla Firefox\\firefox.exe\nImageLoaded: C:\\Windows\\System32\\DriverStore\\FileRepository\\nv_ref_pubwu.inf_amd64_2e7fa54192fe16d0\\nvwgf2umx.dll\nFileVersion: 23.21.13.8813\nDescription: NVIDIA D3D10 Driver, Version 388.13 \nProduct: NVIDIA D3D10 drivers\nCompany: NVIDIA Corporation\nHashes: MD5=539D0E0A0532BCA445AB133658EB21EF,SHA256=8A41EC9403707E57C13D0D1D2FF7AD4ADBB1208E50303B0F27BCE021B988FAD1\nSigned: true\nSignature: Microsoft Windows Hardware Compatibility Publisher\nSignatureStatus: Valid",
  "user": {
    "identifier": "S-1-5-18",
    "name": "SYSTEM",
    "domain": "NT AUTHORITY",
    "type": "Well Known Group"
  },
  "record_number": "804",
  "event_id": 7,
  "provider_guid": "{5770385F-C22A-43E0-BF4C-06F5698FFBD9}"
}
{
  "@timestamp": "2018-03-05T07:32:41.043Z",
  "@metadata": {
    "beat": "winlogbeat",
    "type": "doc",
    "version": "6.2.2"
  },
  "source_name": "Microsoft-Windows-Sysmon",
  "event_data": {
    "ProcessId": "4084",
    "ProcessGuid": "{A376A8F6-F298-5A9C-0000-00104DED8803}",
    "SignatureStatus": "Valid",
    "Company": "NVIDIA Corporation",
    "Signature": "NVIDIA Corporation",
    "FileVersion": "3.10.0.95",
    "Product": "NVIDIA GeForce Experience",
    "Description": "NVIDIA Game Proxy",
    "ImageLoaded": "C:\\Windows\\System32\\nvspcap64.dll",
    "Image": "C:\\Program Files\\Mozilla Firefox\\firefox.exe",
    "Hashes": "MD5=8360281598BA3A708FF3AC7B829ED3C4,SHA256=C5CA9C00C53CA953D66EEC24B4B2B73774A8033BB07D70C4AD7128C7A90035A3",
    "Signed": "true",
    "UtcTime": "2018-03-05 07:32:41.041"
  },
  "computer_name": "DESKTOP-WJANG",
  "task": "Image loaded (rule: ImageLoad)",
  "thread_id": 19220,
  "type": "wineventlog",
  "version": 3,
  "level": "정보",
  "message": "Image loaded:\nUtcTime: 2018-03-05 07:32:41.041\nProcessGuid: {A376A8F6-F298-5A9C-0000-00104DED8803}\nProcessId: 4084\nImage: C:\\Program Files\\Mozilla Firefox\\firefox.exe\nImageLoaded: C:\\Windows\\System32\\nvspcap64.dll\nFileVersion: 3.10.0.95\nDescription: NVIDIA Game Proxy\nProduct: NVIDIA GeForce Experience\nCompany: NVIDIA Corporation\nHashes: MD5=8360281598BA3A708FF3AC7B829ED3C4,SHA256=C5CA9C00C53CA953D66EEC24B4B2B73774A8033BB07D70C4AD7128C7A90035A3\nSigned: true\nSignature: NVIDIA Corporation\nSignatureStatus: Valid",
  "opcode": "정보",
  "user": {
    "type": "Well Known Group",
    "identifier": "S-1-5-18",
    "name": "SYSTEM",
    "domain": "NT AUTHORITY"
  },
  "process_id": 8608,
  "log_name": "Microsoft-Windows-Sysmon/Operational",
  "record_number": "805",
  "event_id": 7,
  "provider_guid": "{5770385F-C22A-43E0-BF4C-06F5698FFBD9}",
  "beat": {
    "name": "DESKTOP-WJANG",
    "hostname": "DESKTOP-WJANG",
    "version": "6.2.2"
  }
}
{
  "@timestamp": "2018-03-05T07:32:41.044Z",
  "@metadata": {
    "beat": "winlogbeat",
    "type": "doc",
    "version": "6.2.2"
  },
  "opcode": "정보",
  "event_id": 7,
  "type": "wineventlog",
  "user": {
    "identifier": "S-1-5-18",
    "name": "SYSTEM",
    "domain": "NT AUTHORITY",
    "type": "Well Known Group"
  },
  "computer_name": "DESKTOP-WJANG",
  "version": 3,
  "thread_id": 23584,
  "provider_guid": "{5770385F-C22A-43E0-BF4C-06F5698FFBD9}",
  "level": "정보",
  "task": "Image loaded (rule: ImageLoad)",
  "process_id": 8608,
  "log_name": "Microsoft-Windows-Sysmon/Operational",
  "record_number": "806",
  "event_data": {
    "ProcessId": "17704",
    "Signed": "true",
    "Description": "ExplorerFrame",
    "ImageLoaded": "C:\\Windows\\System32\\ExplorerFrame.dll",
    "Signature": "Microsoft Windows",
    "ProcessGuid": "{A376A8F6-F294-5A9C-0000-001052E48503}",
    "SignatureStatus": "Valid",
    "FileVersion": "10.0.16299.15 (WinBuild.160101.0800)",
    "Product": "Microsoft® Windows® Operating System",
    "UtcTime": "2018-03-05 07:32:40.351",
    "Image": "C:\\Program Files\\Mozilla Firefox\\firefox.exe",
    "Hashes": "MD5=3695D4B67E6323F944AC0C60511D7E98,SHA256=D4533565D45C86A6E6A25B5D7A86F8BC987D6EFC55223D4DAFF3DA5E1CA3CC50",
    "Company": "Microsoft Corporation"
  },
  "message": "Image loaded:\nUtcTime: 2018-03-05 07:32:40.351\nProcessGuid: {A376A8F6-F294-5A9C-0000-001052E48503}\nProcessId: 17704\nImage: C:\\Program Files\\Mozilla Firefox\\firefox.exe\nImageLoaded: C:\\Windows\\System32\\ExplorerFrame.dll\nFileVersion: 10.0.16299.15 (WinBuild.160101.0800)\nDescription: ExplorerFrame\nProduct: Microsoft® Windows® Operating System\nCompany: Microsoft Corporation\nHashes: MD5=3695D4B67E6323F944AC0C60511D7E98,SHA256=D4533565D45C86A6E6A25B5D7A86F8BC987D6EFC55223D4DAFF3DA5E1CA3CC50\nSigned: true\nSignature: Microsoft Windows\nSignatureStatus: Valid",
  "beat": {
    "name": "DESKTOP-WJANG",
    "hostname": "DESKTOP-WJANG",
    "version": "6.2.2"
  },
  "source_name": "Microsoft-Windows-Sysmon"
}
{
  "@timestamp": "2018-03-05T07:32:41.044Z",
  "@metadata": {
    "beat": "winlogbeat",
    "type": "doc",
    "version": "6.2.2"
  },
  "task": "Image loaded (rule: ImageLoad)",
  "log_name": "Microsoft-Windows-Sysmon/Operational",
  "record_number": "807",
  "message": "Image loaded:\nUtcTime: 2018-03-05 07:32:40.357\nProcessGuid: {A376A8F6-F298-5A9C-0000-001071788803}\nProcessId: 25364\nImage: C:\\Program Files\\Mozilla Firefox\\firefox.exe\nImageLoaded: C:\\Windows\\System32\\DriverStore\\FileRepository\\nv_ref_pubwu.inf_amd64_2e7fa54192fe16d0\\nvwgf2umx.dll\nFileVersion: 23.21.13.8813\nDescription: NVIDIA D3D10 Driver, Version 388.13 \nProduct: NVIDIA D3D10 drivers\nCompany: NVIDIA Corporation\nHashes: MD5=539D0E0A0532BCA445AB133658EB21EF,SHA256=8A41EC9403707E57C13D0D1D2FF7AD4ADBB1208E50303B0F27BCE021B988FAD1\nSigned: true\nSignature: Microsoft Windows Hardware Compatibility Publisher\nSignatureStatus: Valid",
  "type": "wineventlog",
  "process_id": 8608,
  "user": {
    "domain": "NT AUTHORITY",
    "type": "Well Known Group",
    "identifier": "S-1-5-18",
    "name": "SYSTEM"
  },
  "provider_guid": "{5770385F-C22A-43E0-BF4C-06F5698FFBD9}",
  "computer_name": "DESKTOP-WJANG",
  "thread_id": 23584,
  "version": 3,
  "event_id": 7,
  "source_name": "Microsoft-Windows-Sysmon",
  "event_data": {
    "Signature": "Microsoft Windows Hardware Compatibility Publisher",
    "FileVersion": "23.21.13.8813",
    "Description": "NVIDIA D3D10 Driver, Version 388.13 ",
    "Hashes": "MD5=539D0E0A0532BCA445AB133658EB21EF,SHA256=8A41EC9403707E57C13D0D1D2FF7AD4ADBB1208E50303B0F27BCE021B988FAD1",
    "SignatureStatus": "Valid",
    "Company": "NVIDIA Corporation",
    "Signed": "true",
    "ProcessGuid": "{A376A8F6-F298-5A9C-0000-001071788803}",
    "Image": "C:\\Program Files\\Mozilla Firefox\\firefox.exe",
    "ImageLoaded": "C:\\Windows\\System32\\DriverStore\\FileRepository\\nv_ref_pubwu.inf_amd64_2e7fa54192fe16d0\\nvwgf2umx.dll",
    "Product": "NVIDIA D3D10 drivers",
    "UtcTime": "2018-03-05 07:32:40.357",
    "ProcessId": "25364"
  },
  "level": "정보",
  "opcode": "정보",
  "beat": {
    "name": "DESKTOP-WJANG",
    "hostname": "DESKTOP-WJANG",
    "version": "6.2.2"
  }
}
{
  "@timestamp": "2018-03-05T07:32:41.057Z",
  "@metadata": {
    "beat": "winlogbeat",
    "type": "doc",
    "version": "6.2.2"
  },
  "type": "wineventlog",
  "computer_name": "DESKTOP-WJANG",
  "provider_guid": "{5770385F-C22A-43E0-BF4C-06F5698FFBD9}",
  "version": 3,
  "record_number": "808",
  "task": "Image loaded (rule: ImageLoad)",
  "thread_id": 23584,
  "opcode": "정보",
  "user": {
    "domain": "NT AUTHORITY",
    "type": "Well Known Group",
    "identifier": "S-1-5-18",
    "name": "SYSTEM"
  },
  "log_name": "Microsoft-Windows-Sysmon/Operational",
  "beat": {
    "name": "DESKTOP-WJANG",
    "hostname": "DESKTOP-WJANG",
    "version": "6.2.2"
  },
  "level": "정보",
  "process_id": 8608,
  "message": "Image loaded:\nUtcTime: 2018-03-05 07:32:40.438\nProcessGuid: {A376A8F6-F297-5A9C-0000-00104D2C8803}\nProcessId: 4624\nImage: C:\\Program Files\\Mozilla Firefox\\firefox.exe\nImageLoaded: C:\\Program Files\\Mozilla Firefox\\softokn3.dll\nFileVersion: 58.0.2\nDescription: \nProduct: Firefox\nCompany: Mozilla Foundation\nHashes: MD5=BB53A7B416500127EE89E7572A3A1B54,SHA256=2577EF73A98D291EDC221EC3971A59AB2A4AF7474431430E7A97A63FD65D6E07\nSigned: true\nSignature: Mozilla Corporation\nSignatureStatus: Valid",
  "event_id": 7,
  "source_name": "Microsoft-Windows-Sysmon",
  "event_data": {
    "ProcessId": "4624",
    "Signed": "true",
    "ProcessGuid": "{A376A8F6-F297-5A9C-0000-00104D2C8803}",
    "Hashes": "MD5=BB53A7B416500127EE89E7572A3A1B54,SHA256=2577EF73A98D291EDC221EC3971A59AB2A4AF7474431430E7A97A63FD65D6E07",
    "SignatureStatus": "Valid",
    "Image": "C:\\Program Files\\Mozilla Firefox\\firefox.exe",
    "Product": "Firefox",
    "Signature": "Mozilla Corporation",
    "UtcTime": "2018-03-05 07:32:40.438",
    "Company": "Mozilla Foundation",
    "ImageLoaded": "C:\\Program Files\\Mozilla Firefox\\softokn3.dll",
    "FileVersion": "58.0.2"
  }
}
{
  "@timestamp": "2018-03-05T07:32:41.057Z",
  "@metadata": {
    "beat": "winlogbeat",
    "type": "doc",
    "version": "6.2.2"
  },
  "thread_id": 23584,
  "process_id": 8608,
  "provider_guid": "{5770385F-C22A-43E0-BF4C-06F5698FFBD9}",
  "event_data": {
    "ProcessGuid": "{A376A8F6-F294-5A9C-0000-001052E48503}",
    "ProcessId": "17704",
    "Hashes": "MD5=BB53A7B416500127EE89E7572A3A1B54,SHA256=2577EF73A98D291EDC221EC3971A59AB2A4AF7474431430E7A97A63FD65D6E07",
    "Product": "Firefox",
    "FileVersion": "58.0.2",
    "Company": "Mozilla Foundation",
    "Signature": "Mozilla Corporation",
    "SignatureStatus": "Valid",
    "Signed": "true",
    "UtcTime": "2018-03-05 07:32:40.361",
    "ImageLoaded": "C:\\Program Files\\Mozilla Firefox\\softokn3.dll",
    "Image": "C:\\Program Files\\Mozilla Firefox\\firefox.exe"
  },
  "log_name": "Microsoft-Windows-Sysmon/Operational",
  "source_name": "Microsoft-Windows-Sysmon",
  "event_id": 7,
  "record_number": "809",
  "version": 3,
  "user": {
    "name": "SYSTEM",
    "domain": "NT AUTHORITY",
    "type": "Well Known Group",
    "identifier": "S-1-5-18"
  },
  "task": "Image loaded (rule: ImageLoad)",
  "type": "wineventlog",
  "level": "정보",
  "opcode": "정보",
  "message": "Image loaded:\nUtcTime: 2018-03-05 07:32:40.361\nProcessGuid: {A376A8F6-F294-5A9C-0000-001052E48503}\nProcessId: 17704\nImage: C:\\Program Files\\Mozilla Firefox\\firefox.exe\nImageLoaded: C:\\Program Files\\Mozilla Firefox\\softokn3.dll\nFileVersion: 58.0.2\nDescription: \nProduct: Firefox\nCompany: Mozilla Foundation\nHashes: MD5=BB53A7B416500127EE89E7572A3A1B54,SHA256=2577EF73A98D291EDC221EC3971A59AB2A4AF7474431430E7A97A63FD65D6E07\nSigned: true\nSignature: Mozilla Corporation\nSignatureStatus: Valid",
  "computer_name": "DESKTOP-WJANG",
  "beat": {
    "hostname": "DESKTOP-WJANG",
    "version": "6.2.2",
    "name": "DESKTOP-WJANG"
  }
}
{
  "@timestamp": "2018-03-05T07:32:41.080Z",
  "@metadata": {
    "beat": "winlogbeat",
    "type": "doc",
    "version": "6.2.2"
  },
  "message": "Image loaded:\nUtcTime: 2018-03-05 07:32:40.531\nProcessGuid: {A376A8F6-F298-5A9C-0000-001071788803}\nProcessId: 25364\nImage: C:\\Program Files\\Mozilla Firefox\\firefox.exe\nImageLoaded: C:\\Windows\\System32\\sxs.dll\nFileVersion: 10.0.16299.15 (WinBuild.160101.0800)\nDescription: 퓨전 2.5\nProduct: Microsoft® Windows® Operating System\nCompany: Microsoft Corporation\nHashes: MD5=F0637172818B1725C97720855B3F42B9,SHA256=AF7EF885B450C17E0433494855A99CF215C0C899DABC27363A59C05FBCA143B8\nSigned: true\nSignature: Microsoft Windows\nSignatureStatus: Valid",
  "task": "Image loaded (rule: ImageLoad)",
  "event_data": {
    "UtcTime": "2018-03-05 07:32:40.531",
    "ProcessGuid": "{A376A8F6-F298-5A9C-0000-001071788803}",
    "ImageLoaded": "C:\\Windows\\System32\\sxs.dll",
    "Image": "C:\\Program Files\\Mozilla Firefox\\firefox.exe",
    "Signed": "true",
    "Description": "퓨전 2.5",
    "Hashes": "MD5=F0637172818B1725C97720855B3F42B9,SHA256=AF7EF885B450C17E0433494855A99CF215C0C899DABC27363A59C05FBCA143B8",
    "Product": "Microsoft® Windows® Operating System",
    "FileVersion": "10.0.16299.15 (WinBuild.160101.0800)",
    "SignatureStatus": "Valid",
    "Company": "Microsoft Corporation",
    "ProcessId": "25364",
    "Signature": "Microsoft Windows"
  },
  "record_number": "810",
  "level": "정보",
  "provider_guid": "{5770385F-C22A-43E0-BF4C-06F5698FFBD9}",
  "source_name": "Microsoft-Windows-Sysmon",
  "opcode": "정보",
  "beat": {
    "name": "DESKTOP-WJANG",
    "hostname": "DESKTOP-WJANG",
    "version": "6.2.2"
  },
  "type": "wineventlog",
  "version": 3,
  "thread_id": 23584,
  "user": {
    "identifier": "S-1-5-18",
    "name": "SYSTEM",
    "domain": "NT AUTHORITY",
    "type": "Well Known Group"
  },
  "computer_name": "DESKTOP-WJANG",
  "log_name": "Microsoft-Windows-Sysmon/Operational",
  "event_id": 7,
  "process_id": 8608
}
{
  "@timestamp": "2018-03-05T07:32:41.081Z",
  "@metadata": {
    "beat": "winlogbeat",
    "type": "doc",
    "version": "6.2.2"
  },
  "computer_name": "DESKTOP-WJANG",
  "record_number": "811",
  "task": "Image loaded (rule: ImageLoad)",
  "event_data": {
    "Description": "Microsoft D2D 라이브러리",
    "ProcessGuid": "{A376A8F6-F298-5A9C-0000-00104DED8803}",
    "ProcessId": "4084",
    "Company": "Microsoft Corporation",
    "FileVersion": "10.0.16299.15 (WinBuild.160101.0800)",
    "UtcTime": "2018-03-05 07:32:41.079",
    "Signature": "Microsoft Windows",
    "Signed": "true",
    "Image": "C:\\Program Files\\Mozilla Firefox\\firefox.exe",
    "Hashes": "MD5=E382AB3FCE59336CDEF152B897B7364C,SHA256=84DBC3FACAA02D04D463D49616B490F65FD0057665F7C1BFD518E1AA05624791",
    "ImageLoaded": "C:\\Windows\\System32\\d2d1.dll",
    "SignatureStatus": "Valid",
    "Product": "Microsoft® Windows® Operating System"
  },
  "beat": {
    "version": "6.2.2",
    "name": "DESKTOP-WJANG",
    "hostname": "DESKTOP-WJANG"
  },
  "message": "Image loaded:\nUtcTime: 2018-03-05 07:32:41.079\nProcessGuid: {A376A8F6-F298-5A9C-0000-00104DED8803}\nProcessId: 4084\nImage: C:\\Program Files\\Mozilla Firefox\\firefox.exe\nImageLoaded: C:\\Windows\\System32\\d2d1.dll\nFileVersion: 10.0.16299.15 (WinBuild.160101.0800)\nDescription: Microsoft D2D 라이브러리\nProduct: Microsoft® Windows® Operating System\nCompany: Microsoft Corporation\nHashes: MD5=E382AB3FCE59336CDEF152B897B7364C,SHA256=84DBC3FACAA02D04D463D49616B490F65FD0057665F7C1BFD518E1AA05624791\nSigned: true\nSignature: Microsoft Windows\nSignatureStatus: Valid",
  "thread_id": 19220,
  "source_name": "Microsoft-Windows-Sysmon",
  "provider_guid": "{5770385F-C22A-43E0-BF4C-06F5698FFBD9}",
  "opcode": "정보",
  "type": "wineventlog",
  "event_id": 7,
  "process_id": 8608,
  "user": {
    "identifier": "S-1-5-18",
    "name": "SYSTEM",
    "domain": "NT AUTHORITY",
    "type": "Well Known Group"
  },
  "level": "정보",
  "log_name": "Microsoft-Windows-Sysmon/Operational",
  "version": 3
}
{
  "@timestamp": "2018-03-05T07:32:41.081Z",
  "@metadata": {
    "beat": "winlogbeat",
    "type": "doc",
    "version": "6.2.2"
  },
  "thread_id": 23584,
  "computer_name": "DESKTOP-WJANG",
  "log_name": "Microsoft-Windows-Sysmon/Operational",
  "message": "Image loaded:\nUtcTime: 2018-03-05 07:32:40.371\nProcessGuid: {A376A8F6-F297-5A9C-0000-00104D2C8803}\nProcessId: 4624\nImage: C:\\Program Files\\Mozilla Firefox\\firefox.exe\nImageLoaded: C:\\Windows\\System32\\sxs.dll\nFileVersion: 10.0.16299.15 (WinBuild.160101.0800)\nDescription: 퓨전 2.5\nProduct: Microsoft® Windows® Operating System\nCompany: Microsoft Corporation\nHashes: MD5=F0637172818B1725C97720855B3F42B9,SHA256=AF7EF885B450C17E0433494855A99CF215C0C899DABC27363A59C05FBCA143B8\nSigned: true\nSignature: Microsoft Windows\nSignatureStatus: Valid",
  "event_data": {
    "Image": "C:\\Program Files\\Mozilla Firefox\\firefox.exe",
    "Signed": "true",
    "Hashes": "MD5=F0637172818B1725C97720855B3F42B9,SHA256=AF7EF885B450C17E0433494855A99CF215C0C899DABC27363A59C05FBCA143B8",
    "FileVersion": "10.0.16299.15 (WinBuild.160101.0800)",
    "SignatureStatus": "Valid",
    "Company": "Microsoft Corporation",
    "ProcessGuid": "{A376A8F6-F297-5A9C-0000-00104D2C8803}",
    "Product": "Microsoft® Windows® Operating System",
    "Signature": "Microsoft Windows",
    "ImageLoaded": "C:\\Windows\\System32\\sxs.dll",
    "ProcessId": "4624",
    "Description": "퓨전 2.5",
    "UtcTime": "2018-03-05 07:32:40.371"
  },
  "event_id": 7,
  "beat": {
    "name": "DESKTOP-WJANG",
    "hostname": "DESKTOP-WJANG",
    "version": "6.2.2"
  },
  "process_id": 8608,
  "task": "Image loaded (rule: ImageLoad)",
  "source_name": "Microsoft-Windows-Sysmon",
  "provider_guid": "{5770385F-C22A-43E0-BF4C-06F5698FFBD9}",
  "level": "정보",
  "user": {
    "name": "SYSTEM",
    "domain": "NT AUTHORITY",
    "type": "Well Known Group",
    "identifier": "S-1-5-18"
  },
  "type": "wineventlog",
  "opcode": "정보",
  "version": 3,
  "record_number": "812"
}
{
  "@timestamp": "2018-03-05T07:32:41.082Z",
  "@metadata": {
    "beat": "winlogbeat",
    "type": "doc",
    "version": "6.2.2"
  },
  "computer_name": "DESKTOP-WJANG",
  "record_number": "813",
  "event_id": 7,
  "task": "Image loaded (rule: ImageLoad)",
  "user": {
    "identifier": "S-1-5-18",
    "name": "SYSTEM",
    "domain": "NT AUTHORITY",
    "type": "Well Known Group"
  },
  "event_data": {
    "ImageLoaded": "C:\\Windows\\System32\\xmllite.dll",
    "Signature": "Microsoft Windows",
    "UtcTime": "2018-03-05 07:32:41.081",
    "Image": "C:\\Program Files\\Mozilla Firefox\\firefox.exe",
    "SignatureStatus": "Valid",
    "Hashes": "MD5=96E1B476480361055F6D6E7EDE11B905,SHA256=35870355BDB80A32349F81411134266AB3854BD3B02467A907DB62D3525CF9C0",
    "Description": "Microsoft XmlLite Library",
    "Signed": "true",
    "FileVersion": "10.0.16299.15 (WinBuild.160101.0800)",
    "Company": "Microsoft Corporation",
    "ProcessGuid": "{A376A8F6-F298-5A9C-0000-00104DED8803}",
    "ProcessId": "4084",
    "Product": "Microsoft® Windows® Operating System"
  },
  "thread_id": 19220,
  "opcode": "정보",
  "process_id": 8608,
  "version": 3,
  "beat": {
    "name": "DESKTOP-WJANG",
    "hostname": "DESKTOP-WJANG",
    "version": "6.2.2"
  },
  "provider_guid": "{5770385F-C22A-43E0-BF4C-06F5698FFBD9}",
  "level": "정보",
  "message": "Image loaded:\nUtcTime: 2018-03-05 07:32:41.081\nProcessGuid: {A376A8F6-F298-5A9C-0000-00104DED8803}\nProcessId: 4084\nImage: C:\\Program Files\\Mozilla Firefox\\firefox.exe\nImageLoaded: C:\\Windows\\System32\\xmllite.dll\nFileVersion: 10.0.16299.15 (WinBuild.160101.0800)\nDescription: Microsoft XmlLite Library\nProduct: Microsoft® Windows® Operating System\nCompany: Microsoft Corporation\nHashes: MD5=96E1B476480361055F6D6E7EDE11B905,SHA256=35870355BDB80A32349F81411134266AB3854BD3B02467A907DB62D3525CF9C0\nSigned: true\nSignature: Microsoft Windows\nSignatureStatus: Valid",
  "type": "wineventlog",
  "log_name": "Microsoft-Windows-Sysmon/Operational",
  "source_name": "Microsoft-Windows-Sysmon"
}
{
  "@timestamp": "2018-03-05T07:32:41.084Z",
  "@metadata": {
    "beat": "winlogbeat",
    "type": "doc",
    "version": "6.2.2"
  },
  "source_name": "Microsoft-Windows-Sysmon",
  "computer_name": "DESKTOP-WJANG",
  "event_data": {
    "Company": "Microsoft Corporation",
    "Description": "Microsoft DirectX 입력 체계 서비스",
    "Image": "C:\\Program Files\\Mozilla Firefox\\firefox.exe",
    "ProcessId": "4084",
    "Hashes": "MD5=04ADF62991CE74701D6CB5F581362161,SHA256=5F948F8B4F9E63DE990ECC9A8E36153C3B60CCE74D330778495AC288074A47BF",
    "FileVersion": "10.0.16299.15 (WinBuild.160101.0800)",
    "Product": "Microsoft® Windows® Operating System",
    "UtcTime": "2018-03-05 07:32:41.082",
    "ImageLoaded": "C:\\Windows\\System32\\DWrite.dll",
    "Signature": "Microsoft Windows",
    "SignatureStatus": "Valid",
    "Signed": "true",
    "ProcessGuid": "{A376A8F6-F298-5A9C-0000-00104DED8803}"
  },
  "provider_guid": "{5770385F-C22A-43E0-BF4C-06F5698FFBD9}",
  "level": "정보",
  "user": {
    "identifier": "S-1-5-18",
    "name": "SYSTEM",
    "domain": "NT AUTHORITY",
    "type": "Well Known Group"
  },
  "message": "Image loaded:\nUtcTime: 2018-03-05 07:32:41.082\nProcessGuid: {A376A8F6-F298-5A9C-0000-00104DED8803}\nProcessId: 4084\nImage: C:\\Program Files\\Mozilla Firefox\\firefox.exe\nImageLoaded: C:\\Windows\\System32\\DWrite.dll\nFileVersion: 10.0.16299.15 (WinBuild.160101.0800)\nDescription: Microsoft DirectX 입력 체계 서비스\nProduct: Microsoft® Windows® Operating System\nCompany: Microsoft Corporation\nHashes: MD5=04ADF62991CE74701D6CB5F581362161,SHA256=5F948F8B4F9E63DE990ECC9A8E36153C3B60CCE74D330778495AC288074A47BF\nSigned: true\nSignature: Microsoft Windows\nSignatureStatus: Valid",
  "task": "Image loaded (rule: ImageLoad)",
  "log_name": "Microsoft-Windows-Sysmon/Operational",
  "record_number": "814",
  "event_id": 7,
  "version": 3,
  "process_id": 8608,
  "type": "wineventlog",
  "opcode": "정보",
  "thread_id": 19220,
  "beat": {
    "name": "DESKTOP-WJANG",
    "hostname": "DESKTOP-WJANG",
    "version": "6.2.2"
  }
}
{
  "@timestamp": "2018-03-05T07:32:41.092Z",
  "@metadata": {
    "beat": "winlogbeat",
    "type": "doc",
    "version": "6.2.2"
  },
  "version": 3,
  "task": "Image loaded (rule: ImageLoad)",
  "type": "wineventlog",
  "level": "정보",
  "computer_name": "DESKTOP-WJANG",
  "thread_id": 23584,
  "record_number": "815",
  "source_name": "Microsoft-Windows-Sysmon",
  "event_id": 7,
  "user": {
    "type": "Well Known Group",
    "identifier": "S-1-5-18",
    "name": "SYSTEM",
    "domain": "NT AUTHORITY"
  },
  "provider_guid": "{5770385F-C22A-43E0-BF4C-06F5698FFBD9}",
  "opcode": "정보",
  "event_data": {
    "ImageLoaded": "C:\\Program Files\\Mozilla Firefox\\freebl3.dll",
    "Company": "Mozilla Foundation",
    "Signature": "Mozilla Corporation",
    "ProcessId": "4624",
    "Signed": "true",
    "Product": "Firefox",
    "Hashes": "MD5=DD64A00BD2F5654F6BF7F4224D586A36,SHA256=17373F9B75D8C2277356BF38B24D0CB3EA36F021320A0EB5AFF6B0CE049B2FB7",
    "FileVersion": "58.0.2",
    "UtcTime": "2018-03-05 07:32:40.439",
    "Image": "C:\\Program Files\\Mozilla Firefox\\firefox.exe",
    "SignatureStatus": "Valid",
    "ProcessGuid": "{A376A8F6-F297-5A9C-0000-00104D2C8803}"
  },
  "process_id": 8608,
  "beat": {
    "name": "DESKTOP-WJANG",
    "hostname": "DESKTOP-WJANG",
    "version": "6.2.2"
  },
  "log_name": "Microsoft-Windows-Sysmon/Operational",
  "message": "Image loaded:\nUtcTime: 2018-03-05 07:32:40.439\nProcessGuid: {A376A8F6-F297-5A9C-0000-00104D2C8803}\nProcessId: 4624\nImage: C:\\Program Files\\Mozilla Firefox\\firefox.exe\nImageLoaded: C:\\Program Files\\Mozilla Firefox\\freebl3.dll\nFileVersion: 58.0.2\nDescription: \nProduct: Firefox\nCompany: Mozilla Foundation\nHashes: MD5=DD64A00BD2F5654F6BF7F4224D586A36,SHA256=17373F9B75D8C2277356BF38B24D0CB3EA36F021320A0EB5AFF6B0CE049B2FB7\nSigned: true\nSignature: Mozilla Corporation\nSignatureStatus: Valid"
}
