{
  "@timestamp": "2018-03-05T07:32:39.758Z",
  "@metadata": {
    "beat": "winlogbeat",
    "type": "doc",
    "version": "6.2.2"
  },
  "message": "Image loaded:\nUtcTime: 2018-03-05 07:32:39.756\nProcessGuid: {A376A8F6-F297-5A9C-0000-00104D2C8803}\nProcessId: 4624\nImage: C:\\Program Files\\Mozilla Firefox\\firefox.exe\nImageLoaded: C:\\Windows\\System32\\NapiNSP.dll\nFileVersion: 10.0.16299.15 (WinBuild.160101.0800)\nDescription: 전자 메일 명명 심(Shim) 공급자\nProduct: Microsoft® Windows® Operating System\nCompany: Microsoft Corporation\nHashes: MD5=1392079CB7BCFA1F1A01C0AA7FA1D782,SHA256=4890B8EC3B360D4B8C7A209DEFC4908CC79C7EFEBEE59B02601C77A67B9FEA02\nSigned: true\nSignature: Microsoft Windows\nSignatureStatus: Valid",
  "provider_guid": "{5770385F-C22A-43E0-BF4C-06F5698FFBD9}",
  "opcode": "정보",
  "computer_name": "DESKTOP-WJANG",
  "source_name": "Microsoft-Windows-Sysmon",
  "user": {
    "identifier": "S-1-5-18",
    "name": "SYSTEM",
    "domain": "NT AUTHORITY",
    "type": "Well Known Group"
  },
  "event_id": 7,
  "event_data": {
    "Product": "Microsoft® Windows® Operating System",
    "Signed": "true",
    "Image": "C:\\Program Files\\Mozilla Firefox\\firefox.exe",
    "FileVersion": "10.0.16299.15 (WinBuild.160101.0800)",
    "SignatureStatus": "Valid",
    "ImageLoaded": "C:\\Windows\\System32\\NapiNSP.dll",
    "ProcessGuid": "{A376A8F6-F297-5A9C-0000-00104D2C8803}",
    "Description": "전자 메일 명명 심(Shim) 공급자",
    "Company": "Microsoft Corporation",
    "UtcTime": "2018-03-05 07:32:39.756",
    "Signature": "Microsoft Windows",
    "Hashes": "MD5=1392079CB7BCFA1F1A01C0AA7FA1D782,SHA256=4890B8EC3B360D4B8C7A209DEFC4908CC79C7EFEBEE59B02601C77A67B9FEA02",
    "ProcessId": "4624"
  },
  "beat": {
    "name": "DESKTOP-WJANG",
    "hostname": "DESKTOP-WJANG",
    "version": "6.2.2"
  },
  "version": 3,
  "log_name": "Microsoft-Windows-Sysmon/Operational",
  "type": "wineventlog",
  "record_number": "510",
  "thread_id": 19220,
  "task": "Image loaded (rule: ImageLoad)",
  "level": "정보",
  "process_id": 8608
}
{
  "@timestamp": "2018-03-05T07:32:39.759Z",
  "@metadata": {
    "beat": "winlogbeat",
    "type": "doc",
    "version": "6.2.2"
  },
  "opcode": "정보",
  "type": "wineventlog",
  "task": "Image loaded (rule: ImageLoad)",
  "source_name": "Microsoft-Windows-Sysmon",
  "user": {
    "type": "Well Known Group",
    "identifier": "S-1-5-18",
    "name": "SYSTEM",
    "domain": "NT AUTHORITY"
  },
  "record_number": "511",
  "level": "정보",
  "event_id": 7,
  "log_name": "Microsoft-Windows-Sysmon/Operational",
  "message": "Image loaded:\nUtcTime: 2018-03-05 07:32:39.758\nProcessGuid: {A376A8F6-F297-5A9C-0000-00104D2C8803}\nProcessId: 4624\nImage: C:\\Program Files\\Mozilla Firefox\\firefox.exe\nImageLoaded: C:\\Windows\\System32\\pnrpnsp.dll\nFileVersion: 10.0.16299.15 (WinBuild.160101.0800)\nDescription: PNRP 네임스페이스 공급자\nProduct: Microsoft® Windows® Operating System\nCompany: Microsoft Corporation\nHashes: MD5=626562CCE32E6879803DA4C3893FF69A,SHA256=666C98BD56A96F805BA2CF2109B17838EC63409D3F2FA154A820DA76693B959A\nSigned: true\nSignature: Microsoft Windows\nSignatureStatus: Valid",
  "computer_name": "DESKTOP-WJANG",
  "thread_id": 19220,
  "provider_guid": "{5770385F-C22A-43E0-BF4C-06F5698FFBD9}",
  "process_id": 8608,
  "version": 3,
  "event_data": {
    "ProcessGuid": "{A376A8F6-F297-5A9C-0000-00104D2C8803}",
    "Description": "PNRP 네임스페이스 공급자",
    "Signed": "true",
    "Hashes": "MD5=626562CCE32E6879803DA4C3893FF69A,SHA256=666C98BD56A96F805BA2CF2109B17838EC63409D3F2FA154A820DA76693B959A",
    "Image": "C:\\Program Files\\Mozilla Firefox\\firefox.exe",
    "ProcessId": "4624",
    "FileVersion": "10.0.16299.15 (WinBuild.160101.0800)",
    "Product": "Microsoft® Windows® Operating System",
    "Company": "Microsoft Corporation",
    "ImageLoaded": "C:\\Windows\\System32\\pnrpnsp.dll",
    "SignatureStatus": "Valid",
    "UtcTime": "2018-03-05 07:32:39.758",
    "Signature": "Microsoft Windows"
  },
  "beat": {
    "version": "6.2.2",
    "name": "DESKTOP-WJANG",
    "hostname": "DESKTOP-WJANG"
  }
}
{
  "@timestamp": "2018-03-05T07:32:39.760Z",
  "@metadata": {
    "beat": "winlogbeat",
    "type": "doc",
    "version": "6.2.2"
  },
  "record_number": "512",
  "provider_guid": "{5770385F-C22A-43E0-BF4C-06F5698FFBD9}",
  "level": "정보",
  "opcode": "정보",
  "process_id": 8608,
  "type": "wineventlog",
  "log_name": "Microsoft-Windows-Sysmon/Operational",
  "message": "Image loaded:\nUtcTime: 2018-03-05 07:32:39.759\nProcessGuid: {A376A8F6-F297-5A9C-0000-00104D2C8803}\nProcessId: 4624\nImage: C:\\Program Files\\Mozilla Firefox\\firefox.exe\nImageLoaded: C:\\Windows\\System32\\nlaapi.dll\nFileVersion: 10.0.16299.248 (WinBuild.160101.0800)\nDescription: Network Location Awareness 2\nProduct: Microsoft® Windows® Operating System\nCompany: Microsoft Corporation\nHashes: MD5=FA274B36F951A5EF359CF07E2EE188D6,SHA256=7386E7F5ABE2069A0851BBB9351510C54C845CD41D9EC29320B2E320C0A690C2\nSigned: true\nSignature: Microsoft Windows\nSignatureStatus: Valid",
  "beat": {
    "name": "DESKTOP-WJANG",
    "hostname": "DESKTOP-WJANG",
    "version": "6.2.2"
  },
  "event_id": 7,
  "event_data": {
    "ProcessId": "4624",
    "ImageLoaded": "C:\\Windows\\System32\\nlaapi.dll",
    "Company": "Microsoft Corporation",
    "Hashes": "MD5=FA274B36F951A5EF359CF07E2EE188D6,SHA256=7386E7F5ABE2069A0851BBB9351510C54C845CD41D9EC29320B2E320C0A690C2",
    "UtcTime": "2018-03-05 07:32:39.759",
    "Signed": "true",
    "Signature": "Microsoft Windows",
    "SignatureStatus": "Valid",
    "Image": "C:\\Program Files\\Mozilla Firefox\\firefox.exe",
    "ProcessGuid": "{A376A8F6-F297-5A9C-0000-00104D2C8803}",
    "FileVersion": "10.0.16299.248 (WinBuild.160101.0800)",
    "Description": "Network Location Awareness 2",
    "Product": "Microsoft® Windows® Operating System"
  },
  "thread_id": 19220,
  "source_name": "Microsoft-Windows-Sysmon",
  "computer_name": "DESKTOP-WJANG",
  "user": {
    "identifier": "S-1-5-18",
    "name": "SYSTEM",
    "domain": "NT AUTHORITY",
    "type": "Well Known Group"
  },
  "version": 3,
  "task": "Image loaded (rule: ImageLoad)"
}
{
  "@timestamp": "2018-03-05T07:32:39.761Z",
  "@metadata": {
    "beat": "winlogbeat",
    "type": "doc",
    "version": "6.2.2"
  },
  "event_id": 7,
  "level": "정보",
  "provider_guid": "{5770385F-C22A-43E0-BF4C-06F5698FFBD9}",
  "task": "Image loaded (rule: ImageLoad)",
  "message": "Image loaded:\nUtcTime: 2018-03-05 07:32:39.760\nProcessGuid: {A376A8F6-F297-5A9C-0000-00104D2C8803}\nProcessId: 4624\nImage: C:\\Program Files\\Mozilla Firefox\\firefox.exe\nImageLoaded: C:\\Windows\\System32\\mswsock.dll\nFileVersion: 10.0.16299.15 (WinBuild.160101.0800)\nDescription: Microsoft Windows 소켓 2.0 서비스 공급자\nProduct: Microsoft® Windows® Operating System\nCompany: Microsoft Corporation\nHashes: MD5=E8730E42E6CF34C1FDABA4B631C14836,SHA256=474EC11DFC4CBE4A5C5ADA7C1E79E3E4573EF6947263FA212ACBAE4DD90AD29D\nSigned: true\nSignature: Microsoft Windows\nSignatureStatus: Valid",
  "log_name": "Microsoft-Windows-Sysmon/Operational",
  "version": 3,
  "computer_name": "DESKTOP-WJANG",
  "opcode": "정보",
  "record_number": "513",
  "event_data": {
    "ImageLoaded": "C:\\Windows\\System32\\mswsock.dll",
    "Product": "Microsoft® Windows® Operating System",
    "FileVersion": "10.0.16299.15 (WinBuild.160101.0800)",
    "Image": "C:\\Program Files\\Mozilla Firefox\\firefox.exe",
    "UtcTime": "2018-03-05 07:32:39.760",
    "Signed": "true",
    "Signature": "Microsoft Windows",
    "ProcessGuid": "{A376A8F6-F297-5A9C-0000-00104D2C8803}",
    "SignatureStatus": "Valid",
    "Company": "Microsoft Corporation",
    "Description": "Microsoft Windows 소켓 2.0 서비스 공급자",
    "Hashes": "MD5=E8730E42E6CF34C1FDABA4B631C14836,SHA256=474EC11DFC4CBE4A5C5ADA7C1E79E3E4573EF6947263FA212ACBAE4DD90AD29D",
    "ProcessId": "4624"
  },
  "thread_id": 19220,
  "type": "wineventlog",
  "source_name": "Microsoft-Windows-Sysmon",
  "beat": {
    "name": "DESKTOP-WJANG",
    "hostname": "DESKTOP-WJANG",
    "version": "6.2.2"
  },
  "user": {
    "identifier": "S-1-5-18",
    "name": "SYSTEM",
    "domain": "NT AUTHORITY",
    "type": "Well Known Group"
  },
  "process_id": 8608
}
{
  "@timestamp": "2018-03-05T07:32:39.762Z",
  "@metadata": {
    "beat": "winlogbeat",
    "type": "doc",
    "version": "6.2.2"
  },
  "source_name": "Microsoft-Windows-Sysmon",
  "record_number": "514",
  "version": 3,
  "level": "정보",
  "event_data": {
    "FileVersion": "10.0.16299.15 (WinBuild.160101.0800)",
    "SignatureStatus": "Valid",
    "Description": "DNS 클라이언트 API DLL",
    "ImageLoaded": "C:\\Windows\\System32\\dnsapi.dll",
    "Signature": "Microsoft Windows",
    "Signed": "true",
    "ProcessGuid": "{A376A8F6-F297-5A9C-0000-00104D2C8803}",
    "ProcessId": "4624",
    "UtcTime": "2018-03-05 07:32:39.761",
    "Image": "C:\\Program Files\\Mozilla Firefox\\firefox.exe",
    "Product": "Microsoft® Windows® Operating System",
    "Company": "Microsoft Corporation",
    "Hashes": "MD5=5AE3B789BC547BBBE2A876F587BE60F6,SHA256=16C91455044BEC95B325F46252A351E59F2A5606F7CBC20D5DC783143B00DB59"
  },
  "log_name": "Microsoft-Windows-Sysmon/Operational",
  "type": "wineventlog",
  "task": "Image loaded (rule: ImageLoad)",
  "event_id": 7,
  "provider_guid": "{5770385F-C22A-43E0-BF4C-06F5698FFBD9}",
  "message": "Image loaded:\nUtcTime: 2018-03-05 07:32:39.761\nProcessGuid: {A376A8F6-F297-5A9C-0000-00104D2C8803}\nProcessId: 4624\nImage: C:\\Program Files\\Mozilla Firefox\\firefox.exe\nImageLoaded: C:\\Windows\\System32\\dnsapi.dll\nFileVersion: 10.0.16299.15 (WinBuild.160101.0800)\nDescription: DNS 클라이언트 API DLL\nProduct: Microsoft® Windows® Operating System\nCompany: Microsoft Corporation\nHashes: MD5=5AE3B789BC547BBBE2A876F587BE60F6,SHA256=16C91455044BEC95B325F46252A351E59F2A5606F7CBC20D5DC783143B00DB59\nSigned: true\nSignature: Microsoft Windows\nSignatureStatus: Valid",
  "user": {
    "type": "Well Known Group",
    "identifier": "S-1-5-18",
    "name": "SYSTEM",
    "domain": "NT AUTHORITY"
  },
  "process_id": 8608,
  "computer_name": "DESKTOP-WJANG",
  "thread_id": 19220,
  "opcode": "정보",
  "beat": {
    "hostname": "DESKTOP-WJANG",
    "version": "6.2.2",
    "name": "DESKTOP-WJANG"
  }
}
{
  "@timestamp": "2018-03-05T07:32:39.762Z",
  "@metadata": {
    "beat": "winlogbeat",
    "type": "doc",
    "version": "6.2.2"
  },
  "log_name": "Microsoft-Windows-Sysmon/Operational",
  "computer_name": "DESKTOP-WJANG",
  "thread_id": 19220,
  "event_id": 7,
  "user": {
    "domain": "NT AUTHORITY",
    "type": "Well Known Group",
    "identifier": "S-1-5-18",
    "name": "SYSTEM"
  },
  "message": "Image loaded:\nUtcTime: 2018-03-05 07:32:39.761\nProcessGuid: {A376A8F6-F297-5A9C-0000-00104D2C8803}\nProcessId: 4624\nImage: C:\\Program Files\\Mozilla Firefox\\firefox.exe\nImageLoaded: C:\\Windows\\System32\\nsi.dll\nFileVersion: 10.0.16299.15 (WinBuild.160101.0800)\nDescription: NSI User-mode interface DLL\nProduct: Microsoft® Windows® Operating System\nCompany: Microsoft Corporation\nHashes: MD5=98401A19C75B1E6E239A417905E1B00D,SHA256=B14AE1BD5A424305501593B3B199C4FA63EB8842FDFACEC050D77B3C5D32F260\nSigned: true\nSignature: Microsoft Windows\nSignatureStatus: Valid",
  "beat": {
    "name": "DESKTOP-WJANG",
    "hostname": "DESKTOP-WJANG",
    "version": "6.2.2"
  },
  "type": "wineventlog",
  "process_id": 8608,
  "task": "Image loaded (rule: ImageLoad)",
  "opcode": "정보",
  "source_name": "Microsoft-Windows-Sysmon",
  "provider_guid": "{5770385F-C22A-43E0-BF4C-06F5698FFBD9}",
  "event_data": {
    "Hashes": "MD5=98401A19C75B1E6E239A417905E1B00D,SHA256=B14AE1BD5A424305501593B3B199C4FA63EB8842FDFACEC050D77B3C5D32F260",
    "ImageLoaded": "C:\\Windows\\System32\\nsi.dll",
    "Image": "C:\\Program Files\\Mozilla Firefox\\firefox.exe",
    "FileVersion": "10.0.16299.15 (WinBuild.160101.0800)",
    "Product": "Microsoft® Windows® Operating System",
    "UtcTime": "2018-03-05 07:32:39.761",
    "ProcessGuid": "{A376A8F6-F297-5A9C-0000-00104D2C8803}",
    "SignatureStatus": "Valid",
    "ProcessId": "4624",
    "Signature": "Microsoft Windows",
    "Description": "NSI User-mode interface DLL",
    "Signed": "true",
    "Company": "Microsoft Corporation"
  },
  "record_number": "515",
  "version": 3,
  "level": "정보"
}
{
  "@timestamp": "2018-03-05T07:32:39.765Z",
  "@metadata": {
    "beat": "winlogbeat",
    "type": "doc",
    "version": "6.2.2"
  },
  "thread_id": 19220,
  "event_data": {
    "Company": "Microsoft Corporation",
    "Product": "Microsoft® Windows® Operating System",
    "Signed": "true",
    "Image": "C:\\Program Files\\Mozilla Firefox\\firefox.exe",
    "Signature": "Microsoft Windows",
    "Description": "LDAP RnR Provider DLL",
    "ProcessId": "4624",
    "FileVersion": "10.0.16299.15 (WinBuild.160101.0800)",
    "Hashes": "MD5=5B09ACA04311D896893C9F98A4BE67CA,SHA256=0074CB266C02B594BFDEB1545B7329137EF0E4995CE3F8E9376E8BB3622C23FF",
    "UtcTime": "2018-03-05 07:32:39.764",
    "ProcessGuid": "{A376A8F6-F297-5A9C-0000-00104D2C8803}",
    "ImageLoaded": "C:\\Windows\\System32\\winrnr.dll",
    "SignatureStatus": "Valid"
  },
  "user": {
    "identifier": "S-1-5-18",
    "name": "SYSTEM",
    "domain": "NT AUTHORITY",
    "type": "Well Known Group"
  },
  "source_name": "Microsoft-Windows-Sysmon",
  "record_number": "516",
  "log_name": "Microsoft-Windows-Sysmon/Operational",
  "beat": {
    "name": "DESKTOP-WJANG",
    "hostname": "DESKTOP-WJANG",
    "version": "6.2.2"
  },
  "level": "정보",
  "task": "Image loaded (rule: ImageLoad)",
  "provider_guid": "{5770385F-C22A-43E0-BF4C-06F5698FFBD9}",
  "message": "Image loaded:\nUtcTime: 2018-03-05 07:32:39.764\nProcessGuid: {A376A8F6-F297-5A9C-0000-00104D2C8803}\nProcessId: 4624\nImage: C:\\Program Files\\Mozilla Firefox\\firefox.exe\nImageLoaded: C:\\Windows\\System32\\winrnr.dll\nFileVersion: 10.0.16299.15 (WinBuild.160101.0800)\nDescription: LDAP RnR Provider DLL\nProduct: Microsoft® Windows® Operating System\nCompany: Microsoft Corporation\nHashes: MD5=5B09ACA04311D896893C9F98A4BE67CA,SHA256=0074CB266C02B594BFDEB1545B7329137EF0E4995CE3F8E9376E8BB3622C23FF\nSigned: true\nSignature: Microsoft Windows\nSignatureStatus: Valid",
  "process_id": 8608,
  "opcode": "정보",
  "type": "wineventlog",
  "event_id": 7,
  "version": 3,
  "computer_name": "DESKTOP-WJANG"
}
{
  "@timestamp": "2018-03-05T07:32:39.818Z",
  "@metadata": {
    "beat": "winlogbeat",
    "type": "doc",
    "version": "6.2.2"
  },
  "level": "정보",
  "log_name": "Microsoft-Windows-Sysmon/Operational",
  "event_id": 7,
  "beat": {
    "name": "DESKTOP-WJANG",
    "hostname": "DESKTOP-WJANG",
    "version": "6.2.2"
  },
  "process_id": 8608,
  "opcode": "정보",
  "thread_id": 19220,
  "message": "Image loaded:\nUtcTime: 2018-03-05 07:32:39.817\nProcessGuid: {A376A8F6-F297-5A9C-0000-00104D2C8803}\nProcessId: 4624\nImage: C:\\Program Files\\Mozilla Firefox\\firefox.exe\nImageLoaded: C:\\Windows\\System32\\userenv.dll\nFileVersion: 10.0.16299.15 (WinBuild.160101.0800)\nDescription: Userenv\nProduct: Microsoft® Windows® Operating System\nCompany: Microsoft Corporation\nHashes: MD5=039F6F9C681BBDE16506DB4F0F270367,SHA256=CD5A8134448CD162A12B622710DC45AD42A9E7750F72EA679B1049E61EBF7537\nSigned: true\nSignature: Microsoft Windows\nSignatureStatus: Valid",
  "type": "wineventlog",
  "provider_guid": "{5770385F-C22A-43E0-BF4C-06F5698FFBD9}",
  "version": 3,
  "record_number": "517",
  "task": "Image loaded (rule: ImageLoad)",
  "event_data": {
    "Image": "C:\\Program Files\\Mozilla Firefox\\firefox.exe",
    "SignatureStatus": "Valid",
    "UtcTime": "2018-03-05 07:32:39.817",
    "Signature": "Microsoft Windows",
    "FileVersion": "10.0.16299.15 (WinBuild.160101.0800)",
    "Product": "Microsoft® Windows® Operating System",
    "ProcessId": "4624",
    "Description": "Userenv",
    "ImageLoaded": "C:\\Windows\\System32\\userenv.dll",
    "Signed": "true",
    "Company": "Microsoft Corporation",
    "Hashes": "MD5=039F6F9C681BBDE16506DB4F0F270367,SHA256=CD5A8134448CD162A12B622710DC45AD42A9E7750F72EA679B1049E61EBF7537",
    "ProcessGuid": "{A376A8F6-F297-5A9C-0000-00104D2C8803}"
  },
  "source_name": "Microsoft-Windows-Sysmon",
  "user": {
    "type": "Well Known Group",
    "identifier": "S-1-5-18",
    "name": "SYSTEM",
    "domain": "NT AUTHORITY"
  },
  "computer_name": "DESKTOP-WJANG"
}
{
  "@timestamp": "2018-03-05T07:32:39.824Z",
  "@metadata": {
    "beat": "winlogbeat",
    "type": "doc",
    "version": "6.2.2"
  },
  "process_id": 8608,
  "type": "wineventlog",
  "level": "정보",
  "provider_guid": "{5770385F-C22A-43E0-BF4C-06F5698FFBD9}",
  "record_number": "518",
  "event_data": {
    "SignatureStatus": "Valid",
    "UtcTime": "2018-03-05 07:32:38.786",
    "Hashes": "MD5=D09D24A071007D66C9ED2B6B40B9D1D3,SHA256=7BB3A86426899114AF03718A697DFB894A2500A23321815D6D44EE78BD10FE0F",
    "Signature": "Microsoft Windows",
    "Company": "Microsoft Corporation",
    "ProcessId": "17704",
    "ProcessGuid": "{A376A8F6-F294-5A9C-0000-001052E48503}",
    "ImageLoaded": "C:\\Windows\\System32\\wininet.dll",
    "Image": "C:\\Program Files\\Mozilla Firefox\\firefox.exe",
    "Signed": "true",
    "Description": "Win32용 인터넷 확장",
    "Product": "Internet Explorer",
    "FileVersion": "11.00.16299.15 (WinBuild.160101.0800)"
  },
  "log_name": "Microsoft-Windows-Sysmon/Operational",
  "opcode": "정보",
  "message": "Image loaded:\nUtcTime: 2018-03-05 07:32:38.786\nProcessGuid: {A376A8F6-F294-5A9C-0000-001052E48503}\nProcessId: 17704\nImage: C:\\Program Files\\Mozilla Firefox\\firefox.exe\nImageLoaded: C:\\Windows\\System32\\wininet.dll\nFileVersion: 11.00.16299.15 (WinBuild.160101.0800)\nDescription: Win32용 인터넷 확장\nProduct: Internet Explorer\nCompany: Microsoft Corporation\nHashes: MD5=D09D24A071007D66C9ED2B6B40B9D1D3,SHA256=7BB3A86426899114AF03718A697DFB894A2500A23321815D6D44EE78BD10FE0F\nSigned: true\nSignature: Microsoft Windows\nSignatureStatus: Valid",
  "beat": {
    "hostname": "DESKTOP-WJANG",
    "version": "6.2.2",
    "name": "DESKTOP-WJANG"
  },
  "source_name": "Microsoft-Windows-Sysmon",
  "user": {
    "name": "SYSTEM",
    "domain": "NT AUTHORITY",
    "type": "Well Known Group",
    "identifier": "S-1-5-18"
  },
  "event_id": 7,
  "computer_name": "DESKTOP-WJANG",
  "task": "Image loaded (rule: ImageLoad)",
  "thread_id": 23584,
  "version": 3
}
{
  "@timestamp": "2018-03-05T07:32:39.849Z",
  "@metadata": {
    "beat": "winlogbeat",
    "type": "doc",
    "version": "6.2.2"
  },
  "event_data": {
    "SignatureStatus": "Valid",
    "UtcTime": "2018-03-05 07:32:38.805",
    "Description": "MFCDLL Shared Library - Retail Version",
    "Product": "Microsoft® Visual Studio® 2008",
    "Company": "Microsoft Corporation",
    "Image": "C:\\Program Files\\Mozilla Firefox\\firefox.exe",
    "ImageLoaded": "C:\\Windows\\WinSxS\\amd64_microsoft.vc90.mfc_1fc8b3b9a1e18e3b_9.0.30729.6161_none_044aad0bab1eb146\\mfc90u.dll",
    "Signature": "Microsoft Corporation",
    "Signed": "true",
    "ProcessGuid": "{A376A8F6-F294-5A9C-0000-001052E48503}",
    "FileVersion": "9.00.30729.6161",
    "Hashes": "MD5=4BD79D03984226DB22D19BBE79369E0E,SHA256=C29901A0E404D9943921CDF8FEE4D627994C7643BAF08C5E299ACA6EFBF30D36",
    "ProcessId": "17704"
  },
  "user": {
    "name": "SYSTEM",
    "domain": "NT AUTHORITY",
    "type": "Well Known Group",
    "identifier": "S-1-5-18"
  },
  "type": "wineventlog",
  "event_id": 7,
  "process_id": 8608,
  "computer_name": "DESKTOP-WJANG",
  "version": 3,
  "level": "정보",
  "task": "Image loaded (rule: ImageLoad)",
  "log_name": "Microsoft-Windows-Sysmon/Operational",
  "message": "Image loaded:\nUtcTime: 2018-03-05 07:32:38.805\nProcessGuid: {A376A8F6-F294-5A9C-0000-001052E48503}\nProcessId: 17704\nImage: C:\\Program Files\\Mozilla Firefox\\firefox.exe\nImageLoaded: C:\\Windows\\WinSxS\\amd64_microsoft.vc90.mfc_1fc8b3b9a1e18e3b_9.0.30729.6161_none_044aad0bab1eb146\\mfc90u.dll\nFileVersion: 9.00.30729.6161\nDescription: MFCDLL Shared Library - Retail Version\nProduct: Microsoft® Visual Studio® 2008\nCompany: Microsoft Corporation\nHashes: MD5=4BD79D03984226DB22D19BBE79369E0E,SHA256=C29901A0E404D9943921CDF8FEE4D627994C7643BAF08C5E299ACA6EFBF30D36\nSigned: true\nSignature: Microsoft Corporation\nSignatureStatus: Valid",
  "beat": {
    "version": "6.2.2",
    "name": "DESKTOP-WJANG",
    "hostname": "DESKTOP-WJANG"
  },
  "record_number": "519",
  "opcode": "정보",
  "source_name": "Microsoft-Windows-Sysmon",
  "provider_guid": "{5770385F-C22A-43E0-BF4C-06F5698FFBD9}",
  "thread_id": 23584
}
{
  "@timestamp": "2018-03-05T07:32:39.851Z",
  "@metadata": {
    "beat": "winlogbeat",
    "type": "doc",
    "version": "6.2.2"
  },
  "record_number": "520",
  "beat": {
    "hostname": "DESKTOP-WJANG",
    "version": "6.2.2",
    "name": "DESKTOP-WJANG"
  },
  "log_name": "Microsoft-Windows-Sysmon/Operational",
  "type": "wineventlog",
  "user": {
    "type": "Well Known Group",
    "identifier": "S-1-5-18",
    "name": "SYSTEM",
    "domain": "NT AUTHORITY"
  },
  "provider_guid": "{5770385F-C22A-43E0-BF4C-06F5698FFBD9}",
  "thread_id": 19220,
  "source_name": "Microsoft-Windows-Sysmon",
  "message": "Image loaded:\nUtcTime: 2018-03-05 07:32:39.849\nProcessGuid: {A376A8F6-F297-5A9C-0000-00104D2C8803}\nProcessId: 4624\nImage: C:\\Program Files\\Mozilla Firefox\\firefox.exe\nImageLoaded: C:\\Windows\\System32\\msctf.dll\nFileVersion: 10.0.16299.15 (WinBuild.160101.0800)\nDescription: MSCTF Server DLL\nProduct: Microsoft® Windows® Operating System\nCompany: Microsoft Corporation\nHashes: MD5=AC5E46903DC862773FF3F3F309CB0D3A,SHA256=AF7F07B0EF8BF1B0FD534DC13ACDED77368034CAB1CF54C048654FC9BD776C20\nSigned: true\nSignature: Microsoft Windows\nSignatureStatus: Valid",
  "opcode": "정보",
  "event_data": {
    "SignatureStatus": "Valid",
    "ProcessId": "4624",
    "Description": "MSCTF Server DLL",
    "Signature": "Microsoft Windows",
    "Product": "Microsoft® Windows® Operating System",
    "FileVersion": "10.0.16299.15 (WinBuild.160101.0800)",
    "UtcTime": "2018-03-05 07:32:39.849",
    "ImageLoaded": "C:\\Windows\\System32\\msctf.dll",
    "Company": "Microsoft Corporation",
    "Image": "C:\\Program Files\\Mozilla Firefox\\firefox.exe",
    "Signed": "true",
    "ProcessGuid": "{A376A8F6-F297-5A9C-0000-00104D2C8803}",
    "Hashes": "MD5=AC5E46903DC862773FF3F3F309CB0D3A,SHA256=AF7F07B0EF8BF1B0FD534DC13ACDED77368034CAB1CF54C048654FC9BD776C20"
  },
  "computer_name": "DESKTOP-WJANG",
  "level": "정보",
  "task": "Image loaded (rule: ImageLoad)",
  "event_id": 7,
  "version": 3,
  "process_id": 8608
}
{
  "@timestamp": "2018-03-05T07:32:39.889Z",
  "@metadata": {
    "beat": "winlogbeat",
    "type": "doc",
    "version": "6.2.2"
  },
  "level": "정보",
  "process_id": 8608,
  "version": 3,
  "task": "Image loaded (rule: ImageLoad)",
  "event_id": 7,
  "provider_guid": "{5770385F-C22A-43E0-BF4C-06F5698FFBD9}",
  "event_data": {
    "Hashes": "MD5=2568EE0C4BF52D899D367A851E054162,SHA256=093C11B7E7ECC76FA20B40132F2C4B032E19995025BF06CB1B2C2E66D571D869",
    "ProcessGuid": "{A376A8F6-F294-5A9C-0000-001052E48503}",
    "ImageLoaded": "C:\\Windows\\WinSxS\\amd64_microsoft.windows.common-controls_6595b64144ccf1df_6.0.16299.248_none_15ced204935f55d7\\comctl32.dll",
    "Description": "Common Controls Library",
    "Signed": "true",
    "Product": "Microsoft® Windows® Operating System",
    "UtcTime": "2018-03-05 07:32:38.841",
    "Signature": "Microsoft Windows",
    "FileVersion": "5.82 (WinBuild.160101.0800)",
    "Company": "Microsoft Corporation",
    "SignatureStatus": "Valid",
    "ProcessId": "17704",
    "Image": "C:\\Program Files\\Mozilla Firefox\\firefox.exe"
  },
  "user": {
    "name": "SYSTEM",
    "domain": "NT AUTHORITY",
    "type": "Well Known Group",
    "identifier": "S-1-5-18"
  },
  "computer_name": "DESKTOP-WJANG",
  "message": "Image loaded:\nUtcTime: 2018-03-05 07:32:38.841\nProcessGuid: {A376A8F6-F294-5A9C-0000-001052E48503}\nProcessId: 17704\nImage: C:\\Program Files\\Mozilla Firefox\\firefox.exe\nImageLoaded: C:\\Windows\\WinSxS\\amd64_microsoft.windows.common-controls_6595b64144ccf1df_6.0.16299.248_none_15ced204935f55d7\\comctl32.dll\nFileVersion: 5.82 (WinBuild.160101.0800)\nDescription: Common Controls Library\nProduct: Microsoft® Windows® Operating System\nCompany: Microsoft Corporation\nHashes: MD5=2568EE0C4BF52D899D367A851E054162,SHA256=093C11B7E7ECC76FA20B40132F2C4B032E19995025BF06CB1B2C2E66D571D869\nSigned: true\nSignature: Microsoft Windows\nSignatureStatus: Valid",
  "opcode": "정보",
  "thread_id": 23584,
  "source_name": "Microsoft-Windows-Sysmon",
  "beat": {
    "name": "DESKTOP-WJANG",
    "hostname": "DESKTOP-WJANG",
    "version": "6.2.2"
  },
  "log_name": "Microsoft-Windows-Sysmon/Operational",
  "type": "wineventlog",
  "record_number": "521"
}
{
  "@timestamp": "2018-03-05T07:32:39.897Z",
  "@metadata": {
    "beat": "winlogbeat",
    "type": "doc",
    "version": "6.2.2"
  },
  "record_number": "522",
  "opcode": "정보",
  "user": {
    "identifier": "S-1-5-18",
    "name": "SYSTEM",
    "domain": "NT AUTHORITY",
    "type": "Well Known Group"
  },
  "type": "wineventlog",
  "computer_name": "DESKTOP-WJANG",
  "version": 3,
  "message": "Image loaded:\nUtcTime: 2018-03-05 07:32:38.847\nProcessGuid: {A376A8F6-F294-5A9C-0000-001052E48503}\nProcessId: 17704\nImage: C:\\Program Files\\Mozilla Firefox\\firefox.exe\nImageLoaded: C:\\Windows\\WinSxS\\amd64_microsoft.vc90.mfcloc_1fc8b3b9a1e18e3b_9.0.30729.6161_none_01c9581e60cbee58\\MFC90KOR.DLL\nFileVersion: 9.00.30729.6161\nDescription: MFC Language Specific Resources\nProduct: Microsoft® Visual Studio® 2008\nCompany: Microsoft Corporation\nHashes: MD5=3CAF9D659FDAAB40F522288C2395C375,SHA256=B20B25D965F98AD8392D4904B623F78C6534B182C30AD2ABB47158CF66F58921\nSigned: true\nSignature: Microsoft Corporation\nSignatureStatus: Valid",
  "process_id": 8608,
  "source_name": "Microsoft-Windows-Sysmon",
  "log_name": "Microsoft-Windows-Sysmon/Operational",
  "level": "정보",
  "thread_id": 23584,
  "event_id": 7,
  "event_data": {
    "FileVersion": "9.00.30729.6161",
    "ProcessGuid": "{A376A8F6-F294-5A9C-0000-001052E48503}",
    "SignatureStatus": "Valid",
    "ProcessId": "17704",
    "Image": "C:\\Program Files\\Mozilla Firefox\\firefox.exe",
    "ImageLoaded": "C:\\Windows\\WinSxS\\amd64_microsoft.vc90.mfcloc_1fc8b3b9a1e18e3b_9.0.30729.6161_none_01c9581e60cbee58\\MFC90KOR.DLL",
    "Company": "Microsoft Corporation",
    "Signed": "true",
    "Description": "MFC Language Specific Resources",
    "Signature": "Microsoft Corporation",
    "Hashes": "MD5=3CAF9D659FDAAB40F522288C2395C375,SHA256=B20B25D965F98AD8392D4904B623F78C6534B182C30AD2ABB47158CF66F58921",
    "Product": "Microsoft® Visual Studio® 2008",
    "UtcTime": "2018-03-05 07:32:38.847"
  },
  "task": "Image loaded (rule: ImageLoad)",
  "beat": {
    "name": "DESKTOP-WJANG",
    "hostname": "DESKTOP-WJANG",
    "version": "6.2.2"
  },
  "provider_guid": "{5770385F-C22A-43E0-BF4C-06F5698FFBD9}"
}
{
  "@timestamp": "2018-03-05T07:32:39.898Z",
  "@metadata": {
    "beat": "winlogbeat",
    "type": "doc",
    "version": "6.2.2"
  },
  "level": "정보",
  "log_name": "Microsoft-Windows-Sysmon/Operational",
  "event_id": 7,
  "provider_guid": "{5770385F-C22A-43E0-BF4C-06F5698FFBD9}",
  "computer_name": "DESKTOP-WJANG",
  "event_data": {
    "Image": "C:\\Program Files\\Mozilla Firefox\\firefox.exe",
    "SignatureStatus": "Valid",
    "ProcessGuid": "{A376A8F6-F294-5A9C-0000-001052E48503}",
    "ImageLoaded": "C:\\Windows\\WinSxS\\amd64_microsoft.vc90.mfcloc_1fc8b3b9a1e18e3b_9.0.30729.6161_none_01c9581e60cbee58\\MFC90KOR.DLL",
    "Signed": "true",
    "Product": "Microsoft® Visual Studio® 2008",
    "Company": "Microsoft Corporation",
    "FileVersion": "9.00.30729.6161",
    "UtcTime": "2018-03-05 07:32:38.847",
    "Signature": "Microsoft Corporation",
    "ProcessId": "17704",
    "Description": "MFC Language Specific Resources",
    "Hashes": "MD5=3CAF9D659FDAAB40F522288C2395C375,SHA256=B20B25D965F98AD8392D4904B623F78C6534B182C30AD2ABB47158CF66F58921"
  },
  "beat": {
    "name": "DESKTOP-WJANG",
    "hostname": "DESKTOP-WJANG",
    "version": "6.2.2"
  },
  "version": 3,
  "thread_id": 23584,
  "user": {
    "domain": "NT AUTHORITY",
    "type": "Well Known Group",
    "identifier": "S-1-5-18",
    "name": "SYSTEM"
  },
  "message": "Image loaded:\nUtcTime: 2018-03-05 07:32:38.847\nProcessGuid: {A376A8F6-F294-5A9C-0000-001052E48503}\nProcessId: 17704\nImage: C:\\Program Files\\Mozilla Firefox\\firefox.exe\nImageLoaded: C:\\Windows\\WinSxS\\amd64_microsoft.vc90.mfcloc_1fc8b3b9a1e18e3b_9.0.30729.6161_none_01c9581e60cbee58\\MFC90KOR.DLL\nFileVersion: 9.00.30729.6161\nDescription: MFC Language Specific Resources\nProduct: Microsoft® Visual Studio® 2008\nCompany: Microsoft Corporation\nHashes: MD5=3CAF9D659FDAAB40F522288C2395C375,SHA256=B20B25D965F98AD8392D4904B623F78C6534B182C30AD2ABB47158CF66F58921\nSigned: true\nSignature: Microsoft Corporation\nSignatureStatus: Valid",
  "source_name": "Microsoft-Windows-Sysmon",
  "opcode": "정보",
  "record_number": "523",
  "type": "wineventlog",
  "task": "Image loaded (rule: ImageLoad)",
  "process_id": 8608
}
{
  "@timestamp": "2018-03-05T07:32:39.912Z",
  "@metadata": {
    "beat": "winlogbeat",
    "type": "doc",
    "version": "6.2.2"
  },
  "version": 3,
  "opcode": "정보",
  "user": {
    "identifier": "S-1-5-18",
    "name": "SYSTEM",
    "domain": "NT AUTHORITY",
    "type": "Well Known Group"
  },
  "task": "Image loaded (rule: ImageLoad)",
  "beat": {
    "name": "DESKTOP-WJANG",
    "hostname": "DESKTOP-WJANG",
    "version": "6.2.2"
  },
  "computer_name": "DESKTOP-WJANG",
  "log_name": "Microsoft-Windows-Sysmon/Operational",
  "process_id": 8608,
  "provider_guid": "{5770385F-C22A-43E0-BF4C-06F5698FFBD9}",
  "record_number": "524",
  "message": "Image loaded:\nUtcTime: 2018-03-05 07:32:38.929\nProcessGuid: {A376A8F6-F294-5A9C-0000-001052E48503}\nProcessId: 17704\nImage: C:\\Program Files\\Mozilla Firefox\\firefox.exe\nImageLoaded: C:\\Windows\\System32\\MMDevAPI.dll\nFileVersion: 10.0.16299.15 (WinBuild.160101.0800)\nDescription: MMDevice API\nProduct: Microsoft® Windows® Operating System\nCompany: Microsoft Corporation\nHashes: MD5=4785ACD9B68A2CEBC29B89A3567F1C21,SHA256=14AA7587279C910F77D5BF6407B7540D5105B8F0DED1EE6AADD9ACF72F2D4BAB\nSigned: true\nSignature: Microsoft Windows\nSignatureStatus: Valid",
  "source_name": "Microsoft-Windows-Sysmon",
  "level": "정보",
  "type": "wineventlog",
  "event_id": 7,
  "event_data": {
    "SignatureStatus": "Valid",
    "Company": "Microsoft Corporation",
    "ProcessGuid": "{A376A8F6-F294-5A9C-0000-001052E48503}",
    "Product": "Microsoft® Windows® Operating System",
    "Image": "C:\\Program Files\\Mozilla Firefox\\firefox.exe",
    "ImageLoaded": "C:\\Windows\\System32\\MMDevAPI.dll",
    "Signature": "Microsoft Windows",
    "ProcessId": "17704",
    "Description": "MMDevice API",
    "FileVersion": "10.0.16299.15 (WinBuild.160101.0800)",
    "Signed": "true",
    "UtcTime": "2018-03-05 07:32:38.929",
    "Hashes": "MD5=4785ACD9B68A2CEBC29B89A3567F1C21,SHA256=14AA7587279C910F77D5BF6407B7540D5105B8F0DED1EE6AADD9ACF72F2D4BAB"
  },
  "thread_id": 23584
}
{
  "@timestamp": "2018-03-05T07:32:39.934Z",
  "@metadata": {
    "beat": "winlogbeat",
    "type": "doc",
    "version": "6.2.2"
  },
  "version": 3,
  "task": "Image loaded (rule: ImageLoad)",
  "user": {
    "identifier": "S-1-5-18",
    "name": "SYSTEM",
    "domain": "NT AUTHORITY",
    "type": "Well Known Group"
  },
  "type": "wineventlog",
  "provider_guid": "{5770385F-C22A-43E0-BF4C-06F5698FFBD9}",
  "message": "Image loaded:\nUtcTime: 2018-03-05 07:32:38.949\nProcessGuid: {A376A8F6-F294-5A9C-0000-001052E48503}\nProcessId: 17704\nImage: C:\\Program Files\\Mozilla Firefox\\firefox.exe\nImageLoaded: C:\\Windows\\System32\\AudioSes.dll\nFileVersion: 10.0.16299.15 (WinBuild.160101.0800)\nDescription: 오디오 세션\nProduct: Microsoft® Windows® Operating System\nCompany: Microsoft Corporation\nHashes: MD5=C9C3048A7119ABB0C5292F30CC0957B8,SHA256=228EECFB92BB4170364F8F4C6A17B698D92D141799C0946A6BABDFC3BB49D3F9\nSigned: true\nSignature: Microsoft Windows\nSignatureStatus: Valid",
  "log_name": "Microsoft-Windows-Sysmon/Operational",
  "source_name": "Microsoft-Windows-Sysmon",
  "event_id": 7,
  "opcode": "정보",
  "event_data": {
    "ImageLoaded": "C:\\Windows\\System32\\AudioSes.dll",
    "Image": "C:\\Program Files\\Mozilla Firefox\\firefox.exe",
    "ProcessGuid": "{A376A8F6-F294-5A9C-0000-001052E48503}",
    "FileVersion": "10.0.16299.15 (WinBuild.160101.0800)",
    "Hashes": "MD5=C9C3048A7119ABB0C5292F30CC0957B8,SHA256=228EECFB92BB4170364F8F4C6A17B698D92D141799C0946A6BABDFC3BB49D3F9",
    "SignatureStatus": "Valid",
    "Product": "Microsoft® Windows® Operating System",
    "Company": "Microsoft Corporation",
    "Signed": "true",
    "ProcessId": "17704",
    "UtcTime": "2018-03-05 07:32:38.949",
    "Signature": "Microsoft Windows",
    "Description": "오디오 세션"
  },
  "process_id": 8608,
  "beat": {
    "name": "DESKTOP-WJANG",
    "hostname": "DESKTOP-WJANG",
    "version": "6.2.2"
  },
  "computer_name": "DESKTOP-WJANG",
  "thread_id": 23584,
  "record_number": "525",
  "level": "정보"
}
{
  "@timestamp": "2018-03-05T07:32:39.955Z",
  "@metadata": {
    "beat": "winlogbeat",
    "type": "doc",
    "version": "6.2.2"
  },
  "task": "Image loaded (rule: ImageLoad)",
  "event_data": {
    "Hashes": "MD5=D3A508D064BDC7BA3DB7EFEF5AD0767E,SHA256=1D586BD2501FA7F29772C04D145219AF937BB84AE7076E35B3BB748B10994549",
    "ImageLoaded": "C:\\Windows\\System32\\WinTypes.dll",
    "Description": "Windows 기본 형식 DLL",
    "Product": "Microsoft® Windows® Operating System",
    "Image": "C:\\Program Files\\Mozilla Firefox\\firefox.exe",
    "FileVersion": "10.0.16299.15 (WinBuild.160101.0800)",
    "ProcessId": "17704",
    "Company": "Microsoft Corporation",
    "Signature": "Microsoft Windows",
    "SignatureStatus": "Valid",
    "Signed": "true",
    "ProcessGuid": "{A376A8F6-F294-5A9C-0000-001052E48503}",
    "UtcTime": "2018-03-05 07:32:38.970"
  },
  "user": {
    "identifier": "S-1-5-18",
    "name": "SYSTEM",
    "domain": "NT AUTHORITY",
    "type": "Well Known Group"
  },
  "message": "Image loaded:\nUtcTime: 2018-03-05 07:32:38.970\nProcessGuid: {A376A8F6-F294-5A9C-0000-001052E48503}\nProcessId: 17704\nImage: C:\\Program Files\\Mozilla Firefox\\firefox.exe\nImageLoaded: C:\\Windows\\System32\\WinTypes.dll\nFileVersion: 10.0.16299.15 (WinBuild.160101.0800)\nDescription: Windows 기본 형식 DLL\nProduct: Microsoft® Windows® Operating System\nCompany: Microsoft Corporation\nHashes: MD5=D3A508D064BDC7BA3DB7EFEF5AD0767E,SHA256=1D586BD2501FA7F29772C04D145219AF937BB84AE7076E35B3BB748B10994549\nSigned: true\nSignature: Microsoft Windows\nSignatureStatus: Valid",
  "source_name": "Microsoft-Windows-Sysmon",
  "version": 3,
  "type": "wineventlog",
  "computer_name": "DESKTOP-WJANG",
  "level": "정보",
  "process_id": 8608,
  "record_number": "526",
  "provider_guid": "{5770385F-C22A-43E0-BF4C-06F5698FFBD9}",
  "event_id": 7,
  "log_name": "Microsoft-Windows-Sysmon/Operational",
  "opcode": "정보",
  "beat": {
    "name": "DESKTOP-WJANG",
    "hostname": "DESKTOP-WJANG",
    "version": "6.2.2"
  },
  "thread_id": 23584
}
{
  "@timestamp": "2018-03-05T07:32:39.956Z",
  "@metadata": {
    "beat": "winlogbeat",
    "type": "doc",
    "version": "6.2.2"
  },
  "level": "정보",
  "opcode": "정보",
  "user": {
    "domain": "NT AUTHORITY",
    "type": "Well Known Group",
    "identifier": "S-1-5-18",
    "name": "SYSTEM"
  },
  "thread_id": 19220,
  "beat": {
    "version": "6.2.2",
    "name": "DESKTOP-WJANG",
    "hostname": "DESKTOP-WJANG"
  },
  "process_id": 8608,
  "source_name": "Microsoft-Windows-Sysmon",
  "computer_name": "DESKTOP-WJANG",
  "provider_guid": "{5770385F-C22A-43E0-BF4C-06F5698FFBD9}",
  "type": "wineventlog",
  "record_number": "527",
  "version": 3,
  "message": "Image loaded:\nUtcTime: 2018-03-05 07:32:39.954\nProcessGuid: {A376A8F6-F296-5A9C-0000-0010274B8703}\nProcessId: 25848\nImage: C:\\Program Files\\Mozilla Firefox\\firefox.exe\nImageLoaded: C:\\Windows\\System32\\devobj.dll\nFileVersion: 10.0.16299.15 (WinBuild.160101.0800)\nDescription: Device Information Set DLL\nProduct: Microsoft® Windows® Operating System\nCompany: Microsoft Corporation\nHashes: MD5=8A7B9D8D78F974305578DC9304CE7AC3,SHA256=562A699714B42B79CB9305BC8D9E5CD91954AF71E635721D90CABB27B0089913\nSigned: true\nSignature: Microsoft Windows\nSignatureStatus: Valid",
  "event_id": 7,
  "task": "Image loaded (rule: ImageLoad)",
  "log_name": "Microsoft-Windows-Sysmon/Operational",
  "event_data": {
    "ProcessGuid": "{A376A8F6-F296-5A9C-0000-0010274B8703}",
    "Signed": "true",
    "UtcTime": "2018-03-05 07:32:39.954",
    "FileVersion": "10.0.16299.15 (WinBuild.160101.0800)",
    "ProcessId": "25848",
    "SignatureStatus": "Valid",
    "Description": "Device Information Set DLL",
    "Signature": "Microsoft Windows",
    "Image": "C:\\Program Files\\Mozilla Firefox\\firefox.exe",
    "Company": "Microsoft Corporation",
    "Product": "Microsoft® Windows® Operating System",
    "Hashes": "MD5=8A7B9D8D78F974305578DC9304CE7AC3,SHA256=562A699714B42B79CB9305BC8D9E5CD91954AF71E635721D90CABB27B0089913",
    "ImageLoaded": "C:\\Windows\\System32\\devobj.dll"
  }
}
{
  "@timestamp": "2018-03-05T07:32:39.976Z",
  "@metadata": {
    "beat": "winlogbeat",
    "type": "doc",
    "version": "6.2.2"
  },
  "log_name": "Microsoft-Windows-Sysmon/Operational",
  "task": "Image loaded (rule: ImageLoad)",
  "type": "wineventlog",
  "record_number": "528",
  "beat": {
    "version": "6.2.2",
    "name": "DESKTOP-WJANG",
    "hostname": "DESKTOP-WJANG"
  },
  "source_name": "Microsoft-Windows-Sysmon",
  "event_data": {
    "UtcTime": "2018-03-05 07:32:39.972",
    "Description": "Device Information Set DLL",
    "ProcessId": "4624",
    "FileVersion": "10.0.16299.15 (WinBuild.160101.0800)",
    "ProcessGuid": "{A376A8F6-F297-5A9C-0000-00104D2C8803}",
    "Image": "C:\\Program Files\\Mozilla Firefox\\firefox.exe",
    "Company": "Microsoft Corporation",
    "Signature": "Microsoft Windows",
    "Signed": "true",
    "Hashes": "MD5=8A7B9D8D78F974305578DC9304CE7AC3,SHA256=562A699714B42B79CB9305BC8D9E5CD91954AF71E635721D90CABB27B0089913",
    "Product": "Microsoft® Windows® Operating System",
    "SignatureStatus": "Valid",
    "ImageLoaded": "C:\\Windows\\System32\\devobj.dll"
  },
  "provider_guid": "{5770385F-C22A-43E0-BF4C-06F5698FFBD9}",
  "thread_id": 19220,
  "level": "정보",
  "process_id": 8608,
  "opcode": "정보",
  "message": "Image loaded:\nUtcTime: 2018-03-05 07:32:39.972\nProcessGuid: {A376A8F6-F297-5A9C-0000-00104D2C8803}\nProcessId: 4624\nImage: C:\\Program Files\\Mozilla Firefox\\firefox.exe\nImageLoaded: C:\\Windows\\System32\\devobj.dll\nFileVersion: 10.0.16299.15 (WinBuild.160101.0800)\nDescription: Device Information Set DLL\nProduct: Microsoft® Windows® Operating System\nCompany: Microsoft Corporation\nHashes: MD5=8A7B9D8D78F974305578DC9304CE7AC3,SHA256=562A699714B42B79CB9305BC8D9E5CD91954AF71E635721D90CABB27B0089913\nSigned: true\nSignature: Microsoft Windows\nSignatureStatus: Valid",
  "user": {
    "identifier": "S-1-5-18",
    "name": "SYSTEM",
    "domain": "NT AUTHORITY",
    "type": "Well Known Group"
  },
  "computer_name": "DESKTOP-WJANG",
  "event_id": 7,
  "version": 3
}
{
  "@timestamp": "2018-03-05T07:32:39.977Z",
  "@metadata": {
    "beat": "winlogbeat",
    "type": "doc",
    "version": "6.2.2"
  },
  "thread_id": 19220,
  "source_name": "Microsoft-Windows-Sysmon",
  "user": {
    "identifier": "S-1-5-18",
    "name": "SYSTEM",
    "domain": "NT AUTHORITY",
    "type": "Well Known Group"
  },
  "computer_name": "DESKTOP-WJANG",
  "type": "wineventlog",
  "level": "정보",
  "log_name": "Microsoft-Windows-Sysmon/Operational",
  "message": "Image loaded:\nUtcTime: 2018-03-05 07:32:39.975\nProcessGuid: {A376A8F6-F297-5A9C-0000-00104D2C8803}\nProcessId: 4624\nImage: C:\\Program Files\\Mozilla Firefox\\firefox.exe\nImageLoaded: C:\\Windows\\System32\\dxgi.dll\nFileVersion: 10.0.16299.98 (WinBuild.160101.0800)\nDescription: DirectX Graphics Infrastructure\nProduct: Microsoft® Windows® Operating System\nCompany: Microsoft Corporation\nHashes: MD5=46D2F0E302BD88193D3FEDF1FE9EF250,SHA256=52C01852A4D8AC703D3F87A8484EB2E0C3737544B1D7F96B62BE44B438DBAE26\nSigned: true\nSignature: Microsoft Windows\nSignatureStatus: Valid",
  "event_data": {
    "Image": "C:\\Program Files\\Mozilla Firefox\\firefox.exe",
    "FileVersion": "10.0.16299.98 (WinBuild.160101.0800)",
    "ProcessId": "4624",
    "Signed": "true",
    "Signature": "Microsoft Windows",
    "Description": "DirectX Graphics Infrastructure",
    "Hashes": "MD5=46D2F0E302BD88193D3FEDF1FE9EF250,SHA256=52C01852A4D8AC703D3F87A8484EB2E0C3737544B1D7F96B62BE44B438DBAE26",
    "UtcTime": "2018-03-05 07:32:39.975",
    "Company": "Microsoft Corporation",
    "SignatureStatus": "Valid",
    "ImageLoaded": "C:\\Windows\\System32\\dxgi.dll",
    "Product": "Microsoft® Windows® Operating System",
    "ProcessGuid": "{A376A8F6-F297-5A9C-0000-00104D2C8803}"
  },
  "opcode": "정보",
  "process_id": 8608,
  "record_number": "529",
  "provider_guid": "{5770385F-C22A-43E0-BF4C-06F5698FFBD9}",
  "version": 3,
  "beat": {
    "hostname": "DESKTOP-WJANG",
    "version": "6.2.2",
    "name": "DESKTOP-WJANG"
  },
  "task": "Image loaded (rule: ImageLoad)",
  "event_id": 7
}
{
  "@timestamp": "2018-03-05T07:32:39.977Z",
  "@metadata": {
    "beat": "winlogbeat",
    "type": "doc",
    "version": "6.2.2"
  },
  "message": "Image loaded:\nUtcTime: 2018-03-05 07:32:38.992\nProcessGuid: {A376A8F6-F294-5A9C-0000-001052E48503}\nProcessId: 17704\nImage: C:\\Program Files\\Mozilla Firefox\\firefox.exe\nImageLoaded: C:\\Windows\\System32\\Windows.UI.dll\nFileVersion: 10.0.16299.15 (WinBuild.160101.0800)\nDescription: Windows Runtime UI Foundation DLL\nProduct: Microsoft® Windows® Operating System\nCompany: Microsoft Corporation\nHashes: MD5=95254CAAF5A853A1F0F0283467CCC7A6,SHA256=1998A144D0574AEDE542DC1FB934FF54E7C648D3267FEAF45263C0DB8729CA04\nSigned: true\nSignature: Microsoft Windows\nSignatureStatus: Valid",
  "version": 3,
  "level": "정보",
  "log_name": "Microsoft-Windows-Sysmon/Operational",
  "user": {
    "name": "SYSTEM",
    "domain": "NT AUTHORITY",
    "type": "Well Known Group",
    "identifier": "S-1-5-18"
  },
  "beat": {
    "version": "6.2.2",
    "name": "DESKTOP-WJANG",
    "hostname": "DESKTOP-WJANG"
  },
  "task": "Image loaded (rule: ImageLoad)",
  "thread_id": 23584,
  "computer_name": "DESKTOP-WJANG",
  "event_data": {
    "Description": "Windows Runtime UI Foundation DLL",
    "SignatureStatus": "Valid",
    "ProcessId": "17704",
    "Company": "Microsoft Corporation",
    "Signature": "Microsoft Windows",
    "ProcessGuid": "{A376A8F6-F294-5A9C-0000-001052E48503}",
    "Hashes": "MD5=95254CAAF5A853A1F0F0283467CCC7A6,SHA256=1998A144D0574AEDE542DC1FB934FF54E7C648D3267FEAF45263C0DB8729CA04",
    "Image": "C:\\Program Files\\Mozilla Firefox\\firefox.exe",
    "UtcTime": "2018-03-05 07:32:38.992",
    "FileVersion": "10.0.16299.15 (WinBuild.160101.0800)",
    "ImageLoaded": "C:\\Windows\\System32\\Windows.UI.dll",
    "Signed": "true",
    "Product": "Microsoft® Windows® Operating System"
  },
  "type": "wineventlog",
  "opcode": "정보",
  "source_name": "Microsoft-Windows-Sysmon",
  "record_number": "530",
  "process_id": 8608,
  "provider_guid": "{5770385F-C22A-43E0-BF4C-06F5698FFBD9}",
  "event_id": 7
}
{
  "@timestamp": "2018-03-05T07:32:39.979Z",
  "@metadata": {
    "beat": "winlogbeat",
    "type": "doc",
    "version": "6.2.2"
  },
  "level": "정보",
  "process_id": 8608,
  "record_number": "531",
  "version": 3,
  "task": "Image loaded (rule: ImageLoad)",
  "opcode": "정보",
  "event_id": 7,
  "provider_guid": "{5770385F-C22A-43E0-BF4C-06F5698FFBD9}",
  "beat": {
    "version": "6.2.2",
    "name": "DESKTOP-WJANG",
    "hostname": "DESKTOP-WJANG"
  },
  "type": "wineventlog",
  "source_name": "Microsoft-Windows-Sysmon",
  "user": {
    "type": "Well Known Group",
    "identifier": "S-1-5-18",
    "name": "SYSTEM",
    "domain": "NT AUTHORITY"
  },
  "event_data": {
    "UtcTime": "2018-03-05 07:32:39.977",
    "Description": "Resource Policy Client",
    "Signature": "Microsoft Windows",
    "Product": "Microsoft® Windows® Operating System",
    "Company": "Microsoft Corporation",
    "ProcessGuid": "{A376A8F6-F297-5A9C-0000-00104D2C8803}",
    "Image": "C:\\Program Files\\Mozilla Firefox\\firefox.exe",
    "Signed": "true",
    "SignatureStatus": "Valid",
    "FileVersion": "10.0.16299.15 (WinBuild.160101.0800)",
    "ProcessId": "4624",
    "Hashes": "MD5=6B84117A0D2A59F18C8F64F72609C198,SHA256=28374581ADC5F56015A3B35C7748C245D1D2F946F2053C50F1B509AE23A5CC06",
    "ImageLoaded": "C:\\Windows\\System32\\ResourcePolicyClient.dll"
  },
  "computer_name": "DESKTOP-WJANG",
  "message": "Image loaded:\nUtcTime: 2018-03-05 07:32:39.977\nProcessGuid: {A376A8F6-F297-5A9C-0000-00104D2C8803}\nProcessId: 4624\nImage: C:\\Program Files\\Mozilla Firefox\\firefox.exe\nImageLoaded: C:\\Windows\\System32\\ResourcePolicyClient.dll\nFileVersion: 10.0.16299.15 (WinBuild.160101.0800)\nDescription: Resource Policy Client\nProduct: Microsoft® Windows® Operating System\nCompany: Microsoft Corporation\nHashes: MD5=6B84117A0D2A59F18C8F64F72609C198,SHA256=28374581ADC5F56015A3B35C7748C245D1D2F946F2053C50F1B509AE23A5CC06\nSigned: true\nSignature: Microsoft Windows\nSignatureStatus: Valid",
  "log_name": "Microsoft-Windows-Sysmon/Operational",
  "thread_id": 19220
}
{
  "@timestamp": "2018-03-05T07:32:39.989Z",
  "@metadata": {
    "beat": "winlogbeat",
    "type": "doc",
    "version": "6.2.2"
  },
  "thread_id": 19220,
  "source_name": "Microsoft-Windows-Sysmon",
  "version": 3,
  "record_number": "532",
  "computer_name": "DESKTOP-WJANG",
  "task": "Image loaded (rule: ImageLoad)",
  "user": {
    "domain": "NT AUTHORITY",
    "type": "Well Known Group",
    "identifier": "S-1-5-18",
    "name": "SYSTEM"
  },
  "type": "wineventlog",
  "message": "Image loaded:\nUtcTime: 2018-03-05 07:32:39.987\nProcessGuid: {A376A8F6-F297-5A9C-0000-00104D2C8803}\nProcessId: 4624\nImage: C:\\Program Files\\Mozilla Firefox\\firefox.exe\nImageLoaded: C:\\Windows\\System32\\dxgi.dll\nFileVersion: 10.0.16299.98 (WinBuild.160101.0800)\nDescription: DirectX Graphics Infrastructure\nProduct: Microsoft® Windows® Operating System\nCompany: Microsoft Corporation\nHashes: MD5=46D2F0E302BD88193D3FEDF1FE9EF250,SHA256=52C01852A4D8AC703D3F87A8484EB2E0C3737544B1D7F96B62BE44B438DBAE26\nSigned: true\nSignature: Microsoft Windows\nSignatureStatus: Valid",
  "process_id": 8608,
  "beat": {
    "name": "DESKTOP-WJANG",
    "hostname": "DESKTOP-WJANG",
    "version": "6.2.2"
  },
  "event_data": {
    "ProcessGuid": "{A376A8F6-F297-5A9C-0000-00104D2C8803}",
    "Company": "Microsoft Corporation",
    "SignatureStatus": "Valid",
    "UtcTime": "2018-03-05 07:32:39.987",
    "Hashes": "MD5=46D2F0E302BD88193D3FEDF1FE9EF250,SHA256=52C01852A4D8AC703D3F87A8484EB2E0C3737544B1D7F96B62BE44B438DBAE26",
    "Image": "C:\\Program Files\\Mozilla Firefox\\firefox.exe",
    "ProcessId": "4624",
    "ImageLoaded": "C:\\Windows\\System32\\dxgi.dll",
    "Signature": "Microsoft Windows",
    "FileVersion": "10.0.16299.98 (WinBuild.160101.0800)",
    "Product": "Microsoft® Windows® Operating System",
    "Signed": "true",
    "Description": "DirectX Graphics Infrastructure"
  },
  "level": "정보",
  "provider_guid": "{5770385F-C22A-43E0-BF4C-06F5698FFBD9}",
  "opcode": "정보",
  "log_name": "Microsoft-Windows-Sysmon/Operational",
  "event_id": 7
}
{
  "@timestamp": "2018-03-05T07:32:39.991Z",
  "@metadata": {
    "beat": "winlogbeat",
    "type": "doc",
    "version": "6.2.2"
  },
  "computer_name": "DESKTOP-WJANG",
  "thread_id": 19220,
  "event_id": 7,
  "beat": {
    "name": "DESKTOP-WJANG",
    "hostname": "DESKTOP-WJANG",
    "version": "6.2.2"
  },
  "source_name": "Microsoft-Windows-Sysmon",
  "level": "정보",
  "record_number": "533",
  "process_id": 8608,
  "type": "wineventlog",
  "message": "Image loaded:\nUtcTime: 2018-03-05 07:32:39.988\nProcessGuid: {A376A8F6-F297-5A9C-0000-00104D2C8803}\nProcessId: 4624\nImage: C:\\Program Files\\Mozilla Firefox\\firefox.exe\nImageLoaded: C:\\Windows\\System32\\ResourcePolicyClient.dll\nFileVersion: 10.0.16299.15 (WinBuild.160101.0800)\nDescription: Resource Policy Client\nProduct: Microsoft® Windows® Operating System\nCompany: Microsoft Corporation\nHashes: MD5=6B84117A0D2A59F18C8F64F72609C198,SHA256=28374581ADC5F56015A3B35C7748C245D1D2F946F2053C50F1B509AE23A5CC06\nSigned: true\nSignature: Microsoft Windows\nSignatureStatus: Valid",
  "opcode": "정보",
  "version": 3,
  "user": {
    "identifier": "S-1-5-18",
    "name": "SYSTEM",
    "domain": "NT AUTHORITY",
    "type": "Well Known Group"
  },
  "log_name": "Microsoft-Windows-Sysmon/Operational",
  "task": "Image loaded (rule: ImageLoad)",
  "event_data": {
    "Signature": "Microsoft Windows",
    "ProcessGuid": "{A376A8F6-F297-5A9C-0000-00104D2C8803}",
    "Signed": "true",
    "Image": "C:\\Program Files\\Mozilla Firefox\\firefox.exe",
    "ImageLoaded": "C:\\Windows\\System32\\ResourcePolicyClient.dll",
    "FileVersion": "10.0.16299.15 (WinBuild.160101.0800)",
    "Company": "Microsoft Corporation",
    "Hashes": "MD5=6B84117A0D2A59F18C8F64F72609C198,SHA256=28374581ADC5F56015A3B35C7748C245D1D2F946F2053C50F1B509AE23A5CC06",
    "UtcTime": "2018-03-05 07:32:39.988",
    "Product": "Microsoft® Windows® Operating System",
    "SignatureStatus": "Valid",
    "ProcessId": "4624",
    "Description": "Resource Policy Client"
  },
  "provider_guid": "{5770385F-C22A-43E0-BF4C-06F5698FFBD9}"
}
