{
  "@timestamp": "2018-03-05T07:32:40.752Z",
  "@metadata": {
    "beat": "winlogbeat",
    "type": "doc",
    "version": "6.2.2"
  },
  "source_name": "Microsoft-Windows-Sysmon",
  "event_data": {
    "Description": "ApiSet Stub DLL",
    "Product": "Microsoft® Windows® Operating System",
    "Image": "C:\\Program Files\\Mozilla Firefox\\firefox.exe",
    "Company": "Microsoft Corporation",
    "Signature": "Microsoft Corporation",
    "Hashes": "MD5=5746D1DC01F0A069F009ECD7F8738C41,SHA256=325E7BB5C8A3C7F9DB8698A570B7D9D9424A028D51F937A2DFF3DC5FF0B6E457",
    "UtcTime": "2018-03-05 07:32:40.745",
    "ImageLoaded": "C:\\Program Files\\Mozilla Firefox\\api-ms-win-crt-environment-l1-1-0.dll",
    "SignatureStatus": "Valid",
    "FileVersion": "10.0.16299.15 (WinBuild.160101.0800)",
    "Signed": "true",
    "ProcessGuid": "{A376A8F6-F298-5A9C-0000-00104DED8803}",
    "ProcessId": "4084"
  },
  "process_id": 8608,
  "provider_guid": "{5770385F-C22A-43E0-BF4C-06F5698FFBD9}",
  "version": 3,
  "opcode": "정보",
  "type": "wineventlog",
  "level": "정보",
  "task": "Image loaded (rule: ImageLoad)",
  "message": "Image loaded:\nUtcTime: 2018-03-05 07:32:40.745\nProcessGuid: {A376A8F6-F298-5A9C-0000-00104DED8803}\nProcessId: 4084\nImage: C:\\Program Files\\Mozilla Firefox\\firefox.exe\nImageLoaded: C:\\Program Files\\Mozilla Firefox\\api-ms-win-crt-environment-l1-1-0.dll\nFileVersion: 10.0.16299.15 (WinBuild.160101.0800)\nDescription: ApiSet Stub DLL\nProduct: Microsoft® Windows® Operating System\nCompany: Microsoft Corporation\nHashes: MD5=5746D1DC01F0A069F009ECD7F8738C41,SHA256=325E7BB5C8A3C7F9DB8698A570B7D9D9424A028D51F937A2DFF3DC5FF0B6E457\nSigned: true\nSignature: Microsoft Corporation\nSignatureStatus: Valid",
  "record_number": "744",
  "event_id": 7,
  "computer_name": "DESKTOP-WJANG",
  "thread_id": 19220,
  "user": {
    "type": "Well Known Group",
    "identifier": "S-1-5-18",
    "name": "SYSTEM",
    "domain": "NT AUTHORITY"
  },
  "log_name": "Microsoft-Windows-Sysmon/Operational",
  "beat": {
    "version": "6.2.2",
    "name": "DESKTOP-WJANG",
    "hostname": "DESKTOP-WJANG"
  }
}
{
  "@timestamp": "2018-03-05T07:32:40.753Z",
  "@metadata": {
    "beat": "winlogbeat",
    "type": "doc",
    "version": "6.2.2"
  },
  "source_name": "Microsoft-Windows-Sysmon",
  "provider_guid": "{5770385F-C22A-43E0-BF4C-06F5698FFBD9}",
  "user": {
    "identifier": "S-1-5-18",
    "name": "SYSTEM",
    "domain": "NT AUTHORITY",
    "type": "Well Known Group"
  },
  "computer_name": "DESKTOP-WJANG",
  "message": "Image loaded:\nUtcTime: 2018-03-05 07:32:40.745\nProcessGuid: {A376A8F6-F298-5A9C-0000-00104DED8803}\nProcessId: 4084\nImage: C:\\Program Files\\Mozilla Firefox\\firefox.exe\nImageLoaded: C:\\Program Files\\Mozilla Firefox\\api-ms-win-crt-utility-l1-1-0.dll\nFileVersion: 10.0.16299.15 (WinBuild.160101.0800)\nDescription: ApiSet Stub DLL\nProduct: Microsoft® Windows® Operating System\nCompany: Microsoft Corporation\nHashes: MD5=6BC85715C6A0006CDEFF1B3D7FFD796F,SHA256=7A578DD2CEB4387AE8F67F6A82AB553CA1570D1588AB6645859E5625585AF95C\nSigned: true\nSignature: Microsoft Corporation\nSignatureStatus: Valid",
  "thread_id": 19220,
  "type": "wineventlog",
  "task": "Image loaded (rule: ImageLoad)",
  "beat": {
    "name": "DESKTOP-WJANG",
    "hostname": "DESKTOP-WJANG",
    "version": "6.2.2"
  },
  "event_data": {
    "ProcessId": "4084",
    "Description": "ApiSet Stub DLL",
    "SignatureStatus": "Valid",
    "Signature": "Microsoft Corporation",
    "Image": "C:\\Program Files\\Mozilla Firefox\\firefox.exe",
    "UtcTime": "2018-03-05 07:32:40.745",
    "ImageLoaded": "C:\\Program Files\\Mozilla Firefox\\api-ms-win-crt-utility-l1-1-0.dll",
    "Company": "Microsoft Corporation",
    "Signed": "true",
    "ProcessGuid": "{A376A8F6-F298-5A9C-0000-00104DED8803}",
    "Product": "Microsoft® Windows® Operating System",
    "FileVersion": "10.0.16299.15 (WinBuild.160101.0800)",
    "Hashes": "MD5=6BC85715C6A0006CDEFF1B3D7FFD796F,SHA256=7A578DD2CEB4387AE8F67F6A82AB553CA1570D1588AB6645859E5625585AF95C"
  },
  "opcode": "정보",
  "process_id": 8608,
  "version": 3,
  "record_number": "745",
  "event_id": 7,
  "level": "정보",
  "log_name": "Microsoft-Windows-Sysmon/Operational"
}
{
  "@timestamp": "2018-03-05T07:32:40.753Z",
  "@metadata": {
    "beat": "winlogbeat",
    "type": "doc",
    "version": "6.2.2"
  },
  "record_number": "746",
  "task": "Image loaded (rule: ImageLoad)",
  "process_id": 8608,
  "opcode": "정보",
  "computer_name": "DESKTOP-WJANG",
  "user": {
    "type": "Well Known Group",
    "identifier": "S-1-5-18",
    "name": "SYSTEM",
    "domain": "NT AUTHORITY"
  },
  "log_name": "Microsoft-Windows-Sysmon/Operational",
  "level": "정보",
  "message": "Image loaded:\nUtcTime: 2018-03-05 07:32:40.746\nProcessGuid: {A376A8F6-F298-5A9C-0000-00104DED8803}\nProcessId: 4084\nImage: C:\\Program Files\\Mozilla Firefox\\firefox.exe\nImageLoaded: C:\\Program Files\\Mozilla Firefox\\api-ms-win-crt-utility-l1-1-0.dll\nFileVersion: 10.0.16299.15 (WinBuild.160101.0800)\nDescription: ApiSet Stub DLL\nProduct: Microsoft® Windows® Operating System\nCompany: Microsoft Corporation\nHashes: MD5=6BC85715C6A0006CDEFF1B3D7FFD796F,SHA256=7A578DD2CEB4387AE8F67F6A82AB553CA1570D1588AB6645859E5625585AF95C\nSigned: true\nSignature: Microsoft Corporation\nSignatureStatus: Valid",
  "type": "wineventlog",
  "provider_guid": "{5770385F-C22A-43E0-BF4C-06F5698FFBD9}",
  "version": 3,
  "thread_id": 19220,
  "beat": {
    "name": "DESKTOP-WJANG",
    "hostname": "DESKTOP-WJANG",
    "version": "6.2.2"
  },
  "event_data": {
    "Signed": "true",
    "UtcTime": "2018-03-05 07:32:40.746",
    "Product": "Microsoft® Windows® Operating System",
    "Image": "C:\\Program Files\\Mozilla Firefox\\firefox.exe",
    "ProcessId": "4084",
    "Company": "Microsoft Corporation",
    "Description": "ApiSet Stub DLL",
    "Signature": "Microsoft Corporation",
    "Hashes": "MD5=6BC85715C6A0006CDEFF1B3D7FFD796F,SHA256=7A578DD2CEB4387AE8F67F6A82AB553CA1570D1588AB6645859E5625585AF95C",
    "SignatureStatus": "Valid",
    "ImageLoaded": "C:\\Program Files\\Mozilla Firefox\\api-ms-win-crt-utility-l1-1-0.dll",
    "ProcessGuid": "{A376A8F6-F298-5A9C-0000-00104DED8803}",
    "FileVersion": "10.0.16299.15 (WinBuild.160101.0800)"
  },
  "source_name": "Microsoft-Windows-Sysmon",
  "event_id": 7
}
{
  "@timestamp": "2018-03-05T07:32:40.754Z",
  "@metadata": {
    "beat": "winlogbeat",
    "type": "doc",
    "version": "6.2.2"
  },
  "log_name": "Microsoft-Windows-Sysmon/Operational",
  "beat": {
    "version": "6.2.2",
    "name": "DESKTOP-WJANG",
    "hostname": "DESKTOP-WJANG"
  },
  "task": "Image loaded (rule: ImageLoad)",
  "computer_name": "DESKTOP-WJANG",
  "process_id": 8608,
  "provider_guid": "{5770385F-C22A-43E0-BF4C-06F5698FFBD9}",
  "source_name": "Microsoft-Windows-Sysmon",
  "opcode": "정보",
  "version": 3,
  "record_number": "747",
  "message": "Image loaded:\nUtcTime: 2018-03-05 07:32:40.749\nProcessGuid: {A376A8F6-F298-5A9C-0000-00104DED8803}\nProcessId: 4084\nImage: C:\\Program Files\\Mozilla Firefox\\firefox.exe\nImageLoaded: C:\\Program Files\\Mozilla Firefox\\nss3.dll\nFileVersion: 58.0.2\nDescription: \nProduct: Firefox\nCompany: Mozilla Foundation\nHashes: MD5=CE33E864071965A945EBF037649E47E0,SHA256=1FDACB937B711ADC83764454BB3D9948B2188C32EF8FB9D1B39CACF4E9DC866F\nSigned: true\nSignature: Mozilla Corporation\nSignatureStatus: Valid",
  "user": {
    "type": "Well Known Group",
    "identifier": "S-1-5-18",
    "name": "SYSTEM",
    "domain": "NT AUTHORITY"
  },
  "type": "wineventlog",
  "event_id": 7,
  "thread_id": 19220,
  "level": "정보",
  "event_data": {
    "UtcTime": "2018-03-05 07:32:40.749",
    "Image": "C:\\Program Files\\Mozilla Firefox\\firefox.exe",
    "FileVersion": "58.0.2",
    "Company": "Mozilla Foundation",
    "ProcessGuid": "{A376A8F6-F298-5A9C-0000-00104DED8803}",
    "Signed": "true",
    "ImageLoaded": "C:\\Program Files\\Mozilla Firefox\\nss3.dll",
    "Product": "Firefox",
    "SignatureStatus": "Valid",
    "ProcessId": "4084",
    "Hashes": "MD5=CE33E864071965A945EBF037649E47E0,SHA256=1FDACB937B711ADC83764454BB3D9948B2188C32EF8FB9D1B39CACF4E9DC866F",
    "Signature": "Mozilla Corporation"
  }
}
{
  "@timestamp": "2018-03-05T07:32:40.755Z",
  "@metadata": {
    "beat": "winlogbeat",
    "type": "doc",
    "version": "6.2.2"
  },
  "opcode": "정보",
  "type": "wineventlog",
  "message": "Image loaded:\nUtcTime: 2018-03-05 07:32:40.749\nProcessGuid: {A376A8F6-F298-5A9C-0000-00104DED8803}\nProcessId: 4084\nImage: C:\\Program Files\\Mozilla Firefox\\firefox.exe\nImageLoaded: C:\\Windows\\System32\\ws2_32.dll\nFileVersion: 10.0.16299.15 (WinBuild.160101.0800)\nDescription: Windows 소켓 2.0 32비트 DLL\nProduct: Microsoft® Windows® Operating System\nCompany: Microsoft Corporation\nHashes: MD5=65F9A604979FA0B95B35C7124DE7A8EC,SHA256=E22B1B714877E65711FBA8E965B00237BB17B636D859EAD8336460D1E4094EFD\nSigned: true\nSignature: Microsoft Windows\nSignatureStatus: Valid",
  "event_id": 7,
  "thread_id": 19220,
  "provider_guid": "{5770385F-C22A-43E0-BF4C-06F5698FFBD9}",
  "source_name": "Microsoft-Windows-Sysmon",
  "record_number": "748",
  "event_data": {
    "ProcessGuid": "{A376A8F6-F298-5A9C-0000-00104DED8803}",
    "ProcessId": "4084",
    "SignatureStatus": "Valid",
    "Description": "Windows 소켓 2.0 32비트 DLL",
    "Product": "Microsoft® Windows® Operating System",
    "FileVersion": "10.0.16299.15 (WinBuild.160101.0800)",
    "Company": "Microsoft Corporation",
    "ImageLoaded": "C:\\Windows\\System32\\ws2_32.dll",
    "Signed": "true",
    "Image": "C:\\Program Files\\Mozilla Firefox\\firefox.exe",
    "Hashes": "MD5=65F9A604979FA0B95B35C7124DE7A8EC,SHA256=E22B1B714877E65711FBA8E965B00237BB17B636D859EAD8336460D1E4094EFD",
    "Signature": "Microsoft Windows",
    "UtcTime": "2018-03-05 07:32:40.749"
  },
  "log_name": "Microsoft-Windows-Sysmon/Operational",
  "version": 3,
  "user": {
    "domain": "NT AUTHORITY",
    "type": "Well Known Group",
    "identifier": "S-1-5-18",
    "name": "SYSTEM"
  },
  "beat": {
    "name": "DESKTOP-WJANG",
    "hostname": "DESKTOP-WJANG",
    "version": "6.2.2"
  },
  "computer_name": "DESKTOP-WJANG",
  "level": "정보",
  "process_id": 8608,
  "task": "Image loaded (rule: ImageLoad)"
}
{
  "@timestamp": "2018-03-05T07:32:40.756Z",
  "@metadata": {
    "beat": "winlogbeat",
    "type": "doc",
    "version": "6.2.2"
  },
  "type": "wineventlog",
  "record_number": "749",
  "thread_id": 19220,
  "log_name": "Microsoft-Windows-Sysmon/Operational",
  "computer_name": "DESKTOP-WJANG",
  "user": {
    "type": "Well Known Group",
    "identifier": "S-1-5-18",
    "name": "SYSTEM",
    "domain": "NT AUTHORITY"
  },
  "event_data": {
    "Image": "C:\\Program Files\\Mozilla Firefox\\firefox.exe",
    "ProcessGuid": "{A376A8F6-F298-5A9C-0000-00104DED8803}",
    "ProcessId": "4084",
    "SignatureStatus": "Valid",
    "FileVersion": "10.0.16299.15 (WinBuild.160101.0800)",
    "Hashes": "MD5=C5C456871B479BDBD662268DFFCBD126,SHA256=61F642B6440273E70A27ED9BE420177182706CA11795987E66AD2435092B06B1",
    "Product": "Microsoft® Windows® Operating System",
    "ImageLoaded": "C:\\Windows\\System32\\winmm.dll",
    "UtcTime": "2018-03-05 07:32:40.750",
    "Signed": "true",
    "Signature": "Microsoft Windows",
    "Description": "MCI API DLL",
    "Company": "Microsoft Corporation"
  },
  "source_name": "Microsoft-Windows-Sysmon",
  "task": "Image loaded (rule: ImageLoad)",
  "level": "정보",
  "opcode": "정보",
  "event_id": 7,
  "version": 3,
  "message": "Image loaded:\nUtcTime: 2018-03-05 07:32:40.750\nProcessGuid: {A376A8F6-F298-5A9C-0000-00104DED8803}\nProcessId: 4084\nImage: C:\\Program Files\\Mozilla Firefox\\firefox.exe\nImageLoaded: C:\\Windows\\System32\\winmm.dll\nFileVersion: 10.0.16299.15 (WinBuild.160101.0800)\nDescription: MCI API DLL\nProduct: Microsoft® Windows® Operating System\nCompany: Microsoft Corporation\nHashes: MD5=C5C456871B479BDBD662268DFFCBD126,SHA256=61F642B6440273E70A27ED9BE420177182706CA11795987E66AD2435092B06B1\nSigned: true\nSignature: Microsoft Windows\nSignatureStatus: Valid",
  "process_id": 8608,
  "beat": {
    "version": "6.2.2",
    "name": "DESKTOP-WJANG",
    "hostname": "DESKTOP-WJANG"
  },
  "provider_guid": "{5770385F-C22A-43E0-BF4C-06F5698FFBD9}"
}
{
  "@timestamp": "2018-03-05T07:32:40.757Z",
  "@metadata": {
    "beat": "winlogbeat",
    "type": "doc",
    "version": "6.2.2"
  },
  "process_id": 8608,
  "thread_id": 19220,
  "user": {
    "name": "SYSTEM",
    "domain": "NT AUTHORITY",
    "type": "Well Known Group",
    "identifier": "S-1-5-18"
  },
  "type": "wineventlog",
  "event_id": 7,
  "opcode": "정보",
  "source_name": "Microsoft-Windows-Sysmon",
  "computer_name": "DESKTOP-WJANG",
  "task": "Image loaded (rule: ImageLoad)",
  "level": "정보",
  "record_number": "750",
  "provider_guid": "{5770385F-C22A-43E0-BF4C-06F5698FFBD9}",
  "message": "Image loaded:\nUtcTime: 2018-03-05 07:32:40.751\nProcessGuid: {A376A8F6-F298-5A9C-0000-00104DED8803}\nProcessId: 4084\nImage: C:\\Program Files\\Mozilla Firefox\\firefox.exe\nImageLoaded: C:\\Windows\\System32\\wsock32.dll\nFileVersion: 10.0.16299.15 (WinBuild.160101.0800)\nDescription: Windows Socket 32-Bit DLL\nProduct: Microsoft® Windows® Operating System\nCompany: Microsoft Corporation\nHashes: MD5=514BF844F53C410B3C2ADA2995E19517,SHA256=B4BD9BAF4E67756717216C62F117FE5B3B4B38AE060C989F7D6476C864B82C91\nSigned: true\nSignature: Microsoft Windows\nSignatureStatus: Valid",
  "version": 3,
  "beat": {
    "name": "DESKTOP-WJANG",
    "hostname": "DESKTOP-WJANG",
    "version": "6.2.2"
  },
  "log_name": "Microsoft-Windows-Sysmon/Operational",
  "event_data": {
    "Description": "Windows Socket 32-Bit DLL",
    "ImageLoaded": "C:\\Windows\\System32\\wsock32.dll",
    "Hashes": "MD5=514BF844F53C410B3C2ADA2995E19517,SHA256=B4BD9BAF4E67756717216C62F117FE5B3B4B38AE060C989F7D6476C864B82C91",
    "Image": "C:\\Program Files\\Mozilla Firefox\\firefox.exe",
    "FileVersion": "10.0.16299.15 (WinBuild.160101.0800)",
    "UtcTime": "2018-03-05 07:32:40.751",
    "Signature": "Microsoft Windows",
    "ProcessId": "4084",
    "ProcessGuid": "{A376A8F6-F298-5A9C-0000-00104DED8803}",
    "Product": "Microsoft® Windows® Operating System",
    "Signed": "true",
    "SignatureStatus": "Valid",
    "Company": "Microsoft Corporation"
  }
}
{
  "@timestamp": "2018-03-05T07:32:40.758Z",
  "@metadata": {
    "beat": "winlogbeat",
    "type": "doc",
    "version": "6.2.2"
  },
  "user": {
    "type": "Well Known Group",
    "identifier": "S-1-5-18",
    "name": "SYSTEM",
    "domain": "NT AUTHORITY"
  },
  "event_data": {
    "Hashes": "MD5=F6CF22C148762CAC151D0739C7E491EF,SHA256=B864F145C7CB37F7695118961FAB68F8216D023AE90F8CCB31FDC7F5EA352114",
    "ProcessId": "4084",
    "UtcTime": "2018-03-05 07:32:40.752",
    "ProcessGuid": "{A376A8F6-F298-5A9C-0000-00104DED8803}",
    "SignatureStatus": "Valid",
    "Signature": "Microsoft Windows",
    "Company": "Microsoft Corporation",
    "Image": "C:\\Program Files\\Mozilla Firefox\\firefox.exe",
    "FileVersion": "10.0.16299.15 (WinBuild.160101.0800)",
    "Description": "Base Multimedia Extension API DLL",
    "Product": "Microsoft® Windows® Operating System",
    "Signed": "true",
    "ImageLoaded": "C:\\Windows\\System32\\winmmbase.dll"
  },
  "provider_guid": "{5770385F-C22A-43E0-BF4C-06F5698FFBD9}",
  "process_id": 8608,
  "computer_name": "DESKTOP-WJANG",
  "record_number": "751",
  "task": "Image loaded (rule: ImageLoad)",
  "source_name": "Microsoft-Windows-Sysmon",
  "log_name": "Microsoft-Windows-Sysmon/Operational",
  "event_id": 7,
  "thread_id": 19220,
  "message": "Image loaded:\nUtcTime: 2018-03-05 07:32:40.752\nProcessGuid: {A376A8F6-F298-5A9C-0000-00104DED8803}\nProcessId: 4084\nImage: C:\\Program Files\\Mozilla Firefox\\firefox.exe\nImageLoaded: C:\\Windows\\System32\\winmmbase.dll\nFileVersion: 10.0.16299.15 (WinBuild.160101.0800)\nDescription: Base Multimedia Extension API DLL\nProduct: Microsoft® Windows® Operating System\nCompany: Microsoft Corporation\nHashes: MD5=F6CF22C148762CAC151D0739C7E491EF,SHA256=B864F145C7CB37F7695118961FAB68F8216D023AE90F8CCB31FDC7F5EA352114\nSigned: true\nSignature: Microsoft Windows\nSignatureStatus: Valid",
  "type": "wineventlog",
  "version": 3,
  "opcode": "정보",
  "beat": {
    "hostname": "DESKTOP-WJANG",
    "version": "6.2.2",
    "name": "DESKTOP-WJANG"
  },
  "level": "정보"
}
{
  "@timestamp": "2018-03-05T07:32:40.758Z",
  "@metadata": {
    "beat": "winlogbeat",
    "type": "doc",
    "version": "6.2.2"
  },
  "event_data": {
    "Signed": "true",
    "Signature": "Microsoft Windows",
    "Description": "Configuration Manager DLL",
    "Image": "C:\\Program Files\\Mozilla Firefox\\firefox.exe",
    "UtcTime": "2018-03-05 07:32:40.752",
    "SignatureStatus": "Valid",
    "Product": "Microsoft® Windows® Operating System",
    "ProcessId": "4084",
    "Hashes": "MD5=8A4B53289A302D72F6FD7E20C3F6DF82,SHA256=30C4191AFB1BA37833FF4155890CE9F7869CAD645C39F1EEA0EFA3374D799D53",
    "ProcessGuid": "{A376A8F6-F298-5A9C-0000-00104DED8803}",
    "ImageLoaded": "C:\\Windows\\System32\\cfgmgr32.dll",
    "Company": "Microsoft Corporation",
    "FileVersion": "10.0.16299.15 (WinBuild.160101.0800)"
  },
  "message": "Image loaded:\nUtcTime: 2018-03-05 07:32:40.752\nProcessGuid: {A376A8F6-F298-5A9C-0000-00104DED8803}\nProcessId: 4084\nImage: C:\\Program Files\\Mozilla Firefox\\firefox.exe\nImageLoaded: C:\\Windows\\System32\\cfgmgr32.dll\nFileVersion: 10.0.16299.15 (WinBuild.160101.0800)\nDescription: Configuration Manager DLL\nProduct: Microsoft® Windows® Operating System\nCompany: Microsoft Corporation\nHashes: MD5=8A4B53289A302D72F6FD7E20C3F6DF82,SHA256=30C4191AFB1BA37833FF4155890CE9F7869CAD645C39F1EEA0EFA3374D799D53\nSigned: true\nSignature: Microsoft Windows\nSignatureStatus: Valid",
  "level": "정보",
  "computer_name": "DESKTOP-WJANG",
  "process_id": 8608,
  "task": "Image loaded (rule: ImageLoad)",
  "opcode": "정보",
  "type": "wineventlog",
  "event_id": 7,
  "version": 3,
  "source_name": "Microsoft-Windows-Sysmon",
  "user": {
    "identifier": "S-1-5-18",
    "name": "SYSTEM",
    "domain": "NT AUTHORITY",
    "type": "Well Known Group"
  },
  "beat": {
    "name": "DESKTOP-WJANG",
    "hostname": "DESKTOP-WJANG",
    "version": "6.2.2"
  },
  "thread_id": 19220,
  "record_number": "752",
  "log_name": "Microsoft-Windows-Sysmon/Operational",
  "provider_guid": "{5770385F-C22A-43E0-BF4C-06F5698FFBD9}"
}
{
  "@timestamp": "2018-03-05T07:32:40.759Z",
  "@metadata": {
    "beat": "winlogbeat",
    "type": "doc",
    "version": "6.2.2"
  },
  "task": "Image loaded (rule: ImageLoad)",
  "computer_name": "DESKTOP-WJANG",
  "message": "Image loaded:\nUtcTime: 2018-03-05 07:32:40.754\nProcessGuid: {A376A8F6-F298-5A9C-0000-00104DED8803}\nProcessId: 4084\nImage: C:\\Program Files\\Mozilla Firefox\\firefox.exe\nImageLoaded: C:\\Program Files\\Mozilla Firefox\\lgpllibs.dll\nFileVersion: 58.0.2\nDescription: \nProduct: Firefox\nCompany: Mozilla Foundation\nHashes: MD5=C29FDC1546C3C525C69B6D23193D07EF,SHA256=6808CAAC17FA1ECEA61645ECD215FCD8D48F8BEDC635444A6D84087D44230076\nSigned: true\nSignature: Mozilla Corporation\nSignatureStatus: Valid",
  "source_name": "Microsoft-Windows-Sysmon",
  "thread_id": 19220,
  "type": "wineventlog",
  "provider_guid": "{5770385F-C22A-43E0-BF4C-06F5698FFBD9}",
  "version": 3,
  "level": "정보",
  "log_name": "Microsoft-Windows-Sysmon/Operational",
  "opcode": "정보",
  "event_id": 7,
  "user": {
    "name": "SYSTEM",
    "domain": "NT AUTHORITY",
    "type": "Well Known Group",
    "identifier": "S-1-5-18"
  },
  "event_data": {
    "Company": "Mozilla Foundation",
    "UtcTime": "2018-03-05 07:32:40.754",
    "Signed": "true",
    "FileVersion": "58.0.2",
    "Image": "C:\\Program Files\\Mozilla Firefox\\firefox.exe",
    "ImageLoaded": "C:\\Program Files\\Mozilla Firefox\\lgpllibs.dll",
    "Signature": "Mozilla Corporation",
    "ProcessId": "4084",
    "Hashes": "MD5=C29FDC1546C3C525C69B6D23193D07EF,SHA256=6808CAAC17FA1ECEA61645ECD215FCD8D48F8BEDC635444A6D84087D44230076",
    "SignatureStatus": "Valid",
    "Product": "Firefox",
    "ProcessGuid": "{A376A8F6-F298-5A9C-0000-00104DED8803}"
  },
  "beat": {
    "name": "DESKTOP-WJANG",
    "hostname": "DESKTOP-WJANG",
    "version": "6.2.2"
  },
  "process_id": 8608,
  "record_number": "753"
}
{
  "@timestamp": "2018-03-05T07:32:40.771Z",
  "@metadata": {
    "beat": "winlogbeat",
    "type": "doc",
    "version": "6.2.2"
  },
  "task": "Image loaded (rule: ImageLoad)",
  "type": "wineventlog",
  "message": "Image loaded:\nUtcTime: 2018-03-05 07:32:40.137\nProcessGuid: {A376A8F6-F294-5A9C-0000-001052E48503}\nProcessId: 17704\nImage: C:\\Program Files\\Mozilla Firefox\\firefox.exe\nImageLoaded: C:\\Windows\\System32\\twinapi.dll\nFileVersion: 10.0.16299.15 (WinBuild.160101.0800)\nDescription: twinapi\nProduct: Microsoft® Windows® Operating System\nCompany: Microsoft Corporation\nHashes: MD5=729AF3B925184841627A8F64F9CA6C75,SHA256=46E64157130E9A05BB9F1289DDB400627AA8BAC02052BC866C0F49062794F53A\nSigned: true\nSignature: Microsoft Windows\nSignatureStatus: Valid",
  "event_data": {
    "Signature": "Microsoft Windows",
    "FileVersion": "10.0.16299.15 (WinBuild.160101.0800)",
    "Hashes": "MD5=729AF3B925184841627A8F64F9CA6C75,SHA256=46E64157130E9A05BB9F1289DDB400627AA8BAC02052BC866C0F49062794F53A",
    "Company": "Microsoft Corporation",
    "SignatureStatus": "Valid",
    "ImageLoaded": "C:\\Windows\\System32\\twinapi.dll",
    "ProcessGuid": "{A376A8F6-F294-5A9C-0000-001052E48503}",
    "ProcessId": "17704",
    "Description": "twinapi",
    "Image": "C:\\Program Files\\Mozilla Firefox\\firefox.exe",
    "Product": "Microsoft® Windows® Operating System",
    "Signed": "true",
    "UtcTime": "2018-03-05 07:32:40.137"
  },
  "log_name": "Microsoft-Windows-Sysmon/Operational",
  "beat": {
    "name": "DESKTOP-WJANG",
    "hostname": "DESKTOP-WJANG",
    "version": "6.2.2"
  },
  "user": {
    "domain": "NT AUTHORITY",
    "type": "Well Known Group",
    "identifier": "S-1-5-18",
    "name": "SYSTEM"
  },
  "event_id": 7,
  "opcode": "정보",
  "provider_guid": "{5770385F-C22A-43E0-BF4C-06F5698FFBD9}",
  "record_number": "754",
  "process_id": 8608,
  "thread_id": 23584,
  "computer_name": "DESKTOP-WJANG",
  "version": 3,
  "level": "정보",
  "source_name": "Microsoft-Windows-Sysmon"
}
{
  "@timestamp": "2018-03-05T07:32:40.783Z",
  "@metadata": {
    "beat": "winlogbeat",
    "type": "doc",
    "version": "6.2.2"
  },
  "opcode": "정보",
  "thread_id": 19220,
  "record_number": "755",
  "level": "정보",
  "event_data": {
    "Image": "C:\\Program Files\\Mozilla Firefox\\firefox.exe",
    "FileVersion": "58.0.2",
    "ProcessId": "4084",
    "Company": "Mozilla Foundation",
    "Signed": "true",
    "ProcessGuid": "{A376A8F6-F298-5A9C-0000-00104DED8803}",
    "Product": "Firefox",
    "Hashes": "MD5=DA7B4F20D6D50628319B8AD386781278,SHA256=8AD87B54190CBE2AD6EF073D820102ABD3097F342BD1607E336F1F0A4698C5AF",
    "Signature": "Mozilla Corporation",
    "UtcTime": "2018-03-05 07:32:40.782",
    "ImageLoaded": "C:\\Program Files\\Mozilla Firefox\\xul.dll",
    "SignatureStatus": "Valid"
  },
  "type": "wineventlog",
  "user": {
    "type": "Well Known Group",
    "identifier": "S-1-5-18",
    "name": "SYSTEM",
    "domain": "NT AUTHORITY"
  },
  "task": "Image loaded (rule: ImageLoad)",
  "log_name": "Microsoft-Windows-Sysmon/Operational",
  "message": "Image loaded:\nUtcTime: 2018-03-05 07:32:40.782\nProcessGuid: {A376A8F6-F298-5A9C-0000-00104DED8803}\nProcessId: 4084\nImage: C:\\Program Files\\Mozilla Firefox\\firefox.exe\nImageLoaded: C:\\Program Files\\Mozilla Firefox\\xul.dll\nFileVersion: 58.0.2\nDescription: \nProduct: Firefox\nCompany: Mozilla Foundation\nHashes: MD5=DA7B4F20D6D50628319B8AD386781278,SHA256=8AD87B54190CBE2AD6EF073D820102ABD3097F342BD1607E336F1F0A4698C5AF\nSigned: true\nSignature: Mozilla Corporation\nSignatureStatus: Valid",
  "source_name": "Microsoft-Windows-Sysmon",
  "process_id": 8608,
  "event_id": 7,
  "provider_guid": "{5770385F-C22A-43E0-BF4C-06F5698FFBD9}",
  "beat": {
    "name": "DESKTOP-WJANG",
    "hostname": "DESKTOP-WJANG",
    "version": "6.2.2"
  },
  "version": 3,
  "computer_name": "DESKTOP-WJANG"
}
{
  "@timestamp": "2018-03-05T07:32:40.783Z",
  "@metadata": {
    "beat": "winlogbeat",
    "type": "doc",
    "version": "6.2.2"
  },
  "type": "wineventlog",
  "event_id": 7,
  "level": "정보",
  "message": "Image loaded:\nUtcTime: 2018-03-05 07:32:40.782\nProcessGuid: {A376A8F6-F298-5A9C-0000-00104DED8803}\nProcessId: 4084\nImage: C:\\Program Files\\Mozilla Firefox\\firefox.exe\nImageLoaded: C:\\Windows\\System32\\shell32.dll\nFileVersion: 10.0.16299.15 (WinBuild.160101.0800)\nDescription: Windows 셸 공용 Dll\nProduct: Microsoft® Windows® Operating System\nCompany: Microsoft Corporation\nHashes: MD5=E6CCA4E96CA9AA05B0B6518AF403767E,SHA256=66225B3B3D9BA3F1630C28F9A8FC330197B31D3A0FF52309705BAF6B69BCC2FE\nSigned: true\nSignature: Microsoft Windows\nSignatureStatus: Valid",
  "thread_id": 19220,
  "log_name": "Microsoft-Windows-Sysmon/Operational",
  "provider_guid": "{5770385F-C22A-43E0-BF4C-06F5698FFBD9}",
  "record_number": "756",
  "user": {
    "identifier": "S-1-5-18",
    "name": "SYSTEM",
    "domain": "NT AUTHORITY",
    "type": "Well Known Group"
  },
  "source_name": "Microsoft-Windows-Sysmon",
  "computer_name": "DESKTOP-WJANG",
  "event_data": {
    "SignatureStatus": "Valid",
    "Description": "Windows 셸 공용 Dll",
    "ProcessId": "4084",
    "Signed": "true",
    "ProcessGuid": "{A376A8F6-F298-5A9C-0000-00104DED8803}",
    "FileVersion": "10.0.16299.15 (WinBuild.160101.0800)",
    "Image": "C:\\Program Files\\Mozilla Firefox\\firefox.exe",
    "ImageLoaded": "C:\\Windows\\System32\\shell32.dll",
    "Hashes": "MD5=E6CCA4E96CA9AA05B0B6518AF403767E,SHA256=66225B3B3D9BA3F1630C28F9A8FC330197B31D3A0FF52309705BAF6B69BCC2FE",
    "Product": "Microsoft® Windows® Operating System",
    "Signature": "Microsoft Windows",
    "Company": "Microsoft Corporation",
    "UtcTime": "2018-03-05 07:32:40.782"
  },
  "task": "Image loaded (rule: ImageLoad)",
  "opcode": "정보",
  "version": 3,
  "process_id": 8608,
  "beat": {
    "name": "DESKTOP-WJANG",
    "hostname": "DESKTOP-WJANG",
    "version": "6.2.2"
  }
}
{
  "@timestamp": "2018-03-05T07:32:40.784Z",
  "@metadata": {
    "beat": "winlogbeat",
    "type": "doc",
    "version": "6.2.2"
  },
  "level": "정보",
  "provider_guid": "{5770385F-C22A-43E0-BF4C-06F5698FFBD9}",
  "version": 3,
  "process_id": 8608,
  "source_name": "Microsoft-Windows-Sysmon",
  "record_number": "757",
  "log_name": "Microsoft-Windows-Sysmon/Operational",
  "task": "Image loaded (rule: ImageLoad)",
  "type": "wineventlog",
  "message": "Image loaded:\nUtcTime: 2018-03-05 07:32:40.783\nProcessGuid: {A376A8F6-F298-5A9C-0000-00104DED8803}\nProcessId: 4084\nImage: C:\\Program Files\\Mozilla Firefox\\firefox.exe\nImageLoaded: C:\\Windows\\System32\\SHCore.dll\nFileVersion: 10.0.16299.15 (WinBuild.160101.0800)\nDescription: SHCORE\nProduct: Microsoft® Windows® Operating System\nCompany: Microsoft Corporation\nHashes: MD5=9D0D011204DD79D53A9BC9F87FC86E7A,SHA256=7276EB9F44D866F6C9AE9FFEBCADE4E4B0B1E78B53103150E4C2AF58C0300044\nSigned: true\nSignature: Microsoft Windows\nSignatureStatus: Valid",
  "event_data": {
    "FileVersion": "10.0.16299.15 (WinBuild.160101.0800)",
    "ProcessGuid": "{A376A8F6-F298-5A9C-0000-00104DED8803}",
    "Signature": "Microsoft Windows",
    "Hashes": "MD5=9D0D011204DD79D53A9BC9F87FC86E7A,SHA256=7276EB9F44D866F6C9AE9FFEBCADE4E4B0B1E78B53103150E4C2AF58C0300044",
    "Company": "Microsoft Corporation",
    "ProcessId": "4084",
    "UtcTime": "2018-03-05 07:32:40.783",
    "SignatureStatus": "Valid",
    "Image": "C:\\Program Files\\Mozilla Firefox\\firefox.exe",
    "Signed": "true",
    "Description": "SHCORE",
    "ImageLoaded": "C:\\Windows\\System32\\SHCore.dll",
    "Product": "Microsoft® Windows® Operating System"
  },
  "opcode": "정보",
  "beat": {
    "version": "6.2.2",
    "name": "DESKTOP-WJANG",
    "hostname": "DESKTOP-WJANG"
  },
  "event_id": 7,
  "user": {
    "identifier": "S-1-5-18",
    "name": "SYSTEM",
    "domain": "NT AUTHORITY",
    "type": "Well Known Group"
  },
  "computer_name": "DESKTOP-WJANG",
  "thread_id": 19220
}
{
  "@timestamp": "2018-03-05T07:32:40.784Z",
  "@metadata": {
    "beat": "winlogbeat",
    "type": "doc",
    "version": "6.2.2"
  },
  "level": "정보",
  "task": "Image loaded (rule: ImageLoad)",
  "source_name": "Microsoft-Windows-Sysmon",
  "event_id": 7,
  "beat": {
    "hostname": "DESKTOP-WJANG",
    "version": "6.2.2",
    "name": "DESKTOP-WJANG"
  },
  "user": {
    "identifier": "S-1-5-18",
    "name": "SYSTEM",
    "domain": "NT AUTHORITY",
    "type": "Well Known Group"
  },
  "opcode": "정보",
  "thread_id": 19220,
  "process_id": 8608,
  "type": "wineventlog",
  "computer_name": "DESKTOP-WJANG",
  "provider_guid": "{5770385F-C22A-43E0-BF4C-06F5698FFBD9}",
  "version": 3,
  "log_name": "Microsoft-Windows-Sysmon/Operational",
  "message": "Image loaded:\nUtcTime: 2018-03-05 07:32:40.783\nProcessGuid: {A376A8F6-F298-5A9C-0000-00104DED8803}\nProcessId: 4084\nImage: C:\\Program Files\\Mozilla Firefox\\firefox.exe\nImageLoaded: C:\\Windows\\System32\\windows.storage.dll\nFileVersion: 10.0.16299.15 (WinBuild.160101.0800)\nDescription: Microsoft WinRT 저장소 API\nProduct: Microsoft® Windows® Operating System\nCompany: Microsoft Corporation\nHashes: MD5=FF2331ACDFE6E06A7D016A71EDAEF37F,SHA256=D155A37C95000D4F7E727687DDA0BE9B2D26B3B764966A212B4129FE7E2BD369\nSigned: true\nSignature: Microsoft Windows\nSignatureStatus: Valid",
  "event_data": {
    "Signature": "Microsoft Windows",
    "ImageLoaded": "C:\\Windows\\System32\\windows.storage.dll",
    "ProcessGuid": "{A376A8F6-F298-5A9C-0000-00104DED8803}",
    "UtcTime": "2018-03-05 07:32:40.783",
    "Image": "C:\\Program Files\\Mozilla Firefox\\firefox.exe",
    "ProcessId": "4084",
    "Hashes": "MD5=FF2331ACDFE6E06A7D016A71EDAEF37F,SHA256=D155A37C95000D4F7E727687DDA0BE9B2D26B3B764966A212B4129FE7E2BD369",
    "Description": "Microsoft WinRT 저장소 API",
    "Product": "Microsoft® Windows® Operating System",
    "Signed": "true",
    "SignatureStatus": "Valid",
    "FileVersion": "10.0.16299.15 (WinBuild.160101.0800)",
    "Company": "Microsoft Corporation"
  },
  "record_number": "758"
}
{
  "@timestamp": "2018-03-05T07:32:40.784Z",
  "@metadata": {
    "beat": "winlogbeat",
    "type": "doc",
    "version": "6.2.2"
  },
  "record_number": "759",
  "event_id": 7,
  "level": "정보",
  "task": "Image loaded (rule: ImageLoad)",
  "provider_guid": "{5770385F-C22A-43E0-BF4C-06F5698FFBD9}",
  "beat": {
    "name": "DESKTOP-WJANG",
    "hostname": "DESKTOP-WJANG",
    "version": "6.2.2"
  },
  "log_name": "Microsoft-Windows-Sysmon/Operational",
  "opcode": "정보",
  "process_id": 8608,
  "thread_id": 19220,
  "type": "wineventlog",
  "message": "Image loaded:\nUtcTime: 2018-03-05 07:32:40.784\nProcessGuid: {A376A8F6-F298-5A9C-0000-00104DED8803}\nProcessId: 4084\nImage: C:\\Program Files\\Mozilla Firefox\\firefox.exe\nImageLoaded: C:\\Windows\\System32\\shlwapi.dll\nFileVersion: 10.0.16299.15 (WinBuild.160101.0800)\nDescription: 셸 표준 이하 유틸리티 라이브러리\nProduct: Microsoft® Windows® Operating System\nCompany: Microsoft Corporation\nHashes: MD5=15D837C46191746FCA2BE7F6A401FA87,SHA256=5999E2C6242917465202FFEA991E2CE80823E3F985D5DE7EA88DCEF91EC91430\nSigned: true\nSignature: Microsoft Windows\nSignatureStatus: Valid",
  "source_name": "Microsoft-Windows-Sysmon",
  "computer_name": "DESKTOP-WJANG",
  "user": {
    "identifier": "S-1-5-18",
    "name": "SYSTEM",
    "domain": "NT AUTHORITY",
    "type": "Well Known Group"
  },
  "event_data": {
    "Description": "셸 표준 이하 유틸리티 라이브러리",
    "ProcessGuid": "{A376A8F6-F298-5A9C-0000-00104DED8803}",
    "Product": "Microsoft® Windows® Operating System",
    "Signature": "Microsoft Windows",
    "Hashes": "MD5=15D837C46191746FCA2BE7F6A401FA87,SHA256=5999E2C6242917465202FFEA991E2CE80823E3F985D5DE7EA88DCEF91EC91430",
    "ImageLoaded": "C:\\Windows\\System32\\shlwapi.dll",
    "Image": "C:\\Program Files\\Mozilla Firefox\\firefox.exe",
    "Company": "Microsoft Corporation",
    "Signed": "true",
    "SignatureStatus": "Valid",
    "UtcTime": "2018-03-05 07:32:40.784",
    "ProcessId": "4084",
    "FileVersion": "10.0.16299.15 (WinBuild.160101.0800)"
  },
  "version": 3
}
{
  "@timestamp": "2018-03-05T07:32:40.785Z",
  "@metadata": {
    "beat": "winlogbeat",
    "type": "doc",
    "version": "6.2.2"
  },
  "log_name": "Microsoft-Windows-Sysmon/Operational",
  "provider_guid": "{5770385F-C22A-43E0-BF4C-06F5698FFBD9}",
  "type": "wineventlog",
  "event_id": 7,
  "level": "정보",
  "beat": {
    "name": "DESKTOP-WJANG",
    "hostname": "DESKTOP-WJANG",
    "version": "6.2.2"
  },
  "user": {
    "identifier": "S-1-5-18",
    "name": "SYSTEM",
    "domain": "NT AUTHORITY",
    "type": "Well Known Group"
  },
  "record_number": "760",
  "source_name": "Microsoft-Windows-Sysmon",
  "version": 3,
  "computer_name": "DESKTOP-WJANG",
  "message": "Image loaded:\nUtcTime: 2018-03-05 07:32:40.784\nProcessGuid: {A376A8F6-F298-5A9C-0000-00104DED8803}\nProcessId: 4084\nImage: C:\\Program Files\\Mozilla Firefox\\firefox.exe\nImageLoaded: C:\\Windows\\System32\\kernel.appcore.dll\nFileVersion: 10.0.16299.15 (WinBuild.160101.0800)\nDescription: AppModel API Host\nProduct: Microsoft® Windows® Operating System\nCompany: Microsoft Corporation\nHashes: MD5=7BE8708016C9FA098E47D19998454E37,SHA256=905DF64416030472E727DA5E73E62453C2B7B738062195E51D9A68FCED198569\nSigned: true\nSignature: Microsoft Windows\nSignatureStatus: Valid",
  "process_id": 8608,
  "thread_id": 19220,
  "task": "Image loaded (rule: ImageLoad)",
  "opcode": "정보",
  "event_data": {
    "Image": "C:\\Program Files\\Mozilla Firefox\\firefox.exe",
    "Product": "Microsoft® Windows® Operating System",
    "UtcTime": "2018-03-05 07:32:40.784",
    "FileVersion": "10.0.16299.15 (WinBuild.160101.0800)",
    "Signature": "Microsoft Windows",
    "Signed": "true",
    "SignatureStatus": "Valid",
    "Description": "AppModel API Host",
    "Hashes": "MD5=7BE8708016C9FA098E47D19998454E37,SHA256=905DF64416030472E727DA5E73E62453C2B7B738062195E51D9A68FCED198569",
    "ProcessGuid": "{A376A8F6-F298-5A9C-0000-00104DED8803}",
    "ProcessId": "4084",
    "ImageLoaded": "C:\\Windows\\System32\\kernel.appcore.dll",
    "Company": "Microsoft Corporation"
  }
}
{
  "@timestamp": "2018-03-05T07:32:40.785Z",
  "@metadata": {
    "beat": "winlogbeat",
    "type": "doc",
    "version": "6.2.2"
  },
  "event_data": {
    "Image": "C:\\Program Files\\Mozilla Firefox\\firefox.exe",
    "Company": "Microsoft Corporation",
    "FileVersion": "10.0.16299.15 (WinBuild.160101.0800)",
    "ImageLoaded": "C:\\Windows\\System32\\powrprof.dll",
    "ProcessId": "4084",
    "Hashes": "MD5=4580ECECF4D30851E347345EE39628AE,SHA256=25CDF5E8F270BB80A6F312AB0717987ED230C557F089C3FD1D31E42148C5B759",
    "ProcessGuid": "{A376A8F6-F298-5A9C-0000-00104DED8803}",
    "Signed": "true",
    "Description": "전원 프로필 도우미 DLL",
    "SignatureStatus": "Valid",
    "Product": "Microsoft® Windows® Operating System",
    "UtcTime": "2018-03-05 07:32:40.784",
    "Signature": "Microsoft Windows"
  },
  "source_name": "Microsoft-Windows-Sysmon",
  "opcode": "정보",
  "event_id": 7,
  "process_id": 8608,
  "message": "Image loaded:\nUtcTime: 2018-03-05 07:32:40.784\nProcessGuid: {A376A8F6-F298-5A9C-0000-00104DED8803}\nProcessId: 4084\nImage: C:\\Program Files\\Mozilla Firefox\\firefox.exe\nImageLoaded: C:\\Windows\\System32\\powrprof.dll\nFileVersion: 10.0.16299.15 (WinBuild.160101.0800)\nDescription: 전원 프로필 도우미 DLL\nProduct: Microsoft® Windows® Operating System\nCompany: Microsoft Corporation\nHashes: MD5=4580ECECF4D30851E347345EE39628AE,SHA256=25CDF5E8F270BB80A6F312AB0717987ED230C557F089C3FD1D31E42148C5B759\nSigned: true\nSignature: Microsoft Windows\nSignatureStatus: Valid",
  "task": "Image loaded (rule: ImageLoad)",
  "user": {
    "identifier": "S-1-5-18",
    "name": "SYSTEM",
    "domain": "NT AUTHORITY",
    "type": "Well Known Group"
  },
  "computer_name": "DESKTOP-WJANG",
  "record_number": "761",
  "level": "정보",
  "type": "wineventlog",
  "provider_guid": "{5770385F-C22A-43E0-BF4C-06F5698FFBD9}",
  "beat": {
    "name": "DESKTOP-WJANG",
    "hostname": "DESKTOP-WJANG",
    "version": "6.2.2"
  },
  "log_name": "Microsoft-Windows-Sysmon/Operational",
  "thread_id": 19220,
  "version": 3
}
{
  "@timestamp": "2018-03-05T07:32:40.786Z",
  "@metadata": {
    "beat": "winlogbeat",
    "type": "doc",
    "version": "6.2.2"
  },
  "source_name": "Microsoft-Windows-Sysmon",
  "computer_name": "DESKTOP-WJANG",
  "level": "정보",
  "beat": {
    "name": "DESKTOP-WJANG",
    "hostname": "DESKTOP-WJANG",
    "version": "6.2.2"
  },
  "type": "wineventlog",
  "provider_guid": "{5770385F-C22A-43E0-BF4C-06F5698FFBD9}",
  "record_number": "762",
  "event_id": 7,
  "task": "Image loaded (rule: ImageLoad)",
  "opcode": "정보",
  "thread_id": 19220,
  "process_id": 8608,
  "event_data": {
    "Company": "Microsoft Corporation",
    "Signed": "true",
    "Signature": "Microsoft Windows",
    "Description": "User Profile Basic API",
    "FileVersion": "10.0.16299.15 (WinBuild.160101.0800)",
    "Hashes": "MD5=7FF50EC90E6A93FCEF9C0BA01F4F46DB,SHA256=B7182EDCE675D5B294C8D97626FF8793ED67FAFBBC7A178F6621F31988A90FA3",
    "UtcTime": "2018-03-05 07:32:40.785",
    "ProcessGuid": "{A376A8F6-F298-5A9C-0000-00104DED8803}",
    "SignatureStatus": "Valid",
    "Product": "Microsoft® Windows® Operating System",
    "Image": "C:\\Program Files\\Mozilla Firefox\\firefox.exe",
    "ProcessId": "4084",
    "ImageLoaded": "C:\\Windows\\System32\\profapi.dll"
  },
  "message": "Image loaded:\nUtcTime: 2018-03-05 07:32:40.785\nProcessGuid: {A376A8F6-F298-5A9C-0000-00104DED8803}\nProcessId: 4084\nImage: C:\\Program Files\\Mozilla Firefox\\firefox.exe\nImageLoaded: C:\\Windows\\System32\\profapi.dll\nFileVersion: 10.0.16299.15 (WinBuild.160101.0800)\nDescription: User Profile Basic API\nProduct: Microsoft® Windows® Operating System\nCompany: Microsoft Corporation\nHashes: MD5=7FF50EC90E6A93FCEF9C0BA01F4F46DB,SHA256=B7182EDCE675D5B294C8D97626FF8793ED67FAFBBC7A178F6621F31988A90FA3\nSigned: true\nSignature: Microsoft Windows\nSignatureStatus: Valid",
  "version": 3,
  "user": {
    "domain": "NT AUTHORITY",
    "type": "Well Known Group",
    "identifier": "S-1-5-18",
    "name": "SYSTEM"
  },
  "log_name": "Microsoft-Windows-Sysmon/Operational"
}
{
  "@timestamp": "2018-03-05T07:32:40.786Z",
  "@metadata": {
    "beat": "winlogbeat",
    "type": "doc",
    "version": "6.2.2"
  },
  "level": "정보",
  "opcode": "정보",
  "user": {
    "identifier": "S-1-5-18",
    "name": "SYSTEM",
    "domain": "NT AUTHORITY",
    "type": "Well Known Group"
  },
  "version": 3,
  "process_id": 8608,
  "event_id": 7,
  "source_name": "Microsoft-Windows-Sysmon",
  "type": "wineventlog",
  "task": "Image loaded (rule: ImageLoad)",
  "thread_id": 19220,
  "record_number": "763",
  "message": "Image loaded:\nUtcTime: 2018-03-05 07:32:40.785\nProcessGuid: {A376A8F6-F298-5A9C-0000-00104DED8803}\nProcessId: 4084\nImage: C:\\Program Files\\Mozilla Firefox\\firefox.exe\nImageLoaded: C:\\Windows\\System32\\ole32.dll\nFileVersion: 10.0.16299.15 (WinBuild.160101.0800)\nDescription: Windows용 Microsoft OLE\nProduct: Microsoft® Windows® Operating System\nCompany: Microsoft Corporation\nHashes: MD5=7EE6E3B8C58646C05E0C8E62840D7D38,SHA256=E9C9A60E111763291F642AB838BA5739FB1DCF1856F8C0A6F22BE0DAA1DB6C8F\nSigned: true\nSignature: Microsoft Windows\nSignatureStatus: Valid",
  "beat": {
    "name": "DESKTOP-WJANG",
    "hostname": "DESKTOP-WJANG",
    "version": "6.2.2"
  },
  "log_name": "Microsoft-Windows-Sysmon/Operational",
  "provider_guid": "{5770385F-C22A-43E0-BF4C-06F5698FFBD9}",
  "event_data": {
    "SignatureStatus": "Valid",
    "ProcessId": "4084",
    "ImageLoaded": "C:\\Windows\\System32\\ole32.dll",
    "Description": "Windows용 Microsoft OLE",
    "Signed": "true",
    "Hashes": "MD5=7EE6E3B8C58646C05E0C8E62840D7D38,SHA256=E9C9A60E111763291F642AB838BA5739FB1DCF1856F8C0A6F22BE0DAA1DB6C8F",
    "Image": "C:\\Program Files\\Mozilla Firefox\\firefox.exe",
    "Signature": "Microsoft Windows",
    "Company": "Microsoft Corporation",
    "UtcTime": "2018-03-05 07:32:40.785",
    "FileVersion": "10.0.16299.15 (WinBuild.160101.0800)",
    "ProcessGuid": "{A376A8F6-F298-5A9C-0000-00104DED8803}",
    "Product": "Microsoft® Windows® Operating System"
  },
  "computer_name": "DESKTOP-WJANG"
}
{
  "@timestamp": "2018-03-05T07:32:40.787Z",
  "@metadata": {
    "beat": "winlogbeat",
    "type": "doc",
    "version": "6.2.2"
  },
  "message": "Image loaded:\nUtcTime: 2018-03-05 07:32:40.786\nProcessGuid: {A376A8F6-F298-5A9C-0000-00104DED8803}\nProcessId: 4084\nImage: C:\\Program Files\\Mozilla Firefox\\firefox.exe\nImageLoaded: C:\\Windows\\System32\\crypt32.dll\nFileVersion: 10.0.16299.15 (WinBuild.160101.0800)\nDescription: Crypto API32\nProduct: Microsoft® Windows® Operating System\nCompany: Microsoft Corporation\nHashes: MD5=B677C12F260A1DFB39447DE716629CAF,SHA256=73DEB47902AFD8B68E56301DA1F934718AF5344670E96FA1D9C1467C89442AE4\nSigned: true\nSignature: Microsoft Windows\nSignatureStatus: Valid",
  "event_data": {
    "FileVersion": "10.0.16299.15 (WinBuild.160101.0800)",
    "Hashes": "MD5=B677C12F260A1DFB39447DE716629CAF,SHA256=73DEB47902AFD8B68E56301DA1F934718AF5344670E96FA1D9C1467C89442AE4",
    "Description": "Crypto API32",
    "Signature": "Microsoft Windows",
    "Signed": "true",
    "UtcTime": "2018-03-05 07:32:40.786",
    "Company": "Microsoft Corporation",
    "Image": "C:\\Program Files\\Mozilla Firefox\\firefox.exe",
    "ImageLoaded": "C:\\Windows\\System32\\crypt32.dll",
    "ProcessId": "4084",
    "ProcessGuid": "{A376A8F6-F298-5A9C-0000-00104DED8803}",
    "Product": "Microsoft® Windows® Operating System",
    "SignatureStatus": "Valid"
  },
  "computer_name": "DESKTOP-WJANG",
  "level": "정보",
  "event_id": 7,
  "task": "Image loaded (rule: ImageLoad)",
  "provider_guid": "{5770385F-C22A-43E0-BF4C-06F5698FFBD9}",
  "version": 3,
  "record_number": "764",
  "source_name": "Microsoft-Windows-Sysmon",
  "log_name": "Microsoft-Windows-Sysmon/Operational",
  "process_id": 8608,
  "opcode": "정보",
  "type": "wineventlog",
  "thread_id": 19220,
  "user": {
    "identifier": "S-1-5-18",
    "name": "SYSTEM",
    "domain": "NT AUTHORITY",
    "type": "Well Known Group"
  },
  "beat": {
    "name": "DESKTOP-WJANG",
    "hostname": "DESKTOP-WJANG",
    "version": "6.2.2"
  }
}
{
  "@timestamp": "2018-03-05T07:32:40.787Z",
  "@metadata": {
    "beat": "winlogbeat",
    "type": "doc",
    "version": "6.2.2"
  },
  "version": 3,
  "log_name": "Microsoft-Windows-Sysmon/Operational",
  "opcode": "정보",
  "task": "Image loaded (rule: ImageLoad)",
  "beat": {
    "name": "DESKTOP-WJANG",
    "hostname": "DESKTOP-WJANG",
    "version": "6.2.2"
  },
  "source_name": "Microsoft-Windows-Sysmon",
  "process_id": 8608,
  "user": {
    "identifier": "S-1-5-18",
    "name": "SYSTEM",
    "domain": "NT AUTHORITY",
    "type": "Well Known Group"
  },
  "message": "Image loaded:\nUtcTime: 2018-03-05 07:32:40.786\nProcessGuid: {A376A8F6-F298-5A9C-0000-00104DED8803}\nProcessId: 4084\nImage: C:\\Program Files\\Mozilla Firefox\\firefox.exe\nImageLoaded: C:\\Windows\\System32\\msasn1.dll\nFileVersion: 10.0.16299.15 (WinBuild.160101.0800)\nDescription: ASN.1 Runtime APIs\nProduct: Microsoft® Windows® Operating System\nCompany: Microsoft Corporation\nHashes: MD5=0DA32BEB94B9440AF1763B266A5CED69,SHA256=49AC0B3C76381E3780B71D3FF378018156B6BC453FC2AE373260B2441E5A248F\nSigned: true\nSignature: Microsoft Windows\nSignatureStatus: Valid",
  "provider_guid": "{5770385F-C22A-43E0-BF4C-06F5698FFBD9}",
  "computer_name": "DESKTOP-WJANG",
  "record_number": "765",
  "event_id": 7,
  "level": "정보",
  "type": "wineventlog",
  "thread_id": 19220,
  "event_data": {
    "ImageLoaded": "C:\\Windows\\System32\\msasn1.dll",
    "Hashes": "MD5=0DA32BEB94B9440AF1763B266A5CED69,SHA256=49AC0B3C76381E3780B71D3FF378018156B6BC453FC2AE373260B2441E5A248F",
    "ProcessGuid": "{A376A8F6-F298-5A9C-0000-00104DED8803}",
    "FileVersion": "10.0.16299.15 (WinBuild.160101.0800)",
    "Description": "ASN.1 Runtime APIs",
    "ProcessId": "4084",
    "Image": "C:\\Program Files\\Mozilla Firefox\\firefox.exe",
    "SignatureStatus": "Valid",
    "Signature": "Microsoft Windows",
    "Product": "Microsoft® Windows® Operating System",
    "Company": "Microsoft Corporation",
    "Signed": "true",
    "UtcTime": "2018-03-05 07:32:40.786"
  }
}
{
  "@timestamp": "2018-03-05T07:32:40.788Z",
  "@metadata": {
    "beat": "winlogbeat",
    "type": "doc",
    "version": "6.2.2"
  },
  "version": 3,
  "event_id": 7,
  "user": {
    "identifier": "S-1-5-18",
    "name": "SYSTEM",
    "domain": "NT AUTHORITY",
    "type": "Well Known Group"
  },
  "task": "Image loaded (rule: ImageLoad)",
  "computer_name": "DESKTOP-WJANG",
  "record_number": "766",
  "event_data": {
    "Description": "Windows 설치 API",
    "ImageLoaded": "C:\\Windows\\System32\\setupapi.dll",
    "FileVersion": "10.0.16299.15 (WinBuild.160101.0800)",
    "Company": "Microsoft Corporation",
    "ProcessId": "4084",
    "UtcTime": "2018-03-05 07:32:40.787",
    "Image": "C:\\Program Files\\Mozilla Firefox\\firefox.exe",
    "Signature": "Microsoft Windows",
    "SignatureStatus": "Valid",
    "Product": "Microsoft® Windows® Operating System",
    "Hashes": "MD5=23E661467FA2EB68B711EA20974B4CB7,SHA256=EF8353C804E643AB34B35494F029F1C0E5DE1A9C2471171E42E8F38EF9CCE953",
    "Signed": "true",
    "ProcessGuid": "{A376A8F6-F298-5A9C-0000-00104DED8803}"
  },
  "source_name": "Microsoft-Windows-Sysmon",
  "opcode": "정보",
  "level": "정보",
  "type": "wineventlog",
  "process_id": 8608,
  "log_name": "Microsoft-Windows-Sysmon/Operational",
  "beat": {
    "name": "DESKTOP-WJANG",
    "hostname": "DESKTOP-WJANG",
    "version": "6.2.2"
  },
  "message": "Image loaded:\nUtcTime: 2018-03-05 07:32:40.787\nProcessGuid: {A376A8F6-F298-5A9C-0000-00104DED8803}\nProcessId: 4084\nImage: C:\\Program Files\\Mozilla Firefox\\firefox.exe\nImageLoaded: C:\\Windows\\System32\\setupapi.dll\nFileVersion: 10.0.16299.15 (WinBuild.160101.0800)\nDescription: Windows 설치 API\nProduct: Microsoft® Windows® Operating System\nCompany: Microsoft Corporation\nHashes: MD5=23E661467FA2EB68B711EA20974B4CB7,SHA256=EF8353C804E643AB34B35494F029F1C0E5DE1A9C2471171E42E8F38EF9CCE953\nSigned: true\nSignature: Microsoft Windows\nSignatureStatus: Valid",
  "provider_guid": "{5770385F-C22A-43E0-BF4C-06F5698FFBD9}",
  "thread_id": 19220
}
{
  "@timestamp": "2018-03-05T07:32:40.789Z",
  "@metadata": {
    "beat": "winlogbeat",
    "type": "doc",
    "version": "6.2.2"
  },
  "source_name": "Microsoft-Windows-Sysmon",
  "version": 3,
  "log_name": "Microsoft-Windows-Sysmon/Operational",
  "message": "Image loaded:\nUtcTime: 2018-03-05 07:32:40.787\nProcessGuid: {A376A8F6-F298-5A9C-0000-00104DED8803}\nProcessId: 4084\nImage: C:\\Program Files\\Mozilla Firefox\\firefox.exe\nImageLoaded: C:\\Windows\\System32\\wintrust.dll\nFileVersion: 10.0.16299.248 (WinBuild.160101.0800)\nDescription: Microsoft Trust Verification APIs\nProduct: Microsoft® Windows® Operating System\nCompany: Microsoft Corporation\nHashes: MD5=886A6B330799D6D9BC2C7DE514163A3B,SHA256=125332DCC9460392DA36B1859E8E68A3C49B25D50BBD4EFFFF2CB5D550C550B9\nSigned: true\nSignature: Microsoft Windows\nSignatureStatus: Valid",
  "event_id": 7,
  "process_id": 8608,
  "event_data": {
    "UtcTime": "2018-03-05 07:32:40.787",
    "ImageLoaded": "C:\\Windows\\System32\\wintrust.dll",
    "Hashes": "MD5=886A6B330799D6D9BC2C7DE514163A3B,SHA256=125332DCC9460392DA36B1859E8E68A3C49B25D50BBD4EFFFF2CB5D550C550B9",
    "Product": "Microsoft® Windows® Operating System",
    "Signature": "Microsoft Windows",
    "Signed": "true",
    "Description": "Microsoft Trust Verification APIs",
    "ProcessId": "4084",
    "SignatureStatus": "Valid",
    "FileVersion": "10.0.16299.248 (WinBuild.160101.0800)",
    "ProcessGuid": "{A376A8F6-F298-5A9C-0000-00104DED8803}",
    "Image": "C:\\Program Files\\Mozilla Firefox\\firefox.exe",
    "Company": "Microsoft Corporation"
  },
  "opcode": "정보",
  "computer_name": "DESKTOP-WJANG",
  "task": "Image loaded (rule: ImageLoad)",
  "user": {
    "identifier": "S-1-5-18",
    "name": "SYSTEM",
    "domain": "NT AUTHORITY",
    "type": "Well Known Group"
  },
  "beat": {
    "name": "DESKTOP-WJANG",
    "hostname": "DESKTOP-WJANG",
    "version": "6.2.2"
  },
  "level": "정보",
  "record_number": "767",
  "thread_id": 19220,
  "provider_guid": "{5770385F-C22A-43E0-BF4C-06F5698FFBD9}",
  "type": "wineventlog"
}
