{
  "@timestamp": "2018-03-05T07:24:50.114Z",
  "@metadata": {
    "beat": "winlogbeat",
    "type": "doc",
    "version": "6.2.2"
  },
  "process_id": 8608,
  "thread_id": 23856,
  "log_name": "Microsoft-Windows-Sysmon/Operational",
  "event_data": {
    "DestinationIp": "14.49.41.23",
    "DestinationPort": "443",
    "Protocol": "tcp",
    "SourceIsIpv6": "false",
    "SourceHostname": "DESKTOP-WJANG",
    "ProcessGuid": "{A376A8F6-ECE0-5A9C-0000-0010E2F82800}",
    "User": "DESKTOP-WJANG\\wook8170",
    "SourceIp": "192.168.198.67",
    "Initiated": "true",
    "UtcTime": "2018-03-05 07:24:48.682",
    "SourcePort": "2282",
    "ProcessId": "19724",
    "Image": "C:\\Program Files (x86)\\Send Anywhere\\Send Anywhere.exe",
    "DestinationIsIpv6": "false",
    "DestinationPortName": "https"
  },
  "level": "정보",
  "computer_name": "DESKTOP-WJANG",
  "type": "wineventlog",
  "beat": {
    "name": "DESKTOP-WJANG",
    "hostname": "DESKTOP-WJANG",
    "version": "6.2.2"
  },
  "provider_guid": "{5770385F-C22A-43E0-BF4C-06F5698FFBD9}",
  "user": {
    "identifier": "S-1-5-18",
    "name": "SYSTEM",
    "domain": "NT AUTHORITY",
    "type": "Well Known Group"
  },
  "event_id": 3,
  "opcode": "정보",
  "source_name": "Microsoft-Windows-Sysmon",
  "record_number": "104",
  "task": "Network connection detected (rule: NetworkConnect)",
  "message": "Network connection detected:\nUtcTime: 2018-03-05 07:24:48.682\nProcessGuid: {A376A8F6-ECE0-5A9C-0000-0010E2F82800}\nProcessId: 19724\nImage: C:\\Program Files (x86)\\Send Anywhere\\Send Anywhere.exe\nUser: DESKTOP-WJANG\\wook8170\nProtocol: tcp\nInitiated: true\nSourceIsIpv6: false\nSourceIp: 192.168.198.67\nSourceHostname: DESKTOP-WJANG\nSourcePort: 2282\nSourcePortName: \nDestinationIsIpv6: false\nDestinationIp: 14.49.41.23\nDestinationHostname: \nDestinationPort: 443\nDestinationPortName: https",
  "version": 5
}
{
  "@timestamp": "2018-03-05T07:24:50.114Z",
  "@metadata": {
    "beat": "winlogbeat",
    "type": "doc",
    "version": "6.2.2"
  },
  "opcode": "정보",
  "log_name": "Microsoft-Windows-Sysmon/Operational",
  "thread_id": 23856,
  "beat": {
    "version": "6.2.2",
    "name": "DESKTOP-WJANG",
    "hostname": "DESKTOP-WJANG"
  },
  "event_data": {
    "SourceHostname": "DESKTOP-WJANG",
    "Protocol": "tcp",
    "Image": "C:\\Program Files (x86)\\Send Anywhere\\Send Anywhere.exe",
    "SourceIp": "192.168.198.67",
    "User": "DESKTOP-WJANG\\wook8170",
    "Initiated": "true",
    "DestinationPortName": "https",
    "SourceIsIpv6": "false",
    "DestinationIp": "14.49.41.23",
    "DestinationIsIpv6": "false",
    "ProcessGuid": "{A376A8F6-ECE0-5A9C-0000-0010E2F82800}",
    "UtcTime": "2018-03-05 07:24:48.683",
    "SourcePort": "2281",
    "ProcessId": "19724",
    "DestinationPort": "443"
  },
  "level": "정보",
  "process_id": 8608,
  "user": {
    "identifier": "S-1-5-18",
    "name": "SYSTEM",
    "domain": "NT AUTHORITY",
    "type": "Well Known Group"
  },
  "computer_name": "DESKTOP-WJANG",
  "record_number": "105",
  "task": "Network connection detected (rule: NetworkConnect)",
  "version": 5,
  "source_name": "Microsoft-Windows-Sysmon",
  "provider_guid": "{5770385F-C22A-43E0-BF4C-06F5698FFBD9}",
  "type": "wineventlog",
  "event_id": 3,
  "message": "Network connection detected:\nUtcTime: 2018-03-05 07:24:48.683\nProcessGuid: {A376A8F6-ECE0-5A9C-0000-0010E2F82800}\nProcessId: 19724\nImage: C:\\Program Files (x86)\\Send Anywhere\\Send Anywhere.exe\nUser: DESKTOP-WJANG\\wook8170\nProtocol: tcp\nInitiated: true\nSourceIsIpv6: false\nSourceIp: 192.168.198.67\nSourceHostname: DESKTOP-WJANG\nSourcePort: 2281\nSourcePortName: \nDestinationIsIpv6: false\nDestinationIp: 14.49.41.23\nDestinationHostname: \nDestinationPort: 443\nDestinationPortName: https"
}
{
  "@timestamp": "2018-03-05T07:24:56.370Z",
  "@metadata": {
    "beat": "winlogbeat",
    "type": "doc",
    "version": "6.2.2"
  },
  "level": "정보",
  "process_id": 8608,
  "record_number": "106",
  "provider_guid": "{5770385F-C22A-43E0-BF4C-06F5698FFBD9}",
  "type": "wineventlog",
  "computer_name": "DESKTOP-WJANG",
  "log_name": "Microsoft-Windows-Sysmon/Operational",
  "event_id": 3,
  "opcode": "정보",
  "message": "Network connection detected:\nUtcTime: 2018-03-05 07:24:55.239\nProcessGuid: {A376A8F6-ECC2-5A9C-0000-0010E1111D00}\nProcessId: 17568\nImage: C:\\Program Files\\Mozilla Firefox\\firefox.exe\nUser: DESKTOP-WJANG\\wook8170\nProtocol: tcp\nInitiated: true\nSourceIsIpv6: false\nSourceIp: 192.168.198.67\nSourceHostname: DESKTOP-WJANG\nSourcePort: 2283\nSourcePortName: \nDestinationIsIpv6: false\nDestinationIp: 183.110.194.237\nDestinationHostname: \nDestinationPort: 443\nDestinationPortName: https",
  "thread_id": 23856,
  "version": 5,
  "event_data": {
    "Image": "C:\\Program Files\\Mozilla Firefox\\firefox.exe",
    "SourceIp": "192.168.198.67",
    "ProcessId": "17568",
    "SourceIsIpv6": "false",
    "Protocol": "tcp",
    "UtcTime": "2018-03-05 07:24:55.239",
    "DestinationIp": "183.110.194.237",
    "ProcessGuid": "{A376A8F6-ECC2-5A9C-0000-0010E1111D00}",
    "DestinationIsIpv6": "false",
    "SourcePort": "2283",
    "User": "DESKTOP-WJANG\\wook8170",
    "Initiated": "true",
    "SourceHostname": "DESKTOP-WJANG",
    "DestinationPort": "443",
    "DestinationPortName": "https"
  },
  "beat": {
    "name": "DESKTOP-WJANG",
    "hostname": "DESKTOP-WJANG",
    "version": "6.2.2"
  },
  "source_name": "Microsoft-Windows-Sysmon",
  "task": "Network connection detected (rule: NetworkConnect)",
  "user": {
    "identifier": "S-1-5-18",
    "name": "SYSTEM",
    "domain": "NT AUTHORITY",
    "type": "Well Known Group"
  }
}
{
  "@timestamp": "2018-03-05T07:24:56.370Z",
  "@metadata": {
    "beat": "winlogbeat",
    "type": "doc",
    "version": "6.2.2"
  },
  "record_number": "107",
  "computer_name": "DESKTOP-WJANG",
  "level": "정보",
  "log_name": "Microsoft-Windows-Sysmon/Operational",
  "process_id": 8608,
  "opcode": "정보",
  "source_name": "Microsoft-Windows-Sysmon",
  "type": "wineventlog",
  "user": {
    "identifier": "S-1-5-18",
    "name": "SYSTEM",
    "domain": "NT AUTHORITY",
    "type": "Well Known Group"
  },
  "message": "Network connection detected:\nUtcTime: 2018-03-05 07:24:55.240\nProcessGuid: {A376A8F6-ECC2-5A9C-0000-0010E1111D00}\nProcessId: 17568\nImage: C:\\Program Files\\Mozilla Firefox\\firefox.exe\nUser: DESKTOP-WJANG\\wook8170\nProtocol: tcp\nInitiated: true\nSourceIsIpv6: false\nSourceIp: 192.168.198.67\nSourceHostname: DESKTOP-WJANG\nSourcePort: 2285\nSourcePortName: \nDestinationIsIpv6: false\nDestinationIp: 183.110.194.237\nDestinationHostname: \nDestinationPort: 443\nDestinationPortName: https",
  "task": "Network connection detected (rule: NetworkConnect)",
  "thread_id": 23856,
  "beat": {
    "name": "DESKTOP-WJANG",
    "hostname": "DESKTOP-WJANG",
    "version": "6.2.2"
  },
  "event_data": {
    "SourceHostname": "DESKTOP-WJANG",
    "Protocol": "tcp",
    "Image": "C:\\Program Files\\Mozilla Firefox\\firefox.exe",
    "DestinationIsIpv6": "false",
    "DestinationIp": "183.110.194.237",
    "SourcePort": "2285",
    "SourceIp": "192.168.198.67",
    "DestinationPort": "443",
    "User": "DESKTOP-WJANG\\wook8170",
    "Initiated": "true",
    "ProcessGuid": "{A376A8F6-ECC2-5A9C-0000-0010E1111D00}",
    "ProcessId": "17568",
    "DestinationPortName": "https",
    "SourceIsIpv6": "false",
    "UtcTime": "2018-03-05 07:24:55.240"
  },
  "event_id": 3,
  "provider_guid": "{5770385F-C22A-43E0-BF4C-06F5698FFBD9}",
  "version": 5
}
{
  "@timestamp": "2018-03-05T07:24:56.370Z",
  "@metadata": {
    "beat": "winlogbeat",
    "type": "doc",
    "version": "6.2.2"
  },
  "event_id": 3,
  "message": "Network connection detected:\nUtcTime: 2018-03-05 07:24:55.240\nProcessGuid: {A376A8F6-ECC2-5A9C-0000-0010E1111D00}\nProcessId: 17568\nImage: C:\\Program Files\\Mozilla Firefox\\firefox.exe\nUser: DESKTOP-WJANG\\wook8170\nProtocol: tcp\nInitiated: true\nSourceIsIpv6: false\nSourceIp: 192.168.198.67\nSourceHostname: DESKTOP-WJANG\nSourcePort: 2284\nSourcePortName: \nDestinationIsIpv6: false\nDestinationIp: 183.110.194.237\nDestinationHostname: \nDestinationPort: 443\nDestinationPortName: https",
  "provider_guid": "{5770385F-C22A-43E0-BF4C-06F5698FFBD9}",
  "level": "정보",
  "type": "wineventlog",
  "source_name": "Microsoft-Windows-Sysmon",
  "thread_id": 23856,
  "process_id": 8608,
  "user": {
    "identifier": "S-1-5-18",
    "name": "SYSTEM",
    "domain": "NT AUTHORITY",
    "type": "Well Known Group"
  },
  "version": 5,
  "log_name": "Microsoft-Windows-Sysmon/Operational",
  "opcode": "정보",
  "record_number": "108",
  "beat": {
    "name": "DESKTOP-WJANG",
    "hostname": "DESKTOP-WJANG",
    "version": "6.2.2"
  },
  "computer_name": "DESKTOP-WJANG",
  "event_data": {
    "User": "DESKTOP-WJANG\\wook8170",
    "SourceHostname": "DESKTOP-WJANG",
    "SourcePort": "2284",
    "Initiated": "true",
    "DestinationIsIpv6": "false",
    "Image": "C:\\Program Files\\Mozilla Firefox\\firefox.exe",
    "SourceIp": "192.168.198.67",
    "DestinationPortName": "https",
    "Protocol": "tcp",
    "DestinationPort": "443",
    "ProcessGuid": "{A376A8F6-ECC2-5A9C-0000-0010E1111D00}",
    "SourceIsIpv6": "false",
    "DestinationIp": "183.110.194.237",
    "ProcessId": "17568",
    "UtcTime": "2018-03-05 07:24:55.240"
  },
  "task": "Network connection detected (rule: NetworkConnect)"
}
{
  "@timestamp": "2018-03-05T07:24:56.370Z",
  "@metadata": {
    "beat": "winlogbeat",
    "type": "doc",
    "version": "6.2.2"
  },
  "opcode": "정보",
  "log_name": "Microsoft-Windows-Sysmon/Operational",
  "source_name": "Microsoft-Windows-Sysmon",
  "beat": {
    "hostname": "DESKTOP-WJANG",
    "version": "6.2.2",
    "name": "DESKTOP-WJANG"
  },
  "provider_guid": "{5770385F-C22A-43E0-BF4C-06F5698FFBD9}",
  "event_data": {
    "Protocol": "tcp",
    "ProcessGuid": "{A376A8F6-ECC2-5A9C-0000-0010E1111D00}",
    "ProcessId": "17568",
    "DestinationPort": "443",
    "SourceIp": "192.168.198.67",
    "SourceIsIpv6": "false",
    "SourceHostname": "DESKTOP-WJANG",
    "Initiated": "true",
    "DestinationIsIpv6": "false",
    "DestinationPortName": "https",
    "DestinationIp": "183.110.194.237",
    "User": "DESKTOP-WJANG\\wook8170",
    "UtcTime": "2018-03-05 07:24:55.240",
    "SourcePort": "2286",
    "Image": "C:\\Program Files\\Mozilla Firefox\\firefox.exe"
  },
  "record_number": "109",
  "event_id": 3,
  "message": "Network connection detected:\nUtcTime: 2018-03-05 07:24:55.240\nProcessGuid: {A376A8F6-ECC2-5A9C-0000-0010E1111D00}\nProcessId: 17568\nImage: C:\\Program Files\\Mozilla Firefox\\firefox.exe\nUser: DESKTOP-WJANG\\wook8170\nProtocol: tcp\nInitiated: true\nSourceIsIpv6: false\nSourceIp: 192.168.198.67\nSourceHostname: DESKTOP-WJANG\nSourcePort: 2286\nSourcePortName: \nDestinationIsIpv6: false\nDestinationIp: 183.110.194.237\nDestinationHostname: \nDestinationPort: 443\nDestinationPortName: https",
  "thread_id": 23856,
  "level": "정보",
  "user": {
    "domain": "NT AUTHORITY",
    "type": "Well Known Group",
    "identifier": "S-1-5-18",
    "name": "SYSTEM"
  },
  "process_id": 8608,
  "computer_name": "DESKTOP-WJANG",
  "type": "wineventlog",
  "task": "Network connection detected (rule: NetworkConnect)",
  "version": 5
}
{
  "@timestamp": "2018-03-05T07:24:56.370Z",
  "@metadata": {
    "beat": "winlogbeat",
    "type": "doc",
    "version": "6.2.2"
  },
  "source_name": "Microsoft-Windows-Sysmon",
  "beat": {
    "name": "DESKTOP-WJANG",
    "hostname": "DESKTOP-WJANG",
    "version": "6.2.2"
  },
  "type": "wineventlog",
  "log_name": "Microsoft-Windows-Sysmon/Operational",
  "record_number": "110",
  "event_id": 3,
  "event_data": {
    "Protocol": "tcp",
    "DestinationPortName": "https",
    "DestinationIsIpv6": "false",
    "SourceIp": "192.168.198.67",
    "Initiated": "true",
    "SourcePort": "2288",
    "DestinationIp": "183.110.194.237",
    "DestinationPort": "443",
    "UtcTime": "2018-03-05 07:24:55.240",
    "SourceHostname": "DESKTOP-WJANG",
    "ProcessId": "17568",
    "SourceIsIpv6": "false",
    "ProcessGuid": "{A376A8F6-ECC2-5A9C-0000-0010E1111D00}",
    "User": "DESKTOP-WJANG\\wook8170",
    "Image": "C:\\Program Files\\Mozilla Firefox\\firefox.exe"
  },
  "provider_guid": "{5770385F-C22A-43E0-BF4C-06F5698FFBD9}",
  "computer_name": "DESKTOP-WJANG",
  "version": 5,
  "level": "정보",
  "task": "Network connection detected (rule: NetworkConnect)",
  "process_id": 8608,
  "opcode": "정보",
  "thread_id": 23856,
  "user": {
    "identifier": "S-1-5-18",
    "name": "SYSTEM",
    "domain": "NT AUTHORITY",
    "type": "Well Known Group"
  },
  "message": "Network connection detected:\nUtcTime: 2018-03-05 07:24:55.240\nProcessGuid: {A376A8F6-ECC2-5A9C-0000-0010E1111D00}\nProcessId: 17568\nImage: C:\\Program Files\\Mozilla Firefox\\firefox.exe\nUser: DESKTOP-WJANG\\wook8170\nProtocol: tcp\nInitiated: true\nSourceIsIpv6: false\nSourceIp: 192.168.198.67\nSourceHostname: DESKTOP-WJANG\nSourcePort: 2288\nSourcePortName: \nDestinationIsIpv6: false\nDestinationIp: 183.110.194.237\nDestinationHostname: \nDestinationPort: 443\nDestinationPortName: https"
}
{
  "@timestamp": "2018-03-05T07:24:56.370Z",
  "@metadata": {
    "beat": "winlogbeat",
    "type": "doc",
    "version": "6.2.2"
  },
  "type": "wineventlog",
  "computer_name": "DESKTOP-WJANG",
  "version": 5,
  "beat": {
    "hostname": "DESKTOP-WJANG",
    "version": "6.2.2",
    "name": "DESKTOP-WJANG"
  },
  "event_data": {
    "SourceIsIpv6": "false",
    "DestinationIp": "183.110.194.237",
    "DestinationPort": "443",
    "DestinationIsIpv6": "false",
    "Image": "C:\\Program Files\\Mozilla Firefox\\firefox.exe",
    "SourceIp": "192.168.198.67",
    "ProcessGuid": "{A376A8F6-ECC2-5A9C-0000-0010E1111D00}",
    "SourceHostname": "DESKTOP-WJANG",
    "Protocol": "tcp",
    "User": "DESKTOP-WJANG\\wook8170",
    "SourcePort": "2287",
    "Initiated": "true",
    "UtcTime": "2018-03-05 07:24:55.241",
    "DestinationPortName": "https",
    "ProcessId": "17568"
  },
  "log_name": "Microsoft-Windows-Sysmon/Operational",
  "message": "Network connection detected:\nUtcTime: 2018-03-05 07:24:55.241\nProcessGuid: {A376A8F6-ECC2-5A9C-0000-0010E1111D00}\nProcessId: 17568\nImage: C:\\Program Files\\Mozilla Firefox\\firefox.exe\nUser: DESKTOP-WJANG\\wook8170\nProtocol: tcp\nInitiated: true\nSourceIsIpv6: false\nSourceIp: 192.168.198.67\nSourceHostname: DESKTOP-WJANG\nSourcePort: 2287\nSourcePortName: \nDestinationIsIpv6: false\nDestinationIp: 183.110.194.237\nDestinationHostname: \nDestinationPort: 443\nDestinationPortName: https",
  "opcode": "정보",
  "event_id": 3,
  "record_number": "111",
  "thread_id": 23856,
  "task": "Network connection detected (rule: NetworkConnect)",
  "process_id": 8608,
  "level": "정보",
  "provider_guid": "{5770385F-C22A-43E0-BF4C-06F5698FFBD9}",
  "user": {
    "type": "Well Known Group",
    "identifier": "S-1-5-18",
    "name": "SYSTEM",
    "domain": "NT AUTHORITY"
  },
  "source_name": "Microsoft-Windows-Sysmon"
}
{
  "@timestamp": "2018-03-05T07:25:08.138Z",
  "@metadata": {
    "beat": "winlogbeat",
    "type": "doc",
    "version": "6.2.2"
  },
  "user": {
    "type": "Well Known Group",
    "identifier": "S-1-5-18",
    "name": "SYSTEM",
    "domain": "NT AUTHORITY"
  },
  "event_id": 3,
  "event_data": {
    "Image": "C:\\Program Files\\Mozilla Firefox\\firefox.exe",
    "SourceIp": "192.168.198.67",
    "ProcessGuid": "{A376A8F6-ECC2-5A9C-0000-0010E1111D00}",
    "User": "DESKTOP-WJANG\\wook8170",
    "Initiated": "true",
    "DestinationIp": "216.58.200.10",
    "SourceHostname": "DESKTOP-WJANG",
    "DestinationIsIpv6": "false",
    "SourcePort": "2290",
    "DestinationPortName": "https",
    "DestinationPort": "443",
    "UtcTime": "2018-03-05 07:25:06.498",
    "SourceIsIpv6": "false",
    "Protocol": "tcp",
    "ProcessId": "17568"
  },
  "version": 5,
  "process_id": 8608,
  "message": "Network connection detected:\nUtcTime: 2018-03-05 07:25:06.498\nProcessGuid: {A376A8F6-ECC2-5A9C-0000-0010E1111D00}\nProcessId: 17568\nImage: C:\\Program Files\\Mozilla Firefox\\firefox.exe\nUser: DESKTOP-WJANG\\wook8170\nProtocol: tcp\nInitiated: true\nSourceIsIpv6: false\nSourceIp: 192.168.198.67\nSourceHostname: DESKTOP-WJANG\nSourcePort: 2290\nSourcePortName: \nDestinationIsIpv6: false\nDestinationIp: 216.58.200.10\nDestinationHostname: \nDestinationPort: 443\nDestinationPortName: https",
  "source_name": "Microsoft-Windows-Sysmon",
  "provider_guid": "{5770385F-C22A-43E0-BF4C-06F5698FFBD9}",
  "beat": {
    "version": "6.2.2",
    "name": "DESKTOP-WJANG",
    "hostname": "DESKTOP-WJANG"
  },
  "record_number": "112",
  "level": "정보",
  "task": "Network connection detected (rule: NetworkConnect)",
  "type": "wineventlog",
  "computer_name": "DESKTOP-WJANG",
  "thread_id": 23856,
  "opcode": "정보",
  "log_name": "Microsoft-Windows-Sysmon/Operational"
}
{
  "@timestamp": "2018-03-05T07:25:28.693Z",
  "@metadata": {
    "beat": "winlogbeat",
    "type": "doc",
    "version": "6.2.2"
  },
  "process_id": 8608,
  "event_data": {
    "ProcessGuid": "{A376A8F6-ECA3-5A9C-0000-00106FF70200}",
    "ProcessId": "4984",
    "Image": "C:\\Program Files\\AhnLab\\Safe Transaction\\ASDSvc.exe",
    "TargetObject": "HKLM\\SOFTWARE\\Microsoft\\Windows\\CurrentVersion\\Run\\AhnLab Safe Transaction Application",
    "Details": "\"C:\\Program Files\\AhnLab\\Safe Transaction\\stsess.exe\" /tray",
    "EventType": "SetValue",
    "UtcTime": "2018-03-05 07:25:28.692"
  },
  "type": "wineventlog",
  "beat": {
    "hostname": "DESKTOP-WJANG",
    "version": "6.2.2",
    "name": "DESKTOP-WJANG"
  },
  "level": "정보",
  "log_name": "Microsoft-Windows-Sysmon/Operational",
  "version": 2,
  "source_name": "Microsoft-Windows-Sysmon",
  "provider_guid": "{5770385F-C22A-43E0-BF4C-06F5698FFBD9}",
  "message": "Registry value set:\nEventType: SetValue\nUtcTime: 2018-03-05 07:25:28.692\nProcessGuid: {A376A8F6-ECA3-5A9C-0000-00106FF70200}\nProcessId: 4984\nImage: C:\\Program Files\\AhnLab\\Safe Transaction\\ASDSvc.exe\nTargetObject: HKLM\\SOFTWARE\\Microsoft\\Windows\\CurrentVersion\\Run\\AhnLab Safe Transaction Application\nDetails: \"C:\\Program Files\\AhnLab\\Safe Transaction\\stsess.exe\" /tray",
  "computer_name": "DESKTOP-WJANG",
  "record_number": "113",
  "thread_id": 19220,
  "user": {
    "identifier": "S-1-5-18",
    "name": "SYSTEM",
    "domain": "NT AUTHORITY",
    "type": "Well Known Group"
  },
  "task": "Registry value set (rule: RegistryEvent)",
  "event_id": 13,
  "opcode": "정보"
}
{
  "@timestamp": "2018-03-05T07:25:49.198Z",
  "@metadata": {
    "beat": "winlogbeat",
    "type": "doc",
    "version": "6.2.2"
  },
  "computer_name": "DESKTOP-WJANG",
  "event_id": 3,
  "opcode": "정보",
  "thread_id": 23856,
  "user": {
    "type": "Well Known Group",
    "identifier": "S-1-5-18",
    "name": "SYSTEM",
    "domain": "NT AUTHORITY"
  },
  "log_name": "Microsoft-Windows-Sysmon/Operational",
  "process_id": 8608,
  "level": "정보",
  "message": "Network connection detected:\nUtcTime: 2018-03-05 07:25:47.477\nProcessGuid: {A376A8F6-ECA3-5A9C-0000-0010B2050300}\nProcessId: 5328\nImage: C:\\Program Files (x86)\\Kaspersky Lab\\Kaspersky Free 18.0.0\\avp.exe\nUser: NT AUTHORITY\\SYSTEM\nProtocol: tcp\nInitiated: true\nSourceIsIpv6: false\nSourceIp: 192.168.198.67\nSourceHostname: DESKTOP-WJANG\nSourcePort: 2293\nSourcePortName: \nDestinationIsIpv6: false\nDestinationIp: 62.128.100.223\nDestinationHostname: \nDestinationPort: 443\nDestinationPortName: https",
  "type": "wineventlog",
  "provider_guid": "{5770385F-C22A-43E0-BF4C-06F5698FFBD9}",
  "record_number": "114",
  "beat": {
    "name": "DESKTOP-WJANG",
    "hostname": "DESKTOP-WJANG",
    "version": "6.2.2"
  },
  "event_data": {
    "SourceIp": "192.168.198.67",
    "SourcePort": "2293",
    "Protocol": "tcp",
    "User": "NT AUTHORITY\\SYSTEM",
    "DestinationIp": "62.128.100.223",
    "ProcessGuid": "{A376A8F6-ECA3-5A9C-0000-0010B2050300}",
    "SourceHostname": "DESKTOP-WJANG",
    "DestinationPortName": "https",
    "Initiated": "true",
    "SourceIsIpv6": "false",
    "Image": "C:\\Program Files (x86)\\Kaspersky Lab\\Kaspersky Free 18.0.0\\avp.exe",
    "DestinationPort": "443",
    "ProcessId": "5328",
    "DestinationIsIpv6": "false",
    "UtcTime": "2018-03-05 07:25:47.477"
  },
  "task": "Network connection detected (rule: NetworkConnect)",
  "version": 5,
  "source_name": "Microsoft-Windows-Sysmon"
}
{
  "@timestamp": "2018-03-05T07:25:49.972Z",
  "@metadata": {
    "beat": "winlogbeat",
    "type": "doc",
    "version": "6.2.2"
  },
  "message": "File creation time changed:\nUtcTime: 2018-03-05 07:25:49.971\nProcessGuid: {A376A8F6-ECC2-5A9C-0000-0010E1111D00}\nProcessId: 17568\nImage: C:\\Program Files\\Mozilla Firefox\\firefox.exe\nTargetFilename: C:\\Users\\wook8170\\AppData\\Roaming\\Microsoft\\Windows\\Recent\\CustomDestinations\\JIMMG587JA65SLJ1SYZD.temp\nCreationUtcTime: 2017-04-24 03:51:05.300\nPreviousCreationUtcTime: 2018-03-05 07:25:49.952",
  "source_name": "Microsoft-Windows-Sysmon",
  "version": 4,
  "user": {
    "type": "Well Known Group",
    "identifier": "S-1-5-18",
    "name": "SYSTEM",
    "domain": "NT AUTHORITY"
  },
  "record_number": "115",
  "beat": {
    "version": "6.2.2",
    "name": "DESKTOP-WJANG",
    "hostname": "DESKTOP-WJANG"
  },
  "process_id": 8608,
  "log_name": "Microsoft-Windows-Sysmon/Operational",
  "event_data": {
    "ProcessId": "17568",
    "Image": "C:\\Program Files\\Mozilla Firefox\\firefox.exe",
    "TargetFilename": "C:\\Users\\wook8170\\AppData\\Roaming\\Microsoft\\Windows\\Recent\\CustomDestinations\\JIMMG587JA65SLJ1SYZD.temp",
    "CreationUtcTime": "2017-04-24 03:51:05.300",
    "PreviousCreationUtcTime": "2018-03-05 07:25:49.952",
    "UtcTime": "2018-03-05 07:25:49.971",
    "ProcessGuid": "{A376A8F6-ECC2-5A9C-0000-0010E1111D00}"
  },
  "level": "정보",
  "opcode": "정보",
  "event_id": 2,
  "computer_name": "DESKTOP-WJANG",
  "task": "File creation time changed (rule: FileCreateTime)",
  "provider_guid": "{5770385F-C22A-43E0-BF4C-06F5698FFBD9}",
  "thread_id": 19220,
  "type": "wineventlog"
}
{
  "@timestamp": "2018-03-05T07:26:01.718Z",
  "@metadata": {
    "beat": "winlogbeat",
    "type": "doc",
    "version": "6.2.2"
  },
  "level": "정보",
  "source_name": "Microsoft-Windows-Sysmon",
  "task": "Network connection detected (rule: NetworkConnect)",
  "beat": {
    "name": "DESKTOP-WJANG",
    "hostname": "DESKTOP-WJANG",
    "version": "6.2.2"
  },
  "opcode": "정보",
  "event_data": {
    "DestinationIsIpv6": "false",
    "SourceIsIpv6": "false",
    "SourcePort": "2294",
    "Initiated": "true",
    "User": "DESKTOP-WJANG\\wook8170",
    "DestinationIp": "14.49.41.23",
    "UtcTime": "2018-03-05 07:26:00.687",
    "SourceIp": "192.168.198.67",
    "ProcessGuid": "{A376A8F6-ECE0-5A9C-0000-0010E2F82800}",
    "ProcessId": "19724",
    "Image": "C:\\Program Files (x86)\\Send Anywhere\\Send Anywhere.exe",
    "DestinationPortName": "https",
    "Protocol": "tcp",
    "SourceHostname": "DESKTOP-WJANG",
    "DestinationPort": "443"
  },
  "thread_id": 23856,
  "type": "wineventlog",
  "record_number": "116",
  "user": {
    "name": "SYSTEM",
    "domain": "NT AUTHORITY",
    "type": "Well Known Group",
    "identifier": "S-1-5-18"
  },
  "log_name": "Microsoft-Windows-Sysmon/Operational",
  "version": 5,
  "provider_guid": "{5770385F-C22A-43E0-BF4C-06F5698FFBD9}",
  "message": "Network connection detected:\nUtcTime: 2018-03-05 07:26:00.687\nProcessGuid: {A376A8F6-ECE0-5A9C-0000-0010E2F82800}\nProcessId: 19724\nImage: C:\\Program Files (x86)\\Send Anywhere\\Send Anywhere.exe\nUser: DESKTOP-WJANG\\wook8170\nProtocol: tcp\nInitiated: true\nSourceIsIpv6: false\nSourceIp: 192.168.198.67\nSourceHostname: DESKTOP-WJANG\nSourcePort: 2294\nSourcePortName: \nDestinationIsIpv6: false\nDestinationIp: 14.49.41.23\nDestinationHostname: \nDestinationPort: 443\nDestinationPortName: https",
  "process_id": 8608,
  "event_id": 3,
  "computer_name": "DESKTOP-WJANG"
}
{
  "@timestamp": "2018-03-05T07:26:01.718Z",
  "@metadata": {
    "beat": "winlogbeat",
    "type": "doc",
    "version": "6.2.2"
  },
  "type": "wineventlog",
  "event_id": 3,
  "opcode": "정보",
  "source_name": "Microsoft-Windows-Sysmon",
  "record_number": "117",
  "process_id": 8608,
  "thread_id": 23856,
  "version": 5,
  "task": "Network connection detected (rule: NetworkConnect)",
  "beat": {
    "name": "DESKTOP-WJANG",
    "hostname": "DESKTOP-WJANG",
    "version": "6.2.2"
  },
  "log_name": "Microsoft-Windows-Sysmon/Operational",
  "event_data": {
    "Image": "C:\\Program Files (x86)\\Send Anywhere\\Send Anywhere.exe",
    "DestinationIsIpv6": "false",
    "User": "DESKTOP-WJANG\\wook8170",
    "SourceHostname": "DESKTOP-WJANG",
    "SourcePort": "2295",
    "SourceIsIpv6": "false",
    "SourceIp": "192.168.198.67",
    "DestinationPortName": "https",
    "DestinationIp": "14.49.41.23",
    "ProcessGuid": "{A376A8F6-ECE0-5A9C-0000-0010E2F82800}",
    "ProcessId": "19724",
    "Protocol": "tcp",
    "DestinationPort": "443",
    "Initiated": "true",
    "UtcTime": "2018-03-05 07:26:00.688"
  },
  "message": "Network connection detected:\nUtcTime: 2018-03-05 07:26:00.688\nProcessGuid: {A376A8F6-ECE0-5A9C-0000-0010E2F82800}\nProcessId: 19724\nImage: C:\\Program Files (x86)\\Send Anywhere\\Send Anywhere.exe\nUser: DESKTOP-WJANG\\wook8170\nProtocol: tcp\nInitiated: true\nSourceIsIpv6: false\nSourceIp: 192.168.198.67\nSourceHostname: DESKTOP-WJANG\nSourcePort: 2295\nSourcePortName: \nDestinationIsIpv6: false\nDestinationIp: 14.49.41.23\nDestinationHostname: \nDestinationPort: 443\nDestinationPortName: https",
  "user": {
    "domain": "NT AUTHORITY",
    "type": "Well Known Group",
    "identifier": "S-1-5-18",
    "name": "SYSTEM"
  },
  "computer_name": "DESKTOP-WJANG",
  "level": "정보",
  "provider_guid": "{5770385F-C22A-43E0-BF4C-06F5698FFBD9}"
}
{
  "@timestamp": "2018-03-05T07:26:02.219Z",
  "@metadata": {
    "beat": "winlogbeat",
    "type": "doc",
    "version": "6.2.2"
  },
  "event_id": 3,
  "task": "Network connection detected (rule: NetworkConnect)",
  "beat": {
    "name": "DESKTOP-WJANG",
    "hostname": "DESKTOP-WJANG",
    "version": "6.2.2"
  },
  "user": {
    "domain": "NT AUTHORITY",
    "type": "Well Known Group",
    "identifier": "S-1-5-18",
    "name": "SYSTEM"
  },
  "thread_id": 23856,
  "event_data": {
    "ProcessGuid": "{A376A8F6-ECC2-5A9C-0000-0010E1111D00}",
    "User": "DESKTOP-WJANG\\wook8170",
    "Protocol": "tcp",
    "SourceIsIpv6": "false",
    "DestinationPort": "443",
    "SourceIp": "192.168.198.67",
    "DestinationPortName": "https",
    "SourceHostname": "DESKTOP-WJANG",
    "DestinationIp": "40.100.54.210",
    "Image": "C:\\Program Files\\Mozilla Firefox\\firefox.exe",
    "Initiated": "true",
    "DestinationIsIpv6": "false",
    "ProcessId": "17568",
    "SourcePort": "2296",
    "UtcTime": "2018-03-05 07:26:00.958"
  },
  "process_id": 8608,
  "type": "wineventlog",
  "source_name": "Microsoft-Windows-Sysmon",
  "provider_guid": "{5770385F-C22A-43E0-BF4C-06F5698FFBD9}",
  "opcode": "정보",
  "log_name": "Microsoft-Windows-Sysmon/Operational",
  "computer_name": "DESKTOP-WJANG",
  "level": "정보",
  "record_number": "118",
  "version": 5,
  "message": "Network connection detected:\nUtcTime: 2018-03-05 07:26:00.958\nProcessGuid: {A376A8F6-ECC2-5A9C-0000-0010E1111D00}\nProcessId: 17568\nImage: C:\\Program Files\\Mozilla Firefox\\firefox.exe\nUser: DESKTOP-WJANG\\wook8170\nProtocol: tcp\nInitiated: true\nSourceIsIpv6: false\nSourceIp: 192.168.198.67\nSourceHostname: DESKTOP-WJANG\nSourcePort: 2296\nSourcePortName: \nDestinationIsIpv6: false\nDestinationIp: 40.100.54.210\nDestinationHostname: \nDestinationPort: 443\nDestinationPortName: https"
}
{
  "@timestamp": "2018-03-05T07:26:02.469Z",
  "@metadata": {
    "beat": "winlogbeat",
    "type": "doc",
    "version": "6.2.2"
  },
  "thread_id": 23856,
  "beat": {
    "name": "DESKTOP-WJANG",
    "hostname": "DESKTOP-WJANG",
    "version": "6.2.2"
  },
  "message": "Network connection detected:\nUtcTime: 2018-03-05 07:26:01.294\nProcessGuid: {A376A8F6-ECC2-5A9C-0000-0010E1111D00}\nProcessId: 17568\nImage: C:\\Program Files\\Mozilla Firefox\\firefox.exe\nUser: DESKTOP-WJANG\\wook8170\nProtocol: tcp\nInitiated: true\nSourceIsIpv6: false\nSourceIp: 192.168.198.67\nSourceHostname: DESKTOP-WJANG\nSourcePort: 2297\nSourcePortName: \nDestinationIsIpv6: false\nDestinationIp: 13.78.94.7\nDestinationHostname: \nDestinationPort: 443\nDestinationPortName: https",
  "user": {
    "type": "Well Known Group",
    "identifier": "S-1-5-18",
    "name": "SYSTEM",
    "domain": "NT AUTHORITY"
  },
  "version": 5,
  "opcode": "정보",
  "record_number": "119",
  "task": "Network connection detected (rule: NetworkConnect)",
  "event_id": 3,
  "provider_guid": "{5770385F-C22A-43E0-BF4C-06F5698FFBD9}",
  "level": "정보",
  "source_name": "Microsoft-Windows-Sysmon",
  "computer_name": "DESKTOP-WJANG",
  "type": "wineventlog",
  "process_id": 8608,
  "event_data": {
    "Protocol": "tcp",
    "ProcessGuid": "{A376A8F6-ECC2-5A9C-0000-0010E1111D00}",
    "DestinationPortName": "https",
    "User": "DESKTOP-WJANG\\wook8170",
    "DestinationIp": "13.78.94.7",
    "SourceIsIpv6": "false",
    "Image": "C:\\Program Files\\Mozilla Firefox\\firefox.exe",
    "UtcTime": "2018-03-05 07:26:01.294",
    "DestinationIsIpv6": "false",
    "SourceIp": "192.168.198.67",
    "DestinationPort": "443",
    "SourcePort": "2297",
    "ProcessId": "17568",
    "SourceHostname": "DESKTOP-WJANG",
    "Initiated": "true"
  },
  "log_name": "Microsoft-Windows-Sysmon/Operational"
}
{
  "@timestamp": "2018-03-05T07:26:50.288Z",
  "@metadata": {
    "beat": "winlogbeat",
    "type": "doc",
    "version": "6.2.2"
  },
  "message": "Network connection detected:\nUtcTime: 2018-03-05 07:26:48.074\nProcessGuid: {A376A8F6-ECA3-5A9C-0000-0010B2050300}\nProcessId: 5328\nImage: C:\\Program Files (x86)\\Kaspersky Lab\\Kaspersky Free 18.0.0\\avp.exe\nUser: NT AUTHORITY\\SYSTEM\nProtocol: tcp\nInitiated: true\nSourceIsIpv6: false\nSourceIp: 192.168.198.67\nSourceHostname: DESKTOP-WJANG\nSourcePort: 2300\nSourcePortName: \nDestinationIsIpv6: false\nDestinationIp: 180.87.4.157\nDestinationHostname: \nDestinationPort: 443\nDestinationPortName: https",
  "log_name": "Microsoft-Windows-Sysmon/Operational",
  "computer_name": "DESKTOP-WJANG",
  "event_id": 3,
  "opcode": "정보",
  "level": "정보",
  "user": {
    "name": "SYSTEM",
    "domain": "NT AUTHORITY",
    "type": "Well Known Group",
    "identifier": "S-1-5-18"
  },
  "type": "wineventlog",
  "source_name": "Microsoft-Windows-Sysmon",
  "thread_id": 23856,
  "process_id": 8608,
  "provider_guid": "{5770385F-C22A-43E0-BF4C-06F5698FFBD9}",
  "task": "Network connection detected (rule: NetworkConnect)",
  "beat": {
    "version": "6.2.2",
    "name": "DESKTOP-WJANG",
    "hostname": "DESKTOP-WJANG"
  },
  "event_data": {
    "ProcessGuid": "{A376A8F6-ECA3-5A9C-0000-0010B2050300}",
    "SourcePort": "2300",
    "UtcTime": "2018-03-05 07:26:48.074",
    "Image": "C:\\Program Files (x86)\\Kaspersky Lab\\Kaspersky Free 18.0.0\\avp.exe",
    "SourceIsIpv6": "false",
    "ProcessId": "5328",
    "SourceIp": "192.168.198.67",
    "Initiated": "true",
    "DestinationIsIpv6": "false",
    "DestinationPort": "443",
    "DestinationIp": "180.87.4.157",
    "DestinationPortName": "https",
    "Protocol": "tcp",
    "User": "NT AUTHORITY\\SYSTEM",
    "SourceHostname": "DESKTOP-WJANG"
  },
  "version": 5,
  "record_number": "120"
}
{
  "@timestamp": "2018-03-05T07:27:02.305Z",
  "@metadata": {
    "beat": "winlogbeat",
    "type": "doc",
    "version": "6.2.2"
  },
  "thread_id": 23856,
  "beat": {
    "hostname": "DESKTOP-WJANG",
    "version": "6.2.2",
    "name": "DESKTOP-WJANG"
  },
  "source_name": "Microsoft-Windows-Sysmon",
  "record_number": "121",
  "event_id": 3,
  "version": 5,
  "computer_name": "DESKTOP-WJANG",
  "type": "wineventlog",
  "level": "정보",
  "task": "Network connection detected (rule: NetworkConnect)",
  "user": {
    "domain": "NT AUTHORITY",
    "type": "Well Known Group",
    "identifier": "S-1-5-18",
    "name": "SYSTEM"
  },
  "log_name": "Microsoft-Windows-Sysmon/Operational",
  "opcode": "정보",
  "event_data": {
    "DestinationPortName": "https",
    "DestinationIsIpv6": "false",
    "ProcessGuid": "{A376A8F6-ECE0-5A9C-0000-0010E2F82800}",
    "User": "DESKTOP-WJANG\\wook8170",
    "Protocol": "tcp",
    "SourceIp": "192.168.198.67",
    "UtcTime": "2018-03-05 07:27:00.678",
    "ProcessId": "19724",
    "SourceIsIpv6": "false",
    "DestinationPort": "443",
    "Image": "C:\\Program Files (x86)\\Send Anywhere\\Send Anywhere.exe",
    "SourcePort": "2302",
    "SourceHostname": "DESKTOP-WJANG",
    "DestinationIp": "14.49.41.23",
    "Initiated": "true"
  },
  "process_id": 8608,
  "provider_guid": "{5770385F-C22A-43E0-BF4C-06F5698FFBD9}",
  "message": "Network connection detected:\nUtcTime: 2018-03-05 07:27:00.678\nProcessGuid: {A376A8F6-ECE0-5A9C-0000-0010E2F82800}\nProcessId: 19724\nImage: C:\\Program Files (x86)\\Send Anywhere\\Send Anywhere.exe\nUser: DESKTOP-WJANG\\wook8170\nProtocol: tcp\nInitiated: true\nSourceIsIpv6: false\nSourceIp: 192.168.198.67\nSourceHostname: DESKTOP-WJANG\nSourcePort: 2302\nSourcePortName: \nDestinationIsIpv6: false\nDestinationIp: 14.49.41.23\nDestinationHostname: \nDestinationPort: 443\nDestinationPortName: https"
}
{
  "@timestamp": "2018-03-05T07:27:02.305Z",
  "@metadata": {
    "beat": "winlogbeat",
    "type": "doc",
    "version": "6.2.2"
  },
  "event_data": {
    "ProcessGuid": "{A376A8F6-ECE0-5A9C-0000-0010E2F82800}",
    "ProcessId": "19724",
    "UtcTime": "2018-03-05 07:27:00.679",
    "SourceIp": "192.168.198.67",
    "SourcePort": "2303",
    "User": "DESKTOP-WJANG\\wook8170",
    "SourceIsIpv6": "false",
    "Initiated": "true",
    "DestinationPort": "443",
    "Protocol": "tcp",
    "DestinationIp": "14.49.41.23",
    "SourceHostname": "DESKTOP-WJANG",
    "Image": "C:\\Program Files (x86)\\Send Anywhere\\Send Anywhere.exe",
    "DestinationIsIpv6": "false",
    "DestinationPortName": "https"
  },
  "record_number": "122",
  "event_id": 3,
  "user": {
    "domain": "NT AUTHORITY",
    "type": "Well Known Group",
    "identifier": "S-1-5-18",
    "name": "SYSTEM"
  },
  "log_name": "Microsoft-Windows-Sysmon/Operational",
  "level": "정보",
  "source_name": "Microsoft-Windows-Sysmon",
  "opcode": "정보",
  "version": 5,
  "beat": {
    "name": "DESKTOP-WJANG",
    "hostname": "DESKTOP-WJANG",
    "version": "6.2.2"
  },
  "thread_id": 23856,
  "task": "Network connection detected (rule: NetworkConnect)",
  "process_id": 8608,
  "type": "wineventlog",
  "provider_guid": "{5770385F-C22A-43E0-BF4C-06F5698FFBD9}",
  "computer_name": "DESKTOP-WJANG",
  "message": "Network connection detected:\nUtcTime: 2018-03-05 07:27:00.679\nProcessGuid: {A376A8F6-ECE0-5A9C-0000-0010E2F82800}\nProcessId: 19724\nImage: C:\\Program Files (x86)\\Send Anywhere\\Send Anywhere.exe\nUser: DESKTOP-WJANG\\wook8170\nProtocol: tcp\nInitiated: true\nSourceIsIpv6: false\nSourceIp: 192.168.198.67\nSourceHostname: DESKTOP-WJANG\nSourcePort: 2303\nSourcePortName: \nDestinationIsIpv6: false\nDestinationIp: 14.49.41.23\nDestinationHostname: \nDestinationPort: 443\nDestinationPortName: https"
}
{
  "@timestamp": "2018-03-05T07:27:07.563Z",
  "@metadata": {
    "beat": "winlogbeat",
    "type": "doc",
    "version": "6.2.2"
  },
  "opcode": "정보",
  "process_id": 8608,
  "event_id": 3,
  "type": "wineventlog",
  "provider_guid": "{5770385F-C22A-43E0-BF4C-06F5698FFBD9}",
  "version": 5,
  "source_name": "Microsoft-Windows-Sysmon",
  "record_number": "123",
  "event_data": {
    "SourceIsIpv6": "false",
    "Initiated": "true",
    "SourceIp": "192.168.198.67",
    "DestinationIsIpv6": "false",
    "DestinationPortName": "https",
    "UtcTime": "2018-03-05 07:27:06.505",
    "ProcessGuid": "{A376A8F6-ECC2-5A9C-0000-0010E1111D00}",
    "User": "DESKTOP-WJANG\\wook8170",
    "DestinationPort": "443",
    "Protocol": "tcp",
    "Image": "C:\\Program Files\\Mozilla Firefox\\firefox.exe",
    "SourcePort": "2304",
    "DestinationIp": "203.133.167.19",
    "ProcessId": "17568",
    "SourceHostname": "DESKTOP-WJANG"
  },
  "computer_name": "DESKTOP-WJANG",
  "user": {
    "type": "Well Known Group",
    "identifier": "S-1-5-18",
    "name": "SYSTEM",
    "domain": "NT AUTHORITY"
  },
  "beat": {
    "name": "DESKTOP-WJANG",
    "hostname": "DESKTOP-WJANG",
    "version": "6.2.2"
  },
  "message": "Network connection detected:\nUtcTime: 2018-03-05 07:27:06.505\nProcessGuid: {A376A8F6-ECC2-5A9C-0000-0010E1111D00}\nProcessId: 17568\nImage: C:\\Program Files\\Mozilla Firefox\\firefox.exe\nUser: DESKTOP-WJANG\\wook8170\nProtocol: tcp\nInitiated: true\nSourceIsIpv6: false\nSourceIp: 192.168.198.67\nSourceHostname: DESKTOP-WJANG\nSourcePort: 2304\nSourcePortName: \nDestinationIsIpv6: false\nDestinationIp: 203.133.167.19\nDestinationHostname: \nDestinationPort: 443\nDestinationPortName: https",
  "thread_id": 23856,
  "level": "정보",
  "log_name": "Microsoft-Windows-Sysmon/Operational",
  "task": "Network connection detected (rule: NetworkConnect)"
}
{
  "@timestamp": "2018-03-05T07:27:07.563Z",
  "@metadata": {
    "beat": "winlogbeat",
    "type": "doc",
    "version": "6.2.2"
  },
  "computer_name": "DESKTOP-WJANG",
  "task": "Network connection detected (rule: NetworkConnect)",
  "thread_id": 23856,
  "log_name": "Microsoft-Windows-Sysmon/Operational",
  "record_number": "124",
  "source_name": "Microsoft-Windows-Sysmon",
  "level": "정보",
  "version": 5,
  "event_id": 3,
  "message": "Network connection detected:\nUtcTime: 2018-03-05 07:27:06.548\nProcessGuid: {A376A8F6-ECC2-5A9C-0000-0010E1111D00}\nProcessId: 17568\nImage: C:\\Program Files\\Mozilla Firefox\\firefox.exe\nUser: DESKTOP-WJANG\\wook8170\nProtocol: tcp\nInitiated: true\nSourceIsIpv6: false\nSourceIp: 192.168.198.67\nSourceHostname: DESKTOP-WJANG\nSourcePort: 2305\nSourcePortName: \nDestinationIsIpv6: false\nDestinationIp: 1.248.178.140\nDestinationHostname: \nDestinationPort: 443\nDestinationPortName: https",
  "process_id": 8608,
  "type": "wineventlog",
  "beat": {
    "name": "DESKTOP-WJANG",
    "hostname": "DESKTOP-WJANG",
    "version": "6.2.2"
  },
  "provider_guid": "{5770385F-C22A-43E0-BF4C-06F5698FFBD9}",
  "event_data": {
    "SourceHostname": "DESKTOP-WJANG",
    "Protocol": "tcp",
    "DestinationPort": "443",
    "UtcTime": "2018-03-05 07:27:06.548",
    "Image": "C:\\Program Files\\Mozilla Firefox\\firefox.exe",
    "User": "DESKTOP-WJANG\\wook8170",
    "Initiated": "true",
    "DestinationPortName": "https",
    "ProcessGuid": "{A376A8F6-ECC2-5A9C-0000-0010E1111D00}",
    "SourceIsIpv6": "false",
    "DestinationIsIpv6": "false",
    "SourceIp": "192.168.198.67",
    "DestinationIp": "1.248.178.140",
    "SourcePort": "2305",
    "ProcessId": "17568"
  },
  "opcode": "정보",
  "user": {
    "identifier": "S-1-5-18",
    "name": "SYSTEM",
    "domain": "NT AUTHORITY",
    "type": "Well Known Group"
  }
}
{
  "@timestamp": "2018-03-05T07:27:21.339Z",
  "@metadata": {
    "beat": "winlogbeat",
    "type": "doc",
    "version": "6.2.2"
  },
  "record_number": "125",
  "computer_name": "DESKTOP-WJANG",
  "beat": {
    "hostname": "DESKTOP-WJANG",
    "version": "6.2.2",
    "name": "DESKTOP-WJANG"
  },
  "task": "Network connection detected (rule: NetworkConnect)",
  "event_id": 3,
  "version": 5,
  "provider_guid": "{5770385F-C22A-43E0-BF4C-06F5698FFBD9}",
  "opcode": "정보",
  "level": "정보",
  "message": "Network connection detected:\nUtcTime: 2018-03-05 07:27:20.027\nProcessGuid: {A376A8F6-ECCA-5A9C-0000-0010B9A62000}\nProcessId: 19952\nImage: C:\\Program Files\\AhnLab\\Safe Transaction\\stsess.exe\nUser: DESKTOP-WJANG\\wook8170\nProtocol: tcp\nInitiated: true\nSourceIsIpv6: false\nSourceIp: 192.168.198.67\nSourceHostname: DESKTOP-WJANG\nSourcePort: 2307\nSourcePortName: \nDestinationIsIpv6: false\nDestinationIp: 117.52.156.23\nDestinationHostname: \nDestinationPort: 80\nDestinationPortName: http",
  "event_data": {
    "DestinationIp": "117.52.156.23",
    "Initiated": "true",
    "User": "DESKTOP-WJANG\\wook8170",
    "ProcessGuid": "{A376A8F6-ECCA-5A9C-0000-0010B9A62000}",
    "SourceIp": "192.168.198.67",
    "SourceIsIpv6": "false",
    "Protocol": "tcp",
    "ProcessId": "19952",
    "Image": "C:\\Program Files\\AhnLab\\Safe Transaction\\stsess.exe",
    "DestinationIsIpv6": "false",
    "DestinationPortName": "http",
    "SourcePort": "2307",
    "SourceHostname": "DESKTOP-WJANG",
    "DestinationPort": "80",
    "UtcTime": "2018-03-05 07:27:20.027"
  },
  "process_id": 8608,
  "thread_id": 23856,
  "user": {
    "type": "Well Known Group",
    "identifier": "S-1-5-18",
    "name": "SYSTEM",
    "domain": "NT AUTHORITY"
  },
  "type": "wineventlog",
  "log_name": "Microsoft-Windows-Sysmon/Operational",
  "source_name": "Microsoft-Windows-Sysmon"
}
{
  "@timestamp": "2018-03-05T07:27:25.344Z",
  "@metadata": {
    "beat": "winlogbeat",
    "type": "doc",
    "version": "6.2.2"
  },
  "opcode": "정보",
  "event_data": {
    "Initiated": "true",
    "DestinationIp": "13.67.53.38",
    "SourceIp": "192.168.198.67",
    "User": "DESKTOP-WJANG\\wook8170",
    "DestinationIsIpv6": "false",
    "DestinationPortName": "https",
    "ProcessGuid": "{A376A8F6-EE60-5A9C-0000-0010992DE200}",
    "DestinationPort": "443",
    "Image": "C:\\Program Files\\Microsoft Office\\Office15\\OUTLOOK.EXE",
    "UtcTime": "2018-03-05 07:27:24.033",
    "Protocol": "tcp",
    "SourceIsIpv6": "false",
    "SourcePort": "2308",
    "SourceHostname": "DESKTOP-WJANG",
    "ProcessId": "12492"
  },
  "type": "wineventlog",
  "provider_guid": "{5770385F-C22A-43E0-BF4C-06F5698FFBD9}",
  "task": "Network connection detected (rule: NetworkConnect)",
  "message": "Network connection detected:\nUtcTime: 2018-03-05 07:27:24.033\nProcessGuid: {A376A8F6-EE60-5A9C-0000-0010992DE200}\nProcessId: 12492\nImage: C:\\Program Files\\Microsoft Office\\Office15\\OUTLOOK.EXE\nUser: DESKTOP-WJANG\\wook8170\nProtocol: tcp\nInitiated: true\nSourceIsIpv6: false\nSourceIp: 192.168.198.67\nSourceHostname: DESKTOP-WJANG\nSourcePort: 2308\nSourcePortName: \nDestinationIsIpv6: false\nDestinationIp: 13.67.53.38\nDestinationHostname: \nDestinationPort: 443\nDestinationPortName: https",
  "record_number": "126",
  "beat": {
    "name": "DESKTOP-WJANG",
    "hostname": "DESKTOP-WJANG",
    "version": "6.2.2"
  },
  "log_name": "Microsoft-Windows-Sysmon/Operational",
  "computer_name": "DESKTOP-WJANG",
  "version": 5,
  "process_id": 8608,
  "source_name": "Microsoft-Windows-Sysmon",
  "thread_id": 23856,
  "level": "정보",
  "user": {
    "identifier": "S-1-5-18",
    "name": "SYSTEM",
    "domain": "NT AUTHORITY",
    "type": "Well Known Group"
  },
  "event_id": 3
}
{
  "@timestamp": "2018-03-05T07:27:27.348Z",
  "@metadata": {
    "beat": "winlogbeat",
    "type": "doc",
    "version": "6.2.2"
  },
  "message": "Network connection detected:\nUtcTime: 2018-03-05 07:27:25.277\nProcessGuid: {A376A8F6-EE60-5A9C-0000-0010992DE200}\nProcessId: 12492\nImage: C:\\Program Files\\Microsoft Office\\Office15\\OUTLOOK.EXE\nUser: DESKTOP-WJANG\\wook8170\nProtocol: tcp\nInitiated: true\nSourceIsIpv6: false\nSourceIp: 192.168.198.67\nSourceHostname: DESKTOP-WJANG\nSourcePort: 2309\nSourcePortName: \nDestinationIsIpv6: false\nDestinationIp: 13.67.53.38\nDestinationHostname: \nDestinationPort: 443\nDestinationPortName: https",
  "user": {
    "identifier": "S-1-5-18",
    "name": "SYSTEM",
    "domain": "NT AUTHORITY",
    "type": "Well Known Group"
  },
  "type": "wineventlog",
  "event_data": {
    "ProcessId": "12492",
    "ProcessGuid": "{A376A8F6-EE60-5A9C-0000-0010992DE200}",
    "Protocol": "tcp",
    "Initiated": "true",
    "User": "DESKTOP-WJANG\\wook8170",
    "DestinationPortName": "https",
    "Image": "C:\\Program Files\\Microsoft Office\\Office15\\OUTLOOK.EXE",
    "DestinationPort": "443",
    "DestinationIp": "13.67.53.38",
    "SourceIsIpv6": "false",
    "SourceHostname": "DESKTOP-WJANG",
    "DestinationIsIpv6": "false",
    "SourcePort": "2309",
    "UtcTime": "2018-03-05 07:27:25.277",
    "SourceIp": "192.168.198.67"
  },
  "thread_id": 23856,
  "level": "정보",
  "opcode": "정보",
  "version": 5,
  "beat": {
    "name": "DESKTOP-WJANG",
    "hostname": "DESKTOP-WJANG",
    "version": "6.2.2"
  },
  "log_name": "Microsoft-Windows-Sysmon/Operational",
  "source_name": "Microsoft-Windows-Sysmon",
  "record_number": "127",
  "event_id": 3,
  "process_id": 8608,
  "provider_guid": "{5770385F-C22A-43E0-BF4C-06F5698FFBD9}",
  "task": "Network connection detected (rule: NetworkConnect)",
  "computer_name": "DESKTOP-WJANG"
}
{
  "@timestamp": "2018-03-05T07:27:48.379Z",
  "@metadata": {
    "beat": "winlogbeat",
    "type": "doc",
    "version": "6.2.2"
  },
  "thread_id": 23856,
  "type": "wineventlog",
  "event_data": {
    "Initiated": "true",
    "User": "NT AUTHORITY\\SYSTEM",
    "SourcePort": "2311",
    "DestinationIsIpv6": "false",
    "ProcessId": "11856",
    "Image": "C:\\ProgramData\\Microsoft\\Windows Defender\\Platform\\4.12.17007.18022-0\\MsMpEng.exe",
    "UtcTime": "2018-03-05 07:27:47.181",
    "ProcessGuid": "{A376A8F6-ECAD-5A9C-0000-0010D5D60F00}",
    "DestinationIp": "13.76.163.205",
    "SourceIsIpv6": "false",
    "DestinationPortName": "https",
    "SourceIp": "192.168.198.67",
    "Protocol": "tcp",
    "SourceHostname": "DESKTOP-WJANG",
    "DestinationPort": "443"
  },
  "log_name": "Microsoft-Windows-Sysmon/Operational",
  "process_id": 8608,
  "task": "Network connection detected (rule: NetworkConnect)",
  "event_id": 3,
  "computer_name": "DESKTOP-WJANG",
  "record_number": "128",
  "version": 5,
  "source_name": "Microsoft-Windows-Sysmon",
  "provider_guid": "{5770385F-C22A-43E0-BF4C-06F5698FFBD9}",
  "message": "Network connection detected:\nUtcTime: 2018-03-05 07:27:47.181\nProcessGuid: {A376A8F6-ECAD-5A9C-0000-0010D5D60F00}\nProcessId: 11856\nImage: C:\\ProgramData\\Microsoft\\Windows Defender\\Platform\\4.12.17007.18022-0\\MsMpEng.exe\nUser: NT AUTHORITY\\SYSTEM\nProtocol: tcp\nInitiated: true\nSourceIsIpv6: false\nSourceIp: 192.168.198.67\nSourceHostname: DESKTOP-WJANG\nSourcePort: 2311\nSourcePortName: \nDestinationIsIpv6: false\nDestinationIp: 13.76.163.205\nDestinationHostname: \nDestinationPort: 443\nDestinationPortName: https",
  "beat": {
    "name": "DESKTOP-WJANG",
    "hostname": "DESKTOP-WJANG",
    "version": "6.2.2"
  },
  "level": "정보",
  "opcode": "정보",
  "user": {
    "domain": "NT AUTHORITY",
    "type": "Well Known Group",
    "identifier": "S-1-5-18",
    "name": "SYSTEM"
  }
}
{
  "@timestamp": "2018-03-05T07:27:49.379Z",
  "@metadata": {
    "beat": "winlogbeat",
    "type": "doc",
    "version": "6.2.2"
  },
  "type": "wineventlog",
  "beat": {
    "name": "DESKTOP-WJANG",
    "hostname": "DESKTOP-WJANG",
    "version": "6.2.2"
  },
  "thread_id": 23856,
  "computer_name": "DESKTOP-WJANG",
  "task": "Network connection detected (rule: NetworkConnect)",
  "process_id": 8608,
  "event_data": {
    "ProcessGuid": "{A376A8F6-ECA3-5A9C-0000-0010B2050300}",
    "UtcTime": "2018-03-05 07:27:48.357",
    "DestinationPort": "443",
    "Protocol": "tcp",
    "Initiated": "true",
    "ProcessId": "5328",
    "DestinationIsIpv6": "false",
    "SourcePort": "2312",
    "Image": "C:\\Program Files (x86)\\Kaspersky Lab\\Kaspersky Free 18.0.0\\avp.exe",
    "SourceIsIpv6": "false",
    "DestinationPortName": "https",
    "User": "NT AUTHORITY\\SYSTEM",
    "SourceHostname": "DESKTOP-WJANG",
    "SourceIp": "192.168.198.67",
    "DestinationIp": "66.110.49.68"
  },
  "provider_guid": "{5770385F-C22A-43E0-BF4C-06F5698FFBD9}",
  "message": "Network connection detected:\nUtcTime: 2018-03-05 07:27:48.357\nProcessGuid: {A376A8F6-ECA3-5A9C-0000-0010B2050300}\nProcessId: 5328\nImage: C:\\Program Files (x86)\\Kaspersky Lab\\Kaspersky Free 18.0.0\\avp.exe\nUser: NT AUTHORITY\\SYSTEM\nProtocol: tcp\nInitiated: true\nSourceIsIpv6: false\nSourceIp: 192.168.198.67\nSourceHostname: DESKTOP-WJANG\nSourcePort: 2312\nSourcePortName: \nDestinationIsIpv6: false\nDestinationIp: 66.110.49.68\nDestinationHostname: \nDestinationPort: 443\nDestinationPortName: https",
  "user": {
    "domain": "NT AUTHORITY",
    "type": "Well Known Group",
    "identifier": "S-1-5-18",
    "name": "SYSTEM"
  },
  "opcode": "정보",
  "version": 5,
  "log_name": "Microsoft-Windows-Sysmon/Operational",
  "source_name": "Microsoft-Windows-Sysmon",
  "level": "정보",
  "record_number": "129",
  "event_id": 3
}
