{
  "@timestamp": "2018-03-05T07:24:26.574Z",
  "@metadata": {
    "beat": "winlogbeat",
    "type": "doc",
    "version": "6.2.2"
  },
  "opcode": "정보",
  "version": 5,
  "provider_guid": "{5770385F-C22A-43E0-BF4C-06F5698FFBD9}",
  "record_number": "78",
  "message": "Network connection detected:\nUtcTime: 2018-03-05 07:24:25.398\nProcessGuid: {A376A8F6-ECC2-5A9C-0000-0010E1111D00}\nProcessId: 17568\nImage: C:\\Program Files\\Mozilla Firefox\\firefox.exe\nUser: DESKTOP-WJANG\\wook8170\nProtocol: tcp\nInitiated: true\nSourceIsIpv6: false\nSourceIp: 192.168.198.67\nSourceHostname: DESKTOP-WJANG\nSourcePort: 2255\nSourcePortName: \nDestinationIsIpv6: false\nDestinationIp: 113.29.189.10\nDestinationHostname: \nDestinationPort: 443\nDestinationPortName: https",
  "process_id": 8608,
  "event_data": {
    "DestinationIp": "113.29.189.10",
    "Initiated": "true",
    "ProcessId": "17568",
    "SourcePort": "2255",
    "DestinationIsIpv6": "false",
    "UtcTime": "2018-03-05 07:24:25.398",
    "SourceHostname": "DESKTOP-WJANG",
    "User": "DESKTOP-WJANG\\wook8170",
    "Protocol": "tcp",
    "SourceIp": "192.168.198.67",
    "SourceIsIpv6": "false",
    "Image": "C:\\Program Files\\Mozilla Firefox\\firefox.exe",
    "DestinationPortName": "https",
    "DestinationPort": "443",
    "ProcessGuid": "{A376A8F6-ECC2-5A9C-0000-0010E1111D00}"
  },
  "task": "Network connection detected (rule: NetworkConnect)",
  "log_name": "Microsoft-Windows-Sysmon/Operational",
  "source_name": "Microsoft-Windows-Sysmon",
  "computer_name": "DESKTOP-WJANG",
  "type": "wineventlog",
  "beat": {
    "hostname": "DESKTOP-WJANG",
    "version": "6.2.2",
    "name": "DESKTOP-WJANG"
  },
  "user": {
    "identifier": "S-1-5-18",
    "name": "SYSTEM",
    "domain": "NT AUTHORITY",
    "type": "Well Known Group"
  },
  "thread_id": 23856,
  "level": "정보",
  "event_id": 3
}
{
  "@timestamp": "2018-03-05T07:24:26.574Z",
  "@metadata": {
    "beat": "winlogbeat",
    "type": "doc",
    "version": "6.2.2"
  },
  "source_name": "Microsoft-Windows-Sysmon",
  "task": "Network connection detected (rule: NetworkConnect)",
  "user": {
    "type": "Well Known Group",
    "identifier": "S-1-5-18",
    "name": "SYSTEM",
    "domain": "NT AUTHORITY"
  },
  "computer_name": "DESKTOP-WJANG",
  "level": "정보",
  "thread_id": 23856,
  "event_id": 3,
  "log_name": "Microsoft-Windows-Sysmon/Operational",
  "record_number": "79",
  "provider_guid": "{5770385F-C22A-43E0-BF4C-06F5698FFBD9}",
  "version": 5,
  "message": "Network connection detected:\nUtcTime: 2018-03-05 07:24:25.398\nProcessGuid: {A376A8F6-ECC2-5A9C-0000-0010E1111D00}\nProcessId: 17568\nImage: C:\\Program Files\\Mozilla Firefox\\firefox.exe\nUser: DESKTOP-WJANG\\wook8170\nProtocol: tcp\nInitiated: true\nSourceIsIpv6: false\nSourceIp: 192.168.198.67\nSourceHostname: DESKTOP-WJANG\nSourcePort: 2257\nSourcePortName: \nDestinationIsIpv6: false\nDestinationIp: 113.29.189.10\nDestinationHostname: \nDestinationPort: 443\nDestinationPortName: https",
  "type": "wineventlog",
  "opcode": "정보",
  "process_id": 8608,
  "event_data": {
    "ProcessGuid": "{A376A8F6-ECC2-5A9C-0000-0010E1111D00}",
    "SourceIsIpv6": "false",
    "Image": "C:\\Program Files\\Mozilla Firefox\\firefox.exe",
    "DestinationIp": "113.29.189.10",
    "User": "DESKTOP-WJANG\\wook8170",
    "ProcessId": "17568",
    "SourceHostname": "DESKTOP-WJANG",
    "Initiated": "true",
    "SourcePort": "2257",
    "SourceIp": "192.168.198.67",
    "DestinationPortName": "https",
    "Protocol": "tcp",
    "UtcTime": "2018-03-05 07:24:25.398",
    "DestinationIsIpv6": "false",
    "DestinationPort": "443"
  },
  "beat": {
    "name": "DESKTOP-WJANG",
    "hostname": "DESKTOP-WJANG",
    "version": "6.2.2"
  }
}
{
  "@timestamp": "2018-03-05T07:24:26.574Z",
  "@metadata": {
    "beat": "winlogbeat",
    "type": "doc",
    "version": "6.2.2"
  },
  "opcode": "정보",
  "beat": {
    "hostname": "DESKTOP-WJANG",
    "version": "6.2.2",
    "name": "DESKTOP-WJANG"
  },
  "level": "정보",
  "log_name": "Microsoft-Windows-Sysmon/Operational",
  "computer_name": "DESKTOP-WJANG",
  "task": "Network connection detected (rule: NetworkConnect)",
  "event_data": {
    "Protocol": "tcp",
    "SourcePort": "2256",
    "DestinationPortName": "https",
    "SourceIp": "192.168.198.67",
    "Initiated": "true",
    "ProcessId": "17568",
    "SourceHostname": "DESKTOP-WJANG",
    "ProcessGuid": "{A376A8F6-ECC2-5A9C-0000-0010E1111D00}",
    "User": "DESKTOP-WJANG\\wook8170",
    "DestinationIp": "113.29.189.10",
    "DestinationIsIpv6": "false",
    "SourceIsIpv6": "false",
    "DestinationPort": "443",
    "Image": "C:\\Program Files\\Mozilla Firefox\\firefox.exe",
    "UtcTime": "2018-03-05 07:24:25.399"
  },
  "record_number": "80",
  "event_id": 3,
  "provider_guid": "{5770385F-C22A-43E0-BF4C-06F5698FFBD9}",
  "thread_id": 23856,
  "version": 5,
  "type": "wineventlog",
  "source_name": "Microsoft-Windows-Sysmon",
  "user": {
    "domain": "NT AUTHORITY",
    "type": "Well Known Group",
    "identifier": "S-1-5-18",
    "name": "SYSTEM"
  },
  "message": "Network connection detected:\nUtcTime: 2018-03-05 07:24:25.399\nProcessGuid: {A376A8F6-ECC2-5A9C-0000-0010E1111D00}\nProcessId: 17568\nImage: C:\\Program Files\\Mozilla Firefox\\firefox.exe\nUser: DESKTOP-WJANG\\wook8170\nProtocol: tcp\nInitiated: true\nSourceIsIpv6: false\nSourceIp: 192.168.198.67\nSourceHostname: DESKTOP-WJANG\nSourcePort: 2256\nSourcePortName: \nDestinationIsIpv6: false\nDestinationIp: 113.29.189.10\nDestinationHostname: \nDestinationPort: 443\nDestinationPortName: https",
  "process_id": 8608
}
{
  "@timestamp": "2018-03-05T07:24:30.330Z",
  "@metadata": {
    "beat": "winlogbeat",
    "type": "doc",
    "version": "6.2.2"
  },
  "task": "Network connection detected (rule: NetworkConnect)",
  "type": "wineventlog",
  "event_id": 3,
  "source_name": "Microsoft-Windows-Sysmon",
  "level": "정보",
  "process_id": 8608,
  "log_name": "Microsoft-Windows-Sysmon/Operational",
  "beat": {
    "version": "6.2.2",
    "name": "DESKTOP-WJANG",
    "hostname": "DESKTOP-WJANG"
  },
  "opcode": "정보",
  "version": 5,
  "user": {
    "domain": "NT AUTHORITY",
    "type": "Well Known Group",
    "identifier": "S-1-5-18",
    "name": "SYSTEM"
  },
  "event_data": {
    "Protocol": "tcp",
    "Image": "C:\\Windows\\System32\\svchost.exe",
    "SourceIp": "192.168.198.67",
    "SourcePort": "2259",
    "DestinationPort": "443",
    "UtcTime": "2018-03-05 07:24:28.308",
    "DestinationPortName": "https",
    "DestinationIp": "40.79.66.194",
    "DestinationIsIpv6": "false",
    "SourceHostname": "DESKTOP-WJANG",
    "User": "NT AUTHORITY\\NETWORK SERVICE",
    "ProcessId": "14368",
    "Initiated": "true",
    "SourceIsIpv6": "false",
    "ProcessGuid": "{A376A8F6-F0AB-5A9C-0000-00101B5C4302}"
  },
  "record_number": "81",
  "computer_name": "DESKTOP-WJANG",
  "thread_id": 23856,
  "provider_guid": "{5770385F-C22A-43E0-BF4C-06F5698FFBD9}",
  "message": "Network connection detected:\nUtcTime: 2018-03-05 07:24:28.308\nProcessGuid: {A376A8F6-F0AB-5A9C-0000-00101B5C4302}\nProcessId: 14368\nImage: C:\\Windows\\System32\\svchost.exe\nUser: NT AUTHORITY\\NETWORK SERVICE\nProtocol: tcp\nInitiated: true\nSourceIsIpv6: false\nSourceIp: 192.168.198.67\nSourceHostname: DESKTOP-WJANG\nSourcePort: 2259\nSourcePortName: \nDestinationIsIpv6: false\nDestinationIp: 40.79.66.194\nDestinationHostname: \nDestinationPort: 443\nDestinationPortName: https"
}
{
  "@timestamp": "2018-03-05T07:24:30.330Z",
  "@metadata": {
    "beat": "winlogbeat",
    "type": "doc",
    "version": "6.2.2"
  },
  "version": 5,
  "message": "Network connection detected:\nUtcTime: 2018-03-05 07:24:29.297\nProcessGuid: {A376A8F6-ECA3-5A9C-0000-00105CF10200}\nProcessId: 4800\nImage: C:\\Windows\\System32\\svchost.exe\nUser: NT AUTHORITY\\SYSTEM\nProtocol: tcp\nInitiated: true\nSourceIsIpv6: false\nSourceIp: 192.168.198.67\nSourceHostname: DESKTOP-WJANG\nSourcePort: 2260\nSourcePortName: \nDestinationIsIpv6: false\nDestinationIp: 111.221.29.254\nDestinationHostname: \nDestinationPort: 443\nDestinationPortName: https",
  "process_id": 8608,
  "event_id": 3,
  "opcode": "정보",
  "level": "정보",
  "record_number": "82",
  "type": "wineventlog",
  "source_name": "Microsoft-Windows-Sysmon",
  "task": "Network connection detected (rule: NetworkConnect)",
  "beat": {
    "name": "DESKTOP-WJANG",
    "hostname": "DESKTOP-WJANG",
    "version": "6.2.2"
  },
  "log_name": "Microsoft-Windows-Sysmon/Operational",
  "thread_id": 23856,
  "event_data": {
    "DestinationPortName": "https",
    "Image": "C:\\Windows\\System32\\svchost.exe",
    "SourceHostname": "DESKTOP-WJANG",
    "SourceIsIpv6": "false",
    "Initiated": "true",
    "User": "NT AUTHORITY\\SYSTEM",
    "SourceIp": "192.168.198.67",
    "DestinationIp": "111.221.29.254",
    "SourcePort": "2260",
    "DestinationPort": "443",
    "UtcTime": "2018-03-05 07:24:29.297",
    "ProcessId": "4800",
    "DestinationIsIpv6": "false",
    "Protocol": "tcp",
    "ProcessGuid": "{A376A8F6-ECA3-5A9C-0000-00105CF10200}"
  },
  "computer_name": "DESKTOP-WJANG",
  "provider_guid": "{5770385F-C22A-43E0-BF4C-06F5698FFBD9}",
  "user": {
    "identifier": "S-1-5-18",
    "name": "SYSTEM",
    "domain": "NT AUTHORITY",
    "type": "Well Known Group"
  }
}
{
  "@timestamp": "2018-03-05T07:24:30.330Z",
  "@metadata": {
    "beat": "winlogbeat",
    "type": "doc",
    "version": "6.2.2"
  },
  "thread_id": 23856,
  "event_data": {
    "SourceHostname": "DESKTOP-WJANG",
    "ProcessGuid": "{A376A8F6-F0AB-5A9C-0000-00101B5C4302}",
    "SourceIsIpv6": "false",
    "UtcTime": "2018-03-05 07:24:29.326",
    "DestinationIp": "104.74.247.82",
    "SourcePort": "2261",
    "Image": "C:\\Windows\\System32\\svchost.exe",
    "SourceIp": "192.168.198.67",
    "DestinationPort": "443",
    "ProcessId": "14368",
    "DestinationPortName": "https",
    "DestinationHostname": "a104-74-247-82.deploy.static.akamaitechnologies.com",
    "Initiated": "true",
    "DestinationIsIpv6": "false",
    "User": "NT AUTHORITY\\NETWORK SERVICE",
    "Protocol": "tcp"
  },
  "log_name": "Microsoft-Windows-Sysmon/Operational",
  "task": "Network connection detected (rule: NetworkConnect)",
  "message": "Network connection detected:\nUtcTime: 2018-03-05 07:24:29.326\nProcessGuid: {A376A8F6-F0AB-5A9C-0000-00101B5C4302}\nProcessId: 14368\nImage: C:\\Windows\\System32\\svchost.exe\nUser: NT AUTHORITY\\NETWORK SERVICE\nProtocol: tcp\nInitiated: true\nSourceIsIpv6: false\nSourceIp: 192.168.198.67\nSourceHostname: DESKTOP-WJANG\nSourcePort: 2261\nSourcePortName: \nDestinationIsIpv6: false\nDestinationIp: 104.74.247.82\nDestinationHostname: a104-74-247-82.deploy.static.akamaitechnologies.com\nDestinationPort: 443\nDestinationPortName: https",
  "user": {
    "domain": "NT AUTHORITY",
    "type": "Well Known Group",
    "identifier": "S-1-5-18",
    "name": "SYSTEM"
  },
  "source_name": "Microsoft-Windows-Sysmon",
  "process_id": 8608,
  "type": "wineventlog",
  "event_id": 3,
  "level": "정보",
  "provider_guid": "{5770385F-C22A-43E0-BF4C-06F5698FFBD9}",
  "beat": {
    "name": "DESKTOP-WJANG",
    "hostname": "DESKTOP-WJANG",
    "version": "6.2.2"
  },
  "record_number": "83",
  "computer_name": "DESKTOP-WJANG",
  "version": 5,
  "opcode": "정보"
}
{
  "@timestamp": "2018-03-05T07:24:30.830Z",
  "@metadata": {
    "beat": "winlogbeat",
    "type": "doc",
    "version": "6.2.2"
  },
  "opcode": "정보",
  "event_data": {
    "SourceIsIpv6": "false",
    "DestinationHostname": "a104-74-247-82.deploy.static.akamaitechnologies.com",
    "Initiated": "true",
    "SourcePort": "2262",
    "DestinationPortName": "https",
    "DestinationPort": "443",
    "User": "NT AUTHORITY\\NETWORK SERVICE",
    "DestinationIp": "104.74.247.82",
    "ProcessGuid": "{A376A8F6-F0AB-5A9C-0000-00101B5C4302}",
    "ProcessId": "14368",
    "Image": "C:\\Windows\\System32\\svchost.exe",
    "UtcTime": "2018-03-05 07:24:29.828",
    "Protocol": "tcp",
    "SourceHostname": "DESKTOP-WJANG",
    "SourceIp": "192.168.198.67",
    "DestinationIsIpv6": "false"
  },
  "process_id": 8608,
  "level": "정보",
  "log_name": "Microsoft-Windows-Sysmon/Operational",
  "version": 5,
  "type": "wineventlog",
  "event_id": 3,
  "computer_name": "DESKTOP-WJANG",
  "message": "Network connection detected:\nUtcTime: 2018-03-05 07:24:29.828\nProcessGuid: {A376A8F6-F0AB-5A9C-0000-00101B5C4302}\nProcessId: 14368\nImage: C:\\Windows\\System32\\svchost.exe\nUser: NT AUTHORITY\\NETWORK SERVICE\nProtocol: tcp\nInitiated: true\nSourceIsIpv6: false\nSourceIp: 192.168.198.67\nSourceHostname: DESKTOP-WJANG\nSourcePort: 2262\nSourcePortName: \nDestinationIsIpv6: false\nDestinationIp: 104.74.247.82\nDestinationHostname: a104-74-247-82.deploy.static.akamaitechnologies.com\nDestinationPort: 443\nDestinationPortName: https",
  "user": {
    "name": "SYSTEM",
    "domain": "NT AUTHORITY",
    "type": "Well Known Group",
    "identifier": "S-1-5-18"
  },
  "provider_guid": "{5770385F-C22A-43E0-BF4C-06F5698FFBD9}",
  "beat": {
    "name": "DESKTOP-WJANG",
    "hostname": "DESKTOP-WJANG",
    "version": "6.2.2"
  },
  "record_number": "84",
  "thread_id": 23856,
  "task": "Network connection detected (rule: NetworkConnect)",
  "source_name": "Microsoft-Windows-Sysmon"
}
{
  "@timestamp": "2018-03-05T07:24:31.330Z",
  "@metadata": {
    "beat": "winlogbeat",
    "type": "doc",
    "version": "6.2.2"
  },
  "log_name": "Microsoft-Windows-Sysmon/Operational",
  "process_id": 8608,
  "source_name": "Microsoft-Windows-Sysmon",
  "message": "Network connection detected:\nUtcTime: 2018-03-05 07:24:29.928\nProcessGuid: {A376A8F6-F0AB-5A9C-0000-00101B5C4302}\nProcessId: 14368\nImage: C:\\Windows\\System32\\svchost.exe\nUser: NT AUTHORITY\\NETWORK SERVICE\nProtocol: tcp\nInitiated: true\nSourceIsIpv6: false\nSourceIp: 192.168.198.67\nSourceHostname: DESKTOP-WJANG\nSourcePort: 2263\nSourcePortName: \nDestinationIsIpv6: false\nDestinationIp: 13.107.4.50\nDestinationHostname: \nDestinationPort: 80\nDestinationPortName: http",
  "opcode": "정보",
  "event_id": 3,
  "record_number": "85",
  "provider_guid": "{5770385F-C22A-43E0-BF4C-06F5698FFBD9}",
  "task": "Network connection detected (rule: NetworkConnect)",
  "event_data": {
    "DestinationPort": "80",
    "DestinationIp": "13.107.4.50",
    "ProcessId": "14368",
    "SourceHostname": "DESKTOP-WJANG",
    "User": "NT AUTHORITY\\NETWORK SERVICE",
    "SourceIp": "192.168.198.67",
    "Initiated": "true",
    "Protocol": "tcp",
    "DestinationIsIpv6": "false",
    "DestinationPortName": "http",
    "UtcTime": "2018-03-05 07:24:29.928",
    "Image": "C:\\Windows\\System32\\svchost.exe",
    "SourceIsIpv6": "false",
    "ProcessGuid": "{A376A8F6-F0AB-5A9C-0000-00101B5C4302}",
    "SourcePort": "2263"
  },
  "computer_name": "DESKTOP-WJANG",
  "type": "wineventlog",
  "user": {
    "identifier": "S-1-5-18",
    "name": "SYSTEM",
    "domain": "NT AUTHORITY",
    "type": "Well Known Group"
  },
  "thread_id": 23856,
  "beat": {
    "name": "DESKTOP-WJANG",
    "hostname": "DESKTOP-WJANG",
    "version": "6.2.2"
  },
  "version": 5,
  "level": "정보"
}
{
  "@timestamp": "2018-03-05T07:24:32.910Z",
  "@metadata": {
    "beat": "winlogbeat",
    "type": "doc",
    "version": "6.2.2"
  },
  "event_id": 8,
  "thread_id": 19220,
  "user": {
    "identifier": "S-1-5-18",
    "name": "SYSTEM",
    "domain": "NT AUTHORITY",
    "type": "Well Known Group"
  },
  "log_name": "Microsoft-Windows-Sysmon/Operational",
  "level": "정보",
  "beat": {
    "hostname": "DESKTOP-WJANG",
    "version": "6.2.2",
    "name": "DESKTOP-WJANG"
  },
  "source_name": "Microsoft-Windows-Sysmon",
  "message": "CreateRemoteThread detected:\nUtcTime: 2018-03-05 07:24:32.910\nSourceProcessGuid: {A376A8F6-ECCA-5A9C-0000-0010B9A62000}\nSourceProcessId: 19952\nSourceImage: C:\\Program Files\\AhnLab\\Safe Transaction\\stsess.exe\nTargetProcessGuid: {A376A8F6-ECC2-5A9C-0000-0010E1111D00}\nTargetProcessId: 17568\nTargetImage: C:\\Program Files\\Mozilla Firefox\\firefox.exe\nNewThreadId: 25948\nStartAddress: 0x00007FFD10C613F0\nStartModule: C:\\WINDOWS\\System32\\KERNEL32.DLL\nStartFunction: LoadLibraryA",
  "opcode": "정보",
  "provider_guid": "{5770385F-C22A-43E0-BF4C-06F5698FFBD9}",
  "type": "wineventlog",
  "computer_name": "DESKTOP-WJANG",
  "task": "CreateRemoteThread detected (rule: CreateRemoteThread)",
  "event_data": {
    "SourceProcessId": "19952",
    "SourceProcessGuid": "{A376A8F6-ECCA-5A9C-0000-0010B9A62000}",
    "TargetProcessId": "17568",
    "SourceImage": "C:\\Program Files\\AhnLab\\Safe Transaction\\stsess.exe",
    "NewThreadId": "25948",
    "StartModule": "C:\\WINDOWS\\System32\\KERNEL32.DLL",
    "UtcTime": "2018-03-05 07:24:32.910",
    "TargetImage": "C:\\Program Files\\Mozilla Firefox\\firefox.exe",
    "StartAddress": "0x00007FFD10C613F0",
    "StartFunction": "LoadLibraryA",
    "TargetProcessGuid": "{A376A8F6-ECC2-5A9C-0000-0010E1111D00}"
  },
  "record_number": "86",
  "version": 2,
  "process_id": 8608
}
{
  "@timestamp": "2018-03-05T07:24:33.334Z",
  "@metadata": {
    "beat": "winlogbeat",
    "type": "doc",
    "version": "6.2.2"
  },
  "computer_name": "DESKTOP-WJANG",
  "event_data": {
    "SourceIsIpv6": "false",
    "SourcePort": "2265",
    "ProcessId": "5328",
    "SourceIp": "192.168.198.67",
    "UtcTime": "2018-03-05 07:24:30.866",
    "ProcessGuid": "{A376A8F6-ECA3-5A9C-0000-0010B2050300}",
    "Protocol": "tcp",
    "Initiated": "true",
    "DestinationIp": "180.87.4.161",
    "DestinationPort": "443",
    "DestinationPortName": "https",
    "SourceHostname": "DESKTOP-WJANG",
    "Image": "C:\\Program Files (x86)\\Kaspersky Lab\\Kaspersky Free 18.0.0\\avp.exe",
    "User": "NT AUTHORITY\\SYSTEM",
    "DestinationIsIpv6": "false"
  },
  "event_id": 3,
  "record_number": "87",
  "beat": {
    "hostname": "DESKTOP-WJANG",
    "version": "6.2.2",
    "name": "DESKTOP-WJANG"
  },
  "type": "wineventlog",
  "provider_guid": "{5770385F-C22A-43E0-BF4C-06F5698FFBD9}",
  "user": {
    "domain": "NT AUTHORITY",
    "type": "Well Known Group",
    "identifier": "S-1-5-18",
    "name": "SYSTEM"
  },
  "log_name": "Microsoft-Windows-Sysmon/Operational",
  "process_id": 8608,
  "thread_id": 23856,
  "task": "Network connection detected (rule: NetworkConnect)",
  "message": "Network connection detected:\nUtcTime: 2018-03-05 07:24:30.866\nProcessGuid: {A376A8F6-ECA3-5A9C-0000-0010B2050300}\nProcessId: 5328\nImage: C:\\Program Files (x86)\\Kaspersky Lab\\Kaspersky Free 18.0.0\\avp.exe\nUser: NT AUTHORITY\\SYSTEM\nProtocol: tcp\nInitiated: true\nSourceIsIpv6: false\nSourceIp: 192.168.198.67\nSourceHostname: DESKTOP-WJANG\nSourcePort: 2265\nSourcePortName: \nDestinationIsIpv6: false\nDestinationIp: 180.87.4.161\nDestinationHostname: \nDestinationPort: 443\nDestinationPortName: https",
  "version": 5,
  "opcode": "정보",
  "source_name": "Microsoft-Windows-Sysmon",
  "level": "정보"
}
{
  "@timestamp": "2018-03-05T07:24:33.334Z",
  "@metadata": {
    "beat": "winlogbeat",
    "type": "doc",
    "version": "6.2.2"
  },
  "event_id": 3,
  "version": 5,
  "beat": {
    "name": "DESKTOP-WJANG",
    "hostname": "DESKTOP-WJANG",
    "version": "6.2.2"
  },
  "type": "wineventlog",
  "log_name": "Microsoft-Windows-Sysmon/Operational",
  "message": "Network connection detected:\nUtcTime: 2018-03-05 07:24:31.100\nProcessGuid: {A376A8F6-ECA3-5A9C-0000-0010B2050300}\nProcessId: 5328\nImage: C:\\Program Files (x86)\\Kaspersky Lab\\Kaspersky Free 18.0.0\\avp.exe\nUser: NT AUTHORITY\\SYSTEM\nProtocol: tcp\nInitiated: true\nSourceIsIpv6: false\nSourceIp: 192.168.198.67\nSourceHostname: DESKTOP-WJANG\nSourcePort: 2264\nSourcePortName: \nDestinationIsIpv6: false\nDestinationIp: 81.19.104.108\nDestinationHostname: \nDestinationPort: 443\nDestinationPortName: https",
  "user": {
    "identifier": "S-1-5-18",
    "name": "SYSTEM",
    "domain": "NT AUTHORITY",
    "type": "Well Known Group"
  },
  "computer_name": "DESKTOP-WJANG",
  "source_name": "Microsoft-Windows-Sysmon",
  "process_id": 8608,
  "thread_id": 23856,
  "task": "Network connection detected (rule: NetworkConnect)",
  "record_number": "88",
  "event_data": {
    "UtcTime": "2018-03-05 07:24:31.100",
    "SourceHostname": "DESKTOP-WJANG",
    "ProcessId": "5328",
    "Image": "C:\\Program Files (x86)\\Kaspersky Lab\\Kaspersky Free 18.0.0\\avp.exe",
    "DestinationIp": "81.19.104.108",
    "SourcePort": "2264",
    "ProcessGuid": "{A376A8F6-ECA3-5A9C-0000-0010B2050300}",
    "User": "NT AUTHORITY\\SYSTEM",
    "Initiated": "true",
    "DestinationPortName": "https",
    "Protocol": "tcp",
    "SourceIsIpv6": "false",
    "DestinationPort": "443",
    "DestinationIsIpv6": "false",
    "SourceIp": "192.168.198.67"
  },
  "level": "정보",
  "opcode": "정보",
  "provider_guid": "{5770385F-C22A-43E0-BF4C-06F5698FFBD9}"
}
{
  "@timestamp": "2018-03-05T07:24:33.334Z",
  "@metadata": {
    "beat": "winlogbeat",
    "type": "doc",
    "version": "6.2.2"
  },
  "event_id": 3,
  "record_number": "89",
  "thread_id": 23856,
  "user": {
    "name": "SYSTEM",
    "domain": "NT AUTHORITY",
    "type": "Well Known Group",
    "identifier": "S-1-5-18"
  },
  "event_data": {
    "DestinationPortName": "https",
    "ProcessGuid": "{A376A8F6-ECA3-5A9C-0000-00105CF10200}",
    "Initiated": "true",
    "SourceIsIpv6": "false",
    "DestinationIsIpv6": "false",
    "Image": "C:\\Windows\\System32\\svchost.exe",
    "User": "NT AUTHORITY\\SYSTEM",
    "SourceIp": "192.168.198.67",
    "DestinationIp": "111.221.29.254",
    "Protocol": "tcp",
    "DestinationPort": "443",
    "SourceHostname": "DESKTOP-WJANG",
    "ProcessId": "4800",
    "SourcePort": "2266",
    "UtcTime": "2018-03-05 07:24:31.512"
  },
  "type": "wineventlog",
  "beat": {
    "name": "DESKTOP-WJANG",
    "hostname": "DESKTOP-WJANG",
    "version": "6.2.2"
  },
  "source_name": "Microsoft-Windows-Sysmon",
  "log_name": "Microsoft-Windows-Sysmon/Operational",
  "level": "정보",
  "message": "Network connection detected:\nUtcTime: 2018-03-05 07:24:31.512\nProcessGuid: {A376A8F6-ECA3-5A9C-0000-00105CF10200}\nProcessId: 4800\nImage: C:\\Windows\\System32\\svchost.exe\nUser: NT AUTHORITY\\SYSTEM\nProtocol: tcp\nInitiated: true\nSourceIsIpv6: false\nSourceIp: 192.168.198.67\nSourceHostname: DESKTOP-WJANG\nSourcePort: 2266\nSourcePortName: \nDestinationIsIpv6: false\nDestinationIp: 111.221.29.254\nDestinationHostname: \nDestinationPort: 443\nDestinationPortName: https",
  "provider_guid": "{5770385F-C22A-43E0-BF4C-06F5698FFBD9}",
  "process_id": 8608,
  "task": "Network connection detected (rule: NetworkConnect)",
  "opcode": "정보",
  "computer_name": "DESKTOP-WJANG",
  "version": 5
}
{
  "@timestamp": "2018-03-05T07:24:35.337Z",
  "@metadata": {
    "beat": "winlogbeat",
    "type": "doc",
    "version": "6.2.2"
  },
  "user": {
    "domain": "NT AUTHORITY",
    "type": "Well Known Group",
    "identifier": "S-1-5-18",
    "name": "SYSTEM"
  },
  "event_id": 3,
  "process_id": 8608,
  "log_name": "Microsoft-Windows-Sysmon/Operational",
  "source_name": "Microsoft-Windows-Sysmon",
  "opcode": "정보",
  "version": 5,
  "provider_guid": "{5770385F-C22A-43E0-BF4C-06F5698FFBD9}",
  "level": "정보",
  "message": "Network connection detected:\nUtcTime: 2018-03-05 07:24:34.092\nProcessGuid: {A376A8F6-ECC2-5A9C-0000-0010E1111D00}\nProcessId: 17568\nImage: C:\\Program Files\\Mozilla Firefox\\firefox.exe\nUser: DESKTOP-WJANG\\wook8170\nProtocol: tcp\nInitiated: true\nSourceIsIpv6: false\nSourceIp: 192.168.198.67\nSourceHostname: DESKTOP-WJANG\nSourcePort: 2267\nSourcePortName: \nDestinationIsIpv6: false\nDestinationIp: 110.76.141.88\nDestinationHostname: \nDestinationPort: 443\nDestinationPortName: https",
  "computer_name": "DESKTOP-WJANG",
  "record_number": "90",
  "type": "wineventlog",
  "beat": {
    "name": "DESKTOP-WJANG",
    "hostname": "DESKTOP-WJANG",
    "version": "6.2.2"
  },
  "thread_id": 23856,
  "event_data": {
    "User": "DESKTOP-WJANG\\wook8170",
    "DestinationIp": "110.76.141.88",
    "ProcessGuid": "{A376A8F6-ECC2-5A9C-0000-0010E1111D00}",
    "SourceIp": "192.168.198.67",
    "SourcePort": "2267",
    "DestinationPortName": "https",
    "ProcessId": "17568",
    "SourceIsIpv6": "false",
    "UtcTime": "2018-03-05 07:24:34.092",
    "Image": "C:\\Program Files\\Mozilla Firefox\\firefox.exe",
    "Initiated": "true",
    "DestinationPort": "443",
    "DestinationIsIpv6": "false",
    "Protocol": "tcp",
    "SourceHostname": "DESKTOP-WJANG"
  },
  "task": "Network connection detected (rule: NetworkConnect)"
}
{
  "@timestamp": "2018-03-05T07:24:35.337Z",
  "@metadata": {
    "beat": "winlogbeat",
    "type": "doc",
    "version": "6.2.2"
  },
  "event_id": 3,
  "event_data": {
    "DestinationPort": "443",
    "DestinationIsIpv6": "false",
    "User": "DESKTOP-WJANG\\wook8170",
    "SourceIsIpv6": "false",
    "UtcTime": "2018-03-05 07:24:34.092",
    "SourceIp": "192.168.198.67",
    "Protocol": "tcp",
    "SourcePort": "2268",
    "SourceHostname": "DESKTOP-WJANG",
    "Initiated": "true",
    "DestinationIp": "110.76.141.88",
    "DestinationPortName": "https",
    "Image": "C:\\Program Files\\Mozilla Firefox\\firefox.exe",
    "ProcessGuid": "{A376A8F6-ECC2-5A9C-0000-0010E1111D00}",
    "ProcessId": "17568"
  },
  "type": "wineventlog",
  "beat": {
    "name": "DESKTOP-WJANG",
    "hostname": "DESKTOP-WJANG",
    "version": "6.2.2"
  },
  "task": "Network connection detected (rule: NetworkConnect)",
  "user": {
    "identifier": "S-1-5-18",
    "name": "SYSTEM",
    "domain": "NT AUTHORITY",
    "type": "Well Known Group"
  },
  "record_number": "91",
  "provider_guid": "{5770385F-C22A-43E0-BF4C-06F5698FFBD9}",
  "computer_name": "DESKTOP-WJANG",
  "opcode": "정보",
  "version": 5,
  "source_name": "Microsoft-Windows-Sysmon",
  "message": "Network connection detected:\nUtcTime: 2018-03-05 07:24:34.092\nProcessGuid: {A376A8F6-ECC2-5A9C-0000-0010E1111D00}\nProcessId: 17568\nImage: C:\\Program Files\\Mozilla Firefox\\firefox.exe\nUser: DESKTOP-WJANG\\wook8170\nProtocol: tcp\nInitiated: true\nSourceIsIpv6: false\nSourceIp: 192.168.198.67\nSourceHostname: DESKTOP-WJANG\nSourcePort: 2268\nSourcePortName: \nDestinationIsIpv6: false\nDestinationIp: 110.76.141.88\nDestinationHostname: \nDestinationPort: 443\nDestinationPortName: https",
  "process_id": 8608,
  "level": "정보",
  "log_name": "Microsoft-Windows-Sysmon/Operational",
  "thread_id": 23856
}
{
  "@timestamp": "2018-03-05T07:24:35.337Z",
  "@metadata": {
    "beat": "winlogbeat",
    "type": "doc",
    "version": "6.2.2"
  },
  "log_name": "Microsoft-Windows-Sysmon/Operational",
  "event_data": {
    "SourceHostname": "DESKTOP-WJANG",
    "SourceIp": "192.168.198.67",
    "Protocol": "tcp",
    "ProcessId": "17568",
    "SourceIsIpv6": "false",
    "SourcePort": "2269",
    "DestinationPort": "443",
    "UtcTime": "2018-03-05 07:24:34.092",
    "User": "DESKTOP-WJANG\\wook8170",
    "DestinationPortName": "https",
    "ProcessGuid": "{A376A8F6-ECC2-5A9C-0000-0010E1111D00}",
    "Initiated": "true",
    "Image": "C:\\Program Files\\Mozilla Firefox\\firefox.exe",
    "DestinationIsIpv6": "false",
    "DestinationIp": "110.76.141.88"
  },
  "computer_name": "DESKTOP-WJANG",
  "version": 5,
  "user": {
    "identifier": "S-1-5-18",
    "name": "SYSTEM",
    "domain": "NT AUTHORITY",
    "type": "Well Known Group"
  },
  "task": "Network connection detected (rule: NetworkConnect)",
  "type": "wineventlog",
  "beat": {
    "name": "DESKTOP-WJANG",
    "hostname": "DESKTOP-WJANG",
    "version": "6.2.2"
  },
  "provider_guid": "{5770385F-C22A-43E0-BF4C-06F5698FFBD9}",
  "message": "Network connection detected:\nUtcTime: 2018-03-05 07:24:34.092\nProcessGuid: {A376A8F6-ECC2-5A9C-0000-0010E1111D00}\nProcessId: 17568\nImage: C:\\Program Files\\Mozilla Firefox\\firefox.exe\nUser: DESKTOP-WJANG\\wook8170\nProtocol: tcp\nInitiated: true\nSourceIsIpv6: false\nSourceIp: 192.168.198.67\nSourceHostname: DESKTOP-WJANG\nSourcePort: 2269\nSourcePortName: \nDestinationIsIpv6: false\nDestinationIp: 110.76.141.88\nDestinationHostname: \nDestinationPort: 443\nDestinationPortName: https",
  "process_id": 8608,
  "record_number": "92",
  "opcode": "정보",
  "event_id": 3,
  "source_name": "Microsoft-Windows-Sysmon",
  "level": "정보",
  "thread_id": 23856
}
{
  "@timestamp": "2018-03-05T07:24:35.338Z",
  "@metadata": {
    "beat": "winlogbeat",
    "type": "doc",
    "version": "6.2.2"
  },
  "opcode": "정보",
  "record_number": "93",
  "version": 5,
  "type": "wineventlog",
  "task": "Network connection detected (rule: NetworkConnect)",
  "event_id": 3,
  "source_name": "Microsoft-Windows-Sysmon",
  "user": {
    "identifier": "S-1-5-18",
    "name": "SYSTEM",
    "domain": "NT AUTHORITY",
    "type": "Well Known Group"
  },
  "beat": {
    "version": "6.2.2",
    "name": "DESKTOP-WJANG",
    "hostname": "DESKTOP-WJANG"
  },
  "process_id": 8608,
  "log_name": "Microsoft-Windows-Sysmon/Operational",
  "message": "Network connection detected:\nUtcTime: 2018-03-05 07:24:34.092\nProcessGuid: {A376A8F6-ECC2-5A9C-0000-0010E1111D00}\nProcessId: 17568\nImage: C:\\Program Files\\Mozilla Firefox\\firefox.exe\nUser: DESKTOP-WJANG\\wook8170\nProtocol: tcp\nInitiated: true\nSourceIsIpv6: false\nSourceIp: 192.168.198.67\nSourceHostname: DESKTOP-WJANG\nSourcePort: 2271\nSourcePortName: \nDestinationIsIpv6: false\nDestinationIp: 110.76.141.88\nDestinationHostname: \nDestinationPort: 443\nDestinationPortName: https",
  "thread_id": 23856,
  "computer_name": "DESKTOP-WJANG",
  "level": "정보",
  "event_data": {
    "SourceIp": "192.168.198.67",
    "DestinationIp": "110.76.141.88",
    "User": "DESKTOP-WJANG\\wook8170",
    "ProcessId": "17568",
    "DestinationIsIpv6": "false",
    "SourcePort": "2271",
    "DestinationPortName": "https",
    "ProcessGuid": "{A376A8F6-ECC2-5A9C-0000-0010E1111D00}",
    "Initiated": "true",
    "Protocol": "tcp",
    "DestinationPort": "443",
    "SourceHostname": "DESKTOP-WJANG",
    "SourceIsIpv6": "false",
    "UtcTime": "2018-03-05 07:24:34.092",
    "Image": "C:\\Program Files\\Mozilla Firefox\\firefox.exe"
  },
  "provider_guid": "{5770385F-C22A-43E0-BF4C-06F5698FFBD9}"
}
{
  "@timestamp": "2018-03-05T07:24:35.338Z",
  "@metadata": {
    "beat": "winlogbeat",
    "type": "doc",
    "version": "6.2.2"
  },
  "record_number": "94",
  "event_data": {
    "DestinationIp": "110.76.141.88",
    "UtcTime": "2018-03-05 07:24:34.092",
    "SourceHostname": "DESKTOP-WJANG",
    "Initiated": "true",
    "SourceIp": "192.168.198.67",
    "SourceIsIpv6": "false",
    "SourcePort": "2272",
    "DestinationPort": "443",
    "ProcessGuid": "{A376A8F6-ECC2-5A9C-0000-0010E1111D00}",
    "ProcessId": "17568",
    "DestinationPortName": "https",
    "User": "DESKTOP-WJANG\\wook8170",
    "DestinationIsIpv6": "false",
    "Image": "C:\\Program Files\\Mozilla Firefox\\firefox.exe",
    "Protocol": "tcp"
  },
  "user": {
    "name": "SYSTEM",
    "domain": "NT AUTHORITY",
    "type": "Well Known Group",
    "identifier": "S-1-5-18"
  },
  "log_name": "Microsoft-Windows-Sysmon/Operational",
  "event_id": 3,
  "version": 5,
  "level": "정보",
  "source_name": "Microsoft-Windows-Sysmon",
  "task": "Network connection detected (rule: NetworkConnect)",
  "provider_guid": "{5770385F-C22A-43E0-BF4C-06F5698FFBD9}",
  "beat": {
    "version": "6.2.2",
    "name": "DESKTOP-WJANG",
    "hostname": "DESKTOP-WJANG"
  },
  "process_id": 8608,
  "thread_id": 23856,
  "opcode": "정보",
  "computer_name": "DESKTOP-WJANG",
  "message": "Network connection detected:\nUtcTime: 2018-03-05 07:24:34.092\nProcessGuid: {A376A8F6-ECC2-5A9C-0000-0010E1111D00}\nProcessId: 17568\nImage: C:\\Program Files\\Mozilla Firefox\\firefox.exe\nUser: DESKTOP-WJANG\\wook8170\nProtocol: tcp\nInitiated: true\nSourceIsIpv6: false\nSourceIp: 192.168.198.67\nSourceHostname: DESKTOP-WJANG\nSourcePort: 2272\nSourcePortName: \nDestinationIsIpv6: false\nDestinationIp: 110.76.141.88\nDestinationHostname: \nDestinationPort: 443\nDestinationPortName: https",
  "type": "wineventlog"
}
{
  "@timestamp": "2018-03-05T07:24:35.338Z",
  "@metadata": {
    "beat": "winlogbeat",
    "type": "doc",
    "version": "6.2.2"
  },
  "level": "정보",
  "process_id": 8608,
  "computer_name": "DESKTOP-WJANG",
  "source_name": "Microsoft-Windows-Sysmon",
  "log_name": "Microsoft-Windows-Sysmon/Operational",
  "task": "Network connection detected (rule: NetworkConnect)",
  "thread_id": 23856,
  "type": "wineventlog",
  "message": "Network connection detected:\nUtcTime: 2018-03-05 07:24:34.092\nProcessGuid: {A376A8F6-ECC2-5A9C-0000-0010E1111D00}\nProcessId: 17568\nImage: C:\\Program Files\\Mozilla Firefox\\firefox.exe\nUser: DESKTOP-WJANG\\wook8170\nProtocol: tcp\nInitiated: true\nSourceIsIpv6: false\nSourceIp: 192.168.198.67\nSourceHostname: DESKTOP-WJANG\nSourcePort: 2270\nSourcePortName: \nDestinationIsIpv6: false\nDestinationIp: 110.76.141.88\nDestinationHostname: \nDestinationPort: 443\nDestinationPortName: https",
  "provider_guid": "{5770385F-C22A-43E0-BF4C-06F5698FFBD9}",
  "version": 5,
  "user": {
    "identifier": "S-1-5-18",
    "name": "SYSTEM",
    "domain": "NT AUTHORITY",
    "type": "Well Known Group"
  },
  "beat": {
    "name": "DESKTOP-WJANG",
    "hostname": "DESKTOP-WJANG",
    "version": "6.2.2"
  },
  "event_id": 3,
  "opcode": "정보",
  "event_data": {
    "DestinationIsIpv6": "false",
    "Protocol": "tcp",
    "DestinationPortName": "https",
    "Image": "C:\\Program Files\\Mozilla Firefox\\firefox.exe",
    "UtcTime": "2018-03-05 07:24:34.092",
    "SourceIp": "192.168.198.67",
    "ProcessGuid": "{A376A8F6-ECC2-5A9C-0000-0010E1111D00}",
    "ProcessId": "17568",
    "SourceHostname": "DESKTOP-WJANG",
    "SourcePort": "2270",
    "SourceIsIpv6": "false",
    "DestinationPort": "443",
    "User": "DESKTOP-WJANG\\wook8170",
    "Initiated": "true",
    "DestinationIp": "110.76.141.88"
  },
  "record_number": "95"
}
{
  "@timestamp": "2018-03-05T07:24:38.092Z",
  "@metadata": {
    "beat": "winlogbeat",
    "type": "doc",
    "version": "6.2.2"
  },
  "event_data": {
    "UtcTime": "2018-03-05 07:24:37.053",
    "DestinationIsIpv6": "false",
    "DestinationIp": "211.231.99.17",
    "ProcessId": "17568",
    "Initiated": "true",
    "SourceIp": "192.168.198.67",
    "SourceHostname": "DESKTOP-WJANG",
    "Image": "C:\\Program Files\\Mozilla Firefox\\firefox.exe",
    "User": "DESKTOP-WJANG\\wook8170",
    "Protocol": "tcp",
    "DestinationPortName": "https",
    "ProcessGuid": "{A376A8F6-ECC2-5A9C-0000-0010E1111D00}",
    "SourcePort": "2273",
    "DestinationPort": "443",
    "SourceIsIpv6": "false"
  },
  "beat": {
    "name": "DESKTOP-WJANG",
    "hostname": "DESKTOP-WJANG",
    "version": "6.2.2"
  },
  "computer_name": "DESKTOP-WJANG",
  "event_id": 3,
  "task": "Network connection detected (rule: NetworkConnect)",
  "level": "정보",
  "log_name": "Microsoft-Windows-Sysmon/Operational",
  "message": "Network connection detected:\nUtcTime: 2018-03-05 07:24:37.053\nProcessGuid: {A376A8F6-ECC2-5A9C-0000-0010E1111D00}\nProcessId: 17568\nImage: C:\\Program Files\\Mozilla Firefox\\firefox.exe\nUser: DESKTOP-WJANG\\wook8170\nProtocol: tcp\nInitiated: true\nSourceIsIpv6: false\nSourceIp: 192.168.198.67\nSourceHostname: DESKTOP-WJANG\nSourcePort: 2273\nSourcePortName: \nDestinationIsIpv6: false\nDestinationIp: 211.231.99.17\nDestinationHostname: \nDestinationPort: 443\nDestinationPortName: https",
  "process_id": 8608,
  "source_name": "Microsoft-Windows-Sysmon",
  "version": 5,
  "thread_id": 23856,
  "record_number": "96",
  "provider_guid": "{5770385F-C22A-43E0-BF4C-06F5698FFBD9}",
  "opcode": "정보",
  "type": "wineventlog",
  "user": {
    "identifier": "S-1-5-18",
    "name": "SYSTEM",
    "domain": "NT AUTHORITY",
    "type": "Well Known Group"
  }
}
{
  "@timestamp": "2018-03-05T07:24:40.095Z",
  "@metadata": {
    "beat": "winlogbeat",
    "type": "doc",
    "version": "6.2.2"
  },
  "log_name": "Microsoft-Windows-Sysmon/Operational",
  "source_name": "Microsoft-Windows-Sysmon",
  "task": "Network connection detected (rule: NetworkConnect)",
  "computer_name": "DESKTOP-WJANG",
  "message": "Network connection detected:\nUtcTime: 2018-03-05 07:24:38.910\nProcessGuid: {A376A8F6-F0B6-5A9C-0000-001078E84A02}\nProcessId: 26192\nImage: C:\\ProgramData\\Microsoft\\Windows Defender\\Platform\\4.12.17007.18022-0\\MpCmdRun.exe\nUser: NT AUTHORITY\\NETWORK SERVICE\nProtocol: tcp\nInitiated: true\nSourceIsIpv6: false\nSourceIp: 192.168.198.67\nSourceHostname: DESKTOP-WJANG\nSourcePort: 2274\nSourcePortName: \nDestinationIsIpv6: false\nDestinationIp: 104.75.42.31\nDestinationHostname: \nDestinationPort: 443\nDestinationPortName: https",
  "beat": {
    "name": "DESKTOP-WJANG",
    "hostname": "DESKTOP-WJANG",
    "version": "6.2.2"
  },
  "version": 5,
  "type": "wineventlog",
  "record_number": "97",
  "event_data": {
    "Protocol": "tcp",
    "Image": "C:\\ProgramData\\Microsoft\\Windows Defender\\Platform\\4.12.17007.18022-0\\MpCmdRun.exe",
    "SourcePort": "2274",
    "DestinationIsIpv6": "false",
    "UtcTime": "2018-03-05 07:24:38.910",
    "Initiated": "true",
    "DestinationIp": "104.75.42.31",
    "DestinationPortName": "https",
    "SourceHostname": "DESKTOP-WJANG",
    "ProcessGuid": "{A376A8F6-F0B6-5A9C-0000-001078E84A02}",
    "DestinationPort": "443",
    "SourceIp": "192.168.198.67",
    "SourceIsIpv6": "false",
    "User": "NT AUTHORITY\\NETWORK SERVICE",
    "ProcessId": "26192"
  },
  "thread_id": 23856,
  "level": "정보",
  "opcode": "정보",
  "event_id": 3,
  "process_id": 8608,
  "user": {
    "identifier": "S-1-5-18",
    "name": "SYSTEM",
    "domain": "NT AUTHORITY",
    "type": "Well Known Group"
  },
  "provider_guid": "{5770385F-C22A-43E0-BF4C-06F5698FFBD9}"
}
{
  "@timestamp": "2018-03-05T07:24:40.346Z",
  "@metadata": {
    "beat": "winlogbeat",
    "type": "doc",
    "version": "6.2.2"
  },
  "task": "Network connection detected (rule: NetworkConnect)",
  "thread_id": 23856,
  "type": "wineventlog",
  "event_id": 3,
  "message": "Network connection detected:\nUtcTime: 2018-03-05 07:24:39.315\nProcessGuid: {A376A8F6-F0B6-5A9C-0000-001078E84A02}\nProcessId: 26192\nImage: C:\\ProgramData\\Microsoft\\Windows Defender\\Platform\\4.12.17007.18022-0\\MpCmdRun.exe\nUser: NT AUTHORITY\\NETWORK SERVICE\nProtocol: tcp\nInitiated: true\nSourceIsIpv6: false\nSourceIp: 192.168.198.67\nSourceHostname: DESKTOP-WJANG\nSourcePort: 2275\nSourcePortName: \nDestinationIsIpv6: false\nDestinationIp: 104.124.246.225\nDestinationHostname: a104-124-246-225.deploy.static.akamaitechnologies.com\nDestinationPort: 443\nDestinationPortName: https",
  "level": "정보",
  "beat": {
    "name": "DESKTOP-WJANG",
    "hostname": "DESKTOP-WJANG",
    "version": "6.2.2"
  },
  "computer_name": "DESKTOP-WJANG",
  "version": 5,
  "record_number": "98",
  "provider_guid": "{5770385F-C22A-43E0-BF4C-06F5698FFBD9}",
  "user": {
    "identifier": "S-1-5-18",
    "name": "SYSTEM",
    "domain": "NT AUTHORITY",
    "type": "Well Known Group"
  },
  "source_name": "Microsoft-Windows-Sysmon",
  "log_name": "Microsoft-Windows-Sysmon/Operational",
  "process_id": 8608,
  "opcode": "정보",
  "event_data": {
    "DestinationHostname": "a104-124-246-225.deploy.static.akamaitechnologies.com",
    "UtcTime": "2018-03-05 07:24:39.315",
    "Protocol": "tcp",
    "Initiated": "true",
    "ProcessGuid": "{A376A8F6-F0B6-5A9C-0000-001078E84A02}",
    "DestinationIp": "104.124.246.225",
    "DestinationPortName": "https",
    "SourceIp": "192.168.198.67",
    "DestinationIsIpv6": "false",
    "User": "NT AUTHORITY\\NETWORK SERVICE",
    "SourceIsIpv6": "false",
    "Image": "C:\\ProgramData\\Microsoft\\Windows Defender\\Platform\\4.12.17007.18022-0\\MpCmdRun.exe",
    "SourcePort": "2275",
    "DestinationPort": "443",
    "ProcessId": "26192",
    "SourceHostname": "DESKTOP-WJANG"
  }
}
{
  "@timestamp": "2018-03-05T07:24:41.098Z",
  "@metadata": {
    "beat": "winlogbeat",
    "type": "doc",
    "version": "6.2.2"
  },
  "opcode": "정보",
  "type": "wineventlog",
  "thread_id": 23856,
  "event_id": 3,
  "version": 5,
  "task": "Network connection detected (rule: NetworkConnect)",
  "provider_guid": "{5770385F-C22A-43E0-BF4C-06F5698FFBD9}",
  "event_data": {
    "DestinationIsIpv6": "false",
    "DestinationIp": "23.53.224.34",
    "UtcTime": "2018-03-05 07:24:39.899",
    "SourceIp": "192.168.198.67",
    "DestinationPortName": "https",
    "ProcessGuid": "{A376A8F6-F0B6-5A9C-0000-001078E84A02}",
    "Initiated": "true",
    "User": "NT AUTHORITY\\NETWORK SERVICE",
    "SourcePort": "2276",
    "DestinationPort": "443",
    "SourceHostname": "DESKTOP-WJANG",
    "Protocol": "tcp",
    "SourceIsIpv6": "false",
    "Image": "C:\\ProgramData\\Microsoft\\Windows Defender\\Platform\\4.12.17007.18022-0\\MpCmdRun.exe",
    "ProcessId": "26192",
    "DestinationHostname": "a23-53-224-34.deploy.static.akamaitechnologies.com"
  },
  "beat": {
    "name": "DESKTOP-WJANG",
    "hostname": "DESKTOP-WJANG",
    "version": "6.2.2"
  },
  "level": "정보",
  "record_number": "99",
  "process_id": 8608,
  "computer_name": "DESKTOP-WJANG",
  "user": {
    "identifier": "S-1-5-18",
    "name": "SYSTEM",
    "domain": "NT AUTHORITY",
    "type": "Well Known Group"
  },
  "source_name": "Microsoft-Windows-Sysmon",
  "log_name": "Microsoft-Windows-Sysmon/Operational",
  "message": "Network connection detected:\nUtcTime: 2018-03-05 07:24:39.899\nProcessGuid: {A376A8F6-F0B6-5A9C-0000-001078E84A02}\nProcessId: 26192\nImage: C:\\ProgramData\\Microsoft\\Windows Defender\\Platform\\4.12.17007.18022-0\\MpCmdRun.exe\nUser: NT AUTHORITY\\NETWORK SERVICE\nProtocol: tcp\nInitiated: true\nSourceIsIpv6: false\nSourceIp: 192.168.198.67\nSourceHostname: DESKTOP-WJANG\nSourcePort: 2276\nSourcePortName: \nDestinationIsIpv6: false\nDestinationIp: 23.53.224.34\nDestinationHostname: a23-53-224-34.deploy.static.akamaitechnologies.com\nDestinationPort: 443\nDestinationPortName: https"
}
{
  "@timestamp": "2018-03-05T07:24:41.349Z",
  "@metadata": {
    "beat": "winlogbeat",
    "type": "doc",
    "version": "6.2.2"
  },
  "message": "Network connection detected:\nUtcTime: 2018-03-05 07:24:40.268\nProcessGuid: {A376A8F6-ECA3-5A9C-0000-00105CF10200}\nProcessId: 4800\nImage: C:\\Windows\\System32\\svchost.exe\nUser: NT AUTHORITY\\SYSTEM\nProtocol: tcp\nInitiated: true\nSourceIsIpv6: false\nSourceIp: 192.168.198.67\nSourceHostname: DESKTOP-WJANG\nSourcePort: 2278\nSourcePortName: \nDestinationIsIpv6: false\nDestinationIp: 111.221.29.254\nDestinationHostname: \nDestinationPort: 443\nDestinationPortName: https",
  "user": {
    "name": "SYSTEM",
    "domain": "NT AUTHORITY",
    "type": "Well Known Group",
    "identifier": "S-1-5-18"
  },
  "level": "정보",
  "log_name": "Microsoft-Windows-Sysmon/Operational",
  "version": 5,
  "process_id": 8608,
  "thread_id": 23856,
  "opcode": "정보",
  "event_data": {
    "Initiated": "true",
    "DestinationPortName": "https",
    "SourceIsIpv6": "false",
    "DestinationPort": "443",
    "SourceIp": "192.168.198.67",
    "DestinationIsIpv6": "false",
    "UtcTime": "2018-03-05 07:24:40.268",
    "ProcessId": "4800",
    "User": "NT AUTHORITY\\SYSTEM",
    "Image": "C:\\Windows\\System32\\svchost.exe",
    "DestinationIp": "111.221.29.254",
    "SourcePort": "2278",
    "ProcessGuid": "{A376A8F6-ECA3-5A9C-0000-00105CF10200}",
    "Protocol": "tcp",
    "SourceHostname": "DESKTOP-WJANG"
  },
  "event_id": 3,
  "type": "wineventlog",
  "source_name": "Microsoft-Windows-Sysmon",
  "task": "Network connection detected (rule: NetworkConnect)",
  "beat": {
    "name": "DESKTOP-WJANG",
    "hostname": "DESKTOP-WJANG",
    "version": "6.2.2"
  },
  "provider_guid": "{5770385F-C22A-43E0-BF4C-06F5698FFBD9}",
  "record_number": "100",
  "computer_name": "DESKTOP-WJANG"
}
{
  "@timestamp": "2018-03-05T07:24:47.110Z",
  "@metadata": {
    "beat": "winlogbeat",
    "type": "doc",
    "version": "6.2.2"
  },
  "event_id": 3,
  "type": "wineventlog",
  "computer_name": "DESKTOP-WJANG",
  "message": "Network connection detected:\nUtcTime: 2018-03-05 07:24:45.716\nProcessGuid: {A376A8F6-ECA3-5A9C-0000-0010B2050300}\nProcessId: 5328\nImage: C:\\Program Files (x86)\\Kaspersky Lab\\Kaspersky Free 18.0.0\\avp.exe\nUser: NT AUTHORITY\\SYSTEM\nProtocol: udp\nInitiated: true\nSourceIsIpv6: false\nSourceIp: 192.168.198.67\nSourceHostname: DESKTOP-WJANG\nSourcePort: 52797\nSourcePortName: \nDestinationIsIpv6: false\nDestinationIp: 8.8.8.8\nDestinationHostname: \nDestinationPort: 53\nDestinationPortName: domain",
  "log_name": "Microsoft-Windows-Sysmon/Operational",
  "opcode": "정보",
  "user": {
    "identifier": "S-1-5-18",
    "name": "SYSTEM",
    "domain": "NT AUTHORITY",
    "type": "Well Known Group"
  },
  "process_id": 8608,
  "record_number": "101",
  "thread_id": 23856,
  "beat": {
    "version": "6.2.2",
    "name": "DESKTOP-WJANG",
    "hostname": "DESKTOP-WJANG"
  },
  "provider_guid": "{5770385F-C22A-43E0-BF4C-06F5698FFBD9}",
  "version": 5,
  "event_data": {
    "DestinationIsIpv6": "false",
    "SourcePort": "52797",
    "SourceHostname": "DESKTOP-WJANG",
    "DestinationPortName": "domain",
    "ProcessId": "5328",
    "User": "NT AUTHORITY\\SYSTEM",
    "Image": "C:\\Program Files (x86)\\Kaspersky Lab\\Kaspersky Free 18.0.0\\avp.exe",
    "DestinationIp": "8.8.8.8",
    "SourceIsIpv6": "false",
    "Initiated": "true",
    "UtcTime": "2018-03-05 07:24:45.716",
    "SourceIp": "192.168.198.67",
    "DestinationPort": "53",
    "Protocol": "udp",
    "ProcessGuid": "{A376A8F6-ECA3-5A9C-0000-0010B2050300}"
  },
  "task": "Network connection detected (rule: NetworkConnect)",
  "source_name": "Microsoft-Windows-Sysmon",
  "level": "정보"
}
{
  "@timestamp": "2018-03-05T07:24:48.113Z",
  "@metadata": {
    "beat": "winlogbeat",
    "type": "doc",
    "version": "6.2.2"
  },
  "type": "wineventlog",
  "event_data": {
    "User": "NT AUTHORITY\\SYSTEM",
    "Protocol": "tcp",
    "UtcTime": "2018-03-05 07:24:46.593",
    "ProcessId": "5328",
    "DestinationPortName": "https",
    "SourceIsIpv6": "false",
    "DestinationIsIpv6": "false",
    "DestinationIp": "81.19.104.108",
    "SourceIp": "192.168.198.67",
    "SourcePort": "2279",
    "ProcessGuid": "{A376A8F6-ECA3-5A9C-0000-0010B2050300}",
    "DestinationPort": "443",
    "Initiated": "true",
    "SourceHostname": "DESKTOP-WJANG",
    "Image": "C:\\Program Files (x86)\\Kaspersky Lab\\Kaspersky Free 18.0.0\\avp.exe"
  },
  "event_id": 3,
  "task": "Network connection detected (rule: NetworkConnect)",
  "version": 5,
  "process_id": 8608,
  "beat": {
    "name": "DESKTOP-WJANG",
    "hostname": "DESKTOP-WJANG",
    "version": "6.2.2"
  },
  "provider_guid": "{5770385F-C22A-43E0-BF4C-06F5698FFBD9}",
  "user": {
    "domain": "NT AUTHORITY",
    "type": "Well Known Group",
    "identifier": "S-1-5-18",
    "name": "SYSTEM"
  },
  "log_name": "Microsoft-Windows-Sysmon/Operational",
  "level": "정보",
  "thread_id": 23856,
  "message": "Network connection detected:\nUtcTime: 2018-03-05 07:24:46.593\nProcessGuid: {A376A8F6-ECA3-5A9C-0000-0010B2050300}\nProcessId: 5328\nImage: C:\\Program Files (x86)\\Kaspersky Lab\\Kaspersky Free 18.0.0\\avp.exe\nUser: NT AUTHORITY\\SYSTEM\nProtocol: tcp\nInitiated: true\nSourceIsIpv6: false\nSourceIp: 192.168.198.67\nSourceHostname: DESKTOP-WJANG\nSourcePort: 2279\nSourcePortName: \nDestinationIsIpv6: false\nDestinationIp: 81.19.104.108\nDestinationHostname: \nDestinationPort: 443\nDestinationPortName: https",
  "computer_name": "DESKTOP-WJANG",
  "record_number": "102",
  "opcode": "정보",
  "source_name": "Microsoft-Windows-Sysmon"
}
{
  "@timestamp": "2018-03-05T07:24:50.114Z",
  "@metadata": {
    "beat": "winlogbeat",
    "type": "doc",
    "version": "6.2.2"
  },
  "thread_id": 23856,
  "task": "Network connection detected (rule: NetworkConnect)",
  "computer_name": "DESKTOP-WJANG",
  "provider_guid": "{5770385F-C22A-43E0-BF4C-06F5698FFBD9}",
  "log_name": "Microsoft-Windows-Sysmon/Operational",
  "process_id": 8608,
  "user": {
    "domain": "NT AUTHORITY",
    "type": "Well Known Group",
    "identifier": "S-1-5-18",
    "name": "SYSTEM"
  },
  "beat": {
    "version": "6.2.2",
    "name": "DESKTOP-WJANG",
    "hostname": "DESKTOP-WJANG"
  },
  "level": "정보",
  "message": "Network connection detected:\nUtcTime: 2018-03-05 07:24:48.387\nProcessGuid: {A376A8F6-F0B6-5A9C-0000-001078E84A02}\nProcessId: 26192\nImage: C:\\ProgramData\\Microsoft\\Windows Defender\\Platform\\4.12.17007.18022-0\\MpCmdRun.exe\nUser: NT AUTHORITY\\NETWORK SERVICE\nProtocol: tcp\nInitiated: true\nSourceIsIpv6: false\nSourceIp: 192.168.198.67\nSourceHostname: DESKTOP-WJANG\nSourcePort: 2280\nSourcePortName: \nDestinationIsIpv6: false\nDestinationIp: 104.124.246.225\nDestinationHostname: a104-124-246-225.deploy.static.akamaitechnologies.com\nDestinationPort: 443\nDestinationPortName: https",
  "record_number": "103",
  "version": 5,
  "event_id": 3,
  "source_name": "Microsoft-Windows-Sysmon",
  "event_data": {
    "DestinationPortName": "https",
    "DestinationIp": "104.124.246.225",
    "UtcTime": "2018-03-05 07:24:48.387",
    "SourceIp": "192.168.198.67",
    "SourceHostname": "DESKTOP-WJANG",
    "ProcessId": "26192",
    "User": "NT AUTHORITY\\NETWORK SERVICE",
    "DestinationPort": "443",
    "SourceIsIpv6": "false",
    "Image": "C:\\ProgramData\\Microsoft\\Windows Defender\\Platform\\4.12.17007.18022-0\\MpCmdRun.exe",
    "DestinationIsIpv6": "false",
    "ProcessGuid": "{A376A8F6-F0B6-5A9C-0000-001078E84A02}",
    "Initiated": "true",
    "SourcePort": "2280",
    "DestinationHostname": "a104-124-246-225.deploy.static.akamaitechnologies.com",
    "Protocol": "tcp"
  },
  "opcode": "정보",
  "type": "wineventlog"
}
