{
  "@timestamp": "2018-03-05T07:32:39.449Z",
  "@metadata": {
    "beat": "winlogbeat",
    "type": "doc",
    "version": "6.2.2"
  },
  "event_id": 7,
  "version": 3,
  "thread_id": 19220,
  "event_data": {
    "Product": "Microsoft® Windows® Operating System",
    "Signature": "Microsoft Windows",
    "Signed": "true",
    "SignatureStatus": "Valid",
    "Image": "C:\\Program Files\\Mozilla Firefox\\firefox.exe",
    "UtcTime": "2018-03-05 07:32:39.446",
    "FileVersion": "10.0.16299.98 (WinBuild.160101.0800)",
    "ImageLoaded": "C:\\Windows\\System32\\dxgi.dll",
    "Company": "Microsoft Corporation",
    "ProcessId": "25848",
    "ProcessGuid": "{A376A8F6-F296-5A9C-0000-0010274B8703}",
    "Description": "DirectX Graphics Infrastructure",
    "Hashes": "MD5=46D2F0E302BD88193D3FEDF1FE9EF250,SHA256=52C01852A4D8AC703D3F87A8484EB2E0C3737544B1D7F96B62BE44B438DBAE26"
  },
  "provider_guid": "{5770385F-C22A-43E0-BF4C-06F5698FFBD9}",
  "process_id": 8608,
  "beat": {
    "name": "DESKTOP-WJANG",
    "hostname": "DESKTOP-WJANG",
    "version": "6.2.2"
  },
  "message": "Image loaded:\nUtcTime: 2018-03-05 07:32:39.446\nProcessGuid: {A376A8F6-F296-5A9C-0000-0010274B8703}\nProcessId: 25848\nImage: C:\\Program Files\\Mozilla Firefox\\firefox.exe\nImageLoaded: C:\\Windows\\System32\\dxgi.dll\nFileVersion: 10.0.16299.98 (WinBuild.160101.0800)\nDescription: DirectX Graphics Infrastructure\nProduct: Microsoft® Windows® Operating System\nCompany: Microsoft Corporation\nHashes: MD5=46D2F0E302BD88193D3FEDF1FE9EF250,SHA256=52C01852A4D8AC703D3F87A8484EB2E0C3737544B1D7F96B62BE44B438DBAE26\nSigned: true\nSignature: Microsoft Windows\nSignatureStatus: Valid",
  "user": {
    "identifier": "S-1-5-18",
    "name": "SYSTEM",
    "domain": "NT AUTHORITY",
    "type": "Well Known Group"
  },
  "source_name": "Microsoft-Windows-Sysmon",
  "level": "정보",
  "computer_name": "DESKTOP-WJANG",
  "record_number": "417",
  "type": "wineventlog",
  "opcode": "정보",
  "task": "Image loaded (rule: ImageLoad)",
  "log_name": "Microsoft-Windows-Sysmon/Operational"
}
{
  "@timestamp": "2018-03-05T07:32:39.451Z",
  "@metadata": {
    "beat": "winlogbeat",
    "type": "doc",
    "version": "6.2.2"
  },
  "record_number": "418",
  "process_id": 8608,
  "thread_id": 19220,
  "message": "Image loaded:\nUtcTime: 2018-03-05 07:32:39.448\nProcessGuid: {A376A8F6-F296-5A9C-0000-0010274B8703}\nProcessId: 25848\nImage: C:\\Program Files\\Mozilla Firefox\\firefox.exe\nImageLoaded: C:\\Windows\\System32\\ResourcePolicyClient.dll\nFileVersion: 10.0.16299.15 (WinBuild.160101.0800)\nDescription: Resource Policy Client\nProduct: Microsoft® Windows® Operating System\nCompany: Microsoft Corporation\nHashes: MD5=6B84117A0D2A59F18C8F64F72609C198,SHA256=28374581ADC5F56015A3B35C7748C245D1D2F946F2053C50F1B509AE23A5CC06\nSigned: true\nSignature: Microsoft Windows\nSignatureStatus: Valid",
  "event_id": 7,
  "task": "Image loaded (rule: ImageLoad)",
  "beat": {
    "version": "6.2.2",
    "name": "DESKTOP-WJANG",
    "hostname": "DESKTOP-WJANG"
  },
  "opcode": "정보",
  "log_name": "Microsoft-Windows-Sysmon/Operational",
  "level": "정보",
  "source_name": "Microsoft-Windows-Sysmon",
  "event_data": {
    "Company": "Microsoft Corporation",
    "Hashes": "MD5=6B84117A0D2A59F18C8F64F72609C198,SHA256=28374581ADC5F56015A3B35C7748C245D1D2F946F2053C50F1B509AE23A5CC06",
    "Description": "Resource Policy Client",
    "ProcessId": "25848",
    "Signature": "Microsoft Windows",
    "UtcTime": "2018-03-05 07:32:39.448",
    "FileVersion": "10.0.16299.15 (WinBuild.160101.0800)",
    "Image": "C:\\Program Files\\Mozilla Firefox\\firefox.exe",
    "ImageLoaded": "C:\\Windows\\System32\\ResourcePolicyClient.dll",
    "Signed": "true",
    "ProcessGuid": "{A376A8F6-F296-5A9C-0000-0010274B8703}",
    "SignatureStatus": "Valid",
    "Product": "Microsoft® Windows® Operating System"
  },
  "type": "wineventlog",
  "provider_guid": "{5770385F-C22A-43E0-BF4C-06F5698FFBD9}",
  "version": 3,
  "computer_name": "DESKTOP-WJANG",
  "user": {
    "name": "SYSTEM",
    "domain": "NT AUTHORITY",
    "type": "Well Known Group",
    "identifier": "S-1-5-18"
  }
}
{
  "@timestamp": "2018-03-05T07:32:39.451Z",
  "@metadata": {
    "beat": "winlogbeat",
    "type": "doc",
    "version": "6.2.2"
  },
  "beat": {
    "name": "DESKTOP-WJANG",
    "hostname": "DESKTOP-WJANG",
    "version": "6.2.2"
  },
  "provider_guid": "{5770385F-C22A-43E0-BF4C-06F5698FFBD9}",
  "task": "Image loaded (rule: ImageLoad)",
  "log_name": "Microsoft-Windows-Sysmon/Operational",
  "message": "Image loaded:\nUtcTime: 2018-03-05 07:32:38.624\nProcessGuid: {A376A8F6-F296-5A9C-0000-0010274B8703}\nProcessId: 25848\nImage: C:\\Program Files\\Mozilla Firefox\\firefox.exe\nImageLoaded: C:\\Windows\\System32\\evr.dll\nFileVersion: 10.0.16299.15 (WinBuild.160101.0800)\nDescription: 향상된 비디오 렌더러 DLL\nProduct: Microsoft® Windows® Operating System\nCompany: Microsoft Corporation\nHashes: MD5=9D7D33BEF975A084CDC8DC9B2B1EA3DB,SHA256=EEB469DE6C50A6248E5982EA4E8BDA3427CFCF1F7534DB940EF4EAFFA5DA289C\nSigned: true\nSignature: Microsoft Windows\nSignatureStatus: Valid",
  "process_id": 8608,
  "user": {
    "name": "SYSTEM",
    "domain": "NT AUTHORITY",
    "type": "Well Known Group",
    "identifier": "S-1-5-18"
  },
  "computer_name": "DESKTOP-WJANG",
  "type": "wineventlog",
  "event_data": {
    "Hashes": "MD5=9D7D33BEF975A084CDC8DC9B2B1EA3DB,SHA256=EEB469DE6C50A6248E5982EA4E8BDA3427CFCF1F7534DB940EF4EAFFA5DA289C",
    "Product": "Microsoft® Windows® Operating System",
    "FileVersion": "10.0.16299.15 (WinBuild.160101.0800)",
    "ImageLoaded": "C:\\Windows\\System32\\evr.dll",
    "ProcessGuid": "{A376A8F6-F296-5A9C-0000-0010274B8703}",
    "Description": "향상된 비디오 렌더러 DLL",
    "UtcTime": "2018-03-05 07:32:38.624",
    "ProcessId": "25848",
    "Signed": "true",
    "Company": "Microsoft Corporation",
    "Signature": "Microsoft Windows",
    "SignatureStatus": "Valid",
    "Image": "C:\\Program Files\\Mozilla Firefox\\firefox.exe"
  },
  "opcode": "정보",
  "thread_id": 23584,
  "source_name": "Microsoft-Windows-Sysmon",
  "version": 3,
  "event_id": 7,
  "level": "정보",
  "record_number": "419"
}
{
  "@timestamp": "2018-03-05T07:32:39.488Z",
  "@metadata": {
    "beat": "winlogbeat",
    "type": "doc",
    "version": "6.2.2"
  },
  "log_name": "Microsoft-Windows-Sysmon/Operational",
  "source_name": "Microsoft-Windows-Sysmon",
  "provider_guid": "{5770385F-C22A-43E0-BF4C-06F5698FFBD9}",
  "task": "Image loaded (rule: ImageLoad)",
  "message": "Image loaded:\nUtcTime: 2018-03-05 07:32:38.625\nProcessGuid: {A376A8F6-F294-5A9C-0000-001052E48503}\nProcessId: 17704\nImage: C:\\Program Files\\Mozilla Firefox\\firefox.exe\nImageLoaded: C:\\Windows\\System32\\IME\\shared\\IMETIP.DLL\nFileVersion: 10.0.16299.192 (WinBuild.160101.0800)\nDescription: Microsoft IME\nProduct: Microsoft® Windows® Operating System\nCompany: Microsoft Corporation\nHashes: MD5=245967AE933004D6DF5613D49817BF2B,SHA256=BD66FCBB939B7B225A00ACBF74591D5D9EF9921ED7CE487243E3F9DBEA12EF78\nSigned: true\nSignature: Microsoft Windows\nSignatureStatus: Valid",
  "type": "wineventlog",
  "thread_id": 23584,
  "opcode": "정보",
  "computer_name": "DESKTOP-WJANG",
  "record_number": "420",
  "user": {
    "identifier": "S-1-5-18",
    "name": "SYSTEM",
    "domain": "NT AUTHORITY",
    "type": "Well Known Group"
  },
  "version": 3,
  "event_id": 7,
  "process_id": 8608,
  "beat": {
    "name": "DESKTOP-WJANG",
    "hostname": "DESKTOP-WJANG",
    "version": "6.2.2"
  },
  "level": "정보",
  "event_data": {
    "SignatureStatus": "Valid",
    "Company": "Microsoft Corporation",
    "Hashes": "MD5=245967AE933004D6DF5613D49817BF2B,SHA256=BD66FCBB939B7B225A00ACBF74591D5D9EF9921ED7CE487243E3F9DBEA12EF78",
    "ProcessGuid": "{A376A8F6-F294-5A9C-0000-001052E48503}",
    "ProcessId": "17704",
    "UtcTime": "2018-03-05 07:32:38.625",
    "Image": "C:\\Program Files\\Mozilla Firefox\\firefox.exe",
    "ImageLoaded": "C:\\Windows\\System32\\IME\\shared\\IMETIP.DLL",
    "Description": "Microsoft IME",
    "Signature": "Microsoft Windows",
    "Signed": "true",
    "FileVersion": "10.0.16299.192 (WinBuild.160101.0800)",
    "Product": "Microsoft® Windows® Operating System"
  }
}
{
  "@timestamp": "2018-03-05T07:32:39.511Z",
  "@metadata": {
    "beat": "winlogbeat",
    "type": "doc",
    "version": "6.2.2"
  },
  "beat": {
    "name": "DESKTOP-WJANG",
    "hostname": "DESKTOP-WJANG",
    "version": "6.2.2"
  },
  "process_id": 8608,
  "user": {
    "domain": "NT AUTHORITY",
    "type": "Well Known Group",
    "identifier": "S-1-5-18",
    "name": "SYSTEM"
  },
  "version": 3,
  "opcode": "정보",
  "message": "Image loaded:\nUtcTime: 2018-03-05 07:32:38.636\nProcessGuid: {A376A8F6-F294-5A9C-0000-001052E48503}\nProcessId: 17704\nImage: C:\\Program Files\\Mozilla Firefox\\firefox.exe\nImageLoaded: C:\\Windows\\System32\\oleacc.dll\nFileVersion: 7.2.16299.15 (WinBuild.160101.0800)\nDescription: Active Accessibility Core Component\nProduct: Microsoft® Windows® Operating System\nCompany: Microsoft Corporation\nHashes: MD5=2C3B9E0B228BCCFDFFA44BAF3D07B755,SHA256=BDB7AF0C9ECB3148CBFD9166EA0C15DFCD4A167125DC5C158F72FA0A019F172F\nSigned: true\nSignature: Microsoft Windows\nSignatureStatus: Valid",
  "thread_id": 23584,
  "record_number": "421",
  "source_name": "Microsoft-Windows-Sysmon",
  "type": "wineventlog",
  "task": "Image loaded (rule: ImageLoad)",
  "event_data": {
    "Description": "Active Accessibility Core Component",
    "Signature": "Microsoft Windows",
    "Product": "Microsoft® Windows® Operating System",
    "Hashes": "MD5=2C3B9E0B228BCCFDFFA44BAF3D07B755,SHA256=BDB7AF0C9ECB3148CBFD9166EA0C15DFCD4A167125DC5C158F72FA0A019F172F",
    "ImageLoaded": "C:\\Windows\\System32\\oleacc.dll",
    "SignatureStatus": "Valid",
    "FileVersion": "7.2.16299.15 (WinBuild.160101.0800)",
    "Signed": "true",
    "UtcTime": "2018-03-05 07:32:38.636",
    "Company": "Microsoft Corporation",
    "Image": "C:\\Program Files\\Mozilla Firefox\\firefox.exe",
    "ProcessGuid": "{A376A8F6-F294-5A9C-0000-001052E48503}",
    "ProcessId": "17704"
  },
  "provider_guid": "{5770385F-C22A-43E0-BF4C-06F5698FFBD9}",
  "level": "정보",
  "computer_name": "DESKTOP-WJANG",
  "event_id": 7,
  "log_name": "Microsoft-Windows-Sysmon/Operational"
}
{
  "@timestamp": "2018-03-05T07:32:39.553Z",
  "@metadata": {
    "beat": "winlogbeat",
    "type": "doc",
    "version": "6.2.2"
  },
  "opcode": "정보",
  "process_id": 8608,
  "event_data": {
    "Signed": "true",
    "Image": "C:\\Program Files\\Mozilla Firefox\\firefox.exe",
    "Company": "NICSTECH, INC.",
    "Hashes": "MD5=87548462B6F83EF325028001CD9E6540,SHA256=8681461B2DFF5B25C65B3DC0F906B416026FD2304423B81DBD57117C3868169A",
    "Description": "Safe module injector(A,AU64)                                                                     ",
    "Signature": "NICSTECH CO.",
    "SignatureStatus": "Valid",
    "Product": "SafePC",
    "ProcessGuid": "{A376A8F6-F294-5A9C-0000-001052E48503}",
    "ProcessId": "17704",
    "FileVersion": "1.0.3.1",
    "UtcTime": "2018-03-05 07:32:39.051",
    "ImageLoaded": "C:\\Program Files\\Unetsystem\\AnyClick\\safeij64.dll"
  },
  "level": "정보",
  "beat": {
    "name": "DESKTOP-WJANG",
    "hostname": "DESKTOP-WJANG",
    "version": "6.2.2"
  },
  "source_name": "Microsoft-Windows-Sysmon",
  "task": "Image loaded (rule: ImageLoad)",
  "message": "Image loaded:\nUtcTime: 2018-03-05 07:32:39.051\nProcessGuid: {A376A8F6-F294-5A9C-0000-001052E48503}\nProcessId: 17704\nImage: C:\\Program Files\\Mozilla Firefox\\firefox.exe\nImageLoaded: C:\\Program Files\\Unetsystem\\AnyClick\\safeij64.dll\nFileVersion: 1.0.3.1\nDescription: Safe module injector(A,AU64)                                                                     \nProduct: SafePC\nCompany: NICSTECH, INC.\nHashes: MD5=87548462B6F83EF325028001CD9E6540,SHA256=8681461B2DFF5B25C65B3DC0F906B416026FD2304423B81DBD57117C3868169A\nSigned: true\nSignature: NICSTECH CO.\nSignatureStatus: Valid",
  "type": "wineventlog",
  "event_id": 7,
  "computer_name": "DESKTOP-WJANG",
  "thread_id": 23584,
  "log_name": "Microsoft-Windows-Sysmon/Operational",
  "user": {
    "domain": "NT AUTHORITY",
    "type": "Well Known Group",
    "identifier": "S-1-5-18",
    "name": "SYSTEM"
  },
  "record_number": "422",
  "provider_guid": "{5770385F-C22A-43E0-BF4C-06F5698FFBD9}",
  "version": 3
}
{
  "@timestamp": "2018-03-05T07:32:39.553Z",
  "@metadata": {
    "beat": "winlogbeat",
    "type": "doc",
    "version": "6.2.2"
  },
  "user": {
    "identifier": "S-1-5-18",
    "name": "SYSTEM",
    "domain": "NT AUTHORITY",
    "type": "Well Known Group"
  },
  "provider_guid": "{5770385F-C22A-43E0-BF4C-06F5698FFBD9}",
  "version": 3,
  "event_data": {
    "Image": "C:\\Program Files\\Mozilla Firefox\\firefox.exe",
    "SignatureStatus": "Valid",
    "Signature": "NICSTECH CO.",
    "Signed": "true",
    "UtcTime": "2018-03-05 07:32:38.648",
    "ImageLoaded": "C:\\Program Files\\Unetsystem\\AnyClick\\safeij64.dll",
    "Product": "SafePC",
    "ProcessGuid": "{A376A8F6-F296-5A9C-0000-0010274B8703}",
    "FileVersion": "1.0.3.1",
    "ProcessId": "25848",
    "Company": "NICSTECH, INC.",
    "Hashes": "MD5=87548462B6F83EF325028001CD9E6540,SHA256=8681461B2DFF5B25C65B3DC0F906B416026FD2304423B81DBD57117C3868169A",
    "Description": "Safe module injector(A,AU64)                                                                     "
  },
  "thread_id": 23584,
  "task": "Image loaded (rule: ImageLoad)",
  "beat": {
    "name": "DESKTOP-WJANG",
    "hostname": "DESKTOP-WJANG",
    "version": "6.2.2"
  },
  "computer_name": "DESKTOP-WJANG",
  "event_id": 7,
  "message": "Image loaded:\nUtcTime: 2018-03-05 07:32:38.648\nProcessGuid: {A376A8F6-F296-5A9C-0000-0010274B8703}\nProcessId: 25848\nImage: C:\\Program Files\\Mozilla Firefox\\firefox.exe\nImageLoaded: C:\\Program Files\\Unetsystem\\AnyClick\\safeij64.dll\nFileVersion: 1.0.3.1\nDescription: Safe module injector(A,AU64)                                                                     \nProduct: SafePC\nCompany: NICSTECH, INC.\nHashes: MD5=87548462B6F83EF325028001CD9E6540,SHA256=8681461B2DFF5B25C65B3DC0F906B416026FD2304423B81DBD57117C3868169A\nSigned: true\nSignature: NICSTECH CO.\nSignatureStatus: Valid",
  "process_id": 8608,
  "source_name": "Microsoft-Windows-Sysmon",
  "level": "정보",
  "record_number": "423",
  "opcode": "정보",
  "type": "wineventlog",
  "log_name": "Microsoft-Windows-Sysmon/Operational"
}
{
  "@timestamp": "2018-03-05T07:32:39.595Z",
  "@metadata": {
    "beat": "winlogbeat",
    "type": "doc",
    "version": "6.2.2"
  },
  "beat": {
    "hostname": "DESKTOP-WJANG",
    "version": "6.2.2",
    "name": "DESKTOP-WJANG"
  },
  "message": "Image loaded:\nUtcTime: 2018-03-05 07:32:38.653\nProcessGuid: {A376A8F6-F294-5A9C-0000-001052E48503}\nProcessId: 17704\nImage: C:\\Program Files\\Mozilla Firefox\\firefox.exe\nImageLoaded: C:\\Windows\\System32\\dui70.dll\nFileVersion: 10.0.16299.15 (WinBuild.160101.0800)\nDescription: Windows DirectUI 엔진\nProduct: Microsoft® Windows® Operating System\nCompany: Microsoft Corporation\nHashes: MD5=21D7AFB1FF54228FF43FC4032E8E57DB,SHA256=09289479C0EAC2D0BF8F88FFCDB356FE35065C801CB313053572DFCA1B274CF8\nSigned: true\nSignature: Microsoft Windows\nSignatureStatus: Valid",
  "task": "Image loaded (rule: ImageLoad)",
  "version": 3,
  "level": "정보",
  "opcode": "정보",
  "log_name": "Microsoft-Windows-Sysmon/Operational",
  "record_number": "424",
  "event_data": {
    "UtcTime": "2018-03-05 07:32:38.653",
    "ImageLoaded": "C:\\Windows\\System32\\dui70.dll",
    "Signed": "true",
    "Product": "Microsoft® Windows® Operating System",
    "FileVersion": "10.0.16299.15 (WinBuild.160101.0800)",
    "Hashes": "MD5=21D7AFB1FF54228FF43FC4032E8E57DB,SHA256=09289479C0EAC2D0BF8F88FFCDB356FE35065C801CB313053572DFCA1B274CF8",
    "ProcessId": "17704",
    "Description": "Windows DirectUI 엔진",
    "Company": "Microsoft Corporation",
    "ProcessGuid": "{A376A8F6-F294-5A9C-0000-001052E48503}",
    "Signature": "Microsoft Windows",
    "SignatureStatus": "Valid",
    "Image": "C:\\Program Files\\Mozilla Firefox\\firefox.exe"
  },
  "computer_name": "DESKTOP-WJANG",
  "source_name": "Microsoft-Windows-Sysmon",
  "event_id": 7,
  "provider_guid": "{5770385F-C22A-43E0-BF4C-06F5698FFBD9}",
  "type": "wineventlog",
  "user": {
    "identifier": "S-1-5-18",
    "name": "SYSTEM",
    "domain": "NT AUTHORITY",
    "type": "Well Known Group"
  },
  "thread_id": 23584,
  "process_id": 8608
}
{
  "@timestamp": "2018-03-05T07:32:39.607Z",
  "@metadata": {
    "beat": "winlogbeat",
    "type": "doc",
    "version": "6.2.2"
  },
  "provider_guid": "{5770385F-C22A-43E0-BF4C-06F5698FFBD9}",
  "user": {
    "identifier": "S-1-5-18",
    "name": "SYSTEM",
    "domain": "NT AUTHORITY",
    "type": "Well Known Group"
  },
  "process_id": 8608,
  "type": "wineventlog",
  "source_name": "Microsoft-Windows-Sysmon",
  "opcode": "정보",
  "thread_id": 23584,
  "record_number": "425",
  "event_id": 7,
  "version": 3,
  "beat": {
    "version": "6.2.2",
    "name": "DESKTOP-WJANG",
    "hostname": "DESKTOP-WJANG"
  },
  "task": "Image loaded (rule: ImageLoad)",
  "level": "정보",
  "event_data": {
    "Image": "C:\\Program Files\\Mozilla Firefox\\firefox.exe",
    "ImageLoaded": "C:\\Windows\\System32\\msvcr100.dll",
    "Description": "Microsoft® C Runtime Library",
    "Hashes": "MD5=366FD6F3A451351B5DF2D7C4ECF4C73A,SHA256=AE3CB6C6AFBA9A4AA5C85F66023C35338CA579B30326DD02918F9D55259503D5",
    "ProcessGuid": "{A376A8F6-F294-5A9C-0000-001052E48503}",
    "ProcessId": "17704",
    "FileVersion": "10.00.40219.325",
    "Company": "Microsoft Corporation",
    "SignatureStatus": "Valid",
    "Signed": "true",
    "Signature": "Microsoft Corporation",
    "UtcTime": "2018-03-05 07:32:39.052",
    "Product": "Microsoft® Visual Studio® 2010"
  },
  "message": "Image loaded:\nUtcTime: 2018-03-05 07:32:39.052\nProcessGuid: {A376A8F6-F294-5A9C-0000-001052E48503}\nProcessId: 17704\nImage: C:\\Program Files\\Mozilla Firefox\\firefox.exe\nImageLoaded: C:\\Windows\\System32\\msvcr100.dll\nFileVersion: 10.00.40219.325\nDescription: Microsoft® C Runtime Library\nProduct: Microsoft® Visual Studio® 2010\nCompany: Microsoft Corporation\nHashes: MD5=366FD6F3A451351B5DF2D7C4ECF4C73A,SHA256=AE3CB6C6AFBA9A4AA5C85F66023C35338CA579B30326DD02918F9D55259503D5\nSigned: true\nSignature: Microsoft Corporation\nSignatureStatus: Valid",
  "log_name": "Microsoft-Windows-Sysmon/Operational",
  "computer_name": "DESKTOP-WJANG"
}
{
  "@timestamp": "2018-03-05T07:32:39.608Z",
  "@metadata": {
    "beat": "winlogbeat",
    "type": "doc",
    "version": "6.2.2"
  },
  "version": 3,
  "process_id": 8608,
  "message": "Image loaded:\nUtcTime: 2018-03-05 07:32:38.664\nProcessGuid: {A376A8F6-F296-5A9C-0000-0010274B8703}\nProcessId: 25848\nImage: C:\\Program Files\\Mozilla Firefox\\firefox.exe\nImageLoaded: C:\\Windows\\System32\\msvcr100.dll\nFileVersion: 10.00.40219.325\nDescription: Microsoft® C Runtime Library\nProduct: Microsoft® Visual Studio® 2010\nCompany: Microsoft Corporation\nHashes: MD5=366FD6F3A451351B5DF2D7C4ECF4C73A,SHA256=AE3CB6C6AFBA9A4AA5C85F66023C35338CA579B30326DD02918F9D55259503D5\nSigned: true\nSignature: Microsoft Corporation\nSignatureStatus: Valid",
  "thread_id": 23584,
  "opcode": "정보",
  "log_name": "Microsoft-Windows-Sysmon/Operational",
  "event_data": {
    "ProcessId": "25848",
    "Signature": "Microsoft Corporation",
    "Signed": "true",
    "FileVersion": "10.00.40219.325",
    "Product": "Microsoft® Visual Studio® 2010",
    "Company": "Microsoft Corporation",
    "ImageLoaded": "C:\\Windows\\System32\\msvcr100.dll",
    "Description": "Microsoft® C Runtime Library",
    "UtcTime": "2018-03-05 07:32:38.664",
    "ProcessGuid": "{A376A8F6-F296-5A9C-0000-0010274B8703}",
    "Hashes": "MD5=366FD6F3A451351B5DF2D7C4ECF4C73A,SHA256=AE3CB6C6AFBA9A4AA5C85F66023C35338CA579B30326DD02918F9D55259503D5",
    "SignatureStatus": "Valid",
    "Image": "C:\\Program Files\\Mozilla Firefox\\firefox.exe"
  },
  "task": "Image loaded (rule: ImageLoad)",
  "event_id": 7,
  "level": "정보",
  "user": {
    "domain": "NT AUTHORITY",
    "type": "Well Known Group",
    "identifier": "S-1-5-18",
    "name": "SYSTEM"
  },
  "provider_guid": "{5770385F-C22A-43E0-BF4C-06F5698FFBD9}",
  "source_name": "Microsoft-Windows-Sysmon",
  "computer_name": "DESKTOP-WJANG",
  "type": "wineventlog",
  "record_number": "426",
  "beat": {
    "name": "DESKTOP-WJANG",
    "hostname": "DESKTOP-WJANG",
    "version": "6.2.2"
  }
}
{
  "@timestamp": "2018-03-05T07:32:39.635Z",
  "@metadata": {
    "beat": "winlogbeat",
    "type": "doc",
    "version": "6.2.2"
  },
  "process_id": 8608,
  "type": "wineventlog",
  "computer_name": "DESKTOP-WJANG",
  "beat": {
    "version": "6.2.2",
    "name": "DESKTOP-WJANG",
    "hostname": "DESKTOP-WJANG"
  },
  "task": "Image loaded (rule: ImageLoad)",
  "record_number": "427",
  "user": {
    "domain": "NT AUTHORITY",
    "type": "Well Known Group",
    "identifier": "S-1-5-18",
    "name": "SYSTEM"
  },
  "source_name": "Microsoft-Windows-Sysmon",
  "event_id": 7,
  "version": 3,
  "opcode": "정보",
  "level": "정보",
  "event_data": {
    "Product": "Microsoft® Windows® Operating System",
    "Signature": "Microsoft Windows",
    "FileVersion": "10.0.16299.15 (WinBuild.160101.0800)",
    "ProcessGuid": "{A376A8F6-F294-5A9C-0000-001052E48503}",
    "Signed": "true",
    "ProcessId": "17704",
    "Hashes": "MD5=6DA1BE8EA1988AE0452087CCE31167AA,SHA256=747C1340BD10779A34B9A44B54CF09476CDEAE129620F06137F94890E5FEAB0A",
    "Image": "C:\\Program Files\\Mozilla Firefox\\firefox.exe",
    "ImageLoaded": "C:\\Windows\\System32\\IME\\IMEKR\\imkrapi.dll",
    "SignatureStatus": "Valid",
    "UtcTime": "2018-03-05 07:32:38.671",
    "Company": "Microsoft Corporation",
    "Description": "Microsoft IME"
  },
  "log_name": "Microsoft-Windows-Sysmon/Operational",
  "provider_guid": "{5770385F-C22A-43E0-BF4C-06F5698FFBD9}",
  "thread_id": 23584,
  "message": "Image loaded:\nUtcTime: 2018-03-05 07:32:38.671\nProcessGuid: {A376A8F6-F294-5A9C-0000-001052E48503}\nProcessId: 17704\nImage: C:\\Program Files\\Mozilla Firefox\\firefox.exe\nImageLoaded: C:\\Windows\\System32\\IME\\IMEKR\\imkrapi.dll\nFileVersion: 10.0.16299.15 (WinBuild.160101.0800)\nDescription: Microsoft IME\nProduct: Microsoft® Windows® Operating System\nCompany: Microsoft Corporation\nHashes: MD5=6DA1BE8EA1988AE0452087CCE31167AA,SHA256=747C1340BD10779A34B9A44B54CF09476CDEAE129620F06137F94890E5FEAB0A\nSigned: true\nSignature: Microsoft Windows\nSignatureStatus: Valid"
}
{
  "@timestamp": "2018-03-05T07:32:39.639Z",
  "@metadata": {
    "beat": "winlogbeat",
    "type": "doc",
    "version": "6.2.2"
  },
  "type": "wineventlog",
  "opcode": "정보",
  "process_id": 8608,
  "computer_name": "DESKTOP-WJANG",
  "beat": {
    "name": "DESKTOP-WJANG",
    "hostname": "DESKTOP-WJANG",
    "version": "6.2.2"
  },
  "user": {
    "identifier": "S-1-5-18",
    "name": "SYSTEM",
    "domain": "NT AUTHORITY",
    "type": "Well Known Group"
  },
  "level": "정보",
  "task": "Process Create (rule: ProcessCreate)",
  "log_name": "Microsoft-Windows-Sysmon/Operational",
  "provider_guid": "{5770385F-C22A-43E0-BF4C-06F5698FFBD9}",
  "record_number": "428",
  "version": 5,
  "message": "Process Create:\nUtcTime: 2018-03-05 07:32:39.631\nProcessGuid: {A376A8F6-F297-5A9C-0000-00104D2C8803}\nProcessId: 4624\nImage: C:\\Program Files\\Mozilla Firefox\\firefox.exe\nFileVersion: 58.0.2\nDescription: Firefox\nProduct: Firefox\nCompany: Mozilla Corporation\nCommandLine: \"C:\\Program Files\\Mozilla Firefox\\firefox.exe\" -contentproc --channel=\"17704.3.1814727707\\1029619617\" -childID 1 -isForBrowser -intPrefs 5:50|6:-1|28:1000|34:20|35:5|36:10|45:128|46:10000|51:0|53:400|54:1|55:0|56:0|61:0|62:120|63:120|99:2|100:1|115:5000|125:0|127:0|138:10000|150:-1|158:24|159:32768|161:0|162:0|170:2|174:1048576|175:100|176:5000|178:600|180:1|188:20|191:4|195:0|204:60000| -boolPrefs 1:0|2:0|4:0|26:1|27:1|30:0|33:1|37:1|38:0|39:0|40:0|43:1|44:1|47:0|48:0|49:0|50:0|52:0|57:1|58:1|59:0|60:1|64:1|65:1|66:0|67:1|68:1|69:0|70:1|73:0|74:0|77:1|78:1|82:1|83:1|84:0|85:0|86:0|88:0|89:0|90:1|91:1|92:1|95:1|96:0|98:0|101:1|102:0|109:0|114:0|117:1|120:1|122:1|126:0|129:1|132:1|133:1|139:1|140:0|141:1|143:0|149:0|151:1|152:0|153:1|156:0|157:0|160:1|163:0|165:1|167:1|168:0|177:1|182:0|183:0|184:0|185:1|186:0|187:0|189:1|190:1|193:0|196:0|197:0|198:1|199:1|200:0|201:1|202:1|203:1|205:0|206:0|208:0|217:1|218:1|219:0|220:0|221:0| -stringPrefs \"3:7;release|97:0;|142:3;1.0|154:332;  ¼½¾ǃː̷̸։֊׃״؉؊٪۔܁܂܃܄ᅟᅠ᜵           ​‎‏‐’․‧\u2028\u2029‪‫‬‭‮ ‹›⁁⁄⁒ ⅓⅔⅕⅖⅗⅘⅙⅚⅛⅜⅝⅞⅟∕∶⎮╱⧶⧸⫻⫽⿰⿱⿲⿳⿴⿵⿶⿷⿸⿹⿺⿻　。〔〕〳゠ㅤ㈝㈞㎮㎯㏆㏟꞉︔︕︿﹝﹞﻿．／｡ﾠ￹￺￻￼�|155:4;high|192:38;{0aa63d4b-0bc0-4754-bd4a-1e621ca9132f}|\" -schedulerPrefs 0001,2 -greomni \"C:\\Program Files\\Mozilla Firefox\\omni.ja\" -appomni \"C:\\Program Files\\Mozilla Firefox\\browser\\omni.ja\" -appdir \"C:\\Program Files\\Mozilla Firefox\\browser\"  17704 \"\\\\.\\pipe\\gecko-crash-server-pipe.17704\" tab\nCurrentDirectory: C:\\Program Files\\Mozilla Firefox\\\nUser: DESKTOP-WJANG\\wook8170\nLogonGuid: {A376A8F6-ECB5-5A9C-0000-00208AB21300}\nLogonId: 0x13B28A\nTerminalSessionId: 1\nIntegrityLevel: Low\nHashes: MD5=22819EB3C648583352AE83003E4C9A56,SHA256=4B69AE5B7D548EFC56FDBE2E650CE2B519AE0C9C928640023077B956C51A7138\nParentProcessGuid: {A376A8F6-F294-5A9C-0000-001052E48503}\nParentProcessId: 17704\nParentImage: C:\\Program Files\\Mozilla Firefox\\firefox.exe\nParentCommandLine: \"C:\\Program Files\\Mozilla Firefox\\firefox.exe\" ",
  "source_name": "Microsoft-Windows-Sysmon",
  "event_id": 1,
  "thread_id": 19220,
  "event_data": {
    "ParentImage": "C:\\Program Files\\Mozilla Firefox\\firefox.exe",
    "ParentProcessId": "17704",
    "FileVersion": "58.0.2",
    "LogonGuid": "{A376A8F6-ECB5-5A9C-0000-00208AB21300}",
    "CommandLine": "\"C:\\Program Files\\Mozilla Firefox\\firefox.exe\" -contentproc --channel=\"17704.3.1814727707\\1029619617\" -childID 1 -isForBrowser -intPrefs 5:50|6:-1|28:1000|34:20|35:5|36:10|45:128|46:10000|51:0|53:400|54:1|55:0|56:0|61:0|62:120|63:120|99:2|100:1|115:5000|125:0|127:0|138:10000|150:-1|158:24|159:32768|161:0|162:0|170:2|174:1048576|175:100|176:5000|178:600|180:1|188:20|191:4|195:0|204:60000| -boolPrefs 1:0|2:0|4:0|26:1|27:1|30:0|33:1|37:1|38:0|39:0|40:0|43:1|44:1|47:0|48:0|49:0|50:0|52:0|57:1|58:1|59:0|60:1|64:1|65:1|66:0|67:1|68:1|69:0|70:1|73:0|74:0|77:1|78:1|82:1|83:1|84:0|85:0|86:0|88:0|89:0|90:1|91:1|92:1|95:1|96:0|98:0|101:1|102:0|109:0|114:0|117:1|120:1|122:1|126:0|129:1|132:1|133:1|139:1|140:0|141:1|143:0|149:0|151:1|152:0|153:1|156:0|157:0|160:1|163:0|165:1|167:1|168:0|177:1|182:0|183:0|184:0|185:1|186:0|187:0|189:1|190:1|193:0|196:0|197:0|198:1|199:1|200:0|201:1|202:1|203:1|205:0|206:0|208:0|217:1|218:1|219:0|220:0|221:0| -stringPrefs \"3:7;release|97:0;|142:3;1.0|154:332;  ¼½¾ǃː̷̸։֊׃״؉؊٪۔܁܂܃܄ᅟᅠ᜵           ​‎‏‐’․‧\u2028\u2029‪‫‬‭‮ ‹›⁁⁄⁒ ⅓⅔⅕⅖⅗⅘⅙⅚⅛⅜⅝⅞⅟∕∶⎮╱⧶⧸⫻⫽⿰⿱⿲⿳⿴⿵⿶⿷⿸⿹⿺⿻　。〔〕〳゠ㅤ㈝㈞㎮㎯㏆㏟꞉︔︕︿﹝﹞﻿．／｡ﾠ￹￺￻￼�|155:4;high|192:38;{0aa63d4b-0bc0-4754-bd4a-1e621ca9132f}|\" -schedulerPrefs 0001,2 -greomni \"C:\\Program Files\\Mozilla Firefox\\omni.ja\" -appomni \"C:\\Program Files\\Mozilla Firefox\\browser\\omni.ja\" -appdir \"C:\\Program Files\\Mozilla Firefox\\browser\"  17704 \"\\\\.\\pipe\\gecko-crash-server-pipe.17704\" tab",
    "Image": "C:\\Program Files\\Mozilla Firefox\\firefox.exe",
    "Company": "Mozilla Corporation",
    "ParentProcessGuid": "{A376A8F6-F294-5A9C-0000-001052E48503}",
    "ParentCommandLine": "\"C:\\Program Files\\Mozilla Firefox\\firefox.exe\" ",
    "Description": "Firefox",
    "ProcessGuid": "{A376A8F6-F297-5A9C-0000-00104D2C8803}",
    "Product": "Firefox",
    "LogonId": "0x13b28a",
    "IntegrityLevel": "Low",
    "UtcTime": "2018-03-05 07:32:39.631",
    "ProcessId": "4624",
    "CurrentDirectory": "C:\\Program Files\\Mozilla Firefox\\",
    "TerminalSessionId": "1",
    "User": "DESKTOP-WJANG\\wook8170",
    "Hashes": "MD5=22819EB3C648583352AE83003E4C9A56,SHA256=4B69AE5B7D548EFC56FDBE2E650CE2B519AE0C9C928640023077B956C51A7138"
  }
}
{
  "@timestamp": "2018-03-05T07:32:39.640Z",
  "@metadata": {
    "beat": "winlogbeat",
    "type": "doc",
    "version": "6.2.2"
  },
  "type": "wineventlog",
  "source_name": "Microsoft-Windows-Sysmon",
  "event_data": {
    "Signature": "Mozilla Corporation",
    "ProcessId": "4624",
    "Image": "C:\\Program Files\\Mozilla Firefox\\firefox.exe",
    "Product": "Firefox",
    "FileVersion": "58.0.2",
    "Hashes": "MD5=22819EB3C648583352AE83003E4C9A56,SHA256=4B69AE5B7D548EFC56FDBE2E650CE2B519AE0C9C928640023077B956C51A7138",
    "Description": "Firefox",
    "ImageLoaded": "C:\\Program Files\\Mozilla Firefox\\firefox.exe",
    "SignatureStatus": "Valid",
    "Company": "Mozilla Corporation",
    "ProcessGuid": "{A376A8F6-F297-5A9C-0000-00104D2C8803}",
    "UtcTime": "2018-03-05 07:32:39.639",
    "Signed": "true"
  },
  "computer_name": "DESKTOP-WJANG",
  "event_id": 7,
  "message": "Image loaded:\nUtcTime: 2018-03-05 07:32:39.639\nProcessGuid: {A376A8F6-F297-5A9C-0000-00104D2C8803}\nProcessId: 4624\nImage: C:\\Program Files\\Mozilla Firefox\\firefox.exe\nImageLoaded: C:\\Program Files\\Mozilla Firefox\\firefox.exe\nFileVersion: 58.0.2\nDescription: Firefox\nProduct: Firefox\nCompany: Mozilla Corporation\nHashes: MD5=22819EB3C648583352AE83003E4C9A56,SHA256=4B69AE5B7D548EFC56FDBE2E650CE2B519AE0C9C928640023077B956C51A7138\nSigned: true\nSignature: Mozilla Corporation\nSignatureStatus: Valid",
  "provider_guid": "{5770385F-C22A-43E0-BF4C-06F5698FFBD9}",
  "opcode": "정보",
  "level": "정보",
  "task": "Image loaded (rule: ImageLoad)",
  "beat": {
    "name": "DESKTOP-WJANG",
    "hostname": "DESKTOP-WJANG",
    "version": "6.2.2"
  },
  "thread_id": 19220,
  "record_number": "429",
  "process_id": 8608,
  "user": {
    "name": "SYSTEM",
    "domain": "NT AUTHORITY",
    "type": "Well Known Group",
    "identifier": "S-1-5-18"
  },
  "log_name": "Microsoft-Windows-Sysmon/Operational",
  "version": 3
}
{
  "@timestamp": "2018-03-05T07:32:39.640Z",
  "@metadata": {
    "beat": "winlogbeat",
    "type": "doc",
    "version": "6.2.2"
  },
  "version": 3,
  "log_name": "Microsoft-Windows-Sysmon/Operational",
  "level": "정보",
  "opcode": "정보",
  "message": "Image loaded:\nUtcTime: 2018-03-05 07:32:39.640\nProcessGuid: {A376A8F6-F297-5A9C-0000-00104D2C8803}\nProcessId: 4624\nImage: C:\\Program Files\\Mozilla Firefox\\firefox.exe\nImageLoaded: C:\\Windows\\System32\\ntdll.dll\nFileVersion: 10.0.16299.15 (WinBuild.160101.0800)\nDescription: NT 계층 DLL\nProduct: Microsoft® Windows® Operating System\nCompany: Microsoft Corporation\nHashes: MD5=0123B11176C4EB9BF6B94C42B504D9AE,SHA256=F5FE851A614D0C4C8B271706B02FA6189363CE514D84EA2DDECEF8E0F81B1E2A\nSigned: true\nSignature: Microsoft Windows\nSignatureStatus: Valid",
  "beat": {
    "hostname": "DESKTOP-WJANG",
    "version": "6.2.2",
    "name": "DESKTOP-WJANG"
  },
  "thread_id": 19220,
  "source_name": "Microsoft-Windows-Sysmon",
  "provider_guid": "{5770385F-C22A-43E0-BF4C-06F5698FFBD9}",
  "event_id": 7,
  "event_data": {
    "UtcTime": "2018-03-05 07:32:39.640",
    "Company": "Microsoft Corporation",
    "Hashes": "MD5=0123B11176C4EB9BF6B94C42B504D9AE,SHA256=F5FE851A614D0C4C8B271706B02FA6189363CE514D84EA2DDECEF8E0F81B1E2A",
    "ImageLoaded": "C:\\Windows\\System32\\ntdll.dll",
    "SignatureStatus": "Valid",
    "ProcessGuid": "{A376A8F6-F297-5A9C-0000-00104D2C8803}",
    "ProcessId": "4624",
    "FileVersion": "10.0.16299.15 (WinBuild.160101.0800)",
    "Signature": "Microsoft Windows",
    "Image": "C:\\Program Files\\Mozilla Firefox\\firefox.exe",
    "Product": "Microsoft® Windows® Operating System",
    "Signed": "true",
    "Description": "NT 계층 DLL"
  },
  "process_id": 8608,
  "computer_name": "DESKTOP-WJANG",
  "record_number": "430",
  "user": {
    "identifier": "S-1-5-18",
    "name": "SYSTEM",
    "domain": "NT AUTHORITY",
    "type": "Well Known Group"
  },
  "task": "Image loaded (rule: ImageLoad)",
  "type": "wineventlog"
}
{
  "@timestamp": "2018-03-05T07:32:39.642Z",
  "@metadata": {
    "beat": "winlogbeat",
    "type": "doc",
    "version": "6.2.2"
  },
  "record_number": "431",
  "computer_name": "DESKTOP-WJANG",
  "task": "Image loaded (rule: ImageLoad)",
  "message": "Image loaded:\nUtcTime: 2018-03-05 07:32:39.641\nProcessGuid: {A376A8F6-F297-5A9C-0000-00104D2C8803}\nProcessId: 4624\nImage: C:\\Program Files\\Mozilla Firefox\\firefox.exe\nImageLoaded: C:\\Windows\\System32\\kernel32.dll\nFileVersion: 10.0.16299.15 (WinBuild.160101.0800)\nDescription: Windows NT 기반 API 클라이언트 DLL\nProduct: Microsoft® Windows® Operating System\nCompany: Microsoft Corporation\nHashes: MD5=222A8E8EA615529B5025DE5782830AF1,SHA256=7C76BB7AEC3C51164A49041E8A710C3C291BA1D30BAE07D126434A52A80D99E1\nSigned: true\nSignature: Microsoft Windows\nSignatureStatus: Valid",
  "user": {
    "type": "Well Known Group",
    "identifier": "S-1-5-18",
    "name": "SYSTEM",
    "domain": "NT AUTHORITY"
  },
  "source_name": "Microsoft-Windows-Sysmon",
  "type": "wineventlog",
  "opcode": "정보",
  "process_id": 8608,
  "thread_id": 19220,
  "beat": {
    "name": "DESKTOP-WJANG",
    "hostname": "DESKTOP-WJANG",
    "version": "6.2.2"
  },
  "level": "정보",
  "provider_guid": "{5770385F-C22A-43E0-BF4C-06F5698FFBD9}",
  "log_name": "Microsoft-Windows-Sysmon/Operational",
  "event_id": 7,
  "version": 3,
  "event_data": {
    "Image": "C:\\Program Files\\Mozilla Firefox\\firefox.exe",
    "Company": "Microsoft Corporation",
    "Hashes": "MD5=222A8E8EA615529B5025DE5782830AF1,SHA256=7C76BB7AEC3C51164A49041E8A710C3C291BA1D30BAE07D126434A52A80D99E1",
    "ProcessId": "4624",
    "ProcessGuid": "{A376A8F6-F297-5A9C-0000-00104D2C8803}",
    "Description": "Windows NT 기반 API 클라이언트 DLL",
    "FileVersion": "10.0.16299.15 (WinBuild.160101.0800)",
    "Signature": "Microsoft Windows",
    "Signed": "true",
    "Product": "Microsoft® Windows® Operating System",
    "SignatureStatus": "Valid",
    "UtcTime": "2018-03-05 07:32:39.641",
    "ImageLoaded": "C:\\Windows\\System32\\kernel32.dll"
  }
}
{
  "@timestamp": "2018-03-05T07:32:39.642Z",
  "@metadata": {
    "beat": "winlogbeat",
    "type": "doc",
    "version": "6.2.2"
  },
  "event_id": 7,
  "user": {
    "name": "SYSTEM",
    "domain": "NT AUTHORITY",
    "type": "Well Known Group",
    "identifier": "S-1-5-18"
  },
  "record_number": "432",
  "task": "Image loaded (rule: ImageLoad)",
  "log_name": "Microsoft-Windows-Sysmon/Operational",
  "version": 3,
  "process_id": 8608,
  "type": "wineventlog",
  "source_name": "Microsoft-Windows-Sysmon",
  "provider_guid": "{5770385F-C22A-43E0-BF4C-06F5698FFBD9}",
  "opcode": "정보",
  "event_data": {
    "ProcessId": "4624",
    "Signature": "Microsoft Windows",
    "ImageLoaded": "C:\\Windows\\System32\\KernelBase.dll",
    "UtcTime": "2018-03-05 07:32:39.642",
    "Company": "Microsoft Corporation",
    "Signed": "true",
    "ProcessGuid": "{A376A8F6-F297-5A9C-0000-00104D2C8803}",
    "Product": "Microsoft® Windows® Operating System",
    "Image": "C:\\Program Files\\Mozilla Firefox\\firefox.exe",
    "SignatureStatus": "Valid",
    "FileVersion": "10.0.16299.15 (WinBuild.160101.0800)",
    "Hashes": "MD5=F84667DE25BAB29D81983AE474D3BB46,SHA256=E926769D1D2B0B49FBBEEBCB73225217426573AE8CA79C2A9A234F315FE9A61E",
    "Description": "Windows NT 기반 API 클라이언트 DLL"
  },
  "level": "정보",
  "beat": {
    "name": "DESKTOP-WJANG",
    "hostname": "DESKTOP-WJANG",
    "version": "6.2.2"
  },
  "message": "Image loaded:\nUtcTime: 2018-03-05 07:32:39.642\nProcessGuid: {A376A8F6-F297-5A9C-0000-00104D2C8803}\nProcessId: 4624\nImage: C:\\Program Files\\Mozilla Firefox\\firefox.exe\nImageLoaded: C:\\Windows\\System32\\KernelBase.dll\nFileVersion: 10.0.16299.15 (WinBuild.160101.0800)\nDescription: Windows NT 기반 API 클라이언트 DLL\nProduct: Microsoft® Windows® Operating System\nCompany: Microsoft Corporation\nHashes: MD5=F84667DE25BAB29D81983AE474D3BB46,SHA256=E926769D1D2B0B49FBBEEBCB73225217426573AE8CA79C2A9A234F315FE9A61E\nSigned: true\nSignature: Microsoft Windows\nSignatureStatus: Valid",
  "computer_name": "DESKTOP-WJANG",
  "thread_id": 19220
}
{
  "@timestamp": "2018-03-05T07:32:39.644Z",
  "@metadata": {
    "beat": "winlogbeat",
    "type": "doc",
    "version": "6.2.2"
  },
  "record_number": "433",
  "process_id": 8608,
  "version": 3,
  "event_id": 7,
  "thread_id": 19220,
  "user": {
    "identifier": "S-1-5-18",
    "name": "SYSTEM",
    "domain": "NT AUTHORITY",
    "type": "Well Known Group"
  },
  "opcode": "정보",
  "log_name": "Microsoft-Windows-Sysmon/Operational",
  "beat": {
    "version": "6.2.2",
    "name": "DESKTOP-WJANG",
    "hostname": "DESKTOP-WJANG"
  },
  "message": "Image loaded:\nUtcTime: 2018-03-05 07:32:39.643\nProcessGuid: {A376A8F6-F297-5A9C-0000-00104D2C8803}\nProcessId: 4624\nImage: C:\\Program Files\\Mozilla Firefox\\firefox.exe\nImageLoaded: C:\\Windows\\System32\\advapi32.dll\nFileVersion: 10.0.16299.15 (WinBuild.160101.0800)\nDescription: 고급 Windows 32 기반 API\nProduct: Microsoft® Windows® Operating System\nCompany: Microsoft Corporation\nHashes: MD5=D751E248BBCFC3BC6CC5AA93516C690A,SHA256=63AD0144F5CA5948719103744CF8C932B53CD19A72650869EA4A943B51B41DC7\nSigned: true\nSignature: Microsoft Windows\nSignatureStatus: Valid",
  "task": "Image loaded (rule: ImageLoad)",
  "computer_name": "DESKTOP-WJANG",
  "provider_guid": "{5770385F-C22A-43E0-BF4C-06F5698FFBD9}",
  "event_data": {
    "Image": "C:\\Program Files\\Mozilla Firefox\\firefox.exe",
    "Product": "Microsoft® Windows® Operating System",
    "FileVersion": "10.0.16299.15 (WinBuild.160101.0800)",
    "Signed": "true",
    "UtcTime": "2018-03-05 07:32:39.643",
    "ProcessId": "4624",
    "Description": "고급 Windows 32 기반 API",
    "ProcessGuid": "{A376A8F6-F297-5A9C-0000-00104D2C8803}",
    "ImageLoaded": "C:\\Windows\\System32\\advapi32.dll",
    "Signature": "Microsoft Windows",
    "Hashes": "MD5=D751E248BBCFC3BC6CC5AA93516C690A,SHA256=63AD0144F5CA5948719103744CF8C932B53CD19A72650869EA4A943B51B41DC7",
    "SignatureStatus": "Valid",
    "Company": "Microsoft Corporation"
  },
  "source_name": "Microsoft-Windows-Sysmon",
  "level": "정보",
  "type": "wineventlog"
}
{
  "@timestamp": "2018-03-05T07:32:39.644Z",
  "@metadata": {
    "beat": "winlogbeat",
    "type": "doc",
    "version": "6.2.2"
  },
  "event_data": {
    "Description": "Windows NT CRT DLL",
    "SignatureStatus": "Valid",
    "Signature": "Microsoft Windows",
    "UtcTime": "2018-03-05 07:32:39.644",
    "ProcessId": "4624",
    "Product": "Microsoft® Windows® Operating System",
    "Signed": "true",
    "ImageLoaded": "C:\\Windows\\System32\\msvcrt.dll",
    "ProcessGuid": "{A376A8F6-F297-5A9C-0000-00104D2C8803}",
    "Image": "C:\\Program Files\\Mozilla Firefox\\firefox.exe",
    "Hashes": "MD5=68195105C7D9A2B5DF5BB82ECA521092,SHA256=556FF2B03495E2117223E5697B54253F30BD10ED3C67468947D79945168A624A",
    "FileVersion": "7.0.16299.125 (WinBuild.160101.0800)",
    "Company": "Microsoft Corporation"
  },
  "type": "wineventlog",
  "opcode": "정보",
  "beat": {
    "name": "DESKTOP-WJANG",
    "hostname": "DESKTOP-WJANG",
    "version": "6.2.2"
  },
  "provider_guid": "{5770385F-C22A-43E0-BF4C-06F5698FFBD9}",
  "record_number": "434",
  "version": 3,
  "log_name": "Microsoft-Windows-Sysmon/Operational",
  "task": "Image loaded (rule: ImageLoad)",
  "source_name": "Microsoft-Windows-Sysmon",
  "user": {
    "identifier": "S-1-5-18",
    "name": "SYSTEM",
    "domain": "NT AUTHORITY",
    "type": "Well Known Group"
  },
  "message": "Image loaded:\nUtcTime: 2018-03-05 07:32:39.644\nProcessGuid: {A376A8F6-F297-5A9C-0000-00104D2C8803}\nProcessId: 4624\nImage: C:\\Program Files\\Mozilla Firefox\\firefox.exe\nImageLoaded: C:\\Windows\\System32\\msvcrt.dll\nFileVersion: 7.0.16299.125 (WinBuild.160101.0800)\nDescription: Windows NT CRT DLL\nProduct: Microsoft® Windows® Operating System\nCompany: Microsoft Corporation\nHashes: MD5=68195105C7D9A2B5DF5BB82ECA521092,SHA256=556FF2B03495E2117223E5697B54253F30BD10ED3C67468947D79945168A624A\nSigned: true\nSignature: Microsoft Windows\nSignatureStatus: Valid",
  "level": "정보",
  "thread_id": 19220,
  "computer_name": "DESKTOP-WJANG",
  "process_id": 8608,
  "event_id": 7
}
{
  "@timestamp": "2018-03-05T07:32:39.645Z",
  "@metadata": {
    "beat": "winlogbeat",
    "type": "doc",
    "version": "6.2.2"
  },
  "task": "Image loaded (rule: ImageLoad)",
  "event_id": 7,
  "process_id": 8608,
  "computer_name": "DESKTOP-WJANG",
  "message": "Image loaded:\nUtcTime: 2018-03-05 07:32:39.644\nProcessGuid: {A376A8F6-F297-5A9C-0000-00104D2C8803}\nProcessId: 4624\nImage: C:\\Program Files\\Mozilla Firefox\\firefox.exe\nImageLoaded: C:\\Windows\\System32\\sechost.dll\nFileVersion: 10.0.16299.15 (WinBuild.160101.0800)\nDescription: Host for SCM/SDDL/LSA Lookup APIs\nProduct: Microsoft® Windows® Operating System\nCompany: Microsoft Corporation\nHashes: MD5=D5070901E3017686755415B71332991A,SHA256=1342D275E058BA07524550BEACC7760E5CDDC0B3A32659F4C65346D3BE6515E3\nSigned: true\nSignature: Microsoft Windows\nSignatureStatus: Valid",
  "event_data": {
    "FileVersion": "10.0.16299.15 (WinBuild.160101.0800)",
    "Hashes": "MD5=D5070901E3017686755415B71332991A,SHA256=1342D275E058BA07524550BEACC7760E5CDDC0B3A32659F4C65346D3BE6515E3",
    "Signed": "true",
    "ProcessGuid": "{A376A8F6-F297-5A9C-0000-00104D2C8803}",
    "Description": "Host for SCM/SDDL/LSA Lookup APIs",
    "Product": "Microsoft® Windows® Operating System",
    "UtcTime": "2018-03-05 07:32:39.644",
    "ProcessId": "4624",
    "ImageLoaded": "C:\\Windows\\System32\\sechost.dll",
    "Company": "Microsoft Corporation",
    "Signature": "Microsoft Windows",
    "SignatureStatus": "Valid",
    "Image": "C:\\Program Files\\Mozilla Firefox\\firefox.exe"
  },
  "record_number": "435",
  "provider_guid": "{5770385F-C22A-43E0-BF4C-06F5698FFBD9}",
  "user": {
    "domain": "NT AUTHORITY",
    "type": "Well Known Group",
    "identifier": "S-1-5-18",
    "name": "SYSTEM"
  },
  "version": 3,
  "log_name": "Microsoft-Windows-Sysmon/Operational",
  "type": "wineventlog",
  "thread_id": 19220,
  "opcode": "정보",
  "source_name": "Microsoft-Windows-Sysmon",
  "level": "정보",
  "beat": {
    "name": "DESKTOP-WJANG",
    "hostname": "DESKTOP-WJANG",
    "version": "6.2.2"
  }
}
{
  "@timestamp": "2018-03-05T07:32:39.645Z",
  "@metadata": {
    "beat": "winlogbeat",
    "type": "doc",
    "version": "6.2.2"
  },
  "level": "정보",
  "thread_id": 19220,
  "provider_guid": "{5770385F-C22A-43E0-BF4C-06F5698FFBD9}",
  "version": 3,
  "computer_name": "DESKTOP-WJANG",
  "opcode": "정보",
  "record_number": "436",
  "process_id": 8608,
  "log_name": "Microsoft-Windows-Sysmon/Operational",
  "event_data": {
    "Signature": "Microsoft Windows",
    "ImageLoaded": "C:\\Windows\\System32\\rpcrt4.dll",
    "FileVersion": "10.0.16299.15 (WinBuild.160101.0800)",
    "Signed": "true",
    "SignatureStatus": "Valid",
    "Description": "원격 프로시저 호출 런타임",
    "Product": "Microsoft® Windows® Operating System",
    "UtcTime": "2018-03-05 07:32:39.645",
    "ProcessGuid": "{A376A8F6-F297-5A9C-0000-00104D2C8803}",
    "Image": "C:\\Program Files\\Mozilla Firefox\\firefox.exe",
    "Company": "Microsoft Corporation",
    "ProcessId": "4624",
    "Hashes": "MD5=79554274DA5BAACA1CFE78F9F5478AF4,SHA256=32511D9B73CA53EE382AC4E727100885F562A1B0F1F4AD117ACEB506F887187C"
  },
  "user": {
    "name": "SYSTEM",
    "domain": "NT AUTHORITY",
    "type": "Well Known Group",
    "identifier": "S-1-5-18"
  },
  "source_name": "Microsoft-Windows-Sysmon",
  "message": "Image loaded:\nUtcTime: 2018-03-05 07:32:39.645\nProcessGuid: {A376A8F6-F297-5A9C-0000-00104D2C8803}\nProcessId: 4624\nImage: C:\\Program Files\\Mozilla Firefox\\firefox.exe\nImageLoaded: C:\\Windows\\System32\\rpcrt4.dll\nFileVersion: 10.0.16299.15 (WinBuild.160101.0800)\nDescription: 원격 프로시저 호출 런타임\nProduct: Microsoft® Windows® Operating System\nCompany: Microsoft Corporation\nHashes: MD5=79554274DA5BAACA1CFE78F9F5478AF4,SHA256=32511D9B73CA53EE382AC4E727100885F562A1B0F1F4AD117ACEB506F887187C\nSigned: true\nSignature: Microsoft Windows\nSignatureStatus: Valid",
  "beat": {
    "name": "DESKTOP-WJANG",
    "hostname": "DESKTOP-WJANG",
    "version": "6.2.2"
  },
  "task": "Image loaded (rule: ImageLoad)",
  "event_id": 7,
  "type": "wineventlog"
}
{
  "@timestamp": "2018-03-05T07:32:39.645Z",
  "@metadata": {
    "beat": "winlogbeat",
    "type": "doc",
    "version": "6.2.2"
  },
  "user": {
    "type": "Well Known Group",
    "identifier": "S-1-5-18",
    "name": "SYSTEM",
    "domain": "NT AUTHORITY"
  },
  "version": 3,
  "beat": {
    "name": "DESKTOP-WJANG",
    "hostname": "DESKTOP-WJANG",
    "version": "6.2.2"
  },
  "computer_name": "DESKTOP-WJANG",
  "log_name": "Microsoft-Windows-Sysmon/Operational",
  "level": "정보",
  "record_number": "437",
  "process_id": 8608,
  "source_name": "Microsoft-Windows-Sysmon",
  "thread_id": 19220,
  "event_id": 7,
  "message": "Image loaded:\nUtcTime: 2018-03-05 07:32:39.645\nProcessGuid: {A376A8F6-F297-5A9C-0000-00104D2C8803}\nProcessId: 4624\nImage: C:\\Program Files\\Mozilla Firefox\\firefox.exe\nImageLoaded: C:\\Windows\\System32\\ucrtbase.dll\nFileVersion: 10.0.16299.248 (WinBuild.160101.0800)\nDescription: Microsoft® C Runtime Library\nProduct: Microsoft® Windows® Operating System\nCompany: Microsoft Corporation\nHashes: MD5=FD2A8FB7B87833ED97F705BC1232B079,SHA256=DEC6E1AC23FC57548D36498A20E4A93E765657B9EBF2375BE1526AD07313FA56\nSigned: true\nSignature: Microsoft Windows\nSignatureStatus: Valid",
  "type": "wineventlog",
  "provider_guid": "{5770385F-C22A-43E0-BF4C-06F5698FFBD9}",
  "event_data": {
    "Signed": "true",
    "Signature": "Microsoft Windows",
    "Image": "C:\\Program Files\\Mozilla Firefox\\firefox.exe",
    "Hashes": "MD5=FD2A8FB7B87833ED97F705BC1232B079,SHA256=DEC6E1AC23FC57548D36498A20E4A93E765657B9EBF2375BE1526AD07313FA56",
    "ProcessId": "4624",
    "ProcessGuid": "{A376A8F6-F297-5A9C-0000-00104D2C8803}",
    "FileVersion": "10.0.16299.248 (WinBuild.160101.0800)",
    "Company": "Microsoft Corporation",
    "SignatureStatus": "Valid",
    "Description": "Microsoft® C Runtime Library",
    "UtcTime": "2018-03-05 07:32:39.645",
    "Product": "Microsoft® Windows® Operating System",
    "ImageLoaded": "C:\\Windows\\System32\\ucrtbase.dll"
  },
  "task": "Image loaded (rule: ImageLoad)",
  "opcode": "정보"
}
{
  "@timestamp": "2018-03-05T07:32:39.647Z",
  "@metadata": {
    "beat": "winlogbeat",
    "type": "doc",
    "version": "6.2.2"
  },
  "event_id": 7,
  "task": "Image loaded (rule: ImageLoad)",
  "message": "Image loaded:\nUtcTime: 2018-03-05 07:32:39.646\nProcessGuid: {A376A8F6-F297-5A9C-0000-00104D2C8803}\nProcessId: 4624\nImage: C:\\Program Files\\Mozilla Firefox\\firefox.exe\nImageLoaded: C:\\Program Files\\Mozilla Firefox\\mozglue.dll\nFileVersion: 58.0.2\nDescription: \nProduct: Firefox\nCompany: Mozilla Foundation\nHashes: MD5=C79C23B8167791C7754EA395E4F91169,SHA256=98625FC6BDBF0440DD92C4545D63F35394EDBBD2BF7CAB749C8B060BDCA56434\nSigned: true\nSignature: Mozilla Corporation\nSignatureStatus: Valid",
  "type": "wineventlog",
  "process_id": 8608,
  "opcode": "정보",
  "event_data": {
    "Signature": "Mozilla Corporation",
    "Image": "C:\\Program Files\\Mozilla Firefox\\firefox.exe",
    "ImageLoaded": "C:\\Program Files\\Mozilla Firefox\\mozglue.dll",
    "Hashes": "MD5=C79C23B8167791C7754EA395E4F91169,SHA256=98625FC6BDBF0440DD92C4545D63F35394EDBBD2BF7CAB749C8B060BDCA56434",
    "UtcTime": "2018-03-05 07:32:39.646",
    "ProcessGuid": "{A376A8F6-F297-5A9C-0000-00104D2C8803}",
    "Product": "Firefox",
    "Company": "Mozilla Foundation",
    "Signed": "true",
    "SignatureStatus": "Valid",
    "ProcessId": "4624",
    "FileVersion": "58.0.2"
  },
  "level": "정보",
  "log_name": "Microsoft-Windows-Sysmon/Operational",
  "record_number": "438",
  "provider_guid": "{5770385F-C22A-43E0-BF4C-06F5698FFBD9}",
  "computer_name": "DESKTOP-WJANG",
  "thread_id": 19220,
  "version": 3,
  "user": {
    "identifier": "S-1-5-18",
    "name": "SYSTEM",
    "domain": "NT AUTHORITY",
    "type": "Well Known Group"
  },
  "source_name": "Microsoft-Windows-Sysmon",
  "beat": {
    "hostname": "DESKTOP-WJANG",
    "version": "6.2.2",
    "name": "DESKTOP-WJANG"
  }
}
