{
  "@timestamp": "2018-03-05T07:32:40.147Z",
  "@metadata": {
    "beat": "winlogbeat",
    "type": "doc",
    "version": "6.2.2"
  },
  "process_id": 8608,
  "record_number": "627",
  "level": "정보",
  "message": "Image loaded:\nUtcTime: 2018-03-05 07:32:39.230\nProcessGuid: {A376A8F6-F294-5A9C-0000-001052E48503}\nProcessId: 17704\nImage: C:\\Program Files\\Mozilla Firefox\\firefox.exe\nImageLoaded: C:\\Program Files\\AhnLab\\Safe Transaction\\RunTmp\\IAccessible2Proxy.dll\nFileVersion: 1, 3, 0, 7\nDescription: IAccessible2 Proxy DLL\nProduct: AhnLab Safe Transaction\nCompany: AhnLab, Inc.\nHashes: MD5=1545F343C7EFCE857D7E3DD71CEAC687,SHA256=13FD68D18A35002A53A1334B001C469B387F3A441315F1A1C1149A59123255EF\nSigned: true\nSignature: AhnLab\nSignatureStatus: Valid",
  "event_data": {
    "Description": "IAccessible2 Proxy DLL",
    "ProcessGuid": "{A376A8F6-F294-5A9C-0000-001052E48503}",
    "Product": "AhnLab Safe Transaction",
    "Signature": "AhnLab",
    "Hashes": "MD5=1545F343C7EFCE857D7E3DD71CEAC687,SHA256=13FD68D18A35002A53A1334B001C469B387F3A441315F1A1C1149A59123255EF",
    "Signed": "true",
    "SignatureStatus": "Valid",
    "ProcessId": "17704",
    "Company": "AhnLab, Inc.",
    "ImageLoaded": "C:\\Program Files\\AhnLab\\Safe Transaction\\RunTmp\\IAccessible2Proxy.dll",
    "FileVersion": "1, 3, 0, 7",
    "UtcTime": "2018-03-05 07:32:39.230",
    "Image": "C:\\Program Files\\Mozilla Firefox\\firefox.exe"
  },
  "user": {
    "type": "Well Known Group",
    "identifier": "S-1-5-18",
    "name": "SYSTEM",
    "domain": "NT AUTHORITY"
  },
  "beat": {
    "version": "6.2.2",
    "name": "DESKTOP-WJANG",
    "hostname": "DESKTOP-WJANG"
  },
  "version": 3,
  "log_name": "Microsoft-Windows-Sysmon/Operational",
  "task": "Image loaded (rule: ImageLoad)",
  "thread_id": 23584,
  "computer_name": "DESKTOP-WJANG",
  "opcode": "정보",
  "source_name": "Microsoft-Windows-Sysmon",
  "provider_guid": "{5770385F-C22A-43E0-BF4C-06F5698FFBD9}",
  "event_id": 7,
  "type": "wineventlog"
}
{
  "@timestamp": "2018-03-05T07:32:40.147Z",
  "@metadata": {
    "beat": "winlogbeat",
    "type": "doc",
    "version": "6.2.2"
  },
  "opcode": "정보",
  "source_name": "Microsoft-Windows-Sysmon",
  "record_number": "628",
  "beat": {
    "hostname": "DESKTOP-WJANG",
    "version": "6.2.2",
    "name": "DESKTOP-WJANG"
  },
  "level": "정보",
  "process_id": 8608,
  "thread_id": 23584,
  "event_data": {
    "SignatureStatus": "Valid",
    "ProcessGuid": "{A376A8F6-F294-5A9C-0000-001052E48503}",
    "ProcessId": "17704",
    "ImageLoaded": "C:\\Program Files\\AhnLab\\Safe Transaction\\RunTmp\\IAccessible2Proxy.dll",
    "Product": "AhnLab Safe Transaction",
    "UtcTime": "2018-03-05 07:32:39.229",
    "Hashes": "MD5=1545F343C7EFCE857D7E3DD71CEAC687,SHA256=13FD68D18A35002A53A1334B001C469B387F3A441315F1A1C1149A59123255EF",
    "FileVersion": "1, 3, 0, 7",
    "Signed": "true",
    "Description": "IAccessible2 Proxy DLL",
    "Signature": "AhnLab",
    "Image": "C:\\Program Files\\Mozilla Firefox\\firefox.exe",
    "Company": "AhnLab, Inc."
  },
  "message": "Image loaded:\nUtcTime: 2018-03-05 07:32:39.229\nProcessGuid: {A376A8F6-F294-5A9C-0000-001052E48503}\nProcessId: 17704\nImage: C:\\Program Files\\Mozilla Firefox\\firefox.exe\nImageLoaded: C:\\Program Files\\AhnLab\\Safe Transaction\\RunTmp\\IAccessible2Proxy.dll\nFileVersion: 1, 3, 0, 7\nDescription: IAccessible2 Proxy DLL\nProduct: AhnLab Safe Transaction\nCompany: AhnLab, Inc.\nHashes: MD5=1545F343C7EFCE857D7E3DD71CEAC687,SHA256=13FD68D18A35002A53A1334B001C469B387F3A441315F1A1C1149A59123255EF\nSigned: true\nSignature: AhnLab\nSignatureStatus: Valid",
  "computer_name": "DESKTOP-WJANG",
  "provider_guid": "{5770385F-C22A-43E0-BF4C-06F5698FFBD9}",
  "type": "wineventlog",
  "user": {
    "identifier": "S-1-5-18",
    "name": "SYSTEM",
    "domain": "NT AUTHORITY",
    "type": "Well Known Group"
  },
  "version": 3,
  "task": "Image loaded (rule: ImageLoad)",
  "log_name": "Microsoft-Windows-Sysmon/Operational",
  "event_id": 7
}
{
  "@timestamp": "2018-03-05T07:32:40.148Z",
  "@metadata": {
    "beat": "winlogbeat",
    "type": "doc",
    "version": "6.2.2"
  },
  "user": {
    "identifier": "S-1-5-18",
    "name": "SYSTEM",
    "domain": "NT AUTHORITY",
    "type": "Well Known Group"
  },
  "record_number": "629",
  "opcode": "정보",
  "version": 3,
  "thread_id": 19220,
  "task": "Image loaded (rule: ImageLoad)",
  "source_name": "Microsoft-Windows-Sysmon",
  "type": "wineventlog",
  "beat": {
    "name": "DESKTOP-WJANG",
    "hostname": "DESKTOP-WJANG",
    "version": "6.2.2"
  },
  "log_name": "Microsoft-Windows-Sysmon/Operational",
  "process_id": 8608,
  "message": "Image loaded:\nUtcTime: 2018-03-05 07:32:40.147\nProcessGuid: {A376A8F6-F298-5A9C-0000-001071788803}\nProcessId: 25364\nImage: C:\\Program Files\\Mozilla Firefox\\firefox.exe\nImageLoaded: C:\\Windows\\System32\\clbcatq.dll\nFileVersion: 2001.12.10941.16384 (WinBuild.160101.0800)\nDescription: COM+ Configuration Catalog\nProduct: Microsoft® Windows® Operating System\nCompany: Microsoft Corporation\nHashes: MD5=9DE51E0DB33FCB6D1B878E2671574C59,SHA256=6A76684A9FE5999E609339F56CF18126F86CBDEF935E1A3EE881D5BA0FAE69B4\nSigned: true\nSignature: Microsoft Windows\nSignatureStatus: Valid",
  "level": "정보",
  "event_id": 7,
  "provider_guid": "{5770385F-C22A-43E0-BF4C-06F5698FFBD9}",
  "event_data": {
    "ProcessGuid": "{A376A8F6-F298-5A9C-0000-001071788803}",
    "UtcTime": "2018-03-05 07:32:40.147",
    "Company": "Microsoft Corporation",
    "Signed": "true",
    "Description": "COM+ Configuration Catalog",
    "ImageLoaded": "C:\\Windows\\System32\\clbcatq.dll",
    "Hashes": "MD5=9DE51E0DB33FCB6D1B878E2671574C59,SHA256=6A76684A9FE5999E609339F56CF18126F86CBDEF935E1A3EE881D5BA0FAE69B4",
    "Image": "C:\\Program Files\\Mozilla Firefox\\firefox.exe",
    "FileVersion": "2001.12.10941.16384 (WinBuild.160101.0800)",
    "SignatureStatus": "Valid",
    "ProcessId": "25364",
    "Product": "Microsoft® Windows® Operating System",
    "Signature": "Microsoft Windows"
  },
  "computer_name": "DESKTOP-WJANG"
}
{
  "@timestamp": "2018-03-05T07:32:40.157Z",
  "@metadata": {
    "beat": "winlogbeat",
    "type": "doc",
    "version": "6.2.2"
  },
  "level": "정보",
  "computer_name": "DESKTOP-WJANG",
  "event_data": {
    "Product": "Firefox",
    "Signed": "true",
    "ProcessGuid": "{A376A8F6-F294-5A9C-0000-001052E48503}",
    "ProcessId": "17704",
    "ImageLoaded": "C:\\Program Files\\Mozilla Firefox\\IA2Marshal.dll",
    "Company": "Mozilla Foundation",
    "Hashes": "MD5=8669EA78BDF683871B96854B4291ADBD,SHA256=5F844214277B1F9411382043E0CEA7176B3AFAE0A86B7666AE091B2C6B486C17",
    "UtcTime": "2018-03-05 07:32:39.261",
    "FileVersion": "58.0.2",
    "Signature": "Mozilla Corporation",
    "SignatureStatus": "Valid",
    "Image": "C:\\Program Files\\Mozilla Firefox\\firefox.exe"
  },
  "process_id": 8608,
  "event_id": 7,
  "task": "Image loaded (rule: ImageLoad)",
  "record_number": "630",
  "provider_guid": "{5770385F-C22A-43E0-BF4C-06F5698FFBD9}",
  "thread_id": 23584,
  "beat": {
    "name": "DESKTOP-WJANG",
    "hostname": "DESKTOP-WJANG",
    "version": "6.2.2"
  },
  "version": 3,
  "source_name": "Microsoft-Windows-Sysmon",
  "type": "wineventlog",
  "user": {
    "type": "Well Known Group",
    "identifier": "S-1-5-18",
    "name": "SYSTEM",
    "domain": "NT AUTHORITY"
  },
  "log_name": "Microsoft-Windows-Sysmon/Operational",
  "opcode": "정보",
  "message": "Image loaded:\nUtcTime: 2018-03-05 07:32:39.261\nProcessGuid: {A376A8F6-F294-5A9C-0000-001052E48503}\nProcessId: 17704\nImage: C:\\Program Files\\Mozilla Firefox\\firefox.exe\nImageLoaded: C:\\Program Files\\Mozilla Firefox\\IA2Marshal.dll\nFileVersion: 58.0.2\nDescription: \nProduct: Firefox\nCompany: Mozilla Foundation\nHashes: MD5=8669EA78BDF683871B96854B4291ADBD,SHA256=5F844214277B1F9411382043E0CEA7176B3AFAE0A86B7666AE091B2C6B486C17\nSigned: true\nSignature: Mozilla Corporation\nSignatureStatus: Valid"
}
{
  "@timestamp": "2018-03-05T07:32:40.169Z",
  "@metadata": {
    "beat": "winlogbeat",
    "type": "doc",
    "version": "6.2.2"
  },
  "user": {
    "type": "Well Known Group",
    "identifier": "S-1-5-18",
    "name": "SYSTEM",
    "domain": "NT AUTHORITY"
  },
  "record_number": "631",
  "task": "Image loaded (rule: ImageLoad)",
  "event_data": {
    "Company": "Microsoft Corporation",
    "ProcessGuid": "{A376A8F6-F298-5A9C-0000-001071788803}",
    "Image": "C:\\Program Files\\Mozilla Firefox\\firefox.exe",
    "ImageLoaded": "C:\\Windows\\System32\\NapiNSP.dll",
    "Product": "Microsoft® Windows® Operating System",
    "ProcessId": "25364",
    "Signature": "Microsoft Windows",
    "SignatureStatus": "Valid",
    "Description": "전자 메일 명명 심(Shim) 공급자",
    "Hashes": "MD5=1392079CB7BCFA1F1A01C0AA7FA1D782,SHA256=4890B8EC3B360D4B8C7A209DEFC4908CC79C7EFEBEE59B02601C77A67B9FEA02",
    "UtcTime": "2018-03-05 07:32:40.167",
    "Signed": "true",
    "FileVersion": "10.0.16299.15 (WinBuild.160101.0800)"
  },
  "event_id": 7,
  "process_id": 8608,
  "provider_guid": "{5770385F-C22A-43E0-BF4C-06F5698FFBD9}",
  "type": "wineventlog",
  "level": "정보",
  "beat": {
    "name": "DESKTOP-WJANG",
    "hostname": "DESKTOP-WJANG",
    "version": "6.2.2"
  },
  "computer_name": "DESKTOP-WJANG",
  "source_name": "Microsoft-Windows-Sysmon",
  "message": "Image loaded:\nUtcTime: 2018-03-05 07:32:40.167\nProcessGuid: {A376A8F6-F298-5A9C-0000-001071788803}\nProcessId: 25364\nImage: C:\\Program Files\\Mozilla Firefox\\firefox.exe\nImageLoaded: C:\\Windows\\System32\\NapiNSP.dll\nFileVersion: 10.0.16299.15 (WinBuild.160101.0800)\nDescription: 전자 메일 명명 심(Shim) 공급자\nProduct: Microsoft® Windows® Operating System\nCompany: Microsoft Corporation\nHashes: MD5=1392079CB7BCFA1F1A01C0AA7FA1D782,SHA256=4890B8EC3B360D4B8C7A209DEFC4908CC79C7EFEBEE59B02601C77A67B9FEA02\nSigned: true\nSignature: Microsoft Windows\nSignatureStatus: Valid",
  "version": 3,
  "thread_id": 19220,
  "opcode": "정보",
  "log_name": "Microsoft-Windows-Sysmon/Operational"
}
{
  "@timestamp": "2018-03-05T07:32:40.171Z",
  "@metadata": {
    "beat": "winlogbeat",
    "type": "doc",
    "version": "6.2.2"
  },
  "process_id": 8608,
  "event_id": 7,
  "beat": {
    "name": "DESKTOP-WJANG",
    "hostname": "DESKTOP-WJANG",
    "version": "6.2.2"
  },
  "log_name": "Microsoft-Windows-Sysmon/Operational",
  "task": "Image loaded (rule: ImageLoad)",
  "record_number": "632",
  "level": "정보",
  "opcode": "정보",
  "thread_id": 19220,
  "source_name": "Microsoft-Windows-Sysmon",
  "message": "Image loaded:\nUtcTime: 2018-03-05 07:32:40.168\nProcessGuid: {A376A8F6-F298-5A9C-0000-001071788803}\nProcessId: 25364\nImage: C:\\Program Files\\Mozilla Firefox\\firefox.exe\nImageLoaded: C:\\Windows\\System32\\pnrpnsp.dll\nFileVersion: 10.0.16299.15 (WinBuild.160101.0800)\nDescription: PNRP 네임스페이스 공급자\nProduct: Microsoft® Windows® Operating System\nCompany: Microsoft Corporation\nHashes: MD5=626562CCE32E6879803DA4C3893FF69A,SHA256=666C98BD56A96F805BA2CF2109B17838EC63409D3F2FA154A820DA76693B959A\nSigned: true\nSignature: Microsoft Windows\nSignatureStatus: Valid",
  "provider_guid": "{5770385F-C22A-43E0-BF4C-06F5698FFBD9}",
  "event_data": {
    "SignatureStatus": "Valid",
    "Image": "C:\\Program Files\\Mozilla Firefox\\firefox.exe",
    "ProcessId": "25364",
    "ImageLoaded": "C:\\Windows\\System32\\pnrpnsp.dll",
    "FileVersion": "10.0.16299.15 (WinBuild.160101.0800)",
    "Company": "Microsoft Corporation",
    "Signature": "Microsoft Windows",
    "ProcessGuid": "{A376A8F6-F298-5A9C-0000-001071788803}",
    "Description": "PNRP 네임스페이스 공급자",
    "Signed": "true",
    "Hashes": "MD5=626562CCE32E6879803DA4C3893FF69A,SHA256=666C98BD56A96F805BA2CF2109B17838EC63409D3F2FA154A820DA76693B959A",
    "Product": "Microsoft® Windows® Operating System",
    "UtcTime": "2018-03-05 07:32:40.168"
  },
  "computer_name": "DESKTOP-WJANG",
  "user": {
    "domain": "NT AUTHORITY",
    "type": "Well Known Group",
    "identifier": "S-1-5-18",
    "name": "SYSTEM"
  },
  "type": "wineventlog",
  "version": 3
}
{
  "@timestamp": "2018-03-05T07:32:40.171Z",
  "@metadata": {
    "beat": "winlogbeat",
    "type": "doc",
    "version": "6.2.2"
  },
  "task": "Image loaded (rule: ImageLoad)",
  "computer_name": "DESKTOP-WJANG",
  "record_number": "633",
  "user": {
    "identifier": "S-1-5-18",
    "name": "SYSTEM",
    "domain": "NT AUTHORITY",
    "type": "Well Known Group"
  },
  "provider_guid": "{5770385F-C22A-43E0-BF4C-06F5698FFBD9}",
  "opcode": "정보",
  "event_data": {
    "ImageLoaded": "C:\\Windows\\System32\\nlaapi.dll",
    "Hashes": "MD5=FA274B36F951A5EF359CF07E2EE188D6,SHA256=7386E7F5ABE2069A0851BBB9351510C54C845CD41D9EC29320B2E320C0A690C2",
    "ProcessGuid": "{A376A8F6-F298-5A9C-0000-001071788803}",
    "Product": "Microsoft® Windows® Operating System",
    "ProcessId": "25364",
    "Signature": "Microsoft Windows",
    "Description": "Network Location Awareness 2",
    "Image": "C:\\Program Files\\Mozilla Firefox\\firefox.exe",
    "Signed": "true",
    "SignatureStatus": "Valid",
    "Company": "Microsoft Corporation",
    "FileVersion": "10.0.16299.248 (WinBuild.160101.0800)",
    "UtcTime": "2018-03-05 07:32:40.169"
  },
  "event_id": 7,
  "version": 3,
  "process_id": 8608,
  "source_name": "Microsoft-Windows-Sysmon",
  "level": "정보",
  "log_name": "Microsoft-Windows-Sysmon/Operational",
  "message": "Image loaded:\nUtcTime: 2018-03-05 07:32:40.169\nProcessGuid: {A376A8F6-F298-5A9C-0000-001071788803}\nProcessId: 25364\nImage: C:\\Program Files\\Mozilla Firefox\\firefox.exe\nImageLoaded: C:\\Windows\\System32\\nlaapi.dll\nFileVersion: 10.0.16299.248 (WinBuild.160101.0800)\nDescription: Network Location Awareness 2\nProduct: Microsoft® Windows® Operating System\nCompany: Microsoft Corporation\nHashes: MD5=FA274B36F951A5EF359CF07E2EE188D6,SHA256=7386E7F5ABE2069A0851BBB9351510C54C845CD41D9EC29320B2E320C0A690C2\nSigned: true\nSignature: Microsoft Windows\nSignatureStatus: Valid",
  "beat": {
    "hostname": "DESKTOP-WJANG",
    "version": "6.2.2",
    "name": "DESKTOP-WJANG"
  },
  "thread_id": 19220,
  "type": "wineventlog"
}
{
  "@timestamp": "2018-03-05T07:32:40.174Z",
  "@metadata": {
    "beat": "winlogbeat",
    "type": "doc",
    "version": "6.2.2"
  },
  "task": "Image loaded (rule: ImageLoad)",
  "process_id": 8608,
  "level": "정보",
  "beat": {
    "name": "DESKTOP-WJANG",
    "hostname": "DESKTOP-WJANG",
    "version": "6.2.2"
  },
  "user": {
    "identifier": "S-1-5-18",
    "name": "SYSTEM",
    "domain": "NT AUTHORITY",
    "type": "Well Known Group"
  },
  "opcode": "정보",
  "thread_id": 19220,
  "log_name": "Microsoft-Windows-Sysmon/Operational",
  "event_id": 7,
  "event_data": {
    "Signed": "true",
    "UtcTime": "2018-03-05 07:32:40.170",
    "SignatureStatus": "Valid",
    "Company": "Microsoft Corporation",
    "ProcessGuid": "{A376A8F6-F298-5A9C-0000-001071788803}",
    "FileVersion": "10.0.16299.15 (WinBuild.160101.0800)",
    "ProcessId": "25364",
    "Image": "C:\\Program Files\\Mozilla Firefox\\firefox.exe",
    "ImageLoaded": "C:\\Windows\\System32\\mswsock.dll",
    "Signature": "Microsoft Windows",
    "Product": "Microsoft® Windows® Operating System",
    "Description": "Microsoft Windows 소켓 2.0 서비스 공급자",
    "Hashes": "MD5=E8730E42E6CF34C1FDABA4B631C14836,SHA256=474EC11DFC4CBE4A5C5ADA7C1E79E3E4573EF6947263FA212ACBAE4DD90AD29D"
  },
  "record_number": "634",
  "provider_guid": "{5770385F-C22A-43E0-BF4C-06F5698FFBD9}",
  "version": 3,
  "source_name": "Microsoft-Windows-Sysmon",
  "type": "wineventlog",
  "message": "Image loaded:\nUtcTime: 2018-03-05 07:32:40.170\nProcessGuid: {A376A8F6-F298-5A9C-0000-001071788803}\nProcessId: 25364\nImage: C:\\Program Files\\Mozilla Firefox\\firefox.exe\nImageLoaded: C:\\Windows\\System32\\mswsock.dll\nFileVersion: 10.0.16299.15 (WinBuild.160101.0800)\nDescription: Microsoft Windows 소켓 2.0 서비스 공급자\nProduct: Microsoft® Windows® Operating System\nCompany: Microsoft Corporation\nHashes: MD5=E8730E42E6CF34C1FDABA4B631C14836,SHA256=474EC11DFC4CBE4A5C5ADA7C1E79E3E4573EF6947263FA212ACBAE4DD90AD29D\nSigned: true\nSignature: Microsoft Windows\nSignatureStatus: Valid",
  "computer_name": "DESKTOP-WJANG"
}
{
  "@timestamp": "2018-03-05T07:32:40.175Z",
  "@metadata": {
    "beat": "winlogbeat",
    "type": "doc",
    "version": "6.2.2"
  },
  "event_id": 7,
  "opcode": "정보",
  "process_id": 8608,
  "thread_id": 19220,
  "user": {
    "type": "Well Known Group",
    "identifier": "S-1-5-18",
    "name": "SYSTEM",
    "domain": "NT AUTHORITY"
  },
  "message": "Image loaded:\nUtcTime: 2018-03-05 07:32:40.171\nProcessGuid: {A376A8F6-F298-5A9C-0000-001071788803}\nProcessId: 25364\nImage: C:\\Program Files\\Mozilla Firefox\\firefox.exe\nImageLoaded: C:\\Windows\\System32\\dnsapi.dll\nFileVersion: 10.0.16299.15 (WinBuild.160101.0800)\nDescription: DNS 클라이언트 API DLL\nProduct: Microsoft® Windows® Operating System\nCompany: Microsoft Corporation\nHashes: MD5=5AE3B789BC547BBBE2A876F587BE60F6,SHA256=16C91455044BEC95B325F46252A351E59F2A5606F7CBC20D5DC783143B00DB59\nSigned: true\nSignature: Microsoft Windows\nSignatureStatus: Valid",
  "computer_name": "DESKTOP-WJANG",
  "type": "wineventlog",
  "log_name": "Microsoft-Windows-Sysmon/Operational",
  "beat": {
    "name": "DESKTOP-WJANG",
    "hostname": "DESKTOP-WJANG",
    "version": "6.2.2"
  },
  "source_name": "Microsoft-Windows-Sysmon",
  "version": 3,
  "event_data": {
    "ProcessGuid": "{A376A8F6-F298-5A9C-0000-001071788803}",
    "UtcTime": "2018-03-05 07:32:40.171",
    "Product": "Microsoft® Windows® Operating System",
    "Image": "C:\\Program Files\\Mozilla Firefox\\firefox.exe",
    "SignatureStatus": "Valid",
    "FileVersion": "10.0.16299.15 (WinBuild.160101.0800)",
    "Signed": "true",
    "Hashes": "MD5=5AE3B789BC547BBBE2A876F587BE60F6,SHA256=16C91455044BEC95B325F46252A351E59F2A5606F7CBC20D5DC783143B00DB59",
    "Signature": "Microsoft Windows",
    "ProcessId": "25364",
    "Description": "DNS 클라이언트 API DLL",
    "Company": "Microsoft Corporation",
    "ImageLoaded": "C:\\Windows\\System32\\dnsapi.dll"
  },
  "provider_guid": "{5770385F-C22A-43E0-BF4C-06F5698FFBD9}",
  "level": "정보",
  "task": "Image loaded (rule: ImageLoad)",
  "record_number": "635"
}
{
  "@timestamp": "2018-03-05T07:32:40.175Z",
  "@metadata": {
    "beat": "winlogbeat",
    "type": "doc",
    "version": "6.2.2"
  },
  "event_id": 7,
  "level": "정보",
  "thread_id": 19220,
  "task": "Image loaded (rule: ImageLoad)",
  "provider_guid": "{5770385F-C22A-43E0-BF4C-06F5698FFBD9}",
  "message": "Image loaded:\nUtcTime: 2018-03-05 07:32:40.172\nProcessGuid: {A376A8F6-F298-5A9C-0000-001071788803}\nProcessId: 25364\nImage: C:\\Program Files\\Mozilla Firefox\\firefox.exe\nImageLoaded: C:\\Windows\\System32\\nsi.dll\nFileVersion: 10.0.16299.15 (WinBuild.160101.0800)\nDescription: NSI User-mode interface DLL\nProduct: Microsoft® Windows® Operating System\nCompany: Microsoft Corporation\nHashes: MD5=98401A19C75B1E6E239A417905E1B00D,SHA256=B14AE1BD5A424305501593B3B199C4FA63EB8842FDFACEC050D77B3C5D32F260\nSigned: true\nSignature: Microsoft Windows\nSignatureStatus: Valid",
  "event_data": {
    "ImageLoaded": "C:\\Windows\\System32\\nsi.dll",
    "Company": "Microsoft Corporation",
    "Hashes": "MD5=98401A19C75B1E6E239A417905E1B00D,SHA256=B14AE1BD5A424305501593B3B199C4FA63EB8842FDFACEC050D77B3C5D32F260",
    "Description": "NSI User-mode interface DLL",
    "Signed": "true",
    "ProcessGuid": "{A376A8F6-F298-5A9C-0000-001071788803}",
    "ProcessId": "25364",
    "FileVersion": "10.0.16299.15 (WinBuild.160101.0800)",
    "UtcTime": "2018-03-05 07:32:40.172",
    "SignatureStatus": "Valid",
    "Image": "C:\\Program Files\\Mozilla Firefox\\firefox.exe",
    "Signature": "Microsoft Windows",
    "Product": "Microsoft® Windows® Operating System"
  },
  "user": {
    "identifier": "S-1-5-18",
    "name": "SYSTEM",
    "domain": "NT AUTHORITY",
    "type": "Well Known Group"
  },
  "source_name": "Microsoft-Windows-Sysmon",
  "computer_name": "DESKTOP-WJANG",
  "opcode": "정보",
  "record_number": "636",
  "version": 3,
  "process_id": 8608,
  "beat": {
    "name": "DESKTOP-WJANG",
    "hostname": "DESKTOP-WJANG",
    "version": "6.2.2"
  },
  "type": "wineventlog",
  "log_name": "Microsoft-Windows-Sysmon/Operational"
}
{
  "@timestamp": "2018-03-05T07:32:40.176Z",
  "@metadata": {
    "beat": "winlogbeat",
    "type": "doc",
    "version": "6.2.2"
  },
  "process_id": 8608,
  "event_data": {
    "Image": "C:\\Program Files\\Mozilla Firefox\\firefox.exe",
    "ProcessGuid": "{A376A8F6-F298-5A9C-0000-001071788803}",
    "Product": "Microsoft® Windows® Operating System",
    "ImageLoaded": "C:\\Windows\\System32\\winrnr.dll",
    "ProcessId": "25364",
    "Company": "Microsoft Corporation",
    "Description": "LDAP RnR Provider DLL",
    "Hashes": "MD5=5B09ACA04311D896893C9F98A4BE67CA,SHA256=0074CB266C02B594BFDEB1545B7329137EF0E4995CE3F8E9376E8BB3622C23FF",
    "SignatureStatus": "Valid",
    "FileVersion": "10.0.16299.15 (WinBuild.160101.0800)",
    "UtcTime": "2018-03-05 07:32:40.174",
    "Signature": "Microsoft Windows",
    "Signed": "true"
  },
  "user": {
    "identifier": "S-1-5-18",
    "name": "SYSTEM",
    "domain": "NT AUTHORITY",
    "type": "Well Known Group"
  },
  "record_number": "637",
  "log_name": "Microsoft-Windows-Sysmon/Operational",
  "source_name": "Microsoft-Windows-Sysmon",
  "task": "Image loaded (rule: ImageLoad)",
  "version": 3,
  "computer_name": "DESKTOP-WJANG",
  "beat": {
    "name": "DESKTOP-WJANG",
    "hostname": "DESKTOP-WJANG",
    "version": "6.2.2"
  },
  "opcode": "정보",
  "type": "wineventlog",
  "level": "정보",
  "thread_id": 19220,
  "event_id": 7,
  "provider_guid": "{5770385F-C22A-43E0-BF4C-06F5698FFBD9}",
  "message": "Image loaded:\nUtcTime: 2018-03-05 07:32:40.174\nProcessGuid: {A376A8F6-F298-5A9C-0000-001071788803}\nProcessId: 25364\nImage: C:\\Program Files\\Mozilla Firefox\\firefox.exe\nImageLoaded: C:\\Windows\\System32\\winrnr.dll\nFileVersion: 10.0.16299.15 (WinBuild.160101.0800)\nDescription: LDAP RnR Provider DLL\nProduct: Microsoft® Windows® Operating System\nCompany: Microsoft Corporation\nHashes: MD5=5B09ACA04311D896893C9F98A4BE67CA,SHA256=0074CB266C02B594BFDEB1545B7329137EF0E4995CE3F8E9376E8BB3622C23FF\nSigned: true\nSignature: Microsoft Windows\nSignatureStatus: Valid"
}
{
  "@timestamp": "2018-03-05T07:32:40.199Z",
  "@metadata": {
    "beat": "winlogbeat",
    "type": "doc",
    "version": "6.2.2"
  },
  "thread_id": 23584,
  "source_name": "Microsoft-Windows-Sysmon",
  "beat": {
    "name": "DESKTOP-WJANG",
    "hostname": "DESKTOP-WJANG",
    "version": "6.2.2"
  },
  "event_id": 7,
  "process_id": 8608,
  "task": "Image loaded (rule: ImageLoad)",
  "computer_name": "DESKTOP-WJANG",
  "version": 3,
  "user": {
    "name": "SYSTEM",
    "domain": "NT AUTHORITY",
    "type": "Well Known Group",
    "identifier": "S-1-5-18"
  },
  "provider_guid": "{5770385F-C22A-43E0-BF4C-06F5698FFBD9}",
  "log_name": "Microsoft-Windows-Sysmon/Operational",
  "message": "Image loaded:\nUtcTime: 2018-03-05 07:32:40.064\nProcessGuid: {A376A8F6-F294-5A9C-0000-001052E48503}\nProcessId: 17704\nImage: C:\\Program Files\\Mozilla Firefox\\firefox.exe\nImageLoaded: C:\\Windows\\System32\\d3d11.dll\nFileVersion: 10.0.16299.248 (WinBuild.160101.0800)\nDescription: Direct3D 11 Runtime\nProduct: Microsoft® Windows® Operating System\nCompany: Microsoft Corporation\nHashes: MD5=1C4992BF1792845260FFD1ED8A477AEF,SHA256=206E7DCA5F2DF9990DFF7F8156CE15E78802CEE2CB6043C4EE4B4B00D05B3A7B\nSigned: true\nSignature: Microsoft Windows\nSignatureStatus: Valid",
  "type": "wineventlog",
  "level": "정보",
  "record_number": "638",
  "event_data": {
    "UtcTime": "2018-03-05 07:32:40.064",
    "Product": "Microsoft® Windows® Operating System",
    "SignatureStatus": "Valid",
    "ProcessId": "17704",
    "FileVersion": "10.0.16299.248 (WinBuild.160101.0800)",
    "Description": "Direct3D 11 Runtime",
    "Signed": "true",
    "Image": "C:\\Program Files\\Mozilla Firefox\\firefox.exe",
    "ImageLoaded": "C:\\Windows\\System32\\d3d11.dll",
    "Hashes": "MD5=1C4992BF1792845260FFD1ED8A477AEF,SHA256=206E7DCA5F2DF9990DFF7F8156CE15E78802CEE2CB6043C4EE4B4B00D05B3A7B",
    "Company": "Microsoft Corporation",
    "Signature": "Microsoft Windows",
    "ProcessGuid": "{A376A8F6-F294-5A9C-0000-001052E48503}"
  },
  "opcode": "정보"
}
{
  "@timestamp": "2018-03-05T07:32:40.199Z",
  "@metadata": {
    "beat": "winlogbeat",
    "type": "doc",
    "version": "6.2.2"
  },
  "event_id": 7,
  "log_name": "Microsoft-Windows-Sysmon/Operational",
  "opcode": "정보",
  "type": "wineventlog",
  "computer_name": "DESKTOP-WJANG",
  "beat": {
    "name": "DESKTOP-WJANG",
    "hostname": "DESKTOP-WJANG",
    "version": "6.2.2"
  },
  "level": "정보",
  "provider_guid": "{5770385F-C22A-43E0-BF4C-06F5698FFBD9}",
  "task": "Image loaded (rule: ImageLoad)",
  "record_number": "639",
  "user": {
    "identifier": "S-1-5-18",
    "name": "SYSTEM",
    "domain": "NT AUTHORITY",
    "type": "Well Known Group"
  },
  "message": "Image loaded:\nUtcTime: 2018-03-05 07:32:39.986\nProcessGuid: {A376A8F6-F297-5A9C-0000-00104D2C8803}\nProcessId: 4624\nImage: C:\\Program Files\\Mozilla Firefox\\firefox.exe\nImageLoaded: C:\\Windows\\System32\\d3d11.dll\nFileVersion: 10.0.16299.248 (WinBuild.160101.0800)\nDescription: Direct3D 11 Runtime\nProduct: Microsoft® Windows® Operating System\nCompany: Microsoft Corporation\nHashes: MD5=1C4992BF1792845260FFD1ED8A477AEF,SHA256=206E7DCA5F2DF9990DFF7F8156CE15E78802CEE2CB6043C4EE4B4B00D05B3A7B\nSigned: true\nSignature: Microsoft Windows\nSignatureStatus: Valid",
  "source_name": "Microsoft-Windows-Sysmon",
  "thread_id": 23584,
  "version": 3,
  "event_data": {
    "Signature": "Microsoft Windows",
    "UtcTime": "2018-03-05 07:32:39.986",
    "Hashes": "MD5=1C4992BF1792845260FFD1ED8A477AEF,SHA256=206E7DCA5F2DF9990DFF7F8156CE15E78802CEE2CB6043C4EE4B4B00D05B3A7B",
    "ImageLoaded": "C:\\Windows\\System32\\d3d11.dll",
    "Product": "Microsoft® Windows® Operating System",
    "Description": "Direct3D 11 Runtime",
    "FileVersion": "10.0.16299.248 (WinBuild.160101.0800)",
    "Signed": "true",
    "ProcessGuid": "{A376A8F6-F297-5A9C-0000-00104D2C8803}",
    "SignatureStatus": "Valid",
    "Image": "C:\\Program Files\\Mozilla Firefox\\firefox.exe",
    "Company": "Microsoft Corporation",
    "ProcessId": "4624"
  },
  "process_id": 8608
}
{
  "@timestamp": "2018-03-05T07:32:40.200Z",
  "@metadata": {
    "beat": "winlogbeat",
    "type": "doc",
    "version": "6.2.2"
  },
  "type": "wineventlog",
  "user": {
    "identifier": "S-1-5-18",
    "name": "SYSTEM",
    "domain": "NT AUTHORITY",
    "type": "Well Known Group"
  },
  "beat": {
    "name": "DESKTOP-WJANG",
    "hostname": "DESKTOP-WJANG",
    "version": "6.2.2"
  },
  "event_data": {
    "Description": "Microsoft DirectX 입력 체계 서비스",
    "FileVersion": "10.0.16299.15 (WinBuild.160101.0800)",
    "Image": "C:\\Program Files\\Mozilla Firefox\\firefox.exe",
    "Hashes": "MD5=04ADF62991CE74701D6CB5F581362161,SHA256=5F948F8B4F9E63DE990ECC9A8E36153C3B60CCE74D330778495AC288074A47BF",
    "ProcessGuid": "{A376A8F6-F297-5A9C-0000-00104D2C8803}",
    "ImageLoaded": "C:\\Windows\\System32\\DWrite.dll",
    "ProcessId": "4624",
    "SignatureStatus": "Valid",
    "Signature": "Microsoft Windows",
    "Company": "Microsoft Corporation",
    "UtcTime": "2018-03-05 07:32:40.196",
    "Signed": "true",
    "Product": "Microsoft® Windows® Operating System"
  },
  "computer_name": "DESKTOP-WJANG",
  "provider_guid": "{5770385F-C22A-43E0-BF4C-06F5698FFBD9}",
  "version": 3,
  "event_id": 7,
  "level": "정보",
  "source_name": "Microsoft-Windows-Sysmon",
  "process_id": 8608,
  "message": "Image loaded:\nUtcTime: 2018-03-05 07:32:40.196\nProcessGuid: {A376A8F6-F297-5A9C-0000-00104D2C8803}\nProcessId: 4624\nImage: C:\\Program Files\\Mozilla Firefox\\firefox.exe\nImageLoaded: C:\\Windows\\System32\\DWrite.dll\nFileVersion: 10.0.16299.15 (WinBuild.160101.0800)\nDescription: Microsoft DirectX 입력 체계 서비스\nProduct: Microsoft® Windows® Operating System\nCompany: Microsoft Corporation\nHashes: MD5=04ADF62991CE74701D6CB5F581362161,SHA256=5F948F8B4F9E63DE990ECC9A8E36153C3B60CCE74D330778495AC288074A47BF\nSigned: true\nSignature: Microsoft Windows\nSignatureStatus: Valid",
  "record_number": "640",
  "task": "Image loaded (rule: ImageLoad)",
  "opcode": "정보",
  "thread_id": 19220,
  "log_name": "Microsoft-Windows-Sysmon/Operational"
}
{
  "@timestamp": "2018-03-05T07:32:40.200Z",
  "@metadata": {
    "beat": "winlogbeat",
    "type": "doc",
    "version": "6.2.2"
  },
  "thread_id": 23584,
  "log_name": "Microsoft-Windows-Sysmon/Operational",
  "message": "Image loaded:\nUtcTime: 2018-03-05 07:32:39.445\nProcessGuid: {A376A8F6-F296-5A9C-0000-0010274B8703}\nProcessId: 25848\nImage: C:\\Program Files\\Mozilla Firefox\\firefox.exe\nImageLoaded: C:\\Windows\\System32\\d3d11.dll\nFileVersion: 10.0.16299.248 (WinBuild.160101.0800)\nDescription: Direct3D 11 Runtime\nProduct: Microsoft® Windows® Operating System\nCompany: Microsoft Corporation\nHashes: MD5=1C4992BF1792845260FFD1ED8A477AEF,SHA256=206E7DCA5F2DF9990DFF7F8156CE15E78802CEE2CB6043C4EE4B4B00D05B3A7B\nSigned: true\nSignature: Microsoft Windows\nSignatureStatus: Valid",
  "record_number": "641",
  "event_id": 7,
  "computer_name": "DESKTOP-WJANG",
  "version": 3,
  "level": "정보",
  "opcode": "정보",
  "user": {
    "domain": "NT AUTHORITY",
    "type": "Well Known Group",
    "identifier": "S-1-5-18",
    "name": "SYSTEM"
  },
  "type": "wineventlog",
  "source_name": "Microsoft-Windows-Sysmon",
  "task": "Image loaded (rule: ImageLoad)",
  "provider_guid": "{5770385F-C22A-43E0-BF4C-06F5698FFBD9}",
  "event_data": {
    "Description": "Direct3D 11 Runtime",
    "Product": "Microsoft® Windows® Operating System",
    "ImageLoaded": "C:\\Windows\\System32\\d3d11.dll",
    "UtcTime": "2018-03-05 07:32:39.445",
    "FileVersion": "10.0.16299.248 (WinBuild.160101.0800)",
    "Signed": "true",
    "ProcessId": "25848",
    "Company": "Microsoft Corporation",
    "Signature": "Microsoft Windows",
    "ProcessGuid": "{A376A8F6-F296-5A9C-0000-0010274B8703}",
    "Image": "C:\\Program Files\\Mozilla Firefox\\firefox.exe",
    "SignatureStatus": "Valid",
    "Hashes": "MD5=1C4992BF1792845260FFD1ED8A477AEF,SHA256=206E7DCA5F2DF9990DFF7F8156CE15E78802CEE2CB6043C4EE4B4B00D05B3A7B"
  },
  "process_id": 8608,
  "beat": {
    "name": "DESKTOP-WJANG",
    "hostname": "DESKTOP-WJANG",
    "version": "6.2.2"
  }
}
{
  "@timestamp": "2018-03-05T07:32:40.207Z",
  "@metadata": {
    "beat": "winlogbeat",
    "type": "doc",
    "version": "6.2.2"
  },
  "message": "Image loaded:\nUtcTime: 2018-03-05 07:32:40.206\nProcessGuid: {A376A8F6-F297-5A9C-0000-00104D2C8803}\nProcessId: 4624\nImage: C:\\Program Files\\Mozilla Firefox\\firefox.exe\nImageLoaded: C:\\Windows\\System32\\mscms.dll\nFileVersion: 10.0.16299.15 (WinBuild.160101.0800)\nDescription: Microsoft 색 일치 시스템 DLL\nProduct: Microsoft® Windows® Operating System\nCompany: Microsoft Corporation\nHashes: MD5=C61683CB6631D3E001AD6C3673408501,SHA256=92A72F37F66545EB16CEB500DD61A188BDBCA9D37F1AFA375436DBCEAF965064\nSigned: true\nSignature: Microsoft Windows\nSignatureStatus: Valid",
  "thread_id": 19220,
  "event_data": {
    "UtcTime": "2018-03-05 07:32:40.206",
    "ProcessGuid": "{A376A8F6-F297-5A9C-0000-00104D2C8803}",
    "Image": "C:\\Program Files\\Mozilla Firefox\\firefox.exe",
    "ImageLoaded": "C:\\Windows\\System32\\mscms.dll",
    "Description": "Microsoft 색 일치 시스템 DLL",
    "Signature": "Microsoft Windows",
    "SignatureStatus": "Valid",
    "Signed": "true",
    "Hashes": "MD5=C61683CB6631D3E001AD6C3673408501,SHA256=92A72F37F66545EB16CEB500DD61A188BDBCA9D37F1AFA375436DBCEAF965064",
    "Company": "Microsoft Corporation",
    "FileVersion": "10.0.16299.15 (WinBuild.160101.0800)",
    "ProcessId": "4624",
    "Product": "Microsoft® Windows® Operating System"
  },
  "task": "Image loaded (rule: ImageLoad)",
  "process_id": 8608,
  "event_id": 7,
  "opcode": "정보",
  "user": {
    "name": "SYSTEM",
    "domain": "NT AUTHORITY",
    "type": "Well Known Group",
    "identifier": "S-1-5-18"
  },
  "type": "wineventlog",
  "log_name": "Microsoft-Windows-Sysmon/Operational",
  "beat": {
    "name": "DESKTOP-WJANG",
    "hostname": "DESKTOP-WJANG",
    "version": "6.2.2"
  },
  "record_number": "642",
  "provider_guid": "{5770385F-C22A-43E0-BF4C-06F5698FFBD9}",
  "computer_name": "DESKTOP-WJANG",
  "version": 3,
  "level": "정보",
  "source_name": "Microsoft-Windows-Sysmon"
}
{
  "@timestamp": "2018-03-05T07:32:40.211Z",
  "@metadata": {
    "beat": "winlogbeat",
    "type": "doc",
    "version": "6.2.2"
  },
  "record_number": "643",
  "version": 3,
  "provider_guid": "{5770385F-C22A-43E0-BF4C-06F5698FFBD9}",
  "process_id": 8608,
  "task": "Image loaded (rule: ImageLoad)",
  "user": {
    "type": "Well Known Group",
    "identifier": "S-1-5-18",
    "name": "SYSTEM",
    "domain": "NT AUTHORITY"
  },
  "event_id": 7,
  "thread_id": 19220,
  "source_name": "Microsoft-Windows-Sysmon",
  "computer_name": "DESKTOP-WJANG",
  "beat": {
    "hostname": "DESKTOP-WJANG",
    "version": "6.2.2",
    "name": "DESKTOP-WJANG"
  },
  "type": "wineventlog",
  "event_data": {
    "Signature": "Microsoft Windows",
    "SignatureStatus": "Valid",
    "ImageLoaded": "C:\\Windows\\System32\\icm32.dll",
    "ProcessGuid": "{A376A8F6-F297-5A9C-0000-00104D2C8803}",
    "FileVersion": "10.0.16299.15 (WinBuild.160101.0800)",
    "Signed": "true",
    "ProcessId": "4624",
    "Company": "Microsoft Corporation",
    "Image": "C:\\Program Files\\Mozilla Firefox\\firefox.exe",
    "Product": "Microsoft® Windows® Operating System",
    "UtcTime": "2018-03-05 07:32:40.210",
    "Description": "Microsoft Color Management Module (CMM)",
    "Hashes": "MD5=5557C136836206282F6343886A337EB4,SHA256=F5C25B53E8EBF55927F83E2484A706F8781FF75DB77C57BBBB8B2E02CB42273E"
  },
  "log_name": "Microsoft-Windows-Sysmon/Operational",
  "level": "정보",
  "opcode": "정보",
  "message": "Image loaded:\nUtcTime: 2018-03-05 07:32:40.210\nProcessGuid: {A376A8F6-F297-5A9C-0000-00104D2C8803}\nProcessId: 4624\nImage: C:\\Program Files\\Mozilla Firefox\\firefox.exe\nImageLoaded: C:\\Windows\\System32\\icm32.dll\nFileVersion: 10.0.16299.15 (WinBuild.160101.0800)\nDescription: Microsoft Color Management Module (CMM)\nProduct: Microsoft® Windows® Operating System\nCompany: Microsoft Corporation\nHashes: MD5=5557C136836206282F6343886A337EB4,SHA256=F5C25B53E8EBF55927F83E2484A706F8781FF75DB77C57BBBB8B2E02CB42273E\nSigned: true\nSignature: Microsoft Windows\nSignatureStatus: Valid"
}
{
  "@timestamp": "2018-03-05T07:32:40.228Z",
  "@metadata": {
    "beat": "winlogbeat",
    "type": "doc",
    "version": "6.2.2"
  },
  "beat": {
    "name": "DESKTOP-WJANG",
    "hostname": "DESKTOP-WJANG",
    "version": "6.2.2"
  },
  "computer_name": "DESKTOP-WJANG",
  "record_number": "644",
  "thread_id": 23584,
  "log_name": "Microsoft-Windows-Sysmon/Operational",
  "source_name": "Microsoft-Windows-Sysmon",
  "event_id": 7,
  "event_data": {
    "ProcessGuid": "{A376A8F6-F297-5A9C-0000-00104D2C8803}",
    "Product": "NVIDIA driver loader",
    "ProcessId": "4624",
    "Description": "NVIDIA Driver Loader, Version 388.13 ",
    "Hashes": "MD5=FE8CB2FC220D01F433F3AFA7579BA97B,SHA256=72B62AD8D7EAAB8C15A4B314108FC568FFBF9560D40B6C238805F2C0F680928A",
    "SignatureStatus": "Valid",
    "Image": "C:\\Program Files\\Mozilla Firefox\\firefox.exe",
    "Signed": "true",
    "UtcTime": "2018-03-05 07:32:39.991",
    "ImageLoaded": "C:\\Windows\\System32\\DriverStore\\FileRepository\\nv_ref_pubwu.inf_amd64_2e7fa54192fe16d0\\nvldumdx.dll",
    "Signature": "Microsoft Windows Hardware Compatibility Publisher",
    "Company": "NVIDIA Corporation",
    "FileVersion": "23.21.13.8813"
  },
  "message": "Image loaded:\nUtcTime: 2018-03-05 07:32:39.991\nProcessGuid: {A376A8F6-F297-5A9C-0000-00104D2C8803}\nProcessId: 4624\nImage: C:\\Program Files\\Mozilla Firefox\\firefox.exe\nImageLoaded: C:\\Windows\\System32\\DriverStore\\FileRepository\\nv_ref_pubwu.inf_amd64_2e7fa54192fe16d0\\nvldumdx.dll\nFileVersion: 23.21.13.8813\nDescription: NVIDIA Driver Loader, Version 388.13 \nProduct: NVIDIA driver loader\nCompany: NVIDIA Corporation\nHashes: MD5=FE8CB2FC220D01F433F3AFA7579BA97B,SHA256=72B62AD8D7EAAB8C15A4B314108FC568FFBF9560D40B6C238805F2C0F680928A\nSigned: true\nSignature: Microsoft Windows Hardware Compatibility Publisher\nSignatureStatus: Valid",
  "provider_guid": "{5770385F-C22A-43E0-BF4C-06F5698FFBD9}",
  "process_id": 8608,
  "level": "정보",
  "task": "Image loaded (rule: ImageLoad)",
  "version": 3,
  "type": "wineventlog",
  "opcode": "정보",
  "user": {
    "identifier": "S-1-5-18",
    "name": "SYSTEM",
    "domain": "NT AUTHORITY",
    "type": "Well Known Group"
  }
}
{
  "@timestamp": "2018-03-05T07:32:40.229Z",
  "@metadata": {
    "beat": "winlogbeat",
    "type": "doc",
    "version": "6.2.2"
  },
  "thread_id": 23584,
  "source_name": "Microsoft-Windows-Sysmon",
  "record_number": "645",
  "task": "Image loaded (rule: ImageLoad)",
  "event_data": {
    "ProcessGuid": "{A376A8F6-F296-5A9C-0000-0010274B8703}",
    "FileVersion": "23.21.13.8813",
    "Signed": "true",
    "UtcTime": "2018-03-05 07:32:39.468",
    "Product": "NVIDIA driver loader",
    "Hashes": "MD5=FE8CB2FC220D01F433F3AFA7579BA97B,SHA256=72B62AD8D7EAAB8C15A4B314108FC568FFBF9560D40B6C238805F2C0F680928A",
    "SignatureStatus": "Valid",
    "Image": "C:\\Program Files\\Mozilla Firefox\\firefox.exe",
    "Description": "NVIDIA Driver Loader, Version 388.13 ",
    "Signature": "Microsoft Windows Hardware Compatibility Publisher",
    "Company": "NVIDIA Corporation",
    "ImageLoaded": "C:\\Windows\\System32\\DriverStore\\FileRepository\\nv_ref_pubwu.inf_amd64_2e7fa54192fe16d0\\nvldumdx.dll",
    "ProcessId": "25848"
  },
  "opcode": "정보",
  "beat": {
    "name": "DESKTOP-WJANG",
    "hostname": "DESKTOP-WJANG",
    "version": "6.2.2"
  },
  "process_id": 8608,
  "log_name": "Microsoft-Windows-Sysmon/Operational",
  "version": 3,
  "type": "wineventlog",
  "event_id": 7,
  "provider_guid": "{5770385F-C22A-43E0-BF4C-06F5698FFBD9}",
  "message": "Image loaded:\nUtcTime: 2018-03-05 07:32:39.468\nProcessGuid: {A376A8F6-F296-5A9C-0000-0010274B8703}\nProcessId: 25848\nImage: C:\\Program Files\\Mozilla Firefox\\firefox.exe\nImageLoaded: C:\\Windows\\System32\\DriverStore\\FileRepository\\nv_ref_pubwu.inf_amd64_2e7fa54192fe16d0\\nvldumdx.dll\nFileVersion: 23.21.13.8813\nDescription: NVIDIA Driver Loader, Version 388.13 \nProduct: NVIDIA driver loader\nCompany: NVIDIA Corporation\nHashes: MD5=FE8CB2FC220D01F433F3AFA7579BA97B,SHA256=72B62AD8D7EAAB8C15A4B314108FC568FFBF9560D40B6C238805F2C0F680928A\nSigned: true\nSignature: Microsoft Windows Hardware Compatibility Publisher\nSignatureStatus: Valid",
  "computer_name": "DESKTOP-WJANG",
  "level": "정보",
  "user": {
    "identifier": "S-1-5-18",
    "name": "SYSTEM",
    "domain": "NT AUTHORITY",
    "type": "Well Known Group"
  }
}
{
  "@timestamp": "2018-03-05T07:32:40.243Z",
  "@metadata": {
    "beat": "winlogbeat",
    "type": "doc",
    "version": "6.2.2"
  },
  "computer_name": "DESKTOP-WJANG",
  "version": 3,
  "level": "정보",
  "beat": {
    "name": "DESKTOP-WJANG",
    "hostname": "DESKTOP-WJANG",
    "version": "6.2.2"
  },
  "message": "Image loaded:\nUtcTime: 2018-03-05 07:32:40.020\nProcessGuid: {A376A8F6-F297-5A9C-0000-00104D2C8803}\nProcessId: 4624\nImage: C:\\Program Files\\Mozilla Firefox\\firefox.exe\nImageLoaded: C:\\Windows\\System32\\cryptsp.dll\nFileVersion: 10.0.16299.15 (WinBuild.160101.0800)\nDescription: Cryptographic Service Provider API\nProduct: Microsoft® Windows® Operating System\nCompany: Microsoft Corporation\nHashes: MD5=E8E7EBA7164C2DC2021EE52090A941A0,SHA256=FC99C980C2E8619CC64D534497C652A1B1DFC55A3EABFD7E81C62EF0A28C03B4\nSigned: true\nSignature: Microsoft Windows\nSignatureStatus: Valid",
  "provider_guid": "{5770385F-C22A-43E0-BF4C-06F5698FFBD9}",
  "type": "wineventlog",
  "event_data": {
    "Signature": "Microsoft Windows",
    "ProcessId": "4624",
    "FileVersion": "10.0.16299.15 (WinBuild.160101.0800)",
    "SignatureStatus": "Valid",
    "ImageLoaded": "C:\\Windows\\System32\\cryptsp.dll",
    "Image": "C:\\Program Files\\Mozilla Firefox\\firefox.exe",
    "Hashes": "MD5=E8E7EBA7164C2DC2021EE52090A941A0,SHA256=FC99C980C2E8619CC64D534497C652A1B1DFC55A3EABFD7E81C62EF0A28C03B4",
    "ProcessGuid": "{A376A8F6-F297-5A9C-0000-00104D2C8803}",
    "Product": "Microsoft® Windows® Operating System",
    "Company": "Microsoft Corporation",
    "Signed": "true",
    "Description": "Cryptographic Service Provider API",
    "UtcTime": "2018-03-05 07:32:40.020"
  },
  "event_id": 7,
  "thread_id": 23584,
  "opcode": "정보",
  "log_name": "Microsoft-Windows-Sysmon/Operational",
  "source_name": "Microsoft-Windows-Sysmon",
  "task": "Image loaded (rule: ImageLoad)",
  "user": {
    "identifier": "S-1-5-18",
    "name": "SYSTEM",
    "domain": "NT AUTHORITY",
    "type": "Well Known Group"
  },
  "process_id": 8608,
  "record_number": "646"
}
{
  "@timestamp": "2018-03-05T07:32:40.244Z",
  "@metadata": {
    "beat": "winlogbeat",
    "type": "doc",
    "version": "6.2.2"
  },
  "event_id": 7,
  "type": "wineventlog",
  "beat": {
    "hostname": "DESKTOP-WJANG",
    "version": "6.2.2",
    "name": "DESKTOP-WJANG"
  },
  "version": 3,
  "provider_guid": "{5770385F-C22A-43E0-BF4C-06F5698FFBD9}",
  "task": "Image loaded (rule: ImageLoad)",
  "message": "Image loaded:\nUtcTime: 2018-03-05 07:32:39.500\nProcessGuid: {A376A8F6-F296-5A9C-0000-0010274B8703}\nProcessId: 25848\nImage: C:\\Program Files\\Mozilla Firefox\\firefox.exe\nImageLoaded: C:\\Windows\\System32\\cryptsp.dll\nFileVersion: 10.0.16299.15 (WinBuild.160101.0800)\nDescription: Cryptographic Service Provider API\nProduct: Microsoft® Windows® Operating System\nCompany: Microsoft Corporation\nHashes: MD5=E8E7EBA7164C2DC2021EE52090A941A0,SHA256=FC99C980C2E8619CC64D534497C652A1B1DFC55A3EABFD7E81C62EF0A28C03B4\nSigned: true\nSignature: Microsoft Windows\nSignatureStatus: Valid",
  "event_data": {
    "Company": "Microsoft Corporation",
    "UtcTime": "2018-03-05 07:32:39.500",
    "FileVersion": "10.0.16299.15 (WinBuild.160101.0800)",
    "ProcessId": "25848",
    "Product": "Microsoft® Windows® Operating System",
    "SignatureStatus": "Valid",
    "Signature": "Microsoft Windows",
    "Signed": "true",
    "ProcessGuid": "{A376A8F6-F296-5A9C-0000-0010274B8703}",
    "Description": "Cryptographic Service Provider API",
    "Hashes": "MD5=E8E7EBA7164C2DC2021EE52090A941A0,SHA256=FC99C980C2E8619CC64D534497C652A1B1DFC55A3EABFD7E81C62EF0A28C03B4",
    "Image": "C:\\Program Files\\Mozilla Firefox\\firefox.exe",
    "ImageLoaded": "C:\\Windows\\System32\\cryptsp.dll"
  },
  "record_number": "647",
  "user": {
    "domain": "NT AUTHORITY",
    "type": "Well Known Group",
    "identifier": "S-1-5-18",
    "name": "SYSTEM"
  },
  "opcode": "정보",
  "process_id": 8608,
  "level": "정보",
  "source_name": "Microsoft-Windows-Sysmon",
  "thread_id": 23584,
  "log_name": "Microsoft-Windows-Sysmon/Operational",
  "computer_name": "DESKTOP-WJANG"
}
{
  "@timestamp": "2018-03-05T07:32:40.246Z",
  "@metadata": {
    "beat": "winlogbeat",
    "type": "doc",
    "version": "6.2.2"
  },
  "opcode": "정보",
  "process_id": 8608,
  "event_data": {
    "Company": "Microsoft Corporation",
    "Signed": "true",
    "UtcTime": "2018-03-05 07:32:40.246",
    "Product": "Microsoft® Windows® Operating System",
    "ImageLoaded": "C:\\Windows\\System32\\userenv.dll",
    "Image": "C:\\Program Files\\Mozilla Firefox\\firefox.exe",
    "FileVersion": "10.0.16299.15 (WinBuild.160101.0800)",
    "Hashes": "MD5=039F6F9C681BBDE16506DB4F0F270367,SHA256=CD5A8134448CD162A12B622710DC45AD42A9E7750F72EA679B1049E61EBF7537",
    "Signature": "Microsoft Windows",
    "ProcessGuid": "{A376A8F6-F298-5A9C-0000-001071788803}",
    "ProcessId": "25364",
    "Description": "Userenv",
    "SignatureStatus": "Valid"
  },
  "message": "Image loaded:\nUtcTime: 2018-03-05 07:32:40.246\nProcessGuid: {A376A8F6-F298-5A9C-0000-001071788803}\nProcessId: 25364\nImage: C:\\Program Files\\Mozilla Firefox\\firefox.exe\nImageLoaded: C:\\Windows\\System32\\userenv.dll\nFileVersion: 10.0.16299.15 (WinBuild.160101.0800)\nDescription: Userenv\nProduct: Microsoft® Windows® Operating System\nCompany: Microsoft Corporation\nHashes: MD5=039F6F9C681BBDE16506DB4F0F270367,SHA256=CD5A8134448CD162A12B622710DC45AD42A9E7750F72EA679B1049E61EBF7537\nSigned: true\nSignature: Microsoft Windows\nSignatureStatus: Valid",
  "thread_id": 19220,
  "record_number": "648",
  "provider_guid": "{5770385F-C22A-43E0-BF4C-06F5698FFBD9}",
  "source_name": "Microsoft-Windows-Sysmon",
  "level": "정보",
  "event_id": 7,
  "type": "wineventlog",
  "log_name": "Microsoft-Windows-Sysmon/Operational",
  "user": {
    "identifier": "S-1-5-18",
    "name": "SYSTEM",
    "domain": "NT AUTHORITY",
    "type": "Well Known Group"
  },
  "version": 3,
  "beat": {
    "name": "DESKTOP-WJANG",
    "hostname": "DESKTOP-WJANG",
    "version": "6.2.2"
  },
  "computer_name": "DESKTOP-WJANG",
  "task": "Image loaded (rule: ImageLoad)"
}
{
  "@timestamp": "2018-03-05T07:32:40.248Z",
  "@metadata": {
    "beat": "winlogbeat",
    "type": "doc",
    "version": "6.2.2"
  },
  "event_id": 7,
  "provider_guid": "{5770385F-C22A-43E0-BF4C-06F5698FFBD9}",
  "event_data": {
    "Signature": "Microsoft Windows",
    "SignatureStatus": "Valid",
    "Description": "MMDevice API",
    "Product": "Microsoft® Windows® Operating System",
    "Company": "Microsoft Corporation",
    "ImageLoaded": "C:\\Windows\\System32\\MMDevAPI.dll",
    "UtcTime": "2018-03-05 07:32:40.247",
    "Hashes": "MD5=4785ACD9B68A2CEBC29B89A3567F1C21,SHA256=14AA7587279C910F77D5BF6407B7540D5105B8F0DED1EE6AADD9ACF72F2D4BAB",
    "ProcessId": "4624",
    "Signed": "true",
    "FileVersion": "10.0.16299.15 (WinBuild.160101.0800)",
    "ProcessGuid": "{A376A8F6-F297-5A9C-0000-00104D2C8803}",
    "Image": "C:\\Program Files\\Mozilla Firefox\\firefox.exe"
  },
  "level": "정보",
  "process_id": 8608,
  "user": {
    "identifier": "S-1-5-18",
    "name": "SYSTEM",
    "domain": "NT AUTHORITY",
    "type": "Well Known Group"
  },
  "record_number": "649",
  "message": "Image loaded:\nUtcTime: 2018-03-05 07:32:40.247\nProcessGuid: {A376A8F6-F297-5A9C-0000-00104D2C8803}\nProcessId: 4624\nImage: C:\\Program Files\\Mozilla Firefox\\firefox.exe\nImageLoaded: C:\\Windows\\System32\\MMDevAPI.dll\nFileVersion: 10.0.16299.15 (WinBuild.160101.0800)\nDescription: MMDevice API\nProduct: Microsoft® Windows® Operating System\nCompany: Microsoft Corporation\nHashes: MD5=4785ACD9B68A2CEBC29B89A3567F1C21,SHA256=14AA7587279C910F77D5BF6407B7540D5105B8F0DED1EE6AADD9ACF72F2D4BAB\nSigned: true\nSignature: Microsoft Windows\nSignatureStatus: Valid",
  "log_name": "Microsoft-Windows-Sysmon/Operational",
  "computer_name": "DESKTOP-WJANG",
  "type": "wineventlog",
  "version": 3,
  "task": "Image loaded (rule: ImageLoad)",
  "opcode": "정보",
  "thread_id": 19220,
  "source_name": "Microsoft-Windows-Sysmon",
  "beat": {
    "name": "DESKTOP-WJANG",
    "hostname": "DESKTOP-WJANG",
    "version": "6.2.2"
  }
}
{
  "@timestamp": "2018-03-05T07:32:40.250Z",
  "@metadata": {
    "beat": "winlogbeat",
    "type": "doc",
    "version": "6.2.2"
  },
  "log_name": "Microsoft-Windows-Sysmon/Operational",
  "event_data": {
    "ProcessId": "4624",
    "Image": "C:\\Program Files\\Mozilla Firefox\\firefox.exe",
    "Hashes": "MD5=521A51043879E980CB1B17735D41893A,SHA256=40557D1878BE949E67F8E795CC613EEC39CA8528620FA3B228AC4C00F7A1DAE4",
    "Company": "Microsoft Corporation",
    "ImageLoaded": "C:\\Windows\\System32\\propsys.dll",
    "FileVersion": "7.0.16299.15 (WinBuild.160101.0800)",
    "SignatureStatus": "Valid",
    "ProcessGuid": "{A376A8F6-F297-5A9C-0000-00104D2C8803}",
    "Description": "Microsoft 속성 시스템",
    "Product": "Windows® Search",
    "Signature": "Microsoft Windows",
    "UtcTime": "2018-03-05 07:32:40.248",
    "Signed": "true"
  },
  "thread_id": 19220,
  "message": "Image loaded:\nUtcTime: 2018-03-05 07:32:40.248\nProcessGuid: {A376A8F6-F297-5A9C-0000-00104D2C8803}\nProcessId: 4624\nImage: C:\\Program Files\\Mozilla Firefox\\firefox.exe\nImageLoaded: C:\\Windows\\System32\\propsys.dll\nFileVersion: 7.0.16299.15 (WinBuild.160101.0800)\nDescription: Microsoft 속성 시스템\nProduct: Windows® Search\nCompany: Microsoft Corporation\nHashes: MD5=521A51043879E980CB1B17735D41893A,SHA256=40557D1878BE949E67F8E795CC613EEC39CA8528620FA3B228AC4C00F7A1DAE4\nSigned: true\nSignature: Microsoft Windows\nSignatureStatus: Valid",
  "source_name": "Microsoft-Windows-Sysmon",
  "provider_guid": "{5770385F-C22A-43E0-BF4C-06F5698FFBD9}",
  "user": {
    "type": "Well Known Group",
    "identifier": "S-1-5-18",
    "name": "SYSTEM",
    "domain": "NT AUTHORITY"
  },
  "record_number": "650",
  "event_id": 7,
  "process_id": 8608,
  "task": "Image loaded (rule: ImageLoad)",
  "computer_name": "DESKTOP-WJANG",
  "version": 3,
  "level": "정보",
  "opcode": "정보",
  "beat": {
    "name": "DESKTOP-WJANG",
    "hostname": "DESKTOP-WJANG",
    "version": "6.2.2"
  },
  "type": "wineventlog"
}
