{
  "@timestamp": "2018-03-05T07:32:40.110Z",
  "@metadata": {
    "beat": "winlogbeat",
    "type": "doc",
    "version": "6.2.2"
  },
  "computer_name": "DESKTOP-WJANG",
  "event_id": 7,
  "version": 3,
  "message": "Image loaded:\nUtcTime: 2018-03-05 07:32:40.106\nProcessGuid: {A376A8F6-F298-5A9C-0000-001071788803}\nProcessId: 25364\nImage: C:\\Program Files\\Mozilla Firefox\\firefox.exe\nImageLoaded: C:\\Windows\\System32\\SHCore.dll\nFileVersion: 10.0.16299.15 (WinBuild.160101.0800)\nDescription: SHCORE\nProduct: Microsoft® Windows® Operating System\nCompany: Microsoft Corporation\nHashes: MD5=9D0D011204DD79D53A9BC9F87FC86E7A,SHA256=7276EB9F44D866F6C9AE9FFEBCADE4E4B0B1E78B53103150E4C2AF58C0300044\nSigned: true\nSignature: Microsoft Windows\nSignatureStatus: Valid",
  "type": "wineventlog",
  "opcode": "정보",
  "user": {
    "identifier": "S-1-5-18",
    "name": "SYSTEM",
    "domain": "NT AUTHORITY",
    "type": "Well Known Group"
  },
  "record_number": "603",
  "task": "Image loaded (rule: ImageLoad)",
  "provider_guid": "{5770385F-C22A-43E0-BF4C-06F5698FFBD9}",
  "level": "정보",
  "process_id": 8608,
  "log_name": "Microsoft-Windows-Sysmon/Operational",
  "thread_id": 19220,
  "event_data": {
    "ProcessGuid": "{A376A8F6-F298-5A9C-0000-001071788803}",
    "SignatureStatus": "Valid",
    "UtcTime": "2018-03-05 07:32:40.106",
    "Description": "SHCORE",
    "ProcessId": "25364",
    "Signed": "true",
    "Company": "Microsoft Corporation",
    "Image": "C:\\Program Files\\Mozilla Firefox\\firefox.exe",
    "Signature": "Microsoft Windows",
    "FileVersion": "10.0.16299.15 (WinBuild.160101.0800)",
    "Product": "Microsoft® Windows® Operating System",
    "ImageLoaded": "C:\\Windows\\System32\\SHCore.dll",
    "Hashes": "MD5=9D0D011204DD79D53A9BC9F87FC86E7A,SHA256=7276EB9F44D866F6C9AE9FFEBCADE4E4B0B1E78B53103150E4C2AF58C0300044"
  },
  "source_name": "Microsoft-Windows-Sysmon",
  "beat": {
    "name": "DESKTOP-WJANG",
    "hostname": "DESKTOP-WJANG",
    "version": "6.2.2"
  }
}
{
  "@timestamp": "2018-03-05T07:32:40.111Z",
  "@metadata": {
    "beat": "winlogbeat",
    "type": "doc",
    "version": "6.2.2"
  },
  "type": "wineventlog",
  "event_data": {
    "Product": "Microsoft® Windows® Operating System",
    "ProcessId": "17704",
    "Image": "C:\\Program Files\\Mozilla Firefox\\firefox.exe",
    "ProcessGuid": "{A376A8F6-F294-5A9C-0000-001052E48503}",
    "Signed": "true",
    "Description": "Workstation Service Client DLL",
    "SignatureStatus": "Valid",
    "UtcTime": "2018-03-05 07:32:39.128",
    "FileVersion": "10.0.16299.15 (WinBuild.160101.0800)",
    "Company": "Microsoft Corporation",
    "Hashes": "MD5=7ADDB9A8711932A1878BA4AFFBCD1744,SHA256=56229A92EA92E93375848CDA19BFE29C7C658824962996CF8511EF6487C5154D",
    "Signature": "Microsoft Windows",
    "ImageLoaded": "C:\\Windows\\System32\\wkscli.dll"
  },
  "event_id": 7,
  "provider_guid": "{5770385F-C22A-43E0-BF4C-06F5698FFBD9}",
  "version": 3,
  "computer_name": "DESKTOP-WJANG",
  "source_name": "Microsoft-Windows-Sysmon",
  "user": {
    "type": "Well Known Group",
    "identifier": "S-1-5-18",
    "name": "SYSTEM",
    "domain": "NT AUTHORITY"
  },
  "log_name": "Microsoft-Windows-Sysmon/Operational",
  "beat": {
    "hostname": "DESKTOP-WJANG",
    "version": "6.2.2",
    "name": "DESKTOP-WJANG"
  },
  "opcode": "정보",
  "record_number": "604",
  "level": "정보",
  "task": "Image loaded (rule: ImageLoad)",
  "process_id": 8608,
  "thread_id": 23584,
  "message": "Image loaded:\nUtcTime: 2018-03-05 07:32:39.128\nProcessGuid: {A376A8F6-F294-5A9C-0000-001052E48503}\nProcessId: 17704\nImage: C:\\Program Files\\Mozilla Firefox\\firefox.exe\nImageLoaded: C:\\Windows\\System32\\wkscli.dll\nFileVersion: 10.0.16299.15 (WinBuild.160101.0800)\nDescription: Workstation Service Client DLL\nProduct: Microsoft® Windows® Operating System\nCompany: Microsoft Corporation\nHashes: MD5=7ADDB9A8711932A1878BA4AFFBCD1744,SHA256=56229A92EA92E93375848CDA19BFE29C7C658824962996CF8511EF6487C5154D\nSigned: true\nSignature: Microsoft Windows\nSignatureStatus: Valid"
}
{
  "@timestamp": "2018-03-05T07:32:40.111Z",
  "@metadata": {
    "beat": "winlogbeat",
    "type": "doc",
    "version": "6.2.2"
  },
  "log_name": "Microsoft-Windows-Sysmon/Operational",
  "message": "Image loaded:\nUtcTime: 2018-03-05 07:32:40.107\nProcessGuid: {A376A8F6-F298-5A9C-0000-001071788803}\nProcessId: 25364\nImage: C:\\Program Files\\Mozilla Firefox\\firefox.exe\nImageLoaded: C:\\Windows\\System32\\windows.storage.dll\nFileVersion: 10.0.16299.15 (WinBuild.160101.0800)\nDescription: Microsoft WinRT 저장소 API\nProduct: Microsoft® Windows® Operating System\nCompany: Microsoft Corporation\nHashes: MD5=FF2331ACDFE6E06A7D016A71EDAEF37F,SHA256=D155A37C95000D4F7E727687DDA0BE9B2D26B3B764966A212B4129FE7E2BD369\nSigned: true\nSignature: Microsoft Windows\nSignatureStatus: Valid",
  "version": 3,
  "thread_id": 19220,
  "beat": {
    "name": "DESKTOP-WJANG",
    "hostname": "DESKTOP-WJANG",
    "version": "6.2.2"
  },
  "user": {
    "identifier": "S-1-5-18",
    "name": "SYSTEM",
    "domain": "NT AUTHORITY",
    "type": "Well Known Group"
  },
  "opcode": "정보",
  "provider_guid": "{5770385F-C22A-43E0-BF4C-06F5698FFBD9}",
  "source_name": "Microsoft-Windows-Sysmon",
  "record_number": "605",
  "event_id": 7,
  "event_data": {
    "ProcessGuid": "{A376A8F6-F298-5A9C-0000-001071788803}",
    "ImageLoaded": "C:\\Windows\\System32\\windows.storage.dll",
    "FileVersion": "10.0.16299.15 (WinBuild.160101.0800)",
    "Image": "C:\\Program Files\\Mozilla Firefox\\firefox.exe",
    "ProcessId": "25364",
    "Product": "Microsoft® Windows® Operating System",
    "Hashes": "MD5=FF2331ACDFE6E06A7D016A71EDAEF37F,SHA256=D155A37C95000D4F7E727687DDA0BE9B2D26B3B764966A212B4129FE7E2BD369",
    "Description": "Microsoft WinRT 저장소 API",
    "Signature": "Microsoft Windows",
    "Company": "Microsoft Corporation",
    "SignatureStatus": "Valid",
    "UtcTime": "2018-03-05 07:32:40.107",
    "Signed": "true"
  },
  "task": "Image loaded (rule: ImageLoad)",
  "computer_name": "DESKTOP-WJANG",
  "level": "정보",
  "type": "wineventlog",
  "process_id": 8608
}
{
  "@timestamp": "2018-03-05T07:32:40.112Z",
  "@metadata": {
    "beat": "winlogbeat",
    "type": "doc",
    "version": "6.2.2"
  },
  "event_id": 7,
  "event_data": {
    "ProcessGuid": "{A376A8F6-F298-5A9C-0000-001071788803}",
    "FileVersion": "10.0.16299.15 (WinBuild.160101.0800)",
    "Product": "Microsoft® Windows® Operating System",
    "Hashes": "MD5=15D837C46191746FCA2BE7F6A401FA87,SHA256=5999E2C6242917465202FFEA991E2CE80823E3F985D5DE7EA88DCEF91EC91430",
    "Company": "Microsoft Corporation",
    "UtcTime": "2018-03-05 07:32:40.107",
    "Signed": "true",
    "SignatureStatus": "Valid",
    "ImageLoaded": "C:\\Windows\\System32\\shlwapi.dll",
    "ProcessId": "25364",
    "Signature": "Microsoft Windows",
    "Image": "C:\\Program Files\\Mozilla Firefox\\firefox.exe",
    "Description": "셸 표준 이하 유틸리티 라이브러리"
  },
  "record_number": "606",
  "provider_guid": "{5770385F-C22A-43E0-BF4C-06F5698FFBD9}",
  "version": 3,
  "user": {
    "name": "SYSTEM",
    "domain": "NT AUTHORITY",
    "type": "Well Known Group",
    "identifier": "S-1-5-18"
  },
  "thread_id": 19220,
  "process_id": 8608,
  "message": "Image loaded:\nUtcTime: 2018-03-05 07:32:40.107\nProcessGuid: {A376A8F6-F298-5A9C-0000-001071788803}\nProcessId: 25364\nImage: C:\\Program Files\\Mozilla Firefox\\firefox.exe\nImageLoaded: C:\\Windows\\System32\\shlwapi.dll\nFileVersion: 10.0.16299.15 (WinBuild.160101.0800)\nDescription: 셸 표준 이하 유틸리티 라이브러리\nProduct: Microsoft® Windows® Operating System\nCompany: Microsoft Corporation\nHashes: MD5=15D837C46191746FCA2BE7F6A401FA87,SHA256=5999E2C6242917465202FFEA991E2CE80823E3F985D5DE7EA88DCEF91EC91430\nSigned: true\nSignature: Microsoft Windows\nSignatureStatus: Valid",
  "type": "wineventlog",
  "log_name": "Microsoft-Windows-Sysmon/Operational",
  "beat": {
    "version": "6.2.2",
    "name": "DESKTOP-WJANG",
    "hostname": "DESKTOP-WJANG"
  },
  "opcode": "정보",
  "task": "Image loaded (rule: ImageLoad)",
  "level": "정보",
  "computer_name": "DESKTOP-WJANG",
  "source_name": "Microsoft-Windows-Sysmon"
}
{
  "@timestamp": "2018-03-05T07:32:40.112Z",
  "@metadata": {
    "beat": "winlogbeat",
    "type": "doc",
    "version": "6.2.2"
  },
  "event_id": 7,
  "level": "정보",
  "log_name": "Microsoft-Windows-Sysmon/Operational",
  "type": "wineventlog",
  "beat": {
    "name": "DESKTOP-WJANG",
    "hostname": "DESKTOP-WJANG",
    "version": "6.2.2"
  },
  "thread_id": 19220,
  "event_data": {
    "Company": "Microsoft Corporation",
    "SignatureStatus": "Valid",
    "Image": "C:\\Program Files\\Mozilla Firefox\\firefox.exe",
    "Product": "Microsoft® Windows® Operating System",
    "ImageLoaded": "C:\\Windows\\System32\\kernel.appcore.dll",
    "ProcessId": "25364",
    "Signed": "true",
    "UtcTime": "2018-03-05 07:32:40.108",
    "ProcessGuid": "{A376A8F6-F298-5A9C-0000-001071788803}",
    "Signature": "Microsoft Windows",
    "FileVersion": "10.0.16299.15 (WinBuild.160101.0800)",
    "Description": "AppModel API Host",
    "Hashes": "MD5=7BE8708016C9FA098E47D19998454E37,SHA256=905DF64416030472E727DA5E73E62453C2B7B738062195E51D9A68FCED198569"
  },
  "computer_name": "DESKTOP-WJANG",
  "source_name": "Microsoft-Windows-Sysmon",
  "record_number": "607",
  "version": 3,
  "user": {
    "domain": "NT AUTHORITY",
    "type": "Well Known Group",
    "identifier": "S-1-5-18",
    "name": "SYSTEM"
  },
  "task": "Image loaded (rule: ImageLoad)",
  "opcode": "정보",
  "process_id": 8608,
  "provider_guid": "{5770385F-C22A-43E0-BF4C-06F5698FFBD9}",
  "message": "Image loaded:\nUtcTime: 2018-03-05 07:32:40.108\nProcessGuid: {A376A8F6-F298-5A9C-0000-001071788803}\nProcessId: 25364\nImage: C:\\Program Files\\Mozilla Firefox\\firefox.exe\nImageLoaded: C:\\Windows\\System32\\kernel.appcore.dll\nFileVersion: 10.0.16299.15 (WinBuild.160101.0800)\nDescription: AppModel API Host\nProduct: Microsoft® Windows® Operating System\nCompany: Microsoft Corporation\nHashes: MD5=7BE8708016C9FA098E47D19998454E37,SHA256=905DF64416030472E727DA5E73E62453C2B7B738062195E51D9A68FCED198569\nSigned: true\nSignature: Microsoft Windows\nSignatureStatus: Valid"
}
{
  "@timestamp": "2018-03-05T07:32:40.112Z",
  "@metadata": {
    "beat": "winlogbeat",
    "type": "doc",
    "version": "6.2.2"
  },
  "opcode": "정보",
  "beat": {
    "name": "DESKTOP-WJANG",
    "hostname": "DESKTOP-WJANG",
    "version": "6.2.2"
  },
  "computer_name": "DESKTOP-WJANG",
  "event_data": {
    "Company": "Microsoft Corporation",
    "Signature": "Microsoft Windows",
    "Description": "전원 프로필 도우미 DLL",
    "ImageLoaded": "C:\\Windows\\System32\\powrprof.dll",
    "Hashes": "MD5=4580ECECF4D30851E347345EE39628AE,SHA256=25CDF5E8F270BB80A6F312AB0717987ED230C557F089C3FD1D31E42148C5B759",
    "Product": "Microsoft® Windows® Operating System",
    "SignatureStatus": "Valid",
    "UtcTime": "2018-03-05 07:32:40.108",
    "Image": "C:\\Program Files\\Mozilla Firefox\\firefox.exe",
    "FileVersion": "10.0.16299.15 (WinBuild.160101.0800)",
    "ProcessId": "25364",
    "ProcessGuid": "{A376A8F6-F298-5A9C-0000-001071788803}",
    "Signed": "true"
  },
  "log_name": "Microsoft-Windows-Sysmon/Operational",
  "version": 3,
  "level": "정보",
  "task": "Image loaded (rule: ImageLoad)",
  "provider_guid": "{5770385F-C22A-43E0-BF4C-06F5698FFBD9}",
  "record_number": "608",
  "thread_id": 19220,
  "process_id": 8608,
  "event_id": 7,
  "source_name": "Microsoft-Windows-Sysmon",
  "user": {
    "name": "SYSTEM",
    "domain": "NT AUTHORITY",
    "type": "Well Known Group",
    "identifier": "S-1-5-18"
  },
  "type": "wineventlog",
  "message": "Image loaded:\nUtcTime: 2018-03-05 07:32:40.108\nProcessGuid: {A376A8F6-F298-5A9C-0000-001071788803}\nProcessId: 25364\nImage: C:\\Program Files\\Mozilla Firefox\\firefox.exe\nImageLoaded: C:\\Windows\\System32\\powrprof.dll\nFileVersion: 10.0.16299.15 (WinBuild.160101.0800)\nDescription: 전원 프로필 도우미 DLL\nProduct: Microsoft® Windows® Operating System\nCompany: Microsoft Corporation\nHashes: MD5=4580ECECF4D30851E347345EE39628AE,SHA256=25CDF5E8F270BB80A6F312AB0717987ED230C557F089C3FD1D31E42148C5B759\nSigned: true\nSignature: Microsoft Windows\nSignatureStatus: Valid"
}
{
  "@timestamp": "2018-03-05T07:32:40.113Z",
  "@metadata": {
    "beat": "winlogbeat",
    "type": "doc",
    "version": "6.2.2"
  },
  "event_id": 7,
  "level": "정보",
  "opcode": "정보",
  "user": {
    "identifier": "S-1-5-18",
    "name": "SYSTEM",
    "domain": "NT AUTHORITY",
    "type": "Well Known Group"
  },
  "record_number": "609",
  "computer_name": "DESKTOP-WJANG",
  "task": "Image loaded (rule: ImageLoad)",
  "provider_guid": "{5770385F-C22A-43E0-BF4C-06F5698FFBD9}",
  "process_id": 8608,
  "message": "Image loaded:\nUtcTime: 2018-03-05 07:32:40.109\nProcessGuid: {A376A8F6-F298-5A9C-0000-001071788803}\nProcessId: 25364\nImage: C:\\Program Files\\Mozilla Firefox\\firefox.exe\nImageLoaded: C:\\Windows\\System32\\profapi.dll\nFileVersion: 10.0.16299.15 (WinBuild.160101.0800)\nDescription: User Profile Basic API\nProduct: Microsoft® Windows® Operating System\nCompany: Microsoft Corporation\nHashes: MD5=7FF50EC90E6A93FCEF9C0BA01F4F46DB,SHA256=B7182EDCE675D5B294C8D97626FF8793ED67FAFBBC7A178F6621F31988A90FA3\nSigned: true\nSignature: Microsoft Windows\nSignatureStatus: Valid",
  "type": "wineventlog",
  "version": 3,
  "event_data": {
    "Hashes": "MD5=7FF50EC90E6A93FCEF9C0BA01F4F46DB,SHA256=B7182EDCE675D5B294C8D97626FF8793ED67FAFBBC7A178F6621F31988A90FA3",
    "Description": "User Profile Basic API",
    "Product": "Microsoft® Windows® Operating System",
    "ImageLoaded": "C:\\Windows\\System32\\profapi.dll",
    "FileVersion": "10.0.16299.15 (WinBuild.160101.0800)",
    "Signature": "Microsoft Windows",
    "ProcessId": "25364",
    "Company": "Microsoft Corporation",
    "UtcTime": "2018-03-05 07:32:40.109",
    "SignatureStatus": "Valid",
    "Signed": "true",
    "Image": "C:\\Program Files\\Mozilla Firefox\\firefox.exe",
    "ProcessGuid": "{A376A8F6-F298-5A9C-0000-001071788803}"
  },
  "log_name": "Microsoft-Windows-Sysmon/Operational",
  "source_name": "Microsoft-Windows-Sysmon",
  "thread_id": 19220,
  "beat": {
    "name": "DESKTOP-WJANG",
    "hostname": "DESKTOP-WJANG",
    "version": "6.2.2"
  }
}
{
  "@timestamp": "2018-03-05T07:32:40.113Z",
  "@metadata": {
    "beat": "winlogbeat",
    "type": "doc",
    "version": "6.2.2"
  },
  "version": 3,
  "message": "Image loaded:\nUtcTime: 2018-03-05 07:32:40.109\nProcessGuid: {A376A8F6-F298-5A9C-0000-001071788803}\nProcessId: 25364\nImage: C:\\Program Files\\Mozilla Firefox\\firefox.exe\nImageLoaded: C:\\Windows\\System32\\ole32.dll\nFileVersion: 10.0.16299.15 (WinBuild.160101.0800)\nDescription: Windows용 Microsoft OLE\nProduct: Microsoft® Windows® Operating System\nCompany: Microsoft Corporation\nHashes: MD5=7EE6E3B8C58646C05E0C8E62840D7D38,SHA256=E9C9A60E111763291F642AB838BA5739FB1DCF1856F8C0A6F22BE0DAA1DB6C8F\nSigned: true\nSignature: Microsoft Windows\nSignatureStatus: Valid",
  "thread_id": 19220,
  "computer_name": "DESKTOP-WJANG",
  "provider_guid": "{5770385F-C22A-43E0-BF4C-06F5698FFBD9}",
  "process_id": 8608,
  "user": {
    "identifier": "S-1-5-18",
    "name": "SYSTEM",
    "domain": "NT AUTHORITY",
    "type": "Well Known Group"
  },
  "record_number": "610",
  "source_name": "Microsoft-Windows-Sysmon",
  "level": "정보",
  "opcode": "정보",
  "type": "wineventlog",
  "event_id": 7,
  "log_name": "Microsoft-Windows-Sysmon/Operational",
  "task": "Image loaded (rule: ImageLoad)",
  "event_data": {
    "Image": "C:\\Program Files\\Mozilla Firefox\\firefox.exe",
    "ProcessId": "25364",
    "Company": "Microsoft Corporation",
    "ImageLoaded": "C:\\Windows\\System32\\ole32.dll",
    "SignatureStatus": "Valid",
    "Signature": "Microsoft Windows",
    "FileVersion": "10.0.16299.15 (WinBuild.160101.0800)",
    "Product": "Microsoft® Windows® Operating System",
    "UtcTime": "2018-03-05 07:32:40.109",
    "Description": "Windows용 Microsoft OLE",
    "Hashes": "MD5=7EE6E3B8C58646C05E0C8E62840D7D38,SHA256=E9C9A60E111763291F642AB838BA5739FB1DCF1856F8C0A6F22BE0DAA1DB6C8F",
    "ProcessGuid": "{A376A8F6-F298-5A9C-0000-001071788803}",
    "Signed": "true"
  },
  "beat": {
    "name": "DESKTOP-WJANG",
    "hostname": "DESKTOP-WJANG",
    "version": "6.2.2"
  }
}
{
  "@timestamp": "2018-03-05T07:32:40.113Z",
  "@metadata": {
    "beat": "winlogbeat",
    "type": "doc",
    "version": "6.2.2"
  },
  "event_id": 7,
  "user": {
    "identifier": "S-1-5-18",
    "name": "SYSTEM",
    "domain": "NT AUTHORITY",
    "type": "Well Known Group"
  },
  "version": 3,
  "process_id": 8608,
  "type": "wineventlog",
  "provider_guid": "{5770385F-C22A-43E0-BF4C-06F5698FFBD9}",
  "log_name": "Microsoft-Windows-Sysmon/Operational",
  "level": "정보",
  "source_name": "Microsoft-Windows-Sysmon",
  "record_number": "611",
  "thread_id": 19220,
  "event_data": {
    "Description": "Crypto API32",
    "Product": "Microsoft® Windows® Operating System",
    "Hashes": "MD5=B677C12F260A1DFB39447DE716629CAF,SHA256=73DEB47902AFD8B68E56301DA1F934718AF5344670E96FA1D9C1467C89442AE4",
    "Signed": "true",
    "ImageLoaded": "C:\\Windows\\System32\\crypt32.dll",
    "UtcTime": "2018-03-05 07:32:40.109",
    "SignatureStatus": "Valid",
    "ProcessGuid": "{A376A8F6-F298-5A9C-0000-001071788803}",
    "Image": "C:\\Program Files\\Mozilla Firefox\\firefox.exe",
    "FileVersion": "10.0.16299.15 (WinBuild.160101.0800)",
    "Company": "Microsoft Corporation",
    "ProcessId": "25364",
    "Signature": "Microsoft Windows"
  },
  "beat": {
    "name": "DESKTOP-WJANG",
    "hostname": "DESKTOP-WJANG",
    "version": "6.2.2"
  },
  "opcode": "정보",
  "message": "Image loaded:\nUtcTime: 2018-03-05 07:32:40.109\nProcessGuid: {A376A8F6-F298-5A9C-0000-001071788803}\nProcessId: 25364\nImage: C:\\Program Files\\Mozilla Firefox\\firefox.exe\nImageLoaded: C:\\Windows\\System32\\crypt32.dll\nFileVersion: 10.0.16299.15 (WinBuild.160101.0800)\nDescription: Crypto API32\nProduct: Microsoft® Windows® Operating System\nCompany: Microsoft Corporation\nHashes: MD5=B677C12F260A1DFB39447DE716629CAF,SHA256=73DEB47902AFD8B68E56301DA1F934718AF5344670E96FA1D9C1467C89442AE4\nSigned: true\nSignature: Microsoft Windows\nSignatureStatus: Valid",
  "computer_name": "DESKTOP-WJANG",
  "task": "Image loaded (rule: ImageLoad)"
}
{
  "@timestamp": "2018-03-05T07:32:40.114Z",
  "@metadata": {
    "beat": "winlogbeat",
    "type": "doc",
    "version": "6.2.2"
  },
  "level": "정보",
  "event_data": {
    "ProcessGuid": "{A376A8F6-F298-5A9C-0000-001071788803}",
    "Description": "ASN.1 Runtime APIs",
    "FileVersion": "10.0.16299.15 (WinBuild.160101.0800)",
    "ProcessId": "25364",
    "Product": "Microsoft® Windows® Operating System",
    "Signature": "Microsoft Windows",
    "SignatureStatus": "Valid",
    "Signed": "true",
    "UtcTime": "2018-03-05 07:32:40.110",
    "ImageLoaded": "C:\\Windows\\System32\\msasn1.dll",
    "Company": "Microsoft Corporation",
    "Hashes": "MD5=0DA32BEB94B9440AF1763B266A5CED69,SHA256=49AC0B3C76381E3780B71D3FF378018156B6BC453FC2AE373260B2441E5A248F",
    "Image": "C:\\Program Files\\Mozilla Firefox\\firefox.exe"
  },
  "log_name": "Microsoft-Windows-Sysmon/Operational",
  "event_id": 7,
  "record_number": "612",
  "process_id": 8608,
  "opcode": "정보",
  "provider_guid": "{5770385F-C22A-43E0-BF4C-06F5698FFBD9}",
  "version": 3,
  "thread_id": 19220,
  "message": "Image loaded:\nUtcTime: 2018-03-05 07:32:40.110\nProcessGuid: {A376A8F6-F298-5A9C-0000-001071788803}\nProcessId: 25364\nImage: C:\\Program Files\\Mozilla Firefox\\firefox.exe\nImageLoaded: C:\\Windows\\System32\\msasn1.dll\nFileVersion: 10.0.16299.15 (WinBuild.160101.0800)\nDescription: ASN.1 Runtime APIs\nProduct: Microsoft® Windows® Operating System\nCompany: Microsoft Corporation\nHashes: MD5=0DA32BEB94B9440AF1763B266A5CED69,SHA256=49AC0B3C76381E3780B71D3FF378018156B6BC453FC2AE373260B2441E5A248F\nSigned: true\nSignature: Microsoft Windows\nSignatureStatus: Valid",
  "beat": {
    "name": "DESKTOP-WJANG",
    "hostname": "DESKTOP-WJANG",
    "version": "6.2.2"
  },
  "user": {
    "domain": "NT AUTHORITY",
    "type": "Well Known Group",
    "identifier": "S-1-5-18",
    "name": "SYSTEM"
  },
  "source_name": "Microsoft-Windows-Sysmon",
  "computer_name": "DESKTOP-WJANG",
  "task": "Image loaded (rule: ImageLoad)",
  "type": "wineventlog"
}
{
  "@timestamp": "2018-03-05T07:32:40.115Z",
  "@metadata": {
    "beat": "winlogbeat",
    "type": "doc",
    "version": "6.2.2"
  },
  "source_name": "Microsoft-Windows-Sysmon",
  "record_number": "613",
  "thread_id": 19220,
  "computer_name": "DESKTOP-WJANG",
  "provider_guid": "{5770385F-C22A-43E0-BF4C-06F5698FFBD9}",
  "beat": {
    "name": "DESKTOP-WJANG",
    "hostname": "DESKTOP-WJANG",
    "version": "6.2.2"
  },
  "level": "정보",
  "user": {
    "name": "SYSTEM",
    "domain": "NT AUTHORITY",
    "type": "Well Known Group",
    "identifier": "S-1-5-18"
  },
  "type": "wineventlog",
  "log_name": "Microsoft-Windows-Sysmon/Operational",
  "opcode": "정보",
  "process_id": 8608,
  "event_data": {
    "ProcessId": "25364",
    "Image": "C:\\Program Files\\Mozilla Firefox\\firefox.exe",
    "Description": "Windows 설치 API",
    "FileVersion": "10.0.16299.15 (WinBuild.160101.0800)",
    "Product": "Microsoft® Windows® Operating System",
    "Signed": "true",
    "UtcTime": "2018-03-05 07:32:40.110",
    "ProcessGuid": "{A376A8F6-F298-5A9C-0000-001071788803}",
    "Signature": "Microsoft Windows",
    "Company": "Microsoft Corporation",
    "Hashes": "MD5=23E661467FA2EB68B711EA20974B4CB7,SHA256=EF8353C804E643AB34B35494F029F1C0E5DE1A9C2471171E42E8F38EF9CCE953",
    "SignatureStatus": "Valid",
    "ImageLoaded": "C:\\Windows\\System32\\setupapi.dll"
  },
  "version": 3,
  "message": "Image loaded:\nUtcTime: 2018-03-05 07:32:40.110\nProcessGuid: {A376A8F6-F298-5A9C-0000-001071788803}\nProcessId: 25364\nImage: C:\\Program Files\\Mozilla Firefox\\firefox.exe\nImageLoaded: C:\\Windows\\System32\\setupapi.dll\nFileVersion: 10.0.16299.15 (WinBuild.160101.0800)\nDescription: Windows 설치 API\nProduct: Microsoft® Windows® Operating System\nCompany: Microsoft Corporation\nHashes: MD5=23E661467FA2EB68B711EA20974B4CB7,SHA256=EF8353C804E643AB34B35494F029F1C0E5DE1A9C2471171E42E8F38EF9CCE953\nSigned: true\nSignature: Microsoft Windows\nSignatureStatus: Valid",
  "event_id": 7,
  "task": "Image loaded (rule: ImageLoad)"
}
{
  "@timestamp": "2018-03-05T07:32:40.116Z",
  "@metadata": {
    "beat": "winlogbeat",
    "type": "doc",
    "version": "6.2.2"
  },
  "level": "정보",
  "source_name": "Microsoft-Windows-Sysmon",
  "record_number": "614",
  "event_data": {
    "Description": "Microsoft Trust Verification APIs",
    "Hashes": "MD5=886A6B330799D6D9BC2C7DE514163A3B,SHA256=125332DCC9460392DA36B1859E8E68A3C49B25D50BBD4EFFFF2CB5D550C550B9",
    "SignatureStatus": "Valid",
    "FileVersion": "10.0.16299.248 (WinBuild.160101.0800)",
    "ImageLoaded": "C:\\Windows\\System32\\wintrust.dll",
    "Product": "Microsoft® Windows® Operating System",
    "ProcessId": "25364",
    "Company": "Microsoft Corporation",
    "UtcTime": "2018-03-05 07:32:40.111",
    "Signed": "true",
    "Image": "C:\\Program Files\\Mozilla Firefox\\firefox.exe",
    "Signature": "Microsoft Windows",
    "ProcessGuid": "{A376A8F6-F298-5A9C-0000-001071788803}"
  },
  "log_name": "Microsoft-Windows-Sysmon/Operational",
  "process_id": 8608,
  "user": {
    "name": "SYSTEM",
    "domain": "NT AUTHORITY",
    "type": "Well Known Group",
    "identifier": "S-1-5-18"
  },
  "opcode": "정보",
  "computer_name": "DESKTOP-WJANG",
  "event_id": 7,
  "version": 3,
  "thread_id": 19220,
  "message": "Image loaded:\nUtcTime: 2018-03-05 07:32:40.111\nProcessGuid: {A376A8F6-F298-5A9C-0000-001071788803}\nProcessId: 25364\nImage: C:\\Program Files\\Mozilla Firefox\\firefox.exe\nImageLoaded: C:\\Windows\\System32\\wintrust.dll\nFileVersion: 10.0.16299.248 (WinBuild.160101.0800)\nDescription: Microsoft Trust Verification APIs\nProduct: Microsoft® Windows® Operating System\nCompany: Microsoft Corporation\nHashes: MD5=886A6B330799D6D9BC2C7DE514163A3B,SHA256=125332DCC9460392DA36B1859E8E68A3C49B25D50BBD4EFFFF2CB5D550C550B9\nSigned: true\nSignature: Microsoft Windows\nSignatureStatus: Valid",
  "provider_guid": "{5770385F-C22A-43E0-BF4C-06F5698FFBD9}",
  "task": "Image loaded (rule: ImageLoad)",
  "type": "wineventlog",
  "beat": {
    "name": "DESKTOP-WJANG",
    "hostname": "DESKTOP-WJANG",
    "version": "6.2.2"
  }
}
{
  "@timestamp": "2018-03-05T07:32:40.116Z",
  "@metadata": {
    "beat": "winlogbeat",
    "type": "doc",
    "version": "6.2.2"
  },
  "message": "Image loaded:\nUtcTime: 2018-03-05 07:32:40.112\nProcessGuid: {A376A8F6-F298-5A9C-0000-001071788803}\nProcessId: 25364\nImage: C:\\Program Files\\Mozilla Firefox\\firefox.exe\nImageLoaded: C:\\Windows\\System32\\oleaut32.dll\nFileVersion: 10.0.16299.15 (WinBuild.160101.0800)\nDescription: OLEAUT32.DLL\nProduct: Microsoft® Windows® Operating System\nCompany: Microsoft Corporation\nHashes: MD5=F8C6159C5BE654CEEB383F6E5B122271,SHA256=6B85E0232D1C2DF599C519C95EC2374E3B1B3B06395293CC6AB7976573FA571F\nSigned: true\nSignature: Microsoft Windows\nSignatureStatus: Valid",
  "process_id": 8608,
  "event_data": {
    "Description": "OLEAUT32.DLL",
    "Product": "Microsoft® Windows® Operating System",
    "Image": "C:\\Program Files\\Mozilla Firefox\\firefox.exe",
    "Company": "Microsoft Corporation",
    "ProcessGuid": "{A376A8F6-F298-5A9C-0000-001071788803}",
    "ProcessId": "25364",
    "Signature": "Microsoft Windows",
    "ImageLoaded": "C:\\Windows\\System32\\oleaut32.dll",
    "Signed": "true",
    "Hashes": "MD5=F8C6159C5BE654CEEB383F6E5B122271,SHA256=6B85E0232D1C2DF599C519C95EC2374E3B1B3B06395293CC6AB7976573FA571F",
    "UtcTime": "2018-03-05 07:32:40.112",
    "FileVersion": "10.0.16299.15 (WinBuild.160101.0800)",
    "SignatureStatus": "Valid"
  },
  "beat": {
    "name": "DESKTOP-WJANG",
    "hostname": "DESKTOP-WJANG",
    "version": "6.2.2"
  },
  "event_id": 7,
  "opcode": "정보",
  "thread_id": 19220,
  "type": "wineventlog",
  "source_name": "Microsoft-Windows-Sysmon",
  "computer_name": "DESKTOP-WJANG",
  "provider_guid": "{5770385F-C22A-43E0-BF4C-06F5698FFBD9}",
  "version": 3,
  "user": {
    "name": "SYSTEM",
    "domain": "NT AUTHORITY",
    "type": "Well Known Group",
    "identifier": "S-1-5-18"
  },
  "log_name": "Microsoft-Windows-Sysmon/Operational",
  "record_number": "615",
  "task": "Image loaded (rule: ImageLoad)",
  "level": "정보"
}
{
  "@timestamp": "2018-03-05T07:32:40.117Z",
  "@metadata": {
    "beat": "winlogbeat",
    "type": "doc",
    "version": "6.2.2"
  },
  "record_number": "616",
  "log_name": "Microsoft-Windows-Sysmon/Operational",
  "type": "wineventlog",
  "message": "Image loaded:\nUtcTime: 2018-03-05 07:32:40.114\nProcessGuid: {A376A8F6-F298-5A9C-0000-001071788803}\nProcessId: 25364\nImage: C:\\Program Files\\Mozilla Firefox\\firefox.exe\nImageLoaded: C:\\Windows\\System32\\hid.dll\nFileVersion: 10.0.16299.15 (WinBuild.160101.0800)\nDescription: HID 사용자 라이브러리\nProduct: Microsoft® Windows® Operating System\nCompany: Microsoft Corporation\nHashes: MD5=030D331A80802B7E95E5C52B8B1AC3E0,SHA256=E2FA22DC530DE8725B7378EE766E2D2A74888D1C58ACAA022937E633D0379A3B\nSigned: true\nSignature: Microsoft Windows\nSignatureStatus: Valid",
  "level": "정보",
  "source_name": "Microsoft-Windows-Sysmon",
  "user": {
    "identifier": "S-1-5-18",
    "name": "SYSTEM",
    "domain": "NT AUTHORITY",
    "type": "Well Known Group"
  },
  "event_id": 7,
  "thread_id": 19220,
  "task": "Image loaded (rule: ImageLoad)",
  "computer_name": "DESKTOP-WJANG",
  "event_data": {
    "Image": "C:\\Program Files\\Mozilla Firefox\\firefox.exe",
    "UtcTime": "2018-03-05 07:32:40.114",
    "ProcessGuid": "{A376A8F6-F298-5A9C-0000-001071788803}",
    "Hashes": "MD5=030D331A80802B7E95E5C52B8B1AC3E0,SHA256=E2FA22DC530DE8725B7378EE766E2D2A74888D1C58ACAA022937E633D0379A3B",
    "Product": "Microsoft® Windows® Operating System",
    "Company": "Microsoft Corporation",
    "ImageLoaded": "C:\\Windows\\System32\\hid.dll",
    "Signature": "Microsoft Windows",
    "Description": "HID 사용자 라이브러리",
    "ProcessId": "25364",
    "FileVersion": "10.0.16299.15 (WinBuild.160101.0800)",
    "Signed": "true",
    "SignatureStatus": "Valid"
  },
  "provider_guid": "{5770385F-C22A-43E0-BF4C-06F5698FFBD9}",
  "beat": {
    "name": "DESKTOP-WJANG",
    "hostname": "DESKTOP-WJANG",
    "version": "6.2.2"
  },
  "version": 3,
  "process_id": 8608,
  "opcode": "정보"
}
{
  "@timestamp": "2018-03-05T07:32:40.118Z",
  "@metadata": {
    "beat": "winlogbeat",
    "type": "doc",
    "version": "6.2.2"
  },
  "event_data": {
    "Signed": "true",
    "FileVersion": "10.0.16299.15 (WinBuild.160101.0800)",
    "Signature": "Microsoft Windows",
    "Hashes": "MD5=FD2711C6045A6519BD4770B6ED6A721B,SHA256=B3FDDB4AC4D3D66CF4D65530F2A387562AEE5F0573204920AA2ADEBC65359FFB",
    "Company": "Microsoft Corporation",
    "UtcTime": "2018-03-05 07:32:40.115",
    "Description": "멀티미디어 실시간 런타임",
    "Product": "Microsoft® Windows® Operating System",
    "Image": "C:\\Program Files\\Mozilla Firefox\\firefox.exe",
    "SignatureStatus": "Valid",
    "ProcessGuid": "{A376A8F6-F298-5A9C-0000-001071788803}",
    "ImageLoaded": "C:\\Windows\\System32\\avrt.dll",
    "ProcessId": "25364"
  },
  "task": "Image loaded (rule: ImageLoad)",
  "process_id": 8608,
  "record_number": "617",
  "provider_guid": "{5770385F-C22A-43E0-BF4C-06F5698FFBD9}",
  "user": {
    "identifier": "S-1-5-18",
    "name": "SYSTEM",
    "domain": "NT AUTHORITY",
    "type": "Well Known Group"
  },
  "opcode": "정보",
  "log_name": "Microsoft-Windows-Sysmon/Operational",
  "source_name": "Microsoft-Windows-Sysmon",
  "message": "Image loaded:\nUtcTime: 2018-03-05 07:32:40.115\nProcessGuid: {A376A8F6-F298-5A9C-0000-001071788803}\nProcessId: 25364\nImage: C:\\Program Files\\Mozilla Firefox\\firefox.exe\nImageLoaded: C:\\Windows\\System32\\avrt.dll\nFileVersion: 10.0.16299.15 (WinBuild.160101.0800)\nDescription: 멀티미디어 실시간 런타임\nProduct: Microsoft® Windows® Operating System\nCompany: Microsoft Corporation\nHashes: MD5=FD2711C6045A6519BD4770B6ED6A721B,SHA256=B3FDDB4AC4D3D66CF4D65530F2A387562AEE5F0573204920AA2ADEBC65359FFB\nSigned: true\nSignature: Microsoft Windows\nSignatureStatus: Valid",
  "thread_id": 19220,
  "type": "wineventlog",
  "event_id": 7,
  "level": "정보",
  "computer_name": "DESKTOP-WJANG",
  "version": 3,
  "beat": {
    "name": "DESKTOP-WJANG",
    "hostname": "DESKTOP-WJANG",
    "version": "6.2.2"
  }
}
{
  "@timestamp": "2018-03-05T07:32:40.119Z",
  "@metadata": {
    "beat": "winlogbeat",
    "type": "doc",
    "version": "6.2.2"
  },
  "user": {
    "type": "Well Known Group",
    "identifier": "S-1-5-18",
    "name": "SYSTEM",
    "domain": "NT AUTHORITY"
  },
  "message": "Image loaded:\nUtcTime: 2018-03-05 07:32:40.115\nProcessGuid: {A376A8F6-F298-5A9C-0000-001071788803}\nProcessId: 25364\nImage: C:\\Program Files\\Mozilla Firefox\\firefox.exe\nImageLoaded: C:\\Windows\\System32\\usp10.dll\nFileVersion: 10.0.16299.15 (WinBuild.160101.0800)\nDescription: Uniscribe Unicode script processor\nProduct: Microsoft® Windows® Operating System\nCompany: Microsoft Corporation\nHashes: MD5=FAC20A3377BBA21FB8D092541D93C247,SHA256=DC75CC1A107435AA2436F5C2AC63BAE51CF16E4CEB65C08522A350ADA532688D\nSigned: true\nSignature: Microsoft Windows\nSignatureStatus: Valid",
  "computer_name": "DESKTOP-WJANG",
  "provider_guid": "{5770385F-C22A-43E0-BF4C-06F5698FFBD9}",
  "event_data": {
    "UtcTime": "2018-03-05 07:32:40.115",
    "ProcessGuid": "{A376A8F6-F298-5A9C-0000-001071788803}",
    "SignatureStatus": "Valid",
    "FileVersion": "10.0.16299.15 (WinBuild.160101.0800)",
    "Description": "Uniscribe Unicode script processor",
    "Signed": "true",
    "ProcessId": "25364",
    "Company": "Microsoft Corporation",
    "ImageLoaded": "C:\\Windows\\System32\\usp10.dll",
    "Product": "Microsoft® Windows® Operating System",
    "Hashes": "MD5=FAC20A3377BBA21FB8D092541D93C247,SHA256=DC75CC1A107435AA2436F5C2AC63BAE51CF16E4CEB65C08522A350ADA532688D",
    "Signature": "Microsoft Windows",
    "Image": "C:\\Program Files\\Mozilla Firefox\\firefox.exe"
  },
  "source_name": "Microsoft-Windows-Sysmon",
  "process_id": 8608,
  "log_name": "Microsoft-Windows-Sysmon/Operational",
  "record_number": "618",
  "task": "Image loaded (rule: ImageLoad)",
  "type": "wineventlog",
  "version": 3,
  "level": "정보",
  "thread_id": 19220,
  "event_id": 7,
  "beat": {
    "hostname": "DESKTOP-WJANG",
    "version": "6.2.2",
    "name": "DESKTOP-WJANG"
  },
  "opcode": "정보"
}
{
  "@timestamp": "2018-03-05T07:32:40.121Z",
  "@metadata": {
    "beat": "winlogbeat",
    "type": "doc",
    "version": "6.2.2"
  },
  "record_number": "619",
  "user": {
    "type": "Well Known Group",
    "identifier": "S-1-5-18",
    "name": "SYSTEM",
    "domain": "NT AUTHORITY"
  },
  "version": 3,
  "source_name": "Microsoft-Windows-Sysmon",
  "provider_guid": "{5770385F-C22A-43E0-BF4C-06F5698FFBD9}",
  "level": "정보",
  "log_name": "Microsoft-Windows-Sysmon/Operational",
  "thread_id": 19220,
  "event_data": {
    "Company": "Microsoft Corporation",
    "UtcTime": "2018-03-05 07:32:40.116",
    "ImageLoaded": "C:\\Windows\\System32\\msimg32.dll",
    "Hashes": "MD5=792077FFC39F2EE7A2C154105A7BC4A1,SHA256=835619594D3C86847FF9FA7B509A093C3CE276C400CF2AC28B0880CCF3FE126F",
    "Description": "GDIEXT Client DLL",
    "Signed": "true",
    "SignatureStatus": "Valid",
    "Product": "Microsoft® Windows® Operating System",
    "ProcessGuid": "{A376A8F6-F298-5A9C-0000-001071788803}",
    "FileVersion": "10.0.16299.15 (WinBuild.160101.0800)",
    "ProcessId": "25364",
    "Image": "C:\\Program Files\\Mozilla Firefox\\firefox.exe",
    "Signature": "Microsoft Windows"
  },
  "type": "wineventlog",
  "computer_name": "DESKTOP-WJANG",
  "message": "Image loaded:\nUtcTime: 2018-03-05 07:32:40.116\nProcessGuid: {A376A8F6-F298-5A9C-0000-001071788803}\nProcessId: 25364\nImage: C:\\Program Files\\Mozilla Firefox\\firefox.exe\nImageLoaded: C:\\Windows\\System32\\msimg32.dll\nFileVersion: 10.0.16299.15 (WinBuild.160101.0800)\nDescription: GDIEXT Client DLL\nProduct: Microsoft® Windows® Operating System\nCompany: Microsoft Corporation\nHashes: MD5=792077FFC39F2EE7A2C154105A7BC4A1,SHA256=835619594D3C86847FF9FA7B509A093C3CE276C400CF2AC28B0880CCF3FE126F\nSigned: true\nSignature: Microsoft Windows\nSignatureStatus: Valid",
  "process_id": 8608,
  "task": "Image loaded (rule: ImageLoad)",
  "event_id": 7,
  "opcode": "정보",
  "beat": {
    "name": "DESKTOP-WJANG",
    "hostname": "DESKTOP-WJANG",
    "version": "6.2.2"
  }
}
{
  "@timestamp": "2018-03-05T07:32:40.122Z",
  "@metadata": {
    "beat": "winlogbeat",
    "type": "doc",
    "version": "6.2.2"
  },
  "opcode": "정보",
  "message": "Image loaded:\nUtcTime: 2018-03-05 07:32:39.242\nProcessGuid: {A376A8F6-F294-5A9C-0000-001052E48503}\nProcessId: 17704\nImage: C:\\Program Files\\Mozilla Firefox\\firefox.exe\nImageLoaded: C:\\Windows\\System32\\srvcli.dll\nFileVersion: 10.0.16299.15 (WinBuild.160101.0800)\nDescription: Server Service Client DLL\nProduct: Microsoft® Windows® Operating System\nCompany: Microsoft Corporation\nHashes: MD5=D85703A0852B09E1B3CF5CAAEE9FC85D,SHA256=CC983CC4A0273AC6B19879D8177D717A3066C5A2B0DD5E0915309F38CF146920\nSigned: true\nSignature: Microsoft Windows\nSignatureStatus: Valid",
  "beat": {
    "name": "DESKTOP-WJANG",
    "hostname": "DESKTOP-WJANG",
    "version": "6.2.2"
  },
  "process_id": 8608,
  "event_data": {
    "Signature": "Microsoft Windows",
    "UtcTime": "2018-03-05 07:32:39.242",
    "Image": "C:\\Program Files\\Mozilla Firefox\\firefox.exe",
    "Description": "Server Service Client DLL",
    "ImageLoaded": "C:\\Windows\\System32\\srvcli.dll",
    "Company": "Microsoft Corporation",
    "ProcessGuid": "{A376A8F6-F294-5A9C-0000-001052E48503}",
    "Product": "Microsoft® Windows® Operating System",
    "ProcessId": "17704",
    "Signed": "true",
    "SignatureStatus": "Valid",
    "FileVersion": "10.0.16299.15 (WinBuild.160101.0800)",
    "Hashes": "MD5=D85703A0852B09E1B3CF5CAAEE9FC85D,SHA256=CC983CC4A0273AC6B19879D8177D717A3066C5A2B0DD5E0915309F38CF146920"
  },
  "computer_name": "DESKTOP-WJANG",
  "event_id": 7,
  "level": "정보",
  "task": "Image loaded (rule: ImageLoad)",
  "record_number": "620",
  "version": 3,
  "type": "wineventlog",
  "thread_id": 23584,
  "user": {
    "identifier": "S-1-5-18",
    "name": "SYSTEM",
    "domain": "NT AUTHORITY",
    "type": "Well Known Group"
  },
  "source_name": "Microsoft-Windows-Sysmon",
  "provider_guid": "{5770385F-C22A-43E0-BF4C-06F5698FFBD9}",
  "log_name": "Microsoft-Windows-Sysmon/Operational"
}
{
  "@timestamp": "2018-03-05T07:32:40.123Z",
  "@metadata": {
    "beat": "winlogbeat",
    "type": "doc",
    "version": "6.2.2"
  },
  "opcode": "정보",
  "type": "wineventlog",
  "process_id": 8608,
  "record_number": "621",
  "event_id": 7,
  "source_name": "Microsoft-Windows-Sysmon",
  "user": {
    "identifier": "S-1-5-18",
    "name": "SYSTEM",
    "domain": "NT AUTHORITY",
    "type": "Well Known Group"
  },
  "thread_id": 23584,
  "log_name": "Microsoft-Windows-Sysmon/Operational",
  "level": "정보",
  "event_data": {
    "UtcTime": "2018-03-05 07:32:39.132",
    "ImageLoaded": "C:\\Windows\\System32\\srvcli.dll",
    "Product": "Microsoft® Windows® Operating System",
    "FileVersion": "10.0.16299.15 (WinBuild.160101.0800)",
    "Description": "Server Service Client DLL",
    "Hashes": "MD5=D85703A0852B09E1B3CF5CAAEE9FC85D,SHA256=CC983CC4A0273AC6B19879D8177D717A3066C5A2B0DD5E0915309F38CF146920",
    "ProcessId": "17704",
    "Signed": "true",
    "Company": "Microsoft Corporation",
    "Signature": "Microsoft Windows",
    "Image": "C:\\Program Files\\Mozilla Firefox\\firefox.exe",
    "ProcessGuid": "{A376A8F6-F294-5A9C-0000-001052E48503}",
    "SignatureStatus": "Valid"
  },
  "message": "Image loaded:\nUtcTime: 2018-03-05 07:32:39.132\nProcessGuid: {A376A8F6-F294-5A9C-0000-001052E48503}\nProcessId: 17704\nImage: C:\\Program Files\\Mozilla Firefox\\firefox.exe\nImageLoaded: C:\\Windows\\System32\\srvcli.dll\nFileVersion: 10.0.16299.15 (WinBuild.160101.0800)\nDescription: Server Service Client DLL\nProduct: Microsoft® Windows® Operating System\nCompany: Microsoft Corporation\nHashes: MD5=D85703A0852B09E1B3CF5CAAEE9FC85D,SHA256=CC983CC4A0273AC6B19879D8177D717A3066C5A2B0DD5E0915309F38CF146920\nSigned: true\nSignature: Microsoft Windows\nSignatureStatus: Valid",
  "beat": {
    "name": "DESKTOP-WJANG",
    "hostname": "DESKTOP-WJANG",
    "version": "6.2.2"
  },
  "provider_guid": "{5770385F-C22A-43E0-BF4C-06F5698FFBD9}",
  "version": 3,
  "computer_name": "DESKTOP-WJANG",
  "task": "Image loaded (rule: ImageLoad)"
}
{
  "@timestamp": "2018-03-05T07:32:40.124Z",
  "@metadata": {
    "beat": "winlogbeat",
    "type": "doc",
    "version": "6.2.2"
  },
  "provider_guid": "{5770385F-C22A-43E0-BF4C-06F5698FFBD9}",
  "message": "Image loaded:\nUtcTime: 2018-03-05 07:32:40.117\nProcessGuid: {A376A8F6-F298-5A9C-0000-001071788803}\nProcessId: 25364\nImage: C:\\Program Files\\Mozilla Firefox\\firefox.exe\nImageLoaded: C:\\Windows\\System32\\IPHLPAPI.DLL\nFileVersion: 10.0.16299.15 (WinBuild.160101.0800)\nDescription: IP 도우미 API\nProduct: Microsoft® Windows® Operating System\nCompany: Microsoft Corporation\nHashes: MD5=51D406E55561F839873F7F10623C2B35,SHA256=2E41BB97A5BA26BCBC3C6EE904D47B01D4AB39588D3F9706597BCDA378023870\nSigned: true\nSignature: Microsoft Windows\nSignatureStatus: Valid",
  "thread_id": 19220,
  "computer_name": "DESKTOP-WJANG",
  "opcode": "정보",
  "event_data": {
    "ImageLoaded": "C:\\Windows\\System32\\IPHLPAPI.DLL",
    "Company": "Microsoft Corporation",
    "ProcessGuid": "{A376A8F6-F298-5A9C-0000-001071788803}",
    "Signed": "true",
    "UtcTime": "2018-03-05 07:32:40.117",
    "Signature": "Microsoft Windows",
    "SignatureStatus": "Valid",
    "Hashes": "MD5=51D406E55561F839873F7F10623C2B35,SHA256=2E41BB97A5BA26BCBC3C6EE904D47B01D4AB39588D3F9706597BCDA378023870",
    "ProcessId": "25364",
    "FileVersion": "10.0.16299.15 (WinBuild.160101.0800)",
    "Description": "IP 도우미 API",
    "Image": "C:\\Program Files\\Mozilla Firefox\\firefox.exe",
    "Product": "Microsoft® Windows® Operating System"
  },
  "beat": {
    "name": "DESKTOP-WJANG",
    "hostname": "DESKTOP-WJANG",
    "version": "6.2.2"
  },
  "level": "정보",
  "source_name": "Microsoft-Windows-Sysmon",
  "task": "Image loaded (rule: ImageLoad)",
  "log_name": "Microsoft-Windows-Sysmon/Operational",
  "process_id": 8608,
  "event_id": 7,
  "version": 3,
  "record_number": "622",
  "user": {
    "type": "Well Known Group",
    "identifier": "S-1-5-18",
    "name": "SYSTEM",
    "domain": "NT AUTHORITY"
  },
  "type": "wineventlog"
}
{
  "@timestamp": "2018-03-05T07:32:40.126Z",
  "@metadata": {
    "beat": "winlogbeat",
    "type": "doc",
    "version": "6.2.2"
  },
  "event_id": 7,
  "process_id": 8608,
  "record_number": "623",
  "version": 3,
  "log_name": "Microsoft-Windows-Sysmon/Operational",
  "task": "Image loaded (rule: ImageLoad)",
  "opcode": "정보",
  "thread_id": 19220,
  "user": {
    "type": "Well Known Group",
    "identifier": "S-1-5-18",
    "name": "SYSTEM",
    "domain": "NT AUTHORITY"
  },
  "beat": {
    "name": "DESKTOP-WJANG",
    "hostname": "DESKTOP-WJANG",
    "version": "6.2.2"
  },
  "provider_guid": "{5770385F-C22A-43E0-BF4C-06F5698FFBD9}",
  "level": "정보",
  "message": "Image loaded:\nUtcTime: 2018-03-05 07:32:40.118\nProcessGuid: {A376A8F6-F298-5A9C-0000-001071788803}\nProcessId: 25364\nImage: C:\\Program Files\\Mozilla Firefox\\firefox.exe\nImageLoaded: C:\\Windows\\System32\\dwmapi.dll\nFileVersion: 10.0.16299.15 (WinBuild.160101.0800)\nDescription: Microsoft 바탕 화면 창 관리자 API\nProduct: Microsoft® Windows® Operating System\nCompany: Microsoft Corporation\nHashes: MD5=990CC9E1BA5B6CE7BB29A968C9DFFAD6,SHA256=BC2EDDB5ED383CEC98E6953F924440032C230ECDC574E06CB814BC491E949970\nSigned: true\nSignature: Microsoft Windows\nSignatureStatus: Valid",
  "source_name": "Microsoft-Windows-Sysmon",
  "computer_name": "DESKTOP-WJANG",
  "event_data": {
    "FileVersion": "10.0.16299.15 (WinBuild.160101.0800)",
    "Signed": "true",
    "ProcessId": "25364",
    "Image": "C:\\Program Files\\Mozilla Firefox\\firefox.exe",
    "Product": "Microsoft® Windows® Operating System",
    "ProcessGuid": "{A376A8F6-F298-5A9C-0000-001071788803}",
    "Company": "Microsoft Corporation",
    "SignatureStatus": "Valid",
    "Hashes": "MD5=990CC9E1BA5B6CE7BB29A968C9DFFAD6,SHA256=BC2EDDB5ED383CEC98E6953F924440032C230ECDC574E06CB814BC491E949970",
    "Signature": "Microsoft Windows",
    "ImageLoaded": "C:\\Windows\\System32\\dwmapi.dll",
    "UtcTime": "2018-03-05 07:32:40.118",
    "Description": "Microsoft 바탕 화면 창 관리자 API"
  },
  "type": "wineventlog"
}
{
  "@timestamp": "2018-03-05T07:32:40.128Z",
  "@metadata": {
    "beat": "winlogbeat",
    "type": "doc",
    "version": "6.2.2"
  },
  "record_number": "624",
  "source_name": "Microsoft-Windows-Sysmon",
  "event_id": 7,
  "version": 3,
  "process_id": 8608,
  "computer_name": "DESKTOP-WJANG",
  "provider_guid": "{5770385F-C22A-43E0-BF4C-06F5698FFBD9}",
  "beat": {
    "name": "DESKTOP-WJANG",
    "hostname": "DESKTOP-WJANG",
    "version": "6.2.2"
  },
  "thread_id": 19220,
  "type": "wineventlog",
  "level": "정보",
  "message": "Image loaded:\nUtcTime: 2018-03-05 07:32:40.119\nProcessGuid: {A376A8F6-F298-5A9C-0000-001071788803}\nProcessId: 25364\nImage: C:\\Program Files\\Mozilla Firefox\\firefox.exe\nImageLoaded: C:\\Windows\\System32\\uxtheme.dll\nFileVersion: 10.0.16299.15 (WinBuild.160101.0800)\nDescription: Microsoft UxTheme 라이브러리\nProduct: Microsoft® Windows® Operating System\nCompany: Microsoft Corporation\nHashes: MD5=539E55FA5437F32BE0553F0B6C7DDA96,SHA256=04EACB57A6D6ED5D6CFDCE8095147ACE2C0B9AB115F17CBF007E55B280B2124B\nSigned: true\nSignature: Microsoft Windows\nSignatureStatus: Valid",
  "event_data": {
    "Product": "Microsoft® Windows® Operating System",
    "Hashes": "MD5=539E55FA5437F32BE0553F0B6C7DDA96,SHA256=04EACB57A6D6ED5D6CFDCE8095147ACE2C0B9AB115F17CBF007E55B280B2124B",
    "ImageLoaded": "C:\\Windows\\System32\\uxtheme.dll",
    "UtcTime": "2018-03-05 07:32:40.119",
    "ProcessGuid": "{A376A8F6-F298-5A9C-0000-001071788803}",
    "Signed": "true",
    "SignatureStatus": "Valid",
    "Description": "Microsoft UxTheme 라이브러리",
    "Company": "Microsoft Corporation",
    "ProcessId": "25364",
    "FileVersion": "10.0.16299.15 (WinBuild.160101.0800)",
    "Signature": "Microsoft Windows",
    "Image": "C:\\Program Files\\Mozilla Firefox\\firefox.exe"
  },
  "opcode": "정보",
  "log_name": "Microsoft-Windows-Sysmon/Operational",
  "task": "Image loaded (rule: ImageLoad)",
  "user": {
    "identifier": "S-1-5-18",
    "name": "SYSTEM",
    "domain": "NT AUTHORITY",
    "type": "Well Known Group"
  }
}
{
  "@timestamp": "2018-03-05T07:32:40.129Z",
  "@metadata": {
    "beat": "winlogbeat",
    "type": "doc",
    "version": "6.2.2"
  },
  "process_id": 8608,
  "user": {
    "type": "Well Known Group",
    "identifier": "S-1-5-18",
    "name": "SYSTEM",
    "domain": "NT AUTHORITY"
  },
  "opcode": "정보",
  "message": "Image loaded:\nUtcTime: 2018-03-05 07:32:40.120\nProcessGuid: {A376A8F6-F298-5A9C-0000-001071788803}\nProcessId: 25364\nImage: C:\\Program Files\\Mozilla Firefox\\firefox.exe\nImageLoaded: C:\\Windows\\System32\\wtsapi32.dll\nFileVersion: 10.0.16299.15 (WinBuild.160101.0800)\nDescription: Windows Remote Desktop Session Host Server SDK APIs\nProduct: Microsoft® Windows® Operating System\nCompany: Microsoft Corporation\nHashes: MD5=93DFD6B8F739971DC7DC23B4006C7B35,SHA256=5F4C8303857FADB06874C6CB5EAC7826D1AE4937A492DF89D91B0BA0DD0DF971\nSigned: true\nSignature: Microsoft Windows\nSignatureStatus: Valid",
  "beat": {
    "name": "DESKTOP-WJANG",
    "hostname": "DESKTOP-WJANG",
    "version": "6.2.2"
  },
  "log_name": "Microsoft-Windows-Sysmon/Operational",
  "provider_guid": "{5770385F-C22A-43E0-BF4C-06F5698FFBD9}",
  "event_id": 7,
  "level": "정보",
  "type": "wineventlog",
  "record_number": "625",
  "task": "Image loaded (rule: ImageLoad)",
  "version": 3,
  "source_name": "Microsoft-Windows-Sysmon",
  "computer_name": "DESKTOP-WJANG",
  "event_data": {
    "Signature": "Microsoft Windows",
    "Hashes": "MD5=93DFD6B8F739971DC7DC23B4006C7B35,SHA256=5F4C8303857FADB06874C6CB5EAC7826D1AE4937A492DF89D91B0BA0DD0DF971",
    "ImageLoaded": "C:\\Windows\\System32\\wtsapi32.dll",
    "Description": "Windows Remote Desktop Session Host Server SDK APIs",
    "ProcessId": "25364",
    "Company": "Microsoft Corporation",
    "ProcessGuid": "{A376A8F6-F298-5A9C-0000-001071788803}",
    "Product": "Microsoft® Windows® Operating System",
    "FileVersion": "10.0.16299.15 (WinBuild.160101.0800)",
    "SignatureStatus": "Valid",
    "Image": "C:\\Program Files\\Mozilla Firefox\\firefox.exe",
    "UtcTime": "2018-03-05 07:32:40.120",
    "Signed": "true"
  },
  "thread_id": 19220
}
{
  "@timestamp": "2018-03-05T07:32:40.142Z",
  "@metadata": {
    "beat": "winlogbeat",
    "type": "doc",
    "version": "6.2.2"
  },
  "source_name": "Microsoft-Windows-Sysmon",
  "log_name": "Microsoft-Windows-Sysmon/Operational",
  "level": "정보",
  "version": 3,
  "event_id": 7,
  "task": "Image loaded (rule: ImageLoad)",
  "beat": {
    "name": "DESKTOP-WJANG",
    "hostname": "DESKTOP-WJANG",
    "version": "6.2.2"
  },
  "process_id": 8608,
  "computer_name": "DESKTOP-WJANG",
  "event_data": {
    "Signed": "true",
    "Image": "C:\\Program Files\\Mozilla Firefox\\firefox.exe",
    "SignatureStatus": "Valid",
    "Signature": "Microsoft Windows",
    "ProcessId": "25364",
    "Hashes": "MD5=10D8788E2867B895FB4C2D1280172CAB,SHA256=DFE172BCD6F09F8DA8148AF41265E057E4B13809EEEE549DD1894767CA9347B8",
    "ProcessGuid": "{A376A8F6-F298-5A9C-0000-001071788803}",
    "FileVersion": "10.0.16299.15 (WinBuild.160101.0800)",
    "Company": "Microsoft Corporation",
    "ImageLoaded": "C:\\Windows\\System32\\ntmarta.dll",
    "Description": "Windows NT MARTA 공급자",
    "UtcTime": "2018-03-05 07:32:40.140",
    "Product": "Microsoft® Windows® Operating System"
  },
  "thread_id": 19220,
  "type": "wineventlog",
  "provider_guid": "{5770385F-C22A-43E0-BF4C-06F5698FFBD9}",
  "message": "Image loaded:\nUtcTime: 2018-03-05 07:32:40.140\nProcessGuid: {A376A8F6-F298-5A9C-0000-001071788803}\nProcessId: 25364\nImage: C:\\Program Files\\Mozilla Firefox\\firefox.exe\nImageLoaded: C:\\Windows\\System32\\ntmarta.dll\nFileVersion: 10.0.16299.15 (WinBuild.160101.0800)\nDescription: Windows NT MARTA 공급자\nProduct: Microsoft® Windows® Operating System\nCompany: Microsoft Corporation\nHashes: MD5=10D8788E2867B895FB4C2D1280172CAB,SHA256=DFE172BCD6F09F8DA8148AF41265E057E4B13809EEEE549DD1894767CA9347B8\nSigned: true\nSignature: Microsoft Windows\nSignatureStatus: Valid",
  "record_number": "626",
  "user": {
    "name": "SYSTEM",
    "domain": "NT AUTHORITY",
    "type": "Well Known Group",
    "identifier": "S-1-5-18"
  },
  "opcode": "정보"
}
