{
  "@timestamp": "2018-03-05T07:32:37.240Z",
  "@metadata": {
    "beat": "winlogbeat",
    "type": "doc",
    "version": "6.2.2"
  },
  "event_data": {
    "Product": "Microsoft® Windows® Operating System",
    "Description": "GDI Client DLL",
    "Signed": "true",
    "ProcessGuid": "{A376A8F6-F294-5A9C-0000-001052E48503}",
    "Signature": "Microsoft Windows",
    "Company": "Microsoft Corporation",
    "UtcTime": "2018-03-05 07:32:36.884",
    "ImageLoaded": "C:\\Windows\\System32\\gdi32full.dll",
    "Hashes": "MD5=E3F90579DF3BB1348A158645508F7645,SHA256=5F97027117657DAF3E268871C338F495D238A4F248E3327EAC5EA08F9E929701",
    "ProcessId": "17704",
    "SignatureStatus": "Valid",
    "Image": "C:\\Program Files\\Mozilla Firefox\\firefox.exe",
    "FileVersion": "10.0.16299.98 (WinBuild.160101.0800)"
  },
  "opcode": "정보",
  "record_number": "228",
  "thread_id": 23584,
  "type": "wineventlog",
  "level": "정보",
  "version": 3,
  "task": "Image loaded (rule: ImageLoad)",
  "log_name": "Microsoft-Windows-Sysmon/Operational",
  "computer_name": "DESKTOP-WJANG",
  "event_id": 7,
  "user": {
    "type": "Well Known Group",
    "identifier": "S-1-5-18",
    "name": "SYSTEM",
    "domain": "NT AUTHORITY"
  },
  "beat": {
    "hostname": "DESKTOP-WJANG",
    "version": "6.2.2",
    "name": "DESKTOP-WJANG"
  },
  "process_id": 8608,
  "message": "Image loaded:\nUtcTime: 2018-03-05 07:32:36.884\nProcessGuid: {A376A8F6-F294-5A9C-0000-001052E48503}\nProcessId: 17704\nImage: C:\\Program Files\\Mozilla Firefox\\firefox.exe\nImageLoaded: C:\\Windows\\System32\\gdi32full.dll\nFileVersion: 10.0.16299.98 (WinBuild.160101.0800)\nDescription: GDI Client DLL\nProduct: Microsoft® Windows® Operating System\nCompany: Microsoft Corporation\nHashes: MD5=E3F90579DF3BB1348A158645508F7645,SHA256=5F97027117657DAF3E268871C338F495D238A4F248E3327EAC5EA08F9E929701\nSigned: true\nSignature: Microsoft Windows\nSignatureStatus: Valid",
  "provider_guid": "{5770385F-C22A-43E0-BF4C-06F5698FFBD9}",
  "source_name": "Microsoft-Windows-Sysmon"
}
{
  "@timestamp": "2018-03-05T07:32:37.255Z",
  "@metadata": {
    "beat": "winlogbeat",
    "type": "doc",
    "version": "6.2.2"
  },
  "type": "wineventlog",
  "event_data": {
    "ProcessGuid": "{A376A8F6-F294-5A9C-0000-001052E48503}",
    "Description": "Microsoft® C Runtime Library",
    "Signature": "Microsoft Windows",
    "Company": "Microsoft Corporation",
    "FileVersion": "10.0.16299.248 (WinBuild.160101.0800)",
    "ProcessId": "17704",
    "Signed": "true",
    "Hashes": "MD5=05DE94BD02BC823FAF29850799626758,SHA256=0915426F34077201AB2BB4FFE7F2E500BDEBB8B88B9DBA1FD5CAA96D8DB7D9E1",
    "UtcTime": "2018-03-05 07:32:36.893",
    "Image": "C:\\Program Files\\Mozilla Firefox\\firefox.exe",
    "Product": "Microsoft® Windows® Operating System",
    "ImageLoaded": "C:\\Windows\\System32\\msvcp_win.dll",
    "SignatureStatus": "Valid"
  },
  "source_name": "Microsoft-Windows-Sysmon",
  "opcode": "정보",
  "message": "Image loaded:\nUtcTime: 2018-03-05 07:32:36.893\nProcessGuid: {A376A8F6-F294-5A9C-0000-001052E48503}\nProcessId: 17704\nImage: C:\\Program Files\\Mozilla Firefox\\firefox.exe\nImageLoaded: C:\\Windows\\System32\\msvcp_win.dll\nFileVersion: 10.0.16299.248 (WinBuild.160101.0800)\nDescription: Microsoft® C Runtime Library\nProduct: Microsoft® Windows® Operating System\nCompany: Microsoft Corporation\nHashes: MD5=05DE94BD02BC823FAF29850799626758,SHA256=0915426F34077201AB2BB4FFE7F2E500BDEBB8B88B9DBA1FD5CAA96D8DB7D9E1\nSigned: true\nSignature: Microsoft Windows\nSignatureStatus: Valid",
  "provider_guid": "{5770385F-C22A-43E0-BF4C-06F5698FFBD9}",
  "thread_id": 23584,
  "computer_name": "DESKTOP-WJANG",
  "version": 3,
  "process_id": 8608,
  "user": {
    "type": "Well Known Group",
    "identifier": "S-1-5-18",
    "name": "SYSTEM",
    "domain": "NT AUTHORITY"
  },
  "beat": {
    "name": "DESKTOP-WJANG",
    "hostname": "DESKTOP-WJANG",
    "version": "6.2.2"
  },
  "event_id": 7,
  "task": "Image loaded (rule: ImageLoad)",
  "log_name": "Microsoft-Windows-Sysmon/Operational",
  "record_number": "229",
  "level": "정보"
}
{
  "@timestamp": "2018-03-05T07:32:37.265Z",
  "@metadata": {
    "beat": "winlogbeat",
    "type": "doc",
    "version": "6.2.2"
  },
  "event_data": {
    "FileVersion": "10.0.16299.15 (WinBuild.160101.0800)",
    "Signed": "true",
    "Hashes": "MD5=CD53E525FED778CD6F8FD6364379D5DD,SHA256=7A1CDF1937AFD11D1E1432361CEF924D9B2BBAC275048D3BEB119027F6991A41",
    "SignatureStatus": "Valid",
    "Description": "Multi-User Windows IMM32 API Client DLL",
    "ProcessId": "17704",
    "ImageLoaded": "C:\\Windows\\System32\\imm32.dll",
    "Signature": "Microsoft Windows",
    "ProcessGuid": "{A376A8F6-F294-5A9C-0000-001052E48503}",
    "Image": "C:\\Program Files\\Mozilla Firefox\\firefox.exe",
    "Product": "Microsoft® Windows® Operating System",
    "UtcTime": "2018-03-05 07:32:36.896",
    "Company": "Microsoft Corporation"
  },
  "process_id": 8608,
  "version": 3,
  "task": "Image loaded (rule: ImageLoad)",
  "computer_name": "DESKTOP-WJANG",
  "thread_id": 23584,
  "provider_guid": "{5770385F-C22A-43E0-BF4C-06F5698FFBD9}",
  "message": "Image loaded:\nUtcTime: 2018-03-05 07:32:36.896\nProcessGuid: {A376A8F6-F294-5A9C-0000-001052E48503}\nProcessId: 17704\nImage: C:\\Program Files\\Mozilla Firefox\\firefox.exe\nImageLoaded: C:\\Windows\\System32\\imm32.dll\nFileVersion: 10.0.16299.15 (WinBuild.160101.0800)\nDescription: Multi-User Windows IMM32 API Client DLL\nProduct: Microsoft® Windows® Operating System\nCompany: Microsoft Corporation\nHashes: MD5=CD53E525FED778CD6F8FD6364379D5DD,SHA256=7A1CDF1937AFD11D1E1432361CEF924D9B2BBAC275048D3BEB119027F6991A41\nSigned: true\nSignature: Microsoft Windows\nSignatureStatus: Valid",
  "level": "정보",
  "event_id": 7,
  "source_name": "Microsoft-Windows-Sysmon",
  "opcode": "정보",
  "user": {
    "type": "Well Known Group",
    "identifier": "S-1-5-18",
    "name": "SYSTEM",
    "domain": "NT AUTHORITY"
  },
  "record_number": "230",
  "log_name": "Microsoft-Windows-Sysmon/Operational",
  "type": "wineventlog",
  "beat": {
    "name": "DESKTOP-WJANG",
    "hostname": "DESKTOP-WJANG",
    "version": "6.2.2"
  }
}
{
  "@timestamp": "2018-03-05T07:32:37.297Z",
  "@metadata": {
    "beat": "winlogbeat",
    "type": "doc",
    "version": "6.2.2"
  },
  "level": "정보",
  "provider_guid": "{5770385F-C22A-43E0-BF4C-06F5698FFBD9}",
  "task": "Image loaded (rule: ImageLoad)",
  "thread_id": 23584,
  "message": "Image loaded:\nUtcTime: 2018-03-05 07:32:36.934\nProcessGuid: {A376A8F6-F294-5A9C-0000-001052E48503}\nProcessId: 17704\nImage: C:\\Program Files\\Mozilla Firefox\\firefox.exe\nImageLoaded: C:\\Windows\\System32\\combase.dll\nFileVersion: 10.0.16299.15 (WinBuild.160101.0800)\nDescription: Windows용 Microsoft COM\nProduct: Microsoft® Windows® Operating System\nCompany: Microsoft Corporation\nHashes: MD5=C83A09FCB5284D6E9C465EBC2B50719F,SHA256=F198107424AA4EF7DADF0C3F7D896712CB7157BCFA858142EF0A47D6921AC658\nSigned: true\nSignature: Microsoft Windows\nSignatureStatus: Valid",
  "type": "wineventlog",
  "process_id": 8608,
  "event_data": {
    "UtcTime": "2018-03-05 07:32:36.934",
    "ImageLoaded": "C:\\Windows\\System32\\combase.dll",
    "Signed": "true",
    "Signature": "Microsoft Windows",
    "Description": "Windows용 Microsoft COM",
    "Hashes": "MD5=C83A09FCB5284D6E9C465EBC2B50719F,SHA256=F198107424AA4EF7DADF0C3F7D896712CB7157BCFA858142EF0A47D6921AC658",
    "FileVersion": "10.0.16299.15 (WinBuild.160101.0800)",
    "ProcessId": "17704",
    "SignatureStatus": "Valid",
    "Product": "Microsoft® Windows® Operating System",
    "Company": "Microsoft Corporation",
    "ProcessGuid": "{A376A8F6-F294-5A9C-0000-001052E48503}",
    "Image": "C:\\Program Files\\Mozilla Firefox\\firefox.exe"
  },
  "beat": {
    "name": "DESKTOP-WJANG",
    "hostname": "DESKTOP-WJANG",
    "version": "6.2.2"
  },
  "log_name": "Microsoft-Windows-Sysmon/Operational",
  "source_name": "Microsoft-Windows-Sysmon",
  "record_number": "231",
  "computer_name": "DESKTOP-WJANG",
  "version": 3,
  "opcode": "정보",
  "event_id": 7,
  "user": {
    "domain": "NT AUTHORITY",
    "type": "Well Known Group",
    "identifier": "S-1-5-18",
    "name": "SYSTEM"
  }
}
{
  "@timestamp": "2018-03-05T07:32:37.307Z",
  "@metadata": {
    "beat": "winlogbeat",
    "type": "doc",
    "version": "6.2.2"
  },
  "event_data": {
    "Product": "Microsoft® Windows® Operating System",
    "Signed": "true",
    "UtcTime": "2018-03-05 07:32:36.938",
    "Image": "C:\\Program Files\\Mozilla Firefox\\firefox.exe",
    "Description": "ApiSet Stub DLL",
    "Company": "Microsoft Corporation",
    "SignatureStatus": "Valid",
    "ProcessId": "17704",
    "Hashes": "MD5=F576FD38085005B4AB2FF1DACD293C48,SHA256=6E794D0FAD29CC5BDD5D0511FD923D3434ED122CFF0ED697903900C93C807582",
    "Signature": "Microsoft Corporation",
    "FileVersion": "10.0.16299.15 (WinBuild.160101.0800)",
    "ProcessGuid": "{A376A8F6-F294-5A9C-0000-001052E48503}",
    "ImageLoaded": "C:\\Program Files\\Mozilla Firefox\\api-ms-win-crt-runtime-l1-1-0.dll"
  },
  "log_name": "Microsoft-Windows-Sysmon/Operational",
  "thread_id": 23584,
  "user": {
    "type": "Well Known Group",
    "identifier": "S-1-5-18",
    "name": "SYSTEM",
    "domain": "NT AUTHORITY"
  },
  "source_name": "Microsoft-Windows-Sysmon",
  "level": "정보",
  "record_number": "232",
  "computer_name": "DESKTOP-WJANG",
  "type": "wineventlog",
  "message": "Image loaded:\nUtcTime: 2018-03-05 07:32:36.938\nProcessGuid: {A376A8F6-F294-5A9C-0000-001052E48503}\nProcessId: 17704\nImage: C:\\Program Files\\Mozilla Firefox\\firefox.exe\nImageLoaded: C:\\Program Files\\Mozilla Firefox\\api-ms-win-crt-runtime-l1-1-0.dll\nFileVersion: 10.0.16299.15 (WinBuild.160101.0800)\nDescription: ApiSet Stub DLL\nProduct: Microsoft® Windows® Operating System\nCompany: Microsoft Corporation\nHashes: MD5=F576FD38085005B4AB2FF1DACD293C48,SHA256=6E794D0FAD29CC5BDD5D0511FD923D3434ED122CFF0ED697903900C93C807582\nSigned: true\nSignature: Microsoft Corporation\nSignatureStatus: Valid",
  "version": 3,
  "task": "Image loaded (rule: ImageLoad)",
  "beat": {
    "name": "DESKTOP-WJANG",
    "hostname": "DESKTOP-WJANG",
    "version": "6.2.2"
  },
  "event_id": 7,
  "opcode": "정보",
  "provider_guid": "{5770385F-C22A-43E0-BF4C-06F5698FFBD9}",
  "process_id": 8608
}
{
  "@timestamp": "2018-03-05T07:32:37.308Z",
  "@metadata": {
    "beat": "winlogbeat",
    "type": "doc",
    "version": "6.2.2"
  },
  "process_id": 8608,
  "level": "정보",
  "beat": {
    "name": "DESKTOP-WJANG",
    "hostname": "DESKTOP-WJANG",
    "version": "6.2.2"
  },
  "provider_guid": "{5770385F-C22A-43E0-BF4C-06F5698FFBD9}",
  "user": {
    "identifier": "S-1-5-18",
    "name": "SYSTEM",
    "domain": "NT AUTHORITY",
    "type": "Well Known Group"
  },
  "type": "wineventlog",
  "version": 3,
  "record_number": "233",
  "event_id": 7,
  "event_data": {
    "Company": "Microsoft Corporation",
    "FileVersion": "10.0.16299.15 (WinBuild.160101.0800)",
    "Hashes": "MD5=F576FD38085005B4AB2FF1DACD293C48,SHA256=6E794D0FAD29CC5BDD5D0511FD923D3434ED122CFF0ED697903900C93C807582",
    "Signed": "true",
    "SignatureStatus": "Valid",
    "ProcessGuid": "{A376A8F6-F294-5A9C-0000-001052E48503}",
    "Image": "C:\\Program Files\\Mozilla Firefox\\firefox.exe",
    "Signature": "Microsoft Corporation",
    "Description": "ApiSet Stub DLL",
    "UtcTime": "2018-03-05 07:32:36.938",
    "ImageLoaded": "C:\\Program Files\\Mozilla Firefox\\api-ms-win-crt-runtime-l1-1-0.dll",
    "ProcessId": "17704",
    "Product": "Microsoft® Windows® Operating System"
  },
  "opcode": "정보",
  "source_name": "Microsoft-Windows-Sysmon",
  "task": "Image loaded (rule: ImageLoad)",
  "message": "Image loaded:\nUtcTime: 2018-03-05 07:32:36.938\nProcessGuid: {A376A8F6-F294-5A9C-0000-001052E48503}\nProcessId: 17704\nImage: C:\\Program Files\\Mozilla Firefox\\firefox.exe\nImageLoaded: C:\\Program Files\\Mozilla Firefox\\api-ms-win-crt-runtime-l1-1-0.dll\nFileVersion: 10.0.16299.15 (WinBuild.160101.0800)\nDescription: ApiSet Stub DLL\nProduct: Microsoft® Windows® Operating System\nCompany: Microsoft Corporation\nHashes: MD5=F576FD38085005B4AB2FF1DACD293C48,SHA256=6E794D0FAD29CC5BDD5D0511FD923D3434ED122CFF0ED697903900C93C807582\nSigned: true\nSignature: Microsoft Corporation\nSignatureStatus: Valid",
  "thread_id": 23584,
  "log_name": "Microsoft-Windows-Sysmon/Operational",
  "computer_name": "DESKTOP-WJANG"
}
{
  "@timestamp": "2018-03-05T07:32:37.317Z",
  "@metadata": {
    "beat": "winlogbeat",
    "type": "doc",
    "version": "6.2.2"
  },
  "provider_guid": "{5770385F-C22A-43E0-BF4C-06F5698FFBD9}",
  "computer_name": "DESKTOP-WJANG",
  "level": "정보",
  "opcode": "정보",
  "process_id": 8608,
  "event_id": 7,
  "event_data": {
    "Company": "Microsoft Corporation",
    "ProcessId": "17704",
    "FileVersion": "10.0.16299.15 (WinBuild.160101.0800)",
    "Product": "Microsoft® Windows® Operating System",
    "ProcessGuid": "{A376A8F6-F294-5A9C-0000-001052E48503}",
    "UtcTime": "2018-03-05 07:32:36.940",
    "Image": "C:\\Program Files\\Mozilla Firefox\\firefox.exe",
    "Signed": "true",
    "Description": "ApiSet Stub DLL",
    "Signature": "Microsoft Corporation",
    "ImageLoaded": "C:\\Program Files\\Mozilla Firefox\\api-ms-win-crt-string-l1-1-0.dll",
    "Hashes": "MD5=E730CD977AC7F60F0824775E39C8FD2C,SHA256=63DE06332E8FF15A5BFF699E70ED2537A9D273BA62463FA16265D261F3C5BB31",
    "SignatureStatus": "Valid"
  },
  "record_number": "234",
  "task": "Image loaded (rule: ImageLoad)",
  "message": "Image loaded:\nUtcTime: 2018-03-05 07:32:36.940\nProcessGuid: {A376A8F6-F294-5A9C-0000-001052E48503}\nProcessId: 17704\nImage: C:\\Program Files\\Mozilla Firefox\\firefox.exe\nImageLoaded: C:\\Program Files\\Mozilla Firefox\\api-ms-win-crt-string-l1-1-0.dll\nFileVersion: 10.0.16299.15 (WinBuild.160101.0800)\nDescription: ApiSet Stub DLL\nProduct: Microsoft® Windows® Operating System\nCompany: Microsoft Corporation\nHashes: MD5=E730CD977AC7F60F0824775E39C8FD2C,SHA256=63DE06332E8FF15A5BFF699E70ED2537A9D273BA62463FA16265D261F3C5BB31\nSigned: true\nSignature: Microsoft Corporation\nSignatureStatus: Valid",
  "user": {
    "identifier": "S-1-5-18",
    "name": "SYSTEM",
    "domain": "NT AUTHORITY",
    "type": "Well Known Group"
  },
  "source_name": "Microsoft-Windows-Sysmon",
  "thread_id": 23584,
  "version": 3,
  "log_name": "Microsoft-Windows-Sysmon/Operational",
  "beat": {
    "name": "DESKTOP-WJANG",
    "hostname": "DESKTOP-WJANG",
    "version": "6.2.2"
  },
  "type": "wineventlog"
}
{
  "@timestamp": "2018-03-05T07:32:37.318Z",
  "@metadata": {
    "beat": "winlogbeat",
    "type": "doc",
    "version": "6.2.2"
  },
  "record_number": "235",
  "level": "정보",
  "message": "Image loaded:\nUtcTime: 2018-03-05 07:32:36.940\nProcessGuid: {A376A8F6-F294-5A9C-0000-001052E48503}\nProcessId: 17704\nImage: C:\\Program Files\\Mozilla Firefox\\firefox.exe\nImageLoaded: C:\\Program Files\\Mozilla Firefox\\api-ms-win-crt-string-l1-1-0.dll\nFileVersion: 10.0.16299.15 (WinBuild.160101.0800)\nDescription: ApiSet Stub DLL\nProduct: Microsoft® Windows® Operating System\nCompany: Microsoft Corporation\nHashes: MD5=E730CD977AC7F60F0824775E39C8FD2C,SHA256=63DE06332E8FF15A5BFF699E70ED2537A9D273BA62463FA16265D261F3C5BB31\nSigned: true\nSignature: Microsoft Corporation\nSignatureStatus: Valid",
  "event_data": {
    "Description": "ApiSet Stub DLL",
    "Image": "C:\\Program Files\\Mozilla Firefox\\firefox.exe",
    "Company": "Microsoft Corporation",
    "ProcessId": "17704",
    "Hashes": "MD5=E730CD977AC7F60F0824775E39C8FD2C,SHA256=63DE06332E8FF15A5BFF699E70ED2537A9D273BA62463FA16265D261F3C5BB31",
    "FileVersion": "10.0.16299.15 (WinBuild.160101.0800)",
    "Signature": "Microsoft Corporation",
    "SignatureStatus": "Valid",
    "UtcTime": "2018-03-05 07:32:36.940",
    "Product": "Microsoft® Windows® Operating System",
    "Signed": "true",
    "ProcessGuid": "{A376A8F6-F294-5A9C-0000-001052E48503}",
    "ImageLoaded": "C:\\Program Files\\Mozilla Firefox\\api-ms-win-crt-string-l1-1-0.dll"
  },
  "source_name": "Microsoft-Windows-Sysmon",
  "computer_name": "DESKTOP-WJANG",
  "log_name": "Microsoft-Windows-Sysmon/Operational",
  "opcode": "정보",
  "process_id": 8608,
  "thread_id": 23584,
  "type": "wineventlog",
  "version": 3,
  "event_id": 7,
  "task": "Image loaded (rule: ImageLoad)",
  "beat": {
    "name": "DESKTOP-WJANG",
    "hostname": "DESKTOP-WJANG",
    "version": "6.2.2"
  },
  "user": {
    "name": "SYSTEM",
    "domain": "NT AUTHORITY",
    "type": "Well Known Group",
    "identifier": "S-1-5-18"
  },
  "provider_guid": "{5770385F-C22A-43E0-BF4C-06F5698FFBD9}"
}
{
  "@timestamp": "2018-03-05T07:32:37.327Z",
  "@metadata": {
    "beat": "winlogbeat",
    "type": "doc",
    "version": "6.2.2"
  },
  "message": "Image loaded:\nUtcTime: 2018-03-05 07:32:36.942\nProcessGuid: {A376A8F6-F294-5A9C-0000-001052E48503}\nProcessId: 17704\nImage: C:\\Program Files\\Mozilla Firefox\\firefox.exe\nImageLoaded: C:\\Program Files\\Mozilla Firefox\\api-ms-win-crt-heap-l1-1-0.dll\nFileVersion: 10.0.16299.15 (WinBuild.160101.0800)\nDescription: ApiSet Stub DLL\nProduct: Microsoft® Windows® Operating System\nCompany: Microsoft Corporation\nHashes: MD5=28579CA40C9E19CC6DC23DFB8B6871CD,SHA256=A57D8275C34C1094F6A4535E23C7BEE4759532E08776FF84C5FE487C0F925EB4\nSigned: true\nSignature: Microsoft Corporation\nSignatureStatus: Valid",
  "log_name": "Microsoft-Windows-Sysmon/Operational",
  "event_data": {
    "Signed": "true",
    "ProcessId": "17704",
    "ProcessGuid": "{A376A8F6-F294-5A9C-0000-001052E48503}",
    "SignatureStatus": "Valid",
    "Product": "Microsoft® Windows® Operating System",
    "ImageLoaded": "C:\\Program Files\\Mozilla Firefox\\api-ms-win-crt-heap-l1-1-0.dll",
    "Hashes": "MD5=28579CA40C9E19CC6DC23DFB8B6871CD,SHA256=A57D8275C34C1094F6A4535E23C7BEE4759532E08776FF84C5FE487C0F925EB4",
    "Description": "ApiSet Stub DLL",
    "Image": "C:\\Program Files\\Mozilla Firefox\\firefox.exe",
    "UtcTime": "2018-03-05 07:32:36.942",
    "Company": "Microsoft Corporation",
    "FileVersion": "10.0.16299.15 (WinBuild.160101.0800)",
    "Signature": "Microsoft Corporation"
  },
  "provider_guid": "{5770385F-C22A-43E0-BF4C-06F5698FFBD9}",
  "opcode": "정보",
  "beat": {
    "hostname": "DESKTOP-WJANG",
    "version": "6.2.2",
    "name": "DESKTOP-WJANG"
  },
  "user": {
    "name": "SYSTEM",
    "domain": "NT AUTHORITY",
    "type": "Well Known Group",
    "identifier": "S-1-5-18"
  },
  "task": "Image loaded (rule: ImageLoad)",
  "level": "정보",
  "version": 3,
  "thread_id": 23584,
  "record_number": "236",
  "computer_name": "DESKTOP-WJANG",
  "type": "wineventlog",
  "process_id": 8608,
  "source_name": "Microsoft-Windows-Sysmon",
  "event_id": 7
}
{
  "@timestamp": "2018-03-05T07:32:37.328Z",
  "@metadata": {
    "beat": "winlogbeat",
    "type": "doc",
    "version": "6.2.2"
  },
  "task": "Image loaded (rule: ImageLoad)",
  "message": "Image loaded:\nUtcTime: 2018-03-05 07:32:36.941\nProcessGuid: {A376A8F6-F294-5A9C-0000-001052E48503}\nProcessId: 17704\nImage: C:\\Program Files\\Mozilla Firefox\\firefox.exe\nImageLoaded: C:\\Program Files\\Mozilla Firefox\\api-ms-win-crt-heap-l1-1-0.dll\nFileVersion: 10.0.16299.15 (WinBuild.160101.0800)\nDescription: ApiSet Stub DLL\nProduct: Microsoft® Windows® Operating System\nCompany: Microsoft Corporation\nHashes: MD5=28579CA40C9E19CC6DC23DFB8B6871CD,SHA256=A57D8275C34C1094F6A4535E23C7BEE4759532E08776FF84C5FE487C0F925EB4\nSigned: true\nSignature: Microsoft Corporation\nSignatureStatus: Valid",
  "log_name": "Microsoft-Windows-Sysmon/Operational",
  "record_number": "237",
  "provider_guid": "{5770385F-C22A-43E0-BF4C-06F5698FFBD9}",
  "beat": {
    "name": "DESKTOP-WJANG",
    "hostname": "DESKTOP-WJANG",
    "version": "6.2.2"
  },
  "event_data": {
    "FileVersion": "10.0.16299.15 (WinBuild.160101.0800)",
    "Description": "ApiSet Stub DLL",
    "Signature": "Microsoft Corporation",
    "Image": "C:\\Program Files\\Mozilla Firefox\\firefox.exe",
    "Company": "Microsoft Corporation",
    "Signed": "true",
    "SignatureStatus": "Valid",
    "ImageLoaded": "C:\\Program Files\\Mozilla Firefox\\api-ms-win-crt-heap-l1-1-0.dll",
    "Product": "Microsoft® Windows® Operating System",
    "ProcessGuid": "{A376A8F6-F294-5A9C-0000-001052E48503}",
    "ProcessId": "17704",
    "UtcTime": "2018-03-05 07:32:36.941",
    "Hashes": "MD5=28579CA40C9E19CC6DC23DFB8B6871CD,SHA256=A57D8275C34C1094F6A4535E23C7BEE4759532E08776FF84C5FE487C0F925EB4"
  },
  "computer_name": "DESKTOP-WJANG",
  "opcode": "정보",
  "thread_id": 23584,
  "type": "wineventlog",
  "event_id": 7,
  "version": 3,
  "process_id": 8608,
  "user": {
    "domain": "NT AUTHORITY",
    "type": "Well Known Group",
    "identifier": "S-1-5-18",
    "name": "SYSTEM"
  },
  "source_name": "Microsoft-Windows-Sysmon",
  "level": "정보"
}
{
  "@timestamp": "2018-03-05T07:32:37.336Z",
  "@metadata": {
    "beat": "winlogbeat",
    "type": "doc",
    "version": "6.2.2"
  },
  "message": "Image loaded:\nUtcTime: 2018-03-05 07:32:36.943\nProcessGuid: {A376A8F6-F294-5A9C-0000-001052E48503}\nProcessId: 17704\nImage: C:\\Program Files\\Mozilla Firefox\\firefox.exe\nImageLoaded: C:\\Program Files\\Mozilla Firefox\\api-ms-win-crt-stdio-l1-1-0.dll\nFileVersion: 10.0.16299.15 (WinBuild.160101.0800)\nDescription: ApiSet Stub DLL\nProduct: Microsoft® Windows® Operating System\nCompany: Microsoft Corporation\nHashes: MD5=1CEC55E31418A818093C73E96BD41973,SHA256=513BB1DD16BE7491CED8FA2494B604257285F76062525685C2991391D0C048C3\nSigned: true\nSignature: Microsoft Corporation\nSignatureStatus: Valid",
  "process_id": 8608,
  "version": 3,
  "event_data": {
    "FileVersion": "10.0.16299.15 (WinBuild.160101.0800)",
    "UtcTime": "2018-03-05 07:32:36.943",
    "Description": "ApiSet Stub DLL",
    "Image": "C:\\Program Files\\Mozilla Firefox\\firefox.exe",
    "Product": "Microsoft® Windows® Operating System",
    "Signature": "Microsoft Corporation",
    "ImageLoaded": "C:\\Program Files\\Mozilla Firefox\\api-ms-win-crt-stdio-l1-1-0.dll",
    "ProcessId": "17704",
    "ProcessGuid": "{A376A8F6-F294-5A9C-0000-001052E48503}",
    "SignatureStatus": "Valid",
    "Company": "Microsoft Corporation",
    "Hashes": "MD5=1CEC55E31418A818093C73E96BD41973,SHA256=513BB1DD16BE7491CED8FA2494B604257285F76062525685C2991391D0C048C3",
    "Signed": "true"
  },
  "provider_guid": "{5770385F-C22A-43E0-BF4C-06F5698FFBD9}",
  "record_number": "238",
  "event_id": 7,
  "opcode": "정보",
  "type": "wineventlog",
  "thread_id": 23584,
  "user": {
    "domain": "NT AUTHORITY",
    "type": "Well Known Group",
    "identifier": "S-1-5-18",
    "name": "SYSTEM"
  },
  "task": "Image loaded (rule: ImageLoad)",
  "source_name": "Microsoft-Windows-Sysmon",
  "computer_name": "DESKTOP-WJANG",
  "beat": {
    "hostname": "DESKTOP-WJANG",
    "version": "6.2.2",
    "name": "DESKTOP-WJANG"
  },
  "log_name": "Microsoft-Windows-Sysmon/Operational",
  "level": "정보"
}
{
  "@timestamp": "2018-03-05T07:32:37.337Z",
  "@metadata": {
    "beat": "winlogbeat",
    "type": "doc",
    "version": "6.2.2"
  },
  "computer_name": "DESKTOP-WJANG",
  "message": "Image loaded:\nUtcTime: 2018-03-05 07:32:36.943\nProcessGuid: {A376A8F6-F294-5A9C-0000-001052E48503}\nProcessId: 17704\nImage: C:\\Program Files\\Mozilla Firefox\\firefox.exe\nImageLoaded: C:\\Program Files\\Mozilla Firefox\\api-ms-win-crt-stdio-l1-1-0.dll\nFileVersion: 10.0.16299.15 (WinBuild.160101.0800)\nDescription: ApiSet Stub DLL\nProduct: Microsoft® Windows® Operating System\nCompany: Microsoft Corporation\nHashes: MD5=1CEC55E31418A818093C73E96BD41973,SHA256=513BB1DD16BE7491CED8FA2494B604257285F76062525685C2991391D0C048C3\nSigned: true\nSignature: Microsoft Corporation\nSignatureStatus: Valid",
  "version": 3,
  "process_id": 8608,
  "event_id": 7,
  "level": "정보",
  "user": {
    "type": "Well Known Group",
    "identifier": "S-1-5-18",
    "name": "SYSTEM",
    "domain": "NT AUTHORITY"
  },
  "event_data": {
    "Product": "Microsoft® Windows® Operating System",
    "SignatureStatus": "Valid",
    "Image": "C:\\Program Files\\Mozilla Firefox\\firefox.exe",
    "FileVersion": "10.0.16299.15 (WinBuild.160101.0800)",
    "Company": "Microsoft Corporation",
    "Signed": "true",
    "ProcessGuid": "{A376A8F6-F294-5A9C-0000-001052E48503}",
    "Signature": "Microsoft Corporation",
    "UtcTime": "2018-03-05 07:32:36.943",
    "ImageLoaded": "C:\\Program Files\\Mozilla Firefox\\api-ms-win-crt-stdio-l1-1-0.dll",
    "ProcessId": "17704",
    "Description": "ApiSet Stub DLL",
    "Hashes": "MD5=1CEC55E31418A818093C73E96BD41973,SHA256=513BB1DD16BE7491CED8FA2494B604257285F76062525685C2991391D0C048C3"
  },
  "record_number": "239",
  "log_name": "Microsoft-Windows-Sysmon/Operational",
  "opcode": "정보",
  "task": "Image loaded (rule: ImageLoad)",
  "beat": {
    "name": "DESKTOP-WJANG",
    "hostname": "DESKTOP-WJANG",
    "version": "6.2.2"
  },
  "source_name": "Microsoft-Windows-Sysmon",
  "thread_id": 23584,
  "type": "wineventlog",
  "provider_guid": "{5770385F-C22A-43E0-BF4C-06F5698FFBD9}"
}
{
  "@timestamp": "2018-03-05T07:32:37.346Z",
  "@metadata": {
    "beat": "winlogbeat",
    "type": "doc",
    "version": "6.2.2"
  },
  "log_name": "Microsoft-Windows-Sysmon/Operational",
  "version": 3,
  "provider_guid": "{5770385F-C22A-43E0-BF4C-06F5698FFBD9}",
  "beat": {
    "name": "DESKTOP-WJANG",
    "hostname": "DESKTOP-WJANG",
    "version": "6.2.2"
  },
  "event_data": {
    "Image": "C:\\Program Files\\Mozilla Firefox\\firefox.exe",
    "ProcessGuid": "{A376A8F6-F294-5A9C-0000-001052E48503}",
    "ImageLoaded": "C:\\Program Files\\Mozilla Firefox\\api-ms-win-crt-convert-l1-1-0.dll",
    "Hashes": "MD5=E3495C380C381670908355181787D7EA,SHA256=B353BD22B97FD3704557A99359C9EA0B4E0AD8B7E43B5E21700DABD1A1D84923",
    "Product": "Microsoft® Windows® Operating System",
    "Signature": "Microsoft Corporation",
    "Signed": "true",
    "UtcTime": "2018-03-05 07:32:36.945",
    "Description": "ApiSet Stub DLL",
    "SignatureStatus": "Valid",
    "ProcessId": "17704",
    "FileVersion": "10.0.16299.15 (WinBuild.160101.0800)",
    "Company": "Microsoft Corporation"
  },
  "computer_name": "DESKTOP-WJANG",
  "message": "Image loaded:\nUtcTime: 2018-03-05 07:32:36.945\nProcessGuid: {A376A8F6-F294-5A9C-0000-001052E48503}\nProcessId: 17704\nImage: C:\\Program Files\\Mozilla Firefox\\firefox.exe\nImageLoaded: C:\\Program Files\\Mozilla Firefox\\api-ms-win-crt-convert-l1-1-0.dll\nFileVersion: 10.0.16299.15 (WinBuild.160101.0800)\nDescription: ApiSet Stub DLL\nProduct: Microsoft® Windows® Operating System\nCompany: Microsoft Corporation\nHashes: MD5=E3495C380C381670908355181787D7EA,SHA256=B353BD22B97FD3704557A99359C9EA0B4E0AD8B7E43B5E21700DABD1A1D84923\nSigned: true\nSignature: Microsoft Corporation\nSignatureStatus: Valid",
  "type": "wineventlog",
  "source_name": "Microsoft-Windows-Sysmon",
  "task": "Image loaded (rule: ImageLoad)",
  "process_id": 8608,
  "opcode": "정보",
  "thread_id": 23584,
  "event_id": 7,
  "record_number": "240",
  "level": "정보",
  "user": {
    "type": "Well Known Group",
    "identifier": "S-1-5-18",
    "name": "SYSTEM",
    "domain": "NT AUTHORITY"
  }
}
{
  "@timestamp": "2018-03-05T07:32:37.346Z",
  "@metadata": {
    "beat": "winlogbeat",
    "type": "doc",
    "version": "6.2.2"
  },
  "provider_guid": "{5770385F-C22A-43E0-BF4C-06F5698FFBD9}",
  "message": "Image loaded:\nUtcTime: 2018-03-05 07:32:36.944\nProcessGuid: {A376A8F6-F294-5A9C-0000-001052E48503}\nProcessId: 17704\nImage: C:\\Program Files\\Mozilla Firefox\\firefox.exe\nImageLoaded: C:\\Program Files\\Mozilla Firefox\\api-ms-win-crt-convert-l1-1-0.dll\nFileVersion: 10.0.16299.15 (WinBuild.160101.0800)\nDescription: ApiSet Stub DLL\nProduct: Microsoft® Windows® Operating System\nCompany: Microsoft Corporation\nHashes: MD5=E3495C380C381670908355181787D7EA,SHA256=B353BD22B97FD3704557A99359C9EA0B4E0AD8B7E43B5E21700DABD1A1D84923\nSigned: true\nSignature: Microsoft Corporation\nSignatureStatus: Valid",
  "process_id": 8608,
  "thread_id": 23584,
  "log_name": "Microsoft-Windows-Sysmon/Operational",
  "event_id": 7,
  "version": 3,
  "opcode": "정보",
  "beat": {
    "name": "DESKTOP-WJANG",
    "hostname": "DESKTOP-WJANG",
    "version": "6.2.2"
  },
  "record_number": "241",
  "computer_name": "DESKTOP-WJANG",
  "task": "Image loaded (rule: ImageLoad)",
  "user": {
    "identifier": "S-1-5-18",
    "name": "SYSTEM",
    "domain": "NT AUTHORITY",
    "type": "Well Known Group"
  },
  "source_name": "Microsoft-Windows-Sysmon",
  "type": "wineventlog",
  "level": "정보",
  "event_data": {
    "ProcessGuid": "{A376A8F6-F294-5A9C-0000-001052E48503}",
    "Company": "Microsoft Corporation",
    "ImageLoaded": "C:\\Program Files\\Mozilla Firefox\\api-ms-win-crt-convert-l1-1-0.dll",
    "Image": "C:\\Program Files\\Mozilla Firefox\\firefox.exe",
    "UtcTime": "2018-03-05 07:32:36.944",
    "Hashes": "MD5=E3495C380C381670908355181787D7EA,SHA256=B353BD22B97FD3704557A99359C9EA0B4E0AD8B7E43B5E21700DABD1A1D84923",
    "Product": "Microsoft® Windows® Operating System",
    "ProcessId": "17704",
    "Signed": "true",
    "Description": "ApiSet Stub DLL",
    "FileVersion": "10.0.16299.15 (WinBuild.160101.0800)",
    "SignatureStatus": "Valid",
    "Signature": "Microsoft Corporation"
  }
}
{
  "@timestamp": "2018-03-05T07:32:37.354Z",
  "@metadata": {
    "beat": "winlogbeat",
    "type": "doc",
    "version": "6.2.2"
  },
  "event_data": {
    "UtcTime": "2018-03-05 07:32:36.947",
    "Image": "C:\\Program Files\\Mozilla Firefox\\firefox.exe",
    "Signature": "Microsoft Corporation",
    "ImageLoaded": "C:\\Program Files\\Mozilla Firefox\\api-ms-win-crt-locale-l1-1-0.dll",
    "Product": "Microsoft® Windows® Operating System",
    "Signed": "true",
    "SignatureStatus": "Valid",
    "Company": "Microsoft Corporation",
    "Description": "ApiSet Stub DLL",
    "ProcessGuid": "{A376A8F6-F294-5A9C-0000-001052E48503}",
    "Hashes": "MD5=4140EE5C6EA9F933C483615141FD54FE,SHA256=29ABDC8C5396132B004E6751464641B8F0562249333B2257A1D2EB4AECC8D9DC",
    "FileVersion": "10.0.16299.15 (WinBuild.160101.0800)",
    "ProcessId": "17704"
  },
  "record_number": "242",
  "thread_id": 23584,
  "provider_guid": "{5770385F-C22A-43E0-BF4C-06F5698FFBD9}",
  "task": "Image loaded (rule: ImageLoad)",
  "log_name": "Microsoft-Windows-Sysmon/Operational",
  "version": 3,
  "type": "wineventlog",
  "event_id": 7,
  "message": "Image loaded:\nUtcTime: 2018-03-05 07:32:36.947\nProcessGuid: {A376A8F6-F294-5A9C-0000-001052E48503}\nProcessId: 17704\nImage: C:\\Program Files\\Mozilla Firefox\\firefox.exe\nImageLoaded: C:\\Program Files\\Mozilla Firefox\\api-ms-win-crt-locale-l1-1-0.dll\nFileVersion: 10.0.16299.15 (WinBuild.160101.0800)\nDescription: ApiSet Stub DLL\nProduct: Microsoft® Windows® Operating System\nCompany: Microsoft Corporation\nHashes: MD5=4140EE5C6EA9F933C483615141FD54FE,SHA256=29ABDC8C5396132B004E6751464641B8F0562249333B2257A1D2EB4AECC8D9DC\nSigned: true\nSignature: Microsoft Corporation\nSignatureStatus: Valid",
  "level": "정보",
  "source_name": "Microsoft-Windows-Sysmon",
  "user": {
    "domain": "NT AUTHORITY",
    "type": "Well Known Group",
    "identifier": "S-1-5-18",
    "name": "SYSTEM"
  },
  "beat": {
    "name": "DESKTOP-WJANG",
    "hostname": "DESKTOP-WJANG",
    "version": "6.2.2"
  },
  "opcode": "정보",
  "computer_name": "DESKTOP-WJANG",
  "process_id": 8608
}
{
  "@timestamp": "2018-03-05T07:32:37.354Z",
  "@metadata": {
    "beat": "winlogbeat",
    "type": "doc",
    "version": "6.2.2"
  },
  "source_name": "Microsoft-Windows-Sysmon",
  "record_number": "243",
  "version": 3,
  "beat": {
    "name": "DESKTOP-WJANG",
    "hostname": "DESKTOP-WJANG",
    "version": "6.2.2"
  },
  "message": "Image loaded:\nUtcTime: 2018-03-05 07:32:36.946\nProcessGuid: {A376A8F6-F294-5A9C-0000-001052E48503}\nProcessId: 17704\nImage: C:\\Program Files\\Mozilla Firefox\\firefox.exe\nImageLoaded: C:\\Program Files\\Mozilla Firefox\\api-ms-win-crt-locale-l1-1-0.dll\nFileVersion: 10.0.16299.15 (WinBuild.160101.0800)\nDescription: ApiSet Stub DLL\nProduct: Microsoft® Windows® Operating System\nCompany: Microsoft Corporation\nHashes: MD5=4140EE5C6EA9F933C483615141FD54FE,SHA256=29ABDC8C5396132B004E6751464641B8F0562249333B2257A1D2EB4AECC8D9DC\nSigned: true\nSignature: Microsoft Corporation\nSignatureStatus: Valid",
  "computer_name": "DESKTOP-WJANG",
  "thread_id": 23584,
  "type": "wineventlog",
  "log_name": "Microsoft-Windows-Sysmon/Operational",
  "level": "정보",
  "opcode": "정보",
  "user": {
    "identifier": "S-1-5-18",
    "name": "SYSTEM",
    "domain": "NT AUTHORITY",
    "type": "Well Known Group"
  },
  "provider_guid": "{5770385F-C22A-43E0-BF4C-06F5698FFBD9}",
  "task": "Image loaded (rule: ImageLoad)",
  "event_data": {
    "Signed": "true",
    "Hashes": "MD5=4140EE5C6EA9F933C483615141FD54FE,SHA256=29ABDC8C5396132B004E6751464641B8F0562249333B2257A1D2EB4AECC8D9DC",
    "Image": "C:\\Program Files\\Mozilla Firefox\\firefox.exe",
    "UtcTime": "2018-03-05 07:32:36.946",
    "ProcessGuid": "{A376A8F6-F294-5A9C-0000-001052E48503}",
    "FileVersion": "10.0.16299.15 (WinBuild.160101.0800)",
    "ProcessId": "17704",
    "Description": "ApiSet Stub DLL",
    "SignatureStatus": "Valid",
    "Signature": "Microsoft Corporation",
    "Product": "Microsoft® Windows® Operating System",
    "Company": "Microsoft Corporation",
    "ImageLoaded": "C:\\Program Files\\Mozilla Firefox\\api-ms-win-crt-locale-l1-1-0.dll"
  },
  "process_id": 8608,
  "event_id": 7
}
{
  "@timestamp": "2018-03-05T07:32:37.363Z",
  "@metadata": {
    "beat": "winlogbeat",
    "type": "doc",
    "version": "6.2.2"
  },
  "version": 3,
  "log_name": "Microsoft-Windows-Sysmon/Operational",
  "source_name": "Microsoft-Windows-Sysmon",
  "computer_name": "DESKTOP-WJANG",
  "provider_guid": "{5770385F-C22A-43E0-BF4C-06F5698FFBD9}",
  "message": "Image loaded:\nUtcTime: 2018-03-05 07:32:36.948\nProcessGuid: {A376A8F6-F294-5A9C-0000-001052E48503}\nProcessId: 17704\nImage: C:\\Program Files\\Mozilla Firefox\\firefox.exe\nImageLoaded: C:\\Program Files\\Mozilla Firefox\\api-ms-win-crt-math-l1-1-0.dll\nFileVersion: 10.0.16299.15 (WinBuild.160101.0800)\nDescription: ApiSet Stub DLL\nProduct: Microsoft® Windows® Operating System\nCompany: Microsoft Corporation\nHashes: MD5=6C7D9C87AF17330357FDB7F39751080B,SHA256=6A9DD5A4E52C1AA0E341E35E9DC1A6FBF476EBACD64ADD3A53C146F019A9A4C6\nSigned: true\nSignature: Microsoft Corporation\nSignatureStatus: Valid",
  "process_id": 8608,
  "user": {
    "identifier": "S-1-5-18",
    "name": "SYSTEM",
    "domain": "NT AUTHORITY",
    "type": "Well Known Group"
  },
  "beat": {
    "name": "DESKTOP-WJANG",
    "hostname": "DESKTOP-WJANG",
    "version": "6.2.2"
  },
  "task": "Image loaded (rule: ImageLoad)",
  "event_id": 7,
  "event_data": {
    "SignatureStatus": "Valid",
    "Image": "C:\\Program Files\\Mozilla Firefox\\firefox.exe",
    "Hashes": "MD5=6C7D9C87AF17330357FDB7F39751080B,SHA256=6A9DD5A4E52C1AA0E341E35E9DC1A6FBF476EBACD64ADD3A53C146F019A9A4C6",
    "ProcessId": "17704",
    "Description": "ApiSet Stub DLL",
    "UtcTime": "2018-03-05 07:32:36.948",
    "ProcessGuid": "{A376A8F6-F294-5A9C-0000-001052E48503}",
    "Company": "Microsoft Corporation",
    "FileVersion": "10.0.16299.15 (WinBuild.160101.0800)",
    "Signature": "Microsoft Corporation",
    "Signed": "true",
    "ImageLoaded": "C:\\Program Files\\Mozilla Firefox\\api-ms-win-crt-math-l1-1-0.dll",
    "Product": "Microsoft® Windows® Operating System"
  },
  "record_number": "244",
  "type": "wineventlog",
  "opcode": "정보",
  "level": "정보",
  "thread_id": 23584
}
{
  "@timestamp": "2018-03-05T07:32:37.363Z",
  "@metadata": {
    "beat": "winlogbeat",
    "type": "doc",
    "version": "6.2.2"
  },
  "source_name": "Microsoft-Windows-Sysmon",
  "user": {
    "type": "Well Known Group",
    "identifier": "S-1-5-18",
    "name": "SYSTEM",
    "domain": "NT AUTHORITY"
  },
  "event_data": {
    "UtcTime": "2018-03-05 07:32:36.948",
    "Signed": "true",
    "Product": "Microsoft® Windows® Operating System",
    "ProcessId": "17704",
    "ProcessGuid": "{A376A8F6-F294-5A9C-0000-001052E48503}",
    "Company": "Microsoft Corporation",
    "Image": "C:\\Program Files\\Mozilla Firefox\\firefox.exe",
    "ImageLoaded": "C:\\Program Files\\Mozilla Firefox\\api-ms-win-crt-math-l1-1-0.dll",
    "Description": "ApiSet Stub DLL",
    "Signature": "Microsoft Corporation",
    "Hashes": "MD5=6C7D9C87AF17330357FDB7F39751080B,SHA256=6A9DD5A4E52C1AA0E341E35E9DC1A6FBF476EBACD64ADD3A53C146F019A9A4C6",
    "SignatureStatus": "Valid",
    "FileVersion": "10.0.16299.15 (WinBuild.160101.0800)"
  },
  "type": "wineventlog",
  "beat": {
    "version": "6.2.2",
    "name": "DESKTOP-WJANG",
    "hostname": "DESKTOP-WJANG"
  },
  "provider_guid": "{5770385F-C22A-43E0-BF4C-06F5698FFBD9}",
  "level": "정보",
  "thread_id": 23584,
  "task": "Image loaded (rule: ImageLoad)",
  "version": 3,
  "record_number": "245",
  "computer_name": "DESKTOP-WJANG",
  "log_name": "Microsoft-Windows-Sysmon/Operational",
  "event_id": 7,
  "message": "Image loaded:\nUtcTime: 2018-03-05 07:32:36.948\nProcessGuid: {A376A8F6-F294-5A9C-0000-001052E48503}\nProcessId: 17704\nImage: C:\\Program Files\\Mozilla Firefox\\firefox.exe\nImageLoaded: C:\\Program Files\\Mozilla Firefox\\api-ms-win-crt-math-l1-1-0.dll\nFileVersion: 10.0.16299.15 (WinBuild.160101.0800)\nDescription: ApiSet Stub DLL\nProduct: Microsoft® Windows® Operating System\nCompany: Microsoft Corporation\nHashes: MD5=6C7D9C87AF17330357FDB7F39751080B,SHA256=6A9DD5A4E52C1AA0E341E35E9DC1A6FBF476EBACD64ADD3A53C146F019A9A4C6\nSigned: true\nSignature: Microsoft Corporation\nSignatureStatus: Valid",
  "process_id": 8608,
  "opcode": "정보"
}
{
  "@timestamp": "2018-03-05T07:32:37.371Z",
  "@metadata": {
    "beat": "winlogbeat",
    "type": "doc",
    "version": "6.2.2"
  },
  "type": "wineventlog",
  "provider_guid": "{5770385F-C22A-43E0-BF4C-06F5698FFBD9}",
  "process_id": 8608,
  "event_data": {
    "ImageLoaded": "C:\\Program Files\\Mozilla Firefox\\api-ms-win-crt-multibyte-l1-1-0.dll",
    "Company": "Microsoft Corporation",
    "Product": "Microsoft® Windows® Operating System",
    "Image": "C:\\Program Files\\Mozilla Firefox\\firefox.exe",
    "UtcTime": "2018-03-05 07:32:36.950",
    "SignatureStatus": "Valid",
    "ProcessId": "17704",
    "Signature": "Microsoft Corporation",
    "Hashes": "MD5=0CAD941678316DA4F162C2D65600F578,SHA256=ACB97F64896CB96CEA09C2A2E691A8E2302885150A0699AA0AC0593BCDC89E9F",
    "ProcessGuid": "{A376A8F6-F294-5A9C-0000-001052E48503}",
    "Signed": "true",
    "FileVersion": "10.0.16299.15 (WinBuild.160101.0800)",
    "Description": "ApiSet Stub DLL"
  },
  "beat": {
    "name": "DESKTOP-WJANG",
    "hostname": "DESKTOP-WJANG",
    "version": "6.2.2"
  },
  "event_id": 7,
  "message": "Image loaded:\nUtcTime: 2018-03-05 07:32:36.950\nProcessGuid: {A376A8F6-F294-5A9C-0000-001052E48503}\nProcessId: 17704\nImage: C:\\Program Files\\Mozilla Firefox\\firefox.exe\nImageLoaded: C:\\Program Files\\Mozilla Firefox\\api-ms-win-crt-multibyte-l1-1-0.dll\nFileVersion: 10.0.16299.15 (WinBuild.160101.0800)\nDescription: ApiSet Stub DLL\nProduct: Microsoft® Windows® Operating System\nCompany: Microsoft Corporation\nHashes: MD5=0CAD941678316DA4F162C2D65600F578,SHA256=ACB97F64896CB96CEA09C2A2E691A8E2302885150A0699AA0AC0593BCDC89E9F\nSigned: true\nSignature: Microsoft Corporation\nSignatureStatus: Valid",
  "computer_name": "DESKTOP-WJANG",
  "record_number": "246",
  "thread_id": 23584,
  "user": {
    "identifier": "S-1-5-18",
    "name": "SYSTEM",
    "domain": "NT AUTHORITY",
    "type": "Well Known Group"
  },
  "version": 3,
  "opcode": "정보",
  "level": "정보",
  "source_name": "Microsoft-Windows-Sysmon",
  "task": "Image loaded (rule: ImageLoad)",
  "log_name": "Microsoft-Windows-Sysmon/Operational"
}
{
  "@timestamp": "2018-03-05T07:32:37.372Z",
  "@metadata": {
    "beat": "winlogbeat",
    "type": "doc",
    "version": "6.2.2"
  },
  "record_number": "247",
  "computer_name": "DESKTOP-WJANG",
  "opcode": "정보",
  "message": "Image loaded:\nUtcTime: 2018-03-05 07:32:36.949\nProcessGuid: {A376A8F6-F294-5A9C-0000-001052E48503}\nProcessId: 17704\nImage: C:\\Program Files\\Mozilla Firefox\\firefox.exe\nImageLoaded: C:\\Program Files\\Mozilla Firefox\\api-ms-win-crt-multibyte-l1-1-0.dll\nFileVersion: 10.0.16299.15 (WinBuild.160101.0800)\nDescription: ApiSet Stub DLL\nProduct: Microsoft® Windows® Operating System\nCompany: Microsoft Corporation\nHashes: MD5=0CAD941678316DA4F162C2D65600F578,SHA256=ACB97F64896CB96CEA09C2A2E691A8E2302885150A0699AA0AC0593BCDC89E9F\nSigned: true\nSignature: Microsoft Corporation\nSignatureStatus: Valid",
  "task": "Image loaded (rule: ImageLoad)",
  "event_data": {
    "FileVersion": "10.0.16299.15 (WinBuild.160101.0800)",
    "SignatureStatus": "Valid",
    "Signed": "true",
    "ProcessId": "17704",
    "Image": "C:\\Program Files\\Mozilla Firefox\\firefox.exe",
    "Product": "Microsoft® Windows® Operating System",
    "Company": "Microsoft Corporation",
    "ProcessGuid": "{A376A8F6-F294-5A9C-0000-001052E48503}",
    "Description": "ApiSet Stub DLL",
    "UtcTime": "2018-03-05 07:32:36.949",
    "ImageLoaded": "C:\\Program Files\\Mozilla Firefox\\api-ms-win-crt-multibyte-l1-1-0.dll",
    "Hashes": "MD5=0CAD941678316DA4F162C2D65600F578,SHA256=ACB97F64896CB96CEA09C2A2E691A8E2302885150A0699AA0AC0593BCDC89E9F",
    "Signature": "Microsoft Corporation"
  },
  "beat": {
    "hostname": "DESKTOP-WJANG",
    "version": "6.2.2",
    "name": "DESKTOP-WJANG"
  },
  "provider_guid": "{5770385F-C22A-43E0-BF4C-06F5698FFBD9}",
  "event_id": 7,
  "level": "정보",
  "log_name": "Microsoft-Windows-Sysmon/Operational",
  "thread_id": 23584,
  "version": 3,
  "user": {
    "identifier": "S-1-5-18",
    "name": "SYSTEM",
    "domain": "NT AUTHORITY",
    "type": "Well Known Group"
  },
  "type": "wineventlog",
  "source_name": "Microsoft-Windows-Sysmon",
  "process_id": 8608
}
{
  "@timestamp": "2018-03-05T07:32:37.380Z",
  "@metadata": {
    "beat": "winlogbeat",
    "type": "doc",
    "version": "6.2.2"
  },
  "computer_name": "DESKTOP-WJANG",
  "record_number": "248",
  "user": {
    "domain": "NT AUTHORITY",
    "type": "Well Known Group",
    "identifier": "S-1-5-18",
    "name": "SYSTEM"
  },
  "opcode": "정보",
  "log_name": "Microsoft-Windows-Sysmon/Operational",
  "source_name": "Microsoft-Windows-Sysmon",
  "version": 3,
  "process_id": 8608,
  "thread_id": 23584,
  "event_data": {
    "Company": "Microsoft Corporation",
    "Image": "C:\\Program Files\\Mozilla Firefox\\firefox.exe",
    "Signed": "true",
    "ProcessGuid": "{A376A8F6-F294-5A9C-0000-001052E48503}",
    "SignatureStatus": "Valid",
    "ImageLoaded": "C:\\Program Files\\Mozilla Firefox\\api-ms-win-crt-time-l1-1-0.dll",
    "FileVersion": "10.0.16299.15 (WinBuild.160101.0800)",
    "ProcessId": "17704",
    "Description": "ApiSet Stub DLL",
    "Product": "Microsoft® Windows® Operating System",
    "Hashes": "MD5=090027E2A3EF8D8EBF9CED36FDC7B492,SHA256=803B6F86F178E71F462DFDD6521C9F4791059C1FAB5DC86DE17C34C25E55F8BD",
    "Signature": "Microsoft Corporation",
    "UtcTime": "2018-03-05 07:32:36.951"
  },
  "message": "Image loaded:\nUtcTime: 2018-03-05 07:32:36.951\nProcessGuid: {A376A8F6-F294-5A9C-0000-001052E48503}\nProcessId: 17704\nImage: C:\\Program Files\\Mozilla Firefox\\firefox.exe\nImageLoaded: C:\\Program Files\\Mozilla Firefox\\api-ms-win-crt-time-l1-1-0.dll\nFileVersion: 10.0.16299.15 (WinBuild.160101.0800)\nDescription: ApiSet Stub DLL\nProduct: Microsoft® Windows® Operating System\nCompany: Microsoft Corporation\nHashes: MD5=090027E2A3EF8D8EBF9CED36FDC7B492,SHA256=803B6F86F178E71F462DFDD6521C9F4791059C1FAB5DC86DE17C34C25E55F8BD\nSigned: true\nSignature: Microsoft Corporation\nSignatureStatus: Valid",
  "beat": {
    "hostname": "DESKTOP-WJANG",
    "version": "6.2.2",
    "name": "DESKTOP-WJANG"
  },
  "provider_guid": "{5770385F-C22A-43E0-BF4C-06F5698FFBD9}",
  "task": "Image loaded (rule: ImageLoad)",
  "type": "wineventlog",
  "event_id": 7,
  "level": "정보"
}
{
  "@timestamp": "2018-03-05T07:32:37.380Z",
  "@metadata": {
    "beat": "winlogbeat",
    "type": "doc",
    "version": "6.2.2"
  },
  "user": {
    "identifier": "S-1-5-18",
    "name": "SYSTEM",
    "domain": "NT AUTHORITY",
    "type": "Well Known Group"
  },
  "event_data": {
    "Signature": "Microsoft Corporation",
    "ImageLoaded": "C:\\Program Files\\Mozilla Firefox\\api-ms-win-crt-time-l1-1-0.dll",
    "FileVersion": "10.0.16299.15 (WinBuild.160101.0800)",
    "Product": "Microsoft® Windows® Operating System",
    "Image": "C:\\Program Files\\Mozilla Firefox\\firefox.exe",
    "Description": "ApiSet Stub DLL",
    "Signed": "true",
    "SignatureStatus": "Valid",
    "ProcessId": "17704",
    "ProcessGuid": "{A376A8F6-F294-5A9C-0000-001052E48503}",
    "Company": "Microsoft Corporation",
    "Hashes": "MD5=090027E2A3EF8D8EBF9CED36FDC7B492,SHA256=803B6F86F178E71F462DFDD6521C9F4791059C1FAB5DC86DE17C34C25E55F8BD",
    "UtcTime": "2018-03-05 07:32:36.951"
  },
  "level": "정보",
  "event_id": 7,
  "beat": {
    "name": "DESKTOP-WJANG",
    "hostname": "DESKTOP-WJANG",
    "version": "6.2.2"
  },
  "computer_name": "DESKTOP-WJANG",
  "task": "Image loaded (rule: ImageLoad)",
  "provider_guid": "{5770385F-C22A-43E0-BF4C-06F5698FFBD9}",
  "thread_id": 23584,
  "record_number": "249",
  "version": 3,
  "message": "Image loaded:\nUtcTime: 2018-03-05 07:32:36.951\nProcessGuid: {A376A8F6-F294-5A9C-0000-001052E48503}\nProcessId: 17704\nImage: C:\\Program Files\\Mozilla Firefox\\firefox.exe\nImageLoaded: C:\\Program Files\\Mozilla Firefox\\api-ms-win-crt-time-l1-1-0.dll\nFileVersion: 10.0.16299.15 (WinBuild.160101.0800)\nDescription: ApiSet Stub DLL\nProduct: Microsoft® Windows® Operating System\nCompany: Microsoft Corporation\nHashes: MD5=090027E2A3EF8D8EBF9CED36FDC7B492,SHA256=803B6F86F178E71F462DFDD6521C9F4791059C1FAB5DC86DE17C34C25E55F8BD\nSigned: true\nSignature: Microsoft Corporation\nSignatureStatus: Valid",
  "source_name": "Microsoft-Windows-Sysmon",
  "opcode": "정보",
  "type": "wineventlog",
  "process_id": 8608,
  "log_name": "Microsoft-Windows-Sysmon/Operational"
}
{
  "@timestamp": "2018-03-05T07:32:37.388Z",
  "@metadata": {
    "beat": "winlogbeat",
    "type": "doc",
    "version": "6.2.2"
  },
  "level": "정보",
  "version": 3,
  "thread_id": 23584,
  "user": {
    "type": "Well Known Group",
    "identifier": "S-1-5-18",
    "name": "SYSTEM",
    "domain": "NT AUTHORITY"
  },
  "message": "Image loaded:\nUtcTime: 2018-03-05 07:32:36.953\nProcessGuid: {A376A8F6-F294-5A9C-0000-001052E48503}\nProcessId: 17704\nImage: C:\\Program Files\\Mozilla Firefox\\firefox.exe\nImageLoaded: C:\\Program Files\\Mozilla Firefox\\api-ms-win-crt-filesystem-l1-1-0.dll\nFileVersion: 10.0.16299.15 (WinBuild.160101.0800)\nDescription: ApiSet Stub DLL\nProduct: Microsoft® Windows® Operating System\nCompany: Microsoft Corporation\nHashes: MD5=C8211D9A8F2595C9EE6F75C9B6D5CB29,SHA256=B78607F566599E92BFA8FF5DE0F28C439207ABF17F274A045500A0D107287D41\nSigned: true\nSignature: Microsoft Corporation\nSignatureStatus: Valid",
  "type": "wineventlog",
  "opcode": "정보",
  "event_data": {
    "Product": "Microsoft® Windows® Operating System",
    "Hashes": "MD5=C8211D9A8F2595C9EE6F75C9B6D5CB29,SHA256=B78607F566599E92BFA8FF5DE0F28C439207ABF17F274A045500A0D107287D41",
    "ProcessId": "17704",
    "Signed": "true",
    "ImageLoaded": "C:\\Program Files\\Mozilla Firefox\\api-ms-win-crt-filesystem-l1-1-0.dll",
    "Description": "ApiSet Stub DLL",
    "ProcessGuid": "{A376A8F6-F294-5A9C-0000-001052E48503}",
    "FileVersion": "10.0.16299.15 (WinBuild.160101.0800)",
    "UtcTime": "2018-03-05 07:32:36.953",
    "Image": "C:\\Program Files\\Mozilla Firefox\\firefox.exe",
    "Company": "Microsoft Corporation",
    "Signature": "Microsoft Corporation",
    "SignatureStatus": "Valid"
  },
  "process_id": 8608,
  "source_name": "Microsoft-Windows-Sysmon",
  "log_name": "Microsoft-Windows-Sysmon/Operational",
  "computer_name": "DESKTOP-WJANG",
  "event_id": 7,
  "task": "Image loaded (rule: ImageLoad)",
  "beat": {
    "name": "DESKTOP-WJANG",
    "hostname": "DESKTOP-WJANG",
    "version": "6.2.2"
  },
  "record_number": "250",
  "provider_guid": "{5770385F-C22A-43E0-BF4C-06F5698FFBD9}"
}
