{
  "@timestamp": "2018-03-05T07:32:40.789Z",
  "@metadata": {
    "beat": "winlogbeat",
    "type": "doc",
    "version": "6.2.2"
  },
  "provider_guid": "{5770385F-C22A-43E0-BF4C-06F5698FFBD9}",
  "source_name": "Microsoft-Windows-Sysmon",
  "log_name": "Microsoft-Windows-Sysmon/Operational",
  "event_id": 7,
  "version": 3,
  "event_data": {
    "FileVersion": "10.0.16299.15 (WinBuild.160101.0800)",
    "Hashes": "MD5=F8C6159C5BE654CEEB383F6E5B122271,SHA256=6B85E0232D1C2DF599C519C95EC2374E3B1B3B06395293CC6AB7976573FA571F",
    "SignatureStatus": "Valid",
    "Signature": "Microsoft Windows",
    "UtcTime": "2018-03-05 07:32:40.787",
    "Image": "C:\\Program Files\\Mozilla Firefox\\firefox.exe",
    "Signed": "true",
    "Company": "Microsoft Corporation",
    "ProcessGuid": "{A376A8F6-F298-5A9C-0000-00104DED8803}",
    "ProcessId": "4084",
    "Product": "Microsoft® Windows® Operating System",
    "Description": "OLEAUT32.DLL",
    "ImageLoaded": "C:\\Windows\\System32\\oleaut32.dll"
  },
  "message": "Image loaded:\nUtcTime: 2018-03-05 07:32:40.787\nProcessGuid: {A376A8F6-F298-5A9C-0000-00104DED8803}\nProcessId: 4084\nImage: C:\\Program Files\\Mozilla Firefox\\firefox.exe\nImageLoaded: C:\\Windows\\System32\\oleaut32.dll\nFileVersion: 10.0.16299.15 (WinBuild.160101.0800)\nDescription: OLEAUT32.DLL\nProduct: Microsoft® Windows® Operating System\nCompany: Microsoft Corporation\nHashes: MD5=F8C6159C5BE654CEEB383F6E5B122271,SHA256=6B85E0232D1C2DF599C519C95EC2374E3B1B3B06395293CC6AB7976573FA571F\nSigned: true\nSignature: Microsoft Windows\nSignatureStatus: Valid",
  "thread_id": 19220,
  "type": "wineventlog",
  "user": {
    "domain": "NT AUTHORITY",
    "type": "Well Known Group",
    "identifier": "S-1-5-18",
    "name": "SYSTEM"
  },
  "computer_name": "DESKTOP-WJANG",
  "beat": {
    "name": "DESKTOP-WJANG",
    "hostname": "DESKTOP-WJANG",
    "version": "6.2.2"
  },
  "process_id": 8608,
  "level": "정보",
  "task": "Image loaded (rule: ImageLoad)",
  "record_number": "768",
  "opcode": "정보"
}
{
  "@timestamp": "2018-03-05T07:32:40.791Z",
  "@metadata": {
    "beat": "winlogbeat",
    "type": "doc",
    "version": "6.2.2"
  },
  "thread_id": 19220,
  "message": "Image loaded:\nUtcTime: 2018-03-05 07:32:40.789\nProcessGuid: {A376A8F6-F298-5A9C-0000-00104DED8803}\nProcessId: 4084\nImage: C:\\Program Files\\Mozilla Firefox\\firefox.exe\nImageLoaded: C:\\Windows\\System32\\hid.dll\nFileVersion: 10.0.16299.15 (WinBuild.160101.0800)\nDescription: HID 사용자 라이브러리\nProduct: Microsoft® Windows® Operating System\nCompany: Microsoft Corporation\nHashes: MD5=030D331A80802B7E95E5C52B8B1AC3E0,SHA256=E2FA22DC530DE8725B7378EE766E2D2A74888D1C58ACAA022937E633D0379A3B\nSigned: true\nSignature: Microsoft Windows\nSignatureStatus: Valid",
  "process_id": 8608,
  "source_name": "Microsoft-Windows-Sysmon",
  "log_name": "Microsoft-Windows-Sysmon/Operational",
  "task": "Image loaded (rule: ImageLoad)",
  "opcode": "정보",
  "computer_name": "DESKTOP-WJANG",
  "version": 3,
  "beat": {
    "name": "DESKTOP-WJANG",
    "hostname": "DESKTOP-WJANG",
    "version": "6.2.2"
  },
  "provider_guid": "{5770385F-C22A-43E0-BF4C-06F5698FFBD9}",
  "user": {
    "identifier": "S-1-5-18",
    "name": "SYSTEM",
    "domain": "NT AUTHORITY",
    "type": "Well Known Group"
  },
  "event_data": {
    "Hashes": "MD5=030D331A80802B7E95E5C52B8B1AC3E0,SHA256=E2FA22DC530DE8725B7378EE766E2D2A74888D1C58ACAA022937E633D0379A3B",
    "Description": "HID 사용자 라이브러리",
    "Signature": "Microsoft Windows",
    "Image": "C:\\Program Files\\Mozilla Firefox\\firefox.exe",
    "ProcessId": "4084",
    "ImageLoaded": "C:\\Windows\\System32\\hid.dll",
    "UtcTime": "2018-03-05 07:32:40.789",
    "SignatureStatus": "Valid",
    "Company": "Microsoft Corporation",
    "Product": "Microsoft® Windows® Operating System",
    "FileVersion": "10.0.16299.15 (WinBuild.160101.0800)",
    "ProcessGuid": "{A376A8F6-F298-5A9C-0000-00104DED8803}",
    "Signed": "true"
  },
  "event_id": 7,
  "type": "wineventlog",
  "level": "정보",
  "record_number": "769"
}
{
  "@timestamp": "2018-03-05T07:32:40.792Z",
  "@metadata": {
    "beat": "winlogbeat",
    "type": "doc",
    "version": "6.2.2"
  },
  "record_number": "770",
  "opcode": "정보",
  "version": 3,
  "level": "정보",
  "type": "wineventlog",
  "computer_name": "DESKTOP-WJANG",
  "provider_guid": "{5770385F-C22A-43E0-BF4C-06F5698FFBD9}",
  "beat": {
    "name": "DESKTOP-WJANG",
    "hostname": "DESKTOP-WJANG",
    "version": "6.2.2"
  },
  "event_id": 7,
  "task": "Image loaded (rule: ImageLoad)",
  "thread_id": 19220,
  "process_id": 8608,
  "event_data": {
    "Product": "Microsoft® Windows® Operating System",
    "ProcessId": "4084",
    "ImageLoaded": "C:\\Windows\\System32\\avrt.dll",
    "UtcTime": "2018-03-05 07:32:40.790",
    "Image": "C:\\Program Files\\Mozilla Firefox\\firefox.exe",
    "ProcessGuid": "{A376A8F6-F298-5A9C-0000-00104DED8803}",
    "Signature": "Microsoft Windows",
    "SignatureStatus": "Valid",
    "Description": "멀티미디어 실시간 런타임",
    "Hashes": "MD5=FD2711C6045A6519BD4770B6ED6A721B,SHA256=B3FDDB4AC4D3D66CF4D65530F2A387562AEE5F0573204920AA2ADEBC65359FFB",
    "Company": "Microsoft Corporation",
    "Signed": "true",
    "FileVersion": "10.0.16299.15 (WinBuild.160101.0800)"
  },
  "source_name": "Microsoft-Windows-Sysmon",
  "message": "Image loaded:\nUtcTime: 2018-03-05 07:32:40.790\nProcessGuid: {A376A8F6-F298-5A9C-0000-00104DED8803}\nProcessId: 4084\nImage: C:\\Program Files\\Mozilla Firefox\\firefox.exe\nImageLoaded: C:\\Windows\\System32\\avrt.dll\nFileVersion: 10.0.16299.15 (WinBuild.160101.0800)\nDescription: 멀티미디어 실시간 런타임\nProduct: Microsoft® Windows® Operating System\nCompany: Microsoft Corporation\nHashes: MD5=FD2711C6045A6519BD4770B6ED6A721B,SHA256=B3FDDB4AC4D3D66CF4D65530F2A387562AEE5F0573204920AA2ADEBC65359FFB\nSigned: true\nSignature: Microsoft Windows\nSignatureStatus: Valid",
  "user": {
    "identifier": "S-1-5-18",
    "name": "SYSTEM",
    "domain": "NT AUTHORITY",
    "type": "Well Known Group"
  },
  "log_name": "Microsoft-Windows-Sysmon/Operational"
}
{
  "@timestamp": "2018-03-05T07:32:40.793Z",
  "@metadata": {
    "beat": "winlogbeat",
    "type": "doc",
    "version": "6.2.2"
  },
  "level": "정보",
  "provider_guid": "{5770385F-C22A-43E0-BF4C-06F5698FFBD9}",
  "version": 3,
  "message": "Image loaded:\nUtcTime: 2018-03-05 07:32:40.791\nProcessGuid: {A376A8F6-F298-5A9C-0000-00104DED8803}\nProcessId: 4084\nImage: C:\\Program Files\\Mozilla Firefox\\firefox.exe\nImageLoaded: C:\\Windows\\System32\\usp10.dll\nFileVersion: 10.0.16299.15 (WinBuild.160101.0800)\nDescription: Uniscribe Unicode script processor\nProduct: Microsoft® Windows® Operating System\nCompany: Microsoft Corporation\nHashes: MD5=FAC20A3377BBA21FB8D092541D93C247,SHA256=DC75CC1A107435AA2436F5C2AC63BAE51CF16E4CEB65C08522A350ADA532688D\nSigned: true\nSignature: Microsoft Windows\nSignatureStatus: Valid",
  "user": {
    "identifier": "S-1-5-18",
    "name": "SYSTEM",
    "domain": "NT AUTHORITY",
    "type": "Well Known Group"
  },
  "source_name": "Microsoft-Windows-Sysmon",
  "computer_name": "DESKTOP-WJANG",
  "log_name": "Microsoft-Windows-Sysmon/Operational",
  "event_id": 7,
  "thread_id": 19220,
  "event_data": {
    "Company": "Microsoft Corporation",
    "Product": "Microsoft® Windows® Operating System",
    "ProcessId": "4084",
    "SignatureStatus": "Valid",
    "FileVersion": "10.0.16299.15 (WinBuild.160101.0800)",
    "Description": "Uniscribe Unicode script processor",
    "UtcTime": "2018-03-05 07:32:40.791",
    "Image": "C:\\Program Files\\Mozilla Firefox\\firefox.exe",
    "Hashes": "MD5=FAC20A3377BBA21FB8D092541D93C247,SHA256=DC75CC1A107435AA2436F5C2AC63BAE51CF16E4CEB65C08522A350ADA532688D",
    "Signature": "Microsoft Windows",
    "ProcessGuid": "{A376A8F6-F298-5A9C-0000-00104DED8803}",
    "ImageLoaded": "C:\\Windows\\System32\\usp10.dll",
    "Signed": "true"
  },
  "opcode": "정보",
  "task": "Image loaded (rule: ImageLoad)",
  "process_id": 8608,
  "type": "wineventlog",
  "record_number": "771",
  "beat": {
    "name": "DESKTOP-WJANG",
    "hostname": "DESKTOP-WJANG",
    "version": "6.2.2"
  }
}
{
  "@timestamp": "2018-03-05T07:32:40.793Z",
  "@metadata": {
    "beat": "winlogbeat",
    "type": "doc",
    "version": "6.2.2"
  },
  "user": {
    "domain": "NT AUTHORITY",
    "type": "Well Known Group",
    "identifier": "S-1-5-18",
    "name": "SYSTEM"
  },
  "version": 3,
  "thread_id": 19220,
  "process_id": 8608,
  "event_data": {
    "Signature": "Microsoft Windows",
    "ProcessId": "4084",
    "Company": "Microsoft Corporation",
    "Product": "Microsoft® Windows® Operating System",
    "SignatureStatus": "Valid",
    "Image": "C:\\Program Files\\Mozilla Firefox\\firefox.exe",
    "Hashes": "MD5=792077FFC39F2EE7A2C154105A7BC4A1,SHA256=835619594D3C86847FF9FA7B509A093C3CE276C400CF2AC28B0880CCF3FE126F",
    "ImageLoaded": "C:\\Windows\\System32\\msimg32.dll",
    "Signed": "true",
    "UtcTime": "2018-03-05 07:32:40.792",
    "ProcessGuid": "{A376A8F6-F298-5A9C-0000-00104DED8803}",
    "Description": "GDIEXT Client DLL",
    "FileVersion": "10.0.16299.15 (WinBuild.160101.0800)"
  },
  "event_id": 7,
  "task": "Image loaded (rule: ImageLoad)",
  "log_name": "Microsoft-Windows-Sysmon/Operational",
  "computer_name": "DESKTOP-WJANG",
  "beat": {
    "name": "DESKTOP-WJANG",
    "hostname": "DESKTOP-WJANG",
    "version": "6.2.2"
  },
  "level": "정보",
  "opcode": "정보",
  "provider_guid": "{5770385F-C22A-43E0-BF4C-06F5698FFBD9}",
  "message": "Image loaded:\nUtcTime: 2018-03-05 07:32:40.792\nProcessGuid: {A376A8F6-F298-5A9C-0000-00104DED8803}\nProcessId: 4084\nImage: C:\\Program Files\\Mozilla Firefox\\firefox.exe\nImageLoaded: C:\\Windows\\System32\\msimg32.dll\nFileVersion: 10.0.16299.15 (WinBuild.160101.0800)\nDescription: GDIEXT Client DLL\nProduct: Microsoft® Windows® Operating System\nCompany: Microsoft Corporation\nHashes: MD5=792077FFC39F2EE7A2C154105A7BC4A1,SHA256=835619594D3C86847FF9FA7B509A093C3CE276C400CF2AC28B0880CCF3FE126F\nSigned: true\nSignature: Microsoft Windows\nSignatureStatus: Valid",
  "type": "wineventlog",
  "source_name": "Microsoft-Windows-Sysmon",
  "record_number": "772"
}
{
  "@timestamp": "2018-03-05T07:32:40.794Z",
  "@metadata": {
    "beat": "winlogbeat",
    "type": "doc",
    "version": "6.2.2"
  },
  "event_data": {
    "ProcessId": "4084",
    "FileVersion": "10.0.16299.15 (WinBuild.160101.0800)",
    "Description": "IP 도우미 API",
    "ProcessGuid": "{A376A8F6-F298-5A9C-0000-00104DED8803}",
    "UtcTime": "2018-03-05 07:32:40.793",
    "Hashes": "MD5=51D406E55561F839873F7F10623C2B35,SHA256=2E41BB97A5BA26BCBC3C6EE904D47B01D4AB39588D3F9706597BCDA378023870",
    "ImageLoaded": "C:\\Windows\\System32\\IPHLPAPI.DLL",
    "Company": "Microsoft Corporation",
    "Image": "C:\\Program Files\\Mozilla Firefox\\firefox.exe",
    "Product": "Microsoft® Windows® Operating System",
    "Signed": "true",
    "SignatureStatus": "Valid",
    "Signature": "Microsoft Windows"
  },
  "thread_id": 19220,
  "task": "Image loaded (rule: ImageLoad)",
  "provider_guid": "{5770385F-C22A-43E0-BF4C-06F5698FFBD9}",
  "log_name": "Microsoft-Windows-Sysmon/Operational",
  "computer_name": "DESKTOP-WJANG",
  "level": "정보",
  "beat": {
    "version": "6.2.2",
    "name": "DESKTOP-WJANG",
    "hostname": "DESKTOP-WJANG"
  },
  "event_id": 7,
  "type": "wineventlog",
  "version": 3,
  "source_name": "Microsoft-Windows-Sysmon",
  "message": "Image loaded:\nUtcTime: 2018-03-05 07:32:40.793\nProcessGuid: {A376A8F6-F298-5A9C-0000-00104DED8803}\nProcessId: 4084\nImage: C:\\Program Files\\Mozilla Firefox\\firefox.exe\nImageLoaded: C:\\Windows\\System32\\IPHLPAPI.DLL\nFileVersion: 10.0.16299.15 (WinBuild.160101.0800)\nDescription: IP 도우미 API\nProduct: Microsoft® Windows® Operating System\nCompany: Microsoft Corporation\nHashes: MD5=51D406E55561F839873F7F10623C2B35,SHA256=2E41BB97A5BA26BCBC3C6EE904D47B01D4AB39588D3F9706597BCDA378023870\nSigned: true\nSignature: Microsoft Windows\nSignatureStatus: Valid",
  "user": {
    "type": "Well Known Group",
    "identifier": "S-1-5-18",
    "name": "SYSTEM",
    "domain": "NT AUTHORITY"
  },
  "record_number": "773",
  "opcode": "정보",
  "process_id": 8608
}
{
  "@timestamp": "2018-03-05T07:32:40.795Z",
  "@metadata": {
    "beat": "winlogbeat",
    "type": "doc",
    "version": "6.2.2"
  },
  "opcode": "정보",
  "computer_name": "DESKTOP-WJANG",
  "event_id": 7,
  "log_name": "Microsoft-Windows-Sysmon/Operational",
  "message": "Image loaded:\nUtcTime: 2018-03-05 07:32:40.794\nProcessGuid: {A376A8F6-F298-5A9C-0000-00104DED8803}\nProcessId: 4084\nImage: C:\\Program Files\\Mozilla Firefox\\firefox.exe\nImageLoaded: C:\\Windows\\System32\\dwmapi.dll\nFileVersion: 10.0.16299.15 (WinBuild.160101.0800)\nDescription: Microsoft 바탕 화면 창 관리자 API\nProduct: Microsoft® Windows® Operating System\nCompany: Microsoft Corporation\nHashes: MD5=990CC9E1BA5B6CE7BB29A968C9DFFAD6,SHA256=BC2EDDB5ED383CEC98E6953F924440032C230ECDC574E06CB814BC491E949970\nSigned: true\nSignature: Microsoft Windows\nSignatureStatus: Valid",
  "user": {
    "identifier": "S-1-5-18",
    "name": "SYSTEM",
    "domain": "NT AUTHORITY",
    "type": "Well Known Group"
  },
  "version": 3,
  "beat": {
    "version": "6.2.2",
    "name": "DESKTOP-WJANG",
    "hostname": "DESKTOP-WJANG"
  },
  "type": "wineventlog",
  "task": "Image loaded (rule: ImageLoad)",
  "thread_id": 19220,
  "record_number": "774",
  "source_name": "Microsoft-Windows-Sysmon",
  "provider_guid": "{5770385F-C22A-43E0-BF4C-06F5698FFBD9}",
  "process_id": 8608,
  "level": "정보",
  "event_data": {
    "UtcTime": "2018-03-05 07:32:40.794",
    "ProcessGuid": "{A376A8F6-F298-5A9C-0000-00104DED8803}",
    "FileVersion": "10.0.16299.15 (WinBuild.160101.0800)",
    "Hashes": "MD5=990CC9E1BA5B6CE7BB29A968C9DFFAD6,SHA256=BC2EDDB5ED383CEC98E6953F924440032C230ECDC574E06CB814BC491E949970",
    "SignatureStatus": "Valid",
    "ImageLoaded": "C:\\Windows\\System32\\dwmapi.dll",
    "Signed": "true",
    "Product": "Microsoft® Windows® Operating System",
    "Image": "C:\\Program Files\\Mozilla Firefox\\firefox.exe",
    "Signature": "Microsoft Windows",
    "Company": "Microsoft Corporation",
    "ProcessId": "4084",
    "Description": "Microsoft 바탕 화면 창 관리자 API"
  }
}
{
  "@timestamp": "2018-03-05T07:32:40.796Z",
  "@metadata": {
    "beat": "winlogbeat",
    "type": "doc",
    "version": "6.2.2"
  },
  "thread_id": 19220,
  "event_data": {
    "Product": "Microsoft® Windows® Operating System",
    "Signature": "Microsoft Windows",
    "SignatureStatus": "Valid",
    "FileVersion": "10.0.16299.15 (WinBuild.160101.0800)",
    "UtcTime": "2018-03-05 07:32:40.795",
    "ProcessId": "4084",
    "Image": "C:\\Program Files\\Mozilla Firefox\\firefox.exe",
    "ImageLoaded": "C:\\Windows\\System32\\uxtheme.dll",
    "Signed": "true",
    "ProcessGuid": "{A376A8F6-F298-5A9C-0000-00104DED8803}",
    "Description": "Microsoft UxTheme 라이브러리",
    "Company": "Microsoft Corporation",
    "Hashes": "MD5=539E55FA5437F32BE0553F0B6C7DDA96,SHA256=04EACB57A6D6ED5D6CFDCE8095147ACE2C0B9AB115F17CBF007E55B280B2124B"
  },
  "type": "wineventlog",
  "computer_name": "DESKTOP-WJANG",
  "user": {
    "identifier": "S-1-5-18",
    "name": "SYSTEM",
    "domain": "NT AUTHORITY",
    "type": "Well Known Group"
  },
  "beat": {
    "name": "DESKTOP-WJANG",
    "hostname": "DESKTOP-WJANG",
    "version": "6.2.2"
  },
  "provider_guid": "{5770385F-C22A-43E0-BF4C-06F5698FFBD9}",
  "source_name": "Microsoft-Windows-Sysmon",
  "log_name": "Microsoft-Windows-Sysmon/Operational",
  "level": "정보",
  "message": "Image loaded:\nUtcTime: 2018-03-05 07:32:40.795\nProcessGuid: {A376A8F6-F298-5A9C-0000-00104DED8803}\nProcessId: 4084\nImage: C:\\Program Files\\Mozilla Firefox\\firefox.exe\nImageLoaded: C:\\Windows\\System32\\uxtheme.dll\nFileVersion: 10.0.16299.15 (WinBuild.160101.0800)\nDescription: Microsoft UxTheme 라이브러리\nProduct: Microsoft® Windows® Operating System\nCompany: Microsoft Corporation\nHashes: MD5=539E55FA5437F32BE0553F0B6C7DDA96,SHA256=04EACB57A6D6ED5D6CFDCE8095147ACE2C0B9AB115F17CBF007E55B280B2124B\nSigned: true\nSignature: Microsoft Windows\nSignatureStatus: Valid",
  "task": "Image loaded (rule: ImageLoad)",
  "process_id": 8608,
  "opcode": "정보",
  "event_id": 7,
  "record_number": "775",
  "version": 3
}
{
  "@timestamp": "2018-03-05T07:32:40.797Z",
  "@metadata": {
    "beat": "winlogbeat",
    "type": "doc",
    "version": "6.2.2"
  },
  "log_name": "Microsoft-Windows-Sysmon/Operational",
  "type": "wineventlog",
  "record_number": "776",
  "event_id": 7,
  "version": 3,
  "level": "정보",
  "event_data": {
    "Image": "C:\\Program Files\\Mozilla Firefox\\firefox.exe",
    "ProcessGuid": "{A376A8F6-F298-5A9C-0000-00104DED8803}",
    "SignatureStatus": "Valid",
    "Hashes": "MD5=93DFD6B8F739971DC7DC23B4006C7B35,SHA256=5F4C8303857FADB06874C6CB5EAC7826D1AE4937A492DF89D91B0BA0DD0DF971",
    "ImageLoaded": "C:\\Windows\\System32\\wtsapi32.dll",
    "Signature": "Microsoft Windows",
    "Description": "Windows Remote Desktop Session Host Server SDK APIs",
    "Product": "Microsoft® Windows® Operating System",
    "ProcessId": "4084",
    "FileVersion": "10.0.16299.15 (WinBuild.160101.0800)",
    "Company": "Microsoft Corporation",
    "Signed": "true",
    "UtcTime": "2018-03-05 07:32:40.796"
  },
  "computer_name": "DESKTOP-WJANG",
  "process_id": 8608,
  "provider_guid": "{5770385F-C22A-43E0-BF4C-06F5698FFBD9}",
  "task": "Image loaded (rule: ImageLoad)",
  "user": {
    "type": "Well Known Group",
    "identifier": "S-1-5-18",
    "name": "SYSTEM",
    "domain": "NT AUTHORITY"
  },
  "message": "Image loaded:\nUtcTime: 2018-03-05 07:32:40.796\nProcessGuid: {A376A8F6-F298-5A9C-0000-00104DED8803}\nProcessId: 4084\nImage: C:\\Program Files\\Mozilla Firefox\\firefox.exe\nImageLoaded: C:\\Windows\\System32\\wtsapi32.dll\nFileVersion: 10.0.16299.15 (WinBuild.160101.0800)\nDescription: Windows Remote Desktop Session Host Server SDK APIs\nProduct: Microsoft® Windows® Operating System\nCompany: Microsoft Corporation\nHashes: MD5=93DFD6B8F739971DC7DC23B4006C7B35,SHA256=5F4C8303857FADB06874C6CB5EAC7826D1AE4937A492DF89D91B0BA0DD0DF971\nSigned: true\nSignature: Microsoft Windows\nSignatureStatus: Valid",
  "beat": {
    "name": "DESKTOP-WJANG",
    "hostname": "DESKTOP-WJANG",
    "version": "6.2.2"
  },
  "source_name": "Microsoft-Windows-Sysmon",
  "opcode": "정보",
  "thread_id": 19220
}
{
  "@timestamp": "2018-03-05T07:32:40.814Z",
  "@metadata": {
    "beat": "winlogbeat",
    "type": "doc",
    "version": "6.2.2"
  },
  "log_name": "Microsoft-Windows-Sysmon/Operational",
  "record_number": "777",
  "event_id": 7,
  "task": "Image loaded (rule: ImageLoad)",
  "level": "정보",
  "source_name": "Microsoft-Windows-Sysmon",
  "type": "wineventlog",
  "computer_name": "DESKTOP-WJANG",
  "beat": {
    "name": "DESKTOP-WJANG",
    "hostname": "DESKTOP-WJANG",
    "version": "6.2.2"
  },
  "opcode": "정보",
  "provider_guid": "{5770385F-C22A-43E0-BF4C-06F5698FFBD9}",
  "event_data": {
    "Company": "Microsoft Corporation",
    "ImageLoaded": "C:\\Windows\\System32\\ntmarta.dll",
    "SignatureStatus": "Valid",
    "Hashes": "MD5=10D8788E2867B895FB4C2D1280172CAB,SHA256=DFE172BCD6F09F8DA8148AF41265E057E4B13809EEEE549DD1894767CA9347B8",
    "Signature": "Microsoft Windows",
    "Image": "C:\\Program Files\\Mozilla Firefox\\firefox.exe",
    "ProcessId": "4084",
    "Product": "Microsoft® Windows® Operating System",
    "Signed": "true",
    "UtcTime": "2018-03-05 07:32:40.814",
    "FileVersion": "10.0.16299.15 (WinBuild.160101.0800)",
    "ProcessGuid": "{A376A8F6-F298-5A9C-0000-00104DED8803}",
    "Description": "Windows NT MARTA 공급자"
  },
  "message": "Image loaded:\nUtcTime: 2018-03-05 07:32:40.814\nProcessGuid: {A376A8F6-F298-5A9C-0000-00104DED8803}\nProcessId: 4084\nImage: C:\\Program Files\\Mozilla Firefox\\firefox.exe\nImageLoaded: C:\\Windows\\System32\\ntmarta.dll\nFileVersion: 10.0.16299.15 (WinBuild.160101.0800)\nDescription: Windows NT MARTA 공급자\nProduct: Microsoft® Windows® Operating System\nCompany: Microsoft Corporation\nHashes: MD5=10D8788E2867B895FB4C2D1280172CAB,SHA256=DFE172BCD6F09F8DA8148AF41265E057E4B13809EEEE549DD1894767CA9347B8\nSigned: true\nSignature: Microsoft Windows\nSignatureStatus: Valid",
  "process_id": 8608,
  "thread_id": 19220,
  "user": {
    "domain": "NT AUTHORITY",
    "type": "Well Known Group",
    "identifier": "S-1-5-18",
    "name": "SYSTEM"
  },
  "version": 3
}
{
  "@timestamp": "2018-03-05T07:32:40.819Z",
  "@metadata": {
    "beat": "winlogbeat",
    "type": "doc",
    "version": "6.2.2"
  },
  "message": "Image loaded:\nUtcTime: 2018-03-05 07:32:40.818\nProcessGuid: {A376A8F6-F298-5A9C-0000-00104DED8803}\nProcessId: 4084\nImage: C:\\Program Files\\Mozilla Firefox\\firefox.exe\nImageLoaded: C:\\Windows\\System32\\clbcatq.dll\nFileVersion: 2001.12.10941.16384 (WinBuild.160101.0800)\nDescription: COM+ Configuration Catalog\nProduct: Microsoft® Windows® Operating System\nCompany: Microsoft Corporation\nHashes: MD5=9DE51E0DB33FCB6D1B878E2671574C59,SHA256=6A76684A9FE5999E609339F56CF18126F86CBDEF935E1A3EE881D5BA0FAE69B4\nSigned: true\nSignature: Microsoft Windows\nSignatureStatus: Valid",
  "process_id": 8608,
  "event_id": 7,
  "computer_name": "DESKTOP-WJANG",
  "provider_guid": "{5770385F-C22A-43E0-BF4C-06F5698FFBD9}",
  "log_name": "Microsoft-Windows-Sysmon/Operational",
  "beat": {
    "name": "DESKTOP-WJANG",
    "hostname": "DESKTOP-WJANG",
    "version": "6.2.2"
  },
  "level": "정보",
  "opcode": "정보",
  "user": {
    "name": "SYSTEM",
    "domain": "NT AUTHORITY",
    "type": "Well Known Group",
    "identifier": "S-1-5-18"
  },
  "source_name": "Microsoft-Windows-Sysmon",
  "task": "Image loaded (rule: ImageLoad)",
  "version": 3,
  "record_number": "778",
  "event_data": {
    "Hashes": "MD5=9DE51E0DB33FCB6D1B878E2671574C59,SHA256=6A76684A9FE5999E609339F56CF18126F86CBDEF935E1A3EE881D5BA0FAE69B4",
    "Image": "C:\\Program Files\\Mozilla Firefox\\firefox.exe",
    "FileVersion": "2001.12.10941.16384 (WinBuild.160101.0800)",
    "UtcTime": "2018-03-05 07:32:40.818",
    "Description": "COM+ Configuration Catalog",
    "Signed": "true",
    "Signature": "Microsoft Windows",
    "ImageLoaded": "C:\\Windows\\System32\\clbcatq.dll",
    "Company": "Microsoft Corporation",
    "ProcessId": "4084",
    "SignatureStatus": "Valid",
    "ProcessGuid": "{A376A8F6-F298-5A9C-0000-00104DED8803}",
    "Product": "Microsoft® Windows® Operating System"
  },
  "thread_id": 19220,
  "type": "wineventlog"
}
{
  "@timestamp": "2018-03-05T07:32:40.837Z",
  "@metadata": {
    "beat": "winlogbeat",
    "type": "doc",
    "version": "6.2.2"
  },
  "computer_name": "DESKTOP-WJANG",
  "type": "wineventlog",
  "user": {
    "identifier": "S-1-5-18",
    "name": "SYSTEM",
    "domain": "NT AUTHORITY",
    "type": "Well Known Group"
  },
  "task": "Image loaded (rule: ImageLoad)",
  "thread_id": 19220,
  "event_data": {
    "Product": "Microsoft® Windows® Operating System",
    "Description": "전자 메일 명명 심(Shim) 공급자",
    "Signed": "true",
    "Signature": "Microsoft Windows",
    "ProcessId": "4084",
    "FileVersion": "10.0.16299.15 (WinBuild.160101.0800)",
    "Hashes": "MD5=1392079CB7BCFA1F1A01C0AA7FA1D782,SHA256=4890B8EC3B360D4B8C7A209DEFC4908CC79C7EFEBEE59B02601C77A67B9FEA02",
    "SignatureStatus": "Valid",
    "ProcessGuid": "{A376A8F6-F298-5A9C-0000-00104DED8803}",
    "Image": "C:\\Program Files\\Mozilla Firefox\\firefox.exe",
    "UtcTime": "2018-03-05 07:32:40.836",
    "ImageLoaded": "C:\\Windows\\System32\\NapiNSP.dll",
    "Company": "Microsoft Corporation"
  },
  "record_number": "779",
  "message": "Image loaded:\nUtcTime: 2018-03-05 07:32:40.836\nProcessGuid: {A376A8F6-F298-5A9C-0000-00104DED8803}\nProcessId: 4084\nImage: C:\\Program Files\\Mozilla Firefox\\firefox.exe\nImageLoaded: C:\\Windows\\System32\\NapiNSP.dll\nFileVersion: 10.0.16299.15 (WinBuild.160101.0800)\nDescription: 전자 메일 명명 심(Shim) 공급자\nProduct: Microsoft® Windows® Operating System\nCompany: Microsoft Corporation\nHashes: MD5=1392079CB7BCFA1F1A01C0AA7FA1D782,SHA256=4890B8EC3B360D4B8C7A209DEFC4908CC79C7EFEBEE59B02601C77A67B9FEA02\nSigned: true\nSignature: Microsoft Windows\nSignatureStatus: Valid",
  "opcode": "정보",
  "provider_guid": "{5770385F-C22A-43E0-BF4C-06F5698FFBD9}",
  "level": "정보",
  "source_name": "Microsoft-Windows-Sysmon",
  "process_id": 8608,
  "version": 3,
  "event_id": 7,
  "log_name": "Microsoft-Windows-Sysmon/Operational",
  "beat": {
    "version": "6.2.2",
    "name": "DESKTOP-WJANG",
    "hostname": "DESKTOP-WJANG"
  }
}
{
  "@timestamp": "2018-03-05T07:32:40.839Z",
  "@metadata": {
    "beat": "winlogbeat",
    "type": "doc",
    "version": "6.2.2"
  },
  "message": "Image loaded:\nUtcTime: 2018-03-05 07:32:40.838\nProcessGuid: {A376A8F6-F298-5A9C-0000-00104DED8803}\nProcessId: 4084\nImage: C:\\Program Files\\Mozilla Firefox\\firefox.exe\nImageLoaded: C:\\Windows\\System32\\pnrpnsp.dll\nFileVersion: 10.0.16299.15 (WinBuild.160101.0800)\nDescription: PNRP 네임스페이스 공급자\nProduct: Microsoft® Windows® Operating System\nCompany: Microsoft Corporation\nHashes: MD5=626562CCE32E6879803DA4C3893FF69A,SHA256=666C98BD56A96F805BA2CF2109B17838EC63409D3F2FA154A820DA76693B959A\nSigned: true\nSignature: Microsoft Windows\nSignatureStatus: Valid",
  "beat": {
    "name": "DESKTOP-WJANG",
    "hostname": "DESKTOP-WJANG",
    "version": "6.2.2"
  },
  "opcode": "정보",
  "level": "정보",
  "task": "Image loaded (rule: ImageLoad)",
  "event_id": 7,
  "version": 3,
  "type": "wineventlog",
  "computer_name": "DESKTOP-WJANG",
  "provider_guid": "{5770385F-C22A-43E0-BF4C-06F5698FFBD9}",
  "record_number": "780",
  "thread_id": 19220,
  "event_data": {
    "Hashes": "MD5=626562CCE32E6879803DA4C3893FF69A,SHA256=666C98BD56A96F805BA2CF2109B17838EC63409D3F2FA154A820DA76693B959A",
    "Signed": "true",
    "ImageLoaded": "C:\\Windows\\System32\\pnrpnsp.dll",
    "FileVersion": "10.0.16299.15 (WinBuild.160101.0800)",
    "ProcessId": "4084",
    "SignatureStatus": "Valid",
    "UtcTime": "2018-03-05 07:32:40.838",
    "Description": "PNRP 네임스페이스 공급자",
    "Product": "Microsoft® Windows® Operating System",
    "ProcessGuid": "{A376A8F6-F298-5A9C-0000-00104DED8803}",
    "Company": "Microsoft Corporation",
    "Signature": "Microsoft Windows",
    "Image": "C:\\Program Files\\Mozilla Firefox\\firefox.exe"
  },
  "process_id": 8608,
  "source_name": "Microsoft-Windows-Sysmon",
  "log_name": "Microsoft-Windows-Sysmon/Operational",
  "user": {
    "identifier": "S-1-5-18",
    "name": "SYSTEM",
    "domain": "NT AUTHORITY",
    "type": "Well Known Group"
  }
}
{
  "@timestamp": "2018-03-05T07:32:40.841Z",
  "@metadata": {
    "beat": "winlogbeat",
    "type": "doc",
    "version": "6.2.2"
  },
  "level": "정보",
  "event_data": {
    "SignatureStatus": "Valid",
    "ProcessId": "4084",
    "Image": "C:\\Program Files\\Mozilla Firefox\\firefox.exe",
    "ProcessGuid": "{A376A8F6-F298-5A9C-0000-00104DED8803}",
    "Signed": "true",
    "Hashes": "MD5=FA274B36F951A5EF359CF07E2EE188D6,SHA256=7386E7F5ABE2069A0851BBB9351510C54C845CD41D9EC29320B2E320C0A690C2",
    "FileVersion": "10.0.16299.248 (WinBuild.160101.0800)",
    "Product": "Microsoft® Windows® Operating System",
    "Description": "Network Location Awareness 2",
    "ImageLoaded": "C:\\Windows\\System32\\nlaapi.dll",
    "Company": "Microsoft Corporation",
    "Signature": "Microsoft Windows",
    "UtcTime": "2018-03-05 07:32:40.839"
  },
  "computer_name": "DESKTOP-WJANG",
  "thread_id": 19220,
  "beat": {
    "name": "DESKTOP-WJANG",
    "hostname": "DESKTOP-WJANG",
    "version": "6.2.2"
  },
  "version": 3,
  "type": "wineventlog",
  "opcode": "정보",
  "process_id": 8608,
  "message": "Image loaded:\nUtcTime: 2018-03-05 07:32:40.839\nProcessGuid: {A376A8F6-F298-5A9C-0000-00104DED8803}\nProcessId: 4084\nImage: C:\\Program Files\\Mozilla Firefox\\firefox.exe\nImageLoaded: C:\\Windows\\System32\\nlaapi.dll\nFileVersion: 10.0.16299.248 (WinBuild.160101.0800)\nDescription: Network Location Awareness 2\nProduct: Microsoft® Windows® Operating System\nCompany: Microsoft Corporation\nHashes: MD5=FA274B36F951A5EF359CF07E2EE188D6,SHA256=7386E7F5ABE2069A0851BBB9351510C54C845CD41D9EC29320B2E320C0A690C2\nSigned: true\nSignature: Microsoft Windows\nSignatureStatus: Valid",
  "provider_guid": "{5770385F-C22A-43E0-BF4C-06F5698FFBD9}",
  "source_name": "Microsoft-Windows-Sysmon",
  "event_id": 7,
  "log_name": "Microsoft-Windows-Sysmon/Operational",
  "task": "Image loaded (rule: ImageLoad)",
  "user": {
    "identifier": "S-1-5-18",
    "name": "SYSTEM",
    "domain": "NT AUTHORITY",
    "type": "Well Known Group"
  },
  "record_number": "781"
}
{
  "@timestamp": "2018-03-05T07:32:40.848Z",
  "@metadata": {
    "beat": "winlogbeat",
    "type": "doc",
    "version": "6.2.2"
  },
  "version": 3,
  "type": "wineventlog",
  "computer_name": "DESKTOP-WJANG",
  "task": "Image loaded (rule: ImageLoad)",
  "user": {
    "identifier": "S-1-5-18",
    "name": "SYSTEM",
    "domain": "NT AUTHORITY",
    "type": "Well Known Group"
  },
  "log_name": "Microsoft-Windows-Sysmon/Operational",
  "provider_guid": "{5770385F-C22A-43E0-BF4C-06F5698FFBD9}",
  "source_name": "Microsoft-Windows-Sysmon",
  "process_id": 8608,
  "thread_id": 19220,
  "record_number": "782",
  "event_data": {
    "Description": "Microsoft Windows 소켓 2.0 서비스 공급자",
    "SignatureStatus": "Valid",
    "Image": "C:\\Program Files\\Mozilla Firefox\\firefox.exe",
    "Signed": "true",
    "Company": "Microsoft Corporation",
    "Product": "Microsoft® Windows® Operating System",
    "FileVersion": "10.0.16299.15 (WinBuild.160101.0800)",
    "Signature": "Microsoft Windows",
    "Hashes": "MD5=E8730E42E6CF34C1FDABA4B631C14836,SHA256=474EC11DFC4CBE4A5C5ADA7C1E79E3E4573EF6947263FA212ACBAE4DD90AD29D",
    "UtcTime": "2018-03-05 07:32:40.841",
    "ProcessGuid": "{A376A8F6-F298-5A9C-0000-00104DED8803}",
    "ProcessId": "4084",
    "ImageLoaded": "C:\\Windows\\System32\\mswsock.dll"
  },
  "beat": {
    "name": "DESKTOP-WJANG",
    "hostname": "DESKTOP-WJANG",
    "version": "6.2.2"
  },
  "event_id": 7,
  "level": "정보",
  "opcode": "정보",
  "message": "Image loaded:\nUtcTime: 2018-03-05 07:32:40.841\nProcessGuid: {A376A8F6-F298-5A9C-0000-00104DED8803}\nProcessId: 4084\nImage: C:\\Program Files\\Mozilla Firefox\\firefox.exe\nImageLoaded: C:\\Windows\\System32\\mswsock.dll\nFileVersion: 10.0.16299.15 (WinBuild.160101.0800)\nDescription: Microsoft Windows 소켓 2.0 서비스 공급자\nProduct: Microsoft® Windows® Operating System\nCompany: Microsoft Corporation\nHashes: MD5=E8730E42E6CF34C1FDABA4B631C14836,SHA256=474EC11DFC4CBE4A5C5ADA7C1E79E3E4573EF6947263FA212ACBAE4DD90AD29D\nSigned: true\nSignature: Microsoft Windows\nSignatureStatus: Valid"
}
{
  "@timestamp": "2018-03-05T07:32:40.848Z",
  "@metadata": {
    "beat": "winlogbeat",
    "type": "doc",
    "version": "6.2.2"
  },
  "thread_id": 19220,
  "record_number": "783",
  "type": "wineventlog",
  "log_name": "Microsoft-Windows-Sysmon/Operational",
  "opcode": "정보",
  "user": {
    "identifier": "S-1-5-18",
    "name": "SYSTEM",
    "domain": "NT AUTHORITY",
    "type": "Well Known Group"
  },
  "source_name": "Microsoft-Windows-Sysmon",
  "provider_guid": "{5770385F-C22A-43E0-BF4C-06F5698FFBD9}",
  "beat": {
    "name": "DESKTOP-WJANG",
    "hostname": "DESKTOP-WJANG",
    "version": "6.2.2"
  },
  "message": "Image loaded:\nUtcTime: 2018-03-05 07:32:40.843\nProcessGuid: {A376A8F6-F298-5A9C-0000-00104DED8803}\nProcessId: 4084\nImage: C:\\Program Files\\Mozilla Firefox\\firefox.exe\nImageLoaded: C:\\Windows\\System32\\dnsapi.dll\nFileVersion: 10.0.16299.15 (WinBuild.160101.0800)\nDescription: DNS 클라이언트 API DLL\nProduct: Microsoft® Windows® Operating System\nCompany: Microsoft Corporation\nHashes: MD5=5AE3B789BC547BBBE2A876F587BE60F6,SHA256=16C91455044BEC95B325F46252A351E59F2A5606F7CBC20D5DC783143B00DB59\nSigned: true\nSignature: Microsoft Windows\nSignatureStatus: Valid",
  "event_id": 7,
  "task": "Image loaded (rule: ImageLoad)",
  "version": 3,
  "level": "정보",
  "event_data": {
    "Hashes": "MD5=5AE3B789BC547BBBE2A876F587BE60F6,SHA256=16C91455044BEC95B325F46252A351E59F2A5606F7CBC20D5DC783143B00DB59",
    "Product": "Microsoft® Windows® Operating System",
    "UtcTime": "2018-03-05 07:32:40.843",
    "ProcessGuid": "{A376A8F6-F298-5A9C-0000-00104DED8803}",
    "Image": "C:\\Program Files\\Mozilla Firefox\\firefox.exe",
    "Description": "DNS 클라이언트 API DLL",
    "FileVersion": "10.0.16299.15 (WinBuild.160101.0800)",
    "Signed": "true",
    "ProcessId": "4084",
    "Company": "Microsoft Corporation",
    "ImageLoaded": "C:\\Windows\\System32\\dnsapi.dll",
    "Signature": "Microsoft Windows",
    "SignatureStatus": "Valid"
  },
  "process_id": 8608,
  "computer_name": "DESKTOP-WJANG"
}
{
  "@timestamp": "2018-03-05T07:32:40.849Z",
  "@metadata": {
    "beat": "winlogbeat",
    "type": "doc",
    "version": "6.2.2"
  },
  "source_name": "Microsoft-Windows-Sysmon",
  "event_data": {
    "ProcessId": "4084",
    "Description": "NSI User-mode interface DLL",
    "Hashes": "MD5=98401A19C75B1E6E239A417905E1B00D,SHA256=B14AE1BD5A424305501593B3B199C4FA63EB8842FDFACEC050D77B3C5D32F260",
    "Product": "Microsoft® Windows® Operating System",
    "Signature": "Microsoft Windows",
    "Image": "C:\\Program Files\\Mozilla Firefox\\firefox.exe",
    "Company": "Microsoft Corporation",
    "SignatureStatus": "Valid",
    "UtcTime": "2018-03-05 07:32:40.843",
    "Signed": "true",
    "ImageLoaded": "C:\\Windows\\System32\\nsi.dll",
    "ProcessGuid": "{A376A8F6-F298-5A9C-0000-00104DED8803}",
    "FileVersion": "10.0.16299.15 (WinBuild.160101.0800)"
  },
  "event_id": 7,
  "provider_guid": "{5770385F-C22A-43E0-BF4C-06F5698FFBD9}",
  "user": {
    "identifier": "S-1-5-18",
    "name": "SYSTEM",
    "domain": "NT AUTHORITY",
    "type": "Well Known Group"
  },
  "log_name": "Microsoft-Windows-Sysmon/Operational",
  "level": "정보",
  "task": "Image loaded (rule: ImageLoad)",
  "process_id": 8608,
  "message": "Image loaded:\nUtcTime: 2018-03-05 07:32:40.843\nProcessGuid: {A376A8F6-F298-5A9C-0000-00104DED8803}\nProcessId: 4084\nImage: C:\\Program Files\\Mozilla Firefox\\firefox.exe\nImageLoaded: C:\\Windows\\System32\\nsi.dll\nFileVersion: 10.0.16299.15 (WinBuild.160101.0800)\nDescription: NSI User-mode interface DLL\nProduct: Microsoft® Windows® Operating System\nCompany: Microsoft Corporation\nHashes: MD5=98401A19C75B1E6E239A417905E1B00D,SHA256=B14AE1BD5A424305501593B3B199C4FA63EB8842FDFACEC050D77B3C5D32F260\nSigned: true\nSignature: Microsoft Windows\nSignatureStatus: Valid",
  "thread_id": 19220,
  "computer_name": "DESKTOP-WJANG",
  "version": 3,
  "record_number": "784",
  "beat": {
    "name": "DESKTOP-WJANG",
    "hostname": "DESKTOP-WJANG",
    "version": "6.2.2"
  },
  "type": "wineventlog",
  "opcode": "정보"
}
{
  "@timestamp": "2018-03-05T07:32:40.850Z",
  "@metadata": {
    "beat": "winlogbeat",
    "type": "doc",
    "version": "6.2.2"
  },
  "event_id": 7,
  "version": 3,
  "record_number": "785",
  "user": {
    "type": "Well Known Group",
    "identifier": "S-1-5-18",
    "name": "SYSTEM",
    "domain": "NT AUTHORITY"
  },
  "computer_name": "DESKTOP-WJANG",
  "beat": {
    "name": "DESKTOP-WJANG",
    "hostname": "DESKTOP-WJANG",
    "version": "6.2.2"
  },
  "opcode": "정보",
  "type": "wineventlog",
  "source_name": "Microsoft-Windows-Sysmon",
  "level": "정보",
  "task": "Image loaded (rule: ImageLoad)",
  "log_name": "Microsoft-Windows-Sysmon/Operational",
  "process_id": 8608,
  "provider_guid": "{5770385F-C22A-43E0-BF4C-06F5698FFBD9}",
  "thread_id": 19220,
  "message": "Image loaded:\nUtcTime: 2018-03-05 07:32:40.846\nProcessGuid: {A376A8F6-F298-5A9C-0000-00104DED8803}\nProcessId: 4084\nImage: C:\\Program Files\\Mozilla Firefox\\firefox.exe\nImageLoaded: C:\\Windows\\System32\\winrnr.dll\nFileVersion: 10.0.16299.15 (WinBuild.160101.0800)\nDescription: LDAP RnR Provider DLL\nProduct: Microsoft® Windows® Operating System\nCompany: Microsoft Corporation\nHashes: MD5=5B09ACA04311D896893C9F98A4BE67CA,SHA256=0074CB266C02B594BFDEB1545B7329137EF0E4995CE3F8E9376E8BB3622C23FF\nSigned: true\nSignature: Microsoft Windows\nSignatureStatus: Valid",
  "event_data": {
    "Image": "C:\\Program Files\\Mozilla Firefox\\firefox.exe",
    "Company": "Microsoft Corporation",
    "SignatureStatus": "Valid",
    "UtcTime": "2018-03-05 07:32:40.846",
    "FileVersion": "10.0.16299.15 (WinBuild.160101.0800)",
    "ProcessGuid": "{A376A8F6-F298-5A9C-0000-00104DED8803}",
    "Description": "LDAP RnR Provider DLL",
    "Signature": "Microsoft Windows",
    "ProcessId": "4084",
    "Hashes": "MD5=5B09ACA04311D896893C9F98A4BE67CA,SHA256=0074CB266C02B594BFDEB1545B7329137EF0E4995CE3F8E9376E8BB3622C23FF",
    "ImageLoaded": "C:\\Windows\\System32\\winrnr.dll",
    "Product": "Microsoft® Windows® Operating System",
    "Signed": "true"
  }
}
{
  "@timestamp": "2018-03-05T07:32:40.898Z",
  "@metadata": {
    "beat": "winlogbeat",
    "type": "doc",
    "version": "6.2.2"
  },
  "type": "wineventlog",
  "provider_guid": "{5770385F-C22A-43E0-BF4C-06F5698FFBD9}",
  "task": "Image loaded (rule: ImageLoad)",
  "process_id": 8608,
  "event_data": {
    "ProcessGuid": "{A376A8F6-F298-5A9C-0000-001071788803}",
    "ProcessId": "25364",
    "Description": "Microsoft D2D 라이브러리",
    "Signature": "Microsoft Windows",
    "Hashes": "MD5=E382AB3FCE59336CDEF152B897B7364C,SHA256=84DBC3FACAA02D04D463D49616B490F65FD0057665F7C1BFD518E1AA05624791",
    "UtcTime": "2018-03-05 07:32:40.383",
    "SignatureStatus": "Valid",
    "FileVersion": "10.0.16299.15 (WinBuild.160101.0800)",
    "ImageLoaded": "C:\\Windows\\System32\\d2d1.dll",
    "Company": "Microsoft Corporation",
    "Signed": "true",
    "Product": "Microsoft® Windows® Operating System",
    "Image": "C:\\Program Files\\Mozilla Firefox\\firefox.exe"
  },
  "log_name": "Microsoft-Windows-Sysmon/Operational",
  "thread_id": 23584,
  "user": {
    "type": "Well Known Group",
    "identifier": "S-1-5-18",
    "name": "SYSTEM",
    "domain": "NT AUTHORITY"
  },
  "record_number": "786",
  "level": "정보",
  "version": 3,
  "beat": {
    "hostname": "DESKTOP-WJANG",
    "version": "6.2.2",
    "name": "DESKTOP-WJANG"
  },
  "source_name": "Microsoft-Windows-Sysmon",
  "message": "Image loaded:\nUtcTime: 2018-03-05 07:32:40.383\nProcessGuid: {A376A8F6-F298-5A9C-0000-001071788803}\nProcessId: 25364\nImage: C:\\Program Files\\Mozilla Firefox\\firefox.exe\nImageLoaded: C:\\Windows\\System32\\d2d1.dll\nFileVersion: 10.0.16299.15 (WinBuild.160101.0800)\nDescription: Microsoft D2D 라이브러리\nProduct: Microsoft® Windows® Operating System\nCompany: Microsoft Corporation\nHashes: MD5=E382AB3FCE59336CDEF152B897B7364C,SHA256=84DBC3FACAA02D04D463D49616B490F65FD0057665F7C1BFD518E1AA05624791\nSigned: true\nSignature: Microsoft Windows\nSignatureStatus: Valid",
  "computer_name": "DESKTOP-WJANG",
  "opcode": "정보",
  "event_id": 7
}
{
  "@timestamp": "2018-03-05T07:32:40.899Z",
  "@metadata": {
    "beat": "winlogbeat",
    "type": "doc",
    "version": "6.2.2"
  },
  "task": "Image loaded (rule: ImageLoad)",
  "message": "Image loaded:\nUtcTime: 2018-03-05 07:32:40.187\nProcessGuid: {A376A8F6-F297-5A9C-0000-00104D2C8803}\nProcessId: 4624\nImage: C:\\Program Files\\Mozilla Firefox\\firefox.exe\nImageLoaded: C:\\Windows\\System32\\d2d1.dll\nFileVersion: 10.0.16299.15 (WinBuild.160101.0800)\nDescription: Microsoft D2D 라이브러리\nProduct: Microsoft® Windows® Operating System\nCompany: Microsoft Corporation\nHashes: MD5=E382AB3FCE59336CDEF152B897B7364C,SHA256=84DBC3FACAA02D04D463D49616B490F65FD0057665F7C1BFD518E1AA05624791\nSigned: true\nSignature: Microsoft Windows\nSignatureStatus: Valid",
  "version": 3,
  "beat": {
    "name": "DESKTOP-WJANG",
    "hostname": "DESKTOP-WJANG",
    "version": "6.2.2"
  },
  "provider_guid": "{5770385F-C22A-43E0-BF4C-06F5698FFBD9}",
  "event_data": {
    "UtcTime": "2018-03-05 07:32:40.187",
    "Image": "C:\\Program Files\\Mozilla Firefox\\firefox.exe",
    "Description": "Microsoft D2D 라이브러리",
    "Signature": "Microsoft Windows",
    "Signed": "true",
    "Product": "Microsoft® Windows® Operating System",
    "Company": "Microsoft Corporation",
    "Hashes": "MD5=E382AB3FCE59336CDEF152B897B7364C,SHA256=84DBC3FACAA02D04D463D49616B490F65FD0057665F7C1BFD518E1AA05624791",
    "ProcessGuid": "{A376A8F6-F297-5A9C-0000-00104D2C8803}",
    "SignatureStatus": "Valid",
    "ProcessId": "4624",
    "ImageLoaded": "C:\\Windows\\System32\\d2d1.dll",
    "FileVersion": "10.0.16299.15 (WinBuild.160101.0800)"
  },
  "user": {
    "identifier": "S-1-5-18",
    "name": "SYSTEM",
    "domain": "NT AUTHORITY",
    "type": "Well Known Group"
  },
  "opcode": "정보",
  "source_name": "Microsoft-Windows-Sysmon",
  "event_id": 7,
  "log_name": "Microsoft-Windows-Sysmon/Operational",
  "computer_name": "DESKTOP-WJANG",
  "level": "정보",
  "thread_id": 23584,
  "record_number": "787",
  "process_id": 8608,
  "type": "wineventlog"
}
{
  "@timestamp": "2018-03-05T07:32:40.920Z",
  "@metadata": {
    "beat": "winlogbeat",
    "type": "doc",
    "version": "6.2.2"
  },
  "task": "Image loaded (rule: ImageLoad)",
  "source_name": "Microsoft-Windows-Sysmon",
  "process_id": 8608,
  "event_data": {
    "ProcessGuid": "{A376A8F6-F298-5A9C-0000-00104DED8803}",
    "ProcessId": "4084",
    "UtcTime": "2018-03-05 07:32:40.917",
    "SignatureStatus": "Valid",
    "Image": "C:\\Program Files\\Mozilla Firefox\\firefox.exe",
    "ImageLoaded": "C:\\Windows\\System32\\userenv.dll",
    "Company": "Microsoft Corporation",
    "Signature": "Microsoft Windows",
    "Hashes": "MD5=039F6F9C681BBDE16506DB4F0F270367,SHA256=CD5A8134448CD162A12B622710DC45AD42A9E7750F72EA679B1049E61EBF7537",
    "Product": "Microsoft® Windows® Operating System",
    "Signed": "true",
    "Description": "Userenv",
    "FileVersion": "10.0.16299.15 (WinBuild.160101.0800)"
  },
  "computer_name": "DESKTOP-WJANG",
  "log_name": "Microsoft-Windows-Sysmon/Operational",
  "provider_guid": "{5770385F-C22A-43E0-BF4C-06F5698FFBD9}",
  "thread_id": 19220,
  "beat": {
    "hostname": "DESKTOP-WJANG",
    "version": "6.2.2",
    "name": "DESKTOP-WJANG"
  },
  "opcode": "정보",
  "message": "Image loaded:\nUtcTime: 2018-03-05 07:32:40.917\nProcessGuid: {A376A8F6-F298-5A9C-0000-00104DED8803}\nProcessId: 4084\nImage: C:\\Program Files\\Mozilla Firefox\\firefox.exe\nImageLoaded: C:\\Windows\\System32\\userenv.dll\nFileVersion: 10.0.16299.15 (WinBuild.160101.0800)\nDescription: Userenv\nProduct: Microsoft® Windows® Operating System\nCompany: Microsoft Corporation\nHashes: MD5=039F6F9C681BBDE16506DB4F0F270367,SHA256=CD5A8134448CD162A12B622710DC45AD42A9E7750F72EA679B1049E61EBF7537\nSigned: true\nSignature: Microsoft Windows\nSignatureStatus: Valid",
  "level": "정보",
  "user": {
    "domain": "NT AUTHORITY",
    "type": "Well Known Group",
    "identifier": "S-1-5-18",
    "name": "SYSTEM"
  },
  "version": 3,
  "type": "wineventlog",
  "event_id": 7,
  "record_number": "788"
}
{
  "@timestamp": "2018-03-05T07:32:40.922Z",
  "@metadata": {
    "beat": "winlogbeat",
    "type": "doc",
    "version": "6.2.2"
  },
  "opcode": "정보",
  "user": {
    "identifier": "S-1-5-18",
    "name": "SYSTEM",
    "domain": "NT AUTHORITY",
    "type": "Well Known Group"
  },
  "source_name": "Microsoft-Windows-Sysmon",
  "version": 3,
  "record_number": "789",
  "event_data": {
    "ImageLoaded": "C:\\Windows\\System32\\IME\\shared\\IMJKAPI.DLL",
    "SignatureStatus": "Valid",
    "Image": "C:\\Program Files\\Mozilla Firefox\\firefox.exe",
    "FileVersion": "10.0.16299.15 (WinBuild.160101.0800)",
    "ProcessGuid": "{A376A8F6-F294-5A9C-0000-001052E48503}",
    "Signature": "Microsoft Windows",
    "Hashes": "MD5=BA851464453A283FE2762E4CC85A748E,SHA256=51AEC4CF1587B55A836EAF3D151FAE214AF1580E0A9A5D8541E72C3D4FCD2D1A",
    "Signed": "true",
    "UtcTime": "2018-03-05 07:32:40.192",
    "Product": "Microsoft® Windows® Operating System",
    "ProcessId": "17704",
    "Company": "Microsoft Corporation",
    "Description": "Microsoft IME"
  },
  "message": "Image loaded:\nUtcTime: 2018-03-05 07:32:40.192\nProcessGuid: {A376A8F6-F294-5A9C-0000-001052E48503}\nProcessId: 17704\nImage: C:\\Program Files\\Mozilla Firefox\\firefox.exe\nImageLoaded: C:\\Windows\\System32\\IME\\shared\\IMJKAPI.DLL\nFileVersion: 10.0.16299.15 (WinBuild.160101.0800)\nDescription: Microsoft IME\nProduct: Microsoft® Windows® Operating System\nCompany: Microsoft Corporation\nHashes: MD5=BA851464453A283FE2762E4CC85A748E,SHA256=51AEC4CF1587B55A836EAF3D151FAE214AF1580E0A9A5D8541E72C3D4FCD2D1A\nSigned: true\nSignature: Microsoft Windows\nSignatureStatus: Valid",
  "thread_id": 23584,
  "log_name": "Microsoft-Windows-Sysmon/Operational",
  "type": "wineventlog",
  "level": "정보",
  "process_id": 8608,
  "provider_guid": "{5770385F-C22A-43E0-BF4C-06F5698FFBD9}",
  "event_id": 7,
  "computer_name": "DESKTOP-WJANG",
  "beat": {
    "hostname": "DESKTOP-WJANG",
    "version": "6.2.2",
    "name": "DESKTOP-WJANG"
  },
  "task": "Image loaded (rule: ImageLoad)"
}
{
  "@timestamp": "2018-03-05T07:32:40.923Z",
  "@metadata": {
    "beat": "winlogbeat",
    "type": "doc",
    "version": "6.2.2"
  },
  "message": "Image loaded:\nUtcTime: 2018-03-05 07:32:40.922\nProcessGuid: {A376A8F6-F298-5A9C-0000-00104DED8803}\nProcessId: 4084\nImage: C:\\Program Files\\Mozilla Firefox\\firefox.exe\nImageLoaded: C:\\Windows\\System32\\sspicli.dll\nFileVersion: 10.0.16299.192 (WinBuild.160101.0800)\nDescription: Security Support Provider Interface\nProduct: Microsoft® Windows® Operating System\nCompany: Microsoft Corporation\nHashes: MD5=DA79FF89E5CEAC6C86818D70CE8670D8,SHA256=9A5BFE13D96AF58131514F8227022F41B7BA6B60689FCBED50393B5EBCAD634E\nSigned: true\nSignature: Microsoft Windows\nSignatureStatus: Valid",
  "version": 3,
  "type": "wineventlog",
  "record_number": "790",
  "level": "정보",
  "opcode": "정보",
  "event_data": {
    "ProcessId": "4084",
    "ImageLoaded": "C:\\Windows\\System32\\sspicli.dll",
    "UtcTime": "2018-03-05 07:32:40.922",
    "Signed": "true",
    "Description": "Security Support Provider Interface",
    "Image": "C:\\Program Files\\Mozilla Firefox\\firefox.exe",
    "Signature": "Microsoft Windows",
    "ProcessGuid": "{A376A8F6-F298-5A9C-0000-00104DED8803}",
    "Product": "Microsoft® Windows® Operating System",
    "Company": "Microsoft Corporation",
    "Hashes": "MD5=DA79FF89E5CEAC6C86818D70CE8670D8,SHA256=9A5BFE13D96AF58131514F8227022F41B7BA6B60689FCBED50393B5EBCAD634E",
    "SignatureStatus": "Valid",
    "FileVersion": "10.0.16299.192 (WinBuild.160101.0800)"
  },
  "computer_name": "DESKTOP-WJANG",
  "beat": {
    "name": "DESKTOP-WJANG",
    "hostname": "DESKTOP-WJANG",
    "version": "6.2.2"
  },
  "user": {
    "type": "Well Known Group",
    "identifier": "S-1-5-18",
    "name": "SYSTEM",
    "domain": "NT AUTHORITY"
  },
  "event_id": 7,
  "provider_guid": "{5770385F-C22A-43E0-BF4C-06F5698FFBD9}",
  "process_id": 8608,
  "source_name": "Microsoft-Windows-Sysmon",
  "task": "Image loaded (rule: ImageLoad)",
  "log_name": "Microsoft-Windows-Sysmon/Operational",
  "thread_id": 19220
}
{
  "@timestamp": "2018-03-05T07:32:40.935Z",
  "@metadata": {
    "beat": "winlogbeat",
    "type": "doc",
    "version": "6.2.2"
  },
  "event_id": 7,
  "process_id": 8608,
  "log_name": "Microsoft-Windows-Sysmon/Operational",
  "thread_id": 23584,
  "beat": {
    "name": "DESKTOP-WJANG",
    "hostname": "DESKTOP-WJANG",
    "version": "6.2.2"
  },
  "level": "정보",
  "record_number": "791",
  "opcode": "정보",
  "version": 3,
  "type": "wineventlog",
  "computer_name": "DESKTOP-WJANG",
  "event_data": {
    "Product": "Microsoft® Windows® Operating System",
    "ImageLoaded": "C:\\Windows\\System32\\xmllite.dll",
    "Signed": "true",
    "Description": "Microsoft XmlLite Library",
    "Signature": "Microsoft Windows",
    "FileVersion": "10.0.16299.15 (WinBuild.160101.0800)",
    "ProcessGuid": "{A376A8F6-F298-5A9C-0000-001071788803}",
    "ProcessId": "25364",
    "Company": "Microsoft Corporation",
    "UtcTime": "2018-03-05 07:32:40.385",
    "SignatureStatus": "Valid",
    "Image": "C:\\Program Files\\Mozilla Firefox\\firefox.exe",
    "Hashes": "MD5=96E1B476480361055F6D6E7EDE11B905,SHA256=35870355BDB80A32349F81411134266AB3854BD3B02467A907DB62D3525CF9C0"
  },
  "source_name": "Microsoft-Windows-Sysmon",
  "task": "Image loaded (rule: ImageLoad)",
  "provider_guid": "{5770385F-C22A-43E0-BF4C-06F5698FFBD9}",
  "message": "Image loaded:\nUtcTime: 2018-03-05 07:32:40.385\nProcessGuid: {A376A8F6-F298-5A9C-0000-001071788803}\nProcessId: 25364\nImage: C:\\Program Files\\Mozilla Firefox\\firefox.exe\nImageLoaded: C:\\Windows\\System32\\xmllite.dll\nFileVersion: 10.0.16299.15 (WinBuild.160101.0800)\nDescription: Microsoft XmlLite Library\nProduct: Microsoft® Windows® Operating System\nCompany: Microsoft Corporation\nHashes: MD5=96E1B476480361055F6D6E7EDE11B905,SHA256=35870355BDB80A32349F81411134266AB3854BD3B02467A907DB62D3525CF9C0\nSigned: true\nSignature: Microsoft Windows\nSignatureStatus: Valid",
  "user": {
    "identifier": "S-1-5-18",
    "name": "SYSTEM",
    "domain": "NT AUTHORITY",
    "type": "Well Known Group"
  }
}
